[2025-07-07T14:06:33.858+0200] {local_task_job_runner.py:120} INFO - ::group::Pre task execution logs
[2025-07-07T14:06:33.869+0200] {taskinstance.py:2073} INFO - Dependencies all met for dep_context=non-requeueable deps ti=<TaskInstance: macro_trading_dag.format_indicators_data manual__2025-07-07T12:06:16.120862+00:00 [queued]>
[2025-07-07T14:06:33.873+0200] {taskinstance.py:2073} INFO - Dependencies all met for dep_context=requeueable deps ti=<TaskInstance: macro_trading_dag.format_indicators_data manual__2025-07-07T12:06:16.120862+00:00 [queued]>
[2025-07-07T14:06:33.873+0200] {taskinstance.py:2303} INFO - Starting attempt 1 of 3
[2025-07-07T14:06:33.891+0200] {taskinstance.py:2327} INFO - Executing <Task(PythonOperator): format_indicators_data> on 2025-07-07 12:06:16.120862+00:00
[2025-07-07T14:06:33.899+0200] {standard_task_runner.py:90} INFO - Running: ['airflow', 'tasks', 'run', 'macro_trading_dag', 'format_indicators_data', 'manual__2025-07-07T12:06:16.120862+00:00', '--job-id', '700', '--raw', '--subdir', 'DAGS_FOLDER/macro_trading_dag.py', '--cfg-path', '/tmp/tmpxpp6k4ro']
[2025-07-07T14:06:33.900+0200] {standard_task_runner.py:91} INFO - Job 700: Subtask format_indicators_data
[2025-07-07T14:06:33.904+0200] {logging_mixin.py:188} WARNING - /home/leoja/airflow/airflow_venv/lib/python3.12/site-packages/airflow/task/task_runner/standard_task_runner.py:61 DeprecationWarning: This process (pid=20846) is multi-threaded, use of fork() may lead to deadlocks in the child.
[2025-07-07T14:06:33.904+0200] {standard_task_runner.py:63} INFO - Started process 20859 to run task
[2025-07-07T14:06:33.945+0200] {task_command.py:426} INFO - Running <TaskInstance: macro_trading_dag.format_indicators_data manual__2025-07-07T12:06:16.120862+00:00 [running]> on host N15I711-16GR512.localdomain
[2025-07-07T14:06:34.026+0200] {taskinstance.py:2644} INFO - Exporting env vars: AIRFLOW_CTX_DAG_OWNER='airflow' AIRFLOW_CTX_DAG_ID='macro_trading_dag' AIRFLOW_CTX_TASK_ID='format_indicators_data' AIRFLOW_CTX_EXECUTION_DATE='2025-07-07T12:06:16.120862+00:00' AIRFLOW_CTX_TRY_NUMBER='1' AIRFLOW_CTX_DAG_RUN_ID='manual__2025-07-07T12:06:16.120862+00:00'
[2025-07-07T14:06:34.027+0200] {taskinstance.py:430} INFO - ::endgroup::
[2025-07-07T14:06:34.028+0200] {logging_mixin.py:188} INFO - → format_and_clean_data: on lit le fichier CSV : /home/leoja/airflow/data/combined_indicators.csv
[2025-07-07T14:06:34.045+0200] {logging_mixin.py:188} INFO -    Colonnes lues dans df : ['date', 'INFLATION', 'UNEMPLOYMENT', 'CONSUMER_SENTIMENT', 'High_Yield_Bond_SPREAD', '10-2Year_Treasury_Yield_Bond', 'TAUX_FED', 'Real_Gross_Domestic_Product']
[2025-07-07T14:06:34.057+0200] {logging_mixin.py:188} WARNING - /home/leoja/airflow/dags/macro_trading_dag.py:211 FutureWarning: 'M' is deprecated and will be removed in a future version, please use 'ME' instead.
[2025-07-07T14:06:34.123+0200] {logging_mixin.py:188} INFO - Données Indicators mensuelles nettoyées sauvegardées: /home/leoja/airflow/data/Indicators.parquet
[2025-07-07T14:06:34.133+0200] {logging_mixin.py:188} INFO -            date  INFLATION  ...  TAUX_FED  Real_Gross_Domestic_Product
242  2025-03-31    319.615  ...      4.33                    23528.047
243  2025-04-30    320.321  ...      4.33                    23528.047
244  2025-05-31    320.580  ...      4.33                    23528.047
245  2025-06-30    320.580  ...      4.33                    23528.047
246  2025-07-31    320.580  ...      4.33                    23528.047

[5 rows x 8 columns]
[2025-07-07T14:06:34.133+0200] {python.py:237} INFO - Done. Returned value was: /home/leoja/airflow/data/Indicators.parquet
[2025-07-07T14:06:34.133+0200] {taskinstance.py:441} INFO - ::group::Post task execution logs
[2025-07-07T14:06:34.151+0200] {taskinstance.py:1205} INFO - Marking task as SUCCESS. dag_id=macro_trading_dag, task_id=format_indicators_data, execution_date=20250707T120616, start_date=20250707T120633, end_date=20250707T120634
[2025-07-07T14:06:34.199+0200] {local_task_job_runner.py:240} INFO - Task exited with return code 0
[2025-07-07T14:06:34.216+0200] {taskinstance.py:3482} INFO - 1 downstream tasks scheduled from follow-on schedule check
[2025-07-07T14:06:34.224+0200] {local_task_job_runner.py:222} INFO - ::endgroup::
