[2025-06-12T18:23:19.809+0200] {local_task_job_runner.py:120} INFO - ::group::Pre task execution logs
[2025-06-12T18:23:19.820+0200] {taskinstance.py:2073} INFO - Dependencies all met for dep_context=non-requeueable deps ti=<TaskInstance: macro_trading_dag.compute_economic_quadrants scheduled__2025-06-11T08:00:00+00:00 [queued]>
[2025-06-12T18:23:19.823+0200] {taskinstance.py:2073} INFO - Dependencies all met for dep_context=requeueable deps ti=<TaskInstance: macro_trading_dag.compute_economic_quadrants scheduled__2025-06-11T08:00:00+00:00 [queued]>
[2025-06-12T18:23:19.823+0200] {taskinstance.py:2303} INFO - Starting attempt 2 of 3
[2025-06-12T18:23:19.835+0200] {taskinstance.py:2327} INFO - Executing <Task(SparkSubmitOperator): compute_economic_quadrants> on 2025-06-11 08:00:00+00:00
[2025-06-12T18:23:19.848+0200] {standard_task_runner.py:90} INFO - Running: ['airflow', 'tasks', 'run', 'macro_trading_dag', 'compute_economic_quadrants', 'scheduled__2025-06-11T08:00:00+00:00', '--job-id', '487', '--raw', '--subdir', 'DAGS_FOLDER/macro_trading_dag.py', '--cfg-path', '/tmp/tmpx2utp11q']
[2025-06-12T18:23:19.849+0200] {standard_task_runner.py:91} INFO - Job 487: Subtask compute_economic_quadrants
[2025-06-12T18:23:19.855+0200] {logging_mixin.py:188} WARNING - /home/leoja/airflow/airflow_venv/lib/python3.12/site-packages/airflow/task/task_runner/standard_task_runner.py:61 DeprecationWarning: This process (pid=392224) is multi-threaded, use of fork() may lead to deadlocks in the child.
[2025-06-12T18:23:19.856+0200] {standard_task_runner.py:63} INFO - Started process 392338 to run task
[2025-06-12T18:23:19.888+0200] {task_command.py:426} INFO - Running <TaskInstance: macro_trading_dag.compute_economic_quadrants scheduled__2025-06-11T08:00:00+00:00 [running]> on host N15I711-16GR512.localdomain
[2025-06-12T18:23:19.944+0200] {taskinstance.py:2644} INFO - Exporting env vars: AIRFLOW_CTX_DAG_OWNER='airflow' AIRFLOW_CTX_DAG_ID='macro_trading_dag' AIRFLOW_CTX_TASK_ID='compute_economic_quadrants' AIRFLOW_CTX_EXECUTION_DATE='2025-06-11T08:00:00+00:00' AIRFLOW_CTX_TRY_NUMBER='2' AIRFLOW_CTX_DAG_RUN_ID='scheduled__2025-06-11T08:00:00+00:00'
[2025-06-12T18:23:19.946+0200] {taskinstance.py:430} INFO - ::endgroup::
[2025-06-12T18:23:19.949+0200] {base.py:84} INFO - Using connection ID 'spark_local' for task execution.
[2025-06-12T18:23:19.950+0200] {spark_submit.py:351} INFO - Spark-Submit cmd: spark-submit --master local[*] --conf spark.pyspark.python=/home/leoja/airflow_venv/bin/python --conf spark.pyspark.driver.python=/home/leoja/airflow_venv/bin/python --name compute_economic_quadrants /home/leoja/airflow/spark_jobs/compute_quadrants.py /home/leoja/airflow/data/Indicators.parquet /home/leoja/airflow/data/quadrants.parquet /home/leoja/airflow/data/quadrants.csv
[2025-06-12T18:23:21.051+0200] {spark_submit.py:521} INFO - 25/06/12 18:23:21 WARN Utils: Your hostname, N15I711-16GR512 resolves to a loopback address: 127.0.1.1; using 10.255.255.254 instead (on interface lo)
[2025-06-12T18:23:21.053+0200] {spark_submit.py:521} INFO - 25/06/12 18:23:21 WARN Utils: Set SPARK_LOCAL_IP if you need to bind to another address
[2025-06-12T18:23:21.992+0200] {spark_submit.py:521} INFO - 25/06/12 18:23:21 INFO SparkContext: Running Spark version 3.5.5
[2025-06-12T18:23:21.993+0200] {spark_submit.py:521} INFO - 25/06/12 18:23:21 INFO SparkContext: OS info Linux, 6.6.87.1-microsoft-standard-WSL2, amd64
[2025-06-12T18:23:21.993+0200] {spark_submit.py:521} INFO - 25/06/12 18:23:21 INFO SparkContext: Java version 17.0.15
[2025-06-12T18:23:22.078+0200] {spark_submit.py:521} INFO - 25/06/12 18:23:22 WARN NativeCodeLoader: Unable to load native-hadoop library for your platform... using builtin-java classes where applicable
[2025-06-12T18:23:22.196+0200] {spark_submit.py:521} INFO - 25/06/12 18:23:22 INFO ResourceUtils: ==============================================================
[2025-06-12T18:23:22.197+0200] {spark_submit.py:521} INFO - 25/06/12 18:23:22 INFO ResourceUtils: No custom resources configured for spark.driver.
[2025-06-12T18:23:22.197+0200] {spark_submit.py:521} INFO - 25/06/12 18:23:22 INFO ResourceUtils: ==============================================================
[2025-06-12T18:23:22.197+0200] {spark_submit.py:521} INFO - 25/06/12 18:23:22 INFO SparkContext: Submitted application: ComputeEconomicQuadrants
[2025-06-12T18:23:22.220+0200] {spark_submit.py:521} INFO - 25/06/12 18:23:22 INFO ResourceProfile: Default ResourceProfile created, executor resources: Map(cores -> name: cores, amount: 1, script: , vendor: , memory -> name: memory, amount: 1024, script: , vendor: , offHeap -> name: offHeap, amount: 0, script: , vendor: ), task resources: Map(cpus -> name: cpus, amount: 1.0)
[2025-06-12T18:23:22.226+0200] {spark_submit.py:521} INFO - 25/06/12 18:23:22 INFO ResourceProfile: Limiting resource is cpu
[2025-06-12T18:23:22.227+0200] {spark_submit.py:521} INFO - 25/06/12 18:23:22 INFO ResourceProfileManager: Added ResourceProfile id: 0
[2025-06-12T18:23:22.300+0200] {spark_submit.py:521} INFO - 25/06/12 18:23:22 INFO SecurityManager: Changing view acls to: leoja
[2025-06-12T18:23:22.301+0200] {spark_submit.py:521} INFO - 25/06/12 18:23:22 INFO SecurityManager: Changing modify acls to: leoja
[2025-06-12T18:23:22.302+0200] {spark_submit.py:521} INFO - 25/06/12 18:23:22 INFO SecurityManager: Changing view acls groups to:
[2025-06-12T18:23:22.302+0200] {spark_submit.py:521} INFO - 25/06/12 18:23:22 INFO SecurityManager: Changing modify acls groups to:
[2025-06-12T18:23:22.303+0200] {spark_submit.py:521} INFO - 25/06/12 18:23:22 INFO SecurityManager: SecurityManager: authentication disabled; ui acls disabled; users with view permissions: leoja; groups with view permissions: EMPTY; users with modify permissions: leoja; groups with modify permissions: EMPTY
[2025-06-12T18:23:22.600+0200] {spark_submit.py:521} INFO - 25/06/12 18:23:22 INFO Utils: Successfully started service 'sparkDriver' on port 33053.
[2025-06-12T18:23:22.657+0200] {spark_submit.py:521} INFO - 25/06/12 18:23:22 INFO SparkEnv: Registering MapOutputTracker
[2025-06-12T18:23:22.704+0200] {spark_submit.py:521} INFO - 25/06/12 18:23:22 INFO SparkEnv: Registering BlockManagerMaster
[2025-06-12T18:23:22.737+0200] {spark_submit.py:521} INFO - 25/06/12 18:23:22 INFO BlockManagerMasterEndpoint: Using org.apache.spark.storage.DefaultTopologyMapper for getting topology information
[2025-06-12T18:23:22.738+0200] {spark_submit.py:521} INFO - 25/06/12 18:23:22 INFO BlockManagerMasterEndpoint: BlockManagerMasterEndpoint up
[2025-06-12T18:23:22.744+0200] {spark_submit.py:521} INFO - 25/06/12 18:23:22 INFO SparkEnv: Registering BlockManagerMasterHeartbeat
[2025-06-12T18:23:22.775+0200] {spark_submit.py:521} INFO - 25/06/12 18:23:22 INFO DiskBlockManager: Created local directory at /tmp/blockmgr-7f505c54-26b3-4546-bc0e-e3595b3e3a43
[2025-06-12T18:23:22.788+0200] {spark_submit.py:521} INFO - 25/06/12 18:23:22 INFO MemoryStore: MemoryStore started with capacity 434.4 MiB
[2025-06-12T18:23:22.807+0200] {spark_submit.py:521} INFO - 25/06/12 18:23:22 INFO SparkEnv: Registering OutputCommitCoordinator
[2025-06-12T18:23:22.961+0200] {spark_submit.py:521} INFO - 25/06/12 18:23:22 INFO JettyUtils: Start Jetty 0.0.0.0:4040 for SparkUI
[2025-06-12T18:23:23.032+0200] {spark_submit.py:521} INFO - 25/06/12 18:23:23 INFO Utils: Successfully started service 'SparkUI' on port 4040.
[2025-06-12T18:23:23.132+0200] {spark_submit.py:521} INFO - 25/06/12 18:23:23 INFO Executor: Starting executor ID driver on host 10.255.255.254
[2025-06-12T18:23:23.133+0200] {spark_submit.py:521} INFO - 25/06/12 18:23:23 INFO Executor: OS info Linux, 6.6.87.1-microsoft-standard-WSL2, amd64
[2025-06-12T18:23:23.133+0200] {spark_submit.py:521} INFO - 25/06/12 18:23:23 INFO Executor: Java version 17.0.15
[2025-06-12T18:23:23.138+0200] {spark_submit.py:521} INFO - 25/06/12 18:23:23 INFO Executor: Starting executor with user classpath (userClassPathFirst = false): ''
[2025-06-12T18:23:23.138+0200] {spark_submit.py:521} INFO - 25/06/12 18:23:23 INFO Executor: Created or updated repl class loader org.apache.spark.util.MutableURLClassLoader@54455cc6 for default.
[2025-06-12T18:23:23.159+0200] {spark_submit.py:521} INFO - 25/06/12 18:23:23 INFO Utils: Successfully started service 'org.apache.spark.network.netty.NettyBlockTransferService' on port 38639.
[2025-06-12T18:23:23.159+0200] {spark_submit.py:521} INFO - 25/06/12 18:23:23 INFO NettyBlockTransferService: Server created on 10.255.255.254:38639
[2025-06-12T18:23:23.162+0200] {spark_submit.py:521} INFO - 25/06/12 18:23:23 INFO BlockManager: Using org.apache.spark.storage.RandomBlockReplicationPolicy for block replication policy
[2025-06-12T18:23:23.170+0200] {spark_submit.py:521} INFO - 25/06/12 18:23:23 INFO BlockManagerMaster: Registering BlockManager BlockManagerId(driver, 10.255.255.254, 38639, None)
[2025-06-12T18:23:23.173+0200] {spark_submit.py:521} INFO - 25/06/12 18:23:23 INFO BlockManagerMasterEndpoint: Registering block manager 10.255.255.254:38639 with 434.4 MiB RAM, BlockManagerId(driver, 10.255.255.254, 38639, None)
[2025-06-12T18:23:23.175+0200] {spark_submit.py:521} INFO - 25/06/12 18:23:23 INFO BlockManagerMaster: Registered BlockManager BlockManagerId(driver, 10.255.255.254, 38639, None)
[2025-06-12T18:23:23.176+0200] {spark_submit.py:521} INFO - 25/06/12 18:23:23 INFO BlockManager: Initialized BlockManager: BlockManagerId(driver, 10.255.255.254, 38639, None)
[2025-06-12T18:23:23.783+0200] {spark_submit.py:521} INFO - 25/06/12 18:23:23 INFO SharedState: Setting hive.metastore.warehouse.dir ('null') to the value of spark.sql.warehouse.dir.
[2025-06-12T18:23:23.792+0200] {spark_submit.py:521} INFO - 25/06/12 18:23:23 INFO SharedState: Warehouse path is 'file:/home/leoja/airflow/airflow_venv/spark-warehouse'.
[2025-06-12T18:23:24.794+0200] {spark_submit.py:521} INFO - 25/06/12 18:23:24 INFO InMemoryFileIndex: It took 55 ms to list leaf files for 1 paths.
[2025-06-12T18:23:25.309+0200] {spark_submit.py:521} INFO - 25/06/12 18:23:25 INFO SparkContext: Starting job: parquet at NativeMethodAccessorImpl.java:0
[2025-06-12T18:23:25.327+0200] {spark_submit.py:521} INFO - 25/06/12 18:23:25 INFO DAGScheduler: Got job 0 (parquet at NativeMethodAccessorImpl.java:0) with 1 output partitions
[2025-06-12T18:23:25.327+0200] {spark_submit.py:521} INFO - 25/06/12 18:23:25 INFO DAGScheduler: Final stage: ResultStage 0 (parquet at NativeMethodAccessorImpl.java:0)
[2025-06-12T18:23:25.328+0200] {spark_submit.py:521} INFO - 25/06/12 18:23:25 INFO DAGScheduler: Parents of final stage: List()
[2025-06-12T18:23:25.331+0200] {spark_submit.py:521} INFO - 25/06/12 18:23:25 INFO DAGScheduler: Missing parents: List()
[2025-06-12T18:23:25.336+0200] {spark_submit.py:521} INFO - 25/06/12 18:23:25 INFO DAGScheduler: Submitting ResultStage 0 (MapPartitionsRDD[1] at parquet at NativeMethodAccessorImpl.java:0), which has no missing parents
[2025-06-12T18:23:25.414+0200] {spark_submit.py:521} INFO - 25/06/12 18:23:25 INFO MemoryStore: Block broadcast_0 stored as values in memory (estimated size 103.5 KiB, free 434.3 MiB)
[2025-06-12T18:23:25.454+0200] {spark_submit.py:521} INFO - 25/06/12 18:23:25 INFO MemoryStore: Block broadcast_0_piece0 stored as bytes in memory (estimated size 37.3 KiB, free 434.3 MiB)
[2025-06-12T18:23:25.458+0200] {spark_submit.py:521} INFO - 25/06/12 18:23:25 INFO BlockManagerInfo: Added broadcast_0_piece0 in memory on 10.255.255.254:38639 (size: 37.3 KiB, free: 434.4 MiB)
[2025-06-12T18:23:25.463+0200] {spark_submit.py:521} INFO - 25/06/12 18:23:25 INFO SparkContext: Created broadcast 0 from broadcast at DAGScheduler.scala:1585
[2025-06-12T18:23:25.490+0200] {spark_submit.py:521} INFO - 25/06/12 18:23:25 INFO DAGScheduler: Submitting 1 missing tasks from ResultStage 0 (MapPartitionsRDD[1] at parquet at NativeMethodAccessorImpl.java:0) (first 15 tasks are for partitions Vector(0))
[2025-06-12T18:23:25.491+0200] {spark_submit.py:521} INFO - 25/06/12 18:23:25 INFO TaskSchedulerImpl: Adding task set 0.0 with 1 tasks resource profile 0
[2025-06-12T18:23:25.559+0200] {spark_submit.py:521} INFO - 25/06/12 18:23:25 INFO TaskSetManager: Starting task 0.0 in stage 0.0 (TID 0) (10.255.255.254, executor driver, partition 0, PROCESS_LOCAL, 9142 bytes)
[2025-06-12T18:23:25.579+0200] {spark_submit.py:521} INFO - 25/06/12 18:23:25 INFO Executor: Running task 0.0 in stage 0.0 (TID 0)
[2025-06-12T18:23:25.983+0200] {spark_submit.py:521} INFO - 25/06/12 18:23:25 INFO Executor: Finished task 0.0 in stage 0.0 (TID 0). 1931 bytes result sent to driver
[2025-06-12T18:23:25.996+0200] {spark_submit.py:521} INFO - 25/06/12 18:23:25 INFO TaskSetManager: Finished task 0.0 in stage 0.0 (TID 0) in 467 ms on 10.255.255.254 (executor driver) (1/1)
[2025-06-12T18:23:25.997+0200] {spark_submit.py:521} INFO - 25/06/12 18:23:25 INFO TaskSchedulerImpl: Removed TaskSet 0.0, whose tasks have all completed, from pool
[2025-06-12T18:23:26.003+0200] {spark_submit.py:521} INFO - 25/06/12 18:23:26 INFO DAGScheduler: ResultStage 0 (parquet at NativeMethodAccessorImpl.java:0) finished in 0.652 s
[2025-06-12T18:23:26.006+0200] {spark_submit.py:521} INFO - 25/06/12 18:23:26 INFO DAGScheduler: Job 0 is finished. Cancelling potential speculative or zombie tasks for this job
[2025-06-12T18:23:26.006+0200] {spark_submit.py:521} INFO - 25/06/12 18:23:26 INFO TaskSchedulerImpl: Killing all running tasks in stage 0: Stage finished
[2025-06-12T18:23:26.008+0200] {spark_submit.py:521} INFO - 25/06/12 18:23:26 INFO DAGScheduler: Job 0 finished: parquet at NativeMethodAccessorImpl.java:0, took 0.698151 s
[2025-06-12T18:23:26.298+0200] {spark_submit.py:521} INFO - 25/06/12 18:23:26 INFO BlockManagerInfo: Removed broadcast_0_piece0 on 10.255.255.254:38639 in memory (size: 37.3 KiB, free: 434.4 MiB)
[2025-06-12T18:23:26.798+0200] {spark_submit.py:521} INFO - 25/06/12 18:23:26 INFO InMemoryFileIndex: It took 2 ms to list leaf files for 1 paths.
[2025-06-12T18:23:26.845+0200] {spark_submit.py:521} INFO - 25/06/12 18:23:26 INFO SparkContext: Starting job: parquet at NativeMethodAccessorImpl.java:0
[2025-06-12T18:23:26.847+0200] {spark_submit.py:521} INFO - 25/06/12 18:23:26 INFO DAGScheduler: Got job 1 (parquet at NativeMethodAccessorImpl.java:0) with 1 output partitions
[2025-06-12T18:23:26.848+0200] {spark_submit.py:521} INFO - 25/06/12 18:23:26 INFO DAGScheduler: Final stage: ResultStage 1 (parquet at NativeMethodAccessorImpl.java:0)
[2025-06-12T18:23:26.848+0200] {spark_submit.py:521} INFO - 25/06/12 18:23:26 INFO DAGScheduler: Parents of final stage: List()
[2025-06-12T18:23:26.848+0200] {spark_submit.py:521} INFO - 25/06/12 18:23:26 INFO DAGScheduler: Missing parents: List()
[2025-06-12T18:23:26.849+0200] {spark_submit.py:521} INFO - 25/06/12 18:23:26 INFO DAGScheduler: Submitting ResultStage 1 (MapPartitionsRDD[3] at parquet at NativeMethodAccessorImpl.java:0), which has no missing parents
[2025-06-12T18:23:26.866+0200] {spark_submit.py:521} INFO - 25/06/12 18:23:26 INFO MemoryStore: Block broadcast_1 stored as values in memory (estimated size 103.5 KiB, free 434.3 MiB)
[2025-06-12T18:23:26.870+0200] {spark_submit.py:521} INFO - 25/06/12 18:23:26 INFO MemoryStore: Block broadcast_1_piece0 stored as bytes in memory (estimated size 37.3 KiB, free 434.3 MiB)
[2025-06-12T18:23:26.871+0200] {spark_submit.py:521} INFO - 25/06/12 18:23:26 INFO BlockManagerInfo: Added broadcast_1_piece0 in memory on 10.255.255.254:38639 (size: 37.3 KiB, free: 434.4 MiB)
[2025-06-12T18:23:26.872+0200] {spark_submit.py:521} INFO - 25/06/12 18:23:26 INFO SparkContext: Created broadcast 1 from broadcast at DAGScheduler.scala:1585
[2025-06-12T18:23:26.874+0200] {spark_submit.py:521} INFO - 25/06/12 18:23:26 INFO DAGScheduler: Submitting 1 missing tasks from ResultStage 1 (MapPartitionsRDD[3] at parquet at NativeMethodAccessorImpl.java:0) (first 15 tasks are for partitions Vector(0))
[2025-06-12T18:23:26.875+0200] {spark_submit.py:521} INFO - 25/06/12 18:23:26 INFO TaskSchedulerImpl: Adding task set 1.0 with 1 tasks resource profile 0
[2025-06-12T18:23:26.879+0200] {spark_submit.py:521} INFO - 25/06/12 18:23:26 INFO TaskSetManager: Starting task 0.0 in stage 1.0 (TID 1) (10.255.255.254, executor driver, partition 0, PROCESS_LOCAL, 9141 bytes)
[2025-06-12T18:23:26.880+0200] {spark_submit.py:521} INFO - 25/06/12 18:23:26 INFO Executor: Running task 0.0 in stage 1.0 (TID 1)
[2025-06-12T18:23:26.941+0200] {spark_submit.py:521} INFO - 25/06/12 18:23:26 INFO Executor: Finished task 0.0 in stage 1.0 (TID 1). 3927 bytes result sent to driver
[2025-06-12T18:23:26.947+0200] {spark_submit.py:521} INFO - 25/06/12 18:23:26 INFO TaskSetManager: Finished task 0.0 in stage 1.0 (TID 1) in 69 ms on 10.255.255.254 (executor driver) (1/1)
[2025-06-12T18:23:26.949+0200] {spark_submit.py:521} INFO - 25/06/12 18:23:26 INFO TaskSchedulerImpl: Removed TaskSet 1.0, whose tasks have all completed, from pool
[2025-06-12T18:23:26.950+0200] {spark_submit.py:521} INFO - 25/06/12 18:23:26 INFO DAGScheduler: ResultStage 1 (parquet at NativeMethodAccessorImpl.java:0) finished in 0.098 s
[2025-06-12T18:23:26.950+0200] {spark_submit.py:521} INFO - 25/06/12 18:23:26 INFO DAGScheduler: Job 1 is finished. Cancelling potential speculative or zombie tasks for this job
[2025-06-12T18:23:26.951+0200] {spark_submit.py:521} INFO - 25/06/12 18:23:26 INFO TaskSchedulerImpl: Killing all running tasks in stage 1: Stage finished
[2025-06-12T18:23:26.951+0200] {spark_submit.py:521} INFO - 25/06/12 18:23:26 INFO DAGScheduler: Job 1 finished: parquet at NativeMethodAccessorImpl.java:0, took 0.104401 s
[2025-06-12T18:23:27.073+0200] {spark_submit.py:521} INFO - 25/06/12 18:23:27 INFO BlockManagerInfo: Removed broadcast_1_piece0 on 10.255.255.254:38639 in memory (size: 37.3 KiB, free: 434.4 MiB)
[2025-06-12T18:23:27.480+0200] {spark_submit.py:521} INFO - 25/06/12 18:23:27 INFO FileSourceStrategy: Pushed Filters:
[2025-06-12T18:23:27.482+0200] {spark_submit.py:521} INFO - 25/06/12 18:23:27 INFO FileSourceStrategy: Post-Scan Filters:
[2025-06-12T18:23:28.626+0200] {spark_submit.py:521} INFO - 25/06/12 18:23:28 INFO CodeGenerator: Code generated in 906.889884 ms
[2025-06-12T18:23:28.672+0200] {spark_submit.py:521} INFO - 25/06/12 18:23:28 INFO MemoryStore: Block broadcast_2 stored as values in memory (estimated size 201.2 KiB, free 434.2 MiB)
[2025-06-12T18:23:28.711+0200] {spark_submit.py:521} INFO - 25/06/12 18:23:28 INFO MemoryStore: Block broadcast_2_piece0 stored as bytes in memory (estimated size 35.0 KiB, free 434.2 MiB)
[2025-06-12T18:23:28.741+0200] {spark_submit.py:521} INFO - 25/06/12 18:23:28 INFO BlockManagerInfo: Added broadcast_2_piece0 in memory on 10.255.255.254:38639 (size: 35.0 KiB, free: 434.4 MiB)
[2025-06-12T18:23:28.743+0200] {spark_submit.py:521} INFO - 25/06/12 18:23:28 INFO SparkContext: Created broadcast 2 from collect at /home/leoja/airflow/spark_jobs/compute_quadrants.py:99
[2025-06-12T18:23:28.791+0200] {spark_submit.py:521} INFO - 25/06/12 18:23:28 INFO FileSourceScanExec: Planning scan with bin packing, max size: 4194304 bytes, open cost is considered as scanning 4194304 bytes.
[2025-06-12T18:23:28.950+0200] {spark_submit.py:521} INFO - 25/06/12 18:23:28 INFO DAGScheduler: Registering RDD 7 (collect at /home/leoja/airflow/spark_jobs/compute_quadrants.py:99) as input to shuffle 0
[2025-06-12T18:23:28.955+0200] {spark_submit.py:521} INFO - 25/06/12 18:23:28 INFO DAGScheduler: Got map stage job 2 (collect at /home/leoja/airflow/spark_jobs/compute_quadrants.py:99) with 1 output partitions
[2025-06-12T18:23:28.955+0200] {spark_submit.py:521} INFO - 25/06/12 18:23:28 INFO DAGScheduler: Final stage: ShuffleMapStage 2 (collect at /home/leoja/airflow/spark_jobs/compute_quadrants.py:99)
[2025-06-12T18:23:28.955+0200] {spark_submit.py:521} INFO - 25/06/12 18:23:28 INFO DAGScheduler: Parents of final stage: List()
[2025-06-12T18:23:28.956+0200] {spark_submit.py:521} INFO - 25/06/12 18:23:28 INFO DAGScheduler: Missing parents: List()
[2025-06-12T18:23:28.958+0200] {spark_submit.py:521} INFO - 25/06/12 18:23:28 INFO DAGScheduler: Submitting ShuffleMapStage 2 (MapPartitionsRDD[7] at collect at /home/leoja/airflow/spark_jobs/compute_quadrants.py:99), which has no missing parents
[2025-06-12T18:23:29.018+0200] {spark_submit.py:521} INFO - 25/06/12 18:23:29 INFO MemoryStore: Block broadcast_3 stored as values in memory (estimated size 18.6 KiB, free 434.2 MiB)
[2025-06-12T18:23:29.025+0200] {spark_submit.py:521} INFO - 25/06/12 18:23:29 INFO MemoryStore: Block broadcast_3_piece0 stored as bytes in memory (estimated size 8.3 KiB, free 434.1 MiB)
[2025-06-12T18:23:29.027+0200] {spark_submit.py:521} INFO - 25/06/12 18:23:29 INFO BlockManagerInfo: Added broadcast_3_piece0 in memory on 10.255.255.254:38639 (size: 8.3 KiB, free: 434.4 MiB)
[2025-06-12T18:23:29.029+0200] {spark_submit.py:521} INFO - 25/06/12 18:23:29 INFO SparkContext: Created broadcast 3 from broadcast at DAGScheduler.scala:1585
[2025-06-12T18:23:29.034+0200] {spark_submit.py:521} INFO - 25/06/12 18:23:29 INFO DAGScheduler: Submitting 1 missing tasks from ShuffleMapStage 2 (MapPartitionsRDD[7] at collect at /home/leoja/airflow/spark_jobs/compute_quadrants.py:99) (first 15 tasks are for partitions Vector(0))
[2025-06-12T18:23:29.034+0200] {spark_submit.py:521} INFO - 25/06/12 18:23:29 INFO TaskSchedulerImpl: Adding task set 2.0 with 1 tasks resource profile 0
[2025-06-12T18:23:29.042+0200] {spark_submit.py:521} INFO - 25/06/12 18:23:29 INFO TaskSetManager: Starting task 0.0 in stage 2.0 (TID 2) (10.255.255.254, executor driver, partition 0, PROCESS_LOCAL, 9600 bytes)
[2025-06-12T18:23:29.044+0200] {spark_submit.py:521} INFO - 25/06/12 18:23:29 INFO Executor: Running task 0.0 in stage 2.0 (TID 2)
[2025-06-12T18:23:29.120+0200] {spark_submit.py:521} INFO - 25/06/12 18:23:29 INFO CodeGenerator: Code generated in 27.385108 ms
[2025-06-12T18:23:29.137+0200] {spark_submit.py:521} INFO - 25/06/12 18:23:29 INFO FileScanRDD: Reading File path: file:///home/leoja/airflow/data/quadrants.parquet, range: 0-44072, partition values: [empty row]
[2025-06-12T18:23:29.246+0200] {spark_submit.py:521} INFO - 25/06/12 18:23:29 INFO CodecPool: Got brand-new decompressor [.snappy]
[2025-06-12T18:23:29.423+0200] {spark_submit.py:521} INFO - 25/06/12 18:23:29 INFO Executor: Finished task 0.0 in stage 2.0 (TID 2). 2181 bytes result sent to driver
[2025-06-12T18:23:29.425+0200] {spark_submit.py:521} INFO - 25/06/12 18:23:29 INFO TaskSetManager: Finished task 0.0 in stage 2.0 (TID 2) in 389 ms on 10.255.255.254 (executor driver) (1/1)
[2025-06-12T18:23:29.426+0200] {spark_submit.py:521} INFO - 25/06/12 18:23:29 INFO TaskSchedulerImpl: Removed TaskSet 2.0, whose tasks have all completed, from pool
[2025-06-12T18:23:29.428+0200] {spark_submit.py:521} INFO - 25/06/12 18:23:29 INFO DAGScheduler: ShuffleMapStage 2 (collect at /home/leoja/airflow/spark_jobs/compute_quadrants.py:99) finished in 0.465 s
[2025-06-12T18:23:29.429+0200] {spark_submit.py:521} INFO - 25/06/12 18:23:29 INFO DAGScheduler: looking for newly runnable stages
[2025-06-12T18:23:29.430+0200] {spark_submit.py:521} INFO - 25/06/12 18:23:29 INFO DAGScheduler: running: Set()
[2025-06-12T18:23:29.430+0200] {spark_submit.py:521} INFO - 25/06/12 18:23:29 INFO DAGScheduler: waiting: Set()
[2025-06-12T18:23:29.430+0200] {spark_submit.py:521} INFO - 25/06/12 18:23:29 INFO DAGScheduler: failed: Set()
[2025-06-12T18:23:29.471+0200] {spark_submit.py:521} INFO - 25/06/12 18:23:29 INFO CodeGenerator: Code generated in 9.213621 ms
[2025-06-12T18:23:29.486+0200] {spark_submit.py:521} INFO - 25/06/12 18:23:29 INFO SparkContext: Starting job: collect at /home/leoja/airflow/spark_jobs/compute_quadrants.py:99
[2025-06-12T18:23:29.488+0200] {spark_submit.py:521} INFO - 25/06/12 18:23:29 INFO DAGScheduler: Got job 3 (collect at /home/leoja/airflow/spark_jobs/compute_quadrants.py:99) with 1 output partitions
[2025-06-12T18:23:29.488+0200] {spark_submit.py:521} INFO - 25/06/12 18:23:29 INFO DAGScheduler: Final stage: ResultStage 4 (collect at /home/leoja/airflow/spark_jobs/compute_quadrants.py:99)
[2025-06-12T18:23:29.489+0200] {spark_submit.py:521} INFO - 25/06/12 18:23:29 INFO DAGScheduler: Parents of final stage: List(ShuffleMapStage 3)
[2025-06-12T18:23:29.489+0200] {spark_submit.py:521} INFO - 25/06/12 18:23:29 INFO DAGScheduler: Missing parents: List()
[2025-06-12T18:23:29.490+0200] {spark_submit.py:521} INFO - 25/06/12 18:23:29 INFO DAGScheduler: Submitting ResultStage 4 (MapPartitionsRDD[10] at collect at /home/leoja/airflow/spark_jobs/compute_quadrants.py:99), which has no missing parents
[2025-06-12T18:23:29.497+0200] {spark_submit.py:521} INFO - 25/06/12 18:23:29 INFO MemoryStore: Block broadcast_4 stored as values in memory (estimated size 13.1 KiB, free 434.1 MiB)
[2025-06-12T18:23:29.503+0200] {spark_submit.py:521} INFO - 25/06/12 18:23:29 INFO MemoryStore: Block broadcast_4_piece0 stored as bytes in memory (estimated size 6.1 KiB, free 434.1 MiB)
[2025-06-12T18:23:29.505+0200] {spark_submit.py:521} INFO - 25/06/12 18:23:29 INFO BlockManagerInfo: Added broadcast_4_piece0 in memory on 10.255.255.254:38639 (size: 6.1 KiB, free: 434.4 MiB)
[2025-06-12T18:23:29.505+0200] {spark_submit.py:521} INFO - 25/06/12 18:23:29 INFO BlockManagerInfo: Removed broadcast_3_piece0 on 10.255.255.254:38639 in memory (size: 8.3 KiB, free: 434.4 MiB)
[2025-06-12T18:23:29.505+0200] {spark_submit.py:521} INFO - 25/06/12 18:23:29 INFO SparkContext: Created broadcast 4 from broadcast at DAGScheduler.scala:1585
[2025-06-12T18:23:29.506+0200] {spark_submit.py:521} INFO - 25/06/12 18:23:29 INFO DAGScheduler: Submitting 1 missing tasks from ResultStage 4 (MapPartitionsRDD[10] at collect at /home/leoja/airflow/spark_jobs/compute_quadrants.py:99) (first 15 tasks are for partitions Vector(0))
[2025-06-12T18:23:29.506+0200] {spark_submit.py:521} INFO - 25/06/12 18:23:29 INFO TaskSchedulerImpl: Adding task set 4.0 with 1 tasks resource profile 0
[2025-06-12T18:23:29.511+0200] {spark_submit.py:521} INFO - 25/06/12 18:23:29 INFO TaskSetManager: Starting task 0.0 in stage 4.0 (TID 3) (10.255.255.254, executor driver, partition 0, NODE_LOCAL, 8999 bytes)
[2025-06-12T18:23:29.512+0200] {spark_submit.py:521} INFO - 25/06/12 18:23:29 INFO Executor: Running task 0.0 in stage 4.0 (TID 3)
[2025-06-12T18:23:29.540+0200] {spark_submit.py:521} INFO - 25/06/12 18:23:29 INFO ShuffleBlockFetcherIterator: Getting 1 (60.0 B) non-empty blocks including 1 (60.0 B) local and 0 (0.0 B) host-local and 0 (0.0 B) push-merged-local and 0 (0.0 B) remote blocks
[2025-06-12T18:23:29.542+0200] {spark_submit.py:521} INFO - 25/06/12 18:23:29 INFO ShuffleBlockFetcherIterator: Started 0 remote fetches in 6 ms
[2025-06-12T18:23:29.556+0200] {spark_submit.py:521} INFO - 25/06/12 18:23:29 INFO CodeGenerator: Code generated in 11.844269 ms
[2025-06-12T18:23:29.577+0200] {spark_submit.py:521} INFO - 25/06/12 18:23:29 INFO Executor: Finished task 0.0 in stage 4.0 (TID 3). 4081 bytes result sent to driver
[2025-06-12T18:23:29.580+0200] {spark_submit.py:521} INFO - 25/06/12 18:23:29 INFO TaskSetManager: Finished task 0.0 in stage 4.0 (TID 3) in 71 ms on 10.255.255.254 (executor driver) (1/1)
[2025-06-12T18:23:29.581+0200] {spark_submit.py:521} INFO - 25/06/12 18:23:29 INFO TaskSchedulerImpl: Removed TaskSet 4.0, whose tasks have all completed, from pool
[2025-06-12T18:23:29.582+0200] {spark_submit.py:521} INFO - 25/06/12 18:23:29 INFO DAGScheduler: ResultStage 4 (collect at /home/leoja/airflow/spark_jobs/compute_quadrants.py:99) finished in 0.086 s
[2025-06-12T18:23:29.582+0200] {spark_submit.py:521} INFO - 25/06/12 18:23:29 INFO DAGScheduler: Job 3 is finished. Cancelling potential speculative or zombie tasks for this job
[2025-06-12T18:23:29.582+0200] {spark_submit.py:521} INFO - 25/06/12 18:23:29 INFO TaskSchedulerImpl: Killing all running tasks in stage 4: Stage finished
[2025-06-12T18:23:29.583+0200] {spark_submit.py:521} INFO - 25/06/12 18:23:29 INFO DAGScheduler: Job 3 finished: collect at /home/leoja/airflow/spark_jobs/compute_quadrants.py:99, took 0.096258 s
[2025-06-12T18:23:29.763+0200] {spark_submit.py:521} INFO - 25/06/12 18:23:29 INFO FileSourceStrategy: Pushed Filters:
[2025-06-12T18:23:29.765+0200] {spark_submit.py:521} INFO - 25/06/12 18:23:29 INFO FileSourceStrategy: Post-Scan Filters: (gettimestamp(date#0, yyyy-MM-dd, TimestampType, Some(Europe/Paris), false) >= 2025-07-01 00:00:00)
[2025-06-12T18:23:29.828+0200] {spark_submit.py:521} INFO - 25/06/12 18:23:29 INFO CodeGenerator: Code generated in 34.175873 ms
[2025-06-12T18:23:29.837+0200] {spark_submit.py:521} INFO - 25/06/12 18:23:29 INFO MemoryStore: Block broadcast_5 stored as values in memory (estimated size 202.1 KiB, free 434.0 MiB)
[2025-06-12T18:23:29.847+0200] {spark_submit.py:521} INFO - 25/06/12 18:23:29 INFO BlockManagerInfo: Removed broadcast_4_piece0 on 10.255.255.254:38639 in memory (size: 6.1 KiB, free: 434.4 MiB)
[2025-06-12T18:23:29.850+0200] {spark_submit.py:521} INFO - 25/06/12 18:23:29 INFO MemoryStore: Block broadcast_5_piece0 stored as bytes in memory (estimated size 35.2 KiB, free 433.9 MiB)
[2025-06-12T18:23:29.851+0200] {spark_submit.py:521} INFO - 25/06/12 18:23:29 INFO BlockManagerInfo: Added broadcast_5_piece0 in memory on 10.255.255.254:38639 (size: 35.2 KiB, free: 434.3 MiB)
[2025-06-12T18:23:29.852+0200] {spark_submit.py:521} INFO - 25/06/12 18:23:29 INFO SparkContext: Created broadcast 5 from javaToPython at NativeMethodAccessorImpl.java:0
[2025-06-12T18:23:29.853+0200] {spark_submit.py:521} INFO - 25/06/12 18:23:29 INFO FileSourceScanExec: Planning scan with bin packing, max size: 4194304 bytes, open cost is considered as scanning 4194304 bytes.
[2025-06-12T18:23:29.881+0200] {spark_submit.py:521} INFO - 25/06/12 18:23:29 INFO CodeGenerator: Code generated in 11.407546 ms
[2025-06-12T18:23:29.913+0200] {spark_submit.py:521} INFO - 25/06/12 18:23:29 INFO SparkContext: Starting job: javaToPython at NativeMethodAccessorImpl.java:0
[2025-06-12T18:23:29.914+0200] {spark_submit.py:521} INFO - 25/06/12 18:23:29 INFO DAGScheduler: Got job 4 (javaToPython at NativeMethodAccessorImpl.java:0) with 1 output partitions
[2025-06-12T18:23:29.915+0200] {spark_submit.py:521} INFO - 25/06/12 18:23:29 INFO DAGScheduler: Final stage: ResultStage 5 (javaToPython at NativeMethodAccessorImpl.java:0)
[2025-06-12T18:23:29.915+0200] {spark_submit.py:521} INFO - 25/06/12 18:23:29 INFO DAGScheduler: Parents of final stage: List()
[2025-06-12T18:23:29.915+0200] {spark_submit.py:521} INFO - 25/06/12 18:23:29 INFO DAGScheduler: Missing parents: List()
[2025-06-12T18:23:29.916+0200] {spark_submit.py:521} INFO - 25/06/12 18:23:29 INFO DAGScheduler: Submitting ResultStage 5 (MapPartitionsRDD[16] at javaToPython at NativeMethodAccessorImpl.java:0), which has no missing parents
[2025-06-12T18:23:29.920+0200] {spark_submit.py:521} INFO - 25/06/12 18:23:29 INFO MemoryStore: Block broadcast_6 stored as values in memory (estimated size 23.7 KiB, free 433.9 MiB)
[2025-06-12T18:23:29.928+0200] {spark_submit.py:521} INFO - 25/06/12 18:23:29 INFO MemoryStore: Block broadcast_6_piece0 stored as bytes in memory (estimated size 9.5 KiB, free 433.9 MiB)
[2025-06-12T18:23:29.930+0200] {spark_submit.py:521} INFO - 25/06/12 18:23:29 INFO BlockManagerInfo: Added broadcast_6_piece0 in memory on 10.255.255.254:38639 (size: 9.5 KiB, free: 434.3 MiB)
[2025-06-12T18:23:29.930+0200] {spark_submit.py:521} INFO - 25/06/12 18:23:29 INFO SparkContext: Created broadcast 6 from broadcast at DAGScheduler.scala:1585
[2025-06-12T18:23:29.931+0200] {spark_submit.py:521} INFO - 25/06/12 18:23:29 INFO DAGScheduler: Submitting 1 missing tasks from ResultStage 5 (MapPartitionsRDD[16] at javaToPython at NativeMethodAccessorImpl.java:0) (first 15 tasks are for partitions Vector(0))
[2025-06-12T18:23:29.931+0200] {spark_submit.py:521} INFO - 25/06/12 18:23:29 INFO TaskSchedulerImpl: Adding task set 5.0 with 1 tasks resource profile 0
[2025-06-12T18:23:29.934+0200] {spark_submit.py:521} INFO - 25/06/12 18:23:29 INFO TaskSetManager: Starting task 0.0 in stage 5.0 (TID 4) (10.255.255.254, executor driver, partition 0, PROCESS_LOCAL, 9612 bytes)
[2025-06-12T18:23:29.935+0200] {spark_submit.py:521} INFO - 25/06/12 18:23:29 INFO Executor: Running task 0.0 in stage 5.0 (TID 4)
[2025-06-12T18:23:29.971+0200] {spark_submit.py:521} INFO - 25/06/12 18:23:29 INFO CodeGenerator: Code generated in 21.632314 ms
[2025-06-12T18:23:29.987+0200] {spark_submit.py:521} INFO - 25/06/12 18:23:29 INFO CodeGenerator: Code generated in 10.213535 ms
[2025-06-12T18:23:29.990+0200] {spark_submit.py:521} INFO - 25/06/12 18:23:29 INFO FileScanRDD: Reading File path: file:///home/leoja/airflow/data/Indicators.parquet, range: 0-13096, partition values: [empty row]
[2025-06-12T18:23:30.031+0200] {spark_submit.py:521} INFO - 25/06/12 18:23:30 INFO Executor: Finished task 0.0 in stage 5.0 (TID 4). 1890 bytes result sent to driver
[2025-06-12T18:23:30.032+0200] {spark_submit.py:521} INFO - 25/06/12 18:23:30 INFO TaskSetManager: Finished task 0.0 in stage 5.0 (TID 4) in 99 ms on 10.255.255.254 (executor driver) (1/1)
[2025-06-12T18:23:30.033+0200] {spark_submit.py:521} INFO - 25/06/12 18:23:30 INFO TaskSchedulerImpl: Removed TaskSet 5.0, whose tasks have all completed, from pool
[2025-06-12T18:23:30.033+0200] {spark_submit.py:521} INFO - 25/06/12 18:23:30 INFO DAGScheduler: ResultStage 5 (javaToPython at NativeMethodAccessorImpl.java:0) finished in 0.116 s
[2025-06-12T18:23:30.034+0200] {spark_submit.py:521} INFO - 25/06/12 18:23:30 INFO DAGScheduler: Job 4 is finished. Cancelling potential speculative or zombie tasks for this job
[2025-06-12T18:23:30.034+0200] {spark_submit.py:521} INFO - 25/06/12 18:23:30 INFO TaskSchedulerImpl: Killing all running tasks in stage 5: Stage finished
[2025-06-12T18:23:30.034+0200] {spark_submit.py:521} INFO - 25/06/12 18:23:30 INFO DAGScheduler: Job 4 finished: javaToPython at NativeMethodAccessorImpl.java:0, took 0.121118 s
[2025-06-12T18:23:30.039+0200] {spark_submit.py:521} INFO - 25/06/12 18:23:30 INFO DAGScheduler: Registering RDD 17 (javaToPython at NativeMethodAccessorImpl.java:0) as input to shuffle 1
[2025-06-12T18:23:30.039+0200] {spark_submit.py:521} INFO - 25/06/12 18:23:30 INFO DAGScheduler: Got map stage job 5 (javaToPython at NativeMethodAccessorImpl.java:0) with 1 output partitions
[2025-06-12T18:23:30.039+0200] {spark_submit.py:521} INFO - 25/06/12 18:23:30 INFO DAGScheduler: Final stage: ShuffleMapStage 6 (javaToPython at NativeMethodAccessorImpl.java:0)
[2025-06-12T18:23:30.039+0200] {spark_submit.py:521} INFO - 25/06/12 18:23:30 INFO DAGScheduler: Parents of final stage: List()
[2025-06-12T18:23:30.039+0200] {spark_submit.py:521} INFO - 25/06/12 18:23:30 INFO DAGScheduler: Missing parents: List()
[2025-06-12T18:23:30.040+0200] {spark_submit.py:521} INFO - 25/06/12 18:23:30 INFO DAGScheduler: Submitting ShuffleMapStage 6 (MapPartitionsRDD[17] at javaToPython at NativeMethodAccessorImpl.java:0), which has no missing parents
[2025-06-12T18:23:30.045+0200] {spark_submit.py:521} INFO - 25/06/12 18:23:30 INFO MemoryStore: Block broadcast_7 stored as values in memory (estimated size 25.5 KiB, free 433.9 MiB)
[2025-06-12T18:23:30.052+0200] {spark_submit.py:521} INFO - 25/06/12 18:23:30 INFO MemoryStore: Block broadcast_7_piece0 stored as bytes in memory (estimated size 10.4 KiB, free 433.9 MiB)
[2025-06-12T18:23:30.053+0200] {spark_submit.py:521} INFO - 25/06/12 18:23:30 INFO BlockManagerInfo: Added broadcast_7_piece0 in memory on 10.255.255.254:38639 (size: 10.4 KiB, free: 434.3 MiB)
[2025-06-12T18:23:30.054+0200] {spark_submit.py:521} INFO - 25/06/12 18:23:30 INFO SparkContext: Created broadcast 7 from broadcast at DAGScheduler.scala:1585
[2025-06-12T18:23:30.054+0200] {spark_submit.py:521} INFO - 25/06/12 18:23:30 INFO BlockManagerInfo: Removed broadcast_6_piece0 on 10.255.255.254:38639 in memory (size: 9.5 KiB, free: 434.3 MiB)
[2025-06-12T18:23:30.055+0200] {spark_submit.py:521} INFO - 25/06/12 18:23:30 INFO DAGScheduler: Submitting 1 missing tasks from ShuffleMapStage 6 (MapPartitionsRDD[17] at javaToPython at NativeMethodAccessorImpl.java:0) (first 15 tasks are for partitions Vector(0))
[2025-06-12T18:23:30.055+0200] {spark_submit.py:521} INFO - 25/06/12 18:23:30 INFO TaskSchedulerImpl: Adding task set 6.0 with 1 tasks resource profile 0
[2025-06-12T18:23:30.056+0200] {spark_submit.py:521} INFO - 25/06/12 18:23:30 INFO TaskSetManager: Starting task 0.0 in stage 6.0 (TID 5) (10.255.255.254, executor driver, partition 0, PROCESS_LOCAL, 9601 bytes)
[2025-06-12T18:23:30.057+0200] {spark_submit.py:521} INFO - 25/06/12 18:23:30 INFO Executor: Running task 0.0 in stage 6.0 (TID 5)
[2025-06-12T18:23:30.074+0200] {spark_submit.py:521} INFO - 25/06/12 18:23:30 INFO CodeGenerator: Code generated in 6.402301 ms
[2025-06-12T18:23:30.084+0200] {spark_submit.py:521} INFO - 25/06/12 18:23:30 INFO FileScanRDD: Reading File path: file:///home/leoja/airflow/data/Indicators.parquet, range: 0-13096, partition values: [empty row]
[2025-06-12T18:23:30.109+0200] {spark_submit.py:521} INFO - 25/06/12 18:23:30 INFO Executor: Finished task 0.0 in stage 6.0 (TID 5). 2010 bytes result sent to driver
[2025-06-12T18:23:30.110+0200] {spark_submit.py:521} INFO - 25/06/12 18:23:30 INFO TaskSetManager: Finished task 0.0 in stage 6.0 (TID 5) in 54 ms on 10.255.255.254 (executor driver) (1/1)
[2025-06-12T18:23:30.110+0200] {spark_submit.py:521} INFO - 25/06/12 18:23:30 INFO TaskSchedulerImpl: Removed TaskSet 6.0, whose tasks have all completed, from pool
[2025-06-12T18:23:30.111+0200] {spark_submit.py:521} INFO - 25/06/12 18:23:30 INFO DAGScheduler: ShuffleMapStage 6 (javaToPython at NativeMethodAccessorImpl.java:0) finished in 0.071 s
[2025-06-12T18:23:30.112+0200] {spark_submit.py:521} INFO - 25/06/12 18:23:30 INFO DAGScheduler: looking for newly runnable stages
[2025-06-12T18:23:30.112+0200] {spark_submit.py:521} INFO - 25/06/12 18:23:30 INFO DAGScheduler: running: Set()
[2025-06-12T18:23:30.112+0200] {spark_submit.py:521} INFO - 25/06/12 18:23:30 INFO DAGScheduler: waiting: Set()
[2025-06-12T18:23:30.112+0200] {spark_submit.py:521} INFO - 25/06/12 18:23:30 INFO DAGScheduler: failed: Set()
[2025-06-12T18:23:30.151+0200] {spark_submit.py:521} INFO - Aucune nouvelle donnée après 2025-06-30. Pas de réécriture.
[2025-06-12T18:23:30.152+0200] {spark_submit.py:521} INFO - 25/06/12 18:23:30 INFO SparkContext: SparkContext is stopping with exitCode 0.
[2025-06-12T18:23:30.169+0200] {spark_submit.py:521} INFO - 25/06/12 18:23:30 INFO SparkUI: Stopped Spark web UI at http://10.255.255.254:4040
[2025-06-12T18:23:30.181+0200] {spark_submit.py:521} INFO - 25/06/12 18:23:30 INFO MapOutputTrackerMasterEndpoint: MapOutputTrackerMasterEndpoint stopped!
[2025-06-12T18:23:30.260+0200] {spark_submit.py:521} INFO - 25/06/12 18:23:30 INFO MemoryStore: MemoryStore cleared
[2025-06-12T18:23:30.260+0200] {spark_submit.py:521} INFO - 25/06/12 18:23:30 INFO BlockManager: BlockManager stopped
[2025-06-12T18:23:30.264+0200] {spark_submit.py:521} INFO - 25/06/12 18:23:30 INFO BlockManagerMaster: BlockManagerMaster stopped
[2025-06-12T18:23:30.268+0200] {spark_submit.py:521} INFO - 25/06/12 18:23:30 INFO OutputCommitCoordinator$OutputCommitCoordinatorEndpoint: OutputCommitCoordinator stopped!
[2025-06-12T18:23:30.342+0200] {spark_submit.py:521} INFO - 25/06/12 18:23:30 INFO SparkContext: Successfully stopped SparkContext
[2025-06-12T18:23:30.497+0200] {spark_submit.py:521} INFO - 25/06/12 18:23:30 INFO ShutdownHookManager: Shutdown hook called
[2025-06-12T18:23:30.498+0200] {spark_submit.py:521} INFO - 25/06/12 18:23:30 INFO ShutdownHookManager: Deleting directory /tmp/spark-def3f0e8-bf87-4e6a-b605-f6ad3702c547
[2025-06-12T18:23:30.533+0200] {spark_submit.py:521} INFO - 25/06/12 18:23:30 INFO ShutdownHookManager: Deleting directory /tmp/spark-def3f0e8-bf87-4e6a-b605-f6ad3702c547/pyspark-00dba355-e439-4e1f-be81-af25b46ef858
[2025-06-12T18:23:30.572+0200] {spark_submit.py:521} INFO - 25/06/12 18:23:30 INFO ShutdownHookManager: Deleting directory /tmp/spark-29fac49c-f28a-4a3a-bd14-ccd411157e86
[2025-06-12T18:23:30.646+0200] {taskinstance.py:441} INFO - ::group::Post task execution logs
[2025-06-12T18:23:30.651+0200] {taskinstance.py:1205} INFO - Marking task as SUCCESS. dag_id=macro_trading_dag, task_id=compute_economic_quadrants, execution_date=20250611T080000, start_date=20250612T162319, end_date=20250612T162330
[2025-06-12T18:23:30.688+0200] {local_task_job_runner.py:240} INFO - Task exited with return code 0
[2025-06-12T18:23:30.701+0200] {taskinstance.py:3482} INFO - 1 downstream tasks scheduled from follow-on schedule check
[2025-06-12T18:23:30.709+0200] {local_task_job_runner.py:222} INFO - ::endgroup::
