[2025-07-03T23:06:43.842+0200] {local_task_job_runner.py:120} INFO - ::group::Pre task execution logs
[2025-07-03T23:06:43.852+0200] {taskinstance.py:2073} INFO - Dependencies all met for dep_context=non-requeueable deps ti=<TaskInstance: macro_trading_dag.compute_economic_quadrants manual__2025-07-03T21:06:11.721618+00:00 [queued]>
[2025-07-03T23:06:43.855+0200] {taskinstance.py:2073} INFO - Dependencies all met for dep_context=requeueable deps ti=<TaskInstance: macro_trading_dag.compute_economic_quadrants manual__2025-07-03T21:06:11.721618+00:00 [queued]>
[2025-07-03T23:06:43.856+0200] {taskinstance.py:2303} INFO - Starting attempt 1 of 3
[2025-07-03T23:06:43.875+0200] {taskinstance.py:2327} INFO - Executing <Task(SparkSubmitOperator): compute_economic_quadrants> on 2025-07-03 21:06:11.721618+00:00
[2025-07-03T23:06:43.883+0200] {standard_task_runner.py:90} INFO - Running: ['airflow', 'tasks', 'run', 'macro_trading_dag', 'compute_economic_quadrants', 'manual__2025-07-03T21:06:11.721618+00:00', '--job-id', '670', '--raw', '--subdir', 'DAGS_FOLDER/macro_trading_dag.py', '--cfg-path', '/tmp/tmp0b_kgrf3']
[2025-07-03T23:06:43.884+0200] {standard_task_runner.py:91} INFO - Job 670: Subtask compute_economic_quadrants
[2025-07-03T23:06:43.886+0200] {logging_mixin.py:188} WARNING - /home/leoja/airflow/airflow_venv/lib/python3.12/site-packages/airflow/task/task_runner/standard_task_runner.py:61 DeprecationWarning: This process (pid=3904) is multi-threaded, use of fork() may lead to deadlocks in the child.
[2025-07-03T23:06:43.887+0200] {standard_task_runner.py:63} INFO - Started process 3917 to run task
[2025-07-03T23:06:43.923+0200] {task_command.py:426} INFO - Running <TaskInstance: macro_trading_dag.compute_economic_quadrants manual__2025-07-03T21:06:11.721618+00:00 [running]> on host N15I711-16GR512.localdomain
[2025-07-03T23:06:44.026+0200] {taskinstance.py:2644} INFO - Exporting env vars: AIRFLOW_CTX_DAG_OWNER='airflow' AIRFLOW_CTX_DAG_ID='macro_trading_dag' AIRFLOW_CTX_TASK_ID='compute_economic_quadrants' AIRFLOW_CTX_EXECUTION_DATE='2025-07-03T21:06:11.721618+00:00' AIRFLOW_CTX_TRY_NUMBER='1' AIRFLOW_CTX_DAG_RUN_ID='manual__2025-07-03T21:06:11.721618+00:00'
[2025-07-03T23:06:44.029+0200] {taskinstance.py:430} INFO - ::endgroup::
[2025-07-03T23:06:44.037+0200] {base.py:84} INFO - Using connection ID 'spark_local' for task execution.
[2025-07-03T23:06:44.038+0200] {spark_submit.py:351} INFO - Spark-Submit cmd: spark-submit --master local[*] --conf spark.pyspark.python=/home/leoja/airflow_venv/bin/python --conf spark.pyspark.driver.python=/home/leoja/airflow_venv/bin/python --name compute_economic_quadrants /home/leoja/airflow/spark_jobs/compute_quadrants.py /home/leoja/airflow/data/Indicators.parquet /home/leoja/airflow/data/quadrants.parquet /home/leoja/airflow/data/quadrants.csv
[2025-07-03T23:06:46.751+0200] {spark_submit.py:521} INFO - 25/07/03 23:06:46 WARN Utils: Your hostname, N15I711-16GR512 resolves to a loopback address: 127.0.1.1; using 10.255.255.254 instead (on interface lo)
[2025-07-03T23:06:46.754+0200] {spark_submit.py:521} INFO - 25/07/03 23:06:46 WARN Utils: Set SPARK_LOCAL_IP if you need to bind to another address
[2025-07-03T23:06:53.106+0200] {spark_submit.py:521} INFO - 25/07/03 23:06:53 INFO SparkContext: Running Spark version 3.5.5
[2025-07-03T23:06:53.107+0200] {spark_submit.py:521} INFO - 25/07/03 23:06:53 INFO SparkContext: OS info Linux, 6.6.87.2-microsoft-standard-WSL2, amd64
[2025-07-03T23:06:53.107+0200] {spark_submit.py:521} INFO - 25/07/03 23:06:53 INFO SparkContext: Java version 17.0.15
[2025-07-03T23:06:53.214+0200] {spark_submit.py:521} INFO - 25/07/03 23:06:53 WARN NativeCodeLoader: Unable to load native-hadoop library for your platform... using builtin-java classes where applicable
[2025-07-03T23:06:53.353+0200] {spark_submit.py:521} INFO - 25/07/03 23:06:53 INFO ResourceUtils: ==============================================================
[2025-07-03T23:06:53.353+0200] {spark_submit.py:521} INFO - 25/07/03 23:06:53 INFO ResourceUtils: No custom resources configured for spark.driver.
[2025-07-03T23:06:53.353+0200] {spark_submit.py:521} INFO - 25/07/03 23:06:53 INFO ResourceUtils: ==============================================================
[2025-07-03T23:06:53.354+0200] {spark_submit.py:521} INFO - 25/07/03 23:06:53 INFO SparkContext: Submitted application: ComputeEconomicQuadrants
[2025-07-03T23:06:53.378+0200] {spark_submit.py:521} INFO - 25/07/03 23:06:53 INFO ResourceProfile: Default ResourceProfile created, executor resources: Map(cores -> name: cores, amount: 1, script: , vendor: , memory -> name: memory, amount: 1024, script: , vendor: , offHeap -> name: offHeap, amount: 0, script: , vendor: ), task resources: Map(cpus -> name: cpus, amount: 1.0)
[2025-07-03T23:06:53.386+0200] {spark_submit.py:521} INFO - 25/07/03 23:06:53 INFO ResourceProfile: Limiting resource is cpu
[2025-07-03T23:06:53.387+0200] {spark_submit.py:521} INFO - 25/07/03 23:06:53 INFO ResourceProfileManager: Added ResourceProfile id: 0
[2025-07-03T23:06:53.485+0200] {spark_submit.py:521} INFO - 25/07/03 23:06:53 INFO SecurityManager: Changing view acls to: leoja
[2025-07-03T23:06:53.485+0200] {spark_submit.py:521} INFO - 25/07/03 23:06:53 INFO SecurityManager: Changing modify acls to: leoja
[2025-07-03T23:06:53.485+0200] {spark_submit.py:521} INFO - 25/07/03 23:06:53 INFO SecurityManager: Changing view acls groups to:
[2025-07-03T23:06:53.486+0200] {spark_submit.py:521} INFO - 25/07/03 23:06:53 INFO SecurityManager: Changing modify acls groups to:
[2025-07-03T23:06:53.486+0200] {spark_submit.py:521} INFO - 25/07/03 23:06:53 INFO SecurityManager: SecurityManager: authentication disabled; ui acls disabled; users with view permissions: leoja; groups with view permissions: EMPTY; users with modify permissions: leoja; groups with modify permissions: EMPTY
[2025-07-03T23:06:53.824+0200] {spark_submit.py:521} INFO - 25/07/03 23:06:53 INFO Utils: Successfully started service 'sparkDriver' on port 41135.
[2025-07-03T23:06:53.883+0200] {spark_submit.py:521} INFO - 25/07/03 23:06:53 INFO SparkEnv: Registering MapOutputTracker
[2025-07-03T23:06:53.922+0200] {spark_submit.py:521} INFO - 25/07/03 23:06:53 INFO SparkEnv: Registering BlockManagerMaster
[2025-07-03T23:06:53.958+0200] {spark_submit.py:521} INFO - 25/07/03 23:06:53 INFO BlockManagerMasterEndpoint: Using org.apache.spark.storage.DefaultTopologyMapper for getting topology information
[2025-07-03T23:06:53.959+0200] {spark_submit.py:521} INFO - 25/07/03 23:06:53 INFO BlockManagerMasterEndpoint: BlockManagerMasterEndpoint up
[2025-07-03T23:06:53.964+0200] {spark_submit.py:521} INFO - 25/07/03 23:06:53 INFO SparkEnv: Registering BlockManagerMasterHeartbeat
[2025-07-03T23:06:54.001+0200] {spark_submit.py:521} INFO - 25/07/03 23:06:54 INFO DiskBlockManager: Created local directory at /tmp/blockmgr-819ec8a8-a4c7-4815-9a54-67e5e744c867
[2025-07-03T23:06:54.018+0200] {spark_submit.py:521} INFO - 25/07/03 23:06:54 INFO MemoryStore: MemoryStore started with capacity 434.4 MiB
[2025-07-03T23:06:54.032+0200] {spark_submit.py:521} INFO - 25/07/03 23:06:54 INFO SparkEnv: Registering OutputCommitCoordinator
[2025-07-03T23:06:54.252+0200] {spark_submit.py:521} INFO - 25/07/03 23:06:54 INFO JettyUtils: Start Jetty 0.0.0.0:4040 for SparkUI
[2025-07-03T23:06:54.341+0200] {spark_submit.py:521} INFO - 25/07/03 23:06:54 INFO Utils: Successfully started service 'SparkUI' on port 4040.
[2025-07-03T23:06:54.470+0200] {spark_submit.py:521} INFO - 25/07/03 23:06:54 INFO Executor: Starting executor ID driver on host 10.255.255.254
[2025-07-03T23:06:54.470+0200] {spark_submit.py:521} INFO - 25/07/03 23:06:54 INFO Executor: OS info Linux, 6.6.87.2-microsoft-standard-WSL2, amd64
[2025-07-03T23:06:54.471+0200] {spark_submit.py:521} INFO - 25/07/03 23:06:54 INFO Executor: Java version 17.0.15
[2025-07-03T23:06:54.477+0200] {spark_submit.py:521} INFO - 25/07/03 23:06:54 INFO Executor: Starting executor with user classpath (userClassPathFirst = false): ''
[2025-07-03T23:06:54.478+0200] {spark_submit.py:521} INFO - 25/07/03 23:06:54 INFO Executor: Created or updated repl class loader org.apache.spark.util.MutableURLClassLoader@615802d3 for default.
[2025-07-03T23:06:54.506+0200] {spark_submit.py:521} INFO - 25/07/03 23:06:54 INFO Utils: Successfully started service 'org.apache.spark.network.netty.NettyBlockTransferService' on port 42681.
[2025-07-03T23:06:54.507+0200] {spark_submit.py:521} INFO - 25/07/03 23:06:54 INFO NettyBlockTransferService: Server created on 10.255.255.254:42681
[2025-07-03T23:06:54.508+0200] {spark_submit.py:521} INFO - 25/07/03 23:06:54 INFO BlockManager: Using org.apache.spark.storage.RandomBlockReplicationPolicy for block replication policy
[2025-07-03T23:06:54.518+0200] {spark_submit.py:521} INFO - 25/07/03 23:06:54 INFO BlockManagerMaster: Registering BlockManager BlockManagerId(driver, 10.255.255.254, 42681, None)
[2025-07-03T23:06:54.521+0200] {spark_submit.py:521} INFO - 25/07/03 23:06:54 INFO BlockManagerMasterEndpoint: Registering block manager 10.255.255.254:42681 with 434.4 MiB RAM, BlockManagerId(driver, 10.255.255.254, 42681, None)
[2025-07-03T23:06:54.523+0200] {spark_submit.py:521} INFO - 25/07/03 23:06:54 INFO BlockManagerMaster: Registered BlockManager BlockManagerId(driver, 10.255.255.254, 42681, None)
[2025-07-03T23:06:54.524+0200] {spark_submit.py:521} INFO - 25/07/03 23:06:54 INFO BlockManager: Initialized BlockManager: BlockManagerId(driver, 10.255.255.254, 42681, None)
[2025-07-03T23:06:55.089+0200] {spark_submit.py:521} INFO - 25/07/03 23:06:55 INFO SharedState: Setting hive.metastore.warehouse.dir ('null') to the value of spark.sql.warehouse.dir.
[2025-07-03T23:06:55.099+0200] {spark_submit.py:521} INFO - 25/07/03 23:06:55 INFO SharedState: Warehouse path is 'file:/home/leoja/airflow/airflow_venv/spark-warehouse'.
[2025-07-03T23:06:56.081+0200] {spark_submit.py:521} INFO - 25/07/03 23:06:56 INFO InMemoryFileIndex: It took 50 ms to list leaf files for 1 paths.
[2025-07-03T23:06:56.493+0200] {spark_submit.py:521} INFO - 25/07/03 23:06:56 INFO SparkContext: Starting job: parquet at NativeMethodAccessorImpl.java:0
[2025-07-03T23:06:56.521+0200] {spark_submit.py:521} INFO - 25/07/03 23:06:56 INFO DAGScheduler: Got job 0 (parquet at NativeMethodAccessorImpl.java:0) with 1 output partitions
[2025-07-03T23:06:56.524+0200] {spark_submit.py:521} INFO - 25/07/03 23:06:56 INFO DAGScheduler: Final stage: ResultStage 0 (parquet at NativeMethodAccessorImpl.java:0)
[2025-07-03T23:06:56.525+0200] {spark_submit.py:521} INFO - 25/07/03 23:06:56 INFO DAGScheduler: Parents of final stage: List()
[2025-07-03T23:06:56.527+0200] {spark_submit.py:521} INFO - 25/07/03 23:06:56 INFO DAGScheduler: Missing parents: List()
[2025-07-03T23:06:56.532+0200] {spark_submit.py:521} INFO - 25/07/03 23:06:56 INFO DAGScheduler: Submitting ResultStage 0 (MapPartitionsRDD[1] at parquet at NativeMethodAccessorImpl.java:0), which has no missing parents
[2025-07-03T23:06:56.638+0200] {spark_submit.py:521} INFO - 25/07/03 23:06:56 INFO MemoryStore: Block broadcast_0 stored as values in memory (estimated size 103.5 KiB, free 434.3 MiB)
[2025-07-03T23:06:56.671+0200] {spark_submit.py:521} INFO - 25/07/03 23:06:56 INFO MemoryStore: Block broadcast_0_piece0 stored as bytes in memory (estimated size 37.3 KiB, free 434.3 MiB)
[2025-07-03T23:06:56.674+0200] {spark_submit.py:521} INFO - 25/07/03 23:06:56 INFO BlockManagerInfo: Added broadcast_0_piece0 in memory on 10.255.255.254:42681 (size: 37.3 KiB, free: 434.4 MiB)
[2025-07-03T23:06:56.677+0200] {spark_submit.py:521} INFO - 25/07/03 23:06:56 INFO SparkContext: Created broadcast 0 from broadcast at DAGScheduler.scala:1585
[2025-07-03T23:06:56.701+0200] {spark_submit.py:521} INFO - 25/07/03 23:06:56 INFO DAGScheduler: Submitting 1 missing tasks from ResultStage 0 (MapPartitionsRDD[1] at parquet at NativeMethodAccessorImpl.java:0) (first 15 tasks are for partitions Vector(0))
[2025-07-03T23:06:56.703+0200] {spark_submit.py:521} INFO - 25/07/03 23:06:56 INFO TaskSchedulerImpl: Adding task set 0.0 with 1 tasks resource profile 0
[2025-07-03T23:06:56.750+0200] {spark_submit.py:521} INFO - 25/07/03 23:06:56 INFO TaskSetManager: Starting task 0.0 in stage 0.0 (TID 0) (10.255.255.254, executor driver, partition 0, PROCESS_LOCAL, 9142 bytes)
[2025-07-03T23:06:56.765+0200] {spark_submit.py:521} INFO - 25/07/03 23:06:56 INFO Executor: Running task 0.0 in stage 0.0 (TID 0)
[2025-07-03T23:06:57.233+0200] {spark_submit.py:521} INFO - 25/07/03 23:06:57 INFO Executor: Finished task 0.0 in stage 0.0 (TID 0). 1978 bytes result sent to driver
[2025-07-03T23:06:57.244+0200] {spark_submit.py:521} INFO - 25/07/03 23:06:57 INFO TaskSetManager: Finished task 0.0 in stage 0.0 (TID 0) in 514 ms on 10.255.255.254 (executor driver) (1/1)
[2025-07-03T23:06:57.246+0200] {spark_submit.py:521} INFO - 25/07/03 23:06:57 INFO TaskSchedulerImpl: Removed TaskSet 0.0, whose tasks have all completed, from pool
[2025-07-03T23:06:57.251+0200] {spark_submit.py:521} INFO - 25/07/03 23:06:57 INFO DAGScheduler: ResultStage 0 (parquet at NativeMethodAccessorImpl.java:0) finished in 0.692 s
[2025-07-03T23:06:57.254+0200] {spark_submit.py:521} INFO - 25/07/03 23:06:57 INFO DAGScheduler: Job 0 is finished. Cancelling potential speculative or zombie tasks for this job
[2025-07-03T23:06:57.255+0200] {spark_submit.py:521} INFO - 25/07/03 23:06:57 INFO TaskSchedulerImpl: Killing all running tasks in stage 0: Stage finished
[2025-07-03T23:06:57.257+0200] {spark_submit.py:521} INFO - 25/07/03 23:06:57 INFO DAGScheduler: Job 0 finished: parquet at NativeMethodAccessorImpl.java:0, took 0.763484 s
[2025-07-03T23:06:57.336+0200] {spark_submit.py:521} INFO - 25/07/03 23:06:57 INFO BlockManagerInfo: Removed broadcast_0_piece0 on 10.255.255.254:42681 in memory (size: 37.3 KiB, free: 434.4 MiB)
[2025-07-03T23:06:58.316+0200] {spark_submit.py:521} INFO - 25/07/03 23:06:58 INFO InMemoryFileIndex: It took 3 ms to list leaf files for 1 paths.
[2025-07-03T23:06:58.367+0200] {spark_submit.py:521} INFO - 25/07/03 23:06:58 INFO SparkContext: Starting job: parquet at NativeMethodAccessorImpl.java:0
[2025-07-03T23:06:58.369+0200] {spark_submit.py:521} INFO - 25/07/03 23:06:58 INFO DAGScheduler: Got job 1 (parquet at NativeMethodAccessorImpl.java:0) with 1 output partitions
[2025-07-03T23:06:58.369+0200] {spark_submit.py:521} INFO - 25/07/03 23:06:58 INFO DAGScheduler: Final stage: ResultStage 1 (parquet at NativeMethodAccessorImpl.java:0)
[2025-07-03T23:06:58.369+0200] {spark_submit.py:521} INFO - 25/07/03 23:06:58 INFO DAGScheduler: Parents of final stage: List()
[2025-07-03T23:06:58.369+0200] {spark_submit.py:521} INFO - 25/07/03 23:06:58 INFO DAGScheduler: Missing parents: List()
[2025-07-03T23:06:58.370+0200] {spark_submit.py:521} INFO - 25/07/03 23:06:58 INFO DAGScheduler: Submitting ResultStage 1 (MapPartitionsRDD[3] at parquet at NativeMethodAccessorImpl.java:0), which has no missing parents
[2025-07-03T23:06:58.380+0200] {spark_submit.py:521} INFO - 25/07/03 23:06:58 INFO MemoryStore: Block broadcast_1 stored as values in memory (estimated size 103.5 KiB, free 434.3 MiB)
[2025-07-03T23:06:58.388+0200] {spark_submit.py:521} INFO - 25/07/03 23:06:58 INFO MemoryStore: Block broadcast_1_piece0 stored as bytes in memory (estimated size 37.3 KiB, free 434.3 MiB)
[2025-07-03T23:06:58.389+0200] {spark_submit.py:521} INFO - 25/07/03 23:06:58 INFO BlockManagerInfo: Added broadcast_1_piece0 in memory on 10.255.255.254:42681 (size: 37.3 KiB, free: 434.4 MiB)
[2025-07-03T23:06:58.390+0200] {spark_submit.py:521} INFO - 25/07/03 23:06:58 INFO SparkContext: Created broadcast 1 from broadcast at DAGScheduler.scala:1585
[2025-07-03T23:06:58.391+0200] {spark_submit.py:521} INFO - 25/07/03 23:06:58 INFO DAGScheduler: Submitting 1 missing tasks from ResultStage 1 (MapPartitionsRDD[3] at parquet at NativeMethodAccessorImpl.java:0) (first 15 tasks are for partitions Vector(0))
[2025-07-03T23:06:58.392+0200] {spark_submit.py:521} INFO - 25/07/03 23:06:58 INFO TaskSchedulerImpl: Adding task set 1.0 with 1 tasks resource profile 0
[2025-07-03T23:06:58.394+0200] {spark_submit.py:521} INFO - 25/07/03 23:06:58 INFO TaskSetManager: Starting task 0.0 in stage 1.0 (TID 1) (10.255.255.254, executor driver, partition 0, PROCESS_LOCAL, 9141 bytes)
[2025-07-03T23:06:58.395+0200] {spark_submit.py:521} INFO - 25/07/03 23:06:58 INFO Executor: Running task 0.0 in stage 1.0 (TID 1)
[2025-07-03T23:06:58.453+0200] {spark_submit.py:521} INFO - 25/07/03 23:06:58 INFO Executor: Finished task 0.0 in stage 1.0 (TID 1). 3970 bytes result sent to driver
[2025-07-03T23:06:58.456+0200] {spark_submit.py:521} INFO - 25/07/03 23:06:58 INFO TaskSetManager: Finished task 0.0 in stage 1.0 (TID 1) in 62 ms on 10.255.255.254 (executor driver) (1/1)
[2025-07-03T23:06:58.456+0200] {spark_submit.py:521} INFO - 25/07/03 23:06:58 INFO TaskSchedulerImpl: Removed TaskSet 1.0, whose tasks have all completed, from pool
[2025-07-03T23:06:58.457+0200] {spark_submit.py:521} INFO - 25/07/03 23:06:58 INFO DAGScheduler: ResultStage 1 (parquet at NativeMethodAccessorImpl.java:0) finished in 0.085 s
[2025-07-03T23:06:58.457+0200] {spark_submit.py:521} INFO - 25/07/03 23:06:58 INFO DAGScheduler: Job 1 is finished. Cancelling potential speculative or zombie tasks for this job
[2025-07-03T23:06:58.458+0200] {spark_submit.py:521} INFO - 25/07/03 23:06:58 INFO TaskSchedulerImpl: Killing all running tasks in stage 1: Stage finished
[2025-07-03T23:06:58.458+0200] {spark_submit.py:521} INFO - 25/07/03 23:06:58 INFO DAGScheduler: Job 1 finished: parquet at NativeMethodAccessorImpl.java:0, took 0.090667 s
[2025-07-03T23:06:59.067+0200] {spark_submit.py:521} INFO - 25/07/03 23:06:59 INFO FileSourceStrategy: Pushed Filters:
[2025-07-03T23:06:59.068+0200] {spark_submit.py:521} INFO - 25/07/03 23:06:59 INFO FileSourceStrategy: Post-Scan Filters:
[2025-07-03T23:06:59.550+0200] {spark_submit.py:521} INFO - 25/07/03 23:06:59 INFO CodeGenerator: Code generated in 216.455686 ms
[2025-07-03T23:06:59.579+0200] {spark_submit.py:521} INFO - 25/07/03 23:06:59 INFO MemoryStore: Block broadcast_2 stored as values in memory (estimated size 201.2 KiB, free 434.1 MiB)
[2025-07-03T23:06:59.586+0200] {spark_submit.py:521} INFO - 25/07/03 23:06:59 INFO MemoryStore: Block broadcast_2_piece0 stored as bytes in memory (estimated size 35.0 KiB, free 434.0 MiB)
[2025-07-03T23:06:59.590+0200] {spark_submit.py:521} INFO - 25/07/03 23:06:59 INFO BlockManagerInfo: Added broadcast_2_piece0 in memory on 10.255.255.254:42681 (size: 35.0 KiB, free: 434.3 MiB)
[2025-07-03T23:06:59.592+0200] {spark_submit.py:521} INFO - 25/07/03 23:06:59 INFO SparkContext: Created broadcast 2 from collect at /home/leoja/airflow/spark_jobs/compute_quadrants.py:99
[2025-07-03T23:06:59.608+0200] {spark_submit.py:521} INFO - 25/07/03 23:06:59 INFO BlockManagerInfo: Removed broadcast_1_piece0 on 10.255.255.254:42681 in memory (size: 37.3 KiB, free: 434.4 MiB)
[2025-07-03T23:06:59.618+0200] {spark_submit.py:521} INFO - 25/07/03 23:06:59 INFO FileSourceScanExec: Planning scan with bin packing, max size: 4194304 bytes, open cost is considered as scanning 4194304 bytes.
[2025-07-03T23:06:59.705+0200] {spark_submit.py:521} INFO - 25/07/03 23:06:59 INFO DAGScheduler: Registering RDD 7 (collect at /home/leoja/airflow/spark_jobs/compute_quadrants.py:99) as input to shuffle 0
[2025-07-03T23:06:59.709+0200] {spark_submit.py:521} INFO - 25/07/03 23:06:59 INFO DAGScheduler: Got map stage job 2 (collect at /home/leoja/airflow/spark_jobs/compute_quadrants.py:99) with 1 output partitions
[2025-07-03T23:06:59.709+0200] {spark_submit.py:521} INFO - 25/07/03 23:06:59 INFO DAGScheduler: Final stage: ShuffleMapStage 2 (collect at /home/leoja/airflow/spark_jobs/compute_quadrants.py:99)
[2025-07-03T23:06:59.709+0200] {spark_submit.py:521} INFO - 25/07/03 23:06:59 INFO DAGScheduler: Parents of final stage: List()
[2025-07-03T23:06:59.710+0200] {spark_submit.py:521} INFO - 25/07/03 23:06:59 INFO DAGScheduler: Missing parents: List()
[2025-07-03T23:06:59.711+0200] {spark_submit.py:521} INFO - 25/07/03 23:06:59 INFO DAGScheduler: Submitting ShuffleMapStage 2 (MapPartitionsRDD[7] at collect at /home/leoja/airflow/spark_jobs/compute_quadrants.py:99), which has no missing parents
[2025-07-03T23:06:59.756+0200] {spark_submit.py:521} INFO - 25/07/03 23:06:59 INFO MemoryStore: Block broadcast_3 stored as values in memory (estimated size 18.6 KiB, free 434.2 MiB)
[2025-07-03T23:06:59.758+0200] {spark_submit.py:521} INFO - 25/07/03 23:06:59 INFO MemoryStore: Block broadcast_3_piece0 stored as bytes in memory (estimated size 8.3 KiB, free 434.1 MiB)
[2025-07-03T23:06:59.759+0200] {spark_submit.py:521} INFO - 25/07/03 23:06:59 INFO BlockManagerInfo: Added broadcast_3_piece0 in memory on 10.255.255.254:42681 (size: 8.3 KiB, free: 434.4 MiB)
[2025-07-03T23:06:59.760+0200] {spark_submit.py:521} INFO - 25/07/03 23:06:59 INFO SparkContext: Created broadcast 3 from broadcast at DAGScheduler.scala:1585
[2025-07-03T23:06:59.764+0200] {spark_submit.py:521} INFO - 25/07/03 23:06:59 INFO DAGScheduler: Submitting 1 missing tasks from ShuffleMapStage 2 (MapPartitionsRDD[7] at collect at /home/leoja/airflow/spark_jobs/compute_quadrants.py:99) (first 15 tasks are for partitions Vector(0))
[2025-07-03T23:06:59.764+0200] {spark_submit.py:521} INFO - 25/07/03 23:06:59 INFO TaskSchedulerImpl: Adding task set 2.0 with 1 tasks resource profile 0
[2025-07-03T23:06:59.773+0200] {spark_submit.py:521} INFO - 25/07/03 23:06:59 INFO TaskSetManager: Starting task 0.0 in stage 2.0 (TID 2) (10.255.255.254, executor driver, partition 0, PROCESS_LOCAL, 9600 bytes)
[2025-07-03T23:06:59.774+0200] {spark_submit.py:521} INFO - 25/07/03 23:06:59 INFO Executor: Running task 0.0 in stage 2.0 (TID 2)
[2025-07-03T23:06:59.844+0200] {spark_submit.py:521} INFO - 25/07/03 23:06:59 INFO CodeGenerator: Code generated in 18.630363 ms
[2025-07-03T23:06:59.854+0200] {spark_submit.py:521} INFO - 25/07/03 23:06:59 INFO FileScanRDD: Reading File path: file:///home/leoja/airflow/data/quadrants.parquet, range: 0-44072, partition values: [empty row]
[2025-07-03T23:06:59.973+0200] {spark_submit.py:521} INFO - 25/07/03 23:06:59 INFO CodecPool: Got brand-new decompressor [.snappy]
[2025-07-03T23:07:00.220+0200] {spark_submit.py:521} INFO - 25/07/03 23:07:00 INFO Executor: Finished task 0.0 in stage 2.0 (TID 2). 2181 bytes result sent to driver
[2025-07-03T23:07:00.223+0200] {spark_submit.py:521} INFO - 25/07/03 23:07:00 INFO TaskSetManager: Finished task 0.0 in stage 2.0 (TID 2) in 457 ms on 10.255.255.254 (executor driver) (1/1)
[2025-07-03T23:07:00.223+0200] {spark_submit.py:521} INFO - 25/07/03 23:07:00 INFO TaskSchedulerImpl: Removed TaskSet 2.0, whose tasks have all completed, from pool
[2025-07-03T23:07:00.225+0200] {spark_submit.py:521} INFO - 25/07/03 23:07:00 INFO DAGScheduler: ShuffleMapStage 2 (collect at /home/leoja/airflow/spark_jobs/compute_quadrants.py:99) finished in 0.511 s
[2025-07-03T23:07:00.226+0200] {spark_submit.py:521} INFO - 25/07/03 23:07:00 INFO DAGScheduler: looking for newly runnable stages
[2025-07-03T23:07:00.227+0200] {spark_submit.py:521} INFO - 25/07/03 23:07:00 INFO DAGScheduler: running: Set()
[2025-07-03T23:07:00.227+0200] {spark_submit.py:521} INFO - 25/07/03 23:07:00 INFO DAGScheduler: waiting: Set()
[2025-07-03T23:07:00.227+0200] {spark_submit.py:521} INFO - 25/07/03 23:07:00 INFO DAGScheduler: failed: Set()
[2025-07-03T23:07:00.276+0200] {spark_submit.py:521} INFO - 25/07/03 23:07:00 INFO CodeGenerator: Code generated in 14.859906 ms
[2025-07-03T23:07:00.305+0200] {spark_submit.py:521} INFO - 25/07/03 23:07:00 INFO SparkContext: Starting job: collect at /home/leoja/airflow/spark_jobs/compute_quadrants.py:99
[2025-07-03T23:07:00.308+0200] {spark_submit.py:521} INFO - 25/07/03 23:07:00 INFO DAGScheduler: Got job 3 (collect at /home/leoja/airflow/spark_jobs/compute_quadrants.py:99) with 1 output partitions
[2025-07-03T23:07:00.308+0200] {spark_submit.py:521} INFO - 25/07/03 23:07:00 INFO DAGScheduler: Final stage: ResultStage 4 (collect at /home/leoja/airflow/spark_jobs/compute_quadrants.py:99)
[2025-07-03T23:07:00.308+0200] {spark_submit.py:521} INFO - 25/07/03 23:07:00 INFO DAGScheduler: Parents of final stage: List(ShuffleMapStage 3)
[2025-07-03T23:07:00.309+0200] {spark_submit.py:521} INFO - 25/07/03 23:07:00 INFO DAGScheduler: Missing parents: List()
[2025-07-03T23:07:00.310+0200] {spark_submit.py:521} INFO - 25/07/03 23:07:00 INFO DAGScheduler: Submitting ResultStage 4 (MapPartitionsRDD[10] at collect at /home/leoja/airflow/spark_jobs/compute_quadrants.py:99), which has no missing parents
[2025-07-03T23:07:00.323+0200] {spark_submit.py:521} INFO - 25/07/03 23:07:00 INFO MemoryStore: Block broadcast_4 stored as values in memory (estimated size 13.1 KiB, free 434.1 MiB)
[2025-07-03T23:07:00.326+0200] {spark_submit.py:521} INFO - 25/07/03 23:07:00 INFO MemoryStore: Block broadcast_4_piece0 stored as bytes in memory (estimated size 6.1 KiB, free 434.1 MiB)
[2025-07-03T23:07:00.328+0200] {spark_submit.py:521} INFO - 25/07/03 23:07:00 INFO BlockManagerInfo: Added broadcast_4_piece0 in memory on 10.255.255.254:42681 (size: 6.1 KiB, free: 434.4 MiB)
[2025-07-03T23:07:00.331+0200] {spark_submit.py:521} INFO - 25/07/03 23:07:00 INFO SparkContext: Created broadcast 4 from broadcast at DAGScheduler.scala:1585
[2025-07-03T23:07:00.335+0200] {spark_submit.py:521} INFO - 25/07/03 23:07:00 INFO DAGScheduler: Submitting 1 missing tasks from ResultStage 4 (MapPartitionsRDD[10] at collect at /home/leoja/airflow/spark_jobs/compute_quadrants.py:99) (first 15 tasks are for partitions Vector(0))
[2025-07-03T23:07:00.335+0200] {spark_submit.py:521} INFO - 25/07/03 23:07:00 INFO TaskSchedulerImpl: Adding task set 4.0 with 1 tasks resource profile 0
[2025-07-03T23:07:00.342+0200] {spark_submit.py:521} INFO - 25/07/03 23:07:00 INFO TaskSetManager: Starting task 0.0 in stage 4.0 (TID 3) (10.255.255.254, executor driver, partition 0, NODE_LOCAL, 8999 bytes)
[2025-07-03T23:07:00.344+0200] {spark_submit.py:521} INFO - 25/07/03 23:07:00 INFO Executor: Running task 0.0 in stage 4.0 (TID 3)
[2025-07-03T23:07:00.392+0200] {spark_submit.py:521} INFO - 25/07/03 23:07:00 INFO ShuffleBlockFetcherIterator: Getting 1 (60.0 B) non-empty blocks including 1 (60.0 B) local and 0 (0.0 B) host-local and 0 (0.0 B) push-merged-local and 0 (0.0 B) remote blocks
[2025-07-03T23:07:00.393+0200] {spark_submit.py:521} INFO - 25/07/03 23:07:00 INFO ShuffleBlockFetcherIterator: Started 0 remote fetches in 8 ms
[2025-07-03T23:07:00.410+0200] {spark_submit.py:521} INFO - 25/07/03 23:07:00 INFO CodeGenerator: Code generated in 11.269345 ms
[2025-07-03T23:07:00.431+0200] {spark_submit.py:521} INFO - 25/07/03 23:07:00 INFO BlockManagerInfo: Removed broadcast_3_piece0 on 10.255.255.254:42681 in memory (size: 8.3 KiB, free: 434.4 MiB)
[2025-07-03T23:07:00.433+0200] {spark_submit.py:521} INFO - 25/07/03 23:07:00 INFO Executor: Finished task 0.0 in stage 4.0 (TID 3). 4081 bytes result sent to driver
[2025-07-03T23:07:00.436+0200] {spark_submit.py:521} INFO - 25/07/03 23:07:00 INFO TaskSetManager: Finished task 0.0 in stage 4.0 (TID 3) in 97 ms on 10.255.255.254 (executor driver) (1/1)
[2025-07-03T23:07:00.436+0200] {spark_submit.py:521} INFO - 25/07/03 23:07:00 INFO TaskSchedulerImpl: Removed TaskSet 4.0, whose tasks have all completed, from pool
[2025-07-03T23:07:00.438+0200] {spark_submit.py:521} INFO - 25/07/03 23:07:00 INFO DAGScheduler: ResultStage 4 (collect at /home/leoja/airflow/spark_jobs/compute_quadrants.py:99) finished in 0.117 s
[2025-07-03T23:07:00.438+0200] {spark_submit.py:521} INFO - 25/07/03 23:07:00 INFO DAGScheduler: Job 3 is finished. Cancelling potential speculative or zombie tasks for this job
[2025-07-03T23:07:00.438+0200] {spark_submit.py:521} INFO - 25/07/03 23:07:00 INFO TaskSchedulerImpl: Killing all running tasks in stage 4: Stage finished
[2025-07-03T23:07:00.439+0200] {spark_submit.py:521} INFO - 25/07/03 23:07:00 INFO DAGScheduler: Job 3 finished: collect at /home/leoja/airflow/spark_jobs/compute_quadrants.py:99, took 0.133710 s
[2025-07-03T23:07:00.607+0200] {spark_submit.py:521} INFO - 25/07/03 23:07:00 INFO FileSourceStrategy: Pushed Filters:
[2025-07-03T23:07:00.610+0200] {spark_submit.py:521} INFO - 25/07/03 23:07:00 INFO FileSourceStrategy: Post-Scan Filters: (gettimestamp(date#0, yyyy-MM-dd, TimestampType, Some(Europe/Paris), false) >= 2025-07-01 00:00:00)
[2025-07-03T23:07:00.693+0200] {spark_submit.py:521} INFO - 25/07/03 23:07:00 INFO CodeGenerator: Code generated in 39.570502 ms
[2025-07-03T23:07:00.700+0200] {spark_submit.py:521} INFO - 25/07/03 23:07:00 INFO MemoryStore: Block broadcast_5 stored as values in memory (estimated size 202.3 KiB, free 434.0 MiB)
[2025-07-03T23:07:00.707+0200] {spark_submit.py:521} INFO - 25/07/03 23:07:00 INFO MemoryStore: Block broadcast_5_piece0 stored as bytes in memory (estimated size 35.3 KiB, free 433.9 MiB)
[2025-07-03T23:07:00.708+0200] {spark_submit.py:521} INFO - 25/07/03 23:07:00 INFO BlockManagerInfo: Added broadcast_5_piece0 in memory on 10.255.255.254:42681 (size: 35.3 KiB, free: 434.3 MiB)
[2025-07-03T23:07:00.709+0200] {spark_submit.py:521} INFO - 25/07/03 23:07:00 INFO SparkContext: Created broadcast 5 from javaToPython at NativeMethodAccessorImpl.java:0
[2025-07-03T23:07:00.711+0200] {spark_submit.py:521} INFO - 25/07/03 23:07:00 INFO FileSourceScanExec: Planning scan with bin packing, max size: 4194304 bytes, open cost is considered as scanning 4194304 bytes.
[2025-07-03T23:07:00.736+0200] {spark_submit.py:521} INFO - 25/07/03 23:07:00 INFO CodeGenerator: Code generated in 9.701827 ms
[2025-07-03T23:07:00.764+0200] {spark_submit.py:521} INFO - 25/07/03 23:07:00 INFO SparkContext: Starting job: javaToPython at NativeMethodAccessorImpl.java:0
[2025-07-03T23:07:00.766+0200] {spark_submit.py:521} INFO - 25/07/03 23:07:00 INFO DAGScheduler: Got job 4 (javaToPython at NativeMethodAccessorImpl.java:0) with 1 output partitions
[2025-07-03T23:07:00.766+0200] {spark_submit.py:521} INFO - 25/07/03 23:07:00 INFO DAGScheduler: Final stage: ResultStage 5 (javaToPython at NativeMethodAccessorImpl.java:0)
[2025-07-03T23:07:00.766+0200] {spark_submit.py:521} INFO - 25/07/03 23:07:00 INFO DAGScheduler: Parents of final stage: List()
[2025-07-03T23:07:00.766+0200] {spark_submit.py:521} INFO - 25/07/03 23:07:00 INFO DAGScheduler: Missing parents: List()
[2025-07-03T23:07:00.767+0200] {spark_submit.py:521} INFO - 25/07/03 23:07:00 INFO DAGScheduler: Submitting ResultStage 5 (MapPartitionsRDD[16] at javaToPython at NativeMethodAccessorImpl.java:0), which has no missing parents
[2025-07-03T23:07:00.769+0200] {spark_submit.py:521} INFO - 25/07/03 23:07:00 INFO MemoryStore: Block broadcast_6 stored as values in memory (estimated size 24.4 KiB, free 433.9 MiB)
[2025-07-03T23:07:00.771+0200] {spark_submit.py:521} INFO - 25/07/03 23:07:00 INFO MemoryStore: Block broadcast_6_piece0 stored as bytes in memory (estimated size 9.6 KiB, free 433.9 MiB)
[2025-07-03T23:07:00.772+0200] {spark_submit.py:521} INFO - 25/07/03 23:07:00 INFO BlockManagerInfo: Added broadcast_6_piece0 in memory on 10.255.255.254:42681 (size: 9.6 KiB, free: 434.3 MiB)
[2025-07-03T23:07:00.773+0200] {spark_submit.py:521} INFO - 25/07/03 23:07:00 INFO SparkContext: Created broadcast 6 from broadcast at DAGScheduler.scala:1585
[2025-07-03T23:07:00.774+0200] {spark_submit.py:521} INFO - 25/07/03 23:07:00 INFO DAGScheduler: Submitting 1 missing tasks from ResultStage 5 (MapPartitionsRDD[16] at javaToPython at NativeMethodAccessorImpl.java:0) (first 15 tasks are for partitions Vector(0))
[2025-07-03T23:07:00.774+0200] {spark_submit.py:521} INFO - 25/07/03 23:07:00 INFO TaskSchedulerImpl: Adding task set 5.0 with 1 tasks resource profile 0
[2025-07-03T23:07:00.776+0200] {spark_submit.py:521} INFO - 25/07/03 23:07:00 INFO TaskSetManager: Starting task 0.0 in stage 5.0 (TID 4) (10.255.255.254, executor driver, partition 0, PROCESS_LOCAL, 9612 bytes)
[2025-07-03T23:07:00.776+0200] {spark_submit.py:521} INFO - 25/07/03 23:07:00 INFO Executor: Running task 0.0 in stage 5.0 (TID 4)
[2025-07-03T23:07:00.807+0200] {spark_submit.py:521} INFO - 25/07/03 23:07:00 INFO CodeGenerator: Code generated in 21.246412 ms
[2025-07-03T23:07:00.823+0200] {spark_submit.py:521} INFO - 25/07/03 23:07:00 INFO CodeGenerator: Code generated in 8.569529 ms
[2025-07-03T23:07:00.826+0200] {spark_submit.py:521} INFO - 25/07/03 23:07:00 INFO FileScanRDD: Reading File path: file:///home/leoja/airflow/data/Indicators.parquet, range: 0-16068, partition values: [empty row]
[2025-07-03T23:07:00.871+0200] {spark_submit.py:521} INFO - 25/07/03 23:07:00 INFO BlockManagerInfo: Removed broadcast_4_piece0 on 10.255.255.254:42681 in memory (size: 6.1 KiB, free: 434.3 MiB)
[2025-07-03T23:07:00.872+0200] {spark_submit.py:521} INFO - 25/07/03 23:07:00 INFO Executor: Finished task 0.0 in stage 5.0 (TID 4). 2041 bytes result sent to driver
[2025-07-03T23:07:00.873+0200] {spark_submit.py:521} INFO - 25/07/03 23:07:00 INFO TaskSetManager: Finished task 0.0 in stage 5.0 (TID 4) in 97 ms on 10.255.255.254 (executor driver) (1/1)
[2025-07-03T23:07:00.874+0200] {spark_submit.py:521} INFO - 25/07/03 23:07:00 INFO TaskSchedulerImpl: Removed TaskSet 5.0, whose tasks have all completed, from pool
[2025-07-03T23:07:00.874+0200] {spark_submit.py:521} INFO - 25/07/03 23:07:00 INFO DAGScheduler: ResultStage 5 (javaToPython at NativeMethodAccessorImpl.java:0) finished in 0.106 s
[2025-07-03T23:07:00.874+0200] {spark_submit.py:521} INFO - 25/07/03 23:07:00 INFO DAGScheduler: Job 4 is finished. Cancelling potential speculative or zombie tasks for this job
[2025-07-03T23:07:00.874+0200] {spark_submit.py:521} INFO - 25/07/03 23:07:00 INFO TaskSchedulerImpl: Killing all running tasks in stage 5: Stage finished
[2025-07-03T23:07:00.875+0200] {spark_submit.py:521} INFO - 25/07/03 23:07:00 INFO DAGScheduler: Job 4 finished: javaToPython at NativeMethodAccessorImpl.java:0, took 0.110215 s
[2025-07-03T23:07:00.883+0200] {spark_submit.py:521} INFO - 25/07/03 23:07:00 INFO DAGScheduler: Registering RDD 17 (javaToPython at NativeMethodAccessorImpl.java:0) as input to shuffle 1
[2025-07-03T23:07:00.883+0200] {spark_submit.py:521} INFO - 25/07/03 23:07:00 INFO DAGScheduler: Got map stage job 5 (javaToPython at NativeMethodAccessorImpl.java:0) with 1 output partitions
[2025-07-03T23:07:00.883+0200] {spark_submit.py:521} INFO - 25/07/03 23:07:00 INFO DAGScheduler: Final stage: ShuffleMapStage 6 (javaToPython at NativeMethodAccessorImpl.java:0)
[2025-07-03T23:07:00.884+0200] {spark_submit.py:521} INFO - 25/07/03 23:07:00 INFO DAGScheduler: Parents of final stage: List()
[2025-07-03T23:07:00.884+0200] {spark_submit.py:521} INFO - 25/07/03 23:07:00 INFO DAGScheduler: Missing parents: List()
[2025-07-03T23:07:00.884+0200] {spark_submit.py:521} INFO - 25/07/03 23:07:00 INFO DAGScheduler: Submitting ShuffleMapStage 6 (MapPartitionsRDD[17] at javaToPython at NativeMethodAccessorImpl.java:0), which has no missing parents
[2025-07-03T23:07:00.893+0200] {spark_submit.py:521} INFO - 25/07/03 23:07:00 INFO MemoryStore: Block broadcast_7 stored as values in memory (estimated size 26.2 KiB, free 433.9 MiB)
[2025-07-03T23:07:00.894+0200] {spark_submit.py:521} INFO - 25/07/03 23:07:00 INFO MemoryStore: Block broadcast_7_piece0 stored as bytes in memory (estimated size 10.6 KiB, free 433.9 MiB)
[2025-07-03T23:07:00.895+0200] {spark_submit.py:521} INFO - 25/07/03 23:07:00 INFO BlockManagerInfo: Added broadcast_7_piece0 in memory on 10.255.255.254:42681 (size: 10.6 KiB, free: 434.3 MiB)
[2025-07-03T23:07:00.896+0200] {spark_submit.py:521} INFO - 25/07/03 23:07:00 INFO SparkContext: Created broadcast 7 from broadcast at DAGScheduler.scala:1585
[2025-07-03T23:07:00.896+0200] {spark_submit.py:521} INFO - 25/07/03 23:07:00 INFO DAGScheduler: Submitting 1 missing tasks from ShuffleMapStage 6 (MapPartitionsRDD[17] at javaToPython at NativeMethodAccessorImpl.java:0) (first 15 tasks are for partitions Vector(0))
[2025-07-03T23:07:00.897+0200] {spark_submit.py:521} INFO - 25/07/03 23:07:00 INFO TaskSchedulerImpl: Adding task set 6.0 with 1 tasks resource profile 0
[2025-07-03T23:07:00.898+0200] {spark_submit.py:521} INFO - 25/07/03 23:07:00 INFO TaskSetManager: Starting task 0.0 in stage 6.0 (TID 5) (10.255.255.254, executor driver, partition 0, PROCESS_LOCAL, 9601 bytes)
[2025-07-03T23:07:00.899+0200] {spark_submit.py:521} INFO - 25/07/03 23:07:00 INFO Executor: Running task 0.0 in stage 6.0 (TID 5)
[2025-07-03T23:07:00.916+0200] {spark_submit.py:521} INFO - 25/07/03 23:07:00 INFO CodeGenerator: Code generated in 6.27816 ms
[2025-07-03T23:07:00.925+0200] {spark_submit.py:521} INFO - 25/07/03 23:07:00 INFO FileScanRDD: Reading File path: file:///home/leoja/airflow/data/Indicators.parquet, range: 0-16068, partition values: [empty row]
[2025-07-03T23:07:00.944+0200] {spark_submit.py:521} INFO - 25/07/03 23:07:00 INFO Executor: Finished task 0.0 in stage 6.0 (TID 5). 2053 bytes result sent to driver
[2025-07-03T23:07:00.946+0200] {spark_submit.py:521} INFO - 25/07/03 23:07:00 INFO TaskSetManager: Finished task 0.0 in stage 6.0 (TID 5) in 47 ms on 10.255.255.254 (executor driver) (1/1)
[2025-07-03T23:07:00.946+0200] {spark_submit.py:521} INFO - 25/07/03 23:07:00 INFO TaskSchedulerImpl: Removed TaskSet 6.0, whose tasks have all completed, from pool
[2025-07-03T23:07:00.947+0200] {spark_submit.py:521} INFO - 25/07/03 23:07:00 INFO DAGScheduler: ShuffleMapStage 6 (javaToPython at NativeMethodAccessorImpl.java:0) finished in 0.061 s
[2025-07-03T23:07:00.947+0200] {spark_submit.py:521} INFO - 25/07/03 23:07:00 INFO DAGScheduler: looking for newly runnable stages
[2025-07-03T23:07:00.948+0200] {spark_submit.py:521} INFO - 25/07/03 23:07:00 INFO DAGScheduler: running: Set()
[2025-07-03T23:07:00.948+0200] {spark_submit.py:521} INFO - 25/07/03 23:07:00 INFO DAGScheduler: waiting: Set()
[2025-07-03T23:07:00.948+0200] {spark_submit.py:521} INFO - 25/07/03 23:07:00 INFO DAGScheduler: failed: Set()
[2025-07-03T23:07:00.966+0200] {spark_submit.py:521} INFO - 25/07/03 23:07:00 INFO ShufflePartitionsUtil: For shuffle(1), advisory target size: 67108864, actual target size 1048576, minimum partition size: 1048576
[2025-07-03T23:07:01.026+0200] {spark_submit.py:521} INFO - 25/07/03 23:07:01 INFO SparkContext: Starting job: runJob at PythonRDD.scala:181
[2025-07-03T23:07:01.028+0200] {spark_submit.py:521} INFO - 25/07/03 23:07:01 INFO DAGScheduler: Got job 6 (runJob at PythonRDD.scala:181) with 1 output partitions
[2025-07-03T23:07:01.029+0200] {spark_submit.py:521} INFO - 25/07/03 23:07:01 INFO DAGScheduler: Final stage: ResultStage 8 (runJob at PythonRDD.scala:181)
[2025-07-03T23:07:01.029+0200] {spark_submit.py:521} INFO - 25/07/03 23:07:01 INFO DAGScheduler: Parents of final stage: List(ShuffleMapStage 7)
[2025-07-03T23:07:01.029+0200] {spark_submit.py:521} INFO - 25/07/03 23:07:01 INFO DAGScheduler: Missing parents: List()
[2025-07-03T23:07:01.030+0200] {spark_submit.py:521} INFO - 25/07/03 23:07:01 INFO DAGScheduler: Submitting ResultStage 8 (PythonRDD[22] at RDD at PythonRDD.scala:53), which has no missing parents
[2025-07-03T23:07:01.046+0200] {spark_submit.py:521} INFO - 25/07/03 23:07:01 INFO MemoryStore: Block broadcast_8 stored as values in memory (estimated size 15.6 KiB, free 433.9 MiB)
[2025-07-03T23:07:01.052+0200] {spark_submit.py:521} INFO - 25/07/03 23:07:01 INFO MemoryStore: Block broadcast_8_piece0 stored as bytes in memory (estimated size 7.9 KiB, free 433.8 MiB)
[2025-07-03T23:07:01.054+0200] {spark_submit.py:521} INFO - 25/07/03 23:07:01 INFO BlockManagerInfo: Added broadcast_8_piece0 in memory on 10.255.255.254:42681 (size: 7.9 KiB, free: 434.3 MiB)
[2025-07-03T23:07:01.055+0200] {spark_submit.py:521} INFO - 25/07/03 23:07:01 INFO SparkContext: Created broadcast 8 from broadcast at DAGScheduler.scala:1585
[2025-07-03T23:07:01.055+0200] {spark_submit.py:521} INFO - 25/07/03 23:07:01 INFO BlockManagerInfo: Removed broadcast_7_piece0 on 10.255.255.254:42681 in memory (size: 10.6 KiB, free: 434.3 MiB)
[2025-07-03T23:07:01.056+0200] {spark_submit.py:521} INFO - 25/07/03 23:07:01 INFO DAGScheduler: Submitting 1 missing tasks from ResultStage 8 (PythonRDD[22] at RDD at PythonRDD.scala:53) (first 15 tasks are for partitions Vector(0))
[2025-07-03T23:07:01.056+0200] {spark_submit.py:521} INFO - 25/07/03 23:07:01 INFO TaskSchedulerImpl: Adding task set 8.0 with 1 tasks resource profile 0
[2025-07-03T23:07:01.059+0200] {spark_submit.py:521} INFO - 25/07/03 23:07:01 INFO TaskSetManager: Starting task 0.0 in stage 8.0 (TID 6) (10.255.255.254, executor driver, partition 0, NODE_LOCAL, 9018 bytes)
[2025-07-03T23:07:01.061+0200] {spark_submit.py:521} INFO - 25/07/03 23:07:01 INFO Executor: Running task 0.0 in stage 8.0 (TID 6)
[2025-07-03T23:07:01.062+0200] {spark_submit.py:521} INFO - 25/07/03 23:07:01 INFO BlockManagerInfo: Removed broadcast_6_piece0 on 10.255.255.254:42681 in memory (size: 9.6 KiB, free: 434.3 MiB)
[2025-07-03T23:07:01.088+0200] {spark_submit.py:521} INFO - 25/07/03 23:07:01 INFO ShuffleBlockFetcherIterator: Getting 1 (117.0 B) non-empty blocks including 1 (117.0 B) local and 0 (0.0 B) host-local and 0 (0.0 B) push-merged-local and 0 (0.0 B) remote blocks
[2025-07-03T23:07:01.088+0200] {spark_submit.py:521} INFO - 25/07/03 23:07:01 INFO ShuffleBlockFetcherIterator: Started 0 remote fetches in 1 ms
[2025-07-03T23:07:02.247+0200] {spark_submit.py:521} INFO - 25/07/03 23:07:02 INFO PythonRunner: Times: total = 1155, boot = 959, init = 195, finish = 1
[2025-07-03T23:07:02.250+0200] {spark_submit.py:521} INFO - 25/07/03 23:07:02 INFO Executor: Finished task 0.0 in stage 8.0 (TID 6). 4238 bytes result sent to driver
[2025-07-03T23:07:02.252+0200] {spark_submit.py:521} INFO - 25/07/03 23:07:02 INFO TaskSetManager: Finished task 0.0 in stage 8.0 (TID 6) in 1193 ms on 10.255.255.254 (executor driver) (1/1)
[2025-07-03T23:07:02.252+0200] {spark_submit.py:521} INFO - 25/07/03 23:07:02 INFO TaskSchedulerImpl: Removed TaskSet 8.0, whose tasks have all completed, from pool
[2025-07-03T23:07:02.254+0200] {spark_submit.py:521} INFO - 25/07/03 23:07:02 INFO PythonAccumulatorV2: Connected to AccumulatorServer at host: 127.0.0.1 port: 47405
[2025-07-03T23:07:02.256+0200] {spark_submit.py:521} INFO - 25/07/03 23:07:02 INFO DAGScheduler: ResultStage 8 (runJob at PythonRDD.scala:181) finished in 1.223 s
[2025-07-03T23:07:02.256+0200] {spark_submit.py:521} INFO - 25/07/03 23:07:02 INFO DAGScheduler: Job 6 is finished. Cancelling potential speculative or zombie tasks for this job
[2025-07-03T23:07:02.256+0200] {spark_submit.py:521} INFO - 25/07/03 23:07:02 INFO TaskSchedulerImpl: Killing all running tasks in stage 8: Stage finished
[2025-07-03T23:07:02.257+0200] {spark_submit.py:521} INFO - 25/07/03 23:07:02 INFO DAGScheduler: Job 6 finished: runJob at PythonRDD.scala:181, took 1.230319 s
[2025-07-03T23:07:02.282+0200] {spark_submit.py:521} INFO - Traceback (most recent call last):
[2025-07-03T23:07:02.283+0200] {spark_submit.py:521} INFO - File "/home/leoja/airflow/spark_jobs/compute_quadrants.py", line 250, in <module>
[2025-07-03T23:07:02.283+0200] {spark_submit.py:521} INFO - main(indicators_path, output_parquet, output_csv)
[2025-07-03T23:07:02.283+0200] {spark_submit.py:521} INFO - File "/home/leoja/airflow/spark_jobs/compute_quadrants.py", line 123, in main
[2025-07-03T23:07:02.283+0200] {spark_submit.py:521} INFO - last_two = full_df.orderBy("date", ascending=False).limit(2).orderBy("date")
[2025-07-03T23:07:02.283+0200] {spark_submit.py:521} INFO - ^^^^^^^^^^^^^^^
[2025-07-03T23:07:02.283+0200] {spark_submit.py:521} INFO - AttributeError: 'NoneType' object has no attribute 'orderBy'
[2025-07-03T23:07:02.338+0200] {spark_submit.py:521} INFO - 25/07/03 23:07:02 INFO SparkContext: Invoking stop() from shutdown hook
[2025-07-03T23:07:02.339+0200] {spark_submit.py:521} INFO - 25/07/03 23:07:02 INFO SparkContext: SparkContext is stopping with exitCode 0.
[2025-07-03T23:07:02.353+0200] {spark_submit.py:521} INFO - 25/07/03 23:07:02 INFO SparkUI: Stopped Spark web UI at http://10.255.255.254:4040
[2025-07-03T23:07:02.361+0200] {spark_submit.py:521} INFO - 25/07/03 23:07:02 INFO MapOutputTrackerMasterEndpoint: MapOutputTrackerMasterEndpoint stopped!
[2025-07-03T23:07:02.379+0200] {spark_submit.py:521} INFO - 25/07/03 23:07:02 INFO MemoryStore: MemoryStore cleared
[2025-07-03T23:07:02.380+0200] {spark_submit.py:521} INFO - 25/07/03 23:07:02 INFO BlockManager: BlockManager stopped
[2025-07-03T23:07:02.383+0200] {spark_submit.py:521} INFO - 25/07/03 23:07:02 INFO BlockManagerMaster: BlockManagerMaster stopped
[2025-07-03T23:07:02.386+0200] {spark_submit.py:521} INFO - 25/07/03 23:07:02 INFO OutputCommitCoordinator$OutputCommitCoordinatorEndpoint: OutputCommitCoordinator stopped!
[2025-07-03T23:07:02.397+0200] {spark_submit.py:521} INFO - 25/07/03 23:07:02 INFO SparkContext: Successfully stopped SparkContext
[2025-07-03T23:07:02.397+0200] {spark_submit.py:521} INFO - 25/07/03 23:07:02 INFO ShutdownHookManager: Shutdown hook called
[2025-07-03T23:07:02.398+0200] {spark_submit.py:521} INFO - 25/07/03 23:07:02 INFO ShutdownHookManager: Deleting directory /tmp/spark-8b009c28-2f36-4ce1-ab2e-b38596e1b634/pyspark-c800d581-090f-4e3d-a764-78b021d869bb
[2025-07-03T23:07:02.401+0200] {spark_submit.py:521} INFO - 25/07/03 23:07:02 INFO ShutdownHookManager: Deleting directory /tmp/spark-64f01767-5ef0-48dc-b1d5-4aa5e130066b
[2025-07-03T23:07:02.406+0200] {spark_submit.py:521} INFO - 25/07/03 23:07:02 INFO ShutdownHookManager: Deleting directory /tmp/spark-8b009c28-2f36-4ce1-ab2e-b38596e1b634
[2025-07-03T23:07:02.465+0200] {taskinstance.py:441} INFO - ::group::Post task execution logs
[2025-07-03T23:07:02.474+0200] {taskinstance.py:2890} ERROR - Task failed with exception
Traceback (most recent call last):
  File "/home/leoja/airflow/airflow_venv/lib/python3.12/site-packages/airflow/models/taskinstance.py", line 465, in _execute_task
    result = _execute_callable(context=context, **execute_callable_kwargs)
             ^^^^^^^^^^^^^^^^^^^^^^^^^^^^^^^^^^^^^^^^^^^^^^^^^^^^^^^^^^^^^
  File "/home/leoja/airflow/airflow_venv/lib/python3.12/site-packages/airflow/models/taskinstance.py", line 432, in _execute_callable
    return execute_callable(context=context, **execute_callable_kwargs)
           ^^^^^^^^^^^^^^^^^^^^^^^^^^^^^^^^^^^^^^^^^^^^^^^^^^^^^^^^^^^^
  File "/home/leoja/airflow/airflow_venv/lib/python3.12/site-packages/airflow/models/baseoperator.py", line 400, in wrapper
    return func(self, *args, **kwargs)
           ^^^^^^^^^^^^^^^^^^^^^^^^^^^
  File "/home/leoja/airflow/airflow_venv/lib/python3.12/site-packages/airflow/providers/apache/spark/operators/spark_submit.py", line 156, in execute
    self._hook.submit(self._application)
  File "/home/leoja/airflow/airflow_venv/lib/python3.12/site-packages/airflow/providers/apache/spark/hooks/spark_submit.py", line 452, in submit
    raise AirflowException(
airflow.exceptions.AirflowException: Cannot execute: spark-submit --master local[*] --conf spark.pyspark.python=/home/leoja/airflow_venv/bin/python --conf spark.pyspark.driver.python=/home/leoja/airflow_venv/bin/python --name compute_economic_quadrants /home/leoja/airflow/spark_jobs/compute_quadrants.py /home/leoja/airflow/data/Indicators.parquet /home/leoja/airflow/data/quadrants.parquet /home/leoja/airflow/data/quadrants.csv. Error code is: 1.
[2025-07-03T23:07:02.482+0200] {taskinstance.py:1205} INFO - Marking task as UP_FOR_RETRY. dag_id=macro_trading_dag, task_id=compute_economic_quadrants, execution_date=20250703T210611, start_date=20250703T210643, end_date=20250703T210702
[2025-07-03T23:07:02.549+0200] {standard_task_runner.py:110} ERROR - Failed to execute job 670 for task compute_economic_quadrants (Cannot execute: spark-submit --master local[*] --conf spark.pyspark.python=/home/leoja/airflow_venv/bin/python --conf spark.pyspark.driver.python=/home/leoja/airflow_venv/bin/python --name compute_economic_quadrants /home/leoja/airflow/spark_jobs/compute_quadrants.py /home/leoja/airflow/data/Indicators.parquet /home/leoja/airflow/data/quadrants.parquet /home/leoja/airflow/data/quadrants.csv. Error code is: 1.; 3917)
[2025-07-03T23:07:02.592+0200] {local_task_job_runner.py:240} INFO - Task exited with return code 1
[2025-07-03T23:07:02.612+0200] {taskinstance.py:3482} INFO - 0 downstream tasks scheduled from follow-on schedule check
[2025-07-03T23:07:02.613+0200] {local_task_job_runner.py:222} INFO - ::endgroup::
