[2025-08-16T14:12:31.803+0200] {processor.py:161} INFO - Started process (PID=1837) to work on /home/leoja/airflow/dags/macro_trading_dag.py
[2025-08-16T14:12:31.805+0200] {processor.py:830} INFO - Processing file /home/leoja/airflow/dags/macro_trading_dag.py for tasks to queue
[2025-08-16T14:12:31.808+0200] {logging_mixin.py:188} INFO - [2025-08-16T14:12:31.807+0200] {dagbag.py:540} INFO - Filling up the DagBag from /home/leoja/airflow/dags/macro_trading_dag.py
[2025-08-16T14:12:33.676+0200] {processor.py:840} INFO - DAG(s) 'macro_trading_dag' retrieved from /home/leoja/airflow/dags/macro_trading_dag.py
[2025-08-16T14:12:33.691+0200] {logging_mixin.py:188} INFO - [2025-08-16T14:12:33.691+0200] {dag.py:3096} INFO - Sync 1 DAGs
[2025-08-16T14:12:33.759+0200] {logging_mixin.py:188} INFO - [2025-08-16T14:12:33.758+0200] {dag.py:3954} INFO - Setting next_dagrun for macro_trading_dag to 2025-08-15 08:00:00+00:00, run_after=2025-08-16 08:00:00+00:00
[2025-08-16T14:12:33.829+0200] {processor.py:183} INFO - Processing /home/leoja/airflow/dags/macro_trading_dag.py took 2.038 seconds
[2025-08-16T14:15:12.583+0200] {processor.py:161} INFO - Started process (PID=3161) to work on /home/leoja/airflow/dags/macro_trading_dag.py
[2025-08-16T14:15:12.585+0200] {processor.py:830} INFO - Processing file /home/leoja/airflow/dags/macro_trading_dag.py for tasks to queue
[2025-08-16T14:15:12.586+0200] {logging_mixin.py:188} INFO - [2025-08-16T14:15:12.585+0200] {dagbag.py:540} INFO - Filling up the DagBag from /home/leoja/airflow/dags/macro_trading_dag.py
[2025-08-16T14:15:14.278+0200] {processor.py:840} INFO - DAG(s) 'macro_trading_dag' retrieved from /home/leoja/airflow/dags/macro_trading_dag.py
[2025-08-16T14:15:14.530+0200] {logging_mixin.py:188} INFO - [2025-08-16T14:15:14.529+0200] {dag.py:3096} INFO - Sync 1 DAGs
[2025-08-16T14:15:14.549+0200] {logging_mixin.py:188} INFO - [2025-08-16T14:15:14.549+0200] {dag.py:3954} INFO - Setting next_dagrun for macro_trading_dag to 2025-08-16 08:00:00+00:00, run_after=2025-08-17 08:00:00+00:00
[2025-08-16T14:15:14.603+0200] {processor.py:183} INFO - Processing /home/leoja/airflow/dags/macro_trading_dag.py took 2.026 seconds
[2025-08-16T14:17:04.528+0200] {processor.py:161} INFO - Started process (PID=4146) to work on /home/leoja/airflow/dags/macro_trading_dag.py
[2025-08-16T14:17:04.530+0200] {processor.py:830} INFO - Processing file /home/leoja/airflow/dags/macro_trading_dag.py for tasks to queue
[2025-08-16T14:17:04.530+0200] {logging_mixin.py:188} INFO - [2025-08-16T14:17:04.530+0200] {dagbag.py:540} INFO - Filling up the DagBag from /home/leoja/airflow/dags/macro_trading_dag.py
[2025-08-16T14:17:05.163+0200] {processor.py:840} INFO - DAG(s) 'macro_trading_dag' retrieved from /home/leoja/airflow/dags/macro_trading_dag.py
[2025-08-16T14:17:05.174+0200] {logging_mixin.py:188} INFO - [2025-08-16T14:17:05.173+0200] {dag.py:3096} INFO - Sync 1 DAGs
[2025-08-16T14:17:05.185+0200] {logging_mixin.py:188} INFO - [2025-08-16T14:17:05.185+0200] {dag.py:3954} INFO - Setting next_dagrun for macro_trading_dag to 2025-08-16 08:00:00+00:00, run_after=2025-08-17 08:00:00+00:00
[2025-08-16T14:17:05.207+0200] {processor.py:183} INFO - Processing /home/leoja/airflow/dags/macro_trading_dag.py took 0.683 seconds
[2025-08-16T14:17:51.915+0200] {processor.py:161} INFO - Started process (PID=4328) to work on /home/leoja/airflow/dags/macro_trading_dag.py
[2025-08-16T14:17:51.917+0200] {processor.py:830} INFO - Processing file /home/leoja/airflow/dags/macro_trading_dag.py for tasks to queue
[2025-08-16T14:17:51.919+0200] {logging_mixin.py:188} INFO - [2025-08-16T14:17:51.918+0200] {dagbag.py:540} INFO - Filling up the DagBag from /home/leoja/airflow/dags/macro_trading_dag.py
[2025-08-16T14:17:52.548+0200] {processor.py:840} INFO - DAG(s) 'macro_trading_dag' retrieved from /home/leoja/airflow/dags/macro_trading_dag.py
[2025-08-16T14:17:52.559+0200] {logging_mixin.py:188} INFO - [2025-08-16T14:17:52.559+0200] {dag.py:3096} INFO - Sync 1 DAGs
[2025-08-16T14:17:52.570+0200] {logging_mixin.py:188} INFO - [2025-08-16T14:17:52.570+0200] {dag.py:3954} INFO - Setting next_dagrun for macro_trading_dag to 2025-08-16 08:00:00+00:00, run_after=2025-08-17 08:00:00+00:00
[2025-08-16T14:17:52.589+0200] {processor.py:183} INFO - Processing /home/leoja/airflow/dags/macro_trading_dag.py took 0.681 seconds
[2025-08-16T14:18:37.490+0200] {processor.py:161} INFO - Started process (PID=4482) to work on /home/leoja/airflow/dags/macro_trading_dag.py
[2025-08-16T14:18:37.502+0200] {processor.py:830} INFO - Processing file /home/leoja/airflow/dags/macro_trading_dag.py for tasks to queue
[2025-08-16T14:18:37.503+0200] {logging_mixin.py:188} INFO - [2025-08-16T14:18:37.503+0200] {dagbag.py:540} INFO - Filling up the DagBag from /home/leoja/airflow/dags/macro_trading_dag.py
[2025-08-16T14:18:38.112+0200] {processor.py:840} INFO - DAG(s) 'macro_trading_dag' retrieved from /home/leoja/airflow/dags/macro_trading_dag.py
[2025-08-16T14:18:38.123+0200] {logging_mixin.py:188} INFO - [2025-08-16T14:18:38.123+0200] {dag.py:3096} INFO - Sync 1 DAGs
[2025-08-16T14:18:38.138+0200] {logging_mixin.py:188} INFO - [2025-08-16T14:18:38.138+0200] {dag.py:3954} INFO - Setting next_dagrun for macro_trading_dag to 2025-08-16 08:00:00+00:00, run_after=2025-08-17 08:00:00+00:00
[2025-08-16T14:18:38.228+0200] {processor.py:183} INFO - Processing /home/leoja/airflow/dags/macro_trading_dag.py took 0.743 seconds
[2025-08-16T14:19:28.531+0200] {processor.py:161} INFO - Started process (PID=4784) to work on /home/leoja/airflow/dags/macro_trading_dag.py
[2025-08-16T14:19:28.539+0200] {processor.py:830} INFO - Processing file /home/leoja/airflow/dags/macro_trading_dag.py for tasks to queue
[2025-08-16T14:19:28.540+0200] {logging_mixin.py:188} INFO - [2025-08-16T14:19:28.540+0200] {dagbag.py:540} INFO - Filling up the DagBag from /home/leoja/airflow/dags/macro_trading_dag.py
[2025-08-16T14:19:29.121+0200] {processor.py:840} INFO - DAG(s) 'macro_trading_dag' retrieved from /home/leoja/airflow/dags/macro_trading_dag.py
[2025-08-16T14:19:29.133+0200] {logging_mixin.py:188} INFO - [2025-08-16T14:19:29.133+0200] {dag.py:3096} INFO - Sync 1 DAGs
[2025-08-16T14:19:29.145+0200] {logging_mixin.py:188} INFO - [2025-08-16T14:19:29.145+0200] {dag.py:3954} INFO - Setting next_dagrun for macro_trading_dag to 2025-08-16 08:00:00+00:00, run_after=2025-08-17 08:00:00+00:00
[2025-08-16T14:19:29.298+0200] {processor.py:183} INFO - Processing /home/leoja/airflow/dags/macro_trading_dag.py took 0.771 seconds
[2025-08-16T14:20:13.252+0200] {processor.py:161} INFO - Started process (PID=5054) to work on /home/leoja/airflow/dags/macro_trading_dag.py
[2025-08-16T14:20:13.254+0200] {processor.py:830} INFO - Processing file /home/leoja/airflow/dags/macro_trading_dag.py for tasks to queue
[2025-08-16T14:20:13.255+0200] {logging_mixin.py:188} INFO - [2025-08-16T14:20:13.254+0200] {dagbag.py:540} INFO - Filling up the DagBag from /home/leoja/airflow/dags/macro_trading_dag.py
[2025-08-16T14:20:13.914+0200] {processor.py:840} INFO - DAG(s) 'macro_trading_dag' retrieved from /home/leoja/airflow/dags/macro_trading_dag.py
[2025-08-16T14:20:13.927+0200] {logging_mixin.py:188} INFO - [2025-08-16T14:20:13.927+0200] {dag.py:3096} INFO - Sync 1 DAGs
[2025-08-16T14:20:13.938+0200] {logging_mixin.py:188} INFO - [2025-08-16T14:20:13.938+0200] {dag.py:3954} INFO - Setting next_dagrun for macro_trading_dag to 2025-08-16 08:00:00+00:00, run_after=2025-08-17 08:00:00+00:00
[2025-08-16T14:20:13.955+0200] {processor.py:183} INFO - Processing /home/leoja/airflow/dags/macro_trading_dag.py took 0.707 seconds
[2025-08-16T14:20:56.757+0200] {processor.py:161} INFO - Started process (PID=5302) to work on /home/leoja/airflow/dags/macro_trading_dag.py
[2025-08-16T14:20:56.760+0200] {processor.py:830} INFO - Processing file /home/leoja/airflow/dags/macro_trading_dag.py for tasks to queue
[2025-08-16T14:20:56.763+0200] {logging_mixin.py:188} INFO - [2025-08-16T14:20:56.762+0200] {dagbag.py:540} INFO - Filling up the DagBag from /home/leoja/airflow/dags/macro_trading_dag.py
[2025-08-16T14:20:57.502+0200] {processor.py:840} INFO - DAG(s) 'macro_trading_dag' retrieved from /home/leoja/airflow/dags/macro_trading_dag.py
[2025-08-16T14:20:57.515+0200] {logging_mixin.py:188} INFO - [2025-08-16T14:20:57.515+0200] {dag.py:3096} INFO - Sync 1 DAGs
[2025-08-16T14:20:57.536+0200] {logging_mixin.py:188} INFO - [2025-08-16T14:20:57.535+0200] {dag.py:3954} INFO - Setting next_dagrun for macro_trading_dag to 2025-08-16 08:00:00+00:00, run_after=2025-08-17 08:00:00+00:00
[2025-08-16T14:20:57.575+0200] {processor.py:183} INFO - Processing /home/leoja/airflow/dags/macro_trading_dag.py took 0.833 seconds
[2025-08-16T14:21:53.423+0200] {processor.py:161} INFO - Started process (PID=5666) to work on /home/leoja/airflow/dags/macro_trading_dag.py
[2025-08-16T14:21:53.425+0200] {processor.py:830} INFO - Processing file /home/leoja/airflow/dags/macro_trading_dag.py for tasks to queue
[2025-08-16T14:21:53.426+0200] {logging_mixin.py:188} INFO - [2025-08-16T14:21:53.425+0200] {dagbag.py:540} INFO - Filling up the DagBag from /home/leoja/airflow/dags/macro_trading_dag.py
[2025-08-16T14:21:54.031+0200] {processor.py:840} INFO - DAG(s) 'macro_trading_dag' retrieved from /home/leoja/airflow/dags/macro_trading_dag.py
[2025-08-16T14:21:54.046+0200] {logging_mixin.py:188} INFO - [2025-08-16T14:21:54.046+0200] {dag.py:3096} INFO - Sync 1 DAGs
[2025-08-16T14:21:54.057+0200] {logging_mixin.py:188} INFO - [2025-08-16T14:21:54.057+0200] {dag.py:3954} INFO - Setting next_dagrun for macro_trading_dag to 2025-08-16 08:00:00+00:00, run_after=2025-08-17 08:00:00+00:00
[2025-08-16T14:21:54.109+0200] {processor.py:183} INFO - Processing /home/leoja/airflow/dags/macro_trading_dag.py took 0.691 seconds
[2025-08-16T14:22:40.888+0200] {processor.py:161} INFO - Started process (PID=5913) to work on /home/leoja/airflow/dags/macro_trading_dag.py
[2025-08-16T14:22:40.900+0200] {processor.py:830} INFO - Processing file /home/leoja/airflow/dags/macro_trading_dag.py for tasks to queue
[2025-08-16T14:22:40.901+0200] {logging_mixin.py:188} INFO - [2025-08-16T14:22:40.901+0200] {dagbag.py:540} INFO - Filling up the DagBag from /home/leoja/airflow/dags/macro_trading_dag.py
[2025-08-16T14:22:41.582+0200] {processor.py:840} INFO - DAG(s) 'macro_trading_dag' retrieved from /home/leoja/airflow/dags/macro_trading_dag.py
[2025-08-16T14:22:41.596+0200] {logging_mixin.py:188} INFO - [2025-08-16T14:22:41.596+0200] {dag.py:3096} INFO - Sync 1 DAGs
[2025-08-16T14:22:41.615+0200] {logging_mixin.py:188} INFO - [2025-08-16T14:22:41.615+0200] {dag.py:3954} INFO - Setting next_dagrun for macro_trading_dag to 2025-08-16 08:00:00+00:00, run_after=2025-08-17 08:00:00+00:00
[2025-08-16T14:22:41.671+0200] {processor.py:183} INFO - Processing /home/leoja/airflow/dags/macro_trading_dag.py took 0.788 seconds
[2025-08-16T14:23:27.833+0200] {processor.py:161} INFO - Started process (PID=6172) to work on /home/leoja/airflow/dags/macro_trading_dag.py
[2025-08-16T14:23:27.835+0200] {processor.py:830} INFO - Processing file /home/leoja/airflow/dags/macro_trading_dag.py for tasks to queue
[2025-08-16T14:23:27.836+0200] {logging_mixin.py:188} INFO - [2025-08-16T14:23:27.836+0200] {dagbag.py:540} INFO - Filling up the DagBag from /home/leoja/airflow/dags/macro_trading_dag.py
[2025-08-16T14:23:28.513+0200] {processor.py:840} INFO - DAG(s) 'macro_trading_dag' retrieved from /home/leoja/airflow/dags/macro_trading_dag.py
[2025-08-16T14:23:28.526+0200] {logging_mixin.py:188} INFO - [2025-08-16T14:23:28.526+0200] {dag.py:3096} INFO - Sync 1 DAGs
[2025-08-16T14:23:28.550+0200] {logging_mixin.py:188} INFO - [2025-08-16T14:23:28.550+0200] {dag.py:3954} INFO - Setting next_dagrun for macro_trading_dag to 2025-08-16 08:00:00+00:00, run_after=2025-08-17 08:00:00+00:00
[2025-08-16T14:23:28.580+0200] {processor.py:183} INFO - Processing /home/leoja/airflow/dags/macro_trading_dag.py took 0.755 seconds
[2025-08-16T14:24:18.737+0200] {processor.py:161} INFO - Started process (PID=6448) to work on /home/leoja/airflow/dags/macro_trading_dag.py
[2025-08-16T14:24:18.739+0200] {processor.py:830} INFO - Processing file /home/leoja/airflow/dags/macro_trading_dag.py for tasks to queue
[2025-08-16T14:24:18.739+0200] {logging_mixin.py:188} INFO - [2025-08-16T14:24:18.739+0200] {dagbag.py:540} INFO - Filling up the DagBag from /home/leoja/airflow/dags/macro_trading_dag.py
[2025-08-16T14:24:19.461+0200] {processor.py:840} INFO - DAG(s) 'macro_trading_dag' retrieved from /home/leoja/airflow/dags/macro_trading_dag.py
[2025-08-16T14:24:19.472+0200] {logging_mixin.py:188} INFO - [2025-08-16T14:24:19.472+0200] {dag.py:3096} INFO - Sync 1 DAGs
[2025-08-16T14:24:19.484+0200] {logging_mixin.py:188} INFO - [2025-08-16T14:24:19.484+0200] {dag.py:3954} INFO - Setting next_dagrun for macro_trading_dag to 2025-08-16 08:00:00+00:00, run_after=2025-08-17 08:00:00+00:00
[2025-08-16T14:24:19.511+0200] {processor.py:183} INFO - Processing /home/leoja/airflow/dags/macro_trading_dag.py took 0.780 seconds
[2025-08-16T14:25:05.283+0200] {processor.py:161} INFO - Started process (PID=6720) to work on /home/leoja/airflow/dags/macro_trading_dag.py
[2025-08-16T14:25:05.290+0200] {processor.py:830} INFO - Processing file /home/leoja/airflow/dags/macro_trading_dag.py for tasks to queue
[2025-08-16T14:25:05.292+0200] {logging_mixin.py:188} INFO - [2025-08-16T14:25:05.291+0200] {dagbag.py:540} INFO - Filling up the DagBag from /home/leoja/airflow/dags/macro_trading_dag.py
[2025-08-16T14:25:06.100+0200] {processor.py:840} INFO - DAG(s) 'macro_trading_dag' retrieved from /home/leoja/airflow/dags/macro_trading_dag.py
[2025-08-16T14:25:06.111+0200] {logging_mixin.py:188} INFO - [2025-08-16T14:25:06.111+0200] {dag.py:3096} INFO - Sync 1 DAGs
[2025-08-16T14:25:06.125+0200] {logging_mixin.py:188} INFO - [2025-08-16T14:25:06.125+0200] {dag.py:3954} INFO - Setting next_dagrun for macro_trading_dag to 2025-08-16 08:00:00+00:00, run_after=2025-08-17 08:00:00+00:00
[2025-08-16T14:25:06.151+0200] {processor.py:183} INFO - Processing /home/leoja/airflow/dags/macro_trading_dag.py took 0.875 seconds
[2025-08-16T14:25:51.599+0200] {processor.py:161} INFO - Started process (PID=7022) to work on /home/leoja/airflow/dags/macro_trading_dag.py
[2025-08-16T14:25:51.605+0200] {processor.py:830} INFO - Processing file /home/leoja/airflow/dags/macro_trading_dag.py for tasks to queue
[2025-08-16T14:25:51.607+0200] {logging_mixin.py:188} INFO - [2025-08-16T14:25:51.606+0200] {dagbag.py:540} INFO - Filling up the DagBag from /home/leoja/airflow/dags/macro_trading_dag.py
[2025-08-16T14:25:52.907+0200] {processor.py:840} INFO - DAG(s) 'macro_trading_dag' retrieved from /home/leoja/airflow/dags/macro_trading_dag.py
[2025-08-16T14:25:52.933+0200] {logging_mixin.py:188} INFO - [2025-08-16T14:25:52.932+0200] {dag.py:3096} INFO - Sync 1 DAGs
[2025-08-16T14:25:52.949+0200] {logging_mixin.py:188} INFO - [2025-08-16T14:25:52.948+0200] {dag.py:3954} INFO - Setting next_dagrun for macro_trading_dag to 2025-08-16 08:00:00+00:00, run_after=2025-08-17 08:00:00+00:00
[2025-08-16T14:25:52.982+0200] {processor.py:183} INFO - Processing /home/leoja/airflow/dags/macro_trading_dag.py took 0.960 seconds
[2025-08-16T14:26:43.392+0200] {processor.py:161} INFO - Started process (PID=7321) to work on /home/leoja/airflow/dags/macro_trading_dag.py
[2025-08-16T14:26:43.399+0200] {processor.py:830} INFO - Processing file /home/leoja/airflow/dags/macro_trading_dag.py for tasks to queue
[2025-08-16T14:26:43.400+0200] {logging_mixin.py:188} INFO - [2025-08-16T14:26:43.400+0200] {dagbag.py:540} INFO - Filling up the DagBag from /home/leoja/airflow/dags/macro_trading_dag.py
[2025-08-16T14:26:44.165+0200] {processor.py:840} INFO - DAG(s) 'macro_trading_dag' retrieved from /home/leoja/airflow/dags/macro_trading_dag.py
[2025-08-16T14:26:44.180+0200] {logging_mixin.py:188} INFO - [2025-08-16T14:26:44.179+0200] {dag.py:3096} INFO - Sync 1 DAGs
[2025-08-16T14:26:44.204+0200] {logging_mixin.py:188} INFO - [2025-08-16T14:26:44.204+0200] {dag.py:3954} INFO - Setting next_dagrun for macro_trading_dag to 2025-08-16 08:00:00+00:00, run_after=2025-08-17 08:00:00+00:00
[2025-08-16T14:26:44.233+0200] {processor.py:183} INFO - Processing /home/leoja/airflow/dags/macro_trading_dag.py took 0.847 seconds
[2025-08-16T14:27:35.535+0200] {processor.py:161} INFO - Started process (PID=7598) to work on /home/leoja/airflow/dags/macro_trading_dag.py
[2025-08-16T14:27:35.537+0200] {processor.py:830} INFO - Processing file /home/leoja/airflow/dags/macro_trading_dag.py for tasks to queue
[2025-08-16T14:27:35.537+0200] {logging_mixin.py:188} INFO - [2025-08-16T14:27:35.537+0200] {dagbag.py:540} INFO - Filling up the DagBag from /home/leoja/airflow/dags/macro_trading_dag.py
[2025-08-16T14:27:36.192+0200] {processor.py:840} INFO - DAG(s) 'macro_trading_dag' retrieved from /home/leoja/airflow/dags/macro_trading_dag.py
[2025-08-16T14:27:36.206+0200] {logging_mixin.py:188} INFO - [2025-08-16T14:27:36.205+0200] {dag.py:3096} INFO - Sync 1 DAGs
[2025-08-16T14:27:36.221+0200] {logging_mixin.py:188} INFO - [2025-08-16T14:27:36.220+0200] {dag.py:3954} INFO - Setting next_dagrun for macro_trading_dag to 2025-08-16 08:00:00+00:00, run_after=2025-08-17 08:00:00+00:00
[2025-08-16T14:27:36.249+0200] {processor.py:183} INFO - Processing /home/leoja/airflow/dags/macro_trading_dag.py took 0.720 seconds
[2025-08-16T14:28:21.442+0200] {processor.py:161} INFO - Started process (PID=7870) to work on /home/leoja/airflow/dags/macro_trading_dag.py
[2025-08-16T14:28:21.444+0200] {processor.py:830} INFO - Processing file /home/leoja/airflow/dags/macro_trading_dag.py for tasks to queue
[2025-08-16T14:28:21.445+0200] {logging_mixin.py:188} INFO - [2025-08-16T14:28:21.444+0200] {dagbag.py:540} INFO - Filling up the DagBag from /home/leoja/airflow/dags/macro_trading_dag.py
[2025-08-16T14:28:22.358+0200] {processor.py:840} INFO - DAG(s) 'macro_trading_dag' retrieved from /home/leoja/airflow/dags/macro_trading_dag.py
[2025-08-16T14:28:22.372+0200] {logging_mixin.py:188} INFO - [2025-08-16T14:28:22.372+0200] {dag.py:3096} INFO - Sync 1 DAGs
[2025-08-16T14:28:22.397+0200] {logging_mixin.py:188} INFO - [2025-08-16T14:28:22.397+0200] {dag.py:3954} INFO - Setting next_dagrun for macro_trading_dag to 2025-08-16 08:00:00+00:00, run_after=2025-08-17 08:00:00+00:00
[2025-08-16T14:28:22.426+0200] {processor.py:183} INFO - Processing /home/leoja/airflow/dags/macro_trading_dag.py took 0.989 seconds
[2025-08-16T14:29:10.864+0200] {processor.py:161} INFO - Started process (PID=8168) to work on /home/leoja/airflow/dags/macro_trading_dag.py
[2025-08-16T14:29:10.867+0200] {processor.py:830} INFO - Processing file /home/leoja/airflow/dags/macro_trading_dag.py for tasks to queue
[2025-08-16T14:29:10.869+0200] {logging_mixin.py:188} INFO - [2025-08-16T14:29:10.868+0200] {dagbag.py:540} INFO - Filling up the DagBag from /home/leoja/airflow/dags/macro_trading_dag.py
[2025-08-16T14:29:11.638+0200] {processor.py:840} INFO - DAG(s) 'macro_trading_dag' retrieved from /home/leoja/airflow/dags/macro_trading_dag.py
[2025-08-16T14:29:11.652+0200] {logging_mixin.py:188} INFO - [2025-08-16T14:29:11.652+0200] {dag.py:3096} INFO - Sync 1 DAGs
[2025-08-16T14:29:11.693+0200] {logging_mixin.py:188} INFO - [2025-08-16T14:29:11.693+0200] {dag.py:3954} INFO - Setting next_dagrun for macro_trading_dag to 2025-08-16 08:00:00+00:00, run_after=2025-08-17 08:00:00+00:00
[2025-08-16T14:29:11.723+0200] {processor.py:183} INFO - Processing /home/leoja/airflow/dags/macro_trading_dag.py took 0.874 seconds
[2025-08-16T14:29:56.528+0200] {processor.py:161} INFO - Started process (PID=8463) to work on /home/leoja/airflow/dags/macro_trading_dag.py
[2025-08-16T14:29:56.530+0200] {processor.py:830} INFO - Processing file /home/leoja/airflow/dags/macro_trading_dag.py for tasks to queue
[2025-08-16T14:29:56.531+0200] {logging_mixin.py:188} INFO - [2025-08-16T14:29:56.531+0200] {dagbag.py:540} INFO - Filling up the DagBag from /home/leoja/airflow/dags/macro_trading_dag.py
[2025-08-16T14:29:57.225+0200] {processor.py:840} INFO - DAG(s) 'macro_trading_dag' retrieved from /home/leoja/airflow/dags/macro_trading_dag.py
[2025-08-16T14:29:57.240+0200] {logging_mixin.py:188} INFO - [2025-08-16T14:29:57.240+0200] {dag.py:3096} INFO - Sync 1 DAGs
[2025-08-16T14:29:57.258+0200] {logging_mixin.py:188} INFO - [2025-08-16T14:29:57.258+0200] {dag.py:3954} INFO - Setting next_dagrun for macro_trading_dag to 2025-08-16 08:00:00+00:00, run_after=2025-08-17 08:00:00+00:00
[2025-08-16T14:29:57.290+0200] {processor.py:183} INFO - Processing /home/leoja/airflow/dags/macro_trading_dag.py took 0.772 seconds
[2025-08-16T14:30:48.946+0200] {processor.py:161} INFO - Started process (PID=8757) to work on /home/leoja/airflow/dags/macro_trading_dag.py
[2025-08-16T14:30:48.957+0200] {processor.py:830} INFO - Processing file /home/leoja/airflow/dags/macro_trading_dag.py for tasks to queue
[2025-08-16T14:30:48.958+0200] {logging_mixin.py:188} INFO - [2025-08-16T14:30:48.958+0200] {dagbag.py:540} INFO - Filling up the DagBag from /home/leoja/airflow/dags/macro_trading_dag.py
[2025-08-16T14:30:49.937+0200] {processor.py:840} INFO - DAG(s) 'macro_trading_dag' retrieved from /home/leoja/airflow/dags/macro_trading_dag.py
[2025-08-16T14:30:49.951+0200] {logging_mixin.py:188} INFO - [2025-08-16T14:30:49.951+0200] {dag.py:3096} INFO - Sync 1 DAGs
[2025-08-16T14:30:49.972+0200] {logging_mixin.py:188} INFO - [2025-08-16T14:30:49.972+0200] {dag.py:3954} INFO - Setting next_dagrun for macro_trading_dag to 2025-08-16 08:00:00+00:00, run_after=2025-08-17 08:00:00+00:00
[2025-08-16T14:30:50.048+0200] {processor.py:183} INFO - Processing /home/leoja/airflow/dags/macro_trading_dag.py took 1.113 seconds
[2025-08-16T14:31:43.348+0200] {processor.py:161} INFO - Started process (PID=9098) to work on /home/leoja/airflow/dags/macro_trading_dag.py
[2025-08-16T14:31:43.359+0200] {processor.py:830} INFO - Processing file /home/leoja/airflow/dags/macro_trading_dag.py for tasks to queue
[2025-08-16T14:31:43.360+0200] {logging_mixin.py:188} INFO - [2025-08-16T14:31:43.360+0200] {dagbag.py:540} INFO - Filling up the DagBag from /home/leoja/airflow/dags/macro_trading_dag.py
[2025-08-16T14:31:44.018+0200] {processor.py:840} INFO - DAG(s) 'macro_trading_dag' retrieved from /home/leoja/airflow/dags/macro_trading_dag.py
[2025-08-16T14:31:44.032+0200] {logging_mixin.py:188} INFO - [2025-08-16T14:31:44.031+0200] {dag.py:3096} INFO - Sync 1 DAGs
[2025-08-16T14:31:44.049+0200] {logging_mixin.py:188} INFO - [2025-08-16T14:31:44.049+0200] {dag.py:3954} INFO - Setting next_dagrun for macro_trading_dag to 2025-08-16 08:00:00+00:00, run_after=2025-08-17 08:00:00+00:00
[2025-08-16T14:31:44.090+0200] {processor.py:183} INFO - Processing /home/leoja/airflow/dags/macro_trading_dag.py took 0.750 seconds
[2025-08-16T14:32:33.168+0200] {processor.py:161} INFO - Started process (PID=9364) to work on /home/leoja/airflow/dags/macro_trading_dag.py
[2025-08-16T14:32:33.171+0200] {processor.py:830} INFO - Processing file /home/leoja/airflow/dags/macro_trading_dag.py for tasks to queue
[2025-08-16T14:32:33.172+0200] {logging_mixin.py:188} INFO - [2025-08-16T14:32:33.171+0200] {dagbag.py:540} INFO - Filling up the DagBag from /home/leoja/airflow/dags/macro_trading_dag.py
[2025-08-16T14:32:33.809+0200] {processor.py:840} INFO - DAG(s) 'macro_trading_dag' retrieved from /home/leoja/airflow/dags/macro_trading_dag.py
[2025-08-16T14:32:33.829+0200] {logging_mixin.py:188} INFO - [2025-08-16T14:32:33.828+0200] {dag.py:3096} INFO - Sync 1 DAGs
[2025-08-16T14:32:33.870+0200] {logging_mixin.py:188} INFO - [2025-08-16T14:32:33.870+0200] {dag.py:3954} INFO - Setting next_dagrun for macro_trading_dag to 2025-08-16 08:00:00+00:00, run_after=2025-08-17 08:00:00+00:00
[2025-08-16T14:32:33.902+0200] {processor.py:183} INFO - Processing /home/leoja/airflow/dags/macro_trading_dag.py took 0.738 seconds
[2025-08-16T14:33:25.307+0200] {processor.py:161} INFO - Started process (PID=9677) to work on /home/leoja/airflow/dags/macro_trading_dag.py
[2025-08-16T14:33:25.310+0200] {processor.py:830} INFO - Processing file /home/leoja/airflow/dags/macro_trading_dag.py for tasks to queue
[2025-08-16T14:33:25.311+0200] {logging_mixin.py:188} INFO - [2025-08-16T14:33:25.310+0200] {dagbag.py:540} INFO - Filling up the DagBag from /home/leoja/airflow/dags/macro_trading_dag.py
[2025-08-16T14:33:25.971+0200] {processor.py:840} INFO - DAG(s) 'macro_trading_dag' retrieved from /home/leoja/airflow/dags/macro_trading_dag.py
[2025-08-16T14:33:25.984+0200] {logging_mixin.py:188} INFO - [2025-08-16T14:33:25.984+0200] {dag.py:3096} INFO - Sync 1 DAGs
[2025-08-16T14:33:26.002+0200] {logging_mixin.py:188} INFO - [2025-08-16T14:33:26.001+0200] {dag.py:3954} INFO - Setting next_dagrun for macro_trading_dag to 2025-08-16 08:00:00+00:00, run_after=2025-08-17 08:00:00+00:00
[2025-08-16T14:33:26.033+0200] {processor.py:183} INFO - Processing /home/leoja/airflow/dags/macro_trading_dag.py took 0.733 seconds
[2025-08-16T14:34:23.143+0200] {processor.py:161} INFO - Started process (PID=9955) to work on /home/leoja/airflow/dags/macro_trading_dag.py
[2025-08-16T14:34:23.223+0200] {processor.py:830} INFO - Processing file /home/leoja/airflow/dags/macro_trading_dag.py for tasks to queue
[2025-08-16T14:34:23.224+0200] {logging_mixin.py:188} INFO - [2025-08-16T14:34:23.223+0200] {dagbag.py:540} INFO - Filling up the DagBag from /home/leoja/airflow/dags/macro_trading_dag.py
[2025-08-16T14:34:23.930+0200] {processor.py:840} INFO - DAG(s) 'macro_trading_dag' retrieved from /home/leoja/airflow/dags/macro_trading_dag.py
[2025-08-16T14:34:23.946+0200] {logging_mixin.py:188} INFO - [2025-08-16T14:34:23.946+0200] {dag.py:3096} INFO - Sync 1 DAGs
[2025-08-16T14:34:23.962+0200] {logging_mixin.py:188} INFO - [2025-08-16T14:34:23.961+0200] {dag.py:3954} INFO - Setting next_dagrun for macro_trading_dag to 2025-08-16 08:00:00+00:00, run_after=2025-08-17 08:00:00+00:00
[2025-08-16T14:34:23.996+0200] {processor.py:183} INFO - Processing /home/leoja/airflow/dags/macro_trading_dag.py took 0.863 seconds
[2025-08-16T14:35:18.247+0200] {processor.py:161} INFO - Started process (PID=10285) to work on /home/leoja/airflow/dags/macro_trading_dag.py
[2025-08-16T14:35:18.248+0200] {processor.py:830} INFO - Processing file /home/leoja/airflow/dags/macro_trading_dag.py for tasks to queue
[2025-08-16T14:35:18.249+0200] {logging_mixin.py:188} INFO - [2025-08-16T14:35:18.248+0200] {dagbag.py:540} INFO - Filling up the DagBag from /home/leoja/airflow/dags/macro_trading_dag.py
[2025-08-16T14:35:18.975+0200] {processor.py:840} INFO - DAG(s) 'macro_trading_dag' retrieved from /home/leoja/airflow/dags/macro_trading_dag.py
[2025-08-16T14:35:18.987+0200] {logging_mixin.py:188} INFO - [2025-08-16T14:35:18.987+0200] {dag.py:3096} INFO - Sync 1 DAGs
[2025-08-16T14:35:19.001+0200] {logging_mixin.py:188} INFO - [2025-08-16T14:35:19.000+0200] {dag.py:3954} INFO - Setting next_dagrun for macro_trading_dag to 2025-08-16 08:00:00+00:00, run_after=2025-08-17 08:00:00+00:00
[2025-08-16T14:35:19.060+0200] {processor.py:183} INFO - Processing /home/leoja/airflow/dags/macro_trading_dag.py took 0.819 seconds
[2025-08-16T14:36:09.583+0200] {processor.py:161} INFO - Started process (PID=10559) to work on /home/leoja/airflow/dags/macro_trading_dag.py
[2025-08-16T14:36:09.585+0200] {processor.py:830} INFO - Processing file /home/leoja/airflow/dags/macro_trading_dag.py for tasks to queue
[2025-08-16T14:36:09.586+0200] {logging_mixin.py:188} INFO - [2025-08-16T14:36:09.586+0200] {dagbag.py:540} INFO - Filling up the DagBag from /home/leoja/airflow/dags/macro_trading_dag.py
[2025-08-16T14:36:10.255+0200] {processor.py:840} INFO - DAG(s) 'macro_trading_dag' retrieved from /home/leoja/airflow/dags/macro_trading_dag.py
[2025-08-16T14:36:10.269+0200] {logging_mixin.py:188} INFO - [2025-08-16T14:36:10.269+0200] {dag.py:3096} INFO - Sync 1 DAGs
[2025-08-16T14:36:10.284+0200] {logging_mixin.py:188} INFO - [2025-08-16T14:36:10.284+0200] {dag.py:3954} INFO - Setting next_dagrun for macro_trading_dag to 2025-08-16 08:00:00+00:00, run_after=2025-08-17 08:00:00+00:00
[2025-08-16T14:36:10.307+0200] {processor.py:183} INFO - Processing /home/leoja/airflow/dags/macro_trading_dag.py took 0.731 seconds
[2025-08-16T14:37:02.164+0200] {processor.py:161} INFO - Started process (PID=10910) to work on /home/leoja/airflow/dags/macro_trading_dag.py
[2025-08-16T14:37:02.165+0200] {processor.py:830} INFO - Processing file /home/leoja/airflow/dags/macro_trading_dag.py for tasks to queue
[2025-08-16T14:37:02.167+0200] {logging_mixin.py:188} INFO - [2025-08-16T14:37:02.166+0200] {dagbag.py:540} INFO - Filling up the DagBag from /home/leoja/airflow/dags/macro_trading_dag.py
[2025-08-16T14:37:02.903+0200] {processor.py:840} INFO - DAG(s) 'macro_trading_dag' retrieved from /home/leoja/airflow/dags/macro_trading_dag.py
[2025-08-16T14:37:02.916+0200] {logging_mixin.py:188} INFO - [2025-08-16T14:37:02.915+0200] {dag.py:3096} INFO - Sync 1 DAGs
[2025-08-16T14:37:02.930+0200] {logging_mixin.py:188} INFO - [2025-08-16T14:37:02.930+0200] {dag.py:3954} INFO - Setting next_dagrun for macro_trading_dag to 2025-08-16 08:00:00+00:00, run_after=2025-08-17 08:00:00+00:00
[2025-08-16T14:37:02.978+0200] {processor.py:183} INFO - Processing /home/leoja/airflow/dags/macro_trading_dag.py took 0.821 seconds
[2025-08-16T14:37:52.096+0200] {processor.py:161} INFO - Started process (PID=11185) to work on /home/leoja/airflow/dags/macro_trading_dag.py
[2025-08-16T14:37:52.098+0200] {processor.py:830} INFO - Processing file /home/leoja/airflow/dags/macro_trading_dag.py for tasks to queue
[2025-08-16T14:37:52.098+0200] {logging_mixin.py:188} INFO - [2025-08-16T14:37:52.098+0200] {dagbag.py:540} INFO - Filling up the DagBag from /home/leoja/airflow/dags/macro_trading_dag.py
[2025-08-16T14:37:53.167+0200] {processor.py:840} INFO - DAG(s) 'macro_trading_dag' retrieved from /home/leoja/airflow/dags/macro_trading_dag.py
[2025-08-16T14:37:53.178+0200] {logging_mixin.py:188} INFO - [2025-08-16T14:37:53.178+0200] {dag.py:3096} INFO - Sync 1 DAGs
[2025-08-16T14:37:53.190+0200] {logging_mixin.py:188} INFO - [2025-08-16T14:37:53.190+0200] {dag.py:3954} INFO - Setting next_dagrun for macro_trading_dag to 2025-08-16 08:00:00+00:00, run_after=2025-08-17 08:00:00+00:00
[2025-08-16T14:37:53.239+0200] {processor.py:183} INFO - Processing /home/leoja/airflow/dags/macro_trading_dag.py took 0.697 seconds
[2025-08-16T14:38:37.442+0200] {processor.py:161} INFO - Started process (PID=11427) to work on /home/leoja/airflow/dags/macro_trading_dag.py
[2025-08-16T14:38:37.444+0200] {processor.py:830} INFO - Processing file /home/leoja/airflow/dags/macro_trading_dag.py for tasks to queue
[2025-08-16T14:38:37.444+0200] {logging_mixin.py:188} INFO - [2025-08-16T14:38:37.444+0200] {dagbag.py:540} INFO - Filling up the DagBag from /home/leoja/airflow/dags/macro_trading_dag.py
[2025-08-16T14:38:38.028+0200] {processor.py:840} INFO - DAG(s) 'macro_trading_dag' retrieved from /home/leoja/airflow/dags/macro_trading_dag.py
[2025-08-16T14:38:38.039+0200] {logging_mixin.py:188} INFO - [2025-08-16T14:38:38.039+0200] {dag.py:3096} INFO - Sync 1 DAGs
[2025-08-16T14:38:38.051+0200] {logging_mixin.py:188} INFO - [2025-08-16T14:38:38.050+0200] {dag.py:3954} INFO - Setting next_dagrun for macro_trading_dag to 2025-08-16 08:00:00+00:00, run_after=2025-08-17 08:00:00+00:00
[2025-08-16T14:38:38.082+0200] {processor.py:183} INFO - Processing /home/leoja/airflow/dags/macro_trading_dag.py took 0.647 seconds
[2025-08-16T14:39:19.713+0200] {processor.py:161} INFO - Started process (PID=11692) to work on /home/leoja/airflow/dags/macro_trading_dag.py
[2025-08-16T14:39:19.725+0200] {processor.py:830} INFO - Processing file /home/leoja/airflow/dags/macro_trading_dag.py for tasks to queue
[2025-08-16T14:39:19.727+0200] {logging_mixin.py:188} INFO - [2025-08-16T14:39:19.726+0200] {dagbag.py:540} INFO - Filling up the DagBag from /home/leoja/airflow/dags/macro_trading_dag.py
[2025-08-16T14:39:20.311+0200] {processor.py:840} INFO - DAG(s) 'macro_trading_dag' retrieved from /home/leoja/airflow/dags/macro_trading_dag.py
[2025-08-16T14:39:20.322+0200] {logging_mixin.py:188} INFO - [2025-08-16T14:39:20.321+0200] {dag.py:3096} INFO - Sync 1 DAGs
[2025-08-16T14:39:20.335+0200] {logging_mixin.py:188} INFO - [2025-08-16T14:39:20.335+0200] {dag.py:3954} INFO - Setting next_dagrun for macro_trading_dag to 2025-08-16 08:00:00+00:00, run_after=2025-08-17 08:00:00+00:00
[2025-08-16T14:39:20.367+0200] {processor.py:183} INFO - Processing /home/leoja/airflow/dags/macro_trading_dag.py took 0.659 seconds
[2025-08-16T14:40:06.143+0200] {processor.py:161} INFO - Started process (PID=11940) to work on /home/leoja/airflow/dags/macro_trading_dag.py
[2025-08-16T14:40:06.145+0200] {processor.py:830} INFO - Processing file /home/leoja/airflow/dags/macro_trading_dag.py for tasks to queue
[2025-08-16T14:40:06.146+0200] {logging_mixin.py:188} INFO - [2025-08-16T14:40:06.145+0200] {dagbag.py:540} INFO - Filling up the DagBag from /home/leoja/airflow/dags/macro_trading_dag.py
[2025-08-16T14:40:06.730+0200] {processor.py:840} INFO - DAG(s) 'macro_trading_dag' retrieved from /home/leoja/airflow/dags/macro_trading_dag.py
[2025-08-16T14:40:06.742+0200] {logging_mixin.py:188} INFO - [2025-08-16T14:40:06.742+0200] {dag.py:3096} INFO - Sync 1 DAGs
[2025-08-16T14:40:06.755+0200] {logging_mixin.py:188} INFO - [2025-08-16T14:40:06.755+0200] {dag.py:3954} INFO - Setting next_dagrun for macro_trading_dag to 2025-08-16 08:00:00+00:00, run_after=2025-08-17 08:00:00+00:00
[2025-08-16T14:40:06.773+0200] {processor.py:183} INFO - Processing /home/leoja/airflow/dags/macro_trading_dag.py took 0.635 seconds
[2025-08-16T14:40:54.217+0200] {processor.py:161} INFO - Started process (PID=12259) to work on /home/leoja/airflow/dags/macro_trading_dag.py
[2025-08-16T14:40:54.219+0200] {processor.py:830} INFO - Processing file /home/leoja/airflow/dags/macro_trading_dag.py for tasks to queue
[2025-08-16T14:40:54.219+0200] {logging_mixin.py:188} INFO - [2025-08-16T14:40:54.219+0200] {dagbag.py:540} INFO - Filling up the DagBag from /home/leoja/airflow/dags/macro_trading_dag.py
[2025-08-16T14:40:54.812+0200] {processor.py:840} INFO - DAG(s) 'macro_trading_dag' retrieved from /home/leoja/airflow/dags/macro_trading_dag.py
[2025-08-16T14:40:54.824+0200] {logging_mixin.py:188} INFO - [2025-08-16T14:40:54.823+0200] {dag.py:3096} INFO - Sync 1 DAGs
[2025-08-16T14:40:54.835+0200] {logging_mixin.py:188} INFO - [2025-08-16T14:40:54.835+0200] {dag.py:3954} INFO - Setting next_dagrun for macro_trading_dag to 2025-08-16 08:00:00+00:00, run_after=2025-08-17 08:00:00+00:00
[2025-08-16T14:40:54.856+0200] {processor.py:183} INFO - Processing /home/leoja/airflow/dags/macro_trading_dag.py took 0.644 seconds
[2025-08-16T14:41:37.269+0200] {processor.py:161} INFO - Started process (PID=12499) to work on /home/leoja/airflow/dags/macro_trading_dag.py
[2025-08-16T14:41:37.272+0200] {processor.py:830} INFO - Processing file /home/leoja/airflow/dags/macro_trading_dag.py for tasks to queue
[2025-08-16T14:41:37.273+0200] {logging_mixin.py:188} INFO - [2025-08-16T14:41:37.272+0200] {dagbag.py:540} INFO - Filling up the DagBag from /home/leoja/airflow/dags/macro_trading_dag.py
[2025-08-16T14:41:37.961+0200] {processor.py:840} INFO - DAG(s) 'macro_trading_dag' retrieved from /home/leoja/airflow/dags/macro_trading_dag.py
[2025-08-16T14:41:37.973+0200] {logging_mixin.py:188} INFO - [2025-08-16T14:41:37.973+0200] {dag.py:3096} INFO - Sync 1 DAGs
[2025-08-16T14:41:37.987+0200] {logging_mixin.py:188} INFO - [2025-08-16T14:41:37.987+0200] {dag.py:3954} INFO - Setting next_dagrun for macro_trading_dag to 2025-08-16 08:00:00+00:00, run_after=2025-08-17 08:00:00+00:00
[2025-08-16T14:41:38.008+0200] {processor.py:183} INFO - Processing /home/leoja/airflow/dags/macro_trading_dag.py took 0.745 seconds
[2025-08-16T14:42:24.024+0200] {processor.py:161} INFO - Started process (PID=12813) to work on /home/leoja/airflow/dags/macro_trading_dag.py
[2025-08-16T14:42:24.026+0200] {processor.py:830} INFO - Processing file /home/leoja/airflow/dags/macro_trading_dag.py for tasks to queue
[2025-08-16T14:42:24.028+0200] {logging_mixin.py:188} INFO - [2025-08-16T14:42:24.027+0200] {dagbag.py:540} INFO - Filling up the DagBag from /home/leoja/airflow/dags/macro_trading_dag.py
[2025-08-16T14:42:24.712+0200] {processor.py:840} INFO - DAG(s) 'macro_trading_dag' retrieved from /home/leoja/airflow/dags/macro_trading_dag.py
[2025-08-16T14:42:24.750+0200] {logging_mixin.py:188} INFO - [2025-08-16T14:42:24.749+0200] {dag.py:3096} INFO - Sync 1 DAGs
[2025-08-16T14:42:24.793+0200] {logging_mixin.py:188} INFO - [2025-08-16T14:42:24.792+0200] {dag.py:3954} INFO - Setting next_dagrun for macro_trading_dag to 2025-08-16 08:00:00+00:00, run_after=2025-08-17 08:00:00+00:00
[2025-08-16T14:42:24.825+0200] {processor.py:183} INFO - Processing /home/leoja/airflow/dags/macro_trading_dag.py took 0.807 seconds
[2025-08-16T14:43:07.648+0200] {processor.py:161} INFO - Started process (PID=13060) to work on /home/leoja/airflow/dags/macro_trading_dag.py
[2025-08-16T14:43:07.650+0200] {processor.py:830} INFO - Processing file /home/leoja/airflow/dags/macro_trading_dag.py for tasks to queue
[2025-08-16T14:43:07.651+0200] {logging_mixin.py:188} INFO - [2025-08-16T14:43:07.650+0200] {dagbag.py:540} INFO - Filling up the DagBag from /home/leoja/airflow/dags/macro_trading_dag.py
[2025-08-16T14:43:08.391+0200] {processor.py:840} INFO - DAG(s) 'macro_trading_dag' retrieved from /home/leoja/airflow/dags/macro_trading_dag.py
[2025-08-16T14:43:08.419+0200] {logging_mixin.py:188} INFO - [2025-08-16T14:43:08.419+0200] {dag.py:3096} INFO - Sync 1 DAGs
[2025-08-16T14:43:08.440+0200] {logging_mixin.py:188} INFO - [2025-08-16T14:43:08.439+0200] {dag.py:3954} INFO - Setting next_dagrun for macro_trading_dag to 2025-08-16 08:00:00+00:00, run_after=2025-08-17 08:00:00+00:00
[2025-08-16T14:43:08.470+0200] {processor.py:183} INFO - Processing /home/leoja/airflow/dags/macro_trading_dag.py took 0.827 seconds
[2025-08-16T14:43:54.582+0200] {processor.py:161} INFO - Started process (PID=13377) to work on /home/leoja/airflow/dags/macro_trading_dag.py
[2025-08-16T14:43:54.584+0200] {processor.py:830} INFO - Processing file /home/leoja/airflow/dags/macro_trading_dag.py for tasks to queue
[2025-08-16T14:43:54.586+0200] {logging_mixin.py:188} INFO - [2025-08-16T14:43:54.585+0200] {dagbag.py:540} INFO - Filling up the DagBag from /home/leoja/airflow/dags/macro_trading_dag.py
[2025-08-16T14:43:55.212+0200] {processor.py:840} INFO - DAG(s) 'macro_trading_dag' retrieved from /home/leoja/airflow/dags/macro_trading_dag.py
[2025-08-16T14:43:55.225+0200] {logging_mixin.py:188} INFO - [2025-08-16T14:43:55.225+0200] {dag.py:3096} INFO - Sync 1 DAGs
[2025-08-16T14:43:55.237+0200] {logging_mixin.py:188} INFO - [2025-08-16T14:43:55.237+0200] {dag.py:3954} INFO - Setting next_dagrun for macro_trading_dag to 2025-08-16 08:00:00+00:00, run_after=2025-08-17 08:00:00+00:00
[2025-08-16T14:43:55.276+0200] {processor.py:183} INFO - Processing /home/leoja/airflow/dags/macro_trading_dag.py took 0.700 seconds
[2025-08-16T14:44:44.955+0200] {processor.py:161} INFO - Started process (PID=13643) to work on /home/leoja/airflow/dags/macro_trading_dag.py
[2025-08-16T14:44:44.957+0200] {processor.py:830} INFO - Processing file /home/leoja/airflow/dags/macro_trading_dag.py for tasks to queue
[2025-08-16T14:44:44.958+0200] {logging_mixin.py:188} INFO - [2025-08-16T14:44:44.957+0200] {dagbag.py:540} INFO - Filling up the DagBag from /home/leoja/airflow/dags/macro_trading_dag.py
[2025-08-16T14:44:45.751+0200] {processor.py:840} INFO - DAG(s) 'macro_trading_dag' retrieved from /home/leoja/airflow/dags/macro_trading_dag.py
[2025-08-16T14:44:45.764+0200] {logging_mixin.py:188} INFO - [2025-08-16T14:44:45.763+0200] {dag.py:3096} INFO - Sync 1 DAGs
[2025-08-16T14:44:45.782+0200] {logging_mixin.py:188} INFO - [2025-08-16T14:44:45.781+0200] {dag.py:3954} INFO - Setting next_dagrun for macro_trading_dag to 2025-08-16 08:00:00+00:00, run_after=2025-08-17 08:00:00+00:00
[2025-08-16T14:44:45.822+0200] {processor.py:183} INFO - Processing /home/leoja/airflow/dags/macro_trading_dag.py took 0.873 seconds
[2025-08-16T14:45:34.754+0200] {processor.py:161} INFO - Started process (PID=13925) to work on /home/leoja/airflow/dags/macro_trading_dag.py
[2025-08-16T14:45:34.764+0200] {processor.py:830} INFO - Processing file /home/leoja/airflow/dags/macro_trading_dag.py for tasks to queue
[2025-08-16T14:45:34.765+0200] {logging_mixin.py:188} INFO - [2025-08-16T14:45:34.764+0200] {dagbag.py:540} INFO - Filling up the DagBag from /home/leoja/airflow/dags/macro_trading_dag.py
[2025-08-16T14:45:35.379+0200] {processor.py:840} INFO - DAG(s) 'macro_trading_dag' retrieved from /home/leoja/airflow/dags/macro_trading_dag.py
[2025-08-16T14:45:35.389+0200] {logging_mixin.py:188} INFO - [2025-08-16T14:45:35.389+0200] {dag.py:3096} INFO - Sync 1 DAGs
[2025-08-16T14:45:35.402+0200] {logging_mixin.py:188} INFO - [2025-08-16T14:45:35.402+0200] {dag.py:3954} INFO - Setting next_dagrun for macro_trading_dag to 2025-08-16 08:00:00+00:00, run_after=2025-08-17 08:00:00+00:00
[2025-08-16T14:45:35.438+0200] {processor.py:183} INFO - Processing /home/leoja/airflow/dags/macro_trading_dag.py took 0.689 seconds
[2025-08-16T14:46:21.623+0200] {processor.py:161} INFO - Started process (PID=14196) to work on /home/leoja/airflow/dags/macro_trading_dag.py
[2025-08-16T14:46:21.625+0200] {processor.py:830} INFO - Processing file /home/leoja/airflow/dags/macro_trading_dag.py for tasks to queue
[2025-08-16T14:46:21.625+0200] {logging_mixin.py:188} INFO - [2025-08-16T14:46:21.625+0200] {dagbag.py:540} INFO - Filling up the DagBag from /home/leoja/airflow/dags/macro_trading_dag.py
[2025-08-16T14:46:22.344+0200] {processor.py:840} INFO - DAG(s) 'macro_trading_dag' retrieved from /home/leoja/airflow/dags/macro_trading_dag.py
[2025-08-16T14:46:22.355+0200] {logging_mixin.py:188} INFO - [2025-08-16T14:46:22.355+0200] {dag.py:3096} INFO - Sync 1 DAGs
[2025-08-16T14:46:22.369+0200] {logging_mixin.py:188} INFO - [2025-08-16T14:46:22.369+0200] {dag.py:3954} INFO - Setting next_dagrun for macro_trading_dag to 2025-08-16 08:00:00+00:00, run_after=2025-08-17 08:00:00+00:00
[2025-08-16T14:46:22.412+0200] {processor.py:183} INFO - Processing /home/leoja/airflow/dags/macro_trading_dag.py took 0.794 seconds
[2025-08-16T14:47:08.452+0200] {processor.py:161} INFO - Started process (PID=14469) to work on /home/leoja/airflow/dags/macro_trading_dag.py
[2025-08-16T14:47:08.454+0200] {processor.py:830} INFO - Processing file /home/leoja/airflow/dags/macro_trading_dag.py for tasks to queue
[2025-08-16T14:47:08.455+0200] {logging_mixin.py:188} INFO - [2025-08-16T14:47:08.455+0200] {dagbag.py:540} INFO - Filling up the DagBag from /home/leoja/airflow/dags/macro_trading_dag.py
[2025-08-16T14:47:09.104+0200] {processor.py:840} INFO - DAG(s) 'macro_trading_dag' retrieved from /home/leoja/airflow/dags/macro_trading_dag.py
[2025-08-16T14:47:09.118+0200] {logging_mixin.py:188} INFO - [2025-08-16T14:47:09.118+0200] {dag.py:3096} INFO - Sync 1 DAGs
[2025-08-16T14:47:09.134+0200] {logging_mixin.py:188} INFO - [2025-08-16T14:47:09.134+0200] {dag.py:3954} INFO - Setting next_dagrun for macro_trading_dag to 2025-08-16 08:00:00+00:00, run_after=2025-08-17 08:00:00+00:00
[2025-08-16T14:47:09.154+0200] {processor.py:183} INFO - Processing /home/leoja/airflow/dags/macro_trading_dag.py took 0.707 seconds
[2025-08-16T14:47:55.273+0200] {processor.py:161} INFO - Started process (PID=14719) to work on /home/leoja/airflow/dags/macro_trading_dag.py
[2025-08-16T14:47:55.275+0200] {processor.py:830} INFO - Processing file /home/leoja/airflow/dags/macro_trading_dag.py for tasks to queue
[2025-08-16T14:47:55.276+0200] {logging_mixin.py:188} INFO - [2025-08-16T14:47:55.276+0200] {dagbag.py:540} INFO - Filling up the DagBag from /home/leoja/airflow/dags/macro_trading_dag.py
[2025-08-16T14:47:55.849+0200] {processor.py:840} INFO - DAG(s) 'macro_trading_dag' retrieved from /home/leoja/airflow/dags/macro_trading_dag.py
[2025-08-16T14:47:55.859+0200] {logging_mixin.py:188} INFO - [2025-08-16T14:47:55.859+0200] {dag.py:3096} INFO - Sync 1 DAGs
[2025-08-16T14:47:55.870+0200] {logging_mixin.py:188} INFO - [2025-08-16T14:47:55.870+0200] {dag.py:3954} INFO - Setting next_dagrun for macro_trading_dag to 2025-08-16 08:00:00+00:00, run_after=2025-08-17 08:00:00+00:00
[2025-08-16T14:47:55.895+0200] {processor.py:183} INFO - Processing /home/leoja/airflow/dags/macro_trading_dag.py took 0.626 seconds
[2025-08-16T14:48:38.923+0200] {processor.py:161} INFO - Started process (PID=14958) to work on /home/leoja/airflow/dags/macro_trading_dag.py
[2025-08-16T14:48:38.925+0200] {processor.py:830} INFO - Processing file /home/leoja/airflow/dags/macro_trading_dag.py for tasks to queue
[2025-08-16T14:48:38.926+0200] {logging_mixin.py:188} INFO - [2025-08-16T14:48:38.926+0200] {dagbag.py:540} INFO - Filling up the DagBag from /home/leoja/airflow/dags/macro_trading_dag.py
[2025-08-16T14:48:39.536+0200] {processor.py:840} INFO - DAG(s) 'macro_trading_dag' retrieved from /home/leoja/airflow/dags/macro_trading_dag.py
[2025-08-16T14:48:39.547+0200] {logging_mixin.py:188} INFO - [2025-08-16T14:48:39.546+0200] {dag.py:3096} INFO - Sync 1 DAGs
[2025-08-16T14:48:39.568+0200] {logging_mixin.py:188} INFO - [2025-08-16T14:48:39.567+0200] {dag.py:3954} INFO - Setting next_dagrun for macro_trading_dag to 2025-08-16 08:00:00+00:00, run_after=2025-08-17 08:00:00+00:00
[2025-08-16T14:48:39.597+0200] {processor.py:183} INFO - Processing /home/leoja/airflow/dags/macro_trading_dag.py took 0.678 seconds
[2025-08-16T14:49:24.199+0200] {processor.py:161} INFO - Started process (PID=15227) to work on /home/leoja/airflow/dags/macro_trading_dag.py
[2025-08-16T14:49:24.201+0200] {processor.py:830} INFO - Processing file /home/leoja/airflow/dags/macro_trading_dag.py for tasks to queue
[2025-08-16T14:49:24.202+0200] {logging_mixin.py:188} INFO - [2025-08-16T14:49:24.201+0200] {dagbag.py:540} INFO - Filling up the DagBag from /home/leoja/airflow/dags/macro_trading_dag.py
[2025-08-16T14:49:24.813+0200] {processor.py:840} INFO - DAG(s) 'macro_trading_dag' retrieved from /home/leoja/airflow/dags/macro_trading_dag.py
[2025-08-16T14:49:24.824+0200] {logging_mixin.py:188} INFO - [2025-08-16T14:49:24.824+0200] {dag.py:3096} INFO - Sync 1 DAGs
[2025-08-16T14:49:24.836+0200] {logging_mixin.py:188} INFO - [2025-08-16T14:49:24.835+0200] {dag.py:3954} INFO - Setting next_dagrun for macro_trading_dag to 2025-08-16 08:00:00+00:00, run_after=2025-08-17 08:00:00+00:00
[2025-08-16T14:49:24.853+0200] {processor.py:183} INFO - Processing /home/leoja/airflow/dags/macro_trading_dag.py took 0.659 seconds
[2025-08-16T14:50:09.641+0200] {processor.py:161} INFO - Started process (PID=15476) to work on /home/leoja/airflow/dags/macro_trading_dag.py
[2025-08-16T14:50:09.658+0200] {processor.py:830} INFO - Processing file /home/leoja/airflow/dags/macro_trading_dag.py for tasks to queue
[2025-08-16T14:50:09.659+0200] {logging_mixin.py:188} INFO - [2025-08-16T14:50:09.658+0200] {dagbag.py:540} INFO - Filling up the DagBag from /home/leoja/airflow/dags/macro_trading_dag.py
[2025-08-16T14:50:10.283+0200] {processor.py:840} INFO - DAG(s) 'macro_trading_dag' retrieved from /home/leoja/airflow/dags/macro_trading_dag.py
[2025-08-16T14:50:10.294+0200] {logging_mixin.py:188} INFO - [2025-08-16T14:50:10.294+0200] {dag.py:3096} INFO - Sync 1 DAGs
[2025-08-16T14:50:10.305+0200] {logging_mixin.py:188} INFO - [2025-08-16T14:50:10.305+0200] {dag.py:3954} INFO - Setting next_dagrun for macro_trading_dag to 2025-08-16 08:00:00+00:00, run_after=2025-08-17 08:00:00+00:00
[2025-08-16T14:50:10.363+0200] {processor.py:183} INFO - Processing /home/leoja/airflow/dags/macro_trading_dag.py took 0.729 seconds
[2025-08-16T14:50:54.532+0200] {processor.py:161} INFO - Started process (PID=15739) to work on /home/leoja/airflow/dags/macro_trading_dag.py
[2025-08-16T14:50:54.541+0200] {processor.py:830} INFO - Processing file /home/leoja/airflow/dags/macro_trading_dag.py for tasks to queue
[2025-08-16T14:50:54.542+0200] {logging_mixin.py:188} INFO - [2025-08-16T14:50:54.541+0200] {dagbag.py:540} INFO - Filling up the DagBag from /home/leoja/airflow/dags/macro_trading_dag.py
[2025-08-16T14:50:55.143+0200] {processor.py:840} INFO - DAG(s) 'macro_trading_dag' retrieved from /home/leoja/airflow/dags/macro_trading_dag.py
[2025-08-16T14:50:55.154+0200] {logging_mixin.py:188} INFO - [2025-08-16T14:50:55.154+0200] {dag.py:3096} INFO - Sync 1 DAGs
[2025-08-16T14:50:55.167+0200] {logging_mixin.py:188} INFO - [2025-08-16T14:50:55.167+0200] {dag.py:3954} INFO - Setting next_dagrun for macro_trading_dag to 2025-08-16 08:00:00+00:00, run_after=2025-08-17 08:00:00+00:00
[2025-08-16T14:50:55.204+0200] {processor.py:183} INFO - Processing /home/leoja/airflow/dags/macro_trading_dag.py took 0.678 seconds
[2025-08-16T14:51:43.125+0200] {processor.py:161} INFO - Started process (PID=15990) to work on /home/leoja/airflow/dags/macro_trading_dag.py
[2025-08-16T14:51:43.127+0200] {processor.py:830} INFO - Processing file /home/leoja/airflow/dags/macro_trading_dag.py for tasks to queue
[2025-08-16T14:51:43.127+0200] {logging_mixin.py:188} INFO - [2025-08-16T14:51:43.127+0200] {dagbag.py:540} INFO - Filling up the DagBag from /home/leoja/airflow/dags/macro_trading_dag.py
[2025-08-16T14:51:43.734+0200] {processor.py:840} INFO - DAG(s) 'macro_trading_dag' retrieved from /home/leoja/airflow/dags/macro_trading_dag.py
[2025-08-16T14:51:43.745+0200] {logging_mixin.py:188} INFO - [2025-08-16T14:51:43.745+0200] {dag.py:3096} INFO - Sync 1 DAGs
[2025-08-16T14:51:43.759+0200] {logging_mixin.py:188} INFO - [2025-08-16T14:51:43.758+0200] {dag.py:3954} INFO - Setting next_dagrun for macro_trading_dag to 2025-08-16 08:00:00+00:00, run_after=2025-08-17 08:00:00+00:00
[2025-08-16T14:51:43.788+0200] {processor.py:183} INFO - Processing /home/leoja/airflow/dags/macro_trading_dag.py took 0.669 seconds
[2025-08-16T14:52:30.990+0200] {processor.py:161} INFO - Started process (PID=16258) to work on /home/leoja/airflow/dags/macro_trading_dag.py
[2025-08-16T14:52:30.992+0200] {processor.py:830} INFO - Processing file /home/leoja/airflow/dags/macro_trading_dag.py for tasks to queue
[2025-08-16T14:52:30.993+0200] {logging_mixin.py:188} INFO - [2025-08-16T14:52:30.992+0200] {dagbag.py:540} INFO - Filling up the DagBag from /home/leoja/airflow/dags/macro_trading_dag.py
[2025-08-16T14:52:31.560+0200] {processor.py:840} INFO - DAG(s) 'macro_trading_dag' retrieved from /home/leoja/airflow/dags/macro_trading_dag.py
[2025-08-16T14:52:31.569+0200] {logging_mixin.py:188} INFO - [2025-08-16T14:52:31.569+0200] {dag.py:3096} INFO - Sync 1 DAGs
[2025-08-16T14:52:31.581+0200] {logging_mixin.py:188} INFO - [2025-08-16T14:52:31.581+0200] {dag.py:3954} INFO - Setting next_dagrun for macro_trading_dag to 2025-08-16 08:00:00+00:00, run_after=2025-08-17 08:00:00+00:00
[2025-08-16T14:52:31.603+0200] {processor.py:183} INFO - Processing /home/leoja/airflow/dags/macro_trading_dag.py took 0.619 seconds
[2025-08-16T14:53:16.849+0200] {processor.py:161} INFO - Started process (PID=16521) to work on /home/leoja/airflow/dags/macro_trading_dag.py
[2025-08-16T14:53:16.858+0200] {processor.py:830} INFO - Processing file /home/leoja/airflow/dags/macro_trading_dag.py for tasks to queue
[2025-08-16T14:53:16.859+0200] {logging_mixin.py:188} INFO - [2025-08-16T14:53:16.859+0200] {dagbag.py:540} INFO - Filling up the DagBag from /home/leoja/airflow/dags/macro_trading_dag.py
[2025-08-16T14:53:17.495+0200] {processor.py:840} INFO - DAG(s) 'macro_trading_dag' retrieved from /home/leoja/airflow/dags/macro_trading_dag.py
[2025-08-16T14:53:17.508+0200] {logging_mixin.py:188} INFO - [2025-08-16T14:53:17.508+0200] {dag.py:3096} INFO - Sync 1 DAGs
[2025-08-16T14:53:17.524+0200] {logging_mixin.py:188} INFO - [2025-08-16T14:53:17.524+0200] {dag.py:3954} INFO - Setting next_dagrun for macro_trading_dag to 2025-08-16 08:00:00+00:00, run_after=2025-08-17 08:00:00+00:00
[2025-08-16T14:53:17.562+0200] {processor.py:183} INFO - Processing /home/leoja/airflow/dags/macro_trading_dag.py took 0.720 seconds
[2025-08-16T14:54:03.888+0200] {processor.py:161} INFO - Started process (PID=16812) to work on /home/leoja/airflow/dags/macro_trading_dag.py
[2025-08-16T14:54:03.894+0200] {processor.py:830} INFO - Processing file /home/leoja/airflow/dags/macro_trading_dag.py for tasks to queue
[2025-08-16T14:54:03.895+0200] {logging_mixin.py:188} INFO - [2025-08-16T14:54:03.895+0200] {dagbag.py:540} INFO - Filling up the DagBag from /home/leoja/airflow/dags/macro_trading_dag.py
[2025-08-16T14:54:04.489+0200] {processor.py:840} INFO - DAG(s) 'macro_trading_dag' retrieved from /home/leoja/airflow/dags/macro_trading_dag.py
[2025-08-16T14:54:04.499+0200] {logging_mixin.py:188} INFO - [2025-08-16T14:54:04.499+0200] {dag.py:3096} INFO - Sync 1 DAGs
[2025-08-16T14:54:04.510+0200] {logging_mixin.py:188} INFO - [2025-08-16T14:54:04.510+0200] {dag.py:3954} INFO - Setting next_dagrun for macro_trading_dag to 2025-08-16 08:00:00+00:00, run_after=2025-08-17 08:00:00+00:00
[2025-08-16T14:54:04.529+0200] {processor.py:183} INFO - Processing /home/leoja/airflow/dags/macro_trading_dag.py took 0.649 seconds
[2025-08-16T14:54:51.984+0200] {processor.py:161} INFO - Started process (PID=16993) to work on /home/leoja/airflow/dags/macro_trading_dag.py
[2025-08-16T14:54:51.986+0200] {processor.py:830} INFO - Processing file /home/leoja/airflow/dags/macro_trading_dag.py for tasks to queue
[2025-08-16T14:54:51.987+0200] {logging_mixin.py:188} INFO - [2025-08-16T14:54:51.986+0200] {dagbag.py:540} INFO - Filling up the DagBag from /home/leoja/airflow/dags/macro_trading_dag.py
[2025-08-16T14:54:52.712+0200] {processor.py:840} INFO - DAG(s) 'macro_trading_dag' retrieved from /home/leoja/airflow/dags/macro_trading_dag.py
[2025-08-16T14:54:52.723+0200] {logging_mixin.py:188} INFO - [2025-08-16T14:54:52.723+0200] {dag.py:3096} INFO - Sync 1 DAGs
[2025-08-16T14:54:52.735+0200] {logging_mixin.py:188} INFO - [2025-08-16T14:54:52.735+0200] {dag.py:3954} INFO - Setting next_dagrun for macro_trading_dag to 2025-08-16 08:00:00+00:00, run_after=2025-08-17 08:00:00+00:00
[2025-08-16T14:54:52.762+0200] {processor.py:183} INFO - Processing /home/leoja/airflow/dags/macro_trading_dag.py took 0.783 seconds
[2025-08-16T14:55:36.130+0200] {processor.py:161} INFO - Started process (PID=17134) to work on /home/leoja/airflow/dags/macro_trading_dag.py
[2025-08-16T14:55:36.131+0200] {processor.py:830} INFO - Processing file /home/leoja/airflow/dags/macro_trading_dag.py for tasks to queue
[2025-08-16T14:55:36.132+0200] {logging_mixin.py:188} INFO - [2025-08-16T14:55:36.132+0200] {dagbag.py:540} INFO - Filling up the DagBag from /home/leoja/airflow/dags/macro_trading_dag.py
[2025-08-16T14:55:36.854+0200] {processor.py:840} INFO - DAG(s) 'macro_trading_dag' retrieved from /home/leoja/airflow/dags/macro_trading_dag.py
[2025-08-16T14:55:36.867+0200] {logging_mixin.py:188} INFO - [2025-08-16T14:55:36.867+0200] {dag.py:3096} INFO - Sync 1 DAGs
[2025-08-16T14:55:36.883+0200] {logging_mixin.py:188} INFO - [2025-08-16T14:55:36.883+0200] {dag.py:3954} INFO - Setting next_dagrun for macro_trading_dag to 2025-08-16 08:00:00+00:00, run_after=2025-08-17 08:00:00+00:00
[2025-08-16T14:55:36.909+0200] {processor.py:183} INFO - Processing /home/leoja/airflow/dags/macro_trading_dag.py took 0.785 seconds
[2025-08-16T14:56:26.721+0200] {processor.py:161} INFO - Started process (PID=17389) to work on /home/leoja/airflow/dags/macro_trading_dag.py
[2025-08-16T14:56:26.723+0200] {processor.py:830} INFO - Processing file /home/leoja/airflow/dags/macro_trading_dag.py for tasks to queue
[2025-08-16T14:56:26.723+0200] {logging_mixin.py:188} INFO - [2025-08-16T14:56:26.723+0200] {dagbag.py:540} INFO - Filling up the DagBag from /home/leoja/airflow/dags/macro_trading_dag.py
[2025-08-16T14:56:27.416+0200] {processor.py:840} INFO - DAG(s) 'macro_trading_dag' retrieved from /home/leoja/airflow/dags/macro_trading_dag.py
[2025-08-16T14:56:27.439+0200] {logging_mixin.py:188} INFO - [2025-08-16T14:56:27.438+0200] {dag.py:3096} INFO - Sync 1 DAGs
[2025-08-16T14:56:27.454+0200] {logging_mixin.py:188} INFO - [2025-08-16T14:56:27.454+0200] {dag.py:3954} INFO - Setting next_dagrun for macro_trading_dag to 2025-08-16 08:00:00+00:00, run_after=2025-08-17 08:00:00+00:00
[2025-08-16T14:56:27.478+0200] {processor.py:183} INFO - Processing /home/leoja/airflow/dags/macro_trading_dag.py took 0.763 seconds
[2025-08-16T16:00:16.289+0200] {processor.py:161} INFO - Started process (PID=17719) to work on /home/leoja/airflow/dags/macro_trading_dag.py
[2025-08-16T16:00:16.297+0200] {processor.py:830} INFO - Processing file /home/leoja/airflow/dags/macro_trading_dag.py for tasks to queue
[2025-08-16T16:00:16.299+0200] {logging_mixin.py:188} INFO - [2025-08-16T16:00:16.298+0200] {dagbag.py:540} INFO - Filling up the DagBag from /home/leoja/airflow/dags/macro_trading_dag.py
[2025-08-16T16:00:17.111+0200] {processor.py:840} INFO - DAG(s) 'macro_trading_dag' retrieved from /home/leoja/airflow/dags/macro_trading_dag.py
[2025-08-16T16:00:17.192+0200] {logging_mixin.py:188} INFO - [2025-08-16T16:00:17.192+0200] {dag.py:3096} INFO - Sync 1 DAGs
[2025-08-16T16:00:17.224+0200] {logging_mixin.py:188} INFO - [2025-08-16T16:00:17.224+0200] {dag.py:3954} INFO - Setting next_dagrun for macro_trading_dag to 2025-08-16 08:00:00+00:00, run_after=2025-08-17 08:00:00+00:00
[2025-08-16T16:00:17.290+0200] {processor.py:183} INFO - Processing /home/leoja/airflow/dags/macro_trading_dag.py took 1.006 seconds
[2025-08-16T16:01:00.618+0200] {processor.py:161} INFO - Started process (PID=18092) to work on /home/leoja/airflow/dags/macro_trading_dag.py
[2025-08-16T16:01:00.620+0200] {processor.py:830} INFO - Processing file /home/leoja/airflow/dags/macro_trading_dag.py for tasks to queue
[2025-08-16T16:01:00.621+0200] {logging_mixin.py:188} INFO - [2025-08-16T16:01:00.620+0200] {dagbag.py:540} INFO - Filling up the DagBag from /home/leoja/airflow/dags/macro_trading_dag.py
[2025-08-16T16:01:01.214+0200] {processor.py:840} INFO - DAG(s) 'macro_trading_dag' retrieved from /home/leoja/airflow/dags/macro_trading_dag.py
[2025-08-16T16:01:01.226+0200] {logging_mixin.py:188} INFO - [2025-08-16T16:01:01.226+0200] {dag.py:3096} INFO - Sync 1 DAGs
[2025-08-16T16:01:01.239+0200] {logging_mixin.py:188} INFO - [2025-08-16T16:01:01.239+0200] {dag.py:3954} INFO - Setting next_dagrun for macro_trading_dag to 2025-08-16 08:00:00+00:00, run_after=2025-08-17 08:00:00+00:00
[2025-08-16T16:01:01.261+0200] {processor.py:183} INFO - Processing /home/leoja/airflow/dags/macro_trading_dag.py took 0.650 seconds
[2025-08-16T16:01:52.985+0200] {processor.py:161} INFO - Started process (PID=18747) to work on /home/leoja/airflow/dags/macro_trading_dag.py
[2025-08-16T16:01:52.987+0200] {processor.py:830} INFO - Processing file /home/leoja/airflow/dags/macro_trading_dag.py for tasks to queue
[2025-08-16T16:01:52.988+0200] {logging_mixin.py:188} INFO - [2025-08-16T16:01:52.988+0200] {dagbag.py:540} INFO - Filling up the DagBag from /home/leoja/airflow/dags/macro_trading_dag.py
[2025-08-16T16:01:53.889+0200] {processor.py:840} INFO - DAG(s) 'macro_trading_dag' retrieved from /home/leoja/airflow/dags/macro_trading_dag.py
[2025-08-16T16:01:53.913+0200] {logging_mixin.py:188} INFO - [2025-08-16T16:01:53.913+0200] {dag.py:3096} INFO - Sync 1 DAGs
[2025-08-16T16:01:54.032+0200] {logging_mixin.py:188} INFO - [2025-08-16T16:01:54.032+0200] {dag.py:3954} INFO - Setting next_dagrun for macro_trading_dag to 2025-08-16 08:00:00+00:00, run_after=2025-08-17 08:00:00+00:00
[2025-08-16T16:01:54.099+0200] {processor.py:183} INFO - Processing /home/leoja/airflow/dags/macro_trading_dag.py took 1.121 seconds
[2025-08-16T16:02:48.505+0200] {processor.py:161} INFO - Started process (PID=19124) to work on /home/leoja/airflow/dags/macro_trading_dag.py
[2025-08-16T16:02:48.507+0200] {processor.py:830} INFO - Processing file /home/leoja/airflow/dags/macro_trading_dag.py for tasks to queue
[2025-08-16T16:02:48.508+0200] {logging_mixin.py:188} INFO - [2025-08-16T16:02:48.508+0200] {dagbag.py:540} INFO - Filling up the DagBag from /home/leoja/airflow/dags/macro_trading_dag.py
[2025-08-16T16:02:49.166+0200] {processor.py:840} INFO - DAG(s) 'macro_trading_dag' retrieved from /home/leoja/airflow/dags/macro_trading_dag.py
[2025-08-16T16:02:49.177+0200] {logging_mixin.py:188} INFO - [2025-08-16T16:02:49.177+0200] {dag.py:3096} INFO - Sync 1 DAGs
[2025-08-16T16:02:49.190+0200] {logging_mixin.py:188} INFO - [2025-08-16T16:02:49.190+0200] {dag.py:3954} INFO - Setting next_dagrun for macro_trading_dag to 2025-08-16 08:00:00+00:00, run_after=2025-08-17 08:00:00+00:00
[2025-08-16T16:02:49.258+0200] {processor.py:183} INFO - Processing /home/leoja/airflow/dags/macro_trading_dag.py took 0.759 seconds
[2025-08-16T16:03:41.045+0200] {processor.py:161} INFO - Started process (PID=19504) to work on /home/leoja/airflow/dags/macro_trading_dag.py
[2025-08-16T16:03:41.047+0200] {processor.py:830} INFO - Processing file /home/leoja/airflow/dags/macro_trading_dag.py for tasks to queue
[2025-08-16T16:03:41.048+0200] {logging_mixin.py:188} INFO - [2025-08-16T16:03:41.047+0200] {dagbag.py:540} INFO - Filling up the DagBag from /home/leoja/airflow/dags/macro_trading_dag.py
[2025-08-16T16:03:41.636+0200] {processor.py:840} INFO - DAG(s) 'macro_trading_dag' retrieved from /home/leoja/airflow/dags/macro_trading_dag.py
[2025-08-16T16:03:41.647+0200] {logging_mixin.py:188} INFO - [2025-08-16T16:03:41.647+0200] {dag.py:3096} INFO - Sync 1 DAGs
[2025-08-16T16:03:41.660+0200] {logging_mixin.py:188} INFO - [2025-08-16T16:03:41.660+0200] {dag.py:3954} INFO - Setting next_dagrun for macro_trading_dag to 2025-08-16 08:00:00+00:00, run_after=2025-08-17 08:00:00+00:00
[2025-08-16T16:03:41.685+0200] {processor.py:183} INFO - Processing /home/leoja/airflow/dags/macro_trading_dag.py took 0.645 seconds
[2025-08-16T16:04:33.779+0200] {processor.py:161} INFO - Started process (PID=20001) to work on /home/leoja/airflow/dags/macro_trading_dag.py
[2025-08-16T16:04:33.780+0200] {processor.py:830} INFO - Processing file /home/leoja/airflow/dags/macro_trading_dag.py for tasks to queue
[2025-08-16T16:04:33.782+0200] {logging_mixin.py:188} INFO - [2025-08-16T16:04:33.781+0200] {dagbag.py:540} INFO - Filling up the DagBag from /home/leoja/airflow/dags/macro_trading_dag.py
[2025-08-16T16:04:34.353+0200] {processor.py:840} INFO - DAG(s) 'macro_trading_dag' retrieved from /home/leoja/airflow/dags/macro_trading_dag.py
[2025-08-16T16:04:34.365+0200] {logging_mixin.py:188} INFO - [2025-08-16T16:04:34.364+0200] {dag.py:3096} INFO - Sync 1 DAGs
[2025-08-16T16:04:34.375+0200] {logging_mixin.py:188} INFO - [2025-08-16T16:04:34.375+0200] {dag.py:3954} INFO - Setting next_dagrun for macro_trading_dag to 2025-08-16 08:00:00+00:00, run_after=2025-08-17 08:00:00+00:00
[2025-08-16T16:04:34.391+0200] {processor.py:183} INFO - Processing /home/leoja/airflow/dags/macro_trading_dag.py took 0.618 seconds
[2025-08-16T16:05:25.445+0200] {processor.py:161} INFO - Started process (PID=20482) to work on /home/leoja/airflow/dags/macro_trading_dag.py
[2025-08-16T16:05:25.446+0200] {processor.py:830} INFO - Processing file /home/leoja/airflow/dags/macro_trading_dag.py for tasks to queue
[2025-08-16T16:05:25.447+0200] {logging_mixin.py:188} INFO - [2025-08-16T16:05:25.447+0200] {dagbag.py:540} INFO - Filling up the DagBag from /home/leoja/airflow/dags/macro_trading_dag.py
[2025-08-16T16:05:26.268+0200] {processor.py:840} INFO - DAG(s) 'macro_trading_dag' retrieved from /home/leoja/airflow/dags/macro_trading_dag.py
[2025-08-16T16:05:26.292+0200] {logging_mixin.py:188} INFO - [2025-08-16T16:05:26.292+0200] {dag.py:3096} INFO - Sync 1 DAGs
[2025-08-16T16:05:26.648+0200] {logging_mixin.py:188} INFO - [2025-08-16T16:05:26.648+0200] {dag.py:3954} INFO - Setting next_dagrun for macro_trading_dag to 2025-08-16 08:00:00+00:00, run_after=2025-08-17 08:00:00+00:00
[2025-08-16T16:05:26.837+0200] {processor.py:183} INFO - Processing /home/leoja/airflow/dags/macro_trading_dag.py took 1.399 seconds
[2025-08-16T16:06:12.163+0200] {processor.py:161} INFO - Started process (PID=20784) to work on /home/leoja/airflow/dags/macro_trading_dag.py
[2025-08-16T16:06:12.165+0200] {processor.py:830} INFO - Processing file /home/leoja/airflow/dags/macro_trading_dag.py for tasks to queue
[2025-08-16T16:06:12.165+0200] {logging_mixin.py:188} INFO - [2025-08-16T16:06:12.165+0200] {dagbag.py:540} INFO - Filling up the DagBag from /home/leoja/airflow/dags/macro_trading_dag.py
[2025-08-16T16:06:12.704+0200] {processor.py:840} INFO - DAG(s) 'macro_trading_dag' retrieved from /home/leoja/airflow/dags/macro_trading_dag.py
[2025-08-16T16:06:12.714+0200] {logging_mixin.py:188} INFO - [2025-08-16T16:06:12.713+0200] {dag.py:3096} INFO - Sync 1 DAGs
[2025-08-16T16:06:12.723+0200] {logging_mixin.py:188} INFO - [2025-08-16T16:06:12.723+0200] {dag.py:3954} INFO - Setting next_dagrun for macro_trading_dag to 2025-08-16 08:00:00+00:00, run_after=2025-08-17 08:00:00+00:00
[2025-08-16T16:06:12.745+0200] {processor.py:183} INFO - Processing /home/leoja/airflow/dags/macro_trading_dag.py took 0.588 seconds
[2025-08-16T16:06:57.849+0200] {processor.py:161} INFO - Started process (PID=21043) to work on /home/leoja/airflow/dags/macro_trading_dag.py
[2025-08-16T16:06:57.851+0200] {processor.py:830} INFO - Processing file /home/leoja/airflow/dags/macro_trading_dag.py for tasks to queue
[2025-08-16T16:06:57.852+0200] {logging_mixin.py:188} INFO - [2025-08-16T16:06:57.852+0200] {dagbag.py:540} INFO - Filling up the DagBag from /home/leoja/airflow/dags/macro_trading_dag.py
[2025-08-16T16:06:58.343+0200] {processor.py:840} INFO - DAG(s) 'macro_trading_dag' retrieved from /home/leoja/airflow/dags/macro_trading_dag.py
[2025-08-16T16:06:58.351+0200] {logging_mixin.py:188} INFO - [2025-08-16T16:06:58.351+0200] {dag.py:3096} INFO - Sync 1 DAGs
[2025-08-16T16:06:58.364+0200] {logging_mixin.py:188} INFO - [2025-08-16T16:06:58.363+0200] {dag.py:3954} INFO - Setting next_dagrun for macro_trading_dag to 2025-08-16 08:00:00+00:00, run_after=2025-08-17 08:00:00+00:00
[2025-08-16T16:06:58.382+0200] {processor.py:183} INFO - Processing /home/leoja/airflow/dags/macro_trading_dag.py took 0.537 seconds
[2025-08-16T16:07:42.844+0200] {processor.py:161} INFO - Started process (PID=21307) to work on /home/leoja/airflow/dags/macro_trading_dag.py
[2025-08-16T16:07:42.846+0200] {processor.py:830} INFO - Processing file /home/leoja/airflow/dags/macro_trading_dag.py for tasks to queue
[2025-08-16T16:07:42.847+0200] {logging_mixin.py:188} INFO - [2025-08-16T16:07:42.846+0200] {dagbag.py:540} INFO - Filling up the DagBag from /home/leoja/airflow/dags/macro_trading_dag.py
[2025-08-16T16:07:43.522+0200] {processor.py:840} INFO - DAG(s) 'macro_trading_dag' retrieved from /home/leoja/airflow/dags/macro_trading_dag.py
[2025-08-16T16:07:43.536+0200] {logging_mixin.py:188} INFO - [2025-08-16T16:07:43.536+0200] {dag.py:3096} INFO - Sync 1 DAGs
[2025-08-16T16:07:43.577+0200] {logging_mixin.py:188} INFO - [2025-08-16T16:07:43.576+0200] {dag.py:3954} INFO - Setting next_dagrun for macro_trading_dag to 2025-08-16 08:00:00+00:00, run_after=2025-08-17 08:00:00+00:00
[2025-08-16T16:07:43.601+0200] {processor.py:183} INFO - Processing /home/leoja/airflow/dags/macro_trading_dag.py took 0.761 seconds
[2025-08-16T16:08:47.400+0200] {processor.py:161} INFO - Started process (PID=21690) to work on /home/leoja/airflow/dags/macro_trading_dag.py
[2025-08-16T16:08:47.402+0200] {processor.py:830} INFO - Processing file /home/leoja/airflow/dags/macro_trading_dag.py for tasks to queue
[2025-08-16T16:08:47.403+0200] {logging_mixin.py:188} INFO - [2025-08-16T16:08:47.402+0200] {dagbag.py:540} INFO - Filling up the DagBag from /home/leoja/airflow/dags/macro_trading_dag.py
[2025-08-16T16:08:48.130+0200] {processor.py:840} INFO - DAG(s) 'macro_trading_dag' retrieved from /home/leoja/airflow/dags/macro_trading_dag.py
[2025-08-16T16:08:48.141+0200] {logging_mixin.py:188} INFO - [2025-08-16T16:08:48.141+0200] {dag.py:3096} INFO - Sync 1 DAGs
[2025-08-16T16:08:48.260+0200] {logging_mixin.py:188} INFO - [2025-08-16T16:08:48.260+0200] {dag.py:3954} INFO - Setting next_dagrun for macro_trading_dag to 2025-08-16 08:00:00+00:00, run_after=2025-08-17 08:00:00+00:00
[2025-08-16T16:08:48.297+0200] {processor.py:183} INFO - Processing /home/leoja/airflow/dags/macro_trading_dag.py took 0.903 seconds
[2025-08-16T16:09:21.747+0200] {processor.py:161} INFO - Started process (PID=21867) to work on /home/leoja/airflow/dags/macro_trading_dag.py
[2025-08-16T16:09:21.749+0200] {processor.py:830} INFO - Processing file /home/leoja/airflow/dags/macro_trading_dag.py for tasks to queue
[2025-08-16T16:09:21.749+0200] {logging_mixin.py:188} INFO - [2025-08-16T16:09:21.749+0200] {dagbag.py:540} INFO - Filling up the DagBag from /home/leoja/airflow/dags/macro_trading_dag.py
[2025-08-16T16:09:22.674+0200] {processor.py:840} INFO - DAG(s) 'macro_trading_dag' retrieved from /home/leoja/airflow/dags/macro_trading_dag.py
[2025-08-16T16:09:22.689+0200] {logging_mixin.py:188} INFO - [2025-08-16T16:09:22.689+0200] {dag.py:3096} INFO - Sync 1 DAGs
[2025-08-16T16:09:22.703+0200] {logging_mixin.py:188} INFO - [2025-08-16T16:09:22.703+0200] {dag.py:3954} INFO - Setting next_dagrun for macro_trading_dag to 2025-08-16 08:00:00+00:00, run_after=2025-08-17 08:00:00+00:00
[2025-08-16T16:09:22.724+0200] {processor.py:183} INFO - Processing /home/leoja/airflow/dags/macro_trading_dag.py took 0.984 seconds
[2025-08-16T16:10:21.109+0200] {processor.py:161} INFO - Started process (PID=22202) to work on /home/leoja/airflow/dags/macro_trading_dag.py
[2025-08-16T16:10:21.111+0200] {processor.py:830} INFO - Processing file /home/leoja/airflow/dags/macro_trading_dag.py for tasks to queue
[2025-08-16T16:10:21.113+0200] {logging_mixin.py:188} INFO - [2025-08-16T16:10:21.112+0200] {dagbag.py:540} INFO - Filling up the DagBag from /home/leoja/airflow/dags/macro_trading_dag.py
[2025-08-16T16:10:22.423+0200] {processor.py:840} INFO - DAG(s) 'macro_trading_dag' retrieved from /home/leoja/airflow/dags/macro_trading_dag.py
[2025-08-16T16:10:22.443+0200] {logging_mixin.py:188} INFO - [2025-08-16T16:10:22.443+0200] {dag.py:3096} INFO - Sync 1 DAGs
[2025-08-16T16:10:22.476+0200] {logging_mixin.py:188} INFO - [2025-08-16T16:10:22.475+0200] {dag.py:3954} INFO - Setting next_dagrun for macro_trading_dag to 2025-08-16 08:00:00+00:00, run_after=2025-08-17 08:00:00+00:00
[2025-08-16T16:10:22.519+0200] {processor.py:183} INFO - Processing /home/leoja/airflow/dags/macro_trading_dag.py took 1.425 seconds
[2025-08-16T16:11:26.348+0200] {processor.py:161} INFO - Started process (PID=22538) to work on /home/leoja/airflow/dags/macro_trading_dag.py
[2025-08-16T16:11:26.350+0200] {processor.py:830} INFO - Processing file /home/leoja/airflow/dags/macro_trading_dag.py for tasks to queue
[2025-08-16T16:11:26.352+0200] {logging_mixin.py:188} INFO - [2025-08-16T16:11:26.351+0200] {dagbag.py:540} INFO - Filling up the DagBag from /home/leoja/airflow/dags/macro_trading_dag.py
[2025-08-16T16:11:27.742+0200] {processor.py:840} INFO - DAG(s) 'macro_trading_dag' retrieved from /home/leoja/airflow/dags/macro_trading_dag.py
[2025-08-16T16:11:27.964+0200] {logging_mixin.py:188} INFO - [2025-08-16T16:11:27.964+0200] {dag.py:3096} INFO - Sync 1 DAGs
[2025-08-16T16:11:27.991+0200] {logging_mixin.py:188} INFO - [2025-08-16T16:11:27.991+0200] {dag.py:3954} INFO - Setting next_dagrun for macro_trading_dag to 2025-08-16 08:00:00+00:00, run_after=2025-08-17 08:00:00+00:00
[2025-08-16T16:11:28.030+0200] {processor.py:183} INFO - Processing /home/leoja/airflow/dags/macro_trading_dag.py took 1.699 seconds
[2025-08-16T16:12:03.604+0200] {processor.py:161} INFO - Started process (PID=22765) to work on /home/leoja/airflow/dags/macro_trading_dag.py
[2025-08-16T16:12:03.608+0200] {processor.py:830} INFO - Processing file /home/leoja/airflow/dags/macro_trading_dag.py for tasks to queue
[2025-08-16T16:12:03.610+0200] {logging_mixin.py:188} INFO - [2025-08-16T16:12:03.609+0200] {dagbag.py:540} INFO - Filling up the DagBag from /home/leoja/airflow/dags/macro_trading_dag.py
[2025-08-16T16:12:05.681+0200] {processor.py:840} INFO - DAG(s) 'macro_trading_dag' retrieved from /home/leoja/airflow/dags/macro_trading_dag.py
[2025-08-16T16:12:05.718+0200] {logging_mixin.py:188} INFO - [2025-08-16T16:12:05.717+0200] {dag.py:3096} INFO - Sync 1 DAGs
[2025-08-16T16:12:05.765+0200] {logging_mixin.py:188} INFO - [2025-08-16T16:12:05.765+0200] {dag.py:3954} INFO - Setting next_dagrun for macro_trading_dag to 2025-08-16 08:00:00+00:00, run_after=2025-08-17 08:00:00+00:00
[2025-08-16T16:12:05.827+0200] {processor.py:183} INFO - Processing /home/leoja/airflow/dags/macro_trading_dag.py took 2.239 seconds
[2025-08-16T16:12:40.903+0200] {processor.py:161} INFO - Started process (PID=22945) to work on /home/leoja/airflow/dags/macro_trading_dag.py
[2025-08-16T16:12:40.904+0200] {processor.py:830} INFO - Processing file /home/leoja/airflow/dags/macro_trading_dag.py for tasks to queue
[2025-08-16T16:12:40.905+0200] {logging_mixin.py:188} INFO - [2025-08-16T16:12:40.905+0200] {dagbag.py:540} INFO - Filling up the DagBag from /home/leoja/airflow/dags/macro_trading_dag.py
[2025-08-16T16:12:42.330+0200] {processor.py:840} INFO - DAG(s) 'macro_trading_dag' retrieved from /home/leoja/airflow/dags/macro_trading_dag.py
[2025-08-16T16:12:42.346+0200] {logging_mixin.py:188} INFO - [2025-08-16T16:12:42.346+0200] {dag.py:3096} INFO - Sync 1 DAGs
[2025-08-16T16:12:42.358+0200] {logging_mixin.py:188} INFO - [2025-08-16T16:12:42.358+0200] {dag.py:3954} INFO - Setting next_dagrun for macro_trading_dag to 2025-08-16 08:00:00+00:00, run_after=2025-08-17 08:00:00+00:00
[2025-08-16T16:12:42.381+0200] {processor.py:183} INFO - Processing /home/leoja/airflow/dags/macro_trading_dag.py took 1.487 seconds
[2025-08-16T16:13:16.752+0200] {processor.py:161} INFO - Started process (PID=23137) to work on /home/leoja/airflow/dags/macro_trading_dag.py
[2025-08-16T16:13:16.754+0200] {processor.py:830} INFO - Processing file /home/leoja/airflow/dags/macro_trading_dag.py for tasks to queue
[2025-08-16T16:13:16.755+0200] {logging_mixin.py:188} INFO - [2025-08-16T16:13:16.754+0200] {dagbag.py:540} INFO - Filling up the DagBag from /home/leoja/airflow/dags/macro_trading_dag.py
[2025-08-16T16:13:18.001+0200] {processor.py:840} INFO - DAG(s) 'macro_trading_dag' retrieved from /home/leoja/airflow/dags/macro_trading_dag.py
[2025-08-16T16:13:18.015+0200] {logging_mixin.py:188} INFO - [2025-08-16T16:13:18.015+0200] {dag.py:3096} INFO - Sync 1 DAGs
[2025-08-16T16:13:18.044+0200] {logging_mixin.py:188} INFO - [2025-08-16T16:13:18.043+0200] {dag.py:3954} INFO - Setting next_dagrun for macro_trading_dag to 2025-08-16 08:00:00+00:00, run_after=2025-08-17 08:00:00+00:00
[2025-08-16T16:13:18.087+0200] {processor.py:183} INFO - Processing /home/leoja/airflow/dags/macro_trading_dag.py took 1.343 seconds
[2025-08-16T16:13:54.166+0200] {processor.py:161} INFO - Started process (PID=23316) to work on /home/leoja/airflow/dags/macro_trading_dag.py
[2025-08-16T16:13:54.169+0200] {processor.py:830} INFO - Processing file /home/leoja/airflow/dags/macro_trading_dag.py for tasks to queue
[2025-08-16T16:13:54.170+0200] {logging_mixin.py:188} INFO - [2025-08-16T16:13:54.170+0200] {dagbag.py:540} INFO - Filling up the DagBag from /home/leoja/airflow/dags/macro_trading_dag.py
[2025-08-16T16:13:57.835+0200] {processor.py:840} INFO - DAG(s) 'macro_trading_dag' retrieved from /home/leoja/airflow/dags/macro_trading_dag.py
[2025-08-16T16:13:57.908+0200] {logging_mixin.py:188} INFO - [2025-08-16T16:13:57.908+0200] {dag.py:3096} INFO - Sync 1 DAGs
[2025-08-16T16:13:57.954+0200] {logging_mixin.py:188} INFO - [2025-08-16T16:13:57.954+0200] {dag.py:3954} INFO - Setting next_dagrun for macro_trading_dag to 2025-08-16 08:00:00+00:00, run_after=2025-08-17 08:00:00+00:00
[2025-08-16T16:13:58.123+0200] {processor.py:183} INFO - Processing /home/leoja/airflow/dags/macro_trading_dag.py took 3.974 seconds
[2025-08-16T16:14:45.919+0200] {processor.py:161} INFO - Started process (PID=23597) to work on /home/leoja/airflow/dags/macro_trading_dag.py
[2025-08-16T16:14:45.921+0200] {processor.py:830} INFO - Processing file /home/leoja/airflow/dags/macro_trading_dag.py for tasks to queue
[2025-08-16T16:14:45.922+0200] {logging_mixin.py:188} INFO - [2025-08-16T16:14:45.922+0200] {dagbag.py:540} INFO - Filling up the DagBag from /home/leoja/airflow/dags/macro_trading_dag.py
[2025-08-16T16:14:47.906+0200] {processor.py:840} INFO - DAG(s) 'macro_trading_dag' retrieved from /home/leoja/airflow/dags/macro_trading_dag.py
[2025-08-16T16:14:47.940+0200] {logging_mixin.py:188} INFO - [2025-08-16T16:14:47.939+0200] {dag.py:3096} INFO - Sync 1 DAGs
[2025-08-16T16:14:47.977+0200] {logging_mixin.py:188} INFO - [2025-08-16T16:14:47.977+0200] {dag.py:3954} INFO - Setting next_dagrun for macro_trading_dag to 2025-08-16 08:00:00+00:00, run_after=2025-08-17 08:00:00+00:00
[2025-08-16T16:14:48.042+0200] {processor.py:183} INFO - Processing /home/leoja/airflow/dags/macro_trading_dag.py took 2.136 seconds
