[2025-07-07T14:06:37.300+0200] {local_task_job_runner.py:120} INFO - ::group::Pre task execution logs
[2025-07-07T14:06:37.313+0200] {taskinstance.py:2073} INFO - Dependencies all met for dep_context=non-requeueable deps ti=<TaskInstance: macro_trading_dag.format_assets_data manual__2025-07-07T12:06:16.120862+00:00 [queued]>
[2025-07-07T14:06:37.317+0200] {taskinstance.py:2073} INFO - Dependencies all met for dep_context=requeueable deps ti=<TaskInstance: macro_trading_dag.format_assets_data manual__2025-07-07T12:06:16.120862+00:00 [queued]>
[2025-07-07T14:06:37.317+0200] {taskinstance.py:2303} INFO - Starting attempt 1 of 3
[2025-07-07T14:06:37.332+0200] {taskinstance.py:2327} INFO - Executing <Task(PythonOperator): format_assets_data> on 2025-07-07 12:06:16.120862+00:00
[2025-07-07T14:06:37.339+0200] {standard_task_runner.py:90} INFO - Running: ['airflow', 'tasks', 'run', 'macro_trading_dag', 'format_assets_data', 'manual__2025-07-07T12:06:16.120862+00:00', '--job-id', '701', '--raw', '--subdir', 'DAGS_FOLDER/macro_trading_dag.py', '--cfg-path', '/tmp/tmp4x8by3c5']
[2025-07-07T14:06:37.340+0200] {standard_task_runner.py:91} INFO - Job 701: Subtask format_assets_data
[2025-07-07T14:06:37.341+0200] {logging_mixin.py:188} WARNING - /home/leoja/airflow/airflow_venv/lib/python3.12/site-packages/airflow/task/task_runner/standard_task_runner.py:61 DeprecationWarning: This process (pid=20882) is multi-threaded, use of fork() may lead to deadlocks in the child.
[2025-07-07T14:06:37.342+0200] {standard_task_runner.py:63} INFO - Started process 20893 to run task
[2025-07-07T14:06:37.469+0200] {task_command.py:426} INFO - Running <TaskInstance: macro_trading_dag.format_assets_data manual__2025-07-07T12:06:16.120862+00:00 [running]> on host N15I711-16GR512.localdomain
[2025-07-07T14:06:37.558+0200] {taskinstance.py:2644} INFO - Exporting env vars: AIRFLOW_CTX_DAG_OWNER='airflow' AIRFLOW_CTX_DAG_ID='macro_trading_dag' AIRFLOW_CTX_TASK_ID='format_assets_data' AIRFLOW_CTX_EXECUTION_DATE='2025-07-07T12:06:16.120862+00:00' AIRFLOW_CTX_TRY_NUMBER='1' AIRFLOW_CTX_DAG_RUN_ID='manual__2025-07-07T12:06:16.120862+00:00'
[2025-07-07T14:06:37.560+0200] {taskinstance.py:430} INFO - ::endgroup::
[2025-07-07T14:06:37.561+0200] {logging_mixin.py:188} INFO - → format_and_clean_data_daily: on lit le fichier CSV : /home/leoja/airflow/data/combined_assets.csv
[2025-07-07T14:06:37.590+0200] {logging_mixin.py:188} INFO -    Colonnes lues dans df : ['date', 'SP500', 'GOLD_OZ_USD', 'SmallCAP', 'US_REIT_VNQ', 'TREASURY_10Y', 'ENERGY', 'OBLIGATION']
[2025-07-07T14:06:37.765+0200] {logging_mixin.py:188} INFO - Données Assets journalières nettoyées sauvegardées : /home/leoja/airflow/data/Assets_daily.parquet
[2025-07-07T14:06:37.778+0200] {logging_mixin.py:188} INFO -          date        SP500  GOLD_OZ_USD  ...  TREASURY_10Y  ENERGY  OBLIGATION
1  2005-01-04  1188.050049   428.500000  ...     49.487514   40.75   49.241142
2  2005-01-05  1183.739990   426.600006  ...     49.569416   41.00   49.280857
3  2005-01-06  1187.890015   421.000000  ...     49.616226   43.25   49.316124
4  2005-01-07  1186.189941   418.899994  ...     49.575264   43.28   49.294071
5  2005-01-10  1190.250000   419.100006  ...     49.569416   44.71   49.210205

[5 rows x 8 columns]
[2025-07-07T14:06:37.789+0200] {logging_mixin.py:188} INFO -             date        SP500  GOLD_OZ_USD  ...  TREASURY_10Y   ENERGY  OBLIGATION
5344  2025-06-27  6173.069824  3273.699951  ...     95.088203  7.29000  108.610207
5345  2025-06-30  6204.950195  3294.399902  ...     95.466995  7.27375  109.208000
5346  2025-07-01  6198.009766  3336.699951  ...     95.290001  7.26375  109.339996
5347  2025-07-02  6227.419922  3348.000000  ...     95.089996  7.33000  109.320000
5348  2025-07-03  6279.350098  3331.600098  ...     94.760002  7.37500  109.059998

[5 rows x 8 columns]
[2025-07-07T14:06:37.790+0200] {python.py:237} INFO - Done. Returned value was: /home/leoja/airflow/data/Assets_daily.parquet
[2025-07-07T14:06:37.790+0200] {taskinstance.py:441} INFO - ::group::Post task execution logs
[2025-07-07T14:06:37.814+0200] {taskinstance.py:1205} INFO - Marking task as SUCCESS. dag_id=macro_trading_dag, task_id=format_assets_data, execution_date=20250707T120616, start_date=20250707T120637, end_date=20250707T120637
[2025-07-07T14:06:37.840+0200] {local_task_job_runner.py:240} INFO - Task exited with return code 0
[2025-07-07T14:06:37.853+0200] {taskinstance.py:3482} INFO - 0 downstream tasks scheduled from follow-on schedule check
[2025-07-07T14:06:37.853+0200] {local_task_job_runner.py:222} INFO - ::endgroup::
