[2025-07-10T11:09:38.256+0200] {local_task_job_runner.py:120} INFO - ::group::Pre task execution logs
[2025-07-10T11:09:38.268+0200] {taskinstance.py:2073} INFO - Dependencies all met for dep_context=non-requeueable deps ti=<TaskInstance: macro_trading_dag.format_assets_data scheduled__2025-07-08T08:00:00+00:00 [queued]>
[2025-07-10T11:09:38.272+0200] {taskinstance.py:2073} INFO - Dependencies all met for dep_context=requeueable deps ti=<TaskInstance: macro_trading_dag.format_assets_data scheduled__2025-07-08T08:00:00+00:00 [queued]>
[2025-07-10T11:09:38.272+0200] {taskinstance.py:2303} INFO - Starting attempt 1 of 3
[2025-07-10T11:09:38.290+0200] {taskinstance.py:2327} INFO - Executing <Task(PythonOperator): format_assets_data> on 2025-07-08 08:00:00+00:00
[2025-07-10T11:09:38.297+0200] {standard_task_runner.py:90} INFO - Running: ['airflow', 'tasks', 'run', 'macro_trading_dag', 'format_assets_data', 'scheduled__2025-07-08T08:00:00+00:00', '--job-id', '731', '--raw', '--subdir', 'DAGS_FOLDER/macro_trading_dag.py', '--cfg-path', '/tmp/tmphw7wtv4h']
[2025-07-10T11:09:38.298+0200] {standard_task_runner.py:91} INFO - Job 731: Subtask format_assets_data
[2025-07-10T11:09:38.301+0200] {logging_mixin.py:188} WARNING - /home/leoja/airflow/airflow_venv/lib/python3.12/site-packages/airflow/task/task_runner/standard_task_runner.py:61 DeprecationWarning: This process (pid=47133) is multi-threaded, use of fork() may lead to deadlocks in the child.
[2025-07-10T11:09:38.301+0200] {standard_task_runner.py:63} INFO - Started process 47183 to run task
[2025-07-10T11:09:38.356+0200] {task_command.py:426} INFO - Running <TaskInstance: macro_trading_dag.format_assets_data scheduled__2025-07-08T08:00:00+00:00 [running]> on host N15I711-16GR512.localdomain
[2025-07-10T11:09:38.482+0200] {taskinstance.py:2644} INFO - Exporting env vars: AIRFLOW_CTX_DAG_OWNER='airflow' AIRFLOW_CTX_DAG_ID='macro_trading_dag' AIRFLOW_CTX_TASK_ID='format_assets_data' AIRFLOW_CTX_EXECUTION_DATE='2025-07-08T08:00:00+00:00' AIRFLOW_CTX_TRY_NUMBER='1' AIRFLOW_CTX_DAG_RUN_ID='scheduled__2025-07-08T08:00:00+00:00'
[2025-07-10T11:09:38.483+0200] {taskinstance.py:430} INFO - ::endgroup::
[2025-07-10T11:09:38.484+0200] {logging_mixin.py:188} INFO - → format_and_clean_data_daily: on lit le fichier CSV : /home/leoja/airflow/data/combined_assets.csv
[2025-07-10T11:09:38.499+0200] {logging_mixin.py:188} INFO -    Colonnes lues dans df : ['date', 'SP500', 'GOLD_OZ_USD', 'SmallCAP', 'US_REIT_VNQ', 'TREASURY_10Y', 'ENERGY', 'OBLIGATION']
[2025-07-10T11:09:38.541+0200] {logging_mixin.py:188} INFO - Données Assets journalières nettoyées sauvegardées : /home/leoja/airflow/data/Assets_daily.parquet
[2025-07-10T11:09:38.551+0200] {logging_mixin.py:188} INFO -          date        SP500  GOLD_OZ_USD  ...  TREASURY_10Y  ENERGY  OBLIGATION
1  2005-01-04  1188.050049   428.500000  ...     49.487514   40.75   49.241142
2  2005-01-05  1183.739990   426.600006  ...     49.569416   41.00   49.280857
3  2005-01-06  1187.890015   421.000000  ...     49.616226   43.25   49.316124
4  2005-01-07  1186.189941   418.899994  ...     49.575264   43.28   49.294071
5  2005-01-10  1190.250000   419.100006  ...     49.569416   44.71   49.210205

[5 rows x 8 columns]
[2025-07-10T11:09:38.556+0200] {logging_mixin.py:188} INFO -             date        SP500  GOLD_OZ_USD  ...  TREASURY_10Y  ENERGY  OBLIGATION
5347  2025-07-02  6227.419922  3348.000000  ...     95.089996  7.3300  109.320000
5348  2025-07-03  6279.350098  3331.600098  ...     94.760002  7.3750  109.059998
5350  2025-07-07  6229.979980  3332.199951  ...     94.459999  7.3075  108.410004
5351  2025-07-08  6225.520020  3307.000000  ...     94.320000  7.3125  108.099998
5352  2025-07-09  6263.259766  3311.600098  ...     94.809998  7.3175  108.720001

[5 rows x 8 columns]
[2025-07-10T11:09:38.556+0200] {python.py:237} INFO - Done. Returned value was: /home/leoja/airflow/data/Assets_daily.parquet
[2025-07-10T11:09:38.557+0200] {taskinstance.py:441} INFO - ::group::Post task execution logs
[2025-07-10T11:09:38.574+0200] {taskinstance.py:1205} INFO - Marking task as SUCCESS. dag_id=macro_trading_dag, task_id=format_assets_data, execution_date=20250708T080000, start_date=20250710T090938, end_date=20250710T090938
[2025-07-10T11:09:38.635+0200] {local_task_job_runner.py:240} INFO - Task exited with return code 0
[2025-07-10T11:09:38.647+0200] {taskinstance.py:3482} INFO - 0 downstream tasks scheduled from follow-on schedule check
[2025-07-10T11:09:38.647+0200] {local_task_job_runner.py:222} INFO - ::endgroup::
