[2025-06-12T18:20:37.324+0200] {processor.py:161} INFO - Started process (PID=390721) to work on /home/leoja/airflow/airflow_venv/lib/python3.12/site-packages/airflow/example_dags/example_dynamic_task_mapping.py
[2025-06-12T18:20:37.325+0200] {processor.py:830} INFO - Processing file /home/leoja/airflow/airflow_venv/lib/python3.12/site-packages/airflow/example_dags/example_dynamic_task_mapping.py for tasks to queue
[2025-06-12T18:20:37.326+0200] {logging_mixin.py:188} INFO - [2025-06-12T18:20:37.326+0200] {dagbag.py:540} INFO - Filling up the DagBag from /home/leoja/airflow/airflow_venv/lib/python3.12/site-packages/airflow/example_dags/example_dynamic_task_mapping.py
[2025-06-12T18:20:37.335+0200] {processor.py:840} INFO - DAG(s) 'example_dynamic_task_mapping' retrieved from /home/leoja/airflow/airflow_venv/lib/python3.12/site-packages/airflow/example_dags/example_dynamic_task_mapping.py
[2025-06-12T18:20:37.407+0200] {logging_mixin.py:188} INFO - [2025-06-12T18:20:37.406+0200] {dag.py:3096} INFO - Sync 1 DAGs
[2025-06-12T18:20:37.419+0200] {logging_mixin.py:188} INFO - [2025-06-12T18:20:37.419+0200] {dag.py:3954} INFO - Setting next_dagrun for example_dynamic_task_mapping to 2022-03-04 00:00:00+00:00, run_after=2022-03-05 00:00:00+00:00
[2025-06-12T18:20:37.439+0200] {processor.py:183} INFO - Processing /home/leoja/airflow/airflow_venv/lib/python3.12/site-packages/airflow/example_dags/example_dynamic_task_mapping.py took 0.121 seconds
[2025-06-12T18:21:34.724+0200] {processor.py:161} INFO - Started process (PID=391093) to work on /home/leoja/airflow/airflow_venv/lib/python3.12/site-packages/airflow/example_dags/example_dynamic_task_mapping.py
[2025-06-12T18:21:34.725+0200] {processor.py:830} INFO - Processing file /home/leoja/airflow/airflow_venv/lib/python3.12/site-packages/airflow/example_dags/example_dynamic_task_mapping.py for tasks to queue
[2025-06-12T18:21:34.726+0200] {logging_mixin.py:188} INFO - [2025-06-12T18:21:34.726+0200] {dagbag.py:540} INFO - Filling up the DagBag from /home/leoja/airflow/airflow_venv/lib/python3.12/site-packages/airflow/example_dags/example_dynamic_task_mapping.py
[2025-06-12T18:21:34.732+0200] {processor.py:840} INFO - DAG(s) 'example_dynamic_task_mapping' retrieved from /home/leoja/airflow/airflow_venv/lib/python3.12/site-packages/airflow/example_dags/example_dynamic_task_mapping.py
[2025-06-12T18:21:34.746+0200] {logging_mixin.py:188} INFO - [2025-06-12T18:21:34.746+0200] {dag.py:3096} INFO - Sync 1 DAGs
[2025-06-12T18:21:34.759+0200] {logging_mixin.py:188} INFO - [2025-06-12T18:21:34.759+0200] {dag.py:3954} INFO - Setting next_dagrun for example_dynamic_task_mapping to 2022-03-04 00:00:00+00:00, run_after=2022-03-05 00:00:00+00:00
[2025-06-12T18:21:34.776+0200] {processor.py:183} INFO - Processing /home/leoja/airflow/airflow_venv/lib/python3.12/site-packages/airflow/example_dags/example_dynamic_task_mapping.py took 0.058 seconds
[2025-06-12T18:22:29.697+0200] {processor.py:161} INFO - Started process (PID=391985) to work on /home/leoja/airflow/airflow_venv/lib/python3.12/site-packages/airflow/example_dags/example_dynamic_task_mapping.py
[2025-06-12T18:22:29.699+0200] {processor.py:830} INFO - Processing file /home/leoja/airflow/airflow_venv/lib/python3.12/site-packages/airflow/example_dags/example_dynamic_task_mapping.py for tasks to queue
[2025-06-12T18:22:29.700+0200] {logging_mixin.py:188} INFO - [2025-06-12T18:22:29.700+0200] {dagbag.py:540} INFO - Filling up the DagBag from /home/leoja/airflow/airflow_venv/lib/python3.12/site-packages/airflow/example_dags/example_dynamic_task_mapping.py
[2025-06-12T18:22:29.707+0200] {processor.py:840} INFO - DAG(s) 'example_dynamic_task_mapping' retrieved from /home/leoja/airflow/airflow_venv/lib/python3.12/site-packages/airflow/example_dags/example_dynamic_task_mapping.py
[2025-06-12T18:22:29.721+0200] {logging_mixin.py:188} INFO - [2025-06-12T18:22:29.721+0200] {dag.py:3096} INFO - Sync 1 DAGs
[2025-06-12T18:22:29.742+0200] {logging_mixin.py:188} INFO - [2025-06-12T18:22:29.741+0200] {dag.py:3954} INFO - Setting next_dagrun for example_dynamic_task_mapping to 2022-03-04 00:00:00+00:00, run_after=2022-03-05 00:00:00+00:00
[2025-06-12T18:22:29.766+0200] {processor.py:183} INFO - Processing /home/leoja/airflow/airflow_venv/lib/python3.12/site-packages/airflow/example_dags/example_dynamic_task_mapping.py took 0.074 seconds
[2025-06-12T18:24:12.835+0200] {processor.py:161} INFO - Started process (PID=393064) to work on /home/leoja/airflow/airflow_venv/lib/python3.12/site-packages/airflow/example_dags/example_dynamic_task_mapping.py
[2025-06-12T18:24:12.837+0200] {processor.py:830} INFO - Processing file /home/leoja/airflow/airflow_venv/lib/python3.12/site-packages/airflow/example_dags/example_dynamic_task_mapping.py for tasks to queue
[2025-06-12T18:24:12.839+0200] {logging_mixin.py:188} INFO - [2025-06-12T18:24:12.839+0200] {dagbag.py:540} INFO - Filling up the DagBag from /home/leoja/airflow/airflow_venv/lib/python3.12/site-packages/airflow/example_dags/example_dynamic_task_mapping.py
[2025-06-12T18:24:12.847+0200] {processor.py:840} INFO - DAG(s) 'example_dynamic_task_mapping' retrieved from /home/leoja/airflow/airflow_venv/lib/python3.12/site-packages/airflow/example_dags/example_dynamic_task_mapping.py
[2025-06-12T18:24:12.863+0200] {logging_mixin.py:188} INFO - [2025-06-12T18:24:12.863+0200] {dag.py:3096} INFO - Sync 1 DAGs
[2025-06-12T18:24:12.884+0200] {logging_mixin.py:188} INFO - [2025-06-12T18:24:12.883+0200] {dag.py:3954} INFO - Setting next_dagrun for example_dynamic_task_mapping to 2022-03-04 00:00:00+00:00, run_after=2022-03-05 00:00:00+00:00
[2025-06-12T18:24:12.906+0200] {processor.py:183} INFO - Processing /home/leoja/airflow/airflow_venv/lib/python3.12/site-packages/airflow/example_dags/example_dynamic_task_mapping.py took 0.076 seconds
[2025-06-12T18:25:04.936+0200] {processor.py:161} INFO - Started process (PID=393328) to work on /home/leoja/airflow/airflow_venv/lib/python3.12/site-packages/airflow/example_dags/example_dynamic_task_mapping.py
[2025-06-12T18:25:04.938+0200] {processor.py:830} INFO - Processing file /home/leoja/airflow/airflow_venv/lib/python3.12/site-packages/airflow/example_dags/example_dynamic_task_mapping.py for tasks to queue
[2025-06-12T18:25:04.940+0200] {logging_mixin.py:188} INFO - [2025-06-12T18:25:04.939+0200] {dagbag.py:540} INFO - Filling up the DagBag from /home/leoja/airflow/airflow_venv/lib/python3.12/site-packages/airflow/example_dags/example_dynamic_task_mapping.py
[2025-06-12T18:25:04.947+0200] {processor.py:840} INFO - DAG(s) 'example_dynamic_task_mapping' retrieved from /home/leoja/airflow/airflow_venv/lib/python3.12/site-packages/airflow/example_dags/example_dynamic_task_mapping.py
[2025-06-12T18:25:04.961+0200] {logging_mixin.py:188} INFO - [2025-06-12T18:25:04.961+0200] {dag.py:3096} INFO - Sync 1 DAGs
[2025-06-12T18:25:04.975+0200] {logging_mixin.py:188} INFO - [2025-06-12T18:25:04.975+0200] {dag.py:3954} INFO - Setting next_dagrun for example_dynamic_task_mapping to 2022-03-04 00:00:00+00:00, run_after=2022-03-05 00:00:00+00:00
[2025-06-12T18:25:04.999+0200] {processor.py:183} INFO - Processing /home/leoja/airflow/airflow_venv/lib/python3.12/site-packages/airflow/example_dags/example_dynamic_task_mapping.py took 0.068 seconds
[2025-06-12T18:25:53.127+0200] {processor.py:161} INFO - Started process (PID=393560) to work on /home/leoja/airflow/airflow_venv/lib/python3.12/site-packages/airflow/example_dags/example_dynamic_task_mapping.py
[2025-06-12T18:25:53.129+0200] {processor.py:830} INFO - Processing file /home/leoja/airflow/airflow_venv/lib/python3.12/site-packages/airflow/example_dags/example_dynamic_task_mapping.py for tasks to queue
[2025-06-12T18:25:53.130+0200] {logging_mixin.py:188} INFO - [2025-06-12T18:25:53.130+0200] {dagbag.py:540} INFO - Filling up the DagBag from /home/leoja/airflow/airflow_venv/lib/python3.12/site-packages/airflow/example_dags/example_dynamic_task_mapping.py
[2025-06-12T18:25:53.136+0200] {processor.py:840} INFO - DAG(s) 'example_dynamic_task_mapping' retrieved from /home/leoja/airflow/airflow_venv/lib/python3.12/site-packages/airflow/example_dags/example_dynamic_task_mapping.py
[2025-06-12T18:25:53.152+0200] {logging_mixin.py:188} INFO - [2025-06-12T18:25:53.151+0200] {dag.py:3096} INFO - Sync 1 DAGs
[2025-06-12T18:25:53.168+0200] {logging_mixin.py:188} INFO - [2025-06-12T18:25:53.168+0200] {dag.py:3954} INFO - Setting next_dagrun for example_dynamic_task_mapping to 2022-03-04 00:00:00+00:00, run_after=2022-03-05 00:00:00+00:00
[2025-06-12T18:25:53.188+0200] {processor.py:183} INFO - Processing /home/leoja/airflow/airflow_venv/lib/python3.12/site-packages/airflow/example_dags/example_dynamic_task_mapping.py took 0.065 seconds
[2025-06-12T18:26:41.186+0200] {processor.py:161} INFO - Started process (PID=393783) to work on /home/leoja/airflow/airflow_venv/lib/python3.12/site-packages/airflow/example_dags/example_dynamic_task_mapping.py
[2025-06-12T18:26:41.191+0200] {processor.py:830} INFO - Processing file /home/leoja/airflow/airflow_venv/lib/python3.12/site-packages/airflow/example_dags/example_dynamic_task_mapping.py for tasks to queue
[2025-06-12T18:26:41.194+0200] {logging_mixin.py:188} INFO - [2025-06-12T18:26:41.193+0200] {dagbag.py:540} INFO - Filling up the DagBag from /home/leoja/airflow/airflow_venv/lib/python3.12/site-packages/airflow/example_dags/example_dynamic_task_mapping.py
[2025-06-12T18:26:41.202+0200] {processor.py:840} INFO - DAG(s) 'example_dynamic_task_mapping' retrieved from /home/leoja/airflow/airflow_venv/lib/python3.12/site-packages/airflow/example_dags/example_dynamic_task_mapping.py
[2025-06-12T18:26:41.220+0200] {logging_mixin.py:188} INFO - [2025-06-12T18:26:41.220+0200] {dag.py:3096} INFO - Sync 1 DAGs
[2025-06-12T18:26:41.244+0200] {logging_mixin.py:188} INFO - [2025-06-12T18:26:41.244+0200] {dag.py:3954} INFO - Setting next_dagrun for example_dynamic_task_mapping to 2022-03-04 00:00:00+00:00, run_after=2022-03-05 00:00:00+00:00
[2025-06-12T18:26:41.271+0200] {processor.py:183} INFO - Processing /home/leoja/airflow/airflow_venv/lib/python3.12/site-packages/airflow/example_dags/example_dynamic_task_mapping.py took 0.093 seconds
[2025-06-12T18:27:35.646+0200] {processor.py:161} INFO - Started process (PID=394094) to work on /home/leoja/airflow/airflow_venv/lib/python3.12/site-packages/airflow/example_dags/example_dynamic_task_mapping.py
[2025-06-12T18:27:35.647+0200] {processor.py:830} INFO - Processing file /home/leoja/airflow/airflow_venv/lib/python3.12/site-packages/airflow/example_dags/example_dynamic_task_mapping.py for tasks to queue
[2025-06-12T18:27:35.649+0200] {logging_mixin.py:188} INFO - [2025-06-12T18:27:35.648+0200] {dagbag.py:540} INFO - Filling up the DagBag from /home/leoja/airflow/airflow_venv/lib/python3.12/site-packages/airflow/example_dags/example_dynamic_task_mapping.py
[2025-06-12T18:27:35.654+0200] {processor.py:840} INFO - DAG(s) 'example_dynamic_task_mapping' retrieved from /home/leoja/airflow/airflow_venv/lib/python3.12/site-packages/airflow/example_dags/example_dynamic_task_mapping.py
[2025-06-12T18:27:35.666+0200] {logging_mixin.py:188} INFO - [2025-06-12T18:27:35.666+0200] {dag.py:3096} INFO - Sync 1 DAGs
[2025-06-12T18:27:35.680+0200] {logging_mixin.py:188} INFO - [2025-06-12T18:27:35.679+0200] {dag.py:3954} INFO - Setting next_dagrun for example_dynamic_task_mapping to 2022-03-04 00:00:00+00:00, run_after=2022-03-05 00:00:00+00:00
[2025-06-12T18:27:35.710+0200] {processor.py:183} INFO - Processing /home/leoja/airflow/airflow_venv/lib/python3.12/site-packages/airflow/example_dags/example_dynamic_task_mapping.py took 0.069 seconds
[2025-06-12T18:28:30.672+0200] {processor.py:161} INFO - Started process (PID=394426) to work on /home/leoja/airflow/airflow_venv/lib/python3.12/site-packages/airflow/example_dags/example_dynamic_task_mapping.py
[2025-06-12T18:28:30.674+0200] {processor.py:830} INFO - Processing file /home/leoja/airflow/airflow_venv/lib/python3.12/site-packages/airflow/example_dags/example_dynamic_task_mapping.py for tasks to queue
[2025-06-12T18:28:30.675+0200] {logging_mixin.py:188} INFO - [2025-06-12T18:28:30.675+0200] {dagbag.py:540} INFO - Filling up the DagBag from /home/leoja/airflow/airflow_venv/lib/python3.12/site-packages/airflow/example_dags/example_dynamic_task_mapping.py
[2025-06-12T18:28:30.680+0200] {processor.py:840} INFO - DAG(s) 'example_dynamic_task_mapping' retrieved from /home/leoja/airflow/airflow_venv/lib/python3.12/site-packages/airflow/example_dags/example_dynamic_task_mapping.py
[2025-06-12T18:28:30.692+0200] {logging_mixin.py:188} INFO - [2025-06-12T18:28:30.691+0200] {dag.py:3096} INFO - Sync 1 DAGs
[2025-06-12T18:28:30.704+0200] {logging_mixin.py:188} INFO - [2025-06-12T18:28:30.704+0200] {dag.py:3954} INFO - Setting next_dagrun for example_dynamic_task_mapping to 2022-03-04 00:00:00+00:00, run_after=2022-03-05 00:00:00+00:00
[2025-06-12T18:28:30.724+0200] {processor.py:183} INFO - Processing /home/leoja/airflow/airflow_venv/lib/python3.12/site-packages/airflow/example_dags/example_dynamic_task_mapping.py took 0.058 seconds
[2025-06-12T18:29:29.331+0200] {processor.py:161} INFO - Started process (PID=394663) to work on /home/leoja/airflow/airflow_venv/lib/python3.12/site-packages/airflow/example_dags/example_dynamic_task_mapping.py
[2025-06-12T18:29:29.332+0200] {processor.py:830} INFO - Processing file /home/leoja/airflow/airflow_venv/lib/python3.12/site-packages/airflow/example_dags/example_dynamic_task_mapping.py for tasks to queue
[2025-06-12T18:29:29.335+0200] {logging_mixin.py:188} INFO - [2025-06-12T18:29:29.334+0200] {dagbag.py:540} INFO - Filling up the DagBag from /home/leoja/airflow/airflow_venv/lib/python3.12/site-packages/airflow/example_dags/example_dynamic_task_mapping.py
[2025-06-12T18:29:29.351+0200] {processor.py:840} INFO - DAG(s) 'example_dynamic_task_mapping' retrieved from /home/leoja/airflow/airflow_venv/lib/python3.12/site-packages/airflow/example_dags/example_dynamic_task_mapping.py
[2025-06-12T18:29:29.391+0200] {logging_mixin.py:188} INFO - [2025-06-12T18:29:29.391+0200] {dag.py:3096} INFO - Sync 1 DAGs
[2025-06-12T18:29:29.441+0200] {logging_mixin.py:188} INFO - [2025-06-12T18:29:29.440+0200] {dag.py:3954} INFO - Setting next_dagrun for example_dynamic_task_mapping to 2022-03-04 00:00:00+00:00, run_after=2022-03-05 00:00:00+00:00
[2025-06-12T18:29:29.578+0200] {processor.py:183} INFO - Processing /home/leoja/airflow/airflow_venv/lib/python3.12/site-packages/airflow/example_dags/example_dynamic_task_mapping.py took 0.264 seconds
[2025-06-12T18:31:19.715+0200] {processor.py:161} INFO - Started process (PID=395885) to work on /home/leoja/airflow/airflow_venv/lib/python3.12/site-packages/airflow/example_dags/example_dynamic_task_mapping.py
[2025-06-12T18:31:19.717+0200] {processor.py:830} INFO - Processing file /home/leoja/airflow/airflow_venv/lib/python3.12/site-packages/airflow/example_dags/example_dynamic_task_mapping.py for tasks to queue
[2025-06-12T18:31:19.718+0200] {logging_mixin.py:188} INFO - [2025-06-12T18:31:19.718+0200] {dagbag.py:540} INFO - Filling up the DagBag from /home/leoja/airflow/airflow_venv/lib/python3.12/site-packages/airflow/example_dags/example_dynamic_task_mapping.py
[2025-06-12T18:31:19.724+0200] {processor.py:840} INFO - DAG(s) 'example_dynamic_task_mapping' retrieved from /home/leoja/airflow/airflow_venv/lib/python3.12/site-packages/airflow/example_dags/example_dynamic_task_mapping.py
[2025-06-12T18:31:19.734+0200] {logging_mixin.py:188} INFO - [2025-06-12T18:31:19.734+0200] {dag.py:3096} INFO - Sync 1 DAGs
[2025-06-12T18:31:19.745+0200] {logging_mixin.py:188} INFO - [2025-06-12T18:31:19.745+0200] {dag.py:3954} INFO - Setting next_dagrun for example_dynamic_task_mapping to 2022-03-04 00:00:00+00:00, run_after=2022-03-05 00:00:00+00:00
[2025-06-12T18:31:19.771+0200] {processor.py:183} INFO - Processing /home/leoja/airflow/airflow_venv/lib/python3.12/site-packages/airflow/example_dags/example_dynamic_task_mapping.py took 0.061 seconds
[2025-06-12T18:32:13.209+0200] {processor.py:161} INFO - Started process (PID=396119) to work on /home/leoja/airflow/airflow_venv/lib/python3.12/site-packages/airflow/example_dags/example_dynamic_task_mapping.py
[2025-06-12T18:32:13.211+0200] {processor.py:830} INFO - Processing file /home/leoja/airflow/airflow_venv/lib/python3.12/site-packages/airflow/example_dags/example_dynamic_task_mapping.py for tasks to queue
[2025-06-12T18:32:13.212+0200] {logging_mixin.py:188} INFO - [2025-06-12T18:32:13.212+0200] {dagbag.py:540} INFO - Filling up the DagBag from /home/leoja/airflow/airflow_venv/lib/python3.12/site-packages/airflow/example_dags/example_dynamic_task_mapping.py
[2025-06-12T18:32:13.218+0200] {processor.py:840} INFO - DAG(s) 'example_dynamic_task_mapping' retrieved from /home/leoja/airflow/airflow_venv/lib/python3.12/site-packages/airflow/example_dags/example_dynamic_task_mapping.py
[2025-06-12T18:32:13.229+0200] {logging_mixin.py:188} INFO - [2025-06-12T18:32:13.228+0200] {dag.py:3096} INFO - Sync 1 DAGs
[2025-06-12T18:32:13.240+0200] {logging_mixin.py:188} INFO - [2025-06-12T18:32:13.240+0200] {dag.py:3954} INFO - Setting next_dagrun for example_dynamic_task_mapping to 2022-03-04 00:00:00+00:00, run_after=2022-03-05 00:00:00+00:00
[2025-06-12T18:32:13.259+0200] {processor.py:183} INFO - Processing /home/leoja/airflow/airflow_venv/lib/python3.12/site-packages/airflow/example_dags/example_dynamic_task_mapping.py took 0.055 seconds
[2025-06-12T18:32:58.726+0200] {processor.py:161} INFO - Started process (PID=396287) to work on /home/leoja/airflow/airflow_venv/lib/python3.12/site-packages/airflow/example_dags/example_dynamic_task_mapping.py
[2025-06-12T18:32:58.730+0200] {processor.py:830} INFO - Processing file /home/leoja/airflow/airflow_venv/lib/python3.12/site-packages/airflow/example_dags/example_dynamic_task_mapping.py for tasks to queue
[2025-06-12T18:32:58.732+0200] {logging_mixin.py:188} INFO - [2025-06-12T18:32:58.731+0200] {dagbag.py:540} INFO - Filling up the DagBag from /home/leoja/airflow/airflow_venv/lib/python3.12/site-packages/airflow/example_dags/example_dynamic_task_mapping.py
[2025-06-12T18:32:58.738+0200] {processor.py:840} INFO - DAG(s) 'example_dynamic_task_mapping' retrieved from /home/leoja/airflow/airflow_venv/lib/python3.12/site-packages/airflow/example_dags/example_dynamic_task_mapping.py
[2025-06-12T18:32:58.749+0200] {logging_mixin.py:188} INFO - [2025-06-12T18:32:58.749+0200] {dag.py:3096} INFO - Sync 1 DAGs
[2025-06-12T18:32:58.761+0200] {logging_mixin.py:188} INFO - [2025-06-12T18:32:58.761+0200] {dag.py:3954} INFO - Setting next_dagrun for example_dynamic_task_mapping to 2022-03-04 00:00:00+00:00, run_after=2022-03-05 00:00:00+00:00
[2025-06-12T18:32:58.790+0200] {processor.py:183} INFO - Processing /home/leoja/airflow/airflow_venv/lib/python3.12/site-packages/airflow/example_dags/example_dynamic_task_mapping.py took 0.068 seconds
[2025-06-12T18:33:46.652+0200] {processor.py:161} INFO - Started process (PID=396530) to work on /home/leoja/airflow/airflow_venv/lib/python3.12/site-packages/airflow/example_dags/example_dynamic_task_mapping.py
[2025-06-12T18:33:46.654+0200] {processor.py:830} INFO - Processing file /home/leoja/airflow/airflow_venv/lib/python3.12/site-packages/airflow/example_dags/example_dynamic_task_mapping.py for tasks to queue
[2025-06-12T18:33:46.655+0200] {logging_mixin.py:188} INFO - [2025-06-12T18:33:46.655+0200] {dagbag.py:540} INFO - Filling up the DagBag from /home/leoja/airflow/airflow_venv/lib/python3.12/site-packages/airflow/example_dags/example_dynamic_task_mapping.py
[2025-06-12T18:33:46.660+0200] {processor.py:840} INFO - DAG(s) 'example_dynamic_task_mapping' retrieved from /home/leoja/airflow/airflow_venv/lib/python3.12/site-packages/airflow/example_dags/example_dynamic_task_mapping.py
[2025-06-12T18:33:46.673+0200] {logging_mixin.py:188} INFO - [2025-06-12T18:33:46.673+0200] {dag.py:3096} INFO - Sync 1 DAGs
[2025-06-12T18:33:46.686+0200] {logging_mixin.py:188} INFO - [2025-06-12T18:33:46.686+0200] {dag.py:3954} INFO - Setting next_dagrun for example_dynamic_task_mapping to 2022-03-04 00:00:00+00:00, run_after=2022-03-05 00:00:00+00:00
[2025-06-12T18:33:46.705+0200] {processor.py:183} INFO - Processing /home/leoja/airflow/airflow_venv/lib/python3.12/site-packages/airflow/example_dags/example_dynamic_task_mapping.py took 0.060 seconds
[2025-06-12T18:34:32.369+0200] {processor.py:161} INFO - Started process (PID=396823) to work on /home/leoja/airflow/airflow_venv/lib/python3.12/site-packages/airflow/example_dags/example_dynamic_task_mapping.py
[2025-06-12T18:34:32.371+0200] {processor.py:830} INFO - Processing file /home/leoja/airflow/airflow_venv/lib/python3.12/site-packages/airflow/example_dags/example_dynamic_task_mapping.py for tasks to queue
[2025-06-12T18:34:32.372+0200] {logging_mixin.py:188} INFO - [2025-06-12T18:34:32.372+0200] {dagbag.py:540} INFO - Filling up the DagBag from /home/leoja/airflow/airflow_venv/lib/python3.12/site-packages/airflow/example_dags/example_dynamic_task_mapping.py
[2025-06-12T18:34:32.378+0200] {processor.py:840} INFO - DAG(s) 'example_dynamic_task_mapping' retrieved from /home/leoja/airflow/airflow_venv/lib/python3.12/site-packages/airflow/example_dags/example_dynamic_task_mapping.py
[2025-06-12T18:34:32.393+0200] {logging_mixin.py:188} INFO - [2025-06-12T18:34:32.393+0200] {dag.py:3096} INFO - Sync 1 DAGs
[2025-06-12T18:34:32.411+0200] {logging_mixin.py:188} INFO - [2025-06-12T18:34:32.410+0200] {dag.py:3954} INFO - Setting next_dagrun for example_dynamic_task_mapping to 2022-03-04 00:00:00+00:00, run_after=2022-03-05 00:00:00+00:00
[2025-06-12T18:34:32.433+0200] {processor.py:183} INFO - Processing /home/leoja/airflow/airflow_venv/lib/python3.12/site-packages/airflow/example_dags/example_dynamic_task_mapping.py took 0.069 seconds
[2025-06-12T18:35:17.114+0200] {processor.py:161} INFO - Started process (PID=396978) to work on /home/leoja/airflow/airflow_venv/lib/python3.12/site-packages/airflow/example_dags/example_dynamic_task_mapping.py
[2025-06-12T18:35:17.116+0200] {processor.py:830} INFO - Processing file /home/leoja/airflow/airflow_venv/lib/python3.12/site-packages/airflow/example_dags/example_dynamic_task_mapping.py for tasks to queue
[2025-06-12T18:35:17.117+0200] {logging_mixin.py:188} INFO - [2025-06-12T18:35:17.117+0200] {dagbag.py:540} INFO - Filling up the DagBag from /home/leoja/airflow/airflow_venv/lib/python3.12/site-packages/airflow/example_dags/example_dynamic_task_mapping.py
[2025-06-12T18:35:17.122+0200] {processor.py:840} INFO - DAG(s) 'example_dynamic_task_mapping' retrieved from /home/leoja/airflow/airflow_venv/lib/python3.12/site-packages/airflow/example_dags/example_dynamic_task_mapping.py
[2025-06-12T18:35:17.132+0200] {logging_mixin.py:188} INFO - [2025-06-12T18:35:17.132+0200] {dag.py:3096} INFO - Sync 1 DAGs
[2025-06-12T18:35:17.144+0200] {logging_mixin.py:188} INFO - [2025-06-12T18:35:17.144+0200] {dag.py:3954} INFO - Setting next_dagrun for example_dynamic_task_mapping to 2022-03-04 00:00:00+00:00, run_after=2022-03-05 00:00:00+00:00
[2025-06-12T18:35:17.163+0200] {processor.py:183} INFO - Processing /home/leoja/airflow/airflow_venv/lib/python3.12/site-packages/airflow/example_dags/example_dynamic_task_mapping.py took 0.052 seconds
[2025-06-12T18:39:09.899+0200] {processor.py:161} INFO - Started process (PID=397957) to work on /home/leoja/airflow/airflow_venv/lib/python3.12/site-packages/airflow/example_dags/example_dynamic_task_mapping.py
[2025-06-12T18:39:09.901+0200] {processor.py:830} INFO - Processing file /home/leoja/airflow/airflow_venv/lib/python3.12/site-packages/airflow/example_dags/example_dynamic_task_mapping.py for tasks to queue
[2025-06-12T18:39:09.903+0200] {logging_mixin.py:188} INFO - [2025-06-12T18:39:09.902+0200] {dagbag.py:540} INFO - Filling up the DagBag from /home/leoja/airflow/airflow_venv/lib/python3.12/site-packages/airflow/example_dags/example_dynamic_task_mapping.py
[2025-06-12T18:39:09.916+0200] {processor.py:840} INFO - DAG(s) 'example_dynamic_task_mapping' retrieved from /home/leoja/airflow/airflow_venv/lib/python3.12/site-packages/airflow/example_dags/example_dynamic_task_mapping.py
[2025-06-12T18:39:09.929+0200] {logging_mixin.py:188} INFO - [2025-06-12T18:39:09.929+0200] {dag.py:3096} INFO - Sync 1 DAGs
[2025-06-12T18:39:09.949+0200] {logging_mixin.py:188} INFO - [2025-06-12T18:39:09.949+0200] {dag.py:3954} INFO - Setting next_dagrun for example_dynamic_task_mapping to 2022-03-04 00:00:00+00:00, run_after=2022-03-05 00:00:00+00:00
[2025-06-12T18:39:09.977+0200] {processor.py:183} INFO - Processing /home/leoja/airflow/airflow_venv/lib/python3.12/site-packages/airflow/example_dags/example_dynamic_task_mapping.py took 0.083 seconds
[2025-06-12T18:40:40.716+0200] {processor.py:161} INFO - Started process (PID=398472) to work on /home/leoja/airflow/airflow_venv/lib/python3.12/site-packages/airflow/example_dags/example_dynamic_task_mapping.py
[2025-06-12T18:40:40.717+0200] {processor.py:830} INFO - Processing file /home/leoja/airflow/airflow_venv/lib/python3.12/site-packages/airflow/example_dags/example_dynamic_task_mapping.py for tasks to queue
[2025-06-12T18:40:40.719+0200] {logging_mixin.py:188} INFO - [2025-06-12T18:40:40.719+0200] {dagbag.py:540} INFO - Filling up the DagBag from /home/leoja/airflow/airflow_venv/lib/python3.12/site-packages/airflow/example_dags/example_dynamic_task_mapping.py
[2025-06-12T18:40:40.727+0200] {processor.py:840} INFO - DAG(s) 'example_dynamic_task_mapping' retrieved from /home/leoja/airflow/airflow_venv/lib/python3.12/site-packages/airflow/example_dags/example_dynamic_task_mapping.py
[2025-06-12T18:40:40.834+0200] {logging_mixin.py:188} INFO - [2025-06-12T18:40:40.834+0200] {dag.py:3096} INFO - Sync 1 DAGs
[2025-06-12T18:40:40.853+0200] {logging_mixin.py:188} INFO - [2025-06-12T18:40:40.852+0200] {dag.py:3954} INFO - Setting next_dagrun for example_dynamic_task_mapping to 2022-03-04 00:00:00+00:00, run_after=2022-03-05 00:00:00+00:00
[2025-06-12T18:40:40.875+0200] {processor.py:183} INFO - Processing /home/leoja/airflow/airflow_venv/lib/python3.12/site-packages/airflow/example_dags/example_dynamic_task_mapping.py took 0.166 seconds
[2025-06-12T18:41:41.702+0200] {processor.py:161} INFO - Started process (PID=399124) to work on /home/leoja/airflow/airflow_venv/lib/python3.12/site-packages/airflow/example_dags/example_dynamic_task_mapping.py
[2025-06-12T18:41:41.703+0200] {processor.py:830} INFO - Processing file /home/leoja/airflow/airflow_venv/lib/python3.12/site-packages/airflow/example_dags/example_dynamic_task_mapping.py for tasks to queue
[2025-06-12T18:41:41.705+0200] {logging_mixin.py:188} INFO - [2025-06-12T18:41:41.705+0200] {dagbag.py:540} INFO - Filling up the DagBag from /home/leoja/airflow/airflow_venv/lib/python3.12/site-packages/airflow/example_dags/example_dynamic_task_mapping.py
[2025-06-12T18:41:41.711+0200] {processor.py:840} INFO - DAG(s) 'example_dynamic_task_mapping' retrieved from /home/leoja/airflow/airflow_venv/lib/python3.12/site-packages/airflow/example_dags/example_dynamic_task_mapping.py
[2025-06-12T18:41:41.723+0200] {logging_mixin.py:188} INFO - [2025-06-12T18:41:41.723+0200] {dag.py:3096} INFO - Sync 1 DAGs
[2025-06-12T18:41:41.737+0200] {logging_mixin.py:188} INFO - [2025-06-12T18:41:41.736+0200] {dag.py:3954} INFO - Setting next_dagrun for example_dynamic_task_mapping to 2022-03-04 00:00:00+00:00, run_after=2022-03-05 00:00:00+00:00
[2025-06-12T18:41:41.756+0200] {processor.py:183} INFO - Processing /home/leoja/airflow/airflow_venv/lib/python3.12/site-packages/airflow/example_dags/example_dynamic_task_mapping.py took 0.058 seconds
[2025-06-12T18:42:35.049+0200] {processor.py:161} INFO - Started process (PID=399458) to work on /home/leoja/airflow/airflow_venv/lib/python3.12/site-packages/airflow/example_dags/example_dynamic_task_mapping.py
[2025-06-12T18:42:35.051+0200] {processor.py:830} INFO - Processing file /home/leoja/airflow/airflow_venv/lib/python3.12/site-packages/airflow/example_dags/example_dynamic_task_mapping.py for tasks to queue
[2025-06-12T18:42:35.052+0200] {logging_mixin.py:188} INFO - [2025-06-12T18:42:35.052+0200] {dagbag.py:540} INFO - Filling up the DagBag from /home/leoja/airflow/airflow_venv/lib/python3.12/site-packages/airflow/example_dags/example_dynamic_task_mapping.py
[2025-06-12T18:42:35.058+0200] {processor.py:840} INFO - DAG(s) 'example_dynamic_task_mapping' retrieved from /home/leoja/airflow/airflow_venv/lib/python3.12/site-packages/airflow/example_dags/example_dynamic_task_mapping.py
[2025-06-12T18:42:35.069+0200] {logging_mixin.py:188} INFO - [2025-06-12T18:42:35.069+0200] {dag.py:3096} INFO - Sync 1 DAGs
[2025-06-12T18:42:35.081+0200] {logging_mixin.py:188} INFO - [2025-06-12T18:42:35.081+0200] {dag.py:3954} INFO - Setting next_dagrun for example_dynamic_task_mapping to 2022-03-04 00:00:00+00:00, run_after=2022-03-05 00:00:00+00:00
[2025-06-12T18:42:35.101+0200] {processor.py:183} INFO - Processing /home/leoja/airflow/airflow_venv/lib/python3.12/site-packages/airflow/example_dags/example_dynamic_task_mapping.py took 0.057 seconds
[2025-06-12T18:43:23.971+0200] {processor.py:161} INFO - Started process (PID=399868) to work on /home/leoja/airflow/airflow_venv/lib/python3.12/site-packages/airflow/example_dags/example_dynamic_task_mapping.py
[2025-06-12T18:43:23.973+0200] {processor.py:830} INFO - Processing file /home/leoja/airflow/airflow_venv/lib/python3.12/site-packages/airflow/example_dags/example_dynamic_task_mapping.py for tasks to queue
[2025-06-12T18:43:23.974+0200] {logging_mixin.py:188} INFO - [2025-06-12T18:43:23.974+0200] {dagbag.py:540} INFO - Filling up the DagBag from /home/leoja/airflow/airflow_venv/lib/python3.12/site-packages/airflow/example_dags/example_dynamic_task_mapping.py
[2025-06-12T18:43:23.981+0200] {processor.py:840} INFO - DAG(s) 'example_dynamic_task_mapping' retrieved from /home/leoja/airflow/airflow_venv/lib/python3.12/site-packages/airflow/example_dags/example_dynamic_task_mapping.py
[2025-06-12T18:43:23.992+0200] {logging_mixin.py:188} INFO - [2025-06-12T18:43:23.992+0200] {dag.py:3096} INFO - Sync 1 DAGs
[2025-06-12T18:43:24.007+0200] {logging_mixin.py:188} INFO - [2025-06-12T18:43:24.006+0200] {dag.py:3954} INFO - Setting next_dagrun for example_dynamic_task_mapping to 2022-03-04 00:00:00+00:00, run_after=2022-03-05 00:00:00+00:00
[2025-06-12T18:43:24.028+0200] {processor.py:183} INFO - Processing /home/leoja/airflow/airflow_venv/lib/python3.12/site-packages/airflow/example_dags/example_dynamic_task_mapping.py took 0.062 seconds
[2025-06-12T18:44:13.831+0200] {processor.py:161} INFO - Started process (PID=400244) to work on /home/leoja/airflow/airflow_venv/lib/python3.12/site-packages/airflow/example_dags/example_dynamic_task_mapping.py
[2025-06-12T18:44:13.837+0200] {processor.py:830} INFO - Processing file /home/leoja/airflow/airflow_venv/lib/python3.12/site-packages/airflow/example_dags/example_dynamic_task_mapping.py for tasks to queue
[2025-06-12T18:44:13.838+0200] {logging_mixin.py:188} INFO - [2025-06-12T18:44:13.838+0200] {dagbag.py:540} INFO - Filling up the DagBag from /home/leoja/airflow/airflow_venv/lib/python3.12/site-packages/airflow/example_dags/example_dynamic_task_mapping.py
[2025-06-12T18:44:13.845+0200] {processor.py:840} INFO - DAG(s) 'example_dynamic_task_mapping' retrieved from /home/leoja/airflow/airflow_venv/lib/python3.12/site-packages/airflow/example_dags/example_dynamic_task_mapping.py
[2025-06-12T18:44:13.858+0200] {logging_mixin.py:188} INFO - [2025-06-12T18:44:13.857+0200] {dag.py:3096} INFO - Sync 1 DAGs
[2025-06-12T18:44:13.872+0200] {logging_mixin.py:188} INFO - [2025-06-12T18:44:13.872+0200] {dag.py:3954} INFO - Setting next_dagrun for example_dynamic_task_mapping to 2022-03-04 00:00:00+00:00, run_after=2022-03-05 00:00:00+00:00
[2025-06-12T18:44:13.901+0200] {processor.py:183} INFO - Processing /home/leoja/airflow/airflow_venv/lib/python3.12/site-packages/airflow/example_dags/example_dynamic_task_mapping.py took 0.075 seconds
[2025-06-12T18:45:05.494+0200] {processor.py:161} INFO - Started process (PID=400550) to work on /home/leoja/airflow/airflow_venv/lib/python3.12/site-packages/airflow/example_dags/example_dynamic_task_mapping.py
[2025-06-12T18:45:05.496+0200] {processor.py:830} INFO - Processing file /home/leoja/airflow/airflow_venv/lib/python3.12/site-packages/airflow/example_dags/example_dynamic_task_mapping.py for tasks to queue
[2025-06-12T18:45:05.497+0200] {logging_mixin.py:188} INFO - [2025-06-12T18:45:05.497+0200] {dagbag.py:540} INFO - Filling up the DagBag from /home/leoja/airflow/airflow_venv/lib/python3.12/site-packages/airflow/example_dags/example_dynamic_task_mapping.py
[2025-06-12T18:45:05.503+0200] {processor.py:840} INFO - DAG(s) 'example_dynamic_task_mapping' retrieved from /home/leoja/airflow/airflow_venv/lib/python3.12/site-packages/airflow/example_dags/example_dynamic_task_mapping.py
[2025-06-12T18:45:05.513+0200] {logging_mixin.py:188} INFO - [2025-06-12T18:45:05.513+0200] {dag.py:3096} INFO - Sync 1 DAGs
[2025-06-12T18:45:05.525+0200] {logging_mixin.py:188} INFO - [2025-06-12T18:45:05.525+0200] {dag.py:3954} INFO - Setting next_dagrun for example_dynamic_task_mapping to 2022-03-04 00:00:00+00:00, run_after=2022-03-05 00:00:00+00:00
[2025-06-12T18:45:05.561+0200] {processor.py:183} INFO - Processing /home/leoja/airflow/airflow_venv/lib/python3.12/site-packages/airflow/example_dags/example_dynamic_task_mapping.py took 0.072 seconds
[2025-06-12T18:45:55.820+0200] {processor.py:161} INFO - Started process (PID=400875) to work on /home/leoja/airflow/airflow_venv/lib/python3.12/site-packages/airflow/example_dags/example_dynamic_task_mapping.py
[2025-06-12T18:45:55.822+0200] {processor.py:830} INFO - Processing file /home/leoja/airflow/airflow_venv/lib/python3.12/site-packages/airflow/example_dags/example_dynamic_task_mapping.py for tasks to queue
[2025-06-12T18:45:55.823+0200] {logging_mixin.py:188} INFO - [2025-06-12T18:45:55.823+0200] {dagbag.py:540} INFO - Filling up the DagBag from /home/leoja/airflow/airflow_venv/lib/python3.12/site-packages/airflow/example_dags/example_dynamic_task_mapping.py
[2025-06-12T18:45:55.829+0200] {processor.py:840} INFO - DAG(s) 'example_dynamic_task_mapping' retrieved from /home/leoja/airflow/airflow_venv/lib/python3.12/site-packages/airflow/example_dags/example_dynamic_task_mapping.py
[2025-06-12T18:45:55.839+0200] {logging_mixin.py:188} INFO - [2025-06-12T18:45:55.839+0200] {dag.py:3096} INFO - Sync 1 DAGs
[2025-06-12T18:45:55.851+0200] {logging_mixin.py:188} INFO - [2025-06-12T18:45:55.851+0200] {dag.py:3954} INFO - Setting next_dagrun for example_dynamic_task_mapping to 2022-03-04 00:00:00+00:00, run_after=2022-03-05 00:00:00+00:00
[2025-06-12T18:45:55.870+0200] {processor.py:183} INFO - Processing /home/leoja/airflow/airflow_venv/lib/python3.12/site-packages/airflow/example_dags/example_dynamic_task_mapping.py took 0.056 seconds
[2025-06-12T18:46:44.394+0200] {processor.py:161} INFO - Started process (PID=401055) to work on /home/leoja/airflow/airflow_venv/lib/python3.12/site-packages/airflow/example_dags/example_dynamic_task_mapping.py
[2025-06-12T18:46:44.395+0200] {processor.py:830} INFO - Processing file /home/leoja/airflow/airflow_venv/lib/python3.12/site-packages/airflow/example_dags/example_dynamic_task_mapping.py for tasks to queue
[2025-06-12T18:46:44.397+0200] {logging_mixin.py:188} INFO - [2025-06-12T18:46:44.396+0200] {dagbag.py:540} INFO - Filling up the DagBag from /home/leoja/airflow/airflow_venv/lib/python3.12/site-packages/airflow/example_dags/example_dynamic_task_mapping.py
[2025-06-12T18:46:44.402+0200] {processor.py:840} INFO - DAG(s) 'example_dynamic_task_mapping' retrieved from /home/leoja/airflow/airflow_venv/lib/python3.12/site-packages/airflow/example_dags/example_dynamic_task_mapping.py
[2025-06-12T18:46:44.412+0200] {logging_mixin.py:188} INFO - [2025-06-12T18:46:44.411+0200] {dag.py:3096} INFO - Sync 1 DAGs
[2025-06-12T18:46:44.422+0200] {logging_mixin.py:188} INFO - [2025-06-12T18:46:44.422+0200] {dag.py:3954} INFO - Setting next_dagrun for example_dynamic_task_mapping to 2022-03-04 00:00:00+00:00, run_after=2022-03-05 00:00:00+00:00
[2025-06-12T18:46:44.442+0200] {processor.py:183} INFO - Processing /home/leoja/airflow/airflow_venv/lib/python3.12/site-packages/airflow/example_dags/example_dynamic_task_mapping.py took 0.054 seconds
[2025-06-12T18:47:26.972+0200] {processor.py:161} INFO - Started process (PID=401249) to work on /home/leoja/airflow/airflow_venv/lib/python3.12/site-packages/airflow/example_dags/example_dynamic_task_mapping.py
[2025-06-12T18:47:26.974+0200] {processor.py:830} INFO - Processing file /home/leoja/airflow/airflow_venv/lib/python3.12/site-packages/airflow/example_dags/example_dynamic_task_mapping.py for tasks to queue
[2025-06-12T18:47:26.976+0200] {logging_mixin.py:188} INFO - [2025-06-12T18:47:26.975+0200] {dagbag.py:540} INFO - Filling up the DagBag from /home/leoja/airflow/airflow_venv/lib/python3.12/site-packages/airflow/example_dags/example_dynamic_task_mapping.py
[2025-06-12T18:47:26.981+0200] {processor.py:840} INFO - DAG(s) 'example_dynamic_task_mapping' retrieved from /home/leoja/airflow/airflow_venv/lib/python3.12/site-packages/airflow/example_dags/example_dynamic_task_mapping.py
[2025-06-12T18:47:26.993+0200] {logging_mixin.py:188} INFO - [2025-06-12T18:47:26.992+0200] {dag.py:3096} INFO - Sync 1 DAGs
[2025-06-12T18:47:27.004+0200] {logging_mixin.py:188} INFO - [2025-06-12T18:47:27.004+0200] {dag.py:3954} INFO - Setting next_dagrun for example_dynamic_task_mapping to 2022-03-04 00:00:00+00:00, run_after=2022-03-05 00:00:00+00:00
[2025-06-12T18:47:27.027+0200] {processor.py:183} INFO - Processing /home/leoja/airflow/airflow_venv/lib/python3.12/site-packages/airflow/example_dags/example_dynamic_task_mapping.py took 0.060 seconds
[2025-06-12T18:48:11.360+0200] {processor.py:161} INFO - Started process (PID=401516) to work on /home/leoja/airflow/airflow_venv/lib/python3.12/site-packages/airflow/example_dags/example_dynamic_task_mapping.py
[2025-06-12T18:48:11.361+0200] {processor.py:830} INFO - Processing file /home/leoja/airflow/airflow_venv/lib/python3.12/site-packages/airflow/example_dags/example_dynamic_task_mapping.py for tasks to queue
[2025-06-12T18:48:11.365+0200] {logging_mixin.py:188} INFO - [2025-06-12T18:48:11.364+0200] {dagbag.py:540} INFO - Filling up the DagBag from /home/leoja/airflow/airflow_venv/lib/python3.12/site-packages/airflow/example_dags/example_dynamic_task_mapping.py
[2025-06-12T18:48:11.373+0200] {processor.py:840} INFO - DAG(s) 'example_dynamic_task_mapping' retrieved from /home/leoja/airflow/airflow_venv/lib/python3.12/site-packages/airflow/example_dags/example_dynamic_task_mapping.py
[2025-06-12T18:48:11.387+0200] {logging_mixin.py:188} INFO - [2025-06-12T18:48:11.387+0200] {dag.py:3096} INFO - Sync 1 DAGs
[2025-06-12T18:48:11.400+0200] {logging_mixin.py:188} INFO - [2025-06-12T18:48:11.400+0200] {dag.py:3954} INFO - Setting next_dagrun for example_dynamic_task_mapping to 2022-03-04 00:00:00+00:00, run_after=2022-03-05 00:00:00+00:00
[2025-06-12T18:48:11.417+0200] {processor.py:183} INFO - Processing /home/leoja/airflow/airflow_venv/lib/python3.12/site-packages/airflow/example_dags/example_dynamic_task_mapping.py took 0.062 seconds
[2025-06-12T18:48:56.171+0200] {processor.py:161} INFO - Started process (PID=401895) to work on /home/leoja/airflow/airflow_venv/lib/python3.12/site-packages/airflow/example_dags/example_dynamic_task_mapping.py
[2025-06-12T18:48:56.172+0200] {processor.py:830} INFO - Processing file /home/leoja/airflow/airflow_venv/lib/python3.12/site-packages/airflow/example_dags/example_dynamic_task_mapping.py for tasks to queue
[2025-06-12T18:48:56.174+0200] {logging_mixin.py:188} INFO - [2025-06-12T18:48:56.174+0200] {dagbag.py:540} INFO - Filling up the DagBag from /home/leoja/airflow/airflow_venv/lib/python3.12/site-packages/airflow/example_dags/example_dynamic_task_mapping.py
[2025-06-12T18:48:56.184+0200] {processor.py:840} INFO - DAG(s) 'example_dynamic_task_mapping' retrieved from /home/leoja/airflow/airflow_venv/lib/python3.12/site-packages/airflow/example_dags/example_dynamic_task_mapping.py
[2025-06-12T18:48:56.198+0200] {logging_mixin.py:188} INFO - [2025-06-12T18:48:56.198+0200] {dag.py:3096} INFO - Sync 1 DAGs
[2025-06-12T18:48:56.212+0200] {logging_mixin.py:188} INFO - [2025-06-12T18:48:56.212+0200] {dag.py:3954} INFO - Setting next_dagrun for example_dynamic_task_mapping to 2022-03-04 00:00:00+00:00, run_after=2022-03-05 00:00:00+00:00
[2025-06-12T18:48:56.230+0200] {processor.py:183} INFO - Processing /home/leoja/airflow/airflow_venv/lib/python3.12/site-packages/airflow/example_dags/example_dynamic_task_mapping.py took 0.064 seconds
[2025-06-12T18:49:58.382+0200] {processor.py:161} INFO - Started process (PID=402229) to work on /home/leoja/airflow/airflow_venv/lib/python3.12/site-packages/airflow/example_dags/example_dynamic_task_mapping.py
[2025-06-12T18:49:58.384+0200] {processor.py:830} INFO - Processing file /home/leoja/airflow/airflow_venv/lib/python3.12/site-packages/airflow/example_dags/example_dynamic_task_mapping.py for tasks to queue
[2025-06-12T18:49:58.385+0200] {logging_mixin.py:188} INFO - [2025-06-12T18:49:58.385+0200] {dagbag.py:540} INFO - Filling up the DagBag from /home/leoja/airflow/airflow_venv/lib/python3.12/site-packages/airflow/example_dags/example_dynamic_task_mapping.py
[2025-06-12T18:49:58.391+0200] {processor.py:840} INFO - DAG(s) 'example_dynamic_task_mapping' retrieved from /home/leoja/airflow/airflow_venv/lib/python3.12/site-packages/airflow/example_dags/example_dynamic_task_mapping.py
[2025-06-12T18:49:58.402+0200] {logging_mixin.py:188} INFO - [2025-06-12T18:49:58.402+0200] {dag.py:3096} INFO - Sync 1 DAGs
[2025-06-12T18:49:58.416+0200] {logging_mixin.py:188} INFO - [2025-06-12T18:49:58.416+0200] {dag.py:3954} INFO - Setting next_dagrun for example_dynamic_task_mapping to 2022-03-04 00:00:00+00:00, run_after=2022-03-05 00:00:00+00:00
[2025-06-12T18:49:58.435+0200] {processor.py:183} INFO - Processing /home/leoja/airflow/airflow_venv/lib/python3.12/site-packages/airflow/example_dags/example_dynamic_task_mapping.py took 0.057 seconds
[2025-06-12T18:50:45.852+0200] {processor.py:161} INFO - Started process (PID=402610) to work on /home/leoja/airflow/airflow_venv/lib/python3.12/site-packages/airflow/example_dags/example_dynamic_task_mapping.py
[2025-06-12T18:50:45.854+0200] {processor.py:830} INFO - Processing file /home/leoja/airflow/airflow_venv/lib/python3.12/site-packages/airflow/example_dags/example_dynamic_task_mapping.py for tasks to queue
[2025-06-12T18:50:45.856+0200] {logging_mixin.py:188} INFO - [2025-06-12T18:50:45.855+0200] {dagbag.py:540} INFO - Filling up the DagBag from /home/leoja/airflow/airflow_venv/lib/python3.12/site-packages/airflow/example_dags/example_dynamic_task_mapping.py
[2025-06-12T18:50:45.862+0200] {processor.py:840} INFO - DAG(s) 'example_dynamic_task_mapping' retrieved from /home/leoja/airflow/airflow_venv/lib/python3.12/site-packages/airflow/example_dags/example_dynamic_task_mapping.py
[2025-06-12T18:50:45.874+0200] {logging_mixin.py:188} INFO - [2025-06-12T18:50:45.874+0200] {dag.py:3096} INFO - Sync 1 DAGs
[2025-06-12T18:50:45.887+0200] {logging_mixin.py:188} INFO - [2025-06-12T18:50:45.887+0200] {dag.py:3954} INFO - Setting next_dagrun for example_dynamic_task_mapping to 2022-03-04 00:00:00+00:00, run_after=2022-03-05 00:00:00+00:00
[2025-06-12T18:50:45.909+0200] {processor.py:183} INFO - Processing /home/leoja/airflow/airflow_venv/lib/python3.12/site-packages/airflow/example_dags/example_dynamic_task_mapping.py took 0.061 seconds
[2025-06-12T18:51:36.268+0200] {processor.py:161} INFO - Started process (PID=403147) to work on /home/leoja/airflow/airflow_venv/lib/python3.12/site-packages/airflow/example_dags/example_dynamic_task_mapping.py
[2025-06-12T18:51:36.269+0200] {processor.py:830} INFO - Processing file /home/leoja/airflow/airflow_venv/lib/python3.12/site-packages/airflow/example_dags/example_dynamic_task_mapping.py for tasks to queue
[2025-06-12T18:51:36.270+0200] {logging_mixin.py:188} INFO - [2025-06-12T18:51:36.270+0200] {dagbag.py:540} INFO - Filling up the DagBag from /home/leoja/airflow/airflow_venv/lib/python3.12/site-packages/airflow/example_dags/example_dynamic_task_mapping.py
[2025-06-12T18:51:36.275+0200] {processor.py:840} INFO - DAG(s) 'example_dynamic_task_mapping' retrieved from /home/leoja/airflow/airflow_venv/lib/python3.12/site-packages/airflow/example_dags/example_dynamic_task_mapping.py
[2025-06-12T18:51:36.287+0200] {logging_mixin.py:188} INFO - [2025-06-12T18:51:36.287+0200] {dag.py:3096} INFO - Sync 1 DAGs
[2025-06-12T18:51:36.300+0200] {logging_mixin.py:188} INFO - [2025-06-12T18:51:36.300+0200] {dag.py:3954} INFO - Setting next_dagrun for example_dynamic_task_mapping to 2022-03-04 00:00:00+00:00, run_after=2022-03-05 00:00:00+00:00
[2025-06-12T18:51:36.319+0200] {processor.py:183} INFO - Processing /home/leoja/airflow/airflow_venv/lib/python3.12/site-packages/airflow/example_dags/example_dynamic_task_mapping.py took 0.055 seconds
[2025-06-12T18:52:23.168+0200] {processor.py:161} INFO - Started process (PID=403367) to work on /home/leoja/airflow/airflow_venv/lib/python3.12/site-packages/airflow/example_dags/example_dynamic_task_mapping.py
[2025-06-12T18:52:23.169+0200] {processor.py:830} INFO - Processing file /home/leoja/airflow/airflow_venv/lib/python3.12/site-packages/airflow/example_dags/example_dynamic_task_mapping.py for tasks to queue
[2025-06-12T18:52:23.171+0200] {logging_mixin.py:188} INFO - [2025-06-12T18:52:23.170+0200] {dagbag.py:540} INFO - Filling up the DagBag from /home/leoja/airflow/airflow_venv/lib/python3.12/site-packages/airflow/example_dags/example_dynamic_task_mapping.py
[2025-06-12T18:52:23.176+0200] {processor.py:840} INFO - DAG(s) 'example_dynamic_task_mapping' retrieved from /home/leoja/airflow/airflow_venv/lib/python3.12/site-packages/airflow/example_dags/example_dynamic_task_mapping.py
[2025-06-12T18:52:23.190+0200] {logging_mixin.py:188} INFO - [2025-06-12T18:52:23.189+0200] {dag.py:3096} INFO - Sync 1 DAGs
[2025-06-12T18:52:23.204+0200] {logging_mixin.py:188} INFO - [2025-06-12T18:52:23.203+0200] {dag.py:3954} INFO - Setting next_dagrun for example_dynamic_task_mapping to 2022-03-04 00:00:00+00:00, run_after=2022-03-05 00:00:00+00:00
[2025-06-12T18:52:23.224+0200] {processor.py:183} INFO - Processing /home/leoja/airflow/airflow_venv/lib/python3.12/site-packages/airflow/example_dags/example_dynamic_task_mapping.py took 0.063 seconds
[2025-06-12T18:53:12.530+0200] {processor.py:161} INFO - Started process (PID=403634) to work on /home/leoja/airflow/airflow_venv/lib/python3.12/site-packages/airflow/example_dags/example_dynamic_task_mapping.py
[2025-06-12T18:53:12.531+0200] {processor.py:830} INFO - Processing file /home/leoja/airflow/airflow_venv/lib/python3.12/site-packages/airflow/example_dags/example_dynamic_task_mapping.py for tasks to queue
[2025-06-12T18:53:12.533+0200] {logging_mixin.py:188} INFO - [2025-06-12T18:53:12.533+0200] {dagbag.py:540} INFO - Filling up the DagBag from /home/leoja/airflow/airflow_venv/lib/python3.12/site-packages/airflow/example_dags/example_dynamic_task_mapping.py
[2025-06-12T18:53:12.540+0200] {processor.py:840} INFO - DAG(s) 'example_dynamic_task_mapping' retrieved from /home/leoja/airflow/airflow_venv/lib/python3.12/site-packages/airflow/example_dags/example_dynamic_task_mapping.py
[2025-06-12T18:53:12.551+0200] {logging_mixin.py:188} INFO - [2025-06-12T18:53:12.551+0200] {dag.py:3096} INFO - Sync 1 DAGs
[2025-06-12T18:53:12.564+0200] {logging_mixin.py:188} INFO - [2025-06-12T18:53:12.564+0200] {dag.py:3954} INFO - Setting next_dagrun for example_dynamic_task_mapping to 2022-03-04 00:00:00+00:00, run_after=2022-03-05 00:00:00+00:00
[2025-06-12T18:53:12.585+0200] {processor.py:183} INFO - Processing /home/leoja/airflow/airflow_venv/lib/python3.12/site-packages/airflow/example_dags/example_dynamic_task_mapping.py took 0.059 seconds
[2025-06-12T18:54:00.229+0200] {processor.py:161} INFO - Started process (PID=403911) to work on /home/leoja/airflow/airflow_venv/lib/python3.12/site-packages/airflow/example_dags/example_dynamic_task_mapping.py
[2025-06-12T18:54:00.232+0200] {processor.py:830} INFO - Processing file /home/leoja/airflow/airflow_venv/lib/python3.12/site-packages/airflow/example_dags/example_dynamic_task_mapping.py for tasks to queue
[2025-06-12T18:54:00.236+0200] {logging_mixin.py:188} INFO - [2025-06-12T18:54:00.234+0200] {dagbag.py:540} INFO - Filling up the DagBag from /home/leoja/airflow/airflow_venv/lib/python3.12/site-packages/airflow/example_dags/example_dynamic_task_mapping.py
[2025-06-12T18:54:00.248+0200] {processor.py:840} INFO - DAG(s) 'example_dynamic_task_mapping' retrieved from /home/leoja/airflow/airflow_venv/lib/python3.12/site-packages/airflow/example_dags/example_dynamic_task_mapping.py
[2025-06-12T18:54:00.293+0200] {logging_mixin.py:188} INFO - [2025-06-12T18:54:00.292+0200] {dag.py:3096} INFO - Sync 1 DAGs
[2025-06-12T18:54:00.462+0200] {logging_mixin.py:188} INFO - [2025-06-12T18:54:00.462+0200] {dag.py:3954} INFO - Setting next_dagrun for example_dynamic_task_mapping to 2022-03-04 00:00:00+00:00, run_after=2022-03-05 00:00:00+00:00
[2025-06-12T18:54:00.483+0200] {processor.py:183} INFO - Processing /home/leoja/airflow/airflow_venv/lib/python3.12/site-packages/airflow/example_dags/example_dynamic_task_mapping.py took 0.272 seconds
[2025-06-12T18:54:47.814+0200] {processor.py:161} INFO - Started process (PID=404156) to work on /home/leoja/airflow/airflow_venv/lib/python3.12/site-packages/airflow/example_dags/example_dynamic_task_mapping.py
[2025-06-12T18:54:47.816+0200] {processor.py:830} INFO - Processing file /home/leoja/airflow/airflow_venv/lib/python3.12/site-packages/airflow/example_dags/example_dynamic_task_mapping.py for tasks to queue
[2025-06-12T18:54:47.817+0200] {logging_mixin.py:188} INFO - [2025-06-12T18:54:47.817+0200] {dagbag.py:540} INFO - Filling up the DagBag from /home/leoja/airflow/airflow_venv/lib/python3.12/site-packages/airflow/example_dags/example_dynamic_task_mapping.py
[2025-06-12T18:54:47.821+0200] {processor.py:840} INFO - DAG(s) 'example_dynamic_task_mapping' retrieved from /home/leoja/airflow/airflow_venv/lib/python3.12/site-packages/airflow/example_dags/example_dynamic_task_mapping.py
[2025-06-12T18:54:47.832+0200] {logging_mixin.py:188} INFO - [2025-06-12T18:54:47.832+0200] {dag.py:3096} INFO - Sync 1 DAGs
[2025-06-12T18:54:47.844+0200] {logging_mixin.py:188} INFO - [2025-06-12T18:54:47.843+0200] {dag.py:3954} INFO - Setting next_dagrun for example_dynamic_task_mapping to 2022-03-04 00:00:00+00:00, run_after=2022-03-05 00:00:00+00:00
[2025-06-12T18:54:47.862+0200] {processor.py:183} INFO - Processing /home/leoja/airflow/airflow_venv/lib/python3.12/site-packages/airflow/example_dags/example_dynamic_task_mapping.py took 0.052 seconds
[2025-06-12T18:55:36.255+0200] {processor.py:161} INFO - Started process (PID=404328) to work on /home/leoja/airflow/airflow_venv/lib/python3.12/site-packages/airflow/example_dags/example_dynamic_task_mapping.py
[2025-06-12T18:55:36.257+0200] {processor.py:830} INFO - Processing file /home/leoja/airflow/airflow_venv/lib/python3.12/site-packages/airflow/example_dags/example_dynamic_task_mapping.py for tasks to queue
[2025-06-12T18:55:36.258+0200] {logging_mixin.py:188} INFO - [2025-06-12T18:55:36.258+0200] {dagbag.py:540} INFO - Filling up the DagBag from /home/leoja/airflow/airflow_venv/lib/python3.12/site-packages/airflow/example_dags/example_dynamic_task_mapping.py
[2025-06-12T18:55:36.263+0200] {processor.py:840} INFO - DAG(s) 'example_dynamic_task_mapping' retrieved from /home/leoja/airflow/airflow_venv/lib/python3.12/site-packages/airflow/example_dags/example_dynamic_task_mapping.py
[2025-06-12T18:55:36.275+0200] {logging_mixin.py:188} INFO - [2025-06-12T18:55:36.274+0200] {dag.py:3096} INFO - Sync 1 DAGs
[2025-06-12T18:55:36.287+0200] {logging_mixin.py:188} INFO - [2025-06-12T18:55:36.286+0200] {dag.py:3954} INFO - Setting next_dagrun for example_dynamic_task_mapping to 2022-03-04 00:00:00+00:00, run_after=2022-03-05 00:00:00+00:00
[2025-06-12T18:55:36.307+0200] {processor.py:183} INFO - Processing /home/leoja/airflow/airflow_venv/lib/python3.12/site-packages/airflow/example_dags/example_dynamic_task_mapping.py took 0.057 seconds
[2025-06-12T18:56:28.947+0200] {processor.py:161} INFO - Started process (PID=404511) to work on /home/leoja/airflow/airflow_venv/lib/python3.12/site-packages/airflow/example_dags/example_dynamic_task_mapping.py
[2025-06-12T18:56:28.949+0200] {processor.py:830} INFO - Processing file /home/leoja/airflow/airflow_venv/lib/python3.12/site-packages/airflow/example_dags/example_dynamic_task_mapping.py for tasks to queue
[2025-06-12T18:56:28.950+0200] {logging_mixin.py:188} INFO - [2025-06-12T18:56:28.950+0200] {dagbag.py:540} INFO - Filling up the DagBag from /home/leoja/airflow/airflow_venv/lib/python3.12/site-packages/airflow/example_dags/example_dynamic_task_mapping.py
[2025-06-12T18:56:29.046+0200] {processor.py:840} INFO - DAG(s) 'example_dynamic_task_mapping' retrieved from /home/leoja/airflow/airflow_venv/lib/python3.12/site-packages/airflow/example_dags/example_dynamic_task_mapping.py
[2025-06-12T18:56:29.054+0200] {logging_mixin.py:188} INFO - [2025-06-12T18:56:29.054+0200] {dag.py:3096} INFO - Sync 1 DAGs
[2025-06-12T18:56:29.064+0200] {logging_mixin.py:188} INFO - [2025-06-12T18:56:29.064+0200] {dag.py:3954} INFO - Setting next_dagrun for example_dynamic_task_mapping to 2022-03-04 00:00:00+00:00, run_after=2022-03-05 00:00:00+00:00
[2025-06-12T18:56:29.082+0200] {processor.py:183} INFO - Processing /home/leoja/airflow/airflow_venv/lib/python3.12/site-packages/airflow/example_dags/example_dynamic_task_mapping.py took 0.140 seconds
[2025-06-12T18:57:16.204+0200] {processor.py:161} INFO - Started process (PID=404673) to work on /home/leoja/airflow/airflow_venv/lib/python3.12/site-packages/airflow/example_dags/example_dynamic_task_mapping.py
[2025-06-12T18:57:16.205+0200] {processor.py:830} INFO - Processing file /home/leoja/airflow/airflow_venv/lib/python3.12/site-packages/airflow/example_dags/example_dynamic_task_mapping.py for tasks to queue
[2025-06-12T18:57:16.207+0200] {logging_mixin.py:188} INFO - [2025-06-12T18:57:16.207+0200] {dagbag.py:540} INFO - Filling up the DagBag from /home/leoja/airflow/airflow_venv/lib/python3.12/site-packages/airflow/example_dags/example_dynamic_task_mapping.py
[2025-06-12T18:57:16.214+0200] {processor.py:840} INFO - DAG(s) 'example_dynamic_task_mapping' retrieved from /home/leoja/airflow/airflow_venv/lib/python3.12/site-packages/airflow/example_dags/example_dynamic_task_mapping.py
[2025-06-12T18:57:16.229+0200] {logging_mixin.py:188} INFO - [2025-06-12T18:57:16.229+0200] {dag.py:3096} INFO - Sync 1 DAGs
[2025-06-12T18:57:16.246+0200] {logging_mixin.py:188} INFO - [2025-06-12T18:57:16.246+0200] {dag.py:3954} INFO - Setting next_dagrun for example_dynamic_task_mapping to 2022-03-04 00:00:00+00:00, run_after=2022-03-05 00:00:00+00:00
[2025-06-12T18:57:16.276+0200] {processor.py:183} INFO - Processing /home/leoja/airflow/airflow_venv/lib/python3.12/site-packages/airflow/example_dags/example_dynamic_task_mapping.py took 0.077 seconds
[2025-06-12T18:58:00.718+0200] {processor.py:161} INFO - Started process (PID=404921) to work on /home/leoja/airflow/airflow_venv/lib/python3.12/site-packages/airflow/example_dags/example_dynamic_task_mapping.py
[2025-06-12T18:58:00.720+0200] {processor.py:830} INFO - Processing file /home/leoja/airflow/airflow_venv/lib/python3.12/site-packages/airflow/example_dags/example_dynamic_task_mapping.py for tasks to queue
[2025-06-12T18:58:00.721+0200] {logging_mixin.py:188} INFO - [2025-06-12T18:58:00.721+0200] {dagbag.py:540} INFO - Filling up the DagBag from /home/leoja/airflow/airflow_venv/lib/python3.12/site-packages/airflow/example_dags/example_dynamic_task_mapping.py
[2025-06-12T18:58:00.726+0200] {processor.py:840} INFO - DAG(s) 'example_dynamic_task_mapping' retrieved from /home/leoja/airflow/airflow_venv/lib/python3.12/site-packages/airflow/example_dags/example_dynamic_task_mapping.py
[2025-06-12T18:58:00.737+0200] {logging_mixin.py:188} INFO - [2025-06-12T18:58:00.737+0200] {dag.py:3096} INFO - Sync 1 DAGs
[2025-06-12T18:58:00.748+0200] {logging_mixin.py:188} INFO - [2025-06-12T18:58:00.748+0200] {dag.py:3954} INFO - Setting next_dagrun for example_dynamic_task_mapping to 2022-03-04 00:00:00+00:00, run_after=2022-03-05 00:00:00+00:00
[2025-06-12T18:58:00.767+0200] {processor.py:183} INFO - Processing /home/leoja/airflow/airflow_venv/lib/python3.12/site-packages/airflow/example_dags/example_dynamic_task_mapping.py took 0.053 seconds
[2025-06-12T18:58:44.282+0200] {processor.py:161} INFO - Started process (PID=405161) to work on /home/leoja/airflow/airflow_venv/lib/python3.12/site-packages/airflow/example_dags/example_dynamic_task_mapping.py
[2025-06-12T18:58:44.283+0200] {processor.py:830} INFO - Processing file /home/leoja/airflow/airflow_venv/lib/python3.12/site-packages/airflow/example_dags/example_dynamic_task_mapping.py for tasks to queue
[2025-06-12T18:58:44.285+0200] {logging_mixin.py:188} INFO - [2025-06-12T18:58:44.284+0200] {dagbag.py:540} INFO - Filling up the DagBag from /home/leoja/airflow/airflow_venv/lib/python3.12/site-packages/airflow/example_dags/example_dynamic_task_mapping.py
[2025-06-12T18:58:44.290+0200] {processor.py:840} INFO - DAG(s) 'example_dynamic_task_mapping' retrieved from /home/leoja/airflow/airflow_venv/lib/python3.12/site-packages/airflow/example_dags/example_dynamic_task_mapping.py
[2025-06-12T18:58:44.305+0200] {logging_mixin.py:188} INFO - [2025-06-12T18:58:44.304+0200] {dag.py:3096} INFO - Sync 1 DAGs
[2025-06-12T18:58:44.328+0200] {logging_mixin.py:188} INFO - [2025-06-12T18:58:44.328+0200] {dag.py:3954} INFO - Setting next_dagrun for example_dynamic_task_mapping to 2022-03-04 00:00:00+00:00, run_after=2022-03-05 00:00:00+00:00
[2025-06-12T18:58:44.355+0200] {processor.py:183} INFO - Processing /home/leoja/airflow/airflow_venv/lib/python3.12/site-packages/airflow/example_dags/example_dynamic_task_mapping.py took 0.078 seconds
[2025-06-12T18:59:28.471+0200] {processor.py:161} INFO - Started process (PID=405413) to work on /home/leoja/airflow/airflow_venv/lib/python3.12/site-packages/airflow/example_dags/example_dynamic_task_mapping.py
[2025-06-12T18:59:28.473+0200] {processor.py:830} INFO - Processing file /home/leoja/airflow/airflow_venv/lib/python3.12/site-packages/airflow/example_dags/example_dynamic_task_mapping.py for tasks to queue
[2025-06-12T18:59:28.474+0200] {logging_mixin.py:188} INFO - [2025-06-12T18:59:28.474+0200] {dagbag.py:540} INFO - Filling up the DagBag from /home/leoja/airflow/airflow_venv/lib/python3.12/site-packages/airflow/example_dags/example_dynamic_task_mapping.py
[2025-06-12T18:59:28.479+0200] {processor.py:840} INFO - DAG(s) 'example_dynamic_task_mapping' retrieved from /home/leoja/airflow/airflow_venv/lib/python3.12/site-packages/airflow/example_dags/example_dynamic_task_mapping.py
[2025-06-12T18:59:28.491+0200] {logging_mixin.py:188} INFO - [2025-06-12T18:59:28.491+0200] {dag.py:3096} INFO - Sync 1 DAGs
[2025-06-12T18:59:28.506+0200] {logging_mixin.py:188} INFO - [2025-06-12T18:59:28.506+0200] {dag.py:3954} INFO - Setting next_dagrun for example_dynamic_task_mapping to 2022-03-04 00:00:00+00:00, run_after=2022-03-05 00:00:00+00:00
[2025-06-12T18:59:28.526+0200] {processor.py:183} INFO - Processing /home/leoja/airflow/airflow_venv/lib/python3.12/site-packages/airflow/example_dags/example_dynamic_task_mapping.py took 0.062 seconds
[2025-06-12T19:00:16.435+0200] {processor.py:161} INFO - Started process (PID=405682) to work on /home/leoja/airflow/airflow_venv/lib/python3.12/site-packages/airflow/example_dags/example_dynamic_task_mapping.py
[2025-06-12T19:00:16.437+0200] {processor.py:830} INFO - Processing file /home/leoja/airflow/airflow_venv/lib/python3.12/site-packages/airflow/example_dags/example_dynamic_task_mapping.py for tasks to queue
[2025-06-12T19:00:16.439+0200] {logging_mixin.py:188} INFO - [2025-06-12T19:00:16.439+0200] {dagbag.py:540} INFO - Filling up the DagBag from /home/leoja/airflow/airflow_venv/lib/python3.12/site-packages/airflow/example_dags/example_dynamic_task_mapping.py
[2025-06-12T19:00:16.445+0200] {processor.py:840} INFO - DAG(s) 'example_dynamic_task_mapping' retrieved from /home/leoja/airflow/airflow_venv/lib/python3.12/site-packages/airflow/example_dags/example_dynamic_task_mapping.py
[2025-06-12T19:00:16.457+0200] {logging_mixin.py:188} INFO - [2025-06-12T19:00:16.457+0200] {dag.py:3096} INFO - Sync 1 DAGs
[2025-06-12T19:00:16.469+0200] {logging_mixin.py:188} INFO - [2025-06-12T19:00:16.469+0200] {dag.py:3954} INFO - Setting next_dagrun for example_dynamic_task_mapping to 2022-03-04 00:00:00+00:00, run_after=2022-03-05 00:00:00+00:00
[2025-06-12T19:00:16.490+0200] {processor.py:183} INFO - Processing /home/leoja/airflow/airflow_venv/lib/python3.12/site-packages/airflow/example_dags/example_dynamic_task_mapping.py took 0.059 seconds
[2025-06-12T19:01:01.087+0200] {processor.py:161} INFO - Started process (PID=405924) to work on /home/leoja/airflow/airflow_venv/lib/python3.12/site-packages/airflow/example_dags/example_dynamic_task_mapping.py
[2025-06-12T19:01:01.089+0200] {processor.py:830} INFO - Processing file /home/leoja/airflow/airflow_venv/lib/python3.12/site-packages/airflow/example_dags/example_dynamic_task_mapping.py for tasks to queue
[2025-06-12T19:01:01.090+0200] {logging_mixin.py:188} INFO - [2025-06-12T19:01:01.090+0200] {dagbag.py:540} INFO - Filling up the DagBag from /home/leoja/airflow/airflow_venv/lib/python3.12/site-packages/airflow/example_dags/example_dynamic_task_mapping.py
[2025-06-12T19:01:01.096+0200] {processor.py:840} INFO - DAG(s) 'example_dynamic_task_mapping' retrieved from /home/leoja/airflow/airflow_venv/lib/python3.12/site-packages/airflow/example_dags/example_dynamic_task_mapping.py
[2025-06-12T19:01:01.107+0200] {logging_mixin.py:188} INFO - [2025-06-12T19:01:01.106+0200] {dag.py:3096} INFO - Sync 1 DAGs
[2025-06-12T19:01:01.120+0200] {logging_mixin.py:188} INFO - [2025-06-12T19:01:01.119+0200] {dag.py:3954} INFO - Setting next_dagrun for example_dynamic_task_mapping to 2022-03-04 00:00:00+00:00, run_after=2022-03-05 00:00:00+00:00
[2025-06-12T19:01:01.142+0200] {processor.py:183} INFO - Processing /home/leoja/airflow/airflow_venv/lib/python3.12/site-packages/airflow/example_dags/example_dynamic_task_mapping.py took 0.060 seconds
[2025-06-12T19:01:45.329+0200] {processor.py:161} INFO - Started process (PID=406175) to work on /home/leoja/airflow/airflow_venv/lib/python3.12/site-packages/airflow/example_dags/example_dynamic_task_mapping.py
[2025-06-12T19:01:45.331+0200] {processor.py:830} INFO - Processing file /home/leoja/airflow/airflow_venv/lib/python3.12/site-packages/airflow/example_dags/example_dynamic_task_mapping.py for tasks to queue
[2025-06-12T19:01:45.333+0200] {logging_mixin.py:188} INFO - [2025-06-12T19:01:45.332+0200] {dagbag.py:540} INFO - Filling up the DagBag from /home/leoja/airflow/airflow_venv/lib/python3.12/site-packages/airflow/example_dags/example_dynamic_task_mapping.py
[2025-06-12T19:01:45.342+0200] {processor.py:840} INFO - DAG(s) 'example_dynamic_task_mapping' retrieved from /home/leoja/airflow/airflow_venv/lib/python3.12/site-packages/airflow/example_dags/example_dynamic_task_mapping.py
[2025-06-12T19:01:45.355+0200] {logging_mixin.py:188} INFO - [2025-06-12T19:01:45.355+0200] {dag.py:3096} INFO - Sync 1 DAGs
[2025-06-12T19:01:45.370+0200] {logging_mixin.py:188} INFO - [2025-06-12T19:01:45.370+0200] {dag.py:3954} INFO - Setting next_dagrun for example_dynamic_task_mapping to 2022-03-04 00:00:00+00:00, run_after=2022-03-05 00:00:00+00:00
[2025-06-12T19:01:45.389+0200] {processor.py:183} INFO - Processing /home/leoja/airflow/airflow_venv/lib/python3.12/site-packages/airflow/example_dags/example_dynamic_task_mapping.py took 0.066 seconds
[2025-06-12T19:02:30.453+0200] {processor.py:161} INFO - Started process (PID=406454) to work on /home/leoja/airflow/airflow_venv/lib/python3.12/site-packages/airflow/example_dags/example_dynamic_task_mapping.py
[2025-06-12T19:02:30.454+0200] {processor.py:830} INFO - Processing file /home/leoja/airflow/airflow_venv/lib/python3.12/site-packages/airflow/example_dags/example_dynamic_task_mapping.py for tasks to queue
[2025-06-12T19:02:30.455+0200] {logging_mixin.py:188} INFO - [2025-06-12T19:02:30.455+0200] {dagbag.py:540} INFO - Filling up the DagBag from /home/leoja/airflow/airflow_venv/lib/python3.12/site-packages/airflow/example_dags/example_dynamic_task_mapping.py
[2025-06-12T19:02:30.461+0200] {processor.py:840} INFO - DAG(s) 'example_dynamic_task_mapping' retrieved from /home/leoja/airflow/airflow_venv/lib/python3.12/site-packages/airflow/example_dags/example_dynamic_task_mapping.py
[2025-06-12T19:02:30.472+0200] {logging_mixin.py:188} INFO - [2025-06-12T19:02:30.472+0200] {dag.py:3096} INFO - Sync 1 DAGs
[2025-06-12T19:02:30.487+0200] {logging_mixin.py:188} INFO - [2025-06-12T19:02:30.487+0200] {dag.py:3954} INFO - Setting next_dagrun for example_dynamic_task_mapping to 2022-03-04 00:00:00+00:00, run_after=2022-03-05 00:00:00+00:00
[2025-06-12T19:02:30.508+0200] {processor.py:183} INFO - Processing /home/leoja/airflow/airflow_venv/lib/python3.12/site-packages/airflow/example_dags/example_dynamic_task_mapping.py took 0.061 seconds
[2025-06-12T19:03:17.991+0200] {processor.py:161} INFO - Started process (PID=406693) to work on /home/leoja/airflow/airflow_venv/lib/python3.12/site-packages/airflow/example_dags/example_dynamic_task_mapping.py
[2025-06-12T19:03:17.993+0200] {processor.py:830} INFO - Processing file /home/leoja/airflow/airflow_venv/lib/python3.12/site-packages/airflow/example_dags/example_dynamic_task_mapping.py for tasks to queue
[2025-06-12T19:03:17.995+0200] {logging_mixin.py:188} INFO - [2025-06-12T19:03:17.994+0200] {dagbag.py:540} INFO - Filling up the DagBag from /home/leoja/airflow/airflow_venv/lib/python3.12/site-packages/airflow/example_dags/example_dynamic_task_mapping.py
[2025-06-12T19:03:18.001+0200] {processor.py:840} INFO - DAG(s) 'example_dynamic_task_mapping' retrieved from /home/leoja/airflow/airflow_venv/lib/python3.12/site-packages/airflow/example_dags/example_dynamic_task_mapping.py
[2025-06-12T19:03:18.013+0200] {logging_mixin.py:188} INFO - [2025-06-12T19:03:18.013+0200] {dag.py:3096} INFO - Sync 1 DAGs
[2025-06-12T19:03:18.026+0200] {logging_mixin.py:188} INFO - [2025-06-12T19:03:18.026+0200] {dag.py:3954} INFO - Setting next_dagrun for example_dynamic_task_mapping to 2022-03-04 00:00:00+00:00, run_after=2022-03-05 00:00:00+00:00
[2025-06-12T19:03:18.046+0200] {processor.py:183} INFO - Processing /home/leoja/airflow/airflow_venv/lib/python3.12/site-packages/airflow/example_dags/example_dynamic_task_mapping.py took 0.062 seconds
[2025-06-12T19:04:04.599+0200] {processor.py:161} INFO - Started process (PID=406991) to work on /home/leoja/airflow/airflow_venv/lib/python3.12/site-packages/airflow/example_dags/example_dynamic_task_mapping.py
[2025-06-12T19:04:04.601+0200] {processor.py:830} INFO - Processing file /home/leoja/airflow/airflow_venv/lib/python3.12/site-packages/airflow/example_dags/example_dynamic_task_mapping.py for tasks to queue
[2025-06-12T19:04:04.602+0200] {logging_mixin.py:188} INFO - [2025-06-12T19:04:04.602+0200] {dagbag.py:540} INFO - Filling up the DagBag from /home/leoja/airflow/airflow_venv/lib/python3.12/site-packages/airflow/example_dags/example_dynamic_task_mapping.py
[2025-06-12T19:04:04.607+0200] {processor.py:840} INFO - DAG(s) 'example_dynamic_task_mapping' retrieved from /home/leoja/airflow/airflow_venv/lib/python3.12/site-packages/airflow/example_dags/example_dynamic_task_mapping.py
[2025-06-12T19:04:04.620+0200] {logging_mixin.py:188} INFO - [2025-06-12T19:04:04.619+0200] {dag.py:3096} INFO - Sync 1 DAGs
[2025-06-12T19:04:04.634+0200] {logging_mixin.py:188} INFO - [2025-06-12T19:04:04.634+0200] {dag.py:3954} INFO - Setting next_dagrun for example_dynamic_task_mapping to 2022-03-04 00:00:00+00:00, run_after=2022-03-05 00:00:00+00:00
[2025-06-12T19:04:04.654+0200] {processor.py:183} INFO - Processing /home/leoja/airflow/airflow_venv/lib/python3.12/site-packages/airflow/example_dags/example_dynamic_task_mapping.py took 0.062 seconds
[2025-06-12T19:04:48.164+0200] {processor.py:161} INFO - Started process (PID=407243) to work on /home/leoja/airflow/airflow_venv/lib/python3.12/site-packages/airflow/example_dags/example_dynamic_task_mapping.py
[2025-06-12T19:04:48.166+0200] {processor.py:830} INFO - Processing file /home/leoja/airflow/airflow_venv/lib/python3.12/site-packages/airflow/example_dags/example_dynamic_task_mapping.py for tasks to queue
[2025-06-12T19:04:48.167+0200] {logging_mixin.py:188} INFO - [2025-06-12T19:04:48.167+0200] {dagbag.py:540} INFO - Filling up the DagBag from /home/leoja/airflow/airflow_venv/lib/python3.12/site-packages/airflow/example_dags/example_dynamic_task_mapping.py
[2025-06-12T19:04:48.173+0200] {processor.py:840} INFO - DAG(s) 'example_dynamic_task_mapping' retrieved from /home/leoja/airflow/airflow_venv/lib/python3.12/site-packages/airflow/example_dags/example_dynamic_task_mapping.py
[2025-06-12T19:04:48.183+0200] {logging_mixin.py:188} INFO - [2025-06-12T19:04:48.183+0200] {dag.py:3096} INFO - Sync 1 DAGs
[2025-06-12T19:04:48.196+0200] {logging_mixin.py:188} INFO - [2025-06-12T19:04:48.195+0200] {dag.py:3954} INFO - Setting next_dagrun for example_dynamic_task_mapping to 2022-03-04 00:00:00+00:00, run_after=2022-03-05 00:00:00+00:00
[2025-06-12T19:04:48.230+0200] {processor.py:183} INFO - Processing /home/leoja/airflow/airflow_venv/lib/python3.12/site-packages/airflow/example_dags/example_dynamic_task_mapping.py took 0.071 seconds
[2025-06-12T19:05:30.410+0200] {processor.py:161} INFO - Started process (PID=407470) to work on /home/leoja/airflow/airflow_venv/lib/python3.12/site-packages/airflow/example_dags/example_dynamic_task_mapping.py
[2025-06-12T19:05:30.411+0200] {processor.py:830} INFO - Processing file /home/leoja/airflow/airflow_venv/lib/python3.12/site-packages/airflow/example_dags/example_dynamic_task_mapping.py for tasks to queue
[2025-06-12T19:05:30.412+0200] {logging_mixin.py:188} INFO - [2025-06-12T19:05:30.412+0200] {dagbag.py:540} INFO - Filling up the DagBag from /home/leoja/airflow/airflow_venv/lib/python3.12/site-packages/airflow/example_dags/example_dynamic_task_mapping.py
[2025-06-12T19:05:30.419+0200] {processor.py:840} INFO - DAG(s) 'example_dynamic_task_mapping' retrieved from /home/leoja/airflow/airflow_venv/lib/python3.12/site-packages/airflow/example_dags/example_dynamic_task_mapping.py
[2025-06-12T19:05:30.437+0200] {logging_mixin.py:188} INFO - [2025-06-12T19:05:30.436+0200] {dag.py:3096} INFO - Sync 1 DAGs
[2025-06-12T19:05:30.456+0200] {logging_mixin.py:188} INFO - [2025-06-12T19:05:30.455+0200] {dag.py:3954} INFO - Setting next_dagrun for example_dynamic_task_mapping to 2022-03-04 00:00:00+00:00, run_after=2022-03-05 00:00:00+00:00
[2025-06-12T19:05:30.476+0200] {processor.py:183} INFO - Processing /home/leoja/airflow/airflow_venv/lib/python3.12/site-packages/airflow/example_dags/example_dynamic_task_mapping.py took 0.072 seconds
