[2025-06-12T18:20:38.821+0200] {processor.py:161} INFO - Started process (PID=390724) to work on /home/leoja/airflow/airflow_venv/lib/python3.12/site-packages/airflow/example_dags/example_sensor_decorator.py
[2025-06-12T18:20:38.822+0200] {processor.py:830} INFO - Processing file /home/leoja/airflow/airflow_venv/lib/python3.12/site-packages/airflow/example_dags/example_sensor_decorator.py for tasks to queue
[2025-06-12T18:20:38.823+0200] {logging_mixin.py:188} INFO - [2025-06-12T18:20:38.823+0200] {dagbag.py:540} INFO - Filling up the DagBag from /home/leoja/airflow/airflow_venv/lib/python3.12/site-packages/airflow/example_dags/example_sensor_decorator.py
[2025-06-12T18:20:38.831+0200] {processor.py:840} INFO - DAG(s) 'example_sensor_decorator' retrieved from /home/leoja/airflow/airflow_venv/lib/python3.12/site-packages/airflow/example_dags/example_sensor_decorator.py
[2025-06-12T18:20:38.931+0200] {logging_mixin.py:188} INFO - [2025-06-12T18:20:38.930+0200] {dag.py:3096} INFO - Sync 1 DAGs
[2025-06-12T18:20:38.947+0200] {logging_mixin.py:188} INFO - [2025-06-12T18:20:38.945+0200] {dag.py:3954} INFO - Setting next_dagrun for example_sensor_decorator to None, run_after=None
[2025-06-12T18:20:39.010+0200] {processor.py:183} INFO - Processing /home/leoja/airflow/airflow_venv/lib/python3.12/site-packages/airflow/example_dags/example_sensor_decorator.py took 0.194 seconds
[2025-06-12T18:21:37.017+0200] {processor.py:161} INFO - Started process (PID=391148) to work on /home/leoja/airflow/airflow_venv/lib/python3.12/site-packages/airflow/example_dags/example_sensor_decorator.py
[2025-06-12T18:21:37.019+0200] {processor.py:830} INFO - Processing file /home/leoja/airflow/airflow_venv/lib/python3.12/site-packages/airflow/example_dags/example_sensor_decorator.py for tasks to queue
[2025-06-12T18:21:37.020+0200] {logging_mixin.py:188} INFO - [2025-06-12T18:21:37.020+0200] {dagbag.py:540} INFO - Filling up the DagBag from /home/leoja/airflow/airflow_venv/lib/python3.12/site-packages/airflow/example_dags/example_sensor_decorator.py
[2025-06-12T18:21:37.026+0200] {processor.py:840} INFO - DAG(s) 'example_sensor_decorator' retrieved from /home/leoja/airflow/airflow_venv/lib/python3.12/site-packages/airflow/example_dags/example_sensor_decorator.py
[2025-06-12T18:21:37.037+0200] {logging_mixin.py:188} INFO - [2025-06-12T18:21:37.037+0200] {dag.py:3096} INFO - Sync 1 DAGs
[2025-06-12T18:21:37.045+0200] {logging_mixin.py:188} INFO - [2025-06-12T18:21:37.045+0200] {dag.py:3954} INFO - Setting next_dagrun for example_sensor_decorator to None, run_after=None
[2025-06-12T18:21:37.073+0200] {processor.py:183} INFO - Processing /home/leoja/airflow/airflow_venv/lib/python3.12/site-packages/airflow/example_dags/example_sensor_decorator.py took 0.061 seconds
[2025-06-12T18:22:31.432+0200] {processor.py:161} INFO - Started process (PID=391987) to work on /home/leoja/airflow/airflow_venv/lib/python3.12/site-packages/airflow/example_dags/example_sensor_decorator.py
[2025-06-12T18:22:31.434+0200] {processor.py:830} INFO - Processing file /home/leoja/airflow/airflow_venv/lib/python3.12/site-packages/airflow/example_dags/example_sensor_decorator.py for tasks to queue
[2025-06-12T18:22:31.436+0200] {logging_mixin.py:188} INFO - [2025-06-12T18:22:31.435+0200] {dagbag.py:540} INFO - Filling up the DagBag from /home/leoja/airflow/airflow_venv/lib/python3.12/site-packages/airflow/example_dags/example_sensor_decorator.py
[2025-06-12T18:22:31.442+0200] {processor.py:840} INFO - DAG(s) 'example_sensor_decorator' retrieved from /home/leoja/airflow/airflow_venv/lib/python3.12/site-packages/airflow/example_dags/example_sensor_decorator.py
[2025-06-12T18:22:31.456+0200] {logging_mixin.py:188} INFO - [2025-06-12T18:22:31.455+0200] {dag.py:3096} INFO - Sync 1 DAGs
[2025-06-12T18:22:31.465+0200] {logging_mixin.py:188} INFO - [2025-06-12T18:22:31.464+0200] {dag.py:3954} INFO - Setting next_dagrun for example_sensor_decorator to None, run_after=None
[2025-06-12T18:22:31.489+0200] {processor.py:183} INFO - Processing /home/leoja/airflow/airflow_venv/lib/python3.12/site-packages/airflow/example_dags/example_sensor_decorator.py took 0.062 seconds
[2025-06-12T18:24:15.119+0200] {processor.py:161} INFO - Started process (PID=393103) to work on /home/leoja/airflow/airflow_venv/lib/python3.12/site-packages/airflow/example_dags/example_sensor_decorator.py
[2025-06-12T18:24:15.121+0200] {processor.py:830} INFO - Processing file /home/leoja/airflow/airflow_venv/lib/python3.12/site-packages/airflow/example_dags/example_sensor_decorator.py for tasks to queue
[2025-06-12T18:24:15.122+0200] {logging_mixin.py:188} INFO - [2025-06-12T18:24:15.122+0200] {dagbag.py:540} INFO - Filling up the DagBag from /home/leoja/airflow/airflow_venv/lib/python3.12/site-packages/airflow/example_dags/example_sensor_decorator.py
[2025-06-12T18:24:15.127+0200] {processor.py:840} INFO - DAG(s) 'example_sensor_decorator' retrieved from /home/leoja/airflow/airflow_venv/lib/python3.12/site-packages/airflow/example_dags/example_sensor_decorator.py
[2025-06-12T18:24:15.139+0200] {logging_mixin.py:188} INFO - [2025-06-12T18:24:15.139+0200] {dag.py:3096} INFO - Sync 1 DAGs
[2025-06-12T18:24:15.148+0200] {logging_mixin.py:188} INFO - [2025-06-12T18:24:15.148+0200] {dag.py:3954} INFO - Setting next_dagrun for example_sensor_decorator to None, run_after=None
[2025-06-12T18:24:15.165+0200] {processor.py:183} INFO - Processing /home/leoja/airflow/airflow_venv/lib/python3.12/site-packages/airflow/example_dags/example_sensor_decorator.py took 0.050 seconds
[2025-06-12T18:25:06.930+0200] {processor.py:161} INFO - Started process (PID=393330) to work on /home/leoja/airflow/airflow_venv/lib/python3.12/site-packages/airflow/example_dags/example_sensor_decorator.py
[2025-06-12T18:25:06.932+0200] {processor.py:830} INFO - Processing file /home/leoja/airflow/airflow_venv/lib/python3.12/site-packages/airflow/example_dags/example_sensor_decorator.py for tasks to queue
[2025-06-12T18:25:06.933+0200] {logging_mixin.py:188} INFO - [2025-06-12T18:25:06.932+0200] {dagbag.py:540} INFO - Filling up the DagBag from /home/leoja/airflow/airflow_venv/lib/python3.12/site-packages/airflow/example_dags/example_sensor_decorator.py
[2025-06-12T18:25:06.938+0200] {processor.py:840} INFO - DAG(s) 'example_sensor_decorator' retrieved from /home/leoja/airflow/airflow_venv/lib/python3.12/site-packages/airflow/example_dags/example_sensor_decorator.py
[2025-06-12T18:25:06.948+0200] {logging_mixin.py:188} INFO - [2025-06-12T18:25:06.948+0200] {dag.py:3096} INFO - Sync 1 DAGs
[2025-06-12T18:25:06.955+0200] {logging_mixin.py:188} INFO - [2025-06-12T18:25:06.955+0200] {dag.py:3954} INFO - Setting next_dagrun for example_sensor_decorator to None, run_after=None
[2025-06-12T18:25:06.973+0200] {processor.py:183} INFO - Processing /home/leoja/airflow/airflow_venv/lib/python3.12/site-packages/airflow/example_dags/example_sensor_decorator.py took 0.047 seconds
[2025-06-12T18:25:55.399+0200] {processor.py:161} INFO - Started process (PID=393584) to work on /home/leoja/airflow/airflow_venv/lib/python3.12/site-packages/airflow/example_dags/example_sensor_decorator.py
[2025-06-12T18:25:55.400+0200] {processor.py:830} INFO - Processing file /home/leoja/airflow/airflow_venv/lib/python3.12/site-packages/airflow/example_dags/example_sensor_decorator.py for tasks to queue
[2025-06-12T18:25:55.402+0200] {logging_mixin.py:188} INFO - [2025-06-12T18:25:55.401+0200] {dagbag.py:540} INFO - Filling up the DagBag from /home/leoja/airflow/airflow_venv/lib/python3.12/site-packages/airflow/example_dags/example_sensor_decorator.py
[2025-06-12T18:25:55.407+0200] {processor.py:840} INFO - DAG(s) 'example_sensor_decorator' retrieved from /home/leoja/airflow/airflow_venv/lib/python3.12/site-packages/airflow/example_dags/example_sensor_decorator.py
[2025-06-12T18:25:55.418+0200] {logging_mixin.py:188} INFO - [2025-06-12T18:25:55.418+0200] {dag.py:3096} INFO - Sync 1 DAGs
[2025-06-12T18:25:55.425+0200] {logging_mixin.py:188} INFO - [2025-06-12T18:25:55.425+0200] {dag.py:3954} INFO - Setting next_dagrun for example_sensor_decorator to None, run_after=None
[2025-06-12T18:25:55.444+0200] {processor.py:183} INFO - Processing /home/leoja/airflow/airflow_venv/lib/python3.12/site-packages/airflow/example_dags/example_sensor_decorator.py took 0.050 seconds
[2025-06-12T18:26:45.135+0200] {processor.py:161} INFO - Started process (PID=393839) to work on /home/leoja/airflow/airflow_venv/lib/python3.12/site-packages/airflow/example_dags/example_sensor_decorator.py
[2025-06-12T18:26:45.136+0200] {processor.py:830} INFO - Processing file /home/leoja/airflow/airflow_venv/lib/python3.12/site-packages/airflow/example_dags/example_sensor_decorator.py for tasks to queue
[2025-06-12T18:26:45.139+0200] {logging_mixin.py:188} INFO - [2025-06-12T18:26:45.139+0200] {dagbag.py:540} INFO - Filling up the DagBag from /home/leoja/airflow/airflow_venv/lib/python3.12/site-packages/airflow/example_dags/example_sensor_decorator.py
[2025-06-12T18:26:45.149+0200] {processor.py:840} INFO - DAG(s) 'example_sensor_decorator' retrieved from /home/leoja/airflow/airflow_venv/lib/python3.12/site-packages/airflow/example_dags/example_sensor_decorator.py
[2025-06-12T18:26:45.170+0200] {logging_mixin.py:188} INFO - [2025-06-12T18:26:45.170+0200] {dag.py:3096} INFO - Sync 1 DAGs
[2025-06-12T18:26:45.179+0200] {logging_mixin.py:188} INFO - [2025-06-12T18:26:45.179+0200] {dag.py:3954} INFO - Setting next_dagrun for example_sensor_decorator to None, run_after=None
[2025-06-12T18:26:45.211+0200] {processor.py:183} INFO - Processing /home/leoja/airflow/airflow_venv/lib/python3.12/site-packages/airflow/example_dags/example_sensor_decorator.py took 0.082 seconds
[2025-06-12T18:27:37.410+0200] {processor.py:161} INFO - Started process (PID=394119) to work on /home/leoja/airflow/airflow_venv/lib/python3.12/site-packages/airflow/example_dags/example_sensor_decorator.py
[2025-06-12T18:27:37.411+0200] {processor.py:830} INFO - Processing file /home/leoja/airflow/airflow_venv/lib/python3.12/site-packages/airflow/example_dags/example_sensor_decorator.py for tasks to queue
[2025-06-12T18:27:37.413+0200] {logging_mixin.py:188} INFO - [2025-06-12T18:27:37.412+0200] {dagbag.py:540} INFO - Filling up the DagBag from /home/leoja/airflow/airflow_venv/lib/python3.12/site-packages/airflow/example_dags/example_sensor_decorator.py
[2025-06-12T18:27:37.419+0200] {processor.py:840} INFO - DAG(s) 'example_sensor_decorator' retrieved from /home/leoja/airflow/airflow_venv/lib/python3.12/site-packages/airflow/example_dags/example_sensor_decorator.py
[2025-06-12T18:27:37.431+0200] {logging_mixin.py:188} INFO - [2025-06-12T18:27:37.431+0200] {dag.py:3096} INFO - Sync 1 DAGs
[2025-06-12T18:27:37.443+0200] {logging_mixin.py:188} INFO - [2025-06-12T18:27:37.443+0200] {dag.py:3954} INFO - Setting next_dagrun for example_sensor_decorator to None, run_after=None
[2025-06-12T18:27:37.465+0200] {processor.py:183} INFO - Processing /home/leoja/airflow/airflow_venv/lib/python3.12/site-packages/airflow/example_dags/example_sensor_decorator.py took 0.060 seconds
[2025-06-12T18:28:32.276+0200] {processor.py:161} INFO - Started process (PID=394428) to work on /home/leoja/airflow/airflow_venv/lib/python3.12/site-packages/airflow/example_dags/example_sensor_decorator.py
[2025-06-12T18:28:32.277+0200] {processor.py:830} INFO - Processing file /home/leoja/airflow/airflow_venv/lib/python3.12/site-packages/airflow/example_dags/example_sensor_decorator.py for tasks to queue
[2025-06-12T18:28:32.279+0200] {logging_mixin.py:188} INFO - [2025-06-12T18:28:32.278+0200] {dagbag.py:540} INFO - Filling up the DagBag from /home/leoja/airflow/airflow_venv/lib/python3.12/site-packages/airflow/example_dags/example_sensor_decorator.py
[2025-06-12T18:28:32.285+0200] {processor.py:840} INFO - DAG(s) 'example_sensor_decorator' retrieved from /home/leoja/airflow/airflow_venv/lib/python3.12/site-packages/airflow/example_dags/example_sensor_decorator.py
[2025-06-12T18:28:32.302+0200] {logging_mixin.py:188} INFO - [2025-06-12T18:28:32.301+0200] {dag.py:3096} INFO - Sync 1 DAGs
[2025-06-12T18:28:32.320+0200] {logging_mixin.py:188} INFO - [2025-06-12T18:28:32.320+0200] {dag.py:3954} INFO - Setting next_dagrun for example_sensor_decorator to None, run_after=None
[2025-06-12T18:28:32.377+0200] {processor.py:183} INFO - Processing /home/leoja/airflow/airflow_venv/lib/python3.12/site-packages/airflow/example_dags/example_sensor_decorator.py took 0.107 seconds
[2025-06-12T18:29:31.069+0200] {processor.py:161} INFO - Started process (PID=394673) to work on /home/leoja/airflow/airflow_venv/lib/python3.12/site-packages/airflow/example_dags/example_sensor_decorator.py
[2025-06-12T18:29:31.071+0200] {processor.py:830} INFO - Processing file /home/leoja/airflow/airflow_venv/lib/python3.12/site-packages/airflow/example_dags/example_sensor_decorator.py for tasks to queue
[2025-06-12T18:29:31.073+0200] {logging_mixin.py:188} INFO - [2025-06-12T18:29:31.073+0200] {dagbag.py:540} INFO - Filling up the DagBag from /home/leoja/airflow/airflow_venv/lib/python3.12/site-packages/airflow/example_dags/example_sensor_decorator.py
[2025-06-12T18:29:31.081+0200] {processor.py:840} INFO - DAG(s) 'example_sensor_decorator' retrieved from /home/leoja/airflow/airflow_venv/lib/python3.12/site-packages/airflow/example_dags/example_sensor_decorator.py
[2025-06-12T18:29:31.102+0200] {logging_mixin.py:188} INFO - [2025-06-12T18:29:31.101+0200] {dag.py:3096} INFO - Sync 1 DAGs
[2025-06-12T18:29:31.115+0200] {logging_mixin.py:188} INFO - [2025-06-12T18:29:31.114+0200] {dag.py:3954} INFO - Setting next_dagrun for example_sensor_decorator to None, run_after=None
[2025-06-12T18:29:31.140+0200] {processor.py:183} INFO - Processing /home/leoja/airflow/airflow_venv/lib/python3.12/site-packages/airflow/example_dags/example_sensor_decorator.py took 0.077 seconds
[2025-06-12T18:31:21.768+0200] {processor.py:161} INFO - Started process (PID=395891) to work on /home/leoja/airflow/airflow_venv/lib/python3.12/site-packages/airflow/example_dags/example_sensor_decorator.py
[2025-06-12T18:31:21.770+0200] {processor.py:830} INFO - Processing file /home/leoja/airflow/airflow_venv/lib/python3.12/site-packages/airflow/example_dags/example_sensor_decorator.py for tasks to queue
[2025-06-12T18:31:21.772+0200] {logging_mixin.py:188} INFO - [2025-06-12T18:31:21.771+0200] {dagbag.py:540} INFO - Filling up the DagBag from /home/leoja/airflow/airflow_venv/lib/python3.12/site-packages/airflow/example_dags/example_sensor_decorator.py
[2025-06-12T18:31:21.778+0200] {processor.py:840} INFO - DAG(s) 'example_sensor_decorator' retrieved from /home/leoja/airflow/airflow_venv/lib/python3.12/site-packages/airflow/example_dags/example_sensor_decorator.py
[2025-06-12T18:31:21.789+0200] {logging_mixin.py:188} INFO - [2025-06-12T18:31:21.789+0200] {dag.py:3096} INFO - Sync 1 DAGs
[2025-06-12T18:31:21.797+0200] {logging_mixin.py:188} INFO - [2025-06-12T18:31:21.797+0200] {dag.py:3954} INFO - Setting next_dagrun for example_sensor_decorator to None, run_after=None
[2025-06-12T18:31:21.832+0200] {processor.py:183} INFO - Processing /home/leoja/airflow/airflow_venv/lib/python3.12/site-packages/airflow/example_dags/example_sensor_decorator.py took 0.068 seconds
[2025-06-12T18:32:14.941+0200] {processor.py:161} INFO - Started process (PID=396121) to work on /home/leoja/airflow/airflow_venv/lib/python3.12/site-packages/airflow/example_dags/example_sensor_decorator.py
[2025-06-12T18:32:14.942+0200] {processor.py:830} INFO - Processing file /home/leoja/airflow/airflow_venv/lib/python3.12/site-packages/airflow/example_dags/example_sensor_decorator.py for tasks to queue
[2025-06-12T18:32:14.943+0200] {logging_mixin.py:188} INFO - [2025-06-12T18:32:14.943+0200] {dagbag.py:540} INFO - Filling up the DagBag from /home/leoja/airflow/airflow_venv/lib/python3.12/site-packages/airflow/example_dags/example_sensor_decorator.py
[2025-06-12T18:32:14.948+0200] {processor.py:840} INFO - DAG(s) 'example_sensor_decorator' retrieved from /home/leoja/airflow/airflow_venv/lib/python3.12/site-packages/airflow/example_dags/example_sensor_decorator.py
[2025-06-12T18:32:14.959+0200] {logging_mixin.py:188} INFO - [2025-06-12T18:32:14.959+0200] {dag.py:3096} INFO - Sync 1 DAGs
[2025-06-12T18:32:14.966+0200] {logging_mixin.py:188} INFO - [2025-06-12T18:32:14.966+0200] {dag.py:3954} INFO - Setting next_dagrun for example_sensor_decorator to None, run_after=None
[2025-06-12T18:32:14.987+0200] {processor.py:183} INFO - Processing /home/leoja/airflow/airflow_venv/lib/python3.12/site-packages/airflow/example_dags/example_sensor_decorator.py took 0.051 seconds
[2025-06-12T18:33:01.014+0200] {processor.py:161} INFO - Started process (PID=396328) to work on /home/leoja/airflow/airflow_venv/lib/python3.12/site-packages/airflow/example_dags/example_sensor_decorator.py
[2025-06-12T18:33:01.015+0200] {processor.py:830} INFO - Processing file /home/leoja/airflow/airflow_venv/lib/python3.12/site-packages/airflow/example_dags/example_sensor_decorator.py for tasks to queue
[2025-06-12T18:33:01.016+0200] {logging_mixin.py:188} INFO - [2025-06-12T18:33:01.016+0200] {dagbag.py:540} INFO - Filling up the DagBag from /home/leoja/airflow/airflow_venv/lib/python3.12/site-packages/airflow/example_dags/example_sensor_decorator.py
[2025-06-12T18:33:01.022+0200] {processor.py:840} INFO - DAG(s) 'example_sensor_decorator' retrieved from /home/leoja/airflow/airflow_venv/lib/python3.12/site-packages/airflow/example_dags/example_sensor_decorator.py
[2025-06-12T18:33:01.034+0200] {logging_mixin.py:188} INFO - [2025-06-12T18:33:01.034+0200] {dag.py:3096} INFO - Sync 1 DAGs
[2025-06-12T18:33:01.045+0200] {logging_mixin.py:188} INFO - [2025-06-12T18:33:01.045+0200] {dag.py:3954} INFO - Setting next_dagrun for example_sensor_decorator to None, run_after=None
[2025-06-12T18:33:01.076+0200] {processor.py:183} INFO - Processing /home/leoja/airflow/airflow_venv/lib/python3.12/site-packages/airflow/example_dags/example_sensor_decorator.py took 0.066 seconds
[2025-06-12T18:33:48.915+0200] {processor.py:161} INFO - Started process (PID=396556) to work on /home/leoja/airflow/airflow_venv/lib/python3.12/site-packages/airflow/example_dags/example_sensor_decorator.py
[2025-06-12T18:33:48.916+0200] {processor.py:830} INFO - Processing file /home/leoja/airflow/airflow_venv/lib/python3.12/site-packages/airflow/example_dags/example_sensor_decorator.py for tasks to queue
[2025-06-12T18:33:48.918+0200] {logging_mixin.py:188} INFO - [2025-06-12T18:33:48.918+0200] {dagbag.py:540} INFO - Filling up the DagBag from /home/leoja/airflow/airflow_venv/lib/python3.12/site-packages/airflow/example_dags/example_sensor_decorator.py
[2025-06-12T18:33:48.923+0200] {processor.py:840} INFO - DAG(s) 'example_sensor_decorator' retrieved from /home/leoja/airflow/airflow_venv/lib/python3.12/site-packages/airflow/example_dags/example_sensor_decorator.py
[2025-06-12T18:33:48.935+0200] {logging_mixin.py:188} INFO - [2025-06-12T18:33:48.934+0200] {dag.py:3096} INFO - Sync 1 DAGs
[2025-06-12T18:33:48.942+0200] {logging_mixin.py:188} INFO - [2025-06-12T18:33:48.942+0200] {dag.py:3954} INFO - Setting next_dagrun for example_sensor_decorator to None, run_after=None
[2025-06-12T18:33:48.961+0200] {processor.py:183} INFO - Processing /home/leoja/airflow/airflow_venv/lib/python3.12/site-packages/airflow/example_dags/example_sensor_decorator.py took 0.050 seconds
[2025-06-12T18:34:34.629+0200] {processor.py:161} INFO - Started process (PID=396825) to work on /home/leoja/airflow/airflow_venv/lib/python3.12/site-packages/airflow/example_dags/example_sensor_decorator.py
[2025-06-12T18:34:34.631+0200] {processor.py:830} INFO - Processing file /home/leoja/airflow/airflow_venv/lib/python3.12/site-packages/airflow/example_dags/example_sensor_decorator.py for tasks to queue
[2025-06-12T18:34:34.632+0200] {logging_mixin.py:188} INFO - [2025-06-12T18:34:34.632+0200] {dagbag.py:540} INFO - Filling up the DagBag from /home/leoja/airflow/airflow_venv/lib/python3.12/site-packages/airflow/example_dags/example_sensor_decorator.py
[2025-06-12T18:34:34.637+0200] {processor.py:840} INFO - DAG(s) 'example_sensor_decorator' retrieved from /home/leoja/airflow/airflow_venv/lib/python3.12/site-packages/airflow/example_dags/example_sensor_decorator.py
[2025-06-12T18:34:34.649+0200] {logging_mixin.py:188} INFO - [2025-06-12T18:34:34.649+0200] {dag.py:3096} INFO - Sync 1 DAGs
[2025-06-12T18:34:34.656+0200] {logging_mixin.py:188} INFO - [2025-06-12T18:34:34.656+0200] {dag.py:3954} INFO - Setting next_dagrun for example_sensor_decorator to None, run_after=None
[2025-06-12T18:34:34.675+0200] {processor.py:183} INFO - Processing /home/leoja/airflow/airflow_venv/lib/python3.12/site-packages/airflow/example_dags/example_sensor_decorator.py took 0.050 seconds
[2025-06-12T18:35:19.384+0200] {processor.py:161} INFO - Started process (PID=396980) to work on /home/leoja/airflow/airflow_venv/lib/python3.12/site-packages/airflow/example_dags/example_sensor_decorator.py
[2025-06-12T18:35:19.386+0200] {processor.py:830} INFO - Processing file /home/leoja/airflow/airflow_venv/lib/python3.12/site-packages/airflow/example_dags/example_sensor_decorator.py for tasks to queue
[2025-06-12T18:35:19.387+0200] {logging_mixin.py:188} INFO - [2025-06-12T18:35:19.387+0200] {dagbag.py:540} INFO - Filling up the DagBag from /home/leoja/airflow/airflow_venv/lib/python3.12/site-packages/airflow/example_dags/example_sensor_decorator.py
[2025-06-12T18:35:19.392+0200] {processor.py:840} INFO - DAG(s) 'example_sensor_decorator' retrieved from /home/leoja/airflow/airflow_venv/lib/python3.12/site-packages/airflow/example_dags/example_sensor_decorator.py
[2025-06-12T18:35:19.402+0200] {logging_mixin.py:188} INFO - [2025-06-12T18:35:19.402+0200] {dag.py:3096} INFO - Sync 1 DAGs
[2025-06-12T18:35:19.410+0200] {logging_mixin.py:188} INFO - [2025-06-12T18:35:19.409+0200] {dag.py:3954} INFO - Setting next_dagrun for example_sensor_decorator to None, run_after=None
[2025-06-12T18:35:19.428+0200] {processor.py:183} INFO - Processing /home/leoja/airflow/airflow_venv/lib/python3.12/site-packages/airflow/example_dags/example_sensor_decorator.py took 0.047 seconds
[2025-06-12T18:39:13.182+0200] {processor.py:161} INFO - Started process (PID=397991) to work on /home/leoja/airflow/airflow_venv/lib/python3.12/site-packages/airflow/example_dags/example_sensor_decorator.py
[2025-06-12T18:39:13.184+0200] {processor.py:830} INFO - Processing file /home/leoja/airflow/airflow_venv/lib/python3.12/site-packages/airflow/example_dags/example_sensor_decorator.py for tasks to queue
[2025-06-12T18:39:13.186+0200] {logging_mixin.py:188} INFO - [2025-06-12T18:39:13.185+0200] {dagbag.py:540} INFO - Filling up the DagBag from /home/leoja/airflow/airflow_venv/lib/python3.12/site-packages/airflow/example_dags/example_sensor_decorator.py
[2025-06-12T18:39:13.194+0200] {processor.py:840} INFO - DAG(s) 'example_sensor_decorator' retrieved from /home/leoja/airflow/airflow_venv/lib/python3.12/site-packages/airflow/example_dags/example_sensor_decorator.py
[2025-06-12T18:39:13.285+0200] {logging_mixin.py:188} INFO - [2025-06-12T18:39:13.285+0200] {dag.py:3096} INFO - Sync 1 DAGs
[2025-06-12T18:39:13.298+0200] {logging_mixin.py:188} INFO - [2025-06-12T18:39:13.297+0200] {dag.py:3954} INFO - Setting next_dagrun for example_sensor_decorator to None, run_after=None
[2025-06-12T18:39:13.333+0200] {processor.py:183} INFO - Processing /home/leoja/airflow/airflow_venv/lib/python3.12/site-packages/airflow/example_dags/example_sensor_decorator.py took 0.158 seconds
[2025-06-12T18:40:43.223+0200] {processor.py:161} INFO - Started process (PID=398506) to work on /home/leoja/airflow/airflow_venv/lib/python3.12/site-packages/airflow/example_dags/example_sensor_decorator.py
[2025-06-12T18:40:43.224+0200] {processor.py:830} INFO - Processing file /home/leoja/airflow/airflow_venv/lib/python3.12/site-packages/airflow/example_dags/example_sensor_decorator.py for tasks to queue
[2025-06-12T18:40:43.227+0200] {logging_mixin.py:188} INFO - [2025-06-12T18:40:43.226+0200] {dagbag.py:540} INFO - Filling up the DagBag from /home/leoja/airflow/airflow_venv/lib/python3.12/site-packages/airflow/example_dags/example_sensor_decorator.py
[2025-06-12T18:40:43.243+0200] {processor.py:840} INFO - DAG(s) 'example_sensor_decorator' retrieved from /home/leoja/airflow/airflow_venv/lib/python3.12/site-packages/airflow/example_dags/example_sensor_decorator.py
[2025-06-12T18:40:43.297+0200] {logging_mixin.py:188} INFO - [2025-06-12T18:40:43.285+0200] {dag.py:3096} INFO - Sync 1 DAGs
[2025-06-12T18:40:43.348+0200] {logging_mixin.py:188} INFO - [2025-06-12T18:40:43.347+0200] {dag.py:3954} INFO - Setting next_dagrun for example_sensor_decorator to None, run_after=None
[2025-06-12T18:40:43.544+0200] {processor.py:183} INFO - Processing /home/leoja/airflow/airflow_venv/lib/python3.12/site-packages/airflow/example_dags/example_sensor_decorator.py took 0.337 seconds
[2025-06-12T18:41:43.069+0200] {processor.py:161} INFO - Started process (PID=399148) to work on /home/leoja/airflow/airflow_venv/lib/python3.12/site-packages/airflow/example_dags/example_sensor_decorator.py
[2025-06-12T18:41:43.071+0200] {processor.py:830} INFO - Processing file /home/leoja/airflow/airflow_venv/lib/python3.12/site-packages/airflow/example_dags/example_sensor_decorator.py for tasks to queue
[2025-06-12T18:41:43.072+0200] {logging_mixin.py:188} INFO - [2025-06-12T18:41:43.072+0200] {dagbag.py:540} INFO - Filling up the DagBag from /home/leoja/airflow/airflow_venv/lib/python3.12/site-packages/airflow/example_dags/example_sensor_decorator.py
[2025-06-12T18:41:43.078+0200] {processor.py:840} INFO - DAG(s) 'example_sensor_decorator' retrieved from /home/leoja/airflow/airflow_venv/lib/python3.12/site-packages/airflow/example_dags/example_sensor_decorator.py
[2025-06-12T18:41:43.091+0200] {logging_mixin.py:188} INFO - [2025-06-12T18:41:43.091+0200] {dag.py:3096} INFO - Sync 1 DAGs
[2025-06-12T18:41:43.101+0200] {logging_mixin.py:188} INFO - [2025-06-12T18:41:43.101+0200] {dag.py:3954} INFO - Setting next_dagrun for example_sensor_decorator to None, run_after=None
[2025-06-12T18:41:43.120+0200] {processor.py:183} INFO - Processing /home/leoja/airflow/airflow_venv/lib/python3.12/site-packages/airflow/example_dags/example_sensor_decorator.py took 0.057 seconds
[2025-06-12T18:42:36.551+0200] {processor.py:161} INFO - Started process (PID=399461) to work on /home/leoja/airflow/airflow_venv/lib/python3.12/site-packages/airflow/example_dags/example_sensor_decorator.py
[2025-06-12T18:42:36.552+0200] {processor.py:830} INFO - Processing file /home/leoja/airflow/airflow_venv/lib/python3.12/site-packages/airflow/example_dags/example_sensor_decorator.py for tasks to queue
[2025-06-12T18:42:36.554+0200] {logging_mixin.py:188} INFO - [2025-06-12T18:42:36.553+0200] {dagbag.py:540} INFO - Filling up the DagBag from /home/leoja/airflow/airflow_venv/lib/python3.12/site-packages/airflow/example_dags/example_sensor_decorator.py
[2025-06-12T18:42:36.560+0200] {processor.py:840} INFO - DAG(s) 'example_sensor_decorator' retrieved from /home/leoja/airflow/airflow_venv/lib/python3.12/site-packages/airflow/example_dags/example_sensor_decorator.py
[2025-06-12T18:42:36.572+0200] {logging_mixin.py:188} INFO - [2025-06-12T18:42:36.572+0200] {dag.py:3096} INFO - Sync 1 DAGs
[2025-06-12T18:42:36.585+0200] {logging_mixin.py:188} INFO - [2025-06-12T18:42:36.585+0200] {dag.py:3954} INFO - Setting next_dagrun for example_sensor_decorator to None, run_after=None
[2025-06-12T18:42:36.609+0200] {processor.py:183} INFO - Processing /home/leoja/airflow/airflow_venv/lib/python3.12/site-packages/airflow/example_dags/example_sensor_decorator.py took 0.063 seconds
[2025-06-12T18:43:26.233+0200] {processor.py:161} INFO - Started process (PID=399892) to work on /home/leoja/airflow/airflow_venv/lib/python3.12/site-packages/airflow/example_dags/example_sensor_decorator.py
[2025-06-12T18:43:26.235+0200] {processor.py:830} INFO - Processing file /home/leoja/airflow/airflow_venv/lib/python3.12/site-packages/airflow/example_dags/example_sensor_decorator.py for tasks to queue
[2025-06-12T18:43:26.236+0200] {logging_mixin.py:188} INFO - [2025-06-12T18:43:26.236+0200] {dagbag.py:540} INFO - Filling up the DagBag from /home/leoja/airflow/airflow_venv/lib/python3.12/site-packages/airflow/example_dags/example_sensor_decorator.py
[2025-06-12T18:43:26.242+0200] {processor.py:840} INFO - DAG(s) 'example_sensor_decorator' retrieved from /home/leoja/airflow/airflow_venv/lib/python3.12/site-packages/airflow/example_dags/example_sensor_decorator.py
[2025-06-12T18:43:26.253+0200] {logging_mixin.py:188} INFO - [2025-06-12T18:43:26.253+0200] {dag.py:3096} INFO - Sync 1 DAGs
[2025-06-12T18:43:26.262+0200] {logging_mixin.py:188} INFO - [2025-06-12T18:43:26.262+0200] {dag.py:3954} INFO - Setting next_dagrun for example_sensor_decorator to None, run_after=None
[2025-06-12T18:43:26.282+0200] {processor.py:183} INFO - Processing /home/leoja/airflow/airflow_venv/lib/python3.12/site-packages/airflow/example_dags/example_sensor_decorator.py took 0.053 seconds
[2025-06-12T18:44:16.076+0200] {processor.py:161} INFO - Started process (PID=400247) to work on /home/leoja/airflow/airflow_venv/lib/python3.12/site-packages/airflow/example_dags/example_sensor_decorator.py
[2025-06-12T18:44:16.078+0200] {processor.py:830} INFO - Processing file /home/leoja/airflow/airflow_venv/lib/python3.12/site-packages/airflow/example_dags/example_sensor_decorator.py for tasks to queue
[2025-06-12T18:44:16.079+0200] {logging_mixin.py:188} INFO - [2025-06-12T18:44:16.079+0200] {dagbag.py:540} INFO - Filling up the DagBag from /home/leoja/airflow/airflow_venv/lib/python3.12/site-packages/airflow/example_dags/example_sensor_decorator.py
[2025-06-12T18:44:16.084+0200] {processor.py:840} INFO - DAG(s) 'example_sensor_decorator' retrieved from /home/leoja/airflow/airflow_venv/lib/python3.12/site-packages/airflow/example_dags/example_sensor_decorator.py
[2025-06-12T18:44:16.096+0200] {logging_mixin.py:188} INFO - [2025-06-12T18:44:16.096+0200] {dag.py:3096} INFO - Sync 1 DAGs
[2025-06-12T18:44:16.105+0200] {logging_mixin.py:188} INFO - [2025-06-12T18:44:16.105+0200] {dag.py:3954} INFO - Setting next_dagrun for example_sensor_decorator to None, run_after=None
[2025-06-12T18:44:16.124+0200] {processor.py:183} INFO - Processing /home/leoja/airflow/airflow_venv/lib/python3.12/site-packages/airflow/example_dags/example_sensor_decorator.py took 0.053 seconds
[2025-06-12T18:45:07.767+0200] {processor.py:161} INFO - Started process (PID=400552) to work on /home/leoja/airflow/airflow_venv/lib/python3.12/site-packages/airflow/example_dags/example_sensor_decorator.py
[2025-06-12T18:45:07.770+0200] {processor.py:830} INFO - Processing file /home/leoja/airflow/airflow_venv/lib/python3.12/site-packages/airflow/example_dags/example_sensor_decorator.py for tasks to queue
[2025-06-12T18:45:07.772+0200] {logging_mixin.py:188} INFO - [2025-06-12T18:45:07.771+0200] {dagbag.py:540} INFO - Filling up the DagBag from /home/leoja/airflow/airflow_venv/lib/python3.12/site-packages/airflow/example_dags/example_sensor_decorator.py
[2025-06-12T18:45:07.777+0200] {processor.py:840} INFO - DAG(s) 'example_sensor_decorator' retrieved from /home/leoja/airflow/airflow_venv/lib/python3.12/site-packages/airflow/example_dags/example_sensor_decorator.py
[2025-06-12T18:45:07.789+0200] {logging_mixin.py:188} INFO - [2025-06-12T18:45:07.789+0200] {dag.py:3096} INFO - Sync 1 DAGs
[2025-06-12T18:45:07.796+0200] {logging_mixin.py:188} INFO - [2025-06-12T18:45:07.796+0200] {dag.py:3954} INFO - Setting next_dagrun for example_sensor_decorator to None, run_after=None
[2025-06-12T18:45:07.833+0200] {processor.py:183} INFO - Processing /home/leoja/airflow/airflow_venv/lib/python3.12/site-packages/airflow/example_dags/example_sensor_decorator.py took 0.071 seconds
[2025-06-12T18:45:57.906+0200] {processor.py:161} INFO - Started process (PID=400880) to work on /home/leoja/airflow/airflow_venv/lib/python3.12/site-packages/airflow/example_dags/example_sensor_decorator.py
[2025-06-12T18:45:57.908+0200] {processor.py:830} INFO - Processing file /home/leoja/airflow/airflow_venv/lib/python3.12/site-packages/airflow/example_dags/example_sensor_decorator.py for tasks to queue
[2025-06-12T18:45:57.909+0200] {logging_mixin.py:188} INFO - [2025-06-12T18:45:57.909+0200] {dagbag.py:540} INFO - Filling up the DagBag from /home/leoja/airflow/airflow_venv/lib/python3.12/site-packages/airflow/example_dags/example_sensor_decorator.py
[2025-06-12T18:45:57.914+0200] {processor.py:840} INFO - DAG(s) 'example_sensor_decorator' retrieved from /home/leoja/airflow/airflow_venv/lib/python3.12/site-packages/airflow/example_dags/example_sensor_decorator.py
[2025-06-12T18:45:57.928+0200] {logging_mixin.py:188} INFO - [2025-06-12T18:45:57.928+0200] {dag.py:3096} INFO - Sync 1 DAGs
[2025-06-12T18:45:57.936+0200] {logging_mixin.py:188} INFO - [2025-06-12T18:45:57.936+0200] {dag.py:3954} INFO - Setting next_dagrun for example_sensor_decorator to None, run_after=None
[2025-06-12T18:45:57.962+0200] {processor.py:183} INFO - Processing /home/leoja/airflow/airflow_venv/lib/python3.12/site-packages/airflow/example_dags/example_sensor_decorator.py took 0.060 seconds
[2025-06-12T18:46:46.128+0200] {processor.py:161} INFO - Started process (PID=401057) to work on /home/leoja/airflow/airflow_venv/lib/python3.12/site-packages/airflow/example_dags/example_sensor_decorator.py
[2025-06-12T18:46:46.129+0200] {processor.py:830} INFO - Processing file /home/leoja/airflow/airflow_venv/lib/python3.12/site-packages/airflow/example_dags/example_sensor_decorator.py for tasks to queue
[2025-06-12T18:46:46.130+0200] {logging_mixin.py:188} INFO - [2025-06-12T18:46:46.130+0200] {dagbag.py:540} INFO - Filling up the DagBag from /home/leoja/airflow/airflow_venv/lib/python3.12/site-packages/airflow/example_dags/example_sensor_decorator.py
[2025-06-12T18:46:46.136+0200] {processor.py:840} INFO - DAG(s) 'example_sensor_decorator' retrieved from /home/leoja/airflow/airflow_venv/lib/python3.12/site-packages/airflow/example_dags/example_sensor_decorator.py
[2025-06-12T18:46:46.148+0200] {logging_mixin.py:188} INFO - [2025-06-12T18:46:46.148+0200] {dag.py:3096} INFO - Sync 1 DAGs
[2025-06-12T18:46:46.157+0200] {logging_mixin.py:188} INFO - [2025-06-12T18:46:46.157+0200] {dag.py:3954} INFO - Setting next_dagrun for example_sensor_decorator to None, run_after=None
[2025-06-12T18:46:46.176+0200] {processor.py:183} INFO - Processing /home/leoja/airflow/airflow_venv/lib/python3.12/site-packages/airflow/example_dags/example_sensor_decorator.py took 0.053 seconds
[2025-06-12T18:47:28.708+0200] {processor.py:161} INFO - Started process (PID=401252) to work on /home/leoja/airflow/airflow_venv/lib/python3.12/site-packages/airflow/example_dags/example_sensor_decorator.py
[2025-06-12T18:47:28.710+0200] {processor.py:830} INFO - Processing file /home/leoja/airflow/airflow_venv/lib/python3.12/site-packages/airflow/example_dags/example_sensor_decorator.py for tasks to queue
[2025-06-12T18:47:28.711+0200] {logging_mixin.py:188} INFO - [2025-06-12T18:47:28.711+0200] {dagbag.py:540} INFO - Filling up the DagBag from /home/leoja/airflow/airflow_venv/lib/python3.12/site-packages/airflow/example_dags/example_sensor_decorator.py
[2025-06-12T18:47:28.716+0200] {processor.py:840} INFO - DAG(s) 'example_sensor_decorator' retrieved from /home/leoja/airflow/airflow_venv/lib/python3.12/site-packages/airflow/example_dags/example_sensor_decorator.py
[2025-06-12T18:47:28.727+0200] {logging_mixin.py:188} INFO - [2025-06-12T18:47:28.727+0200] {dag.py:3096} INFO - Sync 1 DAGs
[2025-06-12T18:47:28.734+0200] {logging_mixin.py:188} INFO - [2025-06-12T18:47:28.734+0200] {dag.py:3954} INFO - Setting next_dagrun for example_sensor_decorator to None, run_after=None
[2025-06-12T18:47:28.755+0200] {processor.py:183} INFO - Processing /home/leoja/airflow/airflow_venv/lib/python3.12/site-packages/airflow/example_dags/example_sensor_decorator.py took 0.052 seconds
[2025-06-12T18:48:12.952+0200] {processor.py:161} INFO - Started process (PID=401518) to work on /home/leoja/airflow/airflow_venv/lib/python3.12/site-packages/airflow/example_dags/example_sensor_decorator.py
[2025-06-12T18:48:12.954+0200] {processor.py:830} INFO - Processing file /home/leoja/airflow/airflow_venv/lib/python3.12/site-packages/airflow/example_dags/example_sensor_decorator.py for tasks to queue
[2025-06-12T18:48:12.955+0200] {logging_mixin.py:188} INFO - [2025-06-12T18:48:12.955+0200] {dagbag.py:540} INFO - Filling up the DagBag from /home/leoja/airflow/airflow_venv/lib/python3.12/site-packages/airflow/example_dags/example_sensor_decorator.py
[2025-06-12T18:48:12.960+0200] {processor.py:840} INFO - DAG(s) 'example_sensor_decorator' retrieved from /home/leoja/airflow/airflow_venv/lib/python3.12/site-packages/airflow/example_dags/example_sensor_decorator.py
[2025-06-12T18:48:12.970+0200] {logging_mixin.py:188} INFO - [2025-06-12T18:48:12.970+0200] {dag.py:3096} INFO - Sync 1 DAGs
[2025-06-12T18:48:12.978+0200] {logging_mixin.py:188} INFO - [2025-06-12T18:48:12.977+0200] {dag.py:3954} INFO - Setting next_dagrun for example_sensor_decorator to None, run_after=None
[2025-06-12T18:48:12.995+0200] {processor.py:183} INFO - Processing /home/leoja/airflow/airflow_venv/lib/python3.12/site-packages/airflow/example_dags/example_sensor_decorator.py took 0.048 seconds
[2025-06-12T18:48:58.435+0200] {processor.py:161} INFO - Started process (PID=401900) to work on /home/leoja/airflow/airflow_venv/lib/python3.12/site-packages/airflow/example_dags/example_sensor_decorator.py
[2025-06-12T18:48:58.437+0200] {processor.py:830} INFO - Processing file /home/leoja/airflow/airflow_venv/lib/python3.12/site-packages/airflow/example_dags/example_sensor_decorator.py for tasks to queue
[2025-06-12T18:48:58.438+0200] {logging_mixin.py:188} INFO - [2025-06-12T18:48:58.438+0200] {dagbag.py:540} INFO - Filling up the DagBag from /home/leoja/airflow/airflow_venv/lib/python3.12/site-packages/airflow/example_dags/example_sensor_decorator.py
[2025-06-12T18:48:58.444+0200] {processor.py:840} INFO - DAG(s) 'example_sensor_decorator' retrieved from /home/leoja/airflow/airflow_venv/lib/python3.12/site-packages/airflow/example_dags/example_sensor_decorator.py
[2025-06-12T18:48:58.455+0200] {logging_mixin.py:188} INFO - [2025-06-12T18:48:58.455+0200] {dag.py:3096} INFO - Sync 1 DAGs
[2025-06-12T18:48:58.464+0200] {logging_mixin.py:188} INFO - [2025-06-12T18:48:58.464+0200] {dag.py:3954} INFO - Setting next_dagrun for example_sensor_decorator to None, run_after=None
[2025-06-12T18:48:58.484+0200] {processor.py:183} INFO - Processing /home/leoja/airflow/airflow_venv/lib/python3.12/site-packages/airflow/example_dags/example_sensor_decorator.py took 0.054 seconds
[2025-06-12T18:49:59.698+0200] {processor.py:161} INFO - Started process (PID=402231) to work on /home/leoja/airflow/airflow_venv/lib/python3.12/site-packages/airflow/example_dags/example_sensor_decorator.py
[2025-06-12T18:49:59.700+0200] {processor.py:830} INFO - Processing file /home/leoja/airflow/airflow_venv/lib/python3.12/site-packages/airflow/example_dags/example_sensor_decorator.py for tasks to queue
[2025-06-12T18:49:59.701+0200] {logging_mixin.py:188} INFO - [2025-06-12T18:49:59.701+0200] {dagbag.py:540} INFO - Filling up the DagBag from /home/leoja/airflow/airflow_venv/lib/python3.12/site-packages/airflow/example_dags/example_sensor_decorator.py
[2025-06-12T18:49:59.708+0200] {processor.py:840} INFO - DAG(s) 'example_sensor_decorator' retrieved from /home/leoja/airflow/airflow_venv/lib/python3.12/site-packages/airflow/example_dags/example_sensor_decorator.py
[2025-06-12T18:49:59.722+0200] {logging_mixin.py:188} INFO - [2025-06-12T18:49:59.722+0200] {dag.py:3096} INFO - Sync 1 DAGs
[2025-06-12T18:49:59.730+0200] {logging_mixin.py:188} INFO - [2025-06-12T18:49:59.729+0200] {dag.py:3954} INFO - Setting next_dagrun for example_sensor_decorator to None, run_after=None
[2025-06-12T18:49:59.749+0200] {processor.py:183} INFO - Processing /home/leoja/airflow/airflow_venv/lib/python3.12/site-packages/airflow/example_dags/example_sensor_decorator.py took 0.055 seconds
[2025-06-12T18:50:48.117+0200] {processor.py:161} INFO - Started process (PID=402621) to work on /home/leoja/airflow/airflow_venv/lib/python3.12/site-packages/airflow/example_dags/example_sensor_decorator.py
[2025-06-12T18:50:48.119+0200] {processor.py:830} INFO - Processing file /home/leoja/airflow/airflow_venv/lib/python3.12/site-packages/airflow/example_dags/example_sensor_decorator.py for tasks to queue
[2025-06-12T18:50:48.121+0200] {logging_mixin.py:188} INFO - [2025-06-12T18:50:48.121+0200] {dagbag.py:540} INFO - Filling up the DagBag from /home/leoja/airflow/airflow_venv/lib/python3.12/site-packages/airflow/example_dags/example_sensor_decorator.py
[2025-06-12T18:50:48.130+0200] {processor.py:840} INFO - DAG(s) 'example_sensor_decorator' retrieved from /home/leoja/airflow/airflow_venv/lib/python3.12/site-packages/airflow/example_dags/example_sensor_decorator.py
[2025-06-12T18:50:48.147+0200] {logging_mixin.py:188} INFO - [2025-06-12T18:50:48.146+0200] {dag.py:3096} INFO - Sync 1 DAGs
[2025-06-12T18:50:48.158+0200] {logging_mixin.py:188} INFO - [2025-06-12T18:50:48.157+0200] {dag.py:3954} INFO - Setting next_dagrun for example_sensor_decorator to None, run_after=None
[2025-06-12T18:50:48.182+0200] {processor.py:183} INFO - Processing /home/leoja/airflow/airflow_venv/lib/python3.12/site-packages/airflow/example_dags/example_sensor_decorator.py took 0.073 seconds
[2025-06-12T18:51:38.002+0200] {processor.py:161} INFO - Started process (PID=403149) to work on /home/leoja/airflow/airflow_venv/lib/python3.12/site-packages/airflow/example_dags/example_sensor_decorator.py
[2025-06-12T18:51:38.003+0200] {processor.py:830} INFO - Processing file /home/leoja/airflow/airflow_venv/lib/python3.12/site-packages/airflow/example_dags/example_sensor_decorator.py for tasks to queue
[2025-06-12T18:51:38.006+0200] {logging_mixin.py:188} INFO - [2025-06-12T18:51:38.005+0200] {dagbag.py:540} INFO - Filling up the DagBag from /home/leoja/airflow/airflow_venv/lib/python3.12/site-packages/airflow/example_dags/example_sensor_decorator.py
[2025-06-12T18:51:38.013+0200] {processor.py:840} INFO - DAG(s) 'example_sensor_decorator' retrieved from /home/leoja/airflow/airflow_venv/lib/python3.12/site-packages/airflow/example_dags/example_sensor_decorator.py
[2025-06-12T18:51:38.026+0200] {logging_mixin.py:188} INFO - [2025-06-12T18:51:38.026+0200] {dag.py:3096} INFO - Sync 1 DAGs
[2025-06-12T18:51:38.035+0200] {logging_mixin.py:188} INFO - [2025-06-12T18:51:38.034+0200] {dag.py:3954} INFO - Setting next_dagrun for example_sensor_decorator to None, run_after=None
[2025-06-12T18:51:38.054+0200] {processor.py:183} INFO - Processing /home/leoja/airflow/airflow_venv/lib/python3.12/site-packages/airflow/example_dags/example_sensor_decorator.py took 0.056 seconds
[2025-06-12T18:52:25.235+0200] {processor.py:161} INFO - Started process (PID=403369) to work on /home/leoja/airflow/airflow_venv/lib/python3.12/site-packages/airflow/example_dags/example_sensor_decorator.py
[2025-06-12T18:52:25.236+0200] {processor.py:830} INFO - Processing file /home/leoja/airflow/airflow_venv/lib/python3.12/site-packages/airflow/example_dags/example_sensor_decorator.py for tasks to queue
[2025-06-12T18:52:25.238+0200] {logging_mixin.py:188} INFO - [2025-06-12T18:52:25.238+0200] {dagbag.py:540} INFO - Filling up the DagBag from /home/leoja/airflow/airflow_venv/lib/python3.12/site-packages/airflow/example_dags/example_sensor_decorator.py
[2025-06-12T18:52:25.244+0200] {processor.py:840} INFO - DAG(s) 'example_sensor_decorator' retrieved from /home/leoja/airflow/airflow_venv/lib/python3.12/site-packages/airflow/example_dags/example_sensor_decorator.py
[2025-06-12T18:52:25.259+0200] {logging_mixin.py:188} INFO - [2025-06-12T18:52:25.259+0200] {dag.py:3096} INFO - Sync 1 DAGs
[2025-06-12T18:52:25.271+0200] {logging_mixin.py:188} INFO - [2025-06-12T18:52:25.271+0200] {dag.py:3954} INFO - Setting next_dagrun for example_sensor_decorator to None, run_after=None
[2025-06-12T18:52:25.293+0200] {processor.py:183} INFO - Processing /home/leoja/airflow/airflow_venv/lib/python3.12/site-packages/airflow/example_dags/example_sensor_decorator.py took 0.063 seconds
[2025-06-12T18:53:14.812+0200] {processor.py:161} INFO - Started process (PID=403660) to work on /home/leoja/airflow/airflow_venv/lib/python3.12/site-packages/airflow/example_dags/example_sensor_decorator.py
[2025-06-12T18:53:14.814+0200] {processor.py:830} INFO - Processing file /home/leoja/airflow/airflow_venv/lib/python3.12/site-packages/airflow/example_dags/example_sensor_decorator.py for tasks to queue
[2025-06-12T18:53:14.815+0200] {logging_mixin.py:188} INFO - [2025-06-12T18:53:14.815+0200] {dagbag.py:540} INFO - Filling up the DagBag from /home/leoja/airflow/airflow_venv/lib/python3.12/site-packages/airflow/example_dags/example_sensor_decorator.py
[2025-06-12T18:53:14.820+0200] {processor.py:840} INFO - DAG(s) 'example_sensor_decorator' retrieved from /home/leoja/airflow/airflow_venv/lib/python3.12/site-packages/airflow/example_dags/example_sensor_decorator.py
[2025-06-12T18:53:14.831+0200] {logging_mixin.py:188} INFO - [2025-06-12T18:53:14.831+0200] {dag.py:3096} INFO - Sync 1 DAGs
[2025-06-12T18:53:14.839+0200] {logging_mixin.py:188} INFO - [2025-06-12T18:53:14.839+0200] {dag.py:3954} INFO - Setting next_dagrun for example_sensor_decorator to None, run_after=None
[2025-06-12T18:53:14.858+0200] {processor.py:183} INFO - Processing /home/leoja/airflow/airflow_venv/lib/python3.12/site-packages/airflow/example_dags/example_sensor_decorator.py took 0.050 seconds
[2025-06-12T18:54:02.799+0200] {processor.py:161} INFO - Started process (PID=403913) to work on /home/leoja/airflow/airflow_venv/lib/python3.12/site-packages/airflow/example_dags/example_sensor_decorator.py
[2025-06-12T18:54:02.801+0200] {processor.py:830} INFO - Processing file /home/leoja/airflow/airflow_venv/lib/python3.12/site-packages/airflow/example_dags/example_sensor_decorator.py for tasks to queue
[2025-06-12T18:54:02.806+0200] {logging_mixin.py:188} INFO - [2025-06-12T18:54:02.805+0200] {dagbag.py:540} INFO - Filling up the DagBag from /home/leoja/airflow/airflow_venv/lib/python3.12/site-packages/airflow/example_dags/example_sensor_decorator.py
[2025-06-12T18:54:02.814+0200] {processor.py:840} INFO - DAG(s) 'example_sensor_decorator' retrieved from /home/leoja/airflow/airflow_venv/lib/python3.12/site-packages/airflow/example_dags/example_sensor_decorator.py
[2025-06-12T18:54:02.828+0200] {logging_mixin.py:188} INFO - [2025-06-12T18:54:02.827+0200] {dag.py:3096} INFO - Sync 1 DAGs
[2025-06-12T18:54:02.836+0200] {logging_mixin.py:188} INFO - [2025-06-12T18:54:02.835+0200] {dag.py:3954} INFO - Setting next_dagrun for example_sensor_decorator to None, run_after=None
[2025-06-12T18:54:02.943+0200] {processor.py:183} INFO - Processing /home/leoja/airflow/airflow_venv/lib/python3.12/site-packages/airflow/example_dags/example_sensor_decorator.py took 0.153 seconds
[2025-06-12T18:54:48.879+0200] {processor.py:161} INFO - Started process (PID=404158) to work on /home/leoja/airflow/airflow_venv/lib/python3.12/site-packages/airflow/example_dags/example_sensor_decorator.py
[2025-06-12T18:54:48.880+0200] {processor.py:830} INFO - Processing file /home/leoja/airflow/airflow_venv/lib/python3.12/site-packages/airflow/example_dags/example_sensor_decorator.py for tasks to queue
[2025-06-12T18:54:48.882+0200] {logging_mixin.py:188} INFO - [2025-06-12T18:54:48.881+0200] {dagbag.py:540} INFO - Filling up the DagBag from /home/leoja/airflow/airflow_venv/lib/python3.12/site-packages/airflow/example_dags/example_sensor_decorator.py
[2025-06-12T18:54:48.886+0200] {processor.py:840} INFO - DAG(s) 'example_sensor_decorator' retrieved from /home/leoja/airflow/airflow_venv/lib/python3.12/site-packages/airflow/example_dags/example_sensor_decorator.py
[2025-06-12T18:54:48.897+0200] {logging_mixin.py:188} INFO - [2025-06-12T18:54:48.897+0200] {dag.py:3096} INFO - Sync 1 DAGs
[2025-06-12T18:54:48.904+0200] {logging_mixin.py:188} INFO - [2025-06-12T18:54:48.903+0200] {dag.py:3954} INFO - Setting next_dagrun for example_sensor_decorator to None, run_after=None
[2025-06-12T18:54:48.924+0200] {processor.py:183} INFO - Processing /home/leoja/airflow/airflow_venv/lib/python3.12/site-packages/airflow/example_dags/example_sensor_decorator.py took 0.049 seconds
[2025-06-12T18:55:38.531+0200] {processor.py:161} INFO - Started process (PID=404330) to work on /home/leoja/airflow/airflow_venv/lib/python3.12/site-packages/airflow/example_dags/example_sensor_decorator.py
[2025-06-12T18:55:38.533+0200] {processor.py:830} INFO - Processing file /home/leoja/airflow/airflow_venv/lib/python3.12/site-packages/airflow/example_dags/example_sensor_decorator.py for tasks to queue
[2025-06-12T18:55:38.534+0200] {logging_mixin.py:188} INFO - [2025-06-12T18:55:38.533+0200] {dagbag.py:540} INFO - Filling up the DagBag from /home/leoja/airflow/airflow_venv/lib/python3.12/site-packages/airflow/example_dags/example_sensor_decorator.py
[2025-06-12T18:55:38.540+0200] {processor.py:840} INFO - DAG(s) 'example_sensor_decorator' retrieved from /home/leoja/airflow/airflow_venv/lib/python3.12/site-packages/airflow/example_dags/example_sensor_decorator.py
[2025-06-12T18:55:38.550+0200] {logging_mixin.py:188} INFO - [2025-06-12T18:55:38.550+0200] {dag.py:3096} INFO - Sync 1 DAGs
[2025-06-12T18:55:38.558+0200] {logging_mixin.py:188} INFO - [2025-06-12T18:55:38.558+0200] {dag.py:3954} INFO - Setting next_dagrun for example_sensor_decorator to None, run_after=None
[2025-06-12T18:55:38.578+0200] {processor.py:183} INFO - Processing /home/leoja/airflow/airflow_venv/lib/python3.12/site-packages/airflow/example_dags/example_sensor_decorator.py took 0.052 seconds
[2025-06-12T18:56:31.091+0200] {processor.py:161} INFO - Started process (PID=404513) to work on /home/leoja/airflow/airflow_venv/lib/python3.12/site-packages/airflow/example_dags/example_sensor_decorator.py
[2025-06-12T18:56:31.093+0200] {processor.py:830} INFO - Processing file /home/leoja/airflow/airflow_venv/lib/python3.12/site-packages/airflow/example_dags/example_sensor_decorator.py for tasks to queue
[2025-06-12T18:56:31.095+0200] {logging_mixin.py:188} INFO - [2025-06-12T18:56:31.094+0200] {dagbag.py:540} INFO - Filling up the DagBag from /home/leoja/airflow/airflow_venv/lib/python3.12/site-packages/airflow/example_dags/example_sensor_decorator.py
[2025-06-12T18:56:31.183+0200] {processor.py:840} INFO - DAG(s) 'example_sensor_decorator' retrieved from /home/leoja/airflow/airflow_venv/lib/python3.12/site-packages/airflow/example_dags/example_sensor_decorator.py
[2025-06-12T18:56:31.192+0200] {logging_mixin.py:188} INFO - [2025-06-12T18:56:31.191+0200] {dag.py:3096} INFO - Sync 1 DAGs
[2025-06-12T18:56:31.198+0200] {logging_mixin.py:188} INFO - [2025-06-12T18:56:31.198+0200] {dag.py:3954} INFO - Setting next_dagrun for example_sensor_decorator to None, run_after=None
[2025-06-12T18:56:31.216+0200] {processor.py:183} INFO - Processing /home/leoja/airflow/airflow_venv/lib/python3.12/site-packages/airflow/example_dags/example_sensor_decorator.py took 0.130 seconds
[2025-06-12T18:57:17.646+0200] {processor.py:161} INFO - Started process (PID=404675) to work on /home/leoja/airflow/airflow_venv/lib/python3.12/site-packages/airflow/example_dags/example_sensor_decorator.py
[2025-06-12T18:57:17.648+0200] {processor.py:830} INFO - Processing file /home/leoja/airflow/airflow_venv/lib/python3.12/site-packages/airflow/example_dags/example_sensor_decorator.py for tasks to queue
[2025-06-12T18:57:17.650+0200] {logging_mixin.py:188} INFO - [2025-06-12T18:57:17.650+0200] {dagbag.py:540} INFO - Filling up the DagBag from /home/leoja/airflow/airflow_venv/lib/python3.12/site-packages/airflow/example_dags/example_sensor_decorator.py
[2025-06-12T18:57:17.655+0200] {processor.py:840} INFO - DAG(s) 'example_sensor_decorator' retrieved from /home/leoja/airflow/airflow_venv/lib/python3.12/site-packages/airflow/example_dags/example_sensor_decorator.py
[2025-06-12T18:57:17.667+0200] {logging_mixin.py:188} INFO - [2025-06-12T18:57:17.667+0200] {dag.py:3096} INFO - Sync 1 DAGs
[2025-06-12T18:57:17.680+0200] {logging_mixin.py:188} INFO - [2025-06-12T18:57:17.680+0200] {dag.py:3954} INFO - Setting next_dagrun for example_sensor_decorator to None, run_after=None
[2025-06-12T18:57:17.702+0200] {processor.py:183} INFO - Processing /home/leoja/airflow/airflow_venv/lib/python3.12/site-packages/airflow/example_dags/example_sensor_decorator.py took 0.062 seconds
[2025-06-12T18:58:02.425+0200] {processor.py:161} INFO - Started process (PID=404923) to work on /home/leoja/airflow/airflow_venv/lib/python3.12/site-packages/airflow/example_dags/example_sensor_decorator.py
[2025-06-12T18:58:02.427+0200] {processor.py:830} INFO - Processing file /home/leoja/airflow/airflow_venv/lib/python3.12/site-packages/airflow/example_dags/example_sensor_decorator.py for tasks to queue
[2025-06-12T18:58:02.428+0200] {logging_mixin.py:188} INFO - [2025-06-12T18:58:02.428+0200] {dagbag.py:540} INFO - Filling up the DagBag from /home/leoja/airflow/airflow_venv/lib/python3.12/site-packages/airflow/example_dags/example_sensor_decorator.py
[2025-06-12T18:58:02.433+0200] {processor.py:840} INFO - DAG(s) 'example_sensor_decorator' retrieved from /home/leoja/airflow/airflow_venv/lib/python3.12/site-packages/airflow/example_dags/example_sensor_decorator.py
[2025-06-12T18:58:02.444+0200] {logging_mixin.py:188} INFO - [2025-06-12T18:58:02.444+0200] {dag.py:3096} INFO - Sync 1 DAGs
[2025-06-12T18:58:02.451+0200] {logging_mixin.py:188} INFO - [2025-06-12T18:58:02.451+0200] {dag.py:3954} INFO - Setting next_dagrun for example_sensor_decorator to None, run_after=None
[2025-06-12T18:58:02.471+0200] {processor.py:183} INFO - Processing /home/leoja/airflow/airflow_venv/lib/python3.12/site-packages/airflow/example_dags/example_sensor_decorator.py took 0.050 seconds
[2025-06-12T18:58:45.723+0200] {processor.py:161} INFO - Started process (PID=405164) to work on /home/leoja/airflow/airflow_venv/lib/python3.12/site-packages/airflow/example_dags/example_sensor_decorator.py
[2025-06-12T18:58:45.725+0200] {processor.py:830} INFO - Processing file /home/leoja/airflow/airflow_venv/lib/python3.12/site-packages/airflow/example_dags/example_sensor_decorator.py for tasks to queue
[2025-06-12T18:58:45.727+0200] {logging_mixin.py:188} INFO - [2025-06-12T18:58:45.727+0200] {dagbag.py:540} INFO - Filling up the DagBag from /home/leoja/airflow/airflow_venv/lib/python3.12/site-packages/airflow/example_dags/example_sensor_decorator.py
[2025-06-12T18:58:45.737+0200] {processor.py:840} INFO - DAG(s) 'example_sensor_decorator' retrieved from /home/leoja/airflow/airflow_venv/lib/python3.12/site-packages/airflow/example_dags/example_sensor_decorator.py
[2025-06-12T18:58:45.751+0200] {logging_mixin.py:188} INFO - [2025-06-12T18:58:45.751+0200] {dag.py:3096} INFO - Sync 1 DAGs
[2025-06-12T18:58:45.763+0200] {logging_mixin.py:188} INFO - [2025-06-12T18:58:45.763+0200] {dag.py:3954} INFO - Setting next_dagrun for example_sensor_decorator to None, run_after=None
[2025-06-12T18:58:45.794+0200] {processor.py:183} INFO - Processing /home/leoja/airflow/airflow_venv/lib/python3.12/site-packages/airflow/example_dags/example_sensor_decorator.py took 0.078 seconds
[2025-06-12T18:59:30.175+0200] {processor.py:161} INFO - Started process (PID=405415) to work on /home/leoja/airflow/airflow_venv/lib/python3.12/site-packages/airflow/example_dags/example_sensor_decorator.py
[2025-06-12T18:59:30.177+0200] {processor.py:830} INFO - Processing file /home/leoja/airflow/airflow_venv/lib/python3.12/site-packages/airflow/example_dags/example_sensor_decorator.py for tasks to queue
[2025-06-12T18:59:30.179+0200] {logging_mixin.py:188} INFO - [2025-06-12T18:59:30.178+0200] {dagbag.py:540} INFO - Filling up the DagBag from /home/leoja/airflow/airflow_venv/lib/python3.12/site-packages/airflow/example_dags/example_sensor_decorator.py
[2025-06-12T18:59:30.183+0200] {processor.py:840} INFO - DAG(s) 'example_sensor_decorator' retrieved from /home/leoja/airflow/airflow_venv/lib/python3.12/site-packages/airflow/example_dags/example_sensor_decorator.py
[2025-06-12T18:59:30.194+0200] {logging_mixin.py:188} INFO - [2025-06-12T18:59:30.193+0200] {dag.py:3096} INFO - Sync 1 DAGs
[2025-06-12T18:59:30.201+0200] {logging_mixin.py:188} INFO - [2025-06-12T18:59:30.200+0200] {dag.py:3954} INFO - Setting next_dagrun for example_sensor_decorator to None, run_after=None
[2025-06-12T18:59:30.220+0200] {processor.py:183} INFO - Processing /home/leoja/airflow/airflow_venv/lib/python3.12/site-packages/airflow/example_dags/example_sensor_decorator.py took 0.049 seconds
[2025-06-12T19:00:18.155+0200] {processor.py:161} INFO - Started process (PID=405685) to work on /home/leoja/airflow/airflow_venv/lib/python3.12/site-packages/airflow/example_dags/example_sensor_decorator.py
[2025-06-12T19:00:18.156+0200] {processor.py:830} INFO - Processing file /home/leoja/airflow/airflow_venv/lib/python3.12/site-packages/airflow/example_dags/example_sensor_decorator.py for tasks to queue
[2025-06-12T19:00:18.158+0200] {logging_mixin.py:188} INFO - [2025-06-12T19:00:18.157+0200] {dagbag.py:540} INFO - Filling up the DagBag from /home/leoja/airflow/airflow_venv/lib/python3.12/site-packages/airflow/example_dags/example_sensor_decorator.py
[2025-06-12T19:00:18.162+0200] {processor.py:840} INFO - DAG(s) 'example_sensor_decorator' retrieved from /home/leoja/airflow/airflow_venv/lib/python3.12/site-packages/airflow/example_dags/example_sensor_decorator.py
[2025-06-12T19:00:18.173+0200] {logging_mixin.py:188} INFO - [2025-06-12T19:00:18.173+0200] {dag.py:3096} INFO - Sync 1 DAGs
[2025-06-12T19:00:18.180+0200] {logging_mixin.py:188} INFO - [2025-06-12T19:00:18.180+0200] {dag.py:3954} INFO - Setting next_dagrun for example_sensor_decorator to None, run_after=None
[2025-06-12T19:00:18.202+0200] {processor.py:183} INFO - Processing /home/leoja/airflow/airflow_venv/lib/python3.12/site-packages/airflow/example_dags/example_sensor_decorator.py took 0.051 seconds
[2025-06-12T19:01:02.982+0200] {processor.py:161} INFO - Started process (PID=405926) to work on /home/leoja/airflow/airflow_venv/lib/python3.12/site-packages/airflow/example_dags/example_sensor_decorator.py
[2025-06-12T19:01:02.984+0200] {processor.py:830} INFO - Processing file /home/leoja/airflow/airflow_venv/lib/python3.12/site-packages/airflow/example_dags/example_sensor_decorator.py for tasks to queue
[2025-06-12T19:01:02.985+0200] {logging_mixin.py:188} INFO - [2025-06-12T19:01:02.985+0200] {dagbag.py:540} INFO - Filling up the DagBag from /home/leoja/airflow/airflow_venv/lib/python3.12/site-packages/airflow/example_dags/example_sensor_decorator.py
[2025-06-12T19:01:02.989+0200] {processor.py:840} INFO - DAG(s) 'example_sensor_decorator' retrieved from /home/leoja/airflow/airflow_venv/lib/python3.12/site-packages/airflow/example_dags/example_sensor_decorator.py
[2025-06-12T19:01:03.000+0200] {logging_mixin.py:188} INFO - [2025-06-12T19:01:03.000+0200] {dag.py:3096} INFO - Sync 1 DAGs
[2025-06-12T19:01:03.007+0200] {logging_mixin.py:188} INFO - [2025-06-12T19:01:03.007+0200] {dag.py:3954} INFO - Setting next_dagrun for example_sensor_decorator to None, run_after=None
[2025-06-12T19:01:03.030+0200] {processor.py:183} INFO - Processing /home/leoja/airflow/airflow_venv/lib/python3.12/site-packages/airflow/example_dags/example_sensor_decorator.py took 0.053 seconds
[2025-06-12T19:01:46.948+0200] {processor.py:161} INFO - Started process (PID=406199) to work on /home/leoja/airflow/airflow_venv/lib/python3.12/site-packages/airflow/example_dags/example_sensor_decorator.py
[2025-06-12T19:01:46.949+0200] {processor.py:830} INFO - Processing file /home/leoja/airflow/airflow_venv/lib/python3.12/site-packages/airflow/example_dags/example_sensor_decorator.py for tasks to queue
[2025-06-12T19:01:46.951+0200] {logging_mixin.py:188} INFO - [2025-06-12T19:01:46.950+0200] {dagbag.py:540} INFO - Filling up the DagBag from /home/leoja/airflow/airflow_venv/lib/python3.12/site-packages/airflow/example_dags/example_sensor_decorator.py
[2025-06-12T19:01:46.957+0200] {processor.py:840} INFO - DAG(s) 'example_sensor_decorator' retrieved from /home/leoja/airflow/airflow_venv/lib/python3.12/site-packages/airflow/example_dags/example_sensor_decorator.py
[2025-06-12T19:01:46.969+0200] {logging_mixin.py:188} INFO - [2025-06-12T19:01:46.968+0200] {dag.py:3096} INFO - Sync 1 DAGs
[2025-06-12T19:01:46.978+0200] {logging_mixin.py:188} INFO - [2025-06-12T19:01:46.978+0200] {dag.py:3954} INFO - Setting next_dagrun for example_sensor_decorator to None, run_after=None
[2025-06-12T19:01:46.996+0200] {processor.py:183} INFO - Processing /home/leoja/airflow/airflow_venv/lib/python3.12/site-packages/airflow/example_dags/example_sensor_decorator.py took 0.053 seconds
[2025-06-12T19:02:31.840+0200] {processor.py:161} INFO - Started process (PID=406456) to work on /home/leoja/airflow/airflow_venv/lib/python3.12/site-packages/airflow/example_dags/example_sensor_decorator.py
[2025-06-12T19:02:31.842+0200] {processor.py:830} INFO - Processing file /home/leoja/airflow/airflow_venv/lib/python3.12/site-packages/airflow/example_dags/example_sensor_decorator.py for tasks to queue
[2025-06-12T19:02:31.844+0200] {logging_mixin.py:188} INFO - [2025-06-12T19:02:31.843+0200] {dagbag.py:540} INFO - Filling up the DagBag from /home/leoja/airflow/airflow_venv/lib/python3.12/site-packages/airflow/example_dags/example_sensor_decorator.py
[2025-06-12T19:02:31.849+0200] {processor.py:840} INFO - DAG(s) 'example_sensor_decorator' retrieved from /home/leoja/airflow/airflow_venv/lib/python3.12/site-packages/airflow/example_dags/example_sensor_decorator.py
[2025-06-12T19:02:31.861+0200] {logging_mixin.py:188} INFO - [2025-06-12T19:02:31.861+0200] {dag.py:3096} INFO - Sync 1 DAGs
[2025-06-12T19:02:31.869+0200] {logging_mixin.py:188} INFO - [2025-06-12T19:02:31.869+0200] {dag.py:3954} INFO - Setting next_dagrun for example_sensor_decorator to None, run_after=None
[2025-06-12T19:02:31.888+0200] {processor.py:183} INFO - Processing /home/leoja/airflow/airflow_venv/lib/python3.12/site-packages/airflow/example_dags/example_sensor_decorator.py took 0.053 seconds
[2025-06-12T19:03:19.555+0200] {processor.py:161} INFO - Started process (PID=406710) to work on /home/leoja/airflow/airflow_venv/lib/python3.12/site-packages/airflow/example_dags/example_sensor_decorator.py
[2025-06-12T19:03:19.556+0200] {processor.py:830} INFO - Processing file /home/leoja/airflow/airflow_venv/lib/python3.12/site-packages/airflow/example_dags/example_sensor_decorator.py for tasks to queue
[2025-06-12T19:03:19.558+0200] {logging_mixin.py:188} INFO - [2025-06-12T19:03:19.557+0200] {dagbag.py:540} INFO - Filling up the DagBag from /home/leoja/airflow/airflow_venv/lib/python3.12/site-packages/airflow/example_dags/example_sensor_decorator.py
[2025-06-12T19:03:19.562+0200] {processor.py:840} INFO - DAG(s) 'example_sensor_decorator' retrieved from /home/leoja/airflow/airflow_venv/lib/python3.12/site-packages/airflow/example_dags/example_sensor_decorator.py
[2025-06-12T19:03:19.575+0200] {logging_mixin.py:188} INFO - [2025-06-12T19:03:19.574+0200] {dag.py:3096} INFO - Sync 1 DAGs
[2025-06-12T19:03:19.582+0200] {logging_mixin.py:188} INFO - [2025-06-12T19:03:19.582+0200] {dag.py:3954} INFO - Setting next_dagrun for example_sensor_decorator to None, run_after=None
[2025-06-12T19:03:19.603+0200] {processor.py:183} INFO - Processing /home/leoja/airflow/airflow_venv/lib/python3.12/site-packages/airflow/example_dags/example_sensor_decorator.py took 0.054 seconds
[2025-06-12T19:04:06.326+0200] {processor.py:161} INFO - Started process (PID=406994) to work on /home/leoja/airflow/airflow_venv/lib/python3.12/site-packages/airflow/example_dags/example_sensor_decorator.py
[2025-06-12T19:04:06.328+0200] {processor.py:830} INFO - Processing file /home/leoja/airflow/airflow_venv/lib/python3.12/site-packages/airflow/example_dags/example_sensor_decorator.py for tasks to queue
[2025-06-12T19:04:06.330+0200] {logging_mixin.py:188} INFO - [2025-06-12T19:04:06.330+0200] {dagbag.py:540} INFO - Filling up the DagBag from /home/leoja/airflow/airflow_venv/lib/python3.12/site-packages/airflow/example_dags/example_sensor_decorator.py
[2025-06-12T19:04:06.336+0200] {processor.py:840} INFO - DAG(s) 'example_sensor_decorator' retrieved from /home/leoja/airflow/airflow_venv/lib/python3.12/site-packages/airflow/example_dags/example_sensor_decorator.py
[2025-06-12T19:04:06.353+0200] {logging_mixin.py:188} INFO - [2025-06-12T19:04:06.352+0200] {dag.py:3096} INFO - Sync 1 DAGs
[2025-06-12T19:04:06.364+0200] {logging_mixin.py:188} INFO - [2025-06-12T19:04:06.364+0200] {dag.py:3954} INFO - Setting next_dagrun for example_sensor_decorator to None, run_after=None
[2025-06-12T19:04:06.390+0200] {processor.py:183} INFO - Processing /home/leoja/airflow/airflow_venv/lib/python3.12/site-packages/airflow/example_dags/example_sensor_decorator.py took 0.069 seconds
[2025-06-12T19:04:49.896+0200] {processor.py:161} INFO - Started process (PID=407245) to work on /home/leoja/airflow/airflow_venv/lib/python3.12/site-packages/airflow/example_dags/example_sensor_decorator.py
[2025-06-12T19:04:49.897+0200] {processor.py:830} INFO - Processing file /home/leoja/airflow/airflow_venv/lib/python3.12/site-packages/airflow/example_dags/example_sensor_decorator.py for tasks to queue
[2025-06-12T19:04:49.899+0200] {logging_mixin.py:188} INFO - [2025-06-12T19:04:49.899+0200] {dagbag.py:540} INFO - Filling up the DagBag from /home/leoja/airflow/airflow_venv/lib/python3.12/site-packages/airflow/example_dags/example_sensor_decorator.py
[2025-06-12T19:04:49.905+0200] {processor.py:840} INFO - DAG(s) 'example_sensor_decorator' retrieved from /home/leoja/airflow/airflow_venv/lib/python3.12/site-packages/airflow/example_dags/example_sensor_decorator.py
[2025-06-12T19:04:49.917+0200] {logging_mixin.py:188} INFO - [2025-06-12T19:04:49.917+0200] {dag.py:3096} INFO - Sync 1 DAGs
[2025-06-12T19:04:49.924+0200] {logging_mixin.py:188} INFO - [2025-06-12T19:04:49.924+0200] {dag.py:3954} INFO - Setting next_dagrun for example_sensor_decorator to None, run_after=None
[2025-06-12T19:04:49.943+0200] {processor.py:183} INFO - Processing /home/leoja/airflow/airflow_venv/lib/python3.12/site-packages/airflow/example_dags/example_sensor_decorator.py took 0.052 seconds
[2025-06-12T19:05:31.428+0200] {processor.py:161} INFO - Started process (PID=407532) to work on /home/leoja/airflow/airflow_venv/lib/python3.12/site-packages/airflow/example_dags/example_sensor_decorator.py
[2025-06-12T19:05:31.429+0200] {processor.py:830} INFO - Processing file /home/leoja/airflow/airflow_venv/lib/python3.12/site-packages/airflow/example_dags/example_sensor_decorator.py for tasks to queue
[2025-06-12T19:05:31.430+0200] {logging_mixin.py:188} INFO - [2025-06-12T19:05:31.430+0200] {dagbag.py:540} INFO - Filling up the DagBag from /home/leoja/airflow/airflow_venv/lib/python3.12/site-packages/airflow/example_dags/example_sensor_decorator.py
[2025-06-12T19:05:31.436+0200] {processor.py:840} INFO - DAG(s) 'example_sensor_decorator' retrieved from /home/leoja/airflow/airflow_venv/lib/python3.12/site-packages/airflow/example_dags/example_sensor_decorator.py
[2025-06-12T19:05:31.448+0200] {logging_mixin.py:188} INFO - [2025-06-12T19:05:31.447+0200] {dag.py:3096} INFO - Sync 1 DAGs
[2025-06-12T19:05:31.456+0200] {logging_mixin.py:188} INFO - [2025-06-12T19:05:31.456+0200] {dag.py:3954} INFO - Setting next_dagrun for example_sensor_decorator to None, run_after=None
[2025-06-12T19:05:31.477+0200] {processor.py:183} INFO - Processing /home/leoja/airflow/airflow_venv/lib/python3.12/site-packages/airflow/example_dags/example_sensor_decorator.py took 0.055 seconds
