[2025-06-12T18:20:30.072+0200] {processor.py:161} INFO - Started process (PID=390636) to work on /home/leoja/airflow/airflow_venv/lib/python3.12/site-packages/airflow/example_dags/example_setup_teardown_taskflow.py
[2025-06-12T18:20:30.073+0200] {processor.py:830} INFO - Processing file /home/leoja/airflow/airflow_venv/lib/python3.12/site-packages/airflow/example_dags/example_setup_teardown_taskflow.py for tasks to queue
[2025-06-12T18:20:30.074+0200] {logging_mixin.py:188} INFO - [2025-06-12T18:20:30.074+0200] {dagbag.py:540} INFO - Filling up the DagBag from /home/leoja/airflow/airflow_venv/lib/python3.12/site-packages/airflow/example_dags/example_setup_teardown_taskflow.py
[2025-06-12T18:20:30.085+0200] {processor.py:840} INFO - DAG(s) 'example_setup_teardown_taskflow' retrieved from /home/leoja/airflow/airflow_venv/lib/python3.12/site-packages/airflow/example_dags/example_setup_teardown_taskflow.py
[2025-06-12T18:20:30.165+0200] {logging_mixin.py:188} INFO - [2025-06-12T18:20:30.164+0200] {dag.py:3096} INFO - Sync 1 DAGs
[2025-06-12T18:20:30.181+0200] {logging_mixin.py:188} INFO - [2025-06-12T18:20:30.180+0200] {dag.py:3954} INFO - Setting next_dagrun for example_setup_teardown_taskflow to 2025-06-11 00:00:00+00:00, run_after=2025-06-12 00:00:00+00:00
[2025-06-12T18:20:30.200+0200] {processor.py:183} INFO - Processing /home/leoja/airflow/airflow_venv/lib/python3.12/site-packages/airflow/example_dags/example_setup_teardown_taskflow.py took 0.133 seconds
[2025-06-12T18:21:28.422+0200] {processor.py:161} INFO - Started process (PID=391081) to work on /home/leoja/airflow/airflow_venv/lib/python3.12/site-packages/airflow/example_dags/example_setup_teardown_taskflow.py
[2025-06-12T18:21:28.423+0200] {processor.py:830} INFO - Processing file /home/leoja/airflow/airflow_venv/lib/python3.12/site-packages/airflow/example_dags/example_setup_teardown_taskflow.py for tasks to queue
[2025-06-12T18:21:28.425+0200] {logging_mixin.py:188} INFO - [2025-06-12T18:21:28.424+0200] {dagbag.py:540} INFO - Filling up the DagBag from /home/leoja/airflow/airflow_venv/lib/python3.12/site-packages/airflow/example_dags/example_setup_teardown_taskflow.py
[2025-06-12T18:21:28.431+0200] {processor.py:840} INFO - DAG(s) 'example_setup_teardown_taskflow' retrieved from /home/leoja/airflow/airflow_venv/lib/python3.12/site-packages/airflow/example_dags/example_setup_teardown_taskflow.py
[2025-06-12T18:21:28.442+0200] {logging_mixin.py:188} INFO - [2025-06-12T18:21:28.442+0200] {dag.py:3096} INFO - Sync 1 DAGs
[2025-06-12T18:21:28.457+0200] {logging_mixin.py:188} INFO - [2025-06-12T18:21:28.457+0200] {dag.py:3954} INFO - Setting next_dagrun for example_setup_teardown_taskflow to 2025-06-11 00:00:00+00:00, run_after=2025-06-12 00:00:00+00:00
[2025-06-12T18:21:28.479+0200] {processor.py:183} INFO - Processing /home/leoja/airflow/airflow_venv/lib/python3.12/site-packages/airflow/example_dags/example_setup_teardown_taskflow.py took 0.062 seconds
[2025-06-12T18:22:22.156+0200] {processor.py:161} INFO - Started process (PID=391952) to work on /home/leoja/airflow/airflow_venv/lib/python3.12/site-packages/airflow/example_dags/example_setup_teardown_taskflow.py
[2025-06-12T18:22:22.158+0200] {processor.py:830} INFO - Processing file /home/leoja/airflow/airflow_venv/lib/python3.12/site-packages/airflow/example_dags/example_setup_teardown_taskflow.py for tasks to queue
[2025-06-12T18:22:22.160+0200] {logging_mixin.py:188} INFO - [2025-06-12T18:22:22.160+0200] {dagbag.py:540} INFO - Filling up the DagBag from /home/leoja/airflow/airflow_venv/lib/python3.12/site-packages/airflow/example_dags/example_setup_teardown_taskflow.py
[2025-06-12T18:22:22.181+0200] {processor.py:840} INFO - DAG(s) 'example_setup_teardown_taskflow' retrieved from /home/leoja/airflow/airflow_venv/lib/python3.12/site-packages/airflow/example_dags/example_setup_teardown_taskflow.py
[2025-06-12T18:22:22.210+0200] {logging_mixin.py:188} INFO - [2025-06-12T18:22:22.199+0200] {dag.py:3096} INFO - Sync 1 DAGs
[2025-06-12T18:22:22.291+0200] {logging_mixin.py:188} INFO - [2025-06-12T18:22:22.291+0200] {dag.py:3954} INFO - Setting next_dagrun for example_setup_teardown_taskflow to 2025-06-11 00:00:00+00:00, run_after=2025-06-12 00:00:00+00:00
[2025-06-12T18:22:22.592+0200] {processor.py:183} INFO - Processing /home/leoja/airflow/airflow_venv/lib/python3.12/site-packages/airflow/example_dags/example_setup_teardown_taskflow.py took 0.448 seconds
[2025-06-12T18:23:13.908+0200] {processor.py:161} INFO - Started process (PID=392212) to work on /home/leoja/airflow/airflow_venv/lib/python3.12/site-packages/airflow/example_dags/example_setup_teardown_taskflow.py
[2025-06-12T18:23:13.910+0200] {processor.py:830} INFO - Processing file /home/leoja/airflow/airflow_venv/lib/python3.12/site-packages/airflow/example_dags/example_setup_teardown_taskflow.py for tasks to queue
[2025-06-12T18:23:13.911+0200] {logging_mixin.py:188} INFO - [2025-06-12T18:23:13.911+0200] {dagbag.py:540} INFO - Filling up the DagBag from /home/leoja/airflow/airflow_venv/lib/python3.12/site-packages/airflow/example_dags/example_setup_teardown_taskflow.py
[2025-06-12T18:23:13.917+0200] {processor.py:840} INFO - DAG(s) 'example_setup_teardown_taskflow' retrieved from /home/leoja/airflow/airflow_venv/lib/python3.12/site-packages/airflow/example_dags/example_setup_teardown_taskflow.py
[2025-06-12T18:23:13.929+0200] {logging_mixin.py:188} INFO - [2025-06-12T18:23:13.928+0200] {dag.py:3096} INFO - Sync 1 DAGs
[2025-06-12T18:23:13.940+0200] {logging_mixin.py:188} INFO - [2025-06-12T18:23:13.940+0200] {dag.py:3954} INFO - Setting next_dagrun for example_setup_teardown_taskflow to 2025-06-11 00:00:00+00:00, run_after=2025-06-12 00:00:00+00:00
[2025-06-12T18:23:13.958+0200] {processor.py:183} INFO - Processing /home/leoja/airflow/airflow_venv/lib/python3.12/site-packages/airflow/example_dags/example_setup_teardown_taskflow.py took 0.054 seconds
[2025-06-12T18:24:10.121+0200] {processor.py:161} INFO - Started process (PID=393038) to work on /home/leoja/airflow/airflow_venv/lib/python3.12/site-packages/airflow/example_dags/example_setup_teardown_taskflow.py
[2025-06-12T18:24:10.123+0200] {processor.py:830} INFO - Processing file /home/leoja/airflow/airflow_venv/lib/python3.12/site-packages/airflow/example_dags/example_setup_teardown_taskflow.py for tasks to queue
[2025-06-12T18:24:10.125+0200] {logging_mixin.py:188} INFO - [2025-06-12T18:24:10.124+0200] {dagbag.py:540} INFO - Filling up the DagBag from /home/leoja/airflow/airflow_venv/lib/python3.12/site-packages/airflow/example_dags/example_setup_teardown_taskflow.py
[2025-06-12T18:24:10.131+0200] {processor.py:840} INFO - DAG(s) 'example_setup_teardown_taskflow' retrieved from /home/leoja/airflow/airflow_venv/lib/python3.12/site-packages/airflow/example_dags/example_setup_teardown_taskflow.py
[2025-06-12T18:24:10.143+0200] {logging_mixin.py:188} INFO - [2025-06-12T18:24:10.143+0200] {dag.py:3096} INFO - Sync 1 DAGs
[2025-06-12T18:24:10.156+0200] {logging_mixin.py:188} INFO - [2025-06-12T18:24:10.155+0200] {dag.py:3954} INFO - Setting next_dagrun for example_setup_teardown_taskflow to 2025-06-11 00:00:00+00:00, run_after=2025-06-12 00:00:00+00:00
[2025-06-12T18:24:10.172+0200] {processor.py:183} INFO - Processing /home/leoja/airflow/airflow_venv/lib/python3.12/site-packages/airflow/example_dags/example_setup_teardown_taskflow.py took 0.056 seconds
[2025-06-12T18:25:02.345+0200] {processor.py:161} INFO - Started process (PID=393325) to work on /home/leoja/airflow/airflow_venv/lib/python3.12/site-packages/airflow/example_dags/example_setup_teardown_taskflow.py
[2025-06-12T18:25:02.347+0200] {processor.py:830} INFO - Processing file /home/leoja/airflow/airflow_venv/lib/python3.12/site-packages/airflow/example_dags/example_setup_teardown_taskflow.py for tasks to queue
[2025-06-12T18:25:02.349+0200] {logging_mixin.py:188} INFO - [2025-06-12T18:25:02.349+0200] {dagbag.py:540} INFO - Filling up the DagBag from /home/leoja/airflow/airflow_venv/lib/python3.12/site-packages/airflow/example_dags/example_setup_teardown_taskflow.py
[2025-06-12T18:25:02.361+0200] {processor.py:840} INFO - DAG(s) 'example_setup_teardown_taskflow' retrieved from /home/leoja/airflow/airflow_venv/lib/python3.12/site-packages/airflow/example_dags/example_setup_teardown_taskflow.py
[2025-06-12T18:25:02.380+0200] {logging_mixin.py:188} INFO - [2025-06-12T18:25:02.379+0200] {dag.py:3096} INFO - Sync 1 DAGs
[2025-06-12T18:25:02.400+0200] {logging_mixin.py:188} INFO - [2025-06-12T18:25:02.399+0200] {dag.py:3954} INFO - Setting next_dagrun for example_setup_teardown_taskflow to 2025-06-11 00:00:00+00:00, run_after=2025-06-12 00:00:00+00:00
[2025-06-12T18:25:02.427+0200] {processor.py:183} INFO - Processing /home/leoja/airflow/airflow_venv/lib/python3.12/site-packages/airflow/example_dags/example_setup_teardown_taskflow.py took 0.087 seconds
[2025-06-12T18:25:51.280+0200] {processor.py:161} INFO - Started process (PID=393557) to work on /home/leoja/airflow/airflow_venv/lib/python3.12/site-packages/airflow/example_dags/example_setup_teardown_taskflow.py
[2025-06-12T18:25:51.281+0200] {processor.py:830} INFO - Processing file /home/leoja/airflow/airflow_venv/lib/python3.12/site-packages/airflow/example_dags/example_setup_teardown_taskflow.py for tasks to queue
[2025-06-12T18:25:51.283+0200] {logging_mixin.py:188} INFO - [2025-06-12T18:25:51.283+0200] {dagbag.py:540} INFO - Filling up the DagBag from /home/leoja/airflow/airflow_venv/lib/python3.12/site-packages/airflow/example_dags/example_setup_teardown_taskflow.py
[2025-06-12T18:25:51.291+0200] {processor.py:840} INFO - DAG(s) 'example_setup_teardown_taskflow' retrieved from /home/leoja/airflow/airflow_venv/lib/python3.12/site-packages/airflow/example_dags/example_setup_teardown_taskflow.py
[2025-06-12T18:25:51.305+0200] {logging_mixin.py:188} INFO - [2025-06-12T18:25:51.304+0200] {dag.py:3096} INFO - Sync 1 DAGs
[2025-06-12T18:25:51.319+0200] {logging_mixin.py:188} INFO - [2025-06-12T18:25:51.319+0200] {dag.py:3954} INFO - Setting next_dagrun for example_setup_teardown_taskflow to 2025-06-11 00:00:00+00:00, run_after=2025-06-12 00:00:00+00:00
[2025-06-12T18:25:51.339+0200] {processor.py:183} INFO - Processing /home/leoja/airflow/airflow_venv/lib/python3.12/site-packages/airflow/example_dags/example_setup_teardown_taskflow.py took 0.063 seconds
[2025-06-12T18:26:38.248+0200] {processor.py:161} INFO - Started process (PID=393780) to work on /home/leoja/airflow/airflow_venv/lib/python3.12/site-packages/airflow/example_dags/example_setup_teardown_taskflow.py
[2025-06-12T18:26:38.251+0200] {processor.py:830} INFO - Processing file /home/leoja/airflow/airflow_venv/lib/python3.12/site-packages/airflow/example_dags/example_setup_teardown_taskflow.py for tasks to queue
[2025-06-12T18:26:38.255+0200] {logging_mixin.py:188} INFO - [2025-06-12T18:26:38.254+0200] {dagbag.py:540} INFO - Filling up the DagBag from /home/leoja/airflow/airflow_venv/lib/python3.12/site-packages/airflow/example_dags/example_setup_teardown_taskflow.py
[2025-06-12T18:26:38.267+0200] {processor.py:840} INFO - DAG(s) 'example_setup_teardown_taskflow' retrieved from /home/leoja/airflow/airflow_venv/lib/python3.12/site-packages/airflow/example_dags/example_setup_teardown_taskflow.py
[2025-06-12T18:26:38.302+0200] {logging_mixin.py:188} INFO - [2025-06-12T18:26:38.301+0200] {dag.py:3096} INFO - Sync 1 DAGs
[2025-06-12T18:26:38.349+0200] {logging_mixin.py:188} INFO - [2025-06-12T18:26:38.349+0200] {dag.py:3954} INFO - Setting next_dagrun for example_setup_teardown_taskflow to 2025-06-11 00:00:00+00:00, run_after=2025-06-12 00:00:00+00:00
[2025-06-12T18:26:38.383+0200] {processor.py:183} INFO - Processing /home/leoja/airflow/airflow_venv/lib/python3.12/site-packages/airflow/example_dags/example_setup_teardown_taskflow.py took 0.141 seconds
[2025-06-12T18:27:32.257+0200] {processor.py:161} INFO - Started process (PID=394091) to work on /home/leoja/airflow/airflow_venv/lib/python3.12/site-packages/airflow/example_dags/example_setup_teardown_taskflow.py
[2025-06-12T18:27:32.259+0200] {processor.py:830} INFO - Processing file /home/leoja/airflow/airflow_venv/lib/python3.12/site-packages/airflow/example_dags/example_setup_teardown_taskflow.py for tasks to queue
[2025-06-12T18:27:32.261+0200] {logging_mixin.py:188} INFO - [2025-06-12T18:27:32.260+0200] {dagbag.py:540} INFO - Filling up the DagBag from /home/leoja/airflow/airflow_venv/lib/python3.12/site-packages/airflow/example_dags/example_setup_teardown_taskflow.py
[2025-06-12T18:27:32.270+0200] {processor.py:840} INFO - DAG(s) 'example_setup_teardown_taskflow' retrieved from /home/leoja/airflow/airflow_venv/lib/python3.12/site-packages/airflow/example_dags/example_setup_teardown_taskflow.py
[2025-06-12T18:27:32.285+0200] {logging_mixin.py:188} INFO - [2025-06-12T18:27:32.285+0200] {dag.py:3096} INFO - Sync 1 DAGs
[2025-06-12T18:27:32.302+0200] {logging_mixin.py:188} INFO - [2025-06-12T18:27:32.302+0200] {dag.py:3954} INFO - Setting next_dagrun for example_setup_teardown_taskflow to 2025-06-11 00:00:00+00:00, run_after=2025-06-12 00:00:00+00:00
[2025-06-12T18:27:32.325+0200] {processor.py:183} INFO - Processing /home/leoja/airflow/airflow_venv/lib/python3.12/site-packages/airflow/example_dags/example_setup_teardown_taskflow.py took 0.073 seconds
[2025-06-12T18:28:27.821+0200] {processor.py:161} INFO - Started process (PID=394414) to work on /home/leoja/airflow/airflow_venv/lib/python3.12/site-packages/airflow/example_dags/example_setup_teardown_taskflow.py
[2025-06-12T18:28:27.823+0200] {processor.py:830} INFO - Processing file /home/leoja/airflow/airflow_venv/lib/python3.12/site-packages/airflow/example_dags/example_setup_teardown_taskflow.py for tasks to queue
[2025-06-12T18:28:27.825+0200] {logging_mixin.py:188} INFO - [2025-06-12T18:28:27.825+0200] {dagbag.py:540} INFO - Filling up the DagBag from /home/leoja/airflow/airflow_venv/lib/python3.12/site-packages/airflow/example_dags/example_setup_teardown_taskflow.py
[2025-06-12T18:28:27.867+0200] {processor.py:840} INFO - DAG(s) 'example_setup_teardown_taskflow' retrieved from /home/leoja/airflow/airflow_venv/lib/python3.12/site-packages/airflow/example_dags/example_setup_teardown_taskflow.py
[2025-06-12T18:28:27.927+0200] {logging_mixin.py:188} INFO - [2025-06-12T18:28:27.927+0200] {dag.py:3096} INFO - Sync 1 DAGs
[2025-06-12T18:28:27.979+0200] {logging_mixin.py:188} INFO - [2025-06-12T18:28:27.978+0200] {dag.py:3954} INFO - Setting next_dagrun for example_setup_teardown_taskflow to 2025-06-11 00:00:00+00:00, run_after=2025-06-12 00:00:00+00:00
[2025-06-12T18:28:28.070+0200] {processor.py:183} INFO - Processing /home/leoja/airflow/airflow_venv/lib/python3.12/site-packages/airflow/example_dags/example_setup_teardown_taskflow.py took 0.268 seconds
[2025-06-12T18:29:25.911+0200] {processor.py:161} INFO - Started process (PID=394646) to work on /home/leoja/airflow/airflow_venv/lib/python3.12/site-packages/airflow/example_dags/example_setup_teardown_taskflow.py
[2025-06-12T18:29:25.912+0200] {processor.py:830} INFO - Processing file /home/leoja/airflow/airflow_venv/lib/python3.12/site-packages/airflow/example_dags/example_setup_teardown_taskflow.py for tasks to queue
[2025-06-12T18:29:25.914+0200] {logging_mixin.py:188} INFO - [2025-06-12T18:29:25.913+0200] {dagbag.py:540} INFO - Filling up the DagBag from /home/leoja/airflow/airflow_venv/lib/python3.12/site-packages/airflow/example_dags/example_setup_teardown_taskflow.py
[2025-06-12T18:29:25.920+0200] {processor.py:840} INFO - DAG(s) 'example_setup_teardown_taskflow' retrieved from /home/leoja/airflow/airflow_venv/lib/python3.12/site-packages/airflow/example_dags/example_setup_teardown_taskflow.py
[2025-06-12T18:29:25.933+0200] {logging_mixin.py:188} INFO - [2025-06-12T18:29:25.932+0200] {dag.py:3096} INFO - Sync 1 DAGs
[2025-06-12T18:29:25.946+0200] {logging_mixin.py:188} INFO - [2025-06-12T18:29:25.946+0200] {dag.py:3954} INFO - Setting next_dagrun for example_setup_teardown_taskflow to 2025-06-11 00:00:00+00:00, run_after=2025-06-12 00:00:00+00:00
[2025-06-12T18:29:25.972+0200] {processor.py:183} INFO - Processing /home/leoja/airflow/airflow_venv/lib/python3.12/site-packages/airflow/example_dags/example_setup_teardown_taskflow.py took 0.066 seconds
[2025-06-12T18:31:16.623+0200] {processor.py:161} INFO - Started process (PID=395849) to work on /home/leoja/airflow/airflow_venv/lib/python3.12/site-packages/airflow/example_dags/example_setup_teardown_taskflow.py
[2025-06-12T18:31:16.630+0200] {processor.py:830} INFO - Processing file /home/leoja/airflow/airflow_venv/lib/python3.12/site-packages/airflow/example_dags/example_setup_teardown_taskflow.py for tasks to queue
[2025-06-12T18:31:16.633+0200] {logging_mixin.py:188} INFO - [2025-06-12T18:31:16.632+0200] {dagbag.py:540} INFO - Filling up the DagBag from /home/leoja/airflow/airflow_venv/lib/python3.12/site-packages/airflow/example_dags/example_setup_teardown_taskflow.py
[2025-06-12T18:31:16.650+0200] {processor.py:840} INFO - DAG(s) 'example_setup_teardown_taskflow' retrieved from /home/leoja/airflow/airflow_venv/lib/python3.12/site-packages/airflow/example_dags/example_setup_teardown_taskflow.py
[2025-06-12T18:31:16.681+0200] {logging_mixin.py:188} INFO - [2025-06-12T18:31:16.681+0200] {dag.py:3096} INFO - Sync 1 DAGs
[2025-06-12T18:31:16.722+0200] {logging_mixin.py:188} INFO - [2025-06-12T18:31:16.722+0200] {dag.py:3954} INFO - Setting next_dagrun for example_setup_teardown_taskflow to 2025-06-11 00:00:00+00:00, run_after=2025-06-12 00:00:00+00:00
[2025-06-12T18:31:16.789+0200] {processor.py:183} INFO - Processing /home/leoja/airflow/airflow_venv/lib/python3.12/site-packages/airflow/example_dags/example_setup_teardown_taskflow.py took 0.175 seconds
[2025-06-12T18:32:09.794+0200] {processor.py:161} INFO - Started process (PID=396116) to work on /home/leoja/airflow/airflow_venv/lib/python3.12/site-packages/airflow/example_dags/example_setup_teardown_taskflow.py
[2025-06-12T18:32:09.795+0200] {processor.py:830} INFO - Processing file /home/leoja/airflow/airflow_venv/lib/python3.12/site-packages/airflow/example_dags/example_setup_teardown_taskflow.py for tasks to queue
[2025-06-12T18:32:09.796+0200] {logging_mixin.py:188} INFO - [2025-06-12T18:32:09.796+0200] {dagbag.py:540} INFO - Filling up the DagBag from /home/leoja/airflow/airflow_venv/lib/python3.12/site-packages/airflow/example_dags/example_setup_teardown_taskflow.py
[2025-06-12T18:32:09.804+0200] {processor.py:840} INFO - DAG(s) 'example_setup_teardown_taskflow' retrieved from /home/leoja/airflow/airflow_venv/lib/python3.12/site-packages/airflow/example_dags/example_setup_teardown_taskflow.py
[2025-06-12T18:32:09.815+0200] {logging_mixin.py:188} INFO - [2025-06-12T18:32:09.814+0200] {dag.py:3096} INFO - Sync 1 DAGs
[2025-06-12T18:32:09.826+0200] {logging_mixin.py:188} INFO - [2025-06-12T18:32:09.826+0200] {dag.py:3954} INFO - Setting next_dagrun for example_setup_teardown_taskflow to 2025-06-11 00:00:00+00:00, run_after=2025-06-12 00:00:00+00:00
[2025-06-12T18:32:09.845+0200] {processor.py:183} INFO - Processing /home/leoja/airflow/airflow_venv/lib/python3.12/site-packages/airflow/example_dags/example_setup_teardown_taskflow.py took 0.055 seconds
[2025-06-12T18:32:54.522+0200] {processor.py:161} INFO - Started process (PID=396261) to work on /home/leoja/airflow/airflow_venv/lib/python3.12/site-packages/airflow/example_dags/example_setup_teardown_taskflow.py
[2025-06-12T18:32:54.524+0200] {processor.py:830} INFO - Processing file /home/leoja/airflow/airflow_venv/lib/python3.12/site-packages/airflow/example_dags/example_setup_teardown_taskflow.py for tasks to queue
[2025-06-12T18:32:54.525+0200] {logging_mixin.py:188} INFO - [2025-06-12T18:32:54.525+0200] {dagbag.py:540} INFO - Filling up the DagBag from /home/leoja/airflow/airflow_venv/lib/python3.12/site-packages/airflow/example_dags/example_setup_teardown_taskflow.py
[2025-06-12T18:32:54.533+0200] {processor.py:840} INFO - DAG(s) 'example_setup_teardown_taskflow' retrieved from /home/leoja/airflow/airflow_venv/lib/python3.12/site-packages/airflow/example_dags/example_setup_teardown_taskflow.py
[2025-06-12T18:32:54.546+0200] {logging_mixin.py:188} INFO - [2025-06-12T18:32:54.546+0200] {dag.py:3096} INFO - Sync 1 DAGs
[2025-06-12T18:32:54.561+0200] {logging_mixin.py:188} INFO - [2025-06-12T18:32:54.561+0200] {dag.py:3954} INFO - Setting next_dagrun for example_setup_teardown_taskflow to 2025-06-11 00:00:00+00:00, run_after=2025-06-12 00:00:00+00:00
[2025-06-12T18:32:54.806+0200] {processor.py:183} INFO - Processing /home/leoja/airflow/airflow_venv/lib/python3.12/site-packages/airflow/example_dags/example_setup_teardown_taskflow.py took 0.288 seconds
[2025-06-12T18:33:41.309+0200] {processor.py:161} INFO - Started process (PID=396522) to work on /home/leoja/airflow/airflow_venv/lib/python3.12/site-packages/airflow/example_dags/example_setup_teardown_taskflow.py
[2025-06-12T18:33:41.310+0200] {processor.py:830} INFO - Processing file /home/leoja/airflow/airflow_venv/lib/python3.12/site-packages/airflow/example_dags/example_setup_teardown_taskflow.py for tasks to queue
[2025-06-12T18:33:41.312+0200] {logging_mixin.py:188} INFO - [2025-06-12T18:33:41.312+0200] {dagbag.py:540} INFO - Filling up the DagBag from /home/leoja/airflow/airflow_venv/lib/python3.12/site-packages/airflow/example_dags/example_setup_teardown_taskflow.py
[2025-06-12T18:33:41.319+0200] {processor.py:840} INFO - DAG(s) 'example_setup_teardown_taskflow' retrieved from /home/leoja/airflow/airflow_venv/lib/python3.12/site-packages/airflow/example_dags/example_setup_teardown_taskflow.py
[2025-06-12T18:33:41.331+0200] {logging_mixin.py:188} INFO - [2025-06-12T18:33:41.331+0200] {dag.py:3096} INFO - Sync 1 DAGs
[2025-06-12T18:33:41.345+0200] {logging_mixin.py:188} INFO - [2025-06-12T18:33:41.345+0200] {dag.py:3954} INFO - Setting next_dagrun for example_setup_teardown_taskflow to 2025-06-11 00:00:00+00:00, run_after=2025-06-12 00:00:00+00:00
[2025-06-12T18:33:41.364+0200] {processor.py:183} INFO - Processing /home/leoja/airflow/airflow_venv/lib/python3.12/site-packages/airflow/example_dags/example_setup_teardown_taskflow.py took 0.059 seconds
[2025-06-12T18:34:27.832+0200] {processor.py:161} INFO - Started process (PID=396759) to work on /home/leoja/airflow/airflow_venv/lib/python3.12/site-packages/airflow/example_dags/example_setup_teardown_taskflow.py
[2025-06-12T18:34:27.834+0200] {processor.py:830} INFO - Processing file /home/leoja/airflow/airflow_venv/lib/python3.12/site-packages/airflow/example_dags/example_setup_teardown_taskflow.py for tasks to queue
[2025-06-12T18:34:27.835+0200] {logging_mixin.py:188} INFO - [2025-06-12T18:34:27.835+0200] {dagbag.py:540} INFO - Filling up the DagBag from /home/leoja/airflow/airflow_venv/lib/python3.12/site-packages/airflow/example_dags/example_setup_teardown_taskflow.py
[2025-06-12T18:34:27.842+0200] {processor.py:840} INFO - DAG(s) 'example_setup_teardown_taskflow' retrieved from /home/leoja/airflow/airflow_venv/lib/python3.12/site-packages/airflow/example_dags/example_setup_teardown_taskflow.py
[2025-06-12T18:34:27.854+0200] {logging_mixin.py:188} INFO - [2025-06-12T18:34:27.853+0200] {dag.py:3096} INFO - Sync 1 DAGs
[2025-06-12T18:34:27.866+0200] {logging_mixin.py:188} INFO - [2025-06-12T18:34:27.866+0200] {dag.py:3954} INFO - Setting next_dagrun for example_setup_teardown_taskflow to 2025-06-11 00:00:00+00:00, run_after=2025-06-12 00:00:00+00:00
[2025-06-12T18:34:27.885+0200] {processor.py:183} INFO - Processing /home/leoja/airflow/airflow_venv/lib/python3.12/site-packages/airflow/example_dags/example_setup_teardown_taskflow.py took 0.058 seconds
[2025-06-12T18:35:13.194+0200] {processor.py:161} INFO - Started process (PID=396973) to work on /home/leoja/airflow/airflow_venv/lib/python3.12/site-packages/airflow/example_dags/example_setup_teardown_taskflow.py
[2025-06-12T18:35:13.196+0200] {processor.py:830} INFO - Processing file /home/leoja/airflow/airflow_venv/lib/python3.12/site-packages/airflow/example_dags/example_setup_teardown_taskflow.py for tasks to queue
[2025-06-12T18:35:13.197+0200] {logging_mixin.py:188} INFO - [2025-06-12T18:35:13.197+0200] {dagbag.py:540} INFO - Filling up the DagBag from /home/leoja/airflow/airflow_venv/lib/python3.12/site-packages/airflow/example_dags/example_setup_teardown_taskflow.py
[2025-06-12T18:35:13.203+0200] {processor.py:840} INFO - DAG(s) 'example_setup_teardown_taskflow' retrieved from /home/leoja/airflow/airflow_venv/lib/python3.12/site-packages/airflow/example_dags/example_setup_teardown_taskflow.py
[2025-06-12T18:35:13.214+0200] {logging_mixin.py:188} INFO - [2025-06-12T18:35:13.214+0200] {dag.py:3096} INFO - Sync 1 DAGs
[2025-06-12T18:35:13.225+0200] {logging_mixin.py:188} INFO - [2025-06-12T18:35:13.225+0200] {dag.py:3954} INFO - Setting next_dagrun for example_setup_teardown_taskflow to 2025-06-11 00:00:00+00:00, run_after=2025-06-12 00:00:00+00:00
[2025-06-12T18:35:13.244+0200] {processor.py:183} INFO - Processing /home/leoja/airflow/airflow_venv/lib/python3.12/site-packages/airflow/example_dags/example_setup_teardown_taskflow.py took 0.053 seconds
[2025-06-12T18:39:03.409+0200] {processor.py:161} INFO - Started process (PID=397929) to work on /home/leoja/airflow/airflow_venv/lib/python3.12/site-packages/airflow/example_dags/example_setup_teardown_taskflow.py
[2025-06-12T18:39:03.410+0200] {processor.py:830} INFO - Processing file /home/leoja/airflow/airflow_venv/lib/python3.12/site-packages/airflow/example_dags/example_setup_teardown_taskflow.py for tasks to queue
[2025-06-12T18:39:03.411+0200] {logging_mixin.py:188} INFO - [2025-06-12T18:39:03.411+0200] {dagbag.py:540} INFO - Filling up the DagBag from /home/leoja/airflow/airflow_venv/lib/python3.12/site-packages/airflow/example_dags/example_setup_teardown_taskflow.py
[2025-06-12T18:39:03.422+0200] {processor.py:840} INFO - DAG(s) 'example_setup_teardown_taskflow' retrieved from /home/leoja/airflow/airflow_venv/lib/python3.12/site-packages/airflow/example_dags/example_setup_teardown_taskflow.py
[2025-06-12T18:39:03.429+0200] {logging_mixin.py:188} INFO - [2025-06-12T18:39:03.429+0200] {dag.py:3096} INFO - Sync 1 DAGs
[2025-06-12T18:39:03.447+0200] {logging_mixin.py:188} INFO - [2025-06-12T18:39:03.447+0200] {dag.py:3954} INFO - Setting next_dagrun for example_setup_teardown_taskflow to 2025-06-11 00:00:00+00:00, run_after=2025-06-12 00:00:00+00:00
[2025-06-12T18:39:03.472+0200] {processor.py:183} INFO - Processing /home/leoja/airflow/airflow_venv/lib/python3.12/site-packages/airflow/example_dags/example_setup_teardown_taskflow.py took 0.068 seconds
[2025-06-12T18:40:33.229+0200] {processor.py:161} INFO - Started process (PID=398442) to work on /home/leoja/airflow/airflow_venv/lib/python3.12/site-packages/airflow/example_dags/example_setup_teardown_taskflow.py
[2025-06-12T18:40:33.231+0200] {processor.py:830} INFO - Processing file /home/leoja/airflow/airflow_venv/lib/python3.12/site-packages/airflow/example_dags/example_setup_teardown_taskflow.py for tasks to queue
[2025-06-12T18:40:33.234+0200] {logging_mixin.py:188} INFO - [2025-06-12T18:40:33.233+0200] {dagbag.py:540} INFO - Filling up the DagBag from /home/leoja/airflow/airflow_venv/lib/python3.12/site-packages/airflow/example_dags/example_setup_teardown_taskflow.py
[2025-06-12T18:40:33.247+0200] {processor.py:840} INFO - DAG(s) 'example_setup_teardown_taskflow' retrieved from /home/leoja/airflow/airflow_venv/lib/python3.12/site-packages/airflow/example_dags/example_setup_teardown_taskflow.py
[2025-06-12T18:40:33.356+0200] {logging_mixin.py:188} INFO - [2025-06-12T18:40:33.355+0200] {dag.py:3096} INFO - Sync 1 DAGs
[2025-06-12T18:40:33.380+0200] {logging_mixin.py:188} INFO - [2025-06-12T18:40:33.380+0200] {dag.py:3954} INFO - Setting next_dagrun for example_setup_teardown_taskflow to 2025-06-11 00:00:00+00:00, run_after=2025-06-12 00:00:00+00:00
[2025-06-12T18:40:33.408+0200] {processor.py:183} INFO - Processing /home/leoja/airflow/airflow_venv/lib/python3.12/site-packages/airflow/example_dags/example_setup_teardown_taskflow.py took 0.188 seconds
[2025-06-12T18:41:35.168+0200] {processor.py:161} INFO - Started process (PID=399077) to work on /home/leoja/airflow/airflow_venv/lib/python3.12/site-packages/airflow/example_dags/example_setup_teardown_taskflow.py
[2025-06-12T18:41:35.169+0200] {processor.py:830} INFO - Processing file /home/leoja/airflow/airflow_venv/lib/python3.12/site-packages/airflow/example_dags/example_setup_teardown_taskflow.py for tasks to queue
[2025-06-12T18:41:35.171+0200] {logging_mixin.py:188} INFO - [2025-06-12T18:41:35.170+0200] {dagbag.py:540} INFO - Filling up the DagBag from /home/leoja/airflow/airflow_venv/lib/python3.12/site-packages/airflow/example_dags/example_setup_teardown_taskflow.py
[2025-06-12T18:41:35.177+0200] {processor.py:840} INFO - DAG(s) 'example_setup_teardown_taskflow' retrieved from /home/leoja/airflow/airflow_venv/lib/python3.12/site-packages/airflow/example_dags/example_setup_teardown_taskflow.py
[2025-06-12T18:41:35.192+0200] {logging_mixin.py:188} INFO - [2025-06-12T18:41:35.192+0200] {dag.py:3096} INFO - Sync 1 DAGs
[2025-06-12T18:41:35.211+0200] {logging_mixin.py:188} INFO - [2025-06-12T18:41:35.211+0200] {dag.py:3954} INFO - Setting next_dagrun for example_setup_teardown_taskflow to 2025-06-11 00:00:00+00:00, run_after=2025-06-12 00:00:00+00:00
[2025-06-12T18:41:35.242+0200] {processor.py:183} INFO - Processing /home/leoja/airflow/airflow_venv/lib/python3.12/site-packages/airflow/example_dags/example_setup_teardown_taskflow.py took 0.079 seconds
[2025-06-12T18:42:27.939+0200] {processor.py:161} INFO - Started process (PID=399387) to work on /home/leoja/airflow/airflow_venv/lib/python3.12/site-packages/airflow/example_dags/example_setup_teardown_taskflow.py
[2025-06-12T18:42:27.941+0200] {processor.py:830} INFO - Processing file /home/leoja/airflow/airflow_venv/lib/python3.12/site-packages/airflow/example_dags/example_setup_teardown_taskflow.py for tasks to queue
[2025-06-12T18:42:27.942+0200] {logging_mixin.py:188} INFO - [2025-06-12T18:42:27.942+0200] {dagbag.py:540} INFO - Filling up the DagBag from /home/leoja/airflow/airflow_venv/lib/python3.12/site-packages/airflow/example_dags/example_setup_teardown_taskflow.py
[2025-06-12T18:42:27.950+0200] {processor.py:840} INFO - DAG(s) 'example_setup_teardown_taskflow' retrieved from /home/leoja/airflow/airflow_venv/lib/python3.12/site-packages/airflow/example_dags/example_setup_teardown_taskflow.py
[2025-06-12T18:42:27.964+0200] {logging_mixin.py:188} INFO - [2025-06-12T18:42:27.964+0200] {dag.py:3096} INFO - Sync 1 DAGs
[2025-06-12T18:42:27.976+0200] {logging_mixin.py:188} INFO - [2025-06-12T18:42:27.976+0200] {dag.py:3954} INFO - Setting next_dagrun for example_setup_teardown_taskflow to 2025-06-11 00:00:00+00:00, run_after=2025-06-12 00:00:00+00:00
[2025-06-12T18:42:27.997+0200] {processor.py:183} INFO - Processing /home/leoja/airflow/airflow_venv/lib/python3.12/site-packages/airflow/example_dags/example_setup_teardown_taskflow.py took 0.062 seconds
[2025-06-12T18:43:18.421+0200] {processor.py:161} INFO - Started process (PID=399794) to work on /home/leoja/airflow/airflow_venv/lib/python3.12/site-packages/airflow/example_dags/example_setup_teardown_taskflow.py
[2025-06-12T18:43:18.423+0200] {processor.py:830} INFO - Processing file /home/leoja/airflow/airflow_venv/lib/python3.12/site-packages/airflow/example_dags/example_setup_teardown_taskflow.py for tasks to queue
[2025-06-12T18:43:18.424+0200] {logging_mixin.py:188} INFO - [2025-06-12T18:43:18.424+0200] {dagbag.py:540} INFO - Filling up the DagBag from /home/leoja/airflow/airflow_venv/lib/python3.12/site-packages/airflow/example_dags/example_setup_teardown_taskflow.py
[2025-06-12T18:43:18.432+0200] {processor.py:840} INFO - DAG(s) 'example_setup_teardown_taskflow' retrieved from /home/leoja/airflow/airflow_venv/lib/python3.12/site-packages/airflow/example_dags/example_setup_teardown_taskflow.py
[2025-06-12T18:43:18.444+0200] {logging_mixin.py:188} INFO - [2025-06-12T18:43:18.444+0200] {dag.py:3096} INFO - Sync 1 DAGs
[2025-06-12T18:43:18.456+0200] {logging_mixin.py:188} INFO - [2025-06-12T18:43:18.456+0200] {dag.py:3954} INFO - Setting next_dagrun for example_setup_teardown_taskflow to 2025-06-11 00:00:00+00:00, run_after=2025-06-12 00:00:00+00:00
[2025-06-12T18:43:18.477+0200] {processor.py:183} INFO - Processing /home/leoja/airflow/airflow_venv/lib/python3.12/site-packages/airflow/example_dags/example_setup_teardown_taskflow.py took 0.060 seconds
[2025-06-12T18:44:07.206+0200] {processor.py:161} INFO - Started process (PID=400238) to work on /home/leoja/airflow/airflow_venv/lib/python3.12/site-packages/airflow/example_dags/example_setup_teardown_taskflow.py
[2025-06-12T18:44:07.211+0200] {processor.py:830} INFO - Processing file /home/leoja/airflow/airflow_venv/lib/python3.12/site-packages/airflow/example_dags/example_setup_teardown_taskflow.py for tasks to queue
[2025-06-12T18:44:07.214+0200] {logging_mixin.py:188} INFO - [2025-06-12T18:44:07.213+0200] {dagbag.py:540} INFO - Filling up the DagBag from /home/leoja/airflow/airflow_venv/lib/python3.12/site-packages/airflow/example_dags/example_setup_teardown_taskflow.py
[2025-06-12T18:44:07.222+0200] {processor.py:840} INFO - DAG(s) 'example_setup_teardown_taskflow' retrieved from /home/leoja/airflow/airflow_venv/lib/python3.12/site-packages/airflow/example_dags/example_setup_teardown_taskflow.py
[2025-06-12T18:44:07.238+0200] {logging_mixin.py:188} INFO - [2025-06-12T18:44:07.238+0200] {dag.py:3096} INFO - Sync 1 DAGs
[2025-06-12T18:44:07.256+0200] {logging_mixin.py:188} INFO - [2025-06-12T18:44:07.256+0200] {dag.py:3954} INFO - Setting next_dagrun for example_setup_teardown_taskflow to 2025-06-11 00:00:00+00:00, run_after=2025-06-12 00:00:00+00:00
[2025-06-12T18:44:07.299+0200] {processor.py:183} INFO - Processing /home/leoja/airflow/airflow_venv/lib/python3.12/site-packages/airflow/example_dags/example_setup_teardown_taskflow.py took 0.098 seconds
[2025-06-12T18:44:59.172+0200] {processor.py:161} INFO - Started process (PID=400544) to work on /home/leoja/airflow/airflow_venv/lib/python3.12/site-packages/airflow/example_dags/example_setup_teardown_taskflow.py
[2025-06-12T18:44:59.260+0200] {processor.py:830} INFO - Processing file /home/leoja/airflow/airflow_venv/lib/python3.12/site-packages/airflow/example_dags/example_setup_teardown_taskflow.py for tasks to queue
[2025-06-12T18:44:59.263+0200] {logging_mixin.py:188} INFO - [2025-06-12T18:44:59.262+0200] {dagbag.py:540} INFO - Filling up the DagBag from /home/leoja/airflow/airflow_venv/lib/python3.12/site-packages/airflow/example_dags/example_setup_teardown_taskflow.py
[2025-06-12T18:44:59.284+0200] {processor.py:840} INFO - DAG(s) 'example_setup_teardown_taskflow' retrieved from /home/leoja/airflow/airflow_venv/lib/python3.12/site-packages/airflow/example_dags/example_setup_teardown_taskflow.py
[2025-06-12T18:44:59.318+0200] {logging_mixin.py:188} INFO - [2025-06-12T18:44:59.317+0200] {dag.py:3096} INFO - Sync 1 DAGs
[2025-06-12T18:44:59.385+0200] {logging_mixin.py:188} INFO - [2025-06-12T18:44:59.384+0200] {dag.py:3954} INFO - Setting next_dagrun for example_setup_teardown_taskflow to 2025-06-11 00:00:00+00:00, run_after=2025-06-12 00:00:00+00:00
[2025-06-12T18:44:59.441+0200] {processor.py:183} INFO - Processing /home/leoja/airflow/airflow_venv/lib/python3.12/site-packages/airflow/example_dags/example_setup_teardown_taskflow.py took 0.284 seconds
[2025-06-12T18:45:48.847+0200] {processor.py:161} INFO - Started process (PID=400847) to work on /home/leoja/airflow/airflow_venv/lib/python3.12/site-packages/airflow/example_dags/example_setup_teardown_taskflow.py
[2025-06-12T18:45:48.849+0200] {processor.py:830} INFO - Processing file /home/leoja/airflow/airflow_venv/lib/python3.12/site-packages/airflow/example_dags/example_setup_teardown_taskflow.py for tasks to queue
[2025-06-12T18:45:48.850+0200] {logging_mixin.py:188} INFO - [2025-06-12T18:45:48.850+0200] {dagbag.py:540} INFO - Filling up the DagBag from /home/leoja/airflow/airflow_venv/lib/python3.12/site-packages/airflow/example_dags/example_setup_teardown_taskflow.py
[2025-06-12T18:45:48.859+0200] {processor.py:840} INFO - DAG(s) 'example_setup_teardown_taskflow' retrieved from /home/leoja/airflow/airflow_venv/lib/python3.12/site-packages/airflow/example_dags/example_setup_teardown_taskflow.py
[2025-06-12T18:45:48.873+0200] {logging_mixin.py:188} INFO - [2025-06-12T18:45:48.873+0200] {dag.py:3096} INFO - Sync 1 DAGs
[2025-06-12T18:45:48.888+0200] {logging_mixin.py:188} INFO - [2025-06-12T18:45:48.888+0200] {dag.py:3954} INFO - Setting next_dagrun for example_setup_teardown_taskflow to 2025-06-11 00:00:00+00:00, run_after=2025-06-12 00:00:00+00:00
[2025-06-12T18:45:48.907+0200] {processor.py:183} INFO - Processing /home/leoja/airflow/airflow_venv/lib/python3.12/site-packages/airflow/example_dags/example_setup_teardown_taskflow.py took 0.064 seconds
[2025-06-12T18:46:39.258+0200] {processor.py:161} INFO - Started process (PID=401027) to work on /home/leoja/airflow/airflow_venv/lib/python3.12/site-packages/airflow/example_dags/example_setup_teardown_taskflow.py
[2025-06-12T18:46:39.260+0200] {processor.py:830} INFO - Processing file /home/leoja/airflow/airflow_venv/lib/python3.12/site-packages/airflow/example_dags/example_setup_teardown_taskflow.py for tasks to queue
[2025-06-12T18:46:39.262+0200] {logging_mixin.py:188} INFO - [2025-06-12T18:46:39.262+0200] {dagbag.py:540} INFO - Filling up the DagBag from /home/leoja/airflow/airflow_venv/lib/python3.12/site-packages/airflow/example_dags/example_setup_teardown_taskflow.py
[2025-06-12T18:46:39.268+0200] {processor.py:840} INFO - DAG(s) 'example_setup_teardown_taskflow' retrieved from /home/leoja/airflow/airflow_venv/lib/python3.12/site-packages/airflow/example_dags/example_setup_teardown_taskflow.py
[2025-06-12T18:46:39.280+0200] {logging_mixin.py:188} INFO - [2025-06-12T18:46:39.280+0200] {dag.py:3096} INFO - Sync 1 DAGs
[2025-06-12T18:46:39.291+0200] {logging_mixin.py:188} INFO - [2025-06-12T18:46:39.291+0200] {dag.py:3954} INFO - Setting next_dagrun for example_setup_teardown_taskflow to 2025-06-11 00:00:00+00:00, run_after=2025-06-12 00:00:00+00:00
[2025-06-12T18:46:39.313+0200] {processor.py:183} INFO - Processing /home/leoja/airflow/airflow_venv/lib/python3.12/site-packages/airflow/example_dags/example_setup_teardown_taskflow.py took 0.059 seconds
[2025-06-12T18:47:21.824+0200] {processor.py:161} INFO - Started process (PID=401180) to work on /home/leoja/airflow/airflow_venv/lib/python3.12/site-packages/airflow/example_dags/example_setup_teardown_taskflow.py
[2025-06-12T18:47:21.825+0200] {processor.py:830} INFO - Processing file /home/leoja/airflow/airflow_venv/lib/python3.12/site-packages/airflow/example_dags/example_setup_teardown_taskflow.py for tasks to queue
[2025-06-12T18:47:21.827+0200] {logging_mixin.py:188} INFO - [2025-06-12T18:47:21.827+0200] {dagbag.py:540} INFO - Filling up the DagBag from /home/leoja/airflow/airflow_venv/lib/python3.12/site-packages/airflow/example_dags/example_setup_teardown_taskflow.py
[2025-06-12T18:47:21.834+0200] {processor.py:840} INFO - DAG(s) 'example_setup_teardown_taskflow' retrieved from /home/leoja/airflow/airflow_venv/lib/python3.12/site-packages/airflow/example_dags/example_setup_teardown_taskflow.py
[2025-06-12T18:47:21.848+0200] {logging_mixin.py:188} INFO - [2025-06-12T18:47:21.847+0200] {dag.py:3096} INFO - Sync 1 DAGs
[2025-06-12T18:47:21.861+0200] {logging_mixin.py:188} INFO - [2025-06-12T18:47:21.861+0200] {dag.py:3954} INFO - Setting next_dagrun for example_setup_teardown_taskflow to 2025-06-11 00:00:00+00:00, run_after=2025-06-12 00:00:00+00:00
[2025-06-12T18:47:21.881+0200] {processor.py:183} INFO - Processing /home/leoja/airflow/airflow_venv/lib/python3.12/site-packages/airflow/example_dags/example_setup_teardown_taskflow.py took 0.062 seconds
[2025-06-12T18:48:06.215+0200] {processor.py:161} INFO - Started process (PID=401508) to work on /home/leoja/airflow/airflow_venv/lib/python3.12/site-packages/airflow/example_dags/example_setup_teardown_taskflow.py
[2025-06-12T18:48:06.217+0200] {processor.py:830} INFO - Processing file /home/leoja/airflow/airflow_venv/lib/python3.12/site-packages/airflow/example_dags/example_setup_teardown_taskflow.py for tasks to queue
[2025-06-12T18:48:06.218+0200] {logging_mixin.py:188} INFO - [2025-06-12T18:48:06.218+0200] {dagbag.py:540} INFO - Filling up the DagBag from /home/leoja/airflow/airflow_venv/lib/python3.12/site-packages/airflow/example_dags/example_setup_teardown_taskflow.py
[2025-06-12T18:48:06.226+0200] {processor.py:840} INFO - DAG(s) 'example_setup_teardown_taskflow' retrieved from /home/leoja/airflow/airflow_venv/lib/python3.12/site-packages/airflow/example_dags/example_setup_teardown_taskflow.py
[2025-06-12T18:48:06.241+0200] {logging_mixin.py:188} INFO - [2025-06-12T18:48:06.241+0200] {dag.py:3096} INFO - Sync 1 DAGs
[2025-06-12T18:48:06.256+0200] {logging_mixin.py:188} INFO - [2025-06-12T18:48:06.256+0200] {dag.py:3954} INFO - Setting next_dagrun for example_setup_teardown_taskflow to 2025-06-11 00:00:00+00:00, run_after=2025-06-12 00:00:00+00:00
[2025-06-12T18:48:06.277+0200] {processor.py:183} INFO - Processing /home/leoja/airflow/airflow_venv/lib/python3.12/site-packages/airflow/example_dags/example_setup_teardown_taskflow.py took 0.066 seconds
[2025-06-12T18:48:50.755+0200] {processor.py:161} INFO - Started process (PID=401835) to work on /home/leoja/airflow/airflow_venv/lib/python3.12/site-packages/airflow/example_dags/example_setup_teardown_taskflow.py
[2025-06-12T18:48:50.757+0200] {processor.py:830} INFO - Processing file /home/leoja/airflow/airflow_venv/lib/python3.12/site-packages/airflow/example_dags/example_setup_teardown_taskflow.py for tasks to queue
[2025-06-12T18:48:50.758+0200] {logging_mixin.py:188} INFO - [2025-06-12T18:48:50.758+0200] {dagbag.py:540} INFO - Filling up the DagBag from /home/leoja/airflow/airflow_venv/lib/python3.12/site-packages/airflow/example_dags/example_setup_teardown_taskflow.py
[2025-06-12T18:48:50.779+0200] {processor.py:840} INFO - DAG(s) 'example_setup_teardown_taskflow' retrieved from /home/leoja/airflow/airflow_venv/lib/python3.12/site-packages/airflow/example_dags/example_setup_teardown_taskflow.py
[2025-06-12T18:48:50.794+0200] {logging_mixin.py:188} INFO - [2025-06-12T18:48:50.793+0200] {dag.py:3096} INFO - Sync 1 DAGs
[2025-06-12T18:48:50.811+0200] {logging_mixin.py:188} INFO - [2025-06-12T18:48:50.810+0200] {dag.py:3954} INFO - Setting next_dagrun for example_setup_teardown_taskflow to 2025-06-11 00:00:00+00:00, run_after=2025-06-12 00:00:00+00:00
[2025-06-12T18:48:50.839+0200] {processor.py:183} INFO - Processing /home/leoja/airflow/airflow_venv/lib/python3.12/site-packages/airflow/example_dags/example_setup_teardown_taskflow.py took 0.100 seconds
[2025-06-12T18:49:31.387+0200] {processor.py:161} INFO - Started process (PID=402076) to work on /home/leoja/airflow/airflow_venv/lib/python3.12/site-packages/airflow/example_dags/example_setup_teardown_taskflow.py
[2025-06-12T18:49:31.389+0200] {processor.py:830} INFO - Processing file /home/leoja/airflow/airflow_venv/lib/python3.12/site-packages/airflow/example_dags/example_setup_teardown_taskflow.py for tasks to queue
[2025-06-12T18:49:31.390+0200] {logging_mixin.py:188} INFO - [2025-06-12T18:49:31.390+0200] {dagbag.py:540} INFO - Filling up the DagBag from /home/leoja/airflow/airflow_venv/lib/python3.12/site-packages/airflow/example_dags/example_setup_teardown_taskflow.py
[2025-06-12T18:49:31.398+0200] {processor.py:840} INFO - DAG(s) 'example_setup_teardown_taskflow' retrieved from /home/leoja/airflow/airflow_venv/lib/python3.12/site-packages/airflow/example_dags/example_setup_teardown_taskflow.py
[2025-06-12T18:49:31.415+0200] {logging_mixin.py:188} INFO - [2025-06-12T18:49:31.415+0200] {dag.py:3096} INFO - Sync 1 DAGs
[2025-06-12T18:49:31.433+0200] {logging_mixin.py:188} INFO - [2025-06-12T18:49:31.433+0200] {dag.py:3954} INFO - Setting next_dagrun for example_setup_teardown_taskflow to 2025-06-11 00:00:00+00:00, run_after=2025-06-12 00:00:00+00:00
[2025-06-12T18:49:31.466+0200] {processor.py:183} INFO - Processing /home/leoja/airflow/airflow_venv/lib/python3.12/site-packages/airflow/example_dags/example_setup_teardown_taskflow.py took 0.084 seconds
[2025-06-12T18:50:14.835+0200] {processor.py:161} INFO - Started process (PID=402350) to work on /home/leoja/airflow/airflow_venv/lib/python3.12/site-packages/airflow/example_dags/example_setup_teardown_taskflow.py
[2025-06-12T18:50:14.837+0200] {processor.py:830} INFO - Processing file /home/leoja/airflow/airflow_venv/lib/python3.12/site-packages/airflow/example_dags/example_setup_teardown_taskflow.py for tasks to queue
[2025-06-12T18:50:14.838+0200] {logging_mixin.py:188} INFO - [2025-06-12T18:50:14.838+0200] {dagbag.py:540} INFO - Filling up the DagBag from /home/leoja/airflow/airflow_venv/lib/python3.12/site-packages/airflow/example_dags/example_setup_teardown_taskflow.py
[2025-06-12T18:50:14.845+0200] {processor.py:840} INFO - DAG(s) 'example_setup_teardown_taskflow' retrieved from /home/leoja/airflow/airflow_venv/lib/python3.12/site-packages/airflow/example_dags/example_setup_teardown_taskflow.py
[2025-06-12T18:50:14.857+0200] {logging_mixin.py:188} INFO - [2025-06-12T18:50:14.857+0200] {dag.py:3096} INFO - Sync 1 DAGs
[2025-06-12T18:50:14.869+0200] {logging_mixin.py:188} INFO - [2025-06-12T18:50:14.868+0200] {dag.py:3954} INFO - Setting next_dagrun for example_setup_teardown_taskflow to 2025-06-11 00:00:00+00:00, run_after=2025-06-12 00:00:00+00:00
[2025-06-12T18:50:14.895+0200] {processor.py:183} INFO - Processing /home/leoja/airflow/airflow_venv/lib/python3.12/site-packages/airflow/example_dags/example_setup_teardown_taskflow.py took 0.064 seconds
[2025-06-12T18:51:05.229+0200] {processor.py:161} INFO - Started process (PID=402795) to work on /home/leoja/airflow/airflow_venv/lib/python3.12/site-packages/airflow/example_dags/example_setup_teardown_taskflow.py
[2025-06-12T18:51:05.231+0200] {processor.py:830} INFO - Processing file /home/leoja/airflow/airflow_venv/lib/python3.12/site-packages/airflow/example_dags/example_setup_teardown_taskflow.py for tasks to queue
[2025-06-12T18:51:05.232+0200] {logging_mixin.py:188} INFO - [2025-06-12T18:51:05.232+0200] {dagbag.py:540} INFO - Filling up the DagBag from /home/leoja/airflow/airflow_venv/lib/python3.12/site-packages/airflow/example_dags/example_setup_teardown_taskflow.py
[2025-06-12T18:51:05.240+0200] {processor.py:840} INFO - DAG(s) 'example_setup_teardown_taskflow' retrieved from /home/leoja/airflow/airflow_venv/lib/python3.12/site-packages/airflow/example_dags/example_setup_teardown_taskflow.py
[2025-06-12T18:51:05.254+0200] {logging_mixin.py:188} INFO - [2025-06-12T18:51:05.254+0200] {dag.py:3096} INFO - Sync 1 DAGs
[2025-06-12T18:51:05.267+0200] {logging_mixin.py:188} INFO - [2025-06-12T18:51:05.267+0200] {dag.py:3954} INFO - Setting next_dagrun for example_setup_teardown_taskflow to 2025-06-11 00:00:00+00:00, run_after=2025-06-12 00:00:00+00:00
[2025-06-12T18:51:05.287+0200] {processor.py:183} INFO - Processing /home/leoja/airflow/airflow_venv/lib/python3.12/site-packages/airflow/example_dags/example_setup_teardown_taskflow.py took 0.062 seconds
[2025-06-12T18:51:52.287+0200] {processor.py:161} INFO - Started process (PID=403209) to work on /home/leoja/airflow/airflow_venv/lib/python3.12/site-packages/airflow/example_dags/example_setup_teardown_taskflow.py
[2025-06-12T18:51:52.288+0200] {processor.py:830} INFO - Processing file /home/leoja/airflow/airflow_venv/lib/python3.12/site-packages/airflow/example_dags/example_setup_teardown_taskflow.py for tasks to queue
[2025-06-12T18:51:52.290+0200] {logging_mixin.py:188} INFO - [2025-06-12T18:51:52.290+0200] {dagbag.py:540} INFO - Filling up the DagBag from /home/leoja/airflow/airflow_venv/lib/python3.12/site-packages/airflow/example_dags/example_setup_teardown_taskflow.py
[2025-06-12T18:51:52.297+0200] {processor.py:840} INFO - DAG(s) 'example_setup_teardown_taskflow' retrieved from /home/leoja/airflow/airflow_venv/lib/python3.12/site-packages/airflow/example_dags/example_setup_teardown_taskflow.py
[2025-06-12T18:51:52.311+0200] {logging_mixin.py:188} INFO - [2025-06-12T18:51:52.311+0200] {dag.py:3096} INFO - Sync 1 DAGs
[2025-06-12T18:51:52.323+0200] {logging_mixin.py:188} INFO - [2025-06-12T18:51:52.323+0200] {dag.py:3954} INFO - Setting next_dagrun for example_setup_teardown_taskflow to 2025-06-11 00:00:00+00:00, run_after=2025-06-12 00:00:00+00:00
[2025-06-12T18:51:52.438+0200] {processor.py:183} INFO - Processing /home/leoja/airflow/airflow_venv/lib/python3.12/site-packages/airflow/example_dags/example_setup_teardown_taskflow.py took 0.156 seconds
[2025-06-12T18:52:42.541+0200] {processor.py:161} INFO - Started process (PID=403474) to work on /home/leoja/airflow/airflow_venv/lib/python3.12/site-packages/airflow/example_dags/example_setup_teardown_taskflow.py
[2025-06-12T18:52:42.542+0200] {processor.py:830} INFO - Processing file /home/leoja/airflow/airflow_venv/lib/python3.12/site-packages/airflow/example_dags/example_setup_teardown_taskflow.py for tasks to queue
[2025-06-12T18:52:42.543+0200] {logging_mixin.py:188} INFO - [2025-06-12T18:52:42.543+0200] {dagbag.py:540} INFO - Filling up the DagBag from /home/leoja/airflow/airflow_venv/lib/python3.12/site-packages/airflow/example_dags/example_setup_teardown_taskflow.py
[2025-06-12T18:52:42.549+0200] {processor.py:840} INFO - DAG(s) 'example_setup_teardown_taskflow' retrieved from /home/leoja/airflow/airflow_venv/lib/python3.12/site-packages/airflow/example_dags/example_setup_teardown_taskflow.py
[2025-06-12T18:52:42.561+0200] {logging_mixin.py:188} INFO - [2025-06-12T18:52:42.561+0200] {dag.py:3096} INFO - Sync 1 DAGs
[2025-06-12T18:52:42.573+0200] {logging_mixin.py:188} INFO - [2025-06-12T18:52:42.573+0200] {dag.py:3954} INFO - Setting next_dagrun for example_setup_teardown_taskflow to 2025-06-11 00:00:00+00:00, run_after=2025-06-12 00:00:00+00:00
[2025-06-12T18:52:42.592+0200] {processor.py:183} INFO - Processing /home/leoja/airflow/airflow_venv/lib/python3.12/site-packages/airflow/example_dags/example_setup_teardown_taskflow.py took 0.056 seconds
[2025-06-12T18:53:29.316+0200] {processor.py:161} INFO - Started process (PID=403739) to work on /home/leoja/airflow/airflow_venv/lib/python3.12/site-packages/airflow/example_dags/example_setup_teardown_taskflow.py
[2025-06-12T18:53:29.318+0200] {processor.py:830} INFO - Processing file /home/leoja/airflow/airflow_venv/lib/python3.12/site-packages/airflow/example_dags/example_setup_teardown_taskflow.py for tasks to queue
[2025-06-12T18:53:29.320+0200] {logging_mixin.py:188} INFO - [2025-06-12T18:53:29.320+0200] {dagbag.py:540} INFO - Filling up the DagBag from /home/leoja/airflow/airflow_venv/lib/python3.12/site-packages/airflow/example_dags/example_setup_teardown_taskflow.py
[2025-06-12T18:53:29.327+0200] {processor.py:840} INFO - DAG(s) 'example_setup_teardown_taskflow' retrieved from /home/leoja/airflow/airflow_venv/lib/python3.12/site-packages/airflow/example_dags/example_setup_teardown_taskflow.py
[2025-06-12T18:53:29.341+0200] {logging_mixin.py:188} INFO - [2025-06-12T18:53:29.341+0200] {dag.py:3096} INFO - Sync 1 DAGs
[2025-06-12T18:53:29.356+0200] {logging_mixin.py:188} INFO - [2025-06-12T18:53:29.356+0200] {dag.py:3954} INFO - Setting next_dagrun for example_setup_teardown_taskflow to 2025-06-11 00:00:00+00:00, run_after=2025-06-12 00:00:00+00:00
[2025-06-12T18:53:29.376+0200] {processor.py:183} INFO - Processing /home/leoja/airflow/airflow_venv/lib/python3.12/site-packages/airflow/example_dags/example_setup_teardown_taskflow.py took 0.065 seconds
[2025-06-12T18:54:17.723+0200] {processor.py:161} INFO - Started process (PID=404041) to work on /home/leoja/airflow/airflow_venv/lib/python3.12/site-packages/airflow/example_dags/example_setup_teardown_taskflow.py
[2025-06-12T18:54:17.725+0200] {processor.py:830} INFO - Processing file /home/leoja/airflow/airflow_venv/lib/python3.12/site-packages/airflow/example_dags/example_setup_teardown_taskflow.py for tasks to queue
[2025-06-12T18:54:17.726+0200] {logging_mixin.py:188} INFO - [2025-06-12T18:54:17.726+0200] {dagbag.py:540} INFO - Filling up the DagBag from /home/leoja/airflow/airflow_venv/lib/python3.12/site-packages/airflow/example_dags/example_setup_teardown_taskflow.py
[2025-06-12T18:54:17.732+0200] {processor.py:840} INFO - DAG(s) 'example_setup_teardown_taskflow' retrieved from /home/leoja/airflow/airflow_venv/lib/python3.12/site-packages/airflow/example_dags/example_setup_teardown_taskflow.py
[2025-06-12T18:54:17.744+0200] {logging_mixin.py:188} INFO - [2025-06-12T18:54:17.743+0200] {dag.py:3096} INFO - Sync 1 DAGs
[2025-06-12T18:54:17.755+0200] {logging_mixin.py:188} INFO - [2025-06-12T18:54:17.755+0200] {dag.py:3954} INFO - Setting next_dagrun for example_setup_teardown_taskflow to 2025-06-11 00:00:00+00:00, run_after=2025-06-12 00:00:00+00:00
[2025-06-12T18:54:17.775+0200] {processor.py:183} INFO - Processing /home/leoja/airflow/airflow_venv/lib/python3.12/site-packages/airflow/example_dags/example_setup_teardown_taskflow.py took 0.056 seconds
[2025-06-12T18:55:06.338+0200] {processor.py:161} INFO - Started process (PID=404220) to work on /home/leoja/airflow/airflow_venv/lib/python3.12/site-packages/airflow/example_dags/example_setup_teardown_taskflow.py
[2025-06-12T18:55:06.340+0200] {processor.py:830} INFO - Processing file /home/leoja/airflow/airflow_venv/lib/python3.12/site-packages/airflow/example_dags/example_setup_teardown_taskflow.py for tasks to queue
[2025-06-12T18:55:06.341+0200] {logging_mixin.py:188} INFO - [2025-06-12T18:55:06.341+0200] {dagbag.py:540} INFO - Filling up the DagBag from /home/leoja/airflow/airflow_venv/lib/python3.12/site-packages/airflow/example_dags/example_setup_teardown_taskflow.py
[2025-06-12T18:55:06.347+0200] {processor.py:840} INFO - DAG(s) 'example_setup_teardown_taskflow' retrieved from /home/leoja/airflow/airflow_venv/lib/python3.12/site-packages/airflow/example_dags/example_setup_teardown_taskflow.py
[2025-06-12T18:55:06.358+0200] {logging_mixin.py:188} INFO - [2025-06-12T18:55:06.358+0200] {dag.py:3096} INFO - Sync 1 DAGs
[2025-06-12T18:55:06.457+0200] {logging_mixin.py:188} INFO - [2025-06-12T18:55:06.457+0200] {dag.py:3954} INFO - Setting next_dagrun for example_setup_teardown_taskflow to 2025-06-11 00:00:00+00:00, run_after=2025-06-12 00:00:00+00:00
[2025-06-12T18:55:06.476+0200] {processor.py:183} INFO - Processing /home/leoja/airflow/airflow_venv/lib/python3.12/site-packages/airflow/example_dags/example_setup_teardown_taskflow.py took 0.142 seconds
[2025-06-12T18:55:56.772+0200] {processor.py:161} INFO - Started process (PID=404378) to work on /home/leoja/airflow/airflow_venv/lib/python3.12/site-packages/airflow/example_dags/example_setup_teardown_taskflow.py
[2025-06-12T18:55:56.774+0200] {processor.py:830} INFO - Processing file /home/leoja/airflow/airflow_venv/lib/python3.12/site-packages/airflow/example_dags/example_setup_teardown_taskflow.py for tasks to queue
[2025-06-12T18:55:56.776+0200] {logging_mixin.py:188} INFO - [2025-06-12T18:55:56.775+0200] {dagbag.py:540} INFO - Filling up the DagBag from /home/leoja/airflow/airflow_venv/lib/python3.12/site-packages/airflow/example_dags/example_setup_teardown_taskflow.py
[2025-06-12T18:55:56.782+0200] {processor.py:840} INFO - DAG(s) 'example_setup_teardown_taskflow' retrieved from /home/leoja/airflow/airflow_venv/lib/python3.12/site-packages/airflow/example_dags/example_setup_teardown_taskflow.py
[2025-06-12T18:55:56.795+0200] {logging_mixin.py:188} INFO - [2025-06-12T18:55:56.794+0200] {dag.py:3096} INFO - Sync 1 DAGs
[2025-06-12T18:55:56.808+0200] {logging_mixin.py:188} INFO - [2025-06-12T18:55:56.808+0200] {dag.py:3954} INFO - Setting next_dagrun for example_setup_teardown_taskflow to 2025-06-11 00:00:00+00:00, run_after=2025-06-12 00:00:00+00:00
[2025-06-12T18:55:56.911+0200] {processor.py:183} INFO - Processing /home/leoja/airflow/airflow_venv/lib/python3.12/site-packages/airflow/example_dags/example_setup_teardown_taskflow.py took 0.142 seconds
[2025-06-12T18:56:46.596+0200] {processor.py:161} INFO - Started process (PID=404560) to work on /home/leoja/airflow/airflow_venv/lib/python3.12/site-packages/airflow/example_dags/example_setup_teardown_taskflow.py
[2025-06-12T18:56:46.598+0200] {processor.py:830} INFO - Processing file /home/leoja/airflow/airflow_venv/lib/python3.12/site-packages/airflow/example_dags/example_setup_teardown_taskflow.py for tasks to queue
[2025-06-12T18:56:46.599+0200] {logging_mixin.py:188} INFO - [2025-06-12T18:56:46.599+0200] {dagbag.py:540} INFO - Filling up the DagBag from /home/leoja/airflow/airflow_venv/lib/python3.12/site-packages/airflow/example_dags/example_setup_teardown_taskflow.py
[2025-06-12T18:56:46.605+0200] {processor.py:840} INFO - DAG(s) 'example_setup_teardown_taskflow' retrieved from /home/leoja/airflow/airflow_venv/lib/python3.12/site-packages/airflow/example_dags/example_setup_teardown_taskflow.py
[2025-06-12T18:56:46.616+0200] {logging_mixin.py:188} INFO - [2025-06-12T18:56:46.616+0200] {dag.py:3096} INFO - Sync 1 DAGs
[2025-06-12T18:56:46.636+0200] {logging_mixin.py:188} INFO - [2025-06-12T18:56:46.635+0200] {dag.py:3954} INFO - Setting next_dagrun for example_setup_teardown_taskflow to 2025-06-11 00:00:00+00:00, run_after=2025-06-12 00:00:00+00:00
[2025-06-12T18:56:46.674+0200] {processor.py:183} INFO - Processing /home/leoja/airflow/airflow_venv/lib/python3.12/site-packages/airflow/example_dags/example_setup_teardown_taskflow.py took 0.082 seconds
[2025-06-12T18:57:33.137+0200] {processor.py:161} INFO - Started process (PID=404736) to work on /home/leoja/airflow/airflow_venv/lib/python3.12/site-packages/airflow/example_dags/example_setup_teardown_taskflow.py
[2025-06-12T18:57:33.138+0200] {processor.py:830} INFO - Processing file /home/leoja/airflow/airflow_venv/lib/python3.12/site-packages/airflow/example_dags/example_setup_teardown_taskflow.py for tasks to queue
[2025-06-12T18:57:33.139+0200] {logging_mixin.py:188} INFO - [2025-06-12T18:57:33.139+0200] {dagbag.py:540} INFO - Filling up the DagBag from /home/leoja/airflow/airflow_venv/lib/python3.12/site-packages/airflow/example_dags/example_setup_teardown_taskflow.py
[2025-06-12T18:57:33.146+0200] {processor.py:840} INFO - DAG(s) 'example_setup_teardown_taskflow' retrieved from /home/leoja/airflow/airflow_venv/lib/python3.12/site-packages/airflow/example_dags/example_setup_teardown_taskflow.py
[2025-06-12T18:57:33.158+0200] {logging_mixin.py:188} INFO - [2025-06-12T18:57:33.158+0200] {dag.py:3096} INFO - Sync 1 DAGs
[2025-06-12T18:57:33.169+0200] {logging_mixin.py:188} INFO - [2025-06-12T18:57:33.169+0200] {dag.py:3954} INFO - Setting next_dagrun for example_setup_teardown_taskflow to 2025-06-11 00:00:00+00:00, run_after=2025-06-12 00:00:00+00:00
[2025-06-12T18:57:33.187+0200] {processor.py:183} INFO - Processing /home/leoja/airflow/airflow_venv/lib/python3.12/site-packages/airflow/example_dags/example_setup_teardown_taskflow.py took 0.055 seconds
[2025-06-12T18:58:16.152+0200] {processor.py:161} INFO - Started process (PID=404994) to work on /home/leoja/airflow/airflow_venv/lib/python3.12/site-packages/airflow/example_dags/example_setup_teardown_taskflow.py
[2025-06-12T18:58:16.154+0200] {processor.py:830} INFO - Processing file /home/leoja/airflow/airflow_venv/lib/python3.12/site-packages/airflow/example_dags/example_setup_teardown_taskflow.py for tasks to queue
[2025-06-12T18:58:16.155+0200] {logging_mixin.py:188} INFO - [2025-06-12T18:58:16.155+0200] {dagbag.py:540} INFO - Filling up the DagBag from /home/leoja/airflow/airflow_venv/lib/python3.12/site-packages/airflow/example_dags/example_setup_teardown_taskflow.py
[2025-06-12T18:58:16.162+0200] {processor.py:840} INFO - DAG(s) 'example_setup_teardown_taskflow' retrieved from /home/leoja/airflow/airflow_venv/lib/python3.12/site-packages/airflow/example_dags/example_setup_teardown_taskflow.py
[2025-06-12T18:58:16.174+0200] {logging_mixin.py:188} INFO - [2025-06-12T18:58:16.174+0200] {dag.py:3096} INFO - Sync 1 DAGs
[2025-06-12T18:58:16.193+0200] {logging_mixin.py:188} INFO - [2025-06-12T18:58:16.193+0200] {dag.py:3954} INFO - Setting next_dagrun for example_setup_teardown_taskflow to 2025-06-11 00:00:00+00:00, run_after=2025-06-12 00:00:00+00:00
[2025-06-12T18:58:16.213+0200] {processor.py:183} INFO - Processing /home/leoja/airflow/airflow_venv/lib/python3.12/site-packages/airflow/example_dags/example_setup_teardown_taskflow.py took 0.065 seconds
[2025-06-12T18:59:00.846+0200] {processor.py:161} INFO - Started process (PID=405244) to work on /home/leoja/airflow/airflow_venv/lib/python3.12/site-packages/airflow/example_dags/example_setup_teardown_taskflow.py
[2025-06-12T18:59:00.847+0200] {processor.py:830} INFO - Processing file /home/leoja/airflow/airflow_venv/lib/python3.12/site-packages/airflow/example_dags/example_setup_teardown_taskflow.py for tasks to queue
[2025-06-12T18:59:00.849+0200] {logging_mixin.py:188} INFO - [2025-06-12T18:59:00.848+0200] {dagbag.py:540} INFO - Filling up the DagBag from /home/leoja/airflow/airflow_venv/lib/python3.12/site-packages/airflow/example_dags/example_setup_teardown_taskflow.py
[2025-06-12T18:59:00.856+0200] {processor.py:840} INFO - DAG(s) 'example_setup_teardown_taskflow' retrieved from /home/leoja/airflow/airflow_venv/lib/python3.12/site-packages/airflow/example_dags/example_setup_teardown_taskflow.py
[2025-06-12T18:59:00.873+0200] {logging_mixin.py:188} INFO - [2025-06-12T18:59:00.872+0200] {dag.py:3096} INFO - Sync 1 DAGs
[2025-06-12T18:59:00.886+0200] {logging_mixin.py:188} INFO - [2025-06-12T18:59:00.886+0200] {dag.py:3954} INFO - Setting next_dagrun for example_setup_teardown_taskflow to 2025-06-11 00:00:00+00:00, run_after=2025-06-12 00:00:00+00:00
[2025-06-12T18:59:00.906+0200] {processor.py:183} INFO - Processing /home/leoja/airflow/airflow_venv/lib/python3.12/site-packages/airflow/example_dags/example_setup_teardown_taskflow.py took 0.065 seconds
[2025-06-12T18:59:46.261+0200] {processor.py:161} INFO - Started process (PID=405507) to work on /home/leoja/airflow/airflow_venv/lib/python3.12/site-packages/airflow/example_dags/example_setup_teardown_taskflow.py
[2025-06-12T18:59:46.262+0200] {processor.py:830} INFO - Processing file /home/leoja/airflow/airflow_venv/lib/python3.12/site-packages/airflow/example_dags/example_setup_teardown_taskflow.py for tasks to queue
[2025-06-12T18:59:46.264+0200] {logging_mixin.py:188} INFO - [2025-06-12T18:59:46.264+0200] {dagbag.py:540} INFO - Filling up the DagBag from /home/leoja/airflow/airflow_venv/lib/python3.12/site-packages/airflow/example_dags/example_setup_teardown_taskflow.py
[2025-06-12T18:59:46.272+0200] {processor.py:840} INFO - DAG(s) 'example_setup_teardown_taskflow' retrieved from /home/leoja/airflow/airflow_venv/lib/python3.12/site-packages/airflow/example_dags/example_setup_teardown_taskflow.py
[2025-06-12T18:59:46.285+0200] {logging_mixin.py:188} INFO - [2025-06-12T18:59:46.285+0200] {dag.py:3096} INFO - Sync 1 DAGs
[2025-06-12T18:59:46.298+0200] {logging_mixin.py:188} INFO - [2025-06-12T18:59:46.298+0200] {dag.py:3954} INFO - Setting next_dagrun for example_setup_teardown_taskflow to 2025-06-11 00:00:00+00:00, run_after=2025-06-12 00:00:00+00:00
[2025-06-12T18:59:46.318+0200] {processor.py:183} INFO - Processing /home/leoja/airflow/airflow_venv/lib/python3.12/site-packages/airflow/example_dags/example_setup_teardown_taskflow.py took 0.064 seconds
[2025-06-12T19:00:32.991+0200] {processor.py:161} INFO - Started process (PID=405756) to work on /home/leoja/airflow/airflow_venv/lib/python3.12/site-packages/airflow/example_dags/example_setup_teardown_taskflow.py
[2025-06-12T19:00:32.993+0200] {processor.py:830} INFO - Processing file /home/leoja/airflow/airflow_venv/lib/python3.12/site-packages/airflow/example_dags/example_setup_teardown_taskflow.py for tasks to queue
[2025-06-12T19:00:32.994+0200] {logging_mixin.py:188} INFO - [2025-06-12T19:00:32.994+0200] {dagbag.py:540} INFO - Filling up the DagBag from /home/leoja/airflow/airflow_venv/lib/python3.12/site-packages/airflow/example_dags/example_setup_teardown_taskflow.py
[2025-06-12T19:00:33.001+0200] {processor.py:840} INFO - DAG(s) 'example_setup_teardown_taskflow' retrieved from /home/leoja/airflow/airflow_venv/lib/python3.12/site-packages/airflow/example_dags/example_setup_teardown_taskflow.py
[2025-06-12T19:00:33.015+0200] {logging_mixin.py:188} INFO - [2025-06-12T19:00:33.015+0200] {dag.py:3096} INFO - Sync 1 DAGs
[2025-06-12T19:00:33.030+0200] {logging_mixin.py:188} INFO - [2025-06-12T19:00:33.030+0200] {dag.py:3954} INFO - Setting next_dagrun for example_setup_teardown_taskflow to 2025-06-11 00:00:00+00:00, run_after=2025-06-12 00:00:00+00:00
[2025-06-12T19:00:33.049+0200] {processor.py:183} INFO - Processing /home/leoja/airflow/airflow_venv/lib/python3.12/site-packages/airflow/example_dags/example_setup_teardown_taskflow.py took 0.062 seconds
[2025-06-12T19:01:19.046+0200] {processor.py:161} INFO - Started process (PID=406029) to work on /home/leoja/airflow/airflow_venv/lib/python3.12/site-packages/airflow/example_dags/example_setup_teardown_taskflow.py
[2025-06-12T19:01:19.047+0200] {processor.py:830} INFO - Processing file /home/leoja/airflow/airflow_venv/lib/python3.12/site-packages/airflow/example_dags/example_setup_teardown_taskflow.py for tasks to queue
[2025-06-12T19:01:19.048+0200] {logging_mixin.py:188} INFO - [2025-06-12T19:01:19.048+0200] {dagbag.py:540} INFO - Filling up the DagBag from /home/leoja/airflow/airflow_venv/lib/python3.12/site-packages/airflow/example_dags/example_setup_teardown_taskflow.py
[2025-06-12T19:01:19.056+0200] {processor.py:840} INFO - DAG(s) 'example_setup_teardown_taskflow' retrieved from /home/leoja/airflow/airflow_venv/lib/python3.12/site-packages/airflow/example_dags/example_setup_teardown_taskflow.py
[2025-06-12T19:01:19.077+0200] {logging_mixin.py:188} INFO - [2025-06-12T19:01:19.077+0200] {dag.py:3096} INFO - Sync 1 DAGs
[2025-06-12T19:01:19.125+0200] {logging_mixin.py:188} INFO - [2025-06-12T19:01:19.125+0200] {dag.py:3954} INFO - Setting next_dagrun for example_setup_teardown_taskflow to 2025-06-11 00:00:00+00:00, run_after=2025-06-12 00:00:00+00:00
[2025-06-12T19:01:19.164+0200] {processor.py:183} INFO - Processing /home/leoja/airflow/airflow_venv/lib/python3.12/site-packages/airflow/example_dags/example_setup_teardown_taskflow.py took 0.124 seconds
[2025-06-12T19:02:01.373+0200] {processor.py:161} INFO - Started process (PID=406269) to work on /home/leoja/airflow/airflow_venv/lib/python3.12/site-packages/airflow/example_dags/example_setup_teardown_taskflow.py
[2025-06-12T19:02:01.375+0200] {processor.py:830} INFO - Processing file /home/leoja/airflow/airflow_venv/lib/python3.12/site-packages/airflow/example_dags/example_setup_teardown_taskflow.py for tasks to queue
[2025-06-12T19:02:01.376+0200] {logging_mixin.py:188} INFO - [2025-06-12T19:02:01.376+0200] {dagbag.py:540} INFO - Filling up the DagBag from /home/leoja/airflow/airflow_venv/lib/python3.12/site-packages/airflow/example_dags/example_setup_teardown_taskflow.py
[2025-06-12T19:02:01.386+0200] {processor.py:840} INFO - DAG(s) 'example_setup_teardown_taskflow' retrieved from /home/leoja/airflow/airflow_venv/lib/python3.12/site-packages/airflow/example_dags/example_setup_teardown_taskflow.py
[2025-06-12T19:02:01.399+0200] {logging_mixin.py:188} INFO - [2025-06-12T19:02:01.399+0200] {dag.py:3096} INFO - Sync 1 DAGs
[2025-06-12T19:02:01.415+0200] {logging_mixin.py:188} INFO - [2025-06-12T19:02:01.415+0200] {dag.py:3954} INFO - Setting next_dagrun for example_setup_teardown_taskflow to 2025-06-11 00:00:00+00:00, run_after=2025-06-12 00:00:00+00:00
[2025-06-12T19:02:01.436+0200] {processor.py:183} INFO - Processing /home/leoja/airflow/airflow_venv/lib/python3.12/site-packages/airflow/example_dags/example_setup_teardown_taskflow.py took 0.068 seconds
[2025-06-12T19:02:48.517+0200] {processor.py:161} INFO - Started process (PID=406527) to work on /home/leoja/airflow/airflow_venv/lib/python3.12/site-packages/airflow/example_dags/example_setup_teardown_taskflow.py
[2025-06-12T19:02:48.521+0200] {processor.py:830} INFO - Processing file /home/leoja/airflow/airflow_venv/lib/python3.12/site-packages/airflow/example_dags/example_setup_teardown_taskflow.py for tasks to queue
[2025-06-12T19:02:48.522+0200] {logging_mixin.py:188} INFO - [2025-06-12T19:02:48.522+0200] {dagbag.py:540} INFO - Filling up the DagBag from /home/leoja/airflow/airflow_venv/lib/python3.12/site-packages/airflow/example_dags/example_setup_teardown_taskflow.py
[2025-06-12T19:02:48.529+0200] {processor.py:840} INFO - DAG(s) 'example_setup_teardown_taskflow' retrieved from /home/leoja/airflow/airflow_venv/lib/python3.12/site-packages/airflow/example_dags/example_setup_teardown_taskflow.py
[2025-06-12T19:02:48.542+0200] {logging_mixin.py:188} INFO - [2025-06-12T19:02:48.542+0200] {dag.py:3096} INFO - Sync 1 DAGs
[2025-06-12T19:02:48.556+0200] {logging_mixin.py:188} INFO - [2025-06-12T19:02:48.555+0200] {dag.py:3954} INFO - Setting next_dagrun for example_setup_teardown_taskflow to 2025-06-11 00:00:00+00:00, run_after=2025-06-12 00:00:00+00:00
[2025-06-12T19:02:48.575+0200] {processor.py:183} INFO - Processing /home/leoja/airflow/airflow_venv/lib/python3.12/site-packages/airflow/example_dags/example_setup_teardown_taskflow.py took 0.062 seconds
[2025-06-12T19:03:35.749+0200] {processor.py:161} INFO - Started process (PID=406790) to work on /home/leoja/airflow/airflow_venv/lib/python3.12/site-packages/airflow/example_dags/example_setup_teardown_taskflow.py
[2025-06-12T19:03:35.751+0200] {processor.py:830} INFO - Processing file /home/leoja/airflow/airflow_venv/lib/python3.12/site-packages/airflow/example_dags/example_setup_teardown_taskflow.py for tasks to queue
[2025-06-12T19:03:35.752+0200] {logging_mixin.py:188} INFO - [2025-06-12T19:03:35.752+0200] {dagbag.py:540} INFO - Filling up the DagBag from /home/leoja/airflow/airflow_venv/lib/python3.12/site-packages/airflow/example_dags/example_setup_teardown_taskflow.py
[2025-06-12T19:03:35.759+0200] {processor.py:840} INFO - DAG(s) 'example_setup_teardown_taskflow' retrieved from /home/leoja/airflow/airflow_venv/lib/python3.12/site-packages/airflow/example_dags/example_setup_teardown_taskflow.py
[2025-06-12T19:03:35.770+0200] {logging_mixin.py:188} INFO - [2025-06-12T19:03:35.769+0200] {dag.py:3096} INFO - Sync 1 DAGs
[2025-06-12T19:03:35.782+0200] {logging_mixin.py:188} INFO - [2025-06-12T19:03:35.781+0200] {dag.py:3954} INFO - Setting next_dagrun for example_setup_teardown_taskflow to 2025-06-11 00:00:00+00:00, run_after=2025-06-12 00:00:00+00:00
[2025-06-12T19:03:35.800+0200] {processor.py:183} INFO - Processing /home/leoja/airflow/airflow_venv/lib/python3.12/site-packages/airflow/example_dags/example_setup_teardown_taskflow.py took 0.055 seconds
[2025-06-12T19:04:20.457+0200] {processor.py:161} INFO - Started process (PID=407091) to work on /home/leoja/airflow/airflow_venv/lib/python3.12/site-packages/airflow/example_dags/example_setup_teardown_taskflow.py
[2025-06-12T19:04:20.458+0200] {processor.py:830} INFO - Processing file /home/leoja/airflow/airflow_venv/lib/python3.12/site-packages/airflow/example_dags/example_setup_teardown_taskflow.py for tasks to queue
[2025-06-12T19:04:20.460+0200] {logging_mixin.py:188} INFO - [2025-06-12T19:04:20.459+0200] {dagbag.py:540} INFO - Filling up the DagBag from /home/leoja/airflow/airflow_venv/lib/python3.12/site-packages/airflow/example_dags/example_setup_teardown_taskflow.py
[2025-06-12T19:04:20.471+0200] {processor.py:840} INFO - DAG(s) 'example_setup_teardown_taskflow' retrieved from /home/leoja/airflow/airflow_venv/lib/python3.12/site-packages/airflow/example_dags/example_setup_teardown_taskflow.py
[2025-06-12T19:04:20.486+0200] {logging_mixin.py:188} INFO - [2025-06-12T19:04:20.485+0200] {dag.py:3096} INFO - Sync 1 DAGs
[2025-06-12T19:04:20.502+0200] {logging_mixin.py:188} INFO - [2025-06-12T19:04:20.502+0200] {dag.py:3954} INFO - Setting next_dagrun for example_setup_teardown_taskflow to 2025-06-11 00:00:00+00:00, run_after=2025-06-12 00:00:00+00:00
[2025-06-12T19:04:20.524+0200] {processor.py:183} INFO - Processing /home/leoja/airflow/airflow_venv/lib/python3.12/site-packages/airflow/example_dags/example_setup_teardown_taskflow.py took 0.072 seconds
[2025-06-12T19:05:01.559+0200] {processor.py:161} INFO - Started process (PID=407335) to work on /home/leoja/airflow/airflow_venv/lib/python3.12/site-packages/airflow/example_dags/example_setup_teardown_taskflow.py
[2025-06-12T19:05:01.561+0200] {processor.py:830} INFO - Processing file /home/leoja/airflow/airflow_venv/lib/python3.12/site-packages/airflow/example_dags/example_setup_teardown_taskflow.py for tasks to queue
[2025-06-12T19:05:01.562+0200] {logging_mixin.py:188} INFO - [2025-06-12T19:05:01.562+0200] {dagbag.py:540} INFO - Filling up the DagBag from /home/leoja/airflow/airflow_venv/lib/python3.12/site-packages/airflow/example_dags/example_setup_teardown_taskflow.py
[2025-06-12T19:05:01.569+0200] {processor.py:840} INFO - DAG(s) 'example_setup_teardown_taskflow' retrieved from /home/leoja/airflow/airflow_venv/lib/python3.12/site-packages/airflow/example_dags/example_setup_teardown_taskflow.py
[2025-06-12T19:05:01.582+0200] {logging_mixin.py:188} INFO - [2025-06-12T19:05:01.582+0200] {dag.py:3096} INFO - Sync 1 DAGs
[2025-06-12T19:05:01.597+0200] {logging_mixin.py:188} INFO - [2025-06-12T19:05:01.597+0200] {dag.py:3954} INFO - Setting next_dagrun for example_setup_teardown_taskflow to 2025-06-11 00:00:00+00:00, run_after=2025-06-12 00:00:00+00:00
[2025-06-12T19:05:01.619+0200] {processor.py:183} INFO - Processing /home/leoja/airflow/airflow_venv/lib/python3.12/site-packages/airflow/example_dags/example_setup_teardown_taskflow.py took 0.066 seconds
[2025-06-12T19:05:48.479+0200] {processor.py:161} INFO - Started process (PID=407584) to work on /home/leoja/airflow/airflow_venv/lib/python3.12/site-packages/airflow/example_dags/example_setup_teardown_taskflow.py
[2025-06-12T19:05:48.481+0200] {processor.py:830} INFO - Processing file /home/leoja/airflow/airflow_venv/lib/python3.12/site-packages/airflow/example_dags/example_setup_teardown_taskflow.py for tasks to queue
[2025-06-12T19:05:48.483+0200] {logging_mixin.py:188} INFO - [2025-06-12T19:05:48.483+0200] {dagbag.py:540} INFO - Filling up the DagBag from /home/leoja/airflow/airflow_venv/lib/python3.12/site-packages/airflow/example_dags/example_setup_teardown_taskflow.py
[2025-06-12T19:05:48.490+0200] {processor.py:840} INFO - DAG(s) 'example_setup_teardown_taskflow' retrieved from /home/leoja/airflow/airflow_venv/lib/python3.12/site-packages/airflow/example_dags/example_setup_teardown_taskflow.py
[2025-06-12T19:05:48.503+0200] {logging_mixin.py:188} INFO - [2025-06-12T19:05:48.503+0200] {dag.py:3096} INFO - Sync 1 DAGs
[2025-06-12T19:05:48.517+0200] {logging_mixin.py:188} INFO - [2025-06-12T19:05:48.516+0200] {dag.py:3954} INFO - Setting next_dagrun for example_setup_teardown_taskflow to 2025-06-11 00:00:00+00:00, run_after=2025-06-12 00:00:00+00:00
[2025-06-12T19:05:48.539+0200] {processor.py:183} INFO - Processing /home/leoja/airflow/airflow_venv/lib/python3.12/site-packages/airflow/example_dags/example_setup_teardown_taskflow.py took 0.065 seconds
