[2025-06-12T18:20:16.356+0200] {processor.py:161} INFO - Started process (PID=390546) to work on /home/leoja/airflow/airflow_venv/lib/python3.12/site-packages/airflow/example_dags/tutorial_taskflow_api.py
[2025-06-12T18:20:16.357+0200] {processor.py:830} INFO - Processing file /home/leoja/airflow/airflow_venv/lib/python3.12/site-packages/airflow/example_dags/tutorial_taskflow_api.py for tasks to queue
[2025-06-12T18:20:16.359+0200] {logging_mixin.py:188} INFO - [2025-06-12T18:20:16.359+0200] {dagbag.py:540} INFO - Filling up the DagBag from /home/leoja/airflow/airflow_venv/lib/python3.12/site-packages/airflow/example_dags/tutorial_taskflow_api.py
[2025-06-12T18:20:16.369+0200] {processor.py:840} INFO - DAG(s) 'tutorial_taskflow_api' retrieved from /home/leoja/airflow/airflow_venv/lib/python3.12/site-packages/airflow/example_dags/tutorial_taskflow_api.py
[2025-06-12T18:20:16.465+0200] {logging_mixin.py:188} INFO - [2025-06-12T18:20:16.464+0200] {dag.py:3096} INFO - Sync 1 DAGs
[2025-06-12T18:20:16.473+0200] {logging_mixin.py:188} INFO - [2025-06-12T18:20:16.473+0200] {dag.py:3954} INFO - Setting next_dagrun for tutorial_taskflow_api to None, run_after=None
[2025-06-12T18:20:16.497+0200] {processor.py:183} INFO - Processing /home/leoja/airflow/airflow_venv/lib/python3.12/site-packages/airflow/example_dags/tutorial_taskflow_api.py took 0.148 seconds
[2025-06-12T18:21:16.794+0200] {processor.py:161} INFO - Started process (PID=390984) to work on /home/leoja/airflow/airflow_venv/lib/python3.12/site-packages/airflow/example_dags/tutorial_taskflow_api.py
[2025-06-12T18:21:16.798+0200] {processor.py:830} INFO - Processing file /home/leoja/airflow/airflow_venv/lib/python3.12/site-packages/airflow/example_dags/tutorial_taskflow_api.py for tasks to queue
[2025-06-12T18:21:16.801+0200] {logging_mixin.py:188} INFO - [2025-06-12T18:21:16.800+0200] {dagbag.py:540} INFO - Filling up the DagBag from /home/leoja/airflow/airflow_venv/lib/python3.12/site-packages/airflow/example_dags/tutorial_taskflow_api.py
[2025-06-12T18:21:16.808+0200] {processor.py:840} INFO - DAG(s) 'tutorial_taskflow_api' retrieved from /home/leoja/airflow/airflow_venv/lib/python3.12/site-packages/airflow/example_dags/tutorial_taskflow_api.py
[2025-06-12T18:21:16.822+0200] {logging_mixin.py:188} INFO - [2025-06-12T18:21:16.822+0200] {dag.py:3096} INFO - Sync 1 DAGs
[2025-06-12T18:21:16.833+0200] {logging_mixin.py:188} INFO - [2025-06-12T18:21:16.833+0200] {dag.py:3954} INFO - Setting next_dagrun for tutorial_taskflow_api to None, run_after=None
[2025-06-12T18:21:16.919+0200] {processor.py:183} INFO - Processing /home/leoja/airflow/airflow_venv/lib/python3.12/site-packages/airflow/example_dags/tutorial_taskflow_api.py took 0.132 seconds
[2025-06-12T18:22:09.102+0200] {processor.py:161} INFO - Started process (PID=391353) to work on /home/leoja/airflow/airflow_venv/lib/python3.12/site-packages/airflow/example_dags/tutorial_taskflow_api.py
[2025-06-12T18:22:09.105+0200] {processor.py:830} INFO - Processing file /home/leoja/airflow/airflow_venv/lib/python3.12/site-packages/airflow/example_dags/tutorial_taskflow_api.py for tasks to queue
[2025-06-12T18:22:09.107+0200] {logging_mixin.py:188} INFO - [2025-06-12T18:22:09.106+0200] {dagbag.py:540} INFO - Filling up the DagBag from /home/leoja/airflow/airflow_venv/lib/python3.12/site-packages/airflow/example_dags/tutorial_taskflow_api.py
[2025-06-12T18:22:09.113+0200] {processor.py:840} INFO - DAG(s) 'tutorial_taskflow_api' retrieved from /home/leoja/airflow/airflow_venv/lib/python3.12/site-packages/airflow/example_dags/tutorial_taskflow_api.py
[2025-06-12T18:22:09.124+0200] {logging_mixin.py:188} INFO - [2025-06-12T18:22:09.124+0200] {dag.py:3096} INFO - Sync 1 DAGs
[2025-06-12T18:22:09.132+0200] {logging_mixin.py:188} INFO - [2025-06-12T18:22:09.132+0200] {dag.py:3954} INFO - Setting next_dagrun for tutorial_taskflow_api to None, run_after=None
[2025-06-12T18:22:09.151+0200] {processor.py:183} INFO - Processing /home/leoja/airflow/airflow_venv/lib/python3.12/site-packages/airflow/example_dags/tutorial_taskflow_api.py took 0.053 seconds
[2025-06-12T18:23:03.583+0200] {processor.py:161} INFO - Started process (PID=392178) to work on /home/leoja/airflow/airflow_venv/lib/python3.12/site-packages/airflow/example_dags/tutorial_taskflow_api.py
[2025-06-12T18:23:03.584+0200] {processor.py:830} INFO - Processing file /home/leoja/airflow/airflow_venv/lib/python3.12/site-packages/airflow/example_dags/tutorial_taskflow_api.py for tasks to queue
[2025-06-12T18:23:03.586+0200] {logging_mixin.py:188} INFO - [2025-06-12T18:23:03.585+0200] {dagbag.py:540} INFO - Filling up the DagBag from /home/leoja/airflow/airflow_venv/lib/python3.12/site-packages/airflow/example_dags/tutorial_taskflow_api.py
[2025-06-12T18:23:03.590+0200] {processor.py:840} INFO - DAG(s) 'tutorial_taskflow_api' retrieved from /home/leoja/airflow/airflow_venv/lib/python3.12/site-packages/airflow/example_dags/tutorial_taskflow_api.py
[2025-06-12T18:23:03.602+0200] {logging_mixin.py:188} INFO - [2025-06-12T18:23:03.602+0200] {dag.py:3096} INFO - Sync 1 DAGs
[2025-06-12T18:23:03.609+0200] {logging_mixin.py:188} INFO - [2025-06-12T18:23:03.608+0200] {dag.py:3954} INFO - Setting next_dagrun for tutorial_taskflow_api to None, run_after=None
[2025-06-12T18:23:03.629+0200] {processor.py:183} INFO - Processing /home/leoja/airflow/airflow_venv/lib/python3.12/site-packages/airflow/example_dags/tutorial_taskflow_api.py took 0.050 seconds
[2025-06-12T18:23:59.326+0200] {processor.py:161} INFO - Started process (PID=392972) to work on /home/leoja/airflow/airflow_venv/lib/python3.12/site-packages/airflow/example_dags/tutorial_taskflow_api.py
[2025-06-12T18:23:59.327+0200] {processor.py:830} INFO - Processing file /home/leoja/airflow/airflow_venv/lib/python3.12/site-packages/airflow/example_dags/tutorial_taskflow_api.py for tasks to queue
[2025-06-12T18:23:59.329+0200] {logging_mixin.py:188} INFO - [2025-06-12T18:23:59.328+0200] {dagbag.py:540} INFO - Filling up the DagBag from /home/leoja/airflow/airflow_venv/lib/python3.12/site-packages/airflow/example_dags/tutorial_taskflow_api.py
[2025-06-12T18:23:59.333+0200] {processor.py:840} INFO - DAG(s) 'tutorial_taskflow_api' retrieved from /home/leoja/airflow/airflow_venv/lib/python3.12/site-packages/airflow/example_dags/tutorial_taskflow_api.py
[2025-06-12T18:23:59.345+0200] {logging_mixin.py:188} INFO - [2025-06-12T18:23:59.345+0200] {dag.py:3096} INFO - Sync 1 DAGs
[2025-06-12T18:23:59.352+0200] {logging_mixin.py:188} INFO - [2025-06-12T18:23:59.352+0200] {dag.py:3954} INFO - Setting next_dagrun for tutorial_taskflow_api to None, run_after=None
[2025-06-12T18:23:59.373+0200] {processor.py:183} INFO - Processing /home/leoja/airflow/airflow_venv/lib/python3.12/site-packages/airflow/example_dags/tutorial_taskflow_api.py took 0.052 seconds
[2025-06-12T18:24:42.823+0200] {processor.py:161} INFO - Started process (PID=393260) to work on /home/leoja/airflow/airflow_venv/lib/python3.12/site-packages/airflow/example_dags/tutorial_taskflow_api.py
[2025-06-12T18:24:42.825+0200] {processor.py:830} INFO - Processing file /home/leoja/airflow/airflow_venv/lib/python3.12/site-packages/airflow/example_dags/tutorial_taskflow_api.py for tasks to queue
[2025-06-12T18:24:42.827+0200] {logging_mixin.py:188} INFO - [2025-06-12T18:24:42.826+0200] {dagbag.py:540} INFO - Filling up the DagBag from /home/leoja/airflow/airflow_venv/lib/python3.12/site-packages/airflow/example_dags/tutorial_taskflow_api.py
[2025-06-12T18:24:42.832+0200] {processor.py:840} INFO - DAG(s) 'tutorial_taskflow_api' retrieved from /home/leoja/airflow/airflow_venv/lib/python3.12/site-packages/airflow/example_dags/tutorial_taskflow_api.py
[2025-06-12T18:24:42.842+0200] {logging_mixin.py:188} INFO - [2025-06-12T18:24:42.842+0200] {dag.py:3096} INFO - Sync 1 DAGs
[2025-06-12T18:24:42.849+0200] {logging_mixin.py:188} INFO - [2025-06-12T18:24:42.849+0200] {dag.py:3954} INFO - Setting next_dagrun for tutorial_taskflow_api to None, run_after=None
[2025-06-12T18:24:42.869+0200] {processor.py:183} INFO - Processing /home/leoja/airflow/airflow_venv/lib/python3.12/site-packages/airflow/example_dags/tutorial_taskflow_api.py took 0.050 seconds
[2025-06-12T18:25:29.310+0200] {processor.py:161} INFO - Started process (PID=393411) to work on /home/leoja/airflow/airflow_venv/lib/python3.12/site-packages/airflow/example_dags/tutorial_taskflow_api.py
[2025-06-12T18:25:29.312+0200] {processor.py:830} INFO - Processing file /home/leoja/airflow/airflow_venv/lib/python3.12/site-packages/airflow/example_dags/tutorial_taskflow_api.py for tasks to queue
[2025-06-12T18:25:29.313+0200] {logging_mixin.py:188} INFO - [2025-06-12T18:25:29.312+0200] {dagbag.py:540} INFO - Filling up the DagBag from /home/leoja/airflow/airflow_venv/lib/python3.12/site-packages/airflow/example_dags/tutorial_taskflow_api.py
[2025-06-12T18:25:29.317+0200] {processor.py:840} INFO - DAG(s) 'tutorial_taskflow_api' retrieved from /home/leoja/airflow/airflow_venv/lib/python3.12/site-packages/airflow/example_dags/tutorial_taskflow_api.py
[2025-06-12T18:25:29.328+0200] {logging_mixin.py:188} INFO - [2025-06-12T18:25:29.328+0200] {dag.py:3096} INFO - Sync 1 DAGs
[2025-06-12T18:25:29.336+0200] {logging_mixin.py:188} INFO - [2025-06-12T18:25:29.335+0200] {dag.py:3954} INFO - Setting next_dagrun for tutorial_taskflow_api to None, run_after=None
[2025-06-12T18:25:29.355+0200] {processor.py:183} INFO - Processing /home/leoja/airflow/airflow_venv/lib/python3.12/site-packages/airflow/example_dags/tutorial_taskflow_api.py took 0.049 seconds
[2025-06-12T18:26:17.399+0200] {processor.py:161} INFO - Started process (PID=393663) to work on /home/leoja/airflow/airflow_venv/lib/python3.12/site-packages/airflow/example_dags/tutorial_taskflow_api.py
[2025-06-12T18:26:17.401+0200] {processor.py:830} INFO - Processing file /home/leoja/airflow/airflow_venv/lib/python3.12/site-packages/airflow/example_dags/tutorial_taskflow_api.py for tasks to queue
[2025-06-12T18:26:17.403+0200] {logging_mixin.py:188} INFO - [2025-06-12T18:26:17.402+0200] {dagbag.py:540} INFO - Filling up the DagBag from /home/leoja/airflow/airflow_venv/lib/python3.12/site-packages/airflow/example_dags/tutorial_taskflow_api.py
[2025-06-12T18:26:17.409+0200] {processor.py:840} INFO - DAG(s) 'tutorial_taskflow_api' retrieved from /home/leoja/airflow/airflow_venv/lib/python3.12/site-packages/airflow/example_dags/tutorial_taskflow_api.py
[2025-06-12T18:26:17.420+0200] {logging_mixin.py:188} INFO - [2025-06-12T18:26:17.420+0200] {dag.py:3096} INFO - Sync 1 DAGs
[2025-06-12T18:26:17.431+0200] {logging_mixin.py:188} INFO - [2025-06-12T18:26:17.431+0200] {dag.py:3954} INFO - Setting next_dagrun for tutorial_taskflow_api to None, run_after=None
[2025-06-12T18:26:17.452+0200] {processor.py:183} INFO - Processing /home/leoja/airflow/airflow_venv/lib/python3.12/site-packages/airflow/example_dags/tutorial_taskflow_api.py took 0.058 seconds
[2025-06-12T18:27:06.955+0200] {processor.py:161} INFO - Started process (PID=393947) to work on /home/leoja/airflow/airflow_venv/lib/python3.12/site-packages/airflow/example_dags/tutorial_taskflow_api.py
[2025-06-12T18:27:06.957+0200] {processor.py:830} INFO - Processing file /home/leoja/airflow/airflow_venv/lib/python3.12/site-packages/airflow/example_dags/tutorial_taskflow_api.py for tasks to queue
[2025-06-12T18:27:06.958+0200] {logging_mixin.py:188} INFO - [2025-06-12T18:27:06.958+0200] {dagbag.py:540} INFO - Filling up the DagBag from /home/leoja/airflow/airflow_venv/lib/python3.12/site-packages/airflow/example_dags/tutorial_taskflow_api.py
[2025-06-12T18:27:06.963+0200] {processor.py:840} INFO - DAG(s) 'tutorial_taskflow_api' retrieved from /home/leoja/airflow/airflow_venv/lib/python3.12/site-packages/airflow/example_dags/tutorial_taskflow_api.py
[2025-06-12T18:27:06.976+0200] {logging_mixin.py:188} INFO - [2025-06-12T18:27:06.976+0200] {dag.py:3096} INFO - Sync 1 DAGs
[2025-06-12T18:27:06.988+0200] {logging_mixin.py:188} INFO - [2025-06-12T18:27:06.987+0200] {dag.py:3954} INFO - Setting next_dagrun for tutorial_taskflow_api to None, run_after=None
[2025-06-12T18:27:07.010+0200] {processor.py:183} INFO - Processing /home/leoja/airflow/airflow_venv/lib/python3.12/site-packages/airflow/example_dags/tutorial_taskflow_api.py took 0.060 seconds
[2025-06-12T18:28:03.434+0200] {processor.py:161} INFO - Started process (PID=394260) to work on /home/leoja/airflow/airflow_venv/lib/python3.12/site-packages/airflow/example_dags/tutorial_taskflow_api.py
[2025-06-12T18:28:03.435+0200] {processor.py:830} INFO - Processing file /home/leoja/airflow/airflow_venv/lib/python3.12/site-packages/airflow/example_dags/tutorial_taskflow_api.py for tasks to queue
[2025-06-12T18:28:03.437+0200] {logging_mixin.py:188} INFO - [2025-06-12T18:28:03.436+0200] {dagbag.py:540} INFO - Filling up the DagBag from /home/leoja/airflow/airflow_venv/lib/python3.12/site-packages/airflow/example_dags/tutorial_taskflow_api.py
[2025-06-12T18:28:03.445+0200] {processor.py:840} INFO - DAG(s) 'tutorial_taskflow_api' retrieved from /home/leoja/airflow/airflow_venv/lib/python3.12/site-packages/airflow/example_dags/tutorial_taskflow_api.py
[2025-06-12T18:28:03.459+0200] {logging_mixin.py:188} INFO - [2025-06-12T18:28:03.458+0200] {dag.py:3096} INFO - Sync 1 DAGs
[2025-06-12T18:28:03.468+0200] {logging_mixin.py:188} INFO - [2025-06-12T18:28:03.468+0200] {dag.py:3954} INFO - Setting next_dagrun for tutorial_taskflow_api to None, run_after=None
[2025-06-12T18:28:03.502+0200] {processor.py:183} INFO - Processing /home/leoja/airflow/airflow_venv/lib/python3.12/site-packages/airflow/example_dags/tutorial_taskflow_api.py took 0.072 seconds
[2025-06-12T18:29:00.179+0200] {processor.py:161} INFO - Started process (PID=394568) to work on /home/leoja/airflow/airflow_venv/lib/python3.12/site-packages/airflow/example_dags/tutorial_taskflow_api.py
[2025-06-12T18:29:00.186+0200] {processor.py:830} INFO - Processing file /home/leoja/airflow/airflow_venv/lib/python3.12/site-packages/airflow/example_dags/tutorial_taskflow_api.py for tasks to queue
[2025-06-12T18:29:00.189+0200] {logging_mixin.py:188} INFO - [2025-06-12T18:29:00.188+0200] {dagbag.py:540} INFO - Filling up the DagBag from /home/leoja/airflow/airflow_venv/lib/python3.12/site-packages/airflow/example_dags/tutorial_taskflow_api.py
[2025-06-12T18:29:00.207+0200] {processor.py:840} INFO - DAG(s) 'tutorial_taskflow_api' retrieved from /home/leoja/airflow/airflow_venv/lib/python3.12/site-packages/airflow/example_dags/tutorial_taskflow_api.py
[2025-06-12T18:29:00.254+0200] {logging_mixin.py:188} INFO - [2025-06-12T18:29:00.253+0200] {dag.py:3096} INFO - Sync 1 DAGs
[2025-06-12T18:29:00.278+0200] {logging_mixin.py:188} INFO - [2025-06-12T18:29:00.278+0200] {dag.py:3954} INFO - Setting next_dagrun for tutorial_taskflow_api to None, run_after=None
[2025-06-12T18:29:00.448+0200] {processor.py:183} INFO - Processing /home/leoja/airflow/airflow_venv/lib/python3.12/site-packages/airflow/example_dags/tutorial_taskflow_api.py took 0.277 seconds
[2025-06-12T18:30:04.055+0200] {processor.py:161} INFO - Started process (PID=394940) to work on /home/leoja/airflow/airflow_venv/lib/python3.12/site-packages/airflow/example_dags/tutorial_taskflow_api.py
[2025-06-12T18:30:04.056+0200] {processor.py:830} INFO - Processing file /home/leoja/airflow/airflow_venv/lib/python3.12/site-packages/airflow/example_dags/tutorial_taskflow_api.py for tasks to queue
[2025-06-12T18:30:04.057+0200] {logging_mixin.py:188} INFO - [2025-06-12T18:30:04.057+0200] {dagbag.py:540} INFO - Filling up the DagBag from /home/leoja/airflow/airflow_venv/lib/python3.12/site-packages/airflow/example_dags/tutorial_taskflow_api.py
[2025-06-12T18:30:04.063+0200] {processor.py:840} INFO - DAG(s) 'tutorial_taskflow_api' retrieved from /home/leoja/airflow/airflow_venv/lib/python3.12/site-packages/airflow/example_dags/tutorial_taskflow_api.py
[2025-06-12T18:30:04.076+0200] {logging_mixin.py:188} INFO - [2025-06-12T18:30:04.076+0200] {dag.py:3096} INFO - Sync 1 DAGs
[2025-06-12T18:30:04.086+0200] {logging_mixin.py:188} INFO - [2025-06-12T18:30:04.086+0200] {dag.py:3954} INFO - Setting next_dagrun for tutorial_taskflow_api to None, run_after=None
[2025-06-12T18:30:04.123+0200] {processor.py:183} INFO - Processing /home/leoja/airflow/airflow_venv/lib/python3.12/site-packages/airflow/example_dags/tutorial_taskflow_api.py took 0.074 seconds
[2025-06-12T18:31:09.196+0200] {processor.py:161} INFO - Started process (PID=395785) to work on /home/leoja/airflow/airflow_venv/lib/python3.12/site-packages/airflow/example_dags/tutorial_taskflow_api.py
[2025-06-12T18:31:09.198+0200] {processor.py:830} INFO - Processing file /home/leoja/airflow/airflow_venv/lib/python3.12/site-packages/airflow/example_dags/tutorial_taskflow_api.py for tasks to queue
[2025-06-12T18:31:09.200+0200] {logging_mixin.py:188} INFO - [2025-06-12T18:31:09.199+0200] {dagbag.py:540} INFO - Filling up the DagBag from /home/leoja/airflow/airflow_venv/lib/python3.12/site-packages/airflow/example_dags/tutorial_taskflow_api.py
[2025-06-12T18:31:09.208+0200] {processor.py:840} INFO - DAG(s) 'tutorial_taskflow_api' retrieved from /home/leoja/airflow/airflow_venv/lib/python3.12/site-packages/airflow/example_dags/tutorial_taskflow_api.py
[2025-06-12T18:31:09.221+0200] {logging_mixin.py:188} INFO - [2025-06-12T18:31:09.221+0200] {dag.py:3096} INFO - Sync 1 DAGs
[2025-06-12T18:31:09.230+0200] {logging_mixin.py:188} INFO - [2025-06-12T18:31:09.230+0200] {dag.py:3954} INFO - Setting next_dagrun for tutorial_taskflow_api to None, run_after=None
[2025-06-12T18:31:09.250+0200] {processor.py:183} INFO - Processing /home/leoja/airflow/airflow_venv/lib/python3.12/site-packages/airflow/example_dags/tutorial_taskflow_api.py took 0.059 seconds
[2025-06-12T18:31:49.458+0200] {processor.py:161} INFO - Started process (PID=396041) to work on /home/leoja/airflow/airflow_venv/lib/python3.12/site-packages/airflow/example_dags/tutorial_taskflow_api.py
[2025-06-12T18:31:49.466+0200] {processor.py:830} INFO - Processing file /home/leoja/airflow/airflow_venv/lib/python3.12/site-packages/airflow/example_dags/tutorial_taskflow_api.py for tasks to queue
[2025-06-12T18:31:49.468+0200] {logging_mixin.py:188} INFO - [2025-06-12T18:31:49.468+0200] {dagbag.py:540} INFO - Filling up the DagBag from /home/leoja/airflow/airflow_venv/lib/python3.12/site-packages/airflow/example_dags/tutorial_taskflow_api.py
[2025-06-12T18:31:49.474+0200] {processor.py:840} INFO - DAG(s) 'tutorial_taskflow_api' retrieved from /home/leoja/airflow/airflow_venv/lib/python3.12/site-packages/airflow/example_dags/tutorial_taskflow_api.py
[2025-06-12T18:31:49.484+0200] {logging_mixin.py:188} INFO - [2025-06-12T18:31:49.484+0200] {dag.py:3096} INFO - Sync 1 DAGs
[2025-06-12T18:31:49.492+0200] {logging_mixin.py:188} INFO - [2025-06-12T18:31:49.492+0200] {dag.py:3954} INFO - Setting next_dagrun for tutorial_taskflow_api to None, run_after=None
[2025-06-12T18:31:49.511+0200] {processor.py:183} INFO - Processing /home/leoja/airflow/airflow_venv/lib/python3.12/site-packages/airflow/example_dags/tutorial_taskflow_api.py took 0.058 seconds
[2025-06-12T18:32:35.522+0200] {processor.py:161} INFO - Started process (PID=396216) to work on /home/leoja/airflow/airflow_venv/lib/python3.12/site-packages/airflow/example_dags/tutorial_taskflow_api.py
[2025-06-12T18:32:35.524+0200] {processor.py:830} INFO - Processing file /home/leoja/airflow/airflow_venv/lib/python3.12/site-packages/airflow/example_dags/tutorial_taskflow_api.py for tasks to queue
[2025-06-12T18:32:35.525+0200] {logging_mixin.py:188} INFO - [2025-06-12T18:32:35.525+0200] {dagbag.py:540} INFO - Filling up the DagBag from /home/leoja/airflow/airflow_venv/lib/python3.12/site-packages/airflow/example_dags/tutorial_taskflow_api.py
[2025-06-12T18:32:35.530+0200] {processor.py:840} INFO - DAG(s) 'tutorial_taskflow_api' retrieved from /home/leoja/airflow/airflow_venv/lib/python3.12/site-packages/airflow/example_dags/tutorial_taskflow_api.py
[2025-06-12T18:32:35.541+0200] {logging_mixin.py:188} INFO - [2025-06-12T18:32:35.541+0200] {dag.py:3096} INFO - Sync 1 DAGs
[2025-06-12T18:32:35.550+0200] {logging_mixin.py:188} INFO - [2025-06-12T18:32:35.550+0200] {dag.py:3954} INFO - Setting next_dagrun for tutorial_taskflow_api to None, run_after=None
[2025-06-12T18:32:35.569+0200] {processor.py:183} INFO - Processing /home/leoja/airflow/airflow_venv/lib/python3.12/site-packages/airflow/example_dags/tutorial_taskflow_api.py took 0.051 seconds
[2025-06-12T18:33:22.163+0200] {processor.py:161} INFO - Started process (PID=396451) to work on /home/leoja/airflow/airflow_venv/lib/python3.12/site-packages/airflow/example_dags/tutorial_taskflow_api.py
[2025-06-12T18:33:22.165+0200] {processor.py:830} INFO - Processing file /home/leoja/airflow/airflow_venv/lib/python3.12/site-packages/airflow/example_dags/tutorial_taskflow_api.py for tasks to queue
[2025-06-12T18:33:22.167+0200] {logging_mixin.py:188} INFO - [2025-06-12T18:33:22.166+0200] {dagbag.py:540} INFO - Filling up the DagBag from /home/leoja/airflow/airflow_venv/lib/python3.12/site-packages/airflow/example_dags/tutorial_taskflow_api.py
[2025-06-12T18:33:22.172+0200] {processor.py:840} INFO - DAG(s) 'tutorial_taskflow_api' retrieved from /home/leoja/airflow/airflow_venv/lib/python3.12/site-packages/airflow/example_dags/tutorial_taskflow_api.py
[2025-06-12T18:33:22.183+0200] {logging_mixin.py:188} INFO - [2025-06-12T18:33:22.183+0200] {dag.py:3096} INFO - Sync 1 DAGs
[2025-06-12T18:33:22.192+0200] {logging_mixin.py:188} INFO - [2025-06-12T18:33:22.192+0200] {dag.py:3954} INFO - Setting next_dagrun for tutorial_taskflow_api to None, run_after=None
[2025-06-12T18:33:22.211+0200] {processor.py:183} INFO - Processing /home/leoja/airflow/airflow_venv/lib/python3.12/site-packages/airflow/example_dags/tutorial_taskflow_api.py took 0.052 seconds
[2025-06-12T18:34:08.373+0200] {processor.py:161} INFO - Started process (PID=396673) to work on /home/leoja/airflow/airflow_venv/lib/python3.12/site-packages/airflow/example_dags/tutorial_taskflow_api.py
[2025-06-12T18:34:08.375+0200] {processor.py:830} INFO - Processing file /home/leoja/airflow/airflow_venv/lib/python3.12/site-packages/airflow/example_dags/tutorial_taskflow_api.py for tasks to queue
[2025-06-12T18:34:08.377+0200] {logging_mixin.py:188} INFO - [2025-06-12T18:34:08.376+0200] {dagbag.py:540} INFO - Filling up the DagBag from /home/leoja/airflow/airflow_venv/lib/python3.12/site-packages/airflow/example_dags/tutorial_taskflow_api.py
[2025-06-12T18:34:08.382+0200] {processor.py:840} INFO - DAG(s) 'tutorial_taskflow_api' retrieved from /home/leoja/airflow/airflow_venv/lib/python3.12/site-packages/airflow/example_dags/tutorial_taskflow_api.py
[2025-06-12T18:34:08.394+0200] {logging_mixin.py:188} INFO - [2025-06-12T18:34:08.394+0200] {dag.py:3096} INFO - Sync 1 DAGs
[2025-06-12T18:34:08.404+0200] {logging_mixin.py:188} INFO - [2025-06-12T18:34:08.403+0200] {dag.py:3954} INFO - Setting next_dagrun for tutorial_taskflow_api to None, run_after=None
[2025-06-12T18:34:08.426+0200] {processor.py:183} INFO - Processing /home/leoja/airflow/airflow_venv/lib/python3.12/site-packages/airflow/example_dags/tutorial_taskflow_api.py took 0.057 seconds
[2025-06-12T18:34:54.580+0200] {processor.py:161} INFO - Started process (PID=396903) to work on /home/leoja/airflow/airflow_venv/lib/python3.12/site-packages/airflow/example_dags/tutorial_taskflow_api.py
[2025-06-12T18:34:54.582+0200] {processor.py:830} INFO - Processing file /home/leoja/airflow/airflow_venv/lib/python3.12/site-packages/airflow/example_dags/tutorial_taskflow_api.py for tasks to queue
[2025-06-12T18:34:54.583+0200] {logging_mixin.py:188} INFO - [2025-06-12T18:34:54.583+0200] {dagbag.py:540} INFO - Filling up the DagBag from /home/leoja/airflow/airflow_venv/lib/python3.12/site-packages/airflow/example_dags/tutorial_taskflow_api.py
[2025-06-12T18:34:54.588+0200] {processor.py:840} INFO - DAG(s) 'tutorial_taskflow_api' retrieved from /home/leoja/airflow/airflow_venv/lib/python3.12/site-packages/airflow/example_dags/tutorial_taskflow_api.py
[2025-06-12T18:34:54.600+0200] {logging_mixin.py:188} INFO - [2025-06-12T18:34:54.599+0200] {dag.py:3096} INFO - Sync 1 DAGs
[2025-06-12T18:34:54.609+0200] {logging_mixin.py:188} INFO - [2025-06-12T18:34:54.608+0200] {dag.py:3954} INFO - Setting next_dagrun for tutorial_taskflow_api to None, run_after=None
[2025-06-12T18:34:54.629+0200] {processor.py:183} INFO - Processing /home/leoja/airflow/airflow_venv/lib/python3.12/site-packages/airflow/example_dags/tutorial_taskflow_api.py took 0.054 seconds
[2025-06-12T18:35:40.732+0200] {processor.py:161} INFO - Started process (PID=397067) to work on /home/leoja/airflow/airflow_venv/lib/python3.12/site-packages/airflow/example_dags/tutorial_taskflow_api.py
[2025-06-12T18:35:40.734+0200] {processor.py:830} INFO - Processing file /home/leoja/airflow/airflow_venv/lib/python3.12/site-packages/airflow/example_dags/tutorial_taskflow_api.py for tasks to queue
[2025-06-12T18:35:40.735+0200] {logging_mixin.py:188} INFO - [2025-06-12T18:35:40.735+0200] {dagbag.py:540} INFO - Filling up the DagBag from /home/leoja/airflow/airflow_venv/lib/python3.12/site-packages/airflow/example_dags/tutorial_taskflow_api.py
[2025-06-12T18:35:40.740+0200] {processor.py:840} INFO - DAG(s) 'tutorial_taskflow_api' retrieved from /home/leoja/airflow/airflow_venv/lib/python3.12/site-packages/airflow/example_dags/tutorial_taskflow_api.py
[2025-06-12T18:35:40.750+0200] {logging_mixin.py:188} INFO - [2025-06-12T18:35:40.750+0200] {dag.py:3096} INFO - Sync 1 DAGs
[2025-06-12T18:35:40.758+0200] {logging_mixin.py:188} INFO - [2025-06-12T18:35:40.758+0200] {dag.py:3954} INFO - Setting next_dagrun for tutorial_taskflow_api to None, run_after=None
[2025-06-12T18:35:40.776+0200] {processor.py:183} INFO - Processing /home/leoja/airflow/airflow_venv/lib/python3.12/site-packages/airflow/example_dags/tutorial_taskflow_api.py took 0.049 seconds
[2025-06-12T18:38:51.898+0200] {processor.py:161} INFO - Started process (PID=397839) to work on /home/leoja/airflow/airflow_venv/lib/python3.12/site-packages/airflow/example_dags/tutorial_taskflow_api.py
[2025-06-12T18:38:51.900+0200] {processor.py:830} INFO - Processing file /home/leoja/airflow/airflow_venv/lib/python3.12/site-packages/airflow/example_dags/tutorial_taskflow_api.py for tasks to queue
[2025-06-12T18:38:51.901+0200] {logging_mixin.py:188} INFO - [2025-06-12T18:38:51.901+0200] {dagbag.py:540} INFO - Filling up the DagBag from /home/leoja/airflow/airflow_venv/lib/python3.12/site-packages/airflow/example_dags/tutorial_taskflow_api.py
[2025-06-12T18:38:51.913+0200] {processor.py:840} INFO - DAG(s) 'tutorial_taskflow_api' retrieved from /home/leoja/airflow/airflow_venv/lib/python3.12/site-packages/airflow/example_dags/tutorial_taskflow_api.py
[2025-06-12T18:38:51.927+0200] {logging_mixin.py:188} INFO - [2025-06-12T18:38:51.926+0200] {dag.py:3096} INFO - Sync 1 DAGs
[2025-06-12T18:38:51.947+0200] {logging_mixin.py:188} INFO - [2025-06-12T18:38:51.946+0200] {dag.py:3954} INFO - Setting next_dagrun for tutorial_taskflow_api to None, run_after=None
[2025-06-12T18:38:51.972+0200] {processor.py:183} INFO - Processing /home/leoja/airflow/airflow_venv/lib/python3.12/site-packages/airflow/example_dags/tutorial_taskflow_api.py took 0.083 seconds
[2025-06-12T18:40:21.949+0200] {processor.py:161} INFO - Started process (PID=398376) to work on /home/leoja/airflow/airflow_venv/lib/python3.12/site-packages/airflow/example_dags/tutorial_taskflow_api.py
[2025-06-12T18:40:21.951+0200] {processor.py:830} INFO - Processing file /home/leoja/airflow/airflow_venv/lib/python3.12/site-packages/airflow/example_dags/tutorial_taskflow_api.py for tasks to queue
[2025-06-12T18:40:21.953+0200] {logging_mixin.py:188} INFO - [2025-06-12T18:40:21.953+0200] {dagbag.py:540} INFO - Filling up the DagBag from /home/leoja/airflow/airflow_venv/lib/python3.12/site-packages/airflow/example_dags/tutorial_taskflow_api.py
[2025-06-12T18:40:21.959+0200] {processor.py:840} INFO - DAG(s) 'tutorial_taskflow_api' retrieved from /home/leoja/airflow/airflow_venv/lib/python3.12/site-packages/airflow/example_dags/tutorial_taskflow_api.py
[2025-06-12T18:40:22.069+0200] {logging_mixin.py:188} INFO - [2025-06-12T18:40:22.068+0200] {dag.py:3096} INFO - Sync 1 DAGs
[2025-06-12T18:40:22.081+0200] {logging_mixin.py:188} INFO - [2025-06-12T18:40:22.081+0200] {dag.py:3954} INFO - Setting next_dagrun for tutorial_taskflow_api to None, run_after=None
[2025-06-12T18:40:22.123+0200] {processor.py:183} INFO - Processing /home/leoja/airflow/airflow_venv/lib/python3.12/site-packages/airflow/example_dags/tutorial_taskflow_api.py took 0.179 seconds
[2025-06-12T18:41:04.254+0200] {processor.py:161} INFO - Started process (PID=398715) to work on /home/leoja/airflow/airflow_venv/lib/python3.12/site-packages/airflow/example_dags/tutorial_taskflow_api.py
[2025-06-12T18:41:04.255+0200] {processor.py:830} INFO - Processing file /home/leoja/airflow/airflow_venv/lib/python3.12/site-packages/airflow/example_dags/tutorial_taskflow_api.py for tasks to queue
[2025-06-12T18:41:04.256+0200] {logging_mixin.py:188} INFO - [2025-06-12T18:41:04.256+0200] {dagbag.py:540} INFO - Filling up the DagBag from /home/leoja/airflow/airflow_venv/lib/python3.12/site-packages/airflow/example_dags/tutorial_taskflow_api.py
[2025-06-12T18:41:04.263+0200] {processor.py:840} INFO - DAG(s) 'tutorial_taskflow_api' retrieved from /home/leoja/airflow/airflow_venv/lib/python3.12/site-packages/airflow/example_dags/tutorial_taskflow_api.py
[2025-06-12T18:41:04.278+0200] {logging_mixin.py:188} INFO - [2025-06-12T18:41:04.277+0200] {dag.py:3096} INFO - Sync 1 DAGs
[2025-06-12T18:41:04.287+0200] {logging_mixin.py:188} INFO - [2025-06-12T18:41:04.287+0200] {dag.py:3954} INFO - Setting next_dagrun for tutorial_taskflow_api to None, run_after=None
[2025-06-12T18:41:04.313+0200] {processor.py:183} INFO - Processing /home/leoja/airflow/airflow_venv/lib/python3.12/site-packages/airflow/example_dags/tutorial_taskflow_api.py took 0.064 seconds
[2025-06-12T18:42:01.984+0200] {processor.py:161} INFO - Started process (PID=399276) to work on /home/leoja/airflow/airflow_venv/lib/python3.12/site-packages/airflow/example_dags/tutorial_taskflow_api.py
[2025-06-12T18:42:01.986+0200] {processor.py:830} INFO - Processing file /home/leoja/airflow/airflow_venv/lib/python3.12/site-packages/airflow/example_dags/tutorial_taskflow_api.py for tasks to queue
[2025-06-12T18:42:01.989+0200] {logging_mixin.py:188} INFO - [2025-06-12T18:42:01.988+0200] {dagbag.py:540} INFO - Filling up the DagBag from /home/leoja/airflow/airflow_venv/lib/python3.12/site-packages/airflow/example_dags/tutorial_taskflow_api.py
[2025-06-12T18:42:01.999+0200] {processor.py:840} INFO - DAG(s) 'tutorial_taskflow_api' retrieved from /home/leoja/airflow/airflow_venv/lib/python3.12/site-packages/airflow/example_dags/tutorial_taskflow_api.py
[2025-06-12T18:42:02.022+0200] {logging_mixin.py:188} INFO - [2025-06-12T18:42:02.022+0200] {dag.py:3096} INFO - Sync 1 DAGs
[2025-06-12T18:42:02.041+0200] {logging_mixin.py:188} INFO - [2025-06-12T18:42:02.040+0200] {dag.py:3954} INFO - Setting next_dagrun for tutorial_taskflow_api to None, run_after=None
[2025-06-12T18:42:02.072+0200] {processor.py:183} INFO - Processing /home/leoja/airflow/airflow_venv/lib/python3.12/site-packages/airflow/example_dags/tutorial_taskflow_api.py took 0.094 seconds
[2025-06-12T18:42:52.403+0200] {processor.py:161} INFO - Started process (PID=399603) to work on /home/leoja/airflow/airflow_venv/lib/python3.12/site-packages/airflow/example_dags/tutorial_taskflow_api.py
[2025-06-12T18:42:52.405+0200] {processor.py:830} INFO - Processing file /home/leoja/airflow/airflow_venv/lib/python3.12/site-packages/airflow/example_dags/tutorial_taskflow_api.py for tasks to queue
[2025-06-12T18:42:52.406+0200] {logging_mixin.py:188} INFO - [2025-06-12T18:42:52.406+0200] {dagbag.py:540} INFO - Filling up the DagBag from /home/leoja/airflow/airflow_venv/lib/python3.12/site-packages/airflow/example_dags/tutorial_taskflow_api.py
[2025-06-12T18:42:52.411+0200] {processor.py:840} INFO - DAG(s) 'tutorial_taskflow_api' retrieved from /home/leoja/airflow/airflow_venv/lib/python3.12/site-packages/airflow/example_dags/tutorial_taskflow_api.py
[2025-06-12T18:42:52.423+0200] {logging_mixin.py:188} INFO - [2025-06-12T18:42:52.423+0200] {dag.py:3096} INFO - Sync 1 DAGs
[2025-06-12T18:42:52.433+0200] {logging_mixin.py:188} INFO - [2025-06-12T18:42:52.432+0200] {dag.py:3954} INFO - Setting next_dagrun for tutorial_taskflow_api to None, run_after=None
[2025-06-12T18:42:52.454+0200] {processor.py:183} INFO - Processing /home/leoja/airflow/airflow_venv/lib/python3.12/site-packages/airflow/example_dags/tutorial_taskflow_api.py took 0.055 seconds
[2025-06-12T18:43:43.622+0200] {processor.py:161} INFO - Started process (PID=400065) to work on /home/leoja/airflow/airflow_venv/lib/python3.12/site-packages/airflow/example_dags/tutorial_taskflow_api.py
[2025-06-12T18:43:43.623+0200] {processor.py:830} INFO - Processing file /home/leoja/airflow/airflow_venv/lib/python3.12/site-packages/airflow/example_dags/tutorial_taskflow_api.py for tasks to queue
[2025-06-12T18:43:43.624+0200] {logging_mixin.py:188} INFO - [2025-06-12T18:43:43.624+0200] {dagbag.py:540} INFO - Filling up the DagBag from /home/leoja/airflow/airflow_venv/lib/python3.12/site-packages/airflow/example_dags/tutorial_taskflow_api.py
[2025-06-12T18:43:43.631+0200] {processor.py:840} INFO - DAG(s) 'tutorial_taskflow_api' retrieved from /home/leoja/airflow/airflow_venv/lib/python3.12/site-packages/airflow/example_dags/tutorial_taskflow_api.py
[2025-06-12T18:43:43.643+0200] {logging_mixin.py:188} INFO - [2025-06-12T18:43:43.643+0200] {dag.py:3096} INFO - Sync 1 DAGs
[2025-06-12T18:43:43.653+0200] {logging_mixin.py:188} INFO - [2025-06-12T18:43:43.652+0200] {dag.py:3954} INFO - Setting next_dagrun for tutorial_taskflow_api to None, run_after=None
[2025-06-12T18:43:43.672+0200] {processor.py:183} INFO - Processing /home/leoja/airflow/airflow_venv/lib/python3.12/site-packages/airflow/example_dags/tutorial_taskflow_api.py took 0.055 seconds
[2025-06-12T18:44:33.614+0200] {processor.py:161} INFO - Started process (PID=400393) to work on /home/leoja/airflow/airflow_venv/lib/python3.12/site-packages/airflow/example_dags/tutorial_taskflow_api.py
[2025-06-12T18:44:33.616+0200] {processor.py:830} INFO - Processing file /home/leoja/airflow/airflow_venv/lib/python3.12/site-packages/airflow/example_dags/tutorial_taskflow_api.py for tasks to queue
[2025-06-12T18:44:33.617+0200] {logging_mixin.py:188} INFO - [2025-06-12T18:44:33.617+0200] {dagbag.py:540} INFO - Filling up the DagBag from /home/leoja/airflow/airflow_venv/lib/python3.12/site-packages/airflow/example_dags/tutorial_taskflow_api.py
[2025-06-12T18:44:33.623+0200] {processor.py:840} INFO - DAG(s) 'tutorial_taskflow_api' retrieved from /home/leoja/airflow/airflow_venv/lib/python3.12/site-packages/airflow/example_dags/tutorial_taskflow_api.py
[2025-06-12T18:44:33.635+0200] {logging_mixin.py:188} INFO - [2025-06-12T18:44:33.634+0200] {dag.py:3096} INFO - Sync 1 DAGs
[2025-06-12T18:44:33.656+0200] {logging_mixin.py:188} INFO - [2025-06-12T18:44:33.656+0200] {dag.py:3954} INFO - Setting next_dagrun for tutorial_taskflow_api to None, run_after=None
[2025-06-12T18:44:34.070+0200] {processor.py:183} INFO - Processing /home/leoja/airflow/airflow_venv/lib/python3.12/site-packages/airflow/example_dags/tutorial_taskflow_api.py took 0.461 seconds
[2025-06-12T18:45:26.492+0200] {processor.py:161} INFO - Started process (PID=400699) to work on /home/leoja/airflow/airflow_venv/lib/python3.12/site-packages/airflow/example_dags/tutorial_taskflow_api.py
[2025-06-12T18:45:26.509+0200] {processor.py:830} INFO - Processing file /home/leoja/airflow/airflow_venv/lib/python3.12/site-packages/airflow/example_dags/tutorial_taskflow_api.py for tasks to queue
[2025-06-12T18:45:26.511+0200] {logging_mixin.py:188} INFO - [2025-06-12T18:45:26.510+0200] {dagbag.py:540} INFO - Filling up the DagBag from /home/leoja/airflow/airflow_venv/lib/python3.12/site-packages/airflow/example_dags/tutorial_taskflow_api.py
[2025-06-12T18:45:26.517+0200] {processor.py:840} INFO - DAG(s) 'tutorial_taskflow_api' retrieved from /home/leoja/airflow/airflow_venv/lib/python3.12/site-packages/airflow/example_dags/tutorial_taskflow_api.py
[2025-06-12T18:45:26.527+0200] {logging_mixin.py:188} INFO - [2025-06-12T18:45:26.527+0200] {dag.py:3096} INFO - Sync 1 DAGs
[2025-06-12T18:45:26.535+0200] {logging_mixin.py:188} INFO - [2025-06-12T18:45:26.535+0200] {dag.py:3954} INFO - Setting next_dagrun for tutorial_taskflow_api to None, run_after=None
[2025-06-12T18:45:26.557+0200] {processor.py:183} INFO - Processing /home/leoja/airflow/airflow_venv/lib/python3.12/site-packages/airflow/example_dags/tutorial_taskflow_api.py took 0.070 seconds
[2025-06-12T18:46:15.553+0200] {processor.py:161} INFO - Started process (PID=400949) to work on /home/leoja/airflow/airflow_venv/lib/python3.12/site-packages/airflow/example_dags/tutorial_taskflow_api.py
[2025-06-12T18:46:15.555+0200] {processor.py:830} INFO - Processing file /home/leoja/airflow/airflow_venv/lib/python3.12/site-packages/airflow/example_dags/tutorial_taskflow_api.py for tasks to queue
[2025-06-12T18:46:15.557+0200] {logging_mixin.py:188} INFO - [2025-06-12T18:46:15.556+0200] {dagbag.py:540} INFO - Filling up the DagBag from /home/leoja/airflow/airflow_venv/lib/python3.12/site-packages/airflow/example_dags/tutorial_taskflow_api.py
[2025-06-12T18:46:15.562+0200] {processor.py:840} INFO - DAG(s) 'tutorial_taskflow_api' retrieved from /home/leoja/airflow/airflow_venv/lib/python3.12/site-packages/airflow/example_dags/tutorial_taskflow_api.py
[2025-06-12T18:46:15.573+0200] {logging_mixin.py:188} INFO - [2025-06-12T18:46:15.573+0200] {dag.py:3096} INFO - Sync 1 DAGs
[2025-06-12T18:46:15.580+0200] {logging_mixin.py:188} INFO - [2025-06-12T18:46:15.580+0200] {dag.py:3954} INFO - Setting next_dagrun for tutorial_taskflow_api to None, run_after=None
[2025-06-12T18:46:15.616+0200] {processor.py:183} INFO - Processing /home/leoja/airflow/airflow_venv/lib/python3.12/site-packages/airflow/example_dags/tutorial_taskflow_api.py took 0.067 seconds
[2025-06-12T18:47:00.544+0200] {processor.py:161} INFO - Started process (PID=401102) to work on /home/leoja/airflow/airflow_venv/lib/python3.12/site-packages/airflow/example_dags/tutorial_taskflow_api.py
[2025-06-12T18:47:00.545+0200] {processor.py:830} INFO - Processing file /home/leoja/airflow/airflow_venv/lib/python3.12/site-packages/airflow/example_dags/tutorial_taskflow_api.py for tasks to queue
[2025-06-12T18:47:00.547+0200] {logging_mixin.py:188} INFO - [2025-06-12T18:47:00.547+0200] {dagbag.py:540} INFO - Filling up the DagBag from /home/leoja/airflow/airflow_venv/lib/python3.12/site-packages/airflow/example_dags/tutorial_taskflow_api.py
[2025-06-12T18:47:00.552+0200] {processor.py:840} INFO - DAG(s) 'tutorial_taskflow_api' retrieved from /home/leoja/airflow/airflow_venv/lib/python3.12/site-packages/airflow/example_dags/tutorial_taskflow_api.py
[2025-06-12T18:47:00.564+0200] {logging_mixin.py:188} INFO - [2025-06-12T18:47:00.563+0200] {dag.py:3096} INFO - Sync 1 DAGs
[2025-06-12T18:47:00.571+0200] {logging_mixin.py:188} INFO - [2025-06-12T18:47:00.571+0200] {dag.py:3954} INFO - Setting next_dagrun for tutorial_taskflow_api to None, run_after=None
[2025-06-12T18:47:00.588+0200] {processor.py:183} INFO - Processing /home/leoja/airflow/airflow_venv/lib/python3.12/site-packages/airflow/example_dags/tutorial_taskflow_api.py took 0.050 seconds
[2025-06-12T18:47:43.030+0200] {processor.py:161} INFO - Started process (PID=401345) to work on /home/leoja/airflow/airflow_venv/lib/python3.12/site-packages/airflow/example_dags/tutorial_taskflow_api.py
[2025-06-12T18:47:43.032+0200] {processor.py:830} INFO - Processing file /home/leoja/airflow/airflow_venv/lib/python3.12/site-packages/airflow/example_dags/tutorial_taskflow_api.py for tasks to queue
[2025-06-12T18:47:43.034+0200] {logging_mixin.py:188} INFO - [2025-06-12T18:47:43.033+0200] {dagbag.py:540} INFO - Filling up the DagBag from /home/leoja/airflow/airflow_venv/lib/python3.12/site-packages/airflow/example_dags/tutorial_taskflow_api.py
[2025-06-12T18:47:43.040+0200] {processor.py:840} INFO - DAG(s) 'tutorial_taskflow_api' retrieved from /home/leoja/airflow/airflow_venv/lib/python3.12/site-packages/airflow/example_dags/tutorial_taskflow_api.py
[2025-06-12T18:47:43.052+0200] {logging_mixin.py:188} INFO - [2025-06-12T18:47:43.051+0200] {dag.py:3096} INFO - Sync 1 DAGs
[2025-06-12T18:47:43.060+0200] {logging_mixin.py:188} INFO - [2025-06-12T18:47:43.060+0200] {dag.py:3954} INFO - Setting next_dagrun for tutorial_taskflow_api to None, run_after=None
[2025-06-12T18:47:43.083+0200] {processor.py:183} INFO - Processing /home/leoja/airflow/airflow_venv/lib/python3.12/site-packages/airflow/example_dags/tutorial_taskflow_api.py took 0.057 seconds
[2025-06-12T18:48:27.808+0200] {processor.py:161} INFO - Started process (PID=401616) to work on /home/leoja/airflow/airflow_venv/lib/python3.12/site-packages/airflow/example_dags/tutorial_taskflow_api.py
[2025-06-12T18:48:27.809+0200] {processor.py:830} INFO - Processing file /home/leoja/airflow/airflow_venv/lib/python3.12/site-packages/airflow/example_dags/tutorial_taskflow_api.py for tasks to queue
[2025-06-12T18:48:27.810+0200] {logging_mixin.py:188} INFO - [2025-06-12T18:48:27.810+0200] {dagbag.py:540} INFO - Filling up the DagBag from /home/leoja/airflow/airflow_venv/lib/python3.12/site-packages/airflow/example_dags/tutorial_taskflow_api.py
[2025-06-12T18:48:27.815+0200] {processor.py:840} INFO - DAG(s) 'tutorial_taskflow_api' retrieved from /home/leoja/airflow/airflow_venv/lib/python3.12/site-packages/airflow/example_dags/tutorial_taskflow_api.py
[2025-06-12T18:48:27.826+0200] {logging_mixin.py:188} INFO - [2025-06-12T18:48:27.826+0200] {dag.py:3096} INFO - Sync 1 DAGs
[2025-06-12T18:48:27.833+0200] {logging_mixin.py:188} INFO - [2025-06-12T18:48:27.833+0200] {dag.py:3954} INFO - Setting next_dagrun for tutorial_taskflow_api to None, run_after=None
[2025-06-12T18:48:27.852+0200] {processor.py:183} INFO - Processing /home/leoja/airflow/airflow_venv/lib/python3.12/site-packages/airflow/example_dags/tutorial_taskflow_api.py took 0.049 seconds
[2025-06-12T18:49:08.931+0200] {processor.py:161} INFO - Started process (PID=401977) to work on /home/leoja/airflow/airflow_venv/lib/python3.12/site-packages/airflow/example_dags/tutorial_taskflow_api.py
[2025-06-12T18:49:08.932+0200] {processor.py:830} INFO - Processing file /home/leoja/airflow/airflow_venv/lib/python3.12/site-packages/airflow/example_dags/tutorial_taskflow_api.py for tasks to queue
[2025-06-12T18:49:08.933+0200] {logging_mixin.py:188} INFO - [2025-06-12T18:49:08.933+0200] {dagbag.py:540} INFO - Filling up the DagBag from /home/leoja/airflow/airflow_venv/lib/python3.12/site-packages/airflow/example_dags/tutorial_taskflow_api.py
[2025-06-12T18:49:08.938+0200] {processor.py:840} INFO - DAG(s) 'tutorial_taskflow_api' retrieved from /home/leoja/airflow/airflow_venv/lib/python3.12/site-packages/airflow/example_dags/tutorial_taskflow_api.py
[2025-06-12T18:49:08.948+0200] {logging_mixin.py:188} INFO - [2025-06-12T18:49:08.948+0200] {dag.py:3096} INFO - Sync 1 DAGs
[2025-06-12T18:49:08.955+0200] {logging_mixin.py:188} INFO - [2025-06-12T18:49:08.955+0200] {dag.py:3954} INFO - Setting next_dagrun for tutorial_taskflow_api to None, run_after=None
[2025-06-12T18:49:08.974+0200] {processor.py:183} INFO - Processing /home/leoja/airflow/airflow_venv/lib/python3.12/site-packages/airflow/example_dags/tutorial_taskflow_api.py took 0.048 seconds
[2025-06-12T18:49:52.919+0200] {processor.py:161} INFO - Started process (PID=402199) to work on /home/leoja/airflow/airflow_venv/lib/python3.12/site-packages/airflow/example_dags/tutorial_taskflow_api.py
[2025-06-12T18:49:52.920+0200] {processor.py:830} INFO - Processing file /home/leoja/airflow/airflow_venv/lib/python3.12/site-packages/airflow/example_dags/tutorial_taskflow_api.py for tasks to queue
[2025-06-12T18:49:52.922+0200] {logging_mixin.py:188} INFO - [2025-06-12T18:49:52.921+0200] {dagbag.py:540} INFO - Filling up the DagBag from /home/leoja/airflow/airflow_venv/lib/python3.12/site-packages/airflow/example_dags/tutorial_taskflow_api.py
[2025-06-12T18:49:52.927+0200] {processor.py:840} INFO - DAG(s) 'tutorial_taskflow_api' retrieved from /home/leoja/airflow/airflow_venv/lib/python3.12/site-packages/airflow/example_dags/tutorial_taskflow_api.py
[2025-06-12T18:49:52.937+0200] {logging_mixin.py:188} INFO - [2025-06-12T18:49:52.937+0200] {dag.py:3096} INFO - Sync 1 DAGs
[2025-06-12T18:49:52.945+0200] {logging_mixin.py:188} INFO - [2025-06-12T18:49:52.945+0200] {dag.py:3954} INFO - Setting next_dagrun for tutorial_taskflow_api to None, run_after=None
[2025-06-12T18:49:52.964+0200] {processor.py:183} INFO - Processing /home/leoja/airflow/airflow_venv/lib/python3.12/site-packages/airflow/example_dags/tutorial_taskflow_api.py took 0.050 seconds
[2025-06-12T18:50:39.746+0200] {processor.py:161} INFO - Started process (PID=402564) to work on /home/leoja/airflow/airflow_venv/lib/python3.12/site-packages/airflow/example_dags/tutorial_taskflow_api.py
[2025-06-12T18:50:39.747+0200] {processor.py:830} INFO - Processing file /home/leoja/airflow/airflow_venv/lib/python3.12/site-packages/airflow/example_dags/tutorial_taskflow_api.py for tasks to queue
[2025-06-12T18:50:39.749+0200] {logging_mixin.py:188} INFO - [2025-06-12T18:50:39.749+0200] {dagbag.py:540} INFO - Filling up the DagBag from /home/leoja/airflow/airflow_venv/lib/python3.12/site-packages/airflow/example_dags/tutorial_taskflow_api.py
[2025-06-12T18:50:39.755+0200] {processor.py:840} INFO - DAG(s) 'tutorial_taskflow_api' retrieved from /home/leoja/airflow/airflow_venv/lib/python3.12/site-packages/airflow/example_dags/tutorial_taskflow_api.py
[2025-06-12T18:50:39.766+0200] {logging_mixin.py:188} INFO - [2025-06-12T18:50:39.766+0200] {dag.py:3096} INFO - Sync 1 DAGs
[2025-06-12T18:50:39.773+0200] {logging_mixin.py:188} INFO - [2025-06-12T18:50:39.773+0200] {dag.py:3954} INFO - Setting next_dagrun for tutorial_taskflow_api to None, run_after=None
[2025-06-12T18:50:39.792+0200] {processor.py:183} INFO - Processing /home/leoja/airflow/airflow_venv/lib/python3.12/site-packages/airflow/example_dags/tutorial_taskflow_api.py took 0.050 seconds
[2025-06-12T18:51:29.999+0200] {processor.py:161} INFO - Started process (PID=403140) to work on /home/leoja/airflow/airflow_venv/lib/python3.12/site-packages/airflow/example_dags/tutorial_taskflow_api.py
[2025-06-12T18:51:30.001+0200] {processor.py:830} INFO - Processing file /home/leoja/airflow/airflow_venv/lib/python3.12/site-packages/airflow/example_dags/tutorial_taskflow_api.py for tasks to queue
[2025-06-12T18:51:30.003+0200] {logging_mixin.py:188} INFO - [2025-06-12T18:51:30.002+0200] {dagbag.py:540} INFO - Filling up the DagBag from /home/leoja/airflow/airflow_venv/lib/python3.12/site-packages/airflow/example_dags/tutorial_taskflow_api.py
[2025-06-12T18:51:30.009+0200] {processor.py:840} INFO - DAG(s) 'tutorial_taskflow_api' retrieved from /home/leoja/airflow/airflow_venv/lib/python3.12/site-packages/airflow/example_dags/tutorial_taskflow_api.py
[2025-06-12T18:51:30.022+0200] {logging_mixin.py:188} INFO - [2025-06-12T18:51:30.022+0200] {dag.py:3096} INFO - Sync 1 DAGs
[2025-06-12T18:51:30.030+0200] {logging_mixin.py:188} INFO - [2025-06-12T18:51:30.030+0200] {dag.py:3954} INFO - Setting next_dagrun for tutorial_taskflow_api to None, run_after=None
[2025-06-12T18:51:30.052+0200] {processor.py:183} INFO - Processing /home/leoja/airflow/airflow_venv/lib/python3.12/site-packages/airflow/example_dags/tutorial_taskflow_api.py took 0.058 seconds
[2025-06-12T18:52:17.208+0200] {processor.py:161} INFO - Started process (PID=403336) to work on /home/leoja/airflow/airflow_venv/lib/python3.12/site-packages/airflow/example_dags/tutorial_taskflow_api.py
[2025-06-12T18:52:17.210+0200] {processor.py:830} INFO - Processing file /home/leoja/airflow/airflow_venv/lib/python3.12/site-packages/airflow/example_dags/tutorial_taskflow_api.py for tasks to queue
[2025-06-12T18:52:17.211+0200] {logging_mixin.py:188} INFO - [2025-06-12T18:52:17.211+0200] {dagbag.py:540} INFO - Filling up the DagBag from /home/leoja/airflow/airflow_venv/lib/python3.12/site-packages/airflow/example_dags/tutorial_taskflow_api.py
[2025-06-12T18:52:17.216+0200] {processor.py:840} INFO - DAG(s) 'tutorial_taskflow_api' retrieved from /home/leoja/airflow/airflow_venv/lib/python3.12/site-packages/airflow/example_dags/tutorial_taskflow_api.py
[2025-06-12T18:52:17.226+0200] {logging_mixin.py:188} INFO - [2025-06-12T18:52:17.226+0200] {dag.py:3096} INFO - Sync 1 DAGs
[2025-06-12T18:52:17.234+0200] {logging_mixin.py:188} INFO - [2025-06-12T18:52:17.233+0200] {dag.py:3954} INFO - Setting next_dagrun for tutorial_taskflow_api to None, run_after=None
[2025-06-12T18:52:17.253+0200] {processor.py:183} INFO - Processing /home/leoja/airflow/airflow_venv/lib/python3.12/site-packages/airflow/example_dags/tutorial_taskflow_api.py took 0.049 seconds
[2025-06-12T18:53:06.440+0200] {processor.py:161} INFO - Started process (PID=403596) to work on /home/leoja/airflow/airflow_venv/lib/python3.12/site-packages/airflow/example_dags/tutorial_taskflow_api.py
[2025-06-12T18:53:06.441+0200] {processor.py:830} INFO - Processing file /home/leoja/airflow/airflow_venv/lib/python3.12/site-packages/airflow/example_dags/tutorial_taskflow_api.py for tasks to queue
[2025-06-12T18:53:06.443+0200] {logging_mixin.py:188} INFO - [2025-06-12T18:53:06.442+0200] {dagbag.py:540} INFO - Filling up the DagBag from /home/leoja/airflow/airflow_venv/lib/python3.12/site-packages/airflow/example_dags/tutorial_taskflow_api.py
[2025-06-12T18:53:06.450+0200] {processor.py:840} INFO - DAG(s) 'tutorial_taskflow_api' retrieved from /home/leoja/airflow/airflow_venv/lib/python3.12/site-packages/airflow/example_dags/tutorial_taskflow_api.py
[2025-06-12T18:53:06.462+0200] {logging_mixin.py:188} INFO - [2025-06-12T18:53:06.461+0200] {dag.py:3096} INFO - Sync 1 DAGs
[2025-06-12T18:53:06.471+0200] {logging_mixin.py:188} INFO - [2025-06-12T18:53:06.471+0200] {dag.py:3954} INFO - Setting next_dagrun for tutorial_taskflow_api to None, run_after=None
[2025-06-12T18:53:06.665+0200] {processor.py:183} INFO - Processing /home/leoja/airflow/airflow_venv/lib/python3.12/site-packages/airflow/example_dags/tutorial_taskflow_api.py took 0.230 seconds
[2025-06-12T18:53:54.998+0200] {processor.py:161} INFO - Started process (PID=403870) to work on /home/leoja/airflow/airflow_venv/lib/python3.12/site-packages/airflow/example_dags/tutorial_taskflow_api.py
[2025-06-12T18:53:54.999+0200] {processor.py:830} INFO - Processing file /home/leoja/airflow/airflow_venv/lib/python3.12/site-packages/airflow/example_dags/tutorial_taskflow_api.py for tasks to queue
[2025-06-12T18:53:55.000+0200] {logging_mixin.py:188} INFO - [2025-06-12T18:53:55.000+0200] {dagbag.py:540} INFO - Filling up the DagBag from /home/leoja/airflow/airflow_venv/lib/python3.12/site-packages/airflow/example_dags/tutorial_taskflow_api.py
[2025-06-12T18:53:55.005+0200] {processor.py:840} INFO - DAG(s) 'tutorial_taskflow_api' retrieved from /home/leoja/airflow/airflow_venv/lib/python3.12/site-packages/airflow/example_dags/tutorial_taskflow_api.py
[2025-06-12T18:53:55.020+0200] {logging_mixin.py:188} INFO - [2025-06-12T18:53:55.020+0200] {dag.py:3096} INFO - Sync 1 DAGs
[2025-06-12T18:53:55.029+0200] {logging_mixin.py:188} INFO - [2025-06-12T18:53:55.029+0200] {dag.py:3954} INFO - Setting next_dagrun for tutorial_taskflow_api to None, run_after=None
[2025-06-12T18:53:55.050+0200] {processor.py:183} INFO - Processing /home/leoja/airflow/airflow_venv/lib/python3.12/site-packages/airflow/example_dags/tutorial_taskflow_api.py took 0.056 seconds
[2025-06-12T18:54:41.013+0200] {processor.py:161} INFO - Started process (PID=404127) to work on /home/leoja/airflow/airflow_venv/lib/python3.12/site-packages/airflow/example_dags/tutorial_taskflow_api.py
[2025-06-12T18:54:41.015+0200] {processor.py:830} INFO - Processing file /home/leoja/airflow/airflow_venv/lib/python3.12/site-packages/airflow/example_dags/tutorial_taskflow_api.py for tasks to queue
[2025-06-12T18:54:41.016+0200] {logging_mixin.py:188} INFO - [2025-06-12T18:54:41.016+0200] {dagbag.py:540} INFO - Filling up the DagBag from /home/leoja/airflow/airflow_venv/lib/python3.12/site-packages/airflow/example_dags/tutorial_taskflow_api.py
[2025-06-12T18:54:41.022+0200] {processor.py:840} INFO - DAG(s) 'tutorial_taskflow_api' retrieved from /home/leoja/airflow/airflow_venv/lib/python3.12/site-packages/airflow/example_dags/tutorial_taskflow_api.py
[2025-06-12T18:54:41.033+0200] {logging_mixin.py:188} INFO - [2025-06-12T18:54:41.033+0200] {dag.py:3096} INFO - Sync 1 DAGs
[2025-06-12T18:54:41.041+0200] {logging_mixin.py:188} INFO - [2025-06-12T18:54:41.041+0200] {dag.py:3954} INFO - Setting next_dagrun for tutorial_taskflow_api to None, run_after=None
[2025-06-12T18:54:41.060+0200] {processor.py:183} INFO - Processing /home/leoja/airflow/airflow_venv/lib/python3.12/site-packages/airflow/example_dags/tutorial_taskflow_api.py took 0.052 seconds
[2025-06-12T18:55:30.252+0200] {processor.py:161} INFO - Started process (PID=404299) to work on /home/leoja/airflow/airflow_venv/lib/python3.12/site-packages/airflow/example_dags/tutorial_taskflow_api.py
[2025-06-12T18:55:30.254+0200] {processor.py:830} INFO - Processing file /home/leoja/airflow/airflow_venv/lib/python3.12/site-packages/airflow/example_dags/tutorial_taskflow_api.py for tasks to queue
[2025-06-12T18:55:30.255+0200] {logging_mixin.py:188} INFO - [2025-06-12T18:55:30.255+0200] {dagbag.py:540} INFO - Filling up the DagBag from /home/leoja/airflow/airflow_venv/lib/python3.12/site-packages/airflow/example_dags/tutorial_taskflow_api.py
[2025-06-12T18:55:30.262+0200] {processor.py:840} INFO - DAG(s) 'tutorial_taskflow_api' retrieved from /home/leoja/airflow/airflow_venv/lib/python3.12/site-packages/airflow/example_dags/tutorial_taskflow_api.py
[2025-06-12T18:55:30.275+0200] {logging_mixin.py:188} INFO - [2025-06-12T18:55:30.275+0200] {dag.py:3096} INFO - Sync 1 DAGs
[2025-06-12T18:55:30.283+0200] {logging_mixin.py:188} INFO - [2025-06-12T18:55:30.283+0200] {dag.py:3954} INFO - Setting next_dagrun for tutorial_taskflow_api to None, run_after=None
[2025-06-12T18:55:30.305+0200] {processor.py:183} INFO - Processing /home/leoja/airflow/airflow_venv/lib/python3.12/site-packages/airflow/example_dags/tutorial_taskflow_api.py took 0.058 seconds
[2025-06-12T18:56:22.432+0200] {processor.py:161} INFO - Started process (PID=404481) to work on /home/leoja/airflow/airflow_venv/lib/python3.12/site-packages/airflow/example_dags/tutorial_taskflow_api.py
[2025-06-12T18:56:22.434+0200] {processor.py:830} INFO - Processing file /home/leoja/airflow/airflow_venv/lib/python3.12/site-packages/airflow/example_dags/tutorial_taskflow_api.py for tasks to queue
[2025-06-12T18:56:22.435+0200] {logging_mixin.py:188} INFO - [2025-06-12T18:56:22.435+0200] {dagbag.py:540} INFO - Filling up the DagBag from /home/leoja/airflow/airflow_venv/lib/python3.12/site-packages/airflow/example_dags/tutorial_taskflow_api.py
[2025-06-12T18:56:22.440+0200] {processor.py:840} INFO - DAG(s) 'tutorial_taskflow_api' retrieved from /home/leoja/airflow/airflow_venv/lib/python3.12/site-packages/airflow/example_dags/tutorial_taskflow_api.py
[2025-06-12T18:56:22.536+0200] {logging_mixin.py:188} INFO - [2025-06-12T18:56:22.536+0200] {dag.py:3096} INFO - Sync 1 DAGs
[2025-06-12T18:56:22.542+0200] {logging_mixin.py:188} INFO - [2025-06-12T18:56:22.542+0200] {dag.py:3954} INFO - Setting next_dagrun for tutorial_taskflow_api to None, run_after=None
[2025-06-12T18:56:22.559+0200] {processor.py:183} INFO - Processing /home/leoja/airflow/airflow_venv/lib/python3.12/site-packages/airflow/example_dags/tutorial_taskflow_api.py took 0.131 seconds
[2025-06-12T18:57:11.891+0200] {processor.py:161} INFO - Started process (PID=404665) to work on /home/leoja/airflow/airflow_venv/lib/python3.12/site-packages/airflow/example_dags/tutorial_taskflow_api.py
[2025-06-12T18:57:11.892+0200] {processor.py:830} INFO - Processing file /home/leoja/airflow/airflow_venv/lib/python3.12/site-packages/airflow/example_dags/tutorial_taskflow_api.py for tasks to queue
[2025-06-12T18:57:11.894+0200] {logging_mixin.py:188} INFO - [2025-06-12T18:57:11.893+0200] {dagbag.py:540} INFO - Filling up the DagBag from /home/leoja/airflow/airflow_venv/lib/python3.12/site-packages/airflow/example_dags/tutorial_taskflow_api.py
[2025-06-12T18:57:11.899+0200] {processor.py:840} INFO - DAG(s) 'tutorial_taskflow_api' retrieved from /home/leoja/airflow/airflow_venv/lib/python3.12/site-packages/airflow/example_dags/tutorial_taskflow_api.py
[2025-06-12T18:57:11.914+0200] {logging_mixin.py:188} INFO - [2025-06-12T18:57:11.914+0200] {dag.py:3096} INFO - Sync 1 DAGs
[2025-06-12T18:57:11.923+0200] {logging_mixin.py:188} INFO - [2025-06-12T18:57:11.923+0200] {dag.py:3954} INFO - Setting next_dagrun for tutorial_taskflow_api to None, run_after=None
[2025-06-12T18:57:11.947+0200] {processor.py:183} INFO - Processing /home/leoja/airflow/airflow_venv/lib/python3.12/site-packages/airflow/example_dags/tutorial_taskflow_api.py took 0.062 seconds
[2025-06-12T18:57:54.810+0200] {processor.py:161} INFO - Started process (PID=404860) to work on /home/leoja/airflow/airflow_venv/lib/python3.12/site-packages/airflow/example_dags/tutorial_taskflow_api.py
[2025-06-12T18:57:54.812+0200] {processor.py:830} INFO - Processing file /home/leoja/airflow/airflow_venv/lib/python3.12/site-packages/airflow/example_dags/tutorial_taskflow_api.py for tasks to queue
[2025-06-12T18:57:54.813+0200] {logging_mixin.py:188} INFO - [2025-06-12T18:57:54.813+0200] {dagbag.py:540} INFO - Filling up the DagBag from /home/leoja/airflow/airflow_venv/lib/python3.12/site-packages/airflow/example_dags/tutorial_taskflow_api.py
[2025-06-12T18:57:54.819+0200] {processor.py:840} INFO - DAG(s) 'tutorial_taskflow_api' retrieved from /home/leoja/airflow/airflow_venv/lib/python3.12/site-packages/airflow/example_dags/tutorial_taskflow_api.py
[2025-06-12T18:57:54.830+0200] {logging_mixin.py:188} INFO - [2025-06-12T18:57:54.830+0200] {dag.py:3096} INFO - Sync 1 DAGs
[2025-06-12T18:57:54.838+0200] {logging_mixin.py:188} INFO - [2025-06-12T18:57:54.837+0200] {dag.py:3954} INFO - Setting next_dagrun for tutorial_taskflow_api to None, run_after=None
[2025-06-12T18:57:54.857+0200] {processor.py:183} INFO - Processing /home/leoja/airflow/airflow_venv/lib/python3.12/site-packages/airflow/example_dags/tutorial_taskflow_api.py took 0.052 seconds
[2025-06-12T18:58:38.012+0200] {processor.py:161} INFO - Started process (PID=405101) to work on /home/leoja/airflow/airflow_venv/lib/python3.12/site-packages/airflow/example_dags/tutorial_taskflow_api.py
[2025-06-12T18:58:38.014+0200] {processor.py:830} INFO - Processing file /home/leoja/airflow/airflow_venv/lib/python3.12/site-packages/airflow/example_dags/tutorial_taskflow_api.py for tasks to queue
[2025-06-12T18:58:38.015+0200] {logging_mixin.py:188} INFO - [2025-06-12T18:58:38.015+0200] {dagbag.py:540} INFO - Filling up the DagBag from /home/leoja/airflow/airflow_venv/lib/python3.12/site-packages/airflow/example_dags/tutorial_taskflow_api.py
[2025-06-12T18:58:38.020+0200] {processor.py:840} INFO - DAG(s) 'tutorial_taskflow_api' retrieved from /home/leoja/airflow/airflow_venv/lib/python3.12/site-packages/airflow/example_dags/tutorial_taskflow_api.py
[2025-06-12T18:58:38.030+0200] {logging_mixin.py:188} INFO - [2025-06-12T18:58:38.030+0200] {dag.py:3096} INFO - Sync 1 DAGs
[2025-06-12T18:58:38.038+0200] {logging_mixin.py:188} INFO - [2025-06-12T18:58:38.038+0200] {dag.py:3954} INFO - Setting next_dagrun for tutorial_taskflow_api to None, run_after=None
[2025-06-12T18:58:38.059+0200] {processor.py:183} INFO - Processing /home/leoja/airflow/airflow_venv/lib/python3.12/site-packages/airflow/example_dags/tutorial_taskflow_api.py took 0.052 seconds
[2025-06-12T18:59:22.150+0200] {processor.py:161} INFO - Started process (PID=405375) to work on /home/leoja/airflow/airflow_venv/lib/python3.12/site-packages/airflow/example_dags/tutorial_taskflow_api.py
[2025-06-12T18:59:22.152+0200] {processor.py:830} INFO - Processing file /home/leoja/airflow/airflow_venv/lib/python3.12/site-packages/airflow/example_dags/tutorial_taskflow_api.py for tasks to queue
[2025-06-12T18:59:22.153+0200] {logging_mixin.py:188} INFO - [2025-06-12T18:59:22.153+0200] {dagbag.py:540} INFO - Filling up the DagBag from /home/leoja/airflow/airflow_venv/lib/python3.12/site-packages/airflow/example_dags/tutorial_taskflow_api.py
[2025-06-12T18:59:22.158+0200] {processor.py:840} INFO - DAG(s) 'tutorial_taskflow_api' retrieved from /home/leoja/airflow/airflow_venv/lib/python3.12/site-packages/airflow/example_dags/tutorial_taskflow_api.py
[2025-06-12T18:59:22.169+0200] {logging_mixin.py:188} INFO - [2025-06-12T18:59:22.169+0200] {dag.py:3096} INFO - Sync 1 DAGs
[2025-06-12T18:59:22.176+0200] {logging_mixin.py:188} INFO - [2025-06-12T18:59:22.176+0200] {dag.py:3954} INFO - Setting next_dagrun for tutorial_taskflow_api to None, run_after=None
[2025-06-12T18:59:22.199+0200] {processor.py:183} INFO - Processing /home/leoja/airflow/airflow_venv/lib/python3.12/site-packages/airflow/example_dags/tutorial_taskflow_api.py took 0.053 seconds
[2025-06-12T19:00:09.092+0200] {processor.py:161} INFO - Started process (PID=405622) to work on /home/leoja/airflow/airflow_venv/lib/python3.12/site-packages/airflow/example_dags/tutorial_taskflow_api.py
[2025-06-12T19:00:09.094+0200] {processor.py:830} INFO - Processing file /home/leoja/airflow/airflow_venv/lib/python3.12/site-packages/airflow/example_dags/tutorial_taskflow_api.py for tasks to queue
[2025-06-12T19:00:09.095+0200] {logging_mixin.py:188} INFO - [2025-06-12T19:00:09.095+0200] {dagbag.py:540} INFO - Filling up the DagBag from /home/leoja/airflow/airflow_venv/lib/python3.12/site-packages/airflow/example_dags/tutorial_taskflow_api.py
[2025-06-12T19:00:09.101+0200] {processor.py:840} INFO - DAG(s) 'tutorial_taskflow_api' retrieved from /home/leoja/airflow/airflow_venv/lib/python3.12/site-packages/airflow/example_dags/tutorial_taskflow_api.py
[2025-06-12T19:00:09.112+0200] {logging_mixin.py:188} INFO - [2025-06-12T19:00:09.112+0200] {dag.py:3096} INFO - Sync 1 DAGs
[2025-06-12T19:00:09.119+0200] {logging_mixin.py:188} INFO - [2025-06-12T19:00:09.119+0200] {dag.py:3954} INFO - Setting next_dagrun for tutorial_taskflow_api to None, run_after=None
[2025-06-12T19:00:09.140+0200] {processor.py:183} INFO - Processing /home/leoja/airflow/airflow_venv/lib/python3.12/site-packages/airflow/example_dags/tutorial_taskflow_api.py took 0.053 seconds
[2025-06-12T19:00:54.796+0200] {processor.py:161} INFO - Started process (PID=405886) to work on /home/leoja/airflow/airflow_venv/lib/python3.12/site-packages/airflow/example_dags/tutorial_taskflow_api.py
[2025-06-12T19:00:54.798+0200] {processor.py:830} INFO - Processing file /home/leoja/airflow/airflow_venv/lib/python3.12/site-packages/airflow/example_dags/tutorial_taskflow_api.py for tasks to queue
[2025-06-12T19:00:54.799+0200] {logging_mixin.py:188} INFO - [2025-06-12T19:00:54.799+0200] {dagbag.py:540} INFO - Filling up the DagBag from /home/leoja/airflow/airflow_venv/lib/python3.12/site-packages/airflow/example_dags/tutorial_taskflow_api.py
[2025-06-12T19:00:54.805+0200] {processor.py:840} INFO - DAG(s) 'tutorial_taskflow_api' retrieved from /home/leoja/airflow/airflow_venv/lib/python3.12/site-packages/airflow/example_dags/tutorial_taskflow_api.py
[2025-06-12T19:00:54.816+0200] {logging_mixin.py:188} INFO - [2025-06-12T19:00:54.816+0200] {dag.py:3096} INFO - Sync 1 DAGs
[2025-06-12T19:00:54.825+0200] {logging_mixin.py:188} INFO - [2025-06-12T19:00:54.824+0200] {dag.py:3954} INFO - Setting next_dagrun for tutorial_taskflow_api to None, run_after=None
[2025-06-12T19:00:54.845+0200] {processor.py:183} INFO - Processing /home/leoja/airflow/airflow_venv/lib/python3.12/site-packages/airflow/example_dags/tutorial_taskflow_api.py took 0.053 seconds
[2025-06-12T19:01:38.941+0200] {processor.py:161} INFO - Started process (PID=406135) to work on /home/leoja/airflow/airflow_venv/lib/python3.12/site-packages/airflow/example_dags/tutorial_taskflow_api.py
[2025-06-12T19:01:38.943+0200] {processor.py:830} INFO - Processing file /home/leoja/airflow/airflow_venv/lib/python3.12/site-packages/airflow/example_dags/tutorial_taskflow_api.py for tasks to queue
[2025-06-12T19:01:38.944+0200] {logging_mixin.py:188} INFO - [2025-06-12T19:01:38.944+0200] {dagbag.py:540} INFO - Filling up the DagBag from /home/leoja/airflow/airflow_venv/lib/python3.12/site-packages/airflow/example_dags/tutorial_taskflow_api.py
[2025-06-12T19:01:38.949+0200] {processor.py:840} INFO - DAG(s) 'tutorial_taskflow_api' retrieved from /home/leoja/airflow/airflow_venv/lib/python3.12/site-packages/airflow/example_dags/tutorial_taskflow_api.py
[2025-06-12T19:01:38.960+0200] {logging_mixin.py:188} INFO - [2025-06-12T19:01:38.960+0200] {dag.py:3096} INFO - Sync 1 DAGs
[2025-06-12T19:01:38.967+0200] {logging_mixin.py:188} INFO - [2025-06-12T19:01:38.967+0200] {dag.py:3954} INFO - Setting next_dagrun for tutorial_taskflow_api to None, run_after=None
[2025-06-12T19:01:38.987+0200] {processor.py:183} INFO - Processing /home/leoja/airflow/airflow_venv/lib/python3.12/site-packages/airflow/example_dags/tutorial_taskflow_api.py took 0.050 seconds
[2025-06-12T19:02:24.236+0200] {processor.py:161} INFO - Started process (PID=406386) to work on /home/leoja/airflow/airflow_venv/lib/python3.12/site-packages/airflow/example_dags/tutorial_taskflow_api.py
[2025-06-12T19:02:24.238+0200] {processor.py:830} INFO - Processing file /home/leoja/airflow/airflow_venv/lib/python3.12/site-packages/airflow/example_dags/tutorial_taskflow_api.py for tasks to queue
[2025-06-12T19:02:24.240+0200] {logging_mixin.py:188} INFO - [2025-06-12T19:02:24.240+0200] {dagbag.py:540} INFO - Filling up the DagBag from /home/leoja/airflow/airflow_venv/lib/python3.12/site-packages/airflow/example_dags/tutorial_taskflow_api.py
[2025-06-12T19:02:24.246+0200] {processor.py:840} INFO - DAG(s) 'tutorial_taskflow_api' retrieved from /home/leoja/airflow/airflow_venv/lib/python3.12/site-packages/airflow/example_dags/tutorial_taskflow_api.py
[2025-06-12T19:02:24.257+0200] {logging_mixin.py:188} INFO - [2025-06-12T19:02:24.257+0200] {dag.py:3096} INFO - Sync 1 DAGs
[2025-06-12T19:02:24.264+0200] {logging_mixin.py:188} INFO - [2025-06-12T19:02:24.264+0200] {dag.py:3954} INFO - Setting next_dagrun for tutorial_taskflow_api to None, run_after=None
[2025-06-12T19:02:24.287+0200] {processor.py:183} INFO - Processing /home/leoja/airflow/airflow_venv/lib/python3.12/site-packages/airflow/example_dags/tutorial_taskflow_api.py took 0.056 seconds
[2025-06-12T19:03:12.140+0200] {processor.py:161} INFO - Started process (PID=406680) to work on /home/leoja/airflow/airflow_venv/lib/python3.12/site-packages/airflow/example_dags/tutorial_taskflow_api.py
[2025-06-12T19:03:12.142+0200] {processor.py:830} INFO - Processing file /home/leoja/airflow/airflow_venv/lib/python3.12/site-packages/airflow/example_dags/tutorial_taskflow_api.py for tasks to queue
[2025-06-12T19:03:12.144+0200] {logging_mixin.py:188} INFO - [2025-06-12T19:03:12.144+0200] {dagbag.py:540} INFO - Filling up the DagBag from /home/leoja/airflow/airflow_venv/lib/python3.12/site-packages/airflow/example_dags/tutorial_taskflow_api.py
[2025-06-12T19:03:12.149+0200] {processor.py:840} INFO - DAG(s) 'tutorial_taskflow_api' retrieved from /home/leoja/airflow/airflow_venv/lib/python3.12/site-packages/airflow/example_dags/tutorial_taskflow_api.py
[2025-06-12T19:03:12.163+0200] {logging_mixin.py:188} INFO - [2025-06-12T19:03:12.163+0200] {dag.py:3096} INFO - Sync 1 DAGs
[2025-06-12T19:03:12.173+0200] {logging_mixin.py:188} INFO - [2025-06-12T19:03:12.172+0200] {dag.py:3954} INFO - Setting next_dagrun for tutorial_taskflow_api to None, run_after=None
[2025-06-12T19:03:12.194+0200] {processor.py:183} INFO - Processing /home/leoja/airflow/airflow_venv/lib/python3.12/site-packages/airflow/example_dags/tutorial_taskflow_api.py took 0.060 seconds
[2025-06-12T19:03:57.527+0200] {processor.py:161} INFO - Started process (PID=406926) to work on /home/leoja/airflow/airflow_venv/lib/python3.12/site-packages/airflow/example_dags/tutorial_taskflow_api.py
[2025-06-12T19:03:57.529+0200] {processor.py:830} INFO - Processing file /home/leoja/airflow/airflow_venv/lib/python3.12/site-packages/airflow/example_dags/tutorial_taskflow_api.py for tasks to queue
[2025-06-12T19:03:57.531+0200] {logging_mixin.py:188} INFO - [2025-06-12T19:03:57.530+0200] {dagbag.py:540} INFO - Filling up the DagBag from /home/leoja/airflow/airflow_venv/lib/python3.12/site-packages/airflow/example_dags/tutorial_taskflow_api.py
[2025-06-12T19:03:57.536+0200] {processor.py:840} INFO - DAG(s) 'tutorial_taskflow_api' retrieved from /home/leoja/airflow/airflow_venv/lib/python3.12/site-packages/airflow/example_dags/tutorial_taskflow_api.py
[2025-06-12T19:03:57.550+0200] {logging_mixin.py:188} INFO - [2025-06-12T19:03:57.550+0200] {dag.py:3096} INFO - Sync 1 DAGs
[2025-06-12T19:03:57.558+0200] {logging_mixin.py:188} INFO - [2025-06-12T19:03:57.557+0200] {dag.py:3954} INFO - Setting next_dagrun for tutorial_taskflow_api to None, run_after=None
[2025-06-12T19:03:57.582+0200] {processor.py:183} INFO - Processing /home/leoja/airflow/airflow_venv/lib/python3.12/site-packages/airflow/example_dags/tutorial_taskflow_api.py took 0.060 seconds
[2025-06-12T19:04:42.024+0200] {processor.py:161} INFO - Started process (PID=407237) to work on /home/leoja/airflow/airflow_venv/lib/python3.12/site-packages/airflow/example_dags/tutorial_taskflow_api.py
[2025-06-12T19:04:42.026+0200] {processor.py:830} INFO - Processing file /home/leoja/airflow/airflow_venv/lib/python3.12/site-packages/airflow/example_dags/tutorial_taskflow_api.py for tasks to queue
[2025-06-12T19:04:42.027+0200] {logging_mixin.py:188} INFO - [2025-06-12T19:04:42.027+0200] {dagbag.py:540} INFO - Filling up the DagBag from /home/leoja/airflow/airflow_venv/lib/python3.12/site-packages/airflow/example_dags/tutorial_taskflow_api.py
[2025-06-12T19:04:42.033+0200] {processor.py:840} INFO - DAG(s) 'tutorial_taskflow_api' retrieved from /home/leoja/airflow/airflow_venv/lib/python3.12/site-packages/airflow/example_dags/tutorial_taskflow_api.py
[2025-06-12T19:04:42.046+0200] {logging_mixin.py:188} INFO - [2025-06-12T19:04:42.046+0200] {dag.py:3096} INFO - Sync 1 DAGs
[2025-06-12T19:04:42.054+0200] {logging_mixin.py:188} INFO - [2025-06-12T19:04:42.054+0200] {dag.py:3954} INFO - Setting next_dagrun for tutorial_taskflow_api to None, run_after=None
[2025-06-12T19:04:42.074+0200] {processor.py:183} INFO - Processing /home/leoja/airflow/airflow_venv/lib/python3.12/site-packages/airflow/example_dags/tutorial_taskflow_api.py took 0.055 seconds
[2025-06-12T19:05:24.360+0200] {processor.py:161} INFO - Started process (PID=407461) to work on /home/leoja/airflow/airflow_venv/lib/python3.12/site-packages/airflow/example_dags/tutorial_taskflow_api.py
[2025-06-12T19:05:24.361+0200] {processor.py:830} INFO - Processing file /home/leoja/airflow/airflow_venv/lib/python3.12/site-packages/airflow/example_dags/tutorial_taskflow_api.py for tasks to queue
[2025-06-12T19:05:24.363+0200] {logging_mixin.py:188} INFO - [2025-06-12T19:05:24.362+0200] {dagbag.py:540} INFO - Filling up the DagBag from /home/leoja/airflow/airflow_venv/lib/python3.12/site-packages/airflow/example_dags/tutorial_taskflow_api.py
[2025-06-12T19:05:24.368+0200] {processor.py:840} INFO - DAG(s) 'tutorial_taskflow_api' retrieved from /home/leoja/airflow/airflow_venv/lib/python3.12/site-packages/airflow/example_dags/tutorial_taskflow_api.py
[2025-06-12T19:05:24.380+0200] {logging_mixin.py:188} INFO - [2025-06-12T19:05:24.380+0200] {dag.py:3096} INFO - Sync 1 DAGs
[2025-06-12T19:05:24.388+0200] {logging_mixin.py:188} INFO - [2025-06-12T19:05:24.388+0200] {dag.py:3954} INFO - Setting next_dagrun for tutorial_taskflow_api to None, run_after=None
[2025-06-12T19:05:24.406+0200] {processor.py:183} INFO - Processing /home/leoja/airflow/airflow_venv/lib/python3.12/site-packages/airflow/example_dags/tutorial_taskflow_api.py took 0.051 seconds
[2025-06-12T22:07:42.212+0200] {processor.py:161} INFO - Started process (PID=407795) to work on /home/leoja/airflow/airflow_venv/lib/python3.12/site-packages/airflow/example_dags/tutorial_taskflow_api.py
[2025-06-12T22:07:42.241+0200] {processor.py:830} INFO - Processing file /home/leoja/airflow/airflow_venv/lib/python3.12/site-packages/airflow/example_dags/tutorial_taskflow_api.py for tasks to queue
[2025-06-12T22:07:42.244+0200] {logging_mixin.py:188} INFO - [2025-06-12T22:07:42.243+0200] {dagbag.py:540} INFO - Filling up the DagBag from /home/leoja/airflow/airflow_venv/lib/python3.12/site-packages/airflow/example_dags/tutorial_taskflow_api.py
[2025-06-12T22:07:42.265+0200] {processor.py:840} INFO - DAG(s) 'tutorial_taskflow_api' retrieved from /home/leoja/airflow/airflow_venv/lib/python3.12/site-packages/airflow/example_dags/tutorial_taskflow_api.py
[2025-06-12T22:07:42.313+0200] {logging_mixin.py:188} INFO - [2025-06-12T22:07:42.312+0200] {dag.py:3096} INFO - Sync 1 DAGs
[2025-06-12T22:07:42.357+0200] {logging_mixin.py:188} INFO - [2025-06-12T22:07:42.348+0200] {dag.py:3954} INFO - Setting next_dagrun for tutorial_taskflow_api to None, run_after=None
[2025-06-13T11:58:19.452+0200] {processor.py:183} INFO - Processing /home/leoja/airflow/airflow_venv/lib/python3.12/site-packages/airflow/example_dags/tutorial_taskflow_api.py took 3.852 seconds
