[2025-06-12T18:20:41.456+0200] {processor.py:161} INFO - Started process (PID=390783) to work on /home/leoja/airflow/airflow_venv/lib/python3.12/site-packages/airflow/example_dags/tutorial.py
[2025-06-12T18:20:41.457+0200] {processor.py:830} INFO - Processing file /home/leoja/airflow/airflow_venv/lib/python3.12/site-packages/airflow/example_dags/tutorial.py for tasks to queue
[2025-06-12T18:20:41.458+0200] {logging_mixin.py:188} INFO - [2025-06-12T18:20:41.458+0200] {dagbag.py:540} INFO - Filling up the DagBag from /home/leoja/airflow/airflow_venv/lib/python3.12/site-packages/airflow/example_dags/tutorial.py
[2025-06-12T18:20:41.466+0200] {processor.py:840} INFO - DAG(s) 'tutorial' retrieved from /home/leoja/airflow/airflow_venv/lib/python3.12/site-packages/airflow/example_dags/tutorial.py
[2025-06-12T18:20:41.576+0200] {logging_mixin.py:188} INFO - [2025-06-12T18:20:41.576+0200] {dag.py:3096} INFO - Sync 1 DAGs
[2025-06-12T18:20:41.606+0200] {logging_mixin.py:188} INFO - [2025-06-12T18:20:41.606+0200] {dag.py:3954} INFO - Setting next_dagrun for tutorial to 2025-06-11 00:00:00+00:00, run_after=2025-06-12 00:00:00+00:00
[2025-06-12T18:20:41.671+0200] {processor.py:183} INFO - Processing /home/leoja/airflow/airflow_venv/lib/python3.12/site-packages/airflow/example_dags/tutorial.py took 0.220 seconds
[2025-06-12T18:21:39.319+0200] {processor.py:161} INFO - Started process (PID=391150) to work on /home/leoja/airflow/airflow_venv/lib/python3.12/site-packages/airflow/example_dags/tutorial.py
[2025-06-12T18:21:39.321+0200] {processor.py:830} INFO - Processing file /home/leoja/airflow/airflow_venv/lib/python3.12/site-packages/airflow/example_dags/tutorial.py for tasks to queue
[2025-06-12T18:21:39.322+0200] {logging_mixin.py:188} INFO - [2025-06-12T18:21:39.322+0200] {dagbag.py:540} INFO - Filling up the DagBag from /home/leoja/airflow/airflow_venv/lib/python3.12/site-packages/airflow/example_dags/tutorial.py
[2025-06-12T18:21:39.326+0200] {processor.py:840} INFO - DAG(s) 'tutorial' retrieved from /home/leoja/airflow/airflow_venv/lib/python3.12/site-packages/airflow/example_dags/tutorial.py
[2025-06-12T18:21:39.337+0200] {logging_mixin.py:188} INFO - [2025-06-12T18:21:39.336+0200] {dag.py:3096} INFO - Sync 1 DAGs
[2025-06-12T18:21:39.351+0200] {logging_mixin.py:188} INFO - [2025-06-12T18:21:39.351+0200] {dag.py:3954} INFO - Setting next_dagrun for tutorial to 2025-06-11 00:00:00+00:00, run_after=2025-06-12 00:00:00+00:00
[2025-06-12T18:21:39.371+0200] {processor.py:183} INFO - Processing /home/leoja/airflow/airflow_venv/lib/python3.12/site-packages/airflow/example_dags/tutorial.py took 0.056 seconds
[2025-06-12T18:22:33.951+0200] {processor.py:161} INFO - Started process (PID=391989) to work on /home/leoja/airflow/airflow_venv/lib/python3.12/site-packages/airflow/example_dags/tutorial.py
[2025-06-12T18:22:33.953+0200] {processor.py:830} INFO - Processing file /home/leoja/airflow/airflow_venv/lib/python3.12/site-packages/airflow/example_dags/tutorial.py for tasks to queue
[2025-06-12T18:22:33.955+0200] {logging_mixin.py:188} INFO - [2025-06-12T18:22:33.955+0200] {dagbag.py:540} INFO - Filling up the DagBag from /home/leoja/airflow/airflow_venv/lib/python3.12/site-packages/airflow/example_dags/tutorial.py
[2025-06-12T18:22:33.960+0200] {processor.py:840} INFO - DAG(s) 'tutorial' retrieved from /home/leoja/airflow/airflow_venv/lib/python3.12/site-packages/airflow/example_dags/tutorial.py
[2025-06-12T18:22:33.972+0200] {logging_mixin.py:188} INFO - [2025-06-12T18:22:33.972+0200] {dag.py:3096} INFO - Sync 1 DAGs
[2025-06-12T18:22:33.985+0200] {logging_mixin.py:188} INFO - [2025-06-12T18:22:33.985+0200] {dag.py:3954} INFO - Setting next_dagrun for tutorial to 2025-06-11 00:00:00+00:00, run_after=2025-06-12 00:00:00+00:00
[2025-06-12T18:22:34.005+0200] {processor.py:183} INFO - Processing /home/leoja/airflow/airflow_venv/lib/python3.12/site-packages/airflow/example_dags/tutorial.py took 0.058 seconds
[2025-06-12T18:24:16.407+0200] {processor.py:161} INFO - Started process (PID=393105) to work on /home/leoja/airflow/airflow_venv/lib/python3.12/site-packages/airflow/example_dags/tutorial.py
[2025-06-12T18:24:16.408+0200] {processor.py:830} INFO - Processing file /home/leoja/airflow/airflow_venv/lib/python3.12/site-packages/airflow/example_dags/tutorial.py for tasks to queue
[2025-06-12T18:24:16.409+0200] {logging_mixin.py:188} INFO - [2025-06-12T18:24:16.409+0200] {dagbag.py:540} INFO - Filling up the DagBag from /home/leoja/airflow/airflow_venv/lib/python3.12/site-packages/airflow/example_dags/tutorial.py
[2025-06-12T18:24:16.414+0200] {processor.py:840} INFO - DAG(s) 'tutorial' retrieved from /home/leoja/airflow/airflow_venv/lib/python3.12/site-packages/airflow/example_dags/tutorial.py
[2025-06-12T18:24:16.424+0200] {logging_mixin.py:188} INFO - [2025-06-12T18:24:16.424+0200] {dag.py:3096} INFO - Sync 1 DAGs
[2025-06-12T18:24:16.435+0200] {logging_mixin.py:188} INFO - [2025-06-12T18:24:16.435+0200] {dag.py:3954} INFO - Setting next_dagrun for tutorial to 2025-06-11 00:00:00+00:00, run_after=2025-06-12 00:00:00+00:00
[2025-06-12T18:24:16.453+0200] {processor.py:183} INFO - Processing /home/leoja/airflow/airflow_venv/lib/python3.12/site-packages/airflow/example_dags/tutorial.py took 0.050 seconds
[2025-06-12T18:25:09.201+0200] {processor.py:161} INFO - Started process (PID=393332) to work on /home/leoja/airflow/airflow_venv/lib/python3.12/site-packages/airflow/example_dags/tutorial.py
[2025-06-12T18:25:09.203+0200] {processor.py:830} INFO - Processing file /home/leoja/airflow/airflow_venv/lib/python3.12/site-packages/airflow/example_dags/tutorial.py for tasks to queue
[2025-06-12T18:25:09.204+0200] {logging_mixin.py:188} INFO - [2025-06-12T18:25:09.204+0200] {dagbag.py:540} INFO - Filling up the DagBag from /home/leoja/airflow/airflow_venv/lib/python3.12/site-packages/airflow/example_dags/tutorial.py
[2025-06-12T18:25:09.209+0200] {processor.py:840} INFO - DAG(s) 'tutorial' retrieved from /home/leoja/airflow/airflow_venv/lib/python3.12/site-packages/airflow/example_dags/tutorial.py
[2025-06-12T18:25:09.221+0200] {logging_mixin.py:188} INFO - [2025-06-12T18:25:09.221+0200] {dag.py:3096} INFO - Sync 1 DAGs
[2025-06-12T18:25:09.234+0200] {logging_mixin.py:188} INFO - [2025-06-12T18:25:09.234+0200] {dag.py:3954} INFO - Setting next_dagrun for tutorial to 2025-06-11 00:00:00+00:00, run_after=2025-06-12 00:00:00+00:00
[2025-06-12T18:25:09.252+0200] {processor.py:183} INFO - Processing /home/leoja/airflow/airflow_venv/lib/python3.12/site-packages/airflow/example_dags/tutorial.py took 0.055 seconds
[2025-06-12T18:25:56.410+0200] {processor.py:161} INFO - Started process (PID=393589) to work on /home/leoja/airflow/airflow_venv/lib/python3.12/site-packages/airflow/example_dags/tutorial.py
[2025-06-12T18:25:56.411+0200] {processor.py:830} INFO - Processing file /home/leoja/airflow/airflow_venv/lib/python3.12/site-packages/airflow/example_dags/tutorial.py for tasks to queue
[2025-06-12T18:25:56.413+0200] {logging_mixin.py:188} INFO - [2025-06-12T18:25:56.413+0200] {dagbag.py:540} INFO - Filling up the DagBag from /home/leoja/airflow/airflow_venv/lib/python3.12/site-packages/airflow/example_dags/tutorial.py
[2025-06-12T18:25:56.419+0200] {processor.py:840} INFO - DAG(s) 'tutorial' retrieved from /home/leoja/airflow/airflow_venv/lib/python3.12/site-packages/airflow/example_dags/tutorial.py
[2025-06-12T18:25:56.430+0200] {logging_mixin.py:188} INFO - [2025-06-12T18:25:56.430+0200] {dag.py:3096} INFO - Sync 1 DAGs
[2025-06-12T18:25:56.441+0200] {logging_mixin.py:188} INFO - [2025-06-12T18:25:56.441+0200] {dag.py:3954} INFO - Setting next_dagrun for tutorial to 2025-06-11 00:00:00+00:00, run_after=2025-06-12 00:00:00+00:00
[2025-06-12T18:25:56.459+0200] {processor.py:183} INFO - Processing /home/leoja/airflow/airflow_venv/lib/python3.12/site-packages/airflow/example_dags/tutorial.py took 0.054 seconds
[2025-06-12T18:26:47.516+0200] {processor.py:161} INFO - Started process (PID=393841) to work on /home/leoja/airflow/airflow_venv/lib/python3.12/site-packages/airflow/example_dags/tutorial.py
[2025-06-12T18:26:47.520+0200] {processor.py:830} INFO - Processing file /home/leoja/airflow/airflow_venv/lib/python3.12/site-packages/airflow/example_dags/tutorial.py for tasks to queue
[2025-06-12T18:26:47.522+0200] {logging_mixin.py:188} INFO - [2025-06-12T18:26:47.521+0200] {dagbag.py:540} INFO - Filling up the DagBag from /home/leoja/airflow/airflow_venv/lib/python3.12/site-packages/airflow/example_dags/tutorial.py
[2025-06-12T18:26:47.527+0200] {processor.py:840} INFO - DAG(s) 'tutorial' retrieved from /home/leoja/airflow/airflow_venv/lib/python3.12/site-packages/airflow/example_dags/tutorial.py
[2025-06-12T18:26:47.542+0200] {logging_mixin.py:188} INFO - [2025-06-12T18:26:47.542+0200] {dag.py:3096} INFO - Sync 1 DAGs
[2025-06-12T18:26:47.560+0200] {logging_mixin.py:188} INFO - [2025-06-12T18:26:47.559+0200] {dag.py:3954} INFO - Setting next_dagrun for tutorial to 2025-06-11 00:00:00+00:00, run_after=2025-06-12 00:00:00+00:00
[2025-06-12T18:26:47.608+0200] {processor.py:183} INFO - Processing /home/leoja/airflow/airflow_venv/lib/python3.12/site-packages/airflow/example_dags/tutorial.py took 0.098 seconds
[2025-06-12T18:27:39.666+0200] {processor.py:161} INFO - Started process (PID=394121) to work on /home/leoja/airflow/airflow_venv/lib/python3.12/site-packages/airflow/example_dags/tutorial.py
[2025-06-12T18:27:39.668+0200] {processor.py:830} INFO - Processing file /home/leoja/airflow/airflow_venv/lib/python3.12/site-packages/airflow/example_dags/tutorial.py for tasks to queue
[2025-06-12T18:27:39.670+0200] {logging_mixin.py:188} INFO - [2025-06-12T18:27:39.670+0200] {dagbag.py:540} INFO - Filling up the DagBag from /home/leoja/airflow/airflow_venv/lib/python3.12/site-packages/airflow/example_dags/tutorial.py
[2025-06-12T18:27:39.676+0200] {processor.py:840} INFO - DAG(s) 'tutorial' retrieved from /home/leoja/airflow/airflow_venv/lib/python3.12/site-packages/airflow/example_dags/tutorial.py
[2025-06-12T18:27:39.688+0200] {logging_mixin.py:188} INFO - [2025-06-12T18:27:39.688+0200] {dag.py:3096} INFO - Sync 1 DAGs
[2025-06-12T18:27:39.704+0200] {logging_mixin.py:188} INFO - [2025-06-12T18:27:39.704+0200] {dag.py:3954} INFO - Setting next_dagrun for tutorial to 2025-06-11 00:00:00+00:00, run_after=2025-06-12 00:00:00+00:00
[2025-06-12T18:27:39.727+0200] {processor.py:183} INFO - Processing /home/leoja/airflow/airflow_venv/lib/python3.12/site-packages/airflow/example_dags/tutorial.py took 0.066 seconds
[2025-06-12T18:28:34.652+0200] {processor.py:161} INFO - Started process (PID=394469) to work on /home/leoja/airflow/airflow_venv/lib/python3.12/site-packages/airflow/example_dags/tutorial.py
[2025-06-12T18:28:34.656+0200] {processor.py:830} INFO - Processing file /home/leoja/airflow/airflow_venv/lib/python3.12/site-packages/airflow/example_dags/tutorial.py for tasks to queue
[2025-06-12T18:28:34.658+0200] {logging_mixin.py:188} INFO - [2025-06-12T18:28:34.657+0200] {dagbag.py:540} INFO - Filling up the DagBag from /home/leoja/airflow/airflow_venv/lib/python3.12/site-packages/airflow/example_dags/tutorial.py
[2025-06-12T18:28:34.667+0200] {processor.py:840} INFO - DAG(s) 'tutorial' retrieved from /home/leoja/airflow/airflow_venv/lib/python3.12/site-packages/airflow/example_dags/tutorial.py
[2025-06-12T18:28:35.012+0200] {logging_mixin.py:188} INFO - [2025-06-12T18:28:35.012+0200] {dag.py:3096} INFO - Sync 1 DAGs
[2025-06-12T18:28:35.057+0200] {logging_mixin.py:188} INFO - [2025-06-12T18:28:35.057+0200] {dag.py:3954} INFO - Setting next_dagrun for tutorial to 2025-06-11 00:00:00+00:00, run_after=2025-06-12 00:00:00+00:00
[2025-06-12T18:28:35.160+0200] {processor.py:183} INFO - Processing /home/leoja/airflow/airflow_venv/lib/python3.12/site-packages/airflow/example_dags/tutorial.py took 0.517 seconds
[2025-06-12T18:29:33.338+0200] {processor.py:161} INFO - Started process (PID=394675) to work on /home/leoja/airflow/airflow_venv/lib/python3.12/site-packages/airflow/example_dags/tutorial.py
[2025-06-12T18:29:33.340+0200] {processor.py:830} INFO - Processing file /home/leoja/airflow/airflow_venv/lib/python3.12/site-packages/airflow/example_dags/tutorial.py for tasks to queue
[2025-06-12T18:29:33.341+0200] {logging_mixin.py:188} INFO - [2025-06-12T18:29:33.341+0200] {dagbag.py:540} INFO - Filling up the DagBag from /home/leoja/airflow/airflow_venv/lib/python3.12/site-packages/airflow/example_dags/tutorial.py
[2025-06-12T18:29:33.346+0200] {processor.py:840} INFO - DAG(s) 'tutorial' retrieved from /home/leoja/airflow/airflow_venv/lib/python3.12/site-packages/airflow/example_dags/tutorial.py
[2025-06-12T18:29:33.357+0200] {logging_mixin.py:188} INFO - [2025-06-12T18:29:33.356+0200] {dag.py:3096} INFO - Sync 1 DAGs
[2025-06-12T18:29:33.369+0200] {logging_mixin.py:188} INFO - [2025-06-12T18:29:33.369+0200] {dag.py:3954} INFO - Setting next_dagrun for tutorial to 2025-06-11 00:00:00+00:00, run_after=2025-06-12 00:00:00+00:00
[2025-06-12T18:29:33.395+0200] {processor.py:183} INFO - Processing /home/leoja/airflow/airflow_venv/lib/python3.12/site-packages/airflow/example_dags/tutorial.py took 0.062 seconds
[2025-06-12T18:31:24.593+0200] {processor.py:161} INFO - Started process (PID=395915) to work on /home/leoja/airflow/airflow_venv/lib/python3.12/site-packages/airflow/example_dags/tutorial.py
[2025-06-12T18:31:24.630+0200] {processor.py:830} INFO - Processing file /home/leoja/airflow/airflow_venv/lib/python3.12/site-packages/airflow/example_dags/tutorial.py for tasks to queue
[2025-06-12T18:31:24.633+0200] {logging_mixin.py:188} INFO - [2025-06-12T18:31:24.632+0200] {dagbag.py:540} INFO - Filling up the DagBag from /home/leoja/airflow/airflow_venv/lib/python3.12/site-packages/airflow/example_dags/tutorial.py
[2025-06-12T18:31:24.639+0200] {processor.py:840} INFO - DAG(s) 'tutorial' retrieved from /home/leoja/airflow/airflow_venv/lib/python3.12/site-packages/airflow/example_dags/tutorial.py
[2025-06-12T18:31:24.651+0200] {logging_mixin.py:188} INFO - [2025-06-12T18:31:24.651+0200] {dag.py:3096} INFO - Sync 1 DAGs
[2025-06-12T18:31:24.669+0200] {logging_mixin.py:188} INFO - [2025-06-12T18:31:24.669+0200] {dag.py:3954} INFO - Setting next_dagrun for tutorial to 2025-06-11 00:00:00+00:00, run_after=2025-06-12 00:00:00+00:00
[2025-06-12T18:31:25.193+0200] {processor.py:183} INFO - Processing /home/leoja/airflow/airflow_venv/lib/python3.12/site-packages/airflow/example_dags/tutorial.py took 0.604 seconds
[2025-06-12T18:32:17.207+0200] {processor.py:161} INFO - Started process (PID=396145) to work on /home/leoja/airflow/airflow_venv/lib/python3.12/site-packages/airflow/example_dags/tutorial.py
[2025-06-12T18:32:17.208+0200] {processor.py:830} INFO - Processing file /home/leoja/airflow/airflow_venv/lib/python3.12/site-packages/airflow/example_dags/tutorial.py for tasks to queue
[2025-06-12T18:32:17.210+0200] {logging_mixin.py:188} INFO - [2025-06-12T18:32:17.209+0200] {dagbag.py:540} INFO - Filling up the DagBag from /home/leoja/airflow/airflow_venv/lib/python3.12/site-packages/airflow/example_dags/tutorial.py
[2025-06-12T18:32:17.214+0200] {processor.py:840} INFO - DAG(s) 'tutorial' retrieved from /home/leoja/airflow/airflow_venv/lib/python3.12/site-packages/airflow/example_dags/tutorial.py
[2025-06-12T18:32:17.224+0200] {logging_mixin.py:188} INFO - [2025-06-12T18:32:17.224+0200] {dag.py:3096} INFO - Sync 1 DAGs
[2025-06-12T18:32:17.236+0200] {logging_mixin.py:188} INFO - [2025-06-12T18:32:17.236+0200] {dag.py:3954} INFO - Setting next_dagrun for tutorial to 2025-06-11 00:00:00+00:00, run_after=2025-06-12 00:00:00+00:00
[2025-06-12T18:32:17.253+0200] {processor.py:183} INFO - Processing /home/leoja/airflow/airflow_venv/lib/python3.12/site-packages/airflow/example_dags/tutorial.py took 0.051 seconds
[2025-06-12T18:33:03.388+0200] {processor.py:161} INFO - Started process (PID=396330) to work on /home/leoja/airflow/airflow_venv/lib/python3.12/site-packages/airflow/example_dags/tutorial.py
[2025-06-12T18:33:03.391+0200] {processor.py:830} INFO - Processing file /home/leoja/airflow/airflow_venv/lib/python3.12/site-packages/airflow/example_dags/tutorial.py for tasks to queue
[2025-06-12T18:33:03.393+0200] {logging_mixin.py:188} INFO - [2025-06-12T18:33:03.393+0200] {dagbag.py:540} INFO - Filling up the DagBag from /home/leoja/airflow/airflow_venv/lib/python3.12/site-packages/airflow/example_dags/tutorial.py
[2025-06-12T18:33:03.400+0200] {processor.py:840} INFO - DAG(s) 'tutorial' retrieved from /home/leoja/airflow/airflow_venv/lib/python3.12/site-packages/airflow/example_dags/tutorial.py
[2025-06-12T18:33:03.414+0200] {logging_mixin.py:188} INFO - [2025-06-12T18:33:03.414+0200] {dag.py:3096} INFO - Sync 1 DAGs
[2025-06-12T18:33:03.430+0200] {logging_mixin.py:188} INFO - [2025-06-12T18:33:03.430+0200] {dag.py:3954} INFO - Setting next_dagrun for tutorial to 2025-06-11 00:00:00+00:00, run_after=2025-06-12 00:00:00+00:00
[2025-06-12T18:33:03.448+0200] {processor.py:183} INFO - Processing /home/leoja/airflow/airflow_venv/lib/python3.12/site-packages/airflow/example_dags/tutorial.py took 0.065 seconds
[2025-06-12T18:33:50.667+0200] {processor.py:161} INFO - Started process (PID=396558) to work on /home/leoja/airflow/airflow_venv/lib/python3.12/site-packages/airflow/example_dags/tutorial.py
[2025-06-12T18:33:50.669+0200] {processor.py:830} INFO - Processing file /home/leoja/airflow/airflow_venv/lib/python3.12/site-packages/airflow/example_dags/tutorial.py for tasks to queue
[2025-06-12T18:33:50.671+0200] {logging_mixin.py:188} INFO - [2025-06-12T18:33:50.670+0200] {dagbag.py:540} INFO - Filling up the DagBag from /home/leoja/airflow/airflow_venv/lib/python3.12/site-packages/airflow/example_dags/tutorial.py
[2025-06-12T18:33:50.676+0200] {processor.py:840} INFO - DAG(s) 'tutorial' retrieved from /home/leoja/airflow/airflow_venv/lib/python3.12/site-packages/airflow/example_dags/tutorial.py
[2025-06-12T18:33:50.688+0200] {logging_mixin.py:188} INFO - [2025-06-12T18:33:50.688+0200] {dag.py:3096} INFO - Sync 1 DAGs
[2025-06-12T18:33:50.700+0200] {logging_mixin.py:188} INFO - [2025-06-12T18:33:50.700+0200] {dag.py:3954} INFO - Setting next_dagrun for tutorial to 2025-06-11 00:00:00+00:00, run_after=2025-06-12 00:00:00+00:00
[2025-06-12T18:33:50.720+0200] {processor.py:183} INFO - Processing /home/leoja/airflow/airflow_venv/lib/python3.12/site-packages/airflow/example_dags/tutorial.py took 0.057 seconds
[2025-06-12T18:34:36.376+0200] {processor.py:161} INFO - Started process (PID=396827) to work on /home/leoja/airflow/airflow_venv/lib/python3.12/site-packages/airflow/example_dags/tutorial.py
[2025-06-12T18:34:36.377+0200] {processor.py:830} INFO - Processing file /home/leoja/airflow/airflow_venv/lib/python3.12/site-packages/airflow/example_dags/tutorial.py for tasks to queue
[2025-06-12T18:34:36.379+0200] {logging_mixin.py:188} INFO - [2025-06-12T18:34:36.379+0200] {dagbag.py:540} INFO - Filling up the DagBag from /home/leoja/airflow/airflow_venv/lib/python3.12/site-packages/airflow/example_dags/tutorial.py
[2025-06-12T18:34:36.386+0200] {processor.py:840} INFO - DAG(s) 'tutorial' retrieved from /home/leoja/airflow/airflow_venv/lib/python3.12/site-packages/airflow/example_dags/tutorial.py
[2025-06-12T18:34:36.401+0200] {logging_mixin.py:188} INFO - [2025-06-12T18:34:36.401+0200] {dag.py:3096} INFO - Sync 1 DAGs
[2025-06-12T18:34:36.416+0200] {logging_mixin.py:188} INFO - [2025-06-12T18:34:36.415+0200] {dag.py:3954} INFO - Setting next_dagrun for tutorial to 2025-06-11 00:00:00+00:00, run_after=2025-06-12 00:00:00+00:00
[2025-06-12T18:34:36.435+0200] {processor.py:183} INFO - Processing /home/leoja/airflow/airflow_venv/lib/python3.12/site-packages/airflow/example_dags/tutorial.py took 0.064 seconds
[2025-06-12T18:35:21.639+0200] {processor.py:161} INFO - Started process (PID=397004) to work on /home/leoja/airflow/airflow_venv/lib/python3.12/site-packages/airflow/example_dags/tutorial.py
[2025-06-12T18:35:21.641+0200] {processor.py:830} INFO - Processing file /home/leoja/airflow/airflow_venv/lib/python3.12/site-packages/airflow/example_dags/tutorial.py for tasks to queue
[2025-06-12T18:35:21.642+0200] {logging_mixin.py:188} INFO - [2025-06-12T18:35:21.642+0200] {dagbag.py:540} INFO - Filling up the DagBag from /home/leoja/airflow/airflow_venv/lib/python3.12/site-packages/airflow/example_dags/tutorial.py
[2025-06-12T18:35:21.647+0200] {processor.py:840} INFO - DAG(s) 'tutorial' retrieved from /home/leoja/airflow/airflow_venv/lib/python3.12/site-packages/airflow/example_dags/tutorial.py
[2025-06-12T18:35:21.657+0200] {logging_mixin.py:188} INFO - [2025-06-12T18:35:21.657+0200] {dag.py:3096} INFO - Sync 1 DAGs
[2025-06-12T18:35:21.669+0200] {logging_mixin.py:188} INFO - [2025-06-12T18:35:21.669+0200] {dag.py:3954} INFO - Setting next_dagrun for tutorial to 2025-06-11 00:00:00+00:00, run_after=2025-06-12 00:00:00+00:00
[2025-06-12T18:35:21.687+0200] {processor.py:183} INFO - Processing /home/leoja/airflow/airflow_venv/lib/python3.12/site-packages/airflow/example_dags/tutorial.py took 0.052 seconds
[2025-06-12T18:39:16.559+0200] {processor.py:161} INFO - Started process (PID=398015) to work on /home/leoja/airflow/airflow_venv/lib/python3.12/site-packages/airflow/example_dags/tutorial.py
[2025-06-12T18:39:16.562+0200] {processor.py:830} INFO - Processing file /home/leoja/airflow/airflow_venv/lib/python3.12/site-packages/airflow/example_dags/tutorial.py for tasks to queue
[2025-06-12T18:39:16.565+0200] {logging_mixin.py:188} INFO - [2025-06-12T18:39:16.564+0200] {dagbag.py:540} INFO - Filling up the DagBag from /home/leoja/airflow/airflow_venv/lib/python3.12/site-packages/airflow/example_dags/tutorial.py
[2025-06-12T18:39:16.584+0200] {processor.py:840} INFO - DAG(s) 'tutorial' retrieved from /home/leoja/airflow/airflow_venv/lib/python3.12/site-packages/airflow/example_dags/tutorial.py
[2025-06-12T18:39:16.734+0200] {logging_mixin.py:188} INFO - [2025-06-12T18:39:16.734+0200] {dag.py:3096} INFO - Sync 1 DAGs
[2025-06-12T18:39:16.756+0200] {logging_mixin.py:188} INFO - [2025-06-12T18:39:16.755+0200] {dag.py:3954} INFO - Setting next_dagrun for tutorial to 2025-06-11 00:00:00+00:00, run_after=2025-06-12 00:00:00+00:00
[2025-06-12T18:39:16.774+0200] {processor.py:183} INFO - Processing /home/leoja/airflow/airflow_venv/lib/python3.12/site-packages/airflow/example_dags/tutorial.py took 0.227 seconds
[2025-06-12T18:40:45.812+0200] {processor.py:161} INFO - Started process (PID=398511) to work on /home/leoja/airflow/airflow_venv/lib/python3.12/site-packages/airflow/example_dags/tutorial.py
[2025-06-12T18:40:45.813+0200] {processor.py:830} INFO - Processing file /home/leoja/airflow/airflow_venv/lib/python3.12/site-packages/airflow/example_dags/tutorial.py for tasks to queue
[2025-06-12T18:40:45.815+0200] {logging_mixin.py:188} INFO - [2025-06-12T18:40:45.814+0200] {dagbag.py:540} INFO - Filling up the DagBag from /home/leoja/airflow/airflow_venv/lib/python3.12/site-packages/airflow/example_dags/tutorial.py
[2025-06-12T18:40:45.821+0200] {processor.py:840} INFO - DAG(s) 'tutorial' retrieved from /home/leoja/airflow/airflow_venv/lib/python3.12/site-packages/airflow/example_dags/tutorial.py
[2025-06-12T18:40:45.835+0200] {logging_mixin.py:188} INFO - [2025-06-12T18:40:45.835+0200] {dag.py:3096} INFO - Sync 1 DAGs
[2025-06-12T18:40:45.852+0200] {logging_mixin.py:188} INFO - [2025-06-12T18:40:45.851+0200] {dag.py:3954} INFO - Setting next_dagrun for tutorial to 2025-06-11 00:00:00+00:00, run_after=2025-06-12 00:00:00+00:00
[2025-06-12T18:40:45.892+0200] {processor.py:183} INFO - Processing /home/leoja/airflow/airflow_venv/lib/python3.12/site-packages/airflow/example_dags/tutorial.py took 0.086 seconds
[2025-06-12T18:41:45.439+0200] {processor.py:161} INFO - Started process (PID=399150) to work on /home/leoja/airflow/airflow_venv/lib/python3.12/site-packages/airflow/example_dags/tutorial.py
[2025-06-12T18:41:45.441+0200] {processor.py:830} INFO - Processing file /home/leoja/airflow/airflow_venv/lib/python3.12/site-packages/airflow/example_dags/tutorial.py for tasks to queue
[2025-06-12T18:41:45.442+0200] {logging_mixin.py:188} INFO - [2025-06-12T18:41:45.442+0200] {dagbag.py:540} INFO - Filling up the DagBag from /home/leoja/airflow/airflow_venv/lib/python3.12/site-packages/airflow/example_dags/tutorial.py
[2025-06-12T18:41:45.449+0200] {processor.py:840} INFO - DAG(s) 'tutorial' retrieved from /home/leoja/airflow/airflow_venv/lib/python3.12/site-packages/airflow/example_dags/tutorial.py
[2025-06-12T18:41:45.464+0200] {logging_mixin.py:188} INFO - [2025-06-12T18:41:45.463+0200] {dag.py:3096} INFO - Sync 1 DAGs
[2025-06-12T18:41:45.478+0200] {logging_mixin.py:188} INFO - [2025-06-12T18:41:45.478+0200] {dag.py:3954} INFO - Setting next_dagrun for tutorial to 2025-06-11 00:00:00+00:00, run_after=2025-06-12 00:00:00+00:00
[2025-06-12T18:41:45.500+0200] {processor.py:183} INFO - Processing /home/leoja/airflow/airflow_venv/lib/python3.12/site-packages/airflow/example_dags/tutorial.py took 0.066 seconds
[2025-06-12T18:42:38.807+0200] {processor.py:161} INFO - Started process (PID=399463) to work on /home/leoja/airflow/airflow_venv/lib/python3.12/site-packages/airflow/example_dags/tutorial.py
[2025-06-12T18:42:38.809+0200] {processor.py:830} INFO - Processing file /home/leoja/airflow/airflow_venv/lib/python3.12/site-packages/airflow/example_dags/tutorial.py for tasks to queue
[2025-06-12T18:42:38.810+0200] {logging_mixin.py:188} INFO - [2025-06-12T18:42:38.810+0200] {dagbag.py:540} INFO - Filling up the DagBag from /home/leoja/airflow/airflow_venv/lib/python3.12/site-packages/airflow/example_dags/tutorial.py
[2025-06-12T18:42:38.815+0200] {processor.py:840} INFO - DAG(s) 'tutorial' retrieved from /home/leoja/airflow/airflow_venv/lib/python3.12/site-packages/airflow/example_dags/tutorial.py
[2025-06-12T18:42:38.828+0200] {logging_mixin.py:188} INFO - [2025-06-12T18:42:38.828+0200] {dag.py:3096} INFO - Sync 1 DAGs
[2025-06-12T18:42:38.843+0200] {logging_mixin.py:188} INFO - [2025-06-12T18:42:38.842+0200] {dag.py:3954} INFO - Setting next_dagrun for tutorial to 2025-06-11 00:00:00+00:00, run_after=2025-06-12 00:00:00+00:00
[2025-06-12T18:42:38.863+0200] {processor.py:183} INFO - Processing /home/leoja/airflow/airflow_venv/lib/python3.12/site-packages/airflow/example_dags/tutorial.py took 0.061 seconds
[2025-06-12T18:43:28.491+0200] {processor.py:161} INFO - Started process (PID=399894) to work on /home/leoja/airflow/airflow_venv/lib/python3.12/site-packages/airflow/example_dags/tutorial.py
[2025-06-12T18:43:28.492+0200] {processor.py:830} INFO - Processing file /home/leoja/airflow/airflow_venv/lib/python3.12/site-packages/airflow/example_dags/tutorial.py for tasks to queue
[2025-06-12T18:43:28.493+0200] {logging_mixin.py:188} INFO - [2025-06-12T18:43:28.493+0200] {dagbag.py:540} INFO - Filling up the DagBag from /home/leoja/airflow/airflow_venv/lib/python3.12/site-packages/airflow/example_dags/tutorial.py
[2025-06-12T18:43:28.498+0200] {processor.py:840} INFO - DAG(s) 'tutorial' retrieved from /home/leoja/airflow/airflow_venv/lib/python3.12/site-packages/airflow/example_dags/tutorial.py
[2025-06-12T18:43:28.511+0200] {logging_mixin.py:188} INFO - [2025-06-12T18:43:28.511+0200] {dag.py:3096} INFO - Sync 1 DAGs
[2025-06-12T18:43:28.524+0200] {logging_mixin.py:188} INFO - [2025-06-12T18:43:28.524+0200] {dag.py:3954} INFO - Setting next_dagrun for tutorial to 2025-06-11 00:00:00+00:00, run_after=2025-06-12 00:00:00+00:00
[2025-06-12T18:43:28.543+0200] {processor.py:183} INFO - Processing /home/leoja/airflow/airflow_venv/lib/python3.12/site-packages/airflow/example_dags/tutorial.py took 0.057 seconds
[2025-06-12T18:44:18.349+0200] {processor.py:161} INFO - Started process (PID=400274) to work on /home/leoja/airflow/airflow_venv/lib/python3.12/site-packages/airflow/example_dags/tutorial.py
[2025-06-12T18:44:18.350+0200] {processor.py:830} INFO - Processing file /home/leoja/airflow/airflow_venv/lib/python3.12/site-packages/airflow/example_dags/tutorial.py for tasks to queue
[2025-06-12T18:44:18.352+0200] {logging_mixin.py:188} INFO - [2025-06-12T18:44:18.352+0200] {dagbag.py:540} INFO - Filling up the DagBag from /home/leoja/airflow/airflow_venv/lib/python3.12/site-packages/airflow/example_dags/tutorial.py
[2025-06-12T18:44:18.361+0200] {processor.py:840} INFO - DAG(s) 'tutorial' retrieved from /home/leoja/airflow/airflow_venv/lib/python3.12/site-packages/airflow/example_dags/tutorial.py
[2025-06-12T18:44:18.381+0200] {logging_mixin.py:188} INFO - [2025-06-12T18:44:18.380+0200] {dag.py:3096} INFO - Sync 1 DAGs
[2025-06-12T18:44:18.399+0200] {logging_mixin.py:188} INFO - [2025-06-12T18:44:18.399+0200] {dag.py:3954} INFO - Setting next_dagrun for tutorial to 2025-06-11 00:00:00+00:00, run_after=2025-06-12 00:00:00+00:00
[2025-06-12T18:44:18.421+0200] {processor.py:183} INFO - Processing /home/leoja/airflow/airflow_venv/lib/python3.12/site-packages/airflow/example_dags/tutorial.py took 0.079 seconds
[2025-06-12T18:45:09.724+0200] {processor.py:161} INFO - Started process (PID=400585) to work on /home/leoja/airflow/airflow_venv/lib/python3.12/site-packages/airflow/example_dags/tutorial.py
[2025-06-12T18:45:09.726+0200] {processor.py:830} INFO - Processing file /home/leoja/airflow/airflow_venv/lib/python3.12/site-packages/airflow/example_dags/tutorial.py for tasks to queue
[2025-06-12T18:45:09.729+0200] {logging_mixin.py:188} INFO - [2025-06-12T18:45:09.728+0200] {dagbag.py:540} INFO - Filling up the DagBag from /home/leoja/airflow/airflow_venv/lib/python3.12/site-packages/airflow/example_dags/tutorial.py
[2025-06-12T18:45:09.746+0200] {processor.py:840} INFO - DAG(s) 'tutorial' retrieved from /home/leoja/airflow/airflow_venv/lib/python3.12/site-packages/airflow/example_dags/tutorial.py
[2025-06-12T18:45:09.785+0200] {logging_mixin.py:188} INFO - [2025-06-12T18:45:09.785+0200] {dag.py:3096} INFO - Sync 1 DAGs
[2025-06-12T18:45:09.813+0200] {logging_mixin.py:188} INFO - [2025-06-12T18:45:09.813+0200] {dag.py:3954} INFO - Setting next_dagrun for tutorial to 2025-06-11 00:00:00+00:00, run_after=2025-06-12 00:00:00+00:00
[2025-06-12T18:45:09.842+0200] {processor.py:183} INFO - Processing /home/leoja/airflow/airflow_venv/lib/python3.12/site-packages/airflow/example_dags/tutorial.py took 0.133 seconds
[2025-06-12T18:45:59.821+0200] {processor.py:161} INFO - Started process (PID=400882) to work on /home/leoja/airflow/airflow_venv/lib/python3.12/site-packages/airflow/example_dags/tutorial.py
[2025-06-12T18:45:59.822+0200] {processor.py:830} INFO - Processing file /home/leoja/airflow/airflow_venv/lib/python3.12/site-packages/airflow/example_dags/tutorial.py for tasks to queue
[2025-06-12T18:45:59.824+0200] {logging_mixin.py:188} INFO - [2025-06-12T18:45:59.823+0200] {dagbag.py:540} INFO - Filling up the DagBag from /home/leoja/airflow/airflow_venv/lib/python3.12/site-packages/airflow/example_dags/tutorial.py
[2025-06-12T18:45:59.829+0200] {processor.py:840} INFO - DAG(s) 'tutorial' retrieved from /home/leoja/airflow/airflow_venv/lib/python3.12/site-packages/airflow/example_dags/tutorial.py
[2025-06-12T18:45:59.840+0200] {logging_mixin.py:188} INFO - [2025-06-12T18:45:59.840+0200] {dag.py:3096} INFO - Sync 1 DAGs
[2025-06-12T18:45:59.853+0200] {logging_mixin.py:188} INFO - [2025-06-12T18:45:59.853+0200] {dag.py:3954} INFO - Setting next_dagrun for tutorial to 2025-06-11 00:00:00+00:00, run_after=2025-06-12 00:00:00+00:00
[2025-06-12T18:45:59.878+0200] {processor.py:183} INFO - Processing /home/leoja/airflow/airflow_venv/lib/python3.12/site-packages/airflow/example_dags/tutorial.py took 0.061 seconds
[2025-06-12T18:46:48.403+0200] {processor.py:161} INFO - Started process (PID=401059) to work on /home/leoja/airflow/airflow_venv/lib/python3.12/site-packages/airflow/example_dags/tutorial.py
[2025-06-12T18:46:48.404+0200] {processor.py:830} INFO - Processing file /home/leoja/airflow/airflow_venv/lib/python3.12/site-packages/airflow/example_dags/tutorial.py for tasks to queue
[2025-06-12T18:46:48.406+0200] {logging_mixin.py:188} INFO - [2025-06-12T18:46:48.405+0200] {dagbag.py:540} INFO - Filling up the DagBag from /home/leoja/airflow/airflow_venv/lib/python3.12/site-packages/airflow/example_dags/tutorial.py
[2025-06-12T18:46:48.411+0200] {processor.py:840} INFO - DAG(s) 'tutorial' retrieved from /home/leoja/airflow/airflow_venv/lib/python3.12/site-packages/airflow/example_dags/tutorial.py
[2025-06-12T18:46:48.423+0200] {logging_mixin.py:188} INFO - [2025-06-12T18:46:48.423+0200] {dag.py:3096} INFO - Sync 1 DAGs
[2025-06-12T18:46:48.435+0200] {logging_mixin.py:188} INFO - [2025-06-12T18:46:48.435+0200] {dag.py:3954} INFO - Setting next_dagrun for tutorial to 2025-06-11 00:00:00+00:00, run_after=2025-06-12 00:00:00+00:00
[2025-06-12T18:46:48.453+0200] {processor.py:183} INFO - Processing /home/leoja/airflow/airflow_venv/lib/python3.12/site-packages/airflow/example_dags/tutorial.py took 0.056 seconds
[2025-06-12T18:47:50.205+0200] {processor.py:161} INFO - Started process (PID=401414) to work on /home/leoja/airflow/airflow_venv/lib/python3.12/site-packages/airflow/example_dags/tutorial.py
[2025-06-12T18:47:50.206+0200] {processor.py:830} INFO - Processing file /home/leoja/airflow/airflow_venv/lib/python3.12/site-packages/airflow/example_dags/tutorial.py for tasks to queue
[2025-06-12T18:47:50.208+0200] {logging_mixin.py:188} INFO - [2025-06-12T18:47:50.207+0200] {dagbag.py:540} INFO - Filling up the DagBag from /home/leoja/airflow/airflow_venv/lib/python3.12/site-packages/airflow/example_dags/tutorial.py
[2025-06-12T18:47:50.213+0200] {processor.py:840} INFO - DAG(s) 'tutorial' retrieved from /home/leoja/airflow/airflow_venv/lib/python3.12/site-packages/airflow/example_dags/tutorial.py
[2025-06-12T18:47:50.225+0200] {logging_mixin.py:188} INFO - [2025-06-12T18:47:50.225+0200] {dag.py:3096} INFO - Sync 1 DAGs
[2025-06-12T18:47:50.237+0200] {logging_mixin.py:188} INFO - [2025-06-12T18:47:50.237+0200] {dag.py:3954} INFO - Setting next_dagrun for tutorial to 2025-06-11 00:00:00+00:00, run_after=2025-06-12 00:00:00+00:00
[2025-06-12T18:47:50.257+0200] {processor.py:183} INFO - Processing /home/leoja/airflow/airflow_venv/lib/python3.12/site-packages/airflow/example_dags/tutorial.py took 0.056 seconds
[2025-06-12T18:48:34.360+0200] {processor.py:161} INFO - Started process (PID=401715) to work on /home/leoja/airflow/airflow_venv/lib/python3.12/site-packages/airflow/example_dags/tutorial.py
[2025-06-12T18:48:34.362+0200] {processor.py:830} INFO - Processing file /home/leoja/airflow/airflow_venv/lib/python3.12/site-packages/airflow/example_dags/tutorial.py for tasks to queue
[2025-06-12T18:48:34.364+0200] {logging_mixin.py:188} INFO - [2025-06-12T18:48:34.364+0200] {dagbag.py:540} INFO - Filling up the DagBag from /home/leoja/airflow/airflow_venv/lib/python3.12/site-packages/airflow/example_dags/tutorial.py
[2025-06-12T18:48:34.370+0200] {processor.py:840} INFO - DAG(s) 'tutorial' retrieved from /home/leoja/airflow/airflow_venv/lib/python3.12/site-packages/airflow/example_dags/tutorial.py
[2025-06-12T18:48:34.381+0200] {logging_mixin.py:188} INFO - [2025-06-12T18:48:34.381+0200] {dag.py:3096} INFO - Sync 1 DAGs
[2025-06-12T18:48:34.402+0200] {logging_mixin.py:188} INFO - [2025-06-12T18:48:34.402+0200] {dag.py:3954} INFO - Setting next_dagrun for tutorial to 2025-06-11 00:00:00+00:00, run_after=2025-06-12 00:00:00+00:00
[2025-06-12T18:48:34.432+0200] {processor.py:183} INFO - Processing /home/leoja/airflow/airflow_venv/lib/python3.12/site-packages/airflow/example_dags/tutorial.py took 0.076 seconds
[2025-06-12T18:49:37.348+0200] {processor.py:161} INFO - Started process (PID=402142) to work on /home/leoja/airflow/airflow_venv/lib/python3.12/site-packages/airflow/example_dags/tutorial.py
[2025-06-12T18:49:37.349+0200] {processor.py:830} INFO - Processing file /home/leoja/airflow/airflow_venv/lib/python3.12/site-packages/airflow/example_dags/tutorial.py for tasks to queue
[2025-06-12T18:49:37.350+0200] {logging_mixin.py:188} INFO - [2025-06-12T18:49:37.350+0200] {dagbag.py:540} INFO - Filling up the DagBag from /home/leoja/airflow/airflow_venv/lib/python3.12/site-packages/airflow/example_dags/tutorial.py
[2025-06-12T18:49:37.355+0200] {processor.py:840} INFO - DAG(s) 'tutorial' retrieved from /home/leoja/airflow/airflow_venv/lib/python3.12/site-packages/airflow/example_dags/tutorial.py
[2025-06-12T18:49:37.366+0200] {logging_mixin.py:188} INFO - [2025-06-12T18:49:37.366+0200] {dag.py:3096} INFO - Sync 1 DAGs
[2025-06-12T18:49:37.379+0200] {logging_mixin.py:188} INFO - [2025-06-12T18:49:37.378+0200] {dag.py:3954} INFO - Setting next_dagrun for tutorial to 2025-06-11 00:00:00+00:00, run_after=2025-06-12 00:00:00+00:00
[2025-06-12T18:49:37.401+0200] {processor.py:183} INFO - Processing /home/leoja/airflow/airflow_venv/lib/python3.12/site-packages/airflow/example_dags/tutorial.py took 0.058 seconds
[2025-06-12T18:50:20.644+0200] {processor.py:161} INFO - Started process (PID=402378) to work on /home/leoja/airflow/airflow_venv/lib/python3.12/site-packages/airflow/example_dags/tutorial.py
[2025-06-12T18:50:20.646+0200] {processor.py:830} INFO - Processing file /home/leoja/airflow/airflow_venv/lib/python3.12/site-packages/airflow/example_dags/tutorial.py for tasks to queue
[2025-06-12T18:50:20.648+0200] {logging_mixin.py:188} INFO - [2025-06-12T18:50:20.647+0200] {dagbag.py:540} INFO - Filling up the DagBag from /home/leoja/airflow/airflow_venv/lib/python3.12/site-packages/airflow/example_dags/tutorial.py
[2025-06-12T18:50:20.656+0200] {processor.py:840} INFO - DAG(s) 'tutorial' retrieved from /home/leoja/airflow/airflow_venv/lib/python3.12/site-packages/airflow/example_dags/tutorial.py
[2025-06-12T18:50:20.676+0200] {logging_mixin.py:188} INFO - [2025-06-12T18:50:20.676+0200] {dag.py:3096} INFO - Sync 1 DAGs
[2025-06-12T18:50:20.698+0200] {logging_mixin.py:188} INFO - [2025-06-12T18:50:20.697+0200] {dag.py:3954} INFO - Setting next_dagrun for tutorial to 2025-06-11 00:00:00+00:00, run_after=2025-06-12 00:00:00+00:00
[2025-06-12T18:50:20.729+0200] {processor.py:183} INFO - Processing /home/leoja/airflow/airflow_venv/lib/python3.12/site-packages/airflow/example_dags/tutorial.py took 0.097 seconds
[2025-06-12T18:51:10.378+0200] {processor.py:161} INFO - Started process (PID=402915) to work on /home/leoja/airflow/airflow_venv/lib/python3.12/site-packages/airflow/example_dags/tutorial.py
[2025-06-12T18:51:10.379+0200] {processor.py:830} INFO - Processing file /home/leoja/airflow/airflow_venv/lib/python3.12/site-packages/airflow/example_dags/tutorial.py for tasks to queue
[2025-06-12T18:51:10.381+0200] {logging_mixin.py:188} INFO - [2025-06-12T18:51:10.381+0200] {dagbag.py:540} INFO - Filling up the DagBag from /home/leoja/airflow/airflow_venv/lib/python3.12/site-packages/airflow/example_dags/tutorial.py
[2025-06-12T18:51:10.388+0200] {processor.py:840} INFO - DAG(s) 'tutorial' retrieved from /home/leoja/airflow/airflow_venv/lib/python3.12/site-packages/airflow/example_dags/tutorial.py
[2025-06-12T18:51:10.401+0200] {logging_mixin.py:188} INFO - [2025-06-12T18:51:10.401+0200] {dag.py:3096} INFO - Sync 1 DAGs
[2025-06-12T18:51:10.416+0200] {logging_mixin.py:188} INFO - [2025-06-12T18:51:10.415+0200] {dag.py:3954} INFO - Setting next_dagrun for tutorial to 2025-06-11 00:00:00+00:00, run_after=2025-06-12 00:00:00+00:00
[2025-06-12T18:51:10.434+0200] {processor.py:183} INFO - Processing /home/leoja/airflow/airflow_venv/lib/python3.12/site-packages/airflow/example_dags/tutorial.py took 0.061 seconds
[2025-06-12T18:51:59.519+0200] {processor.py:161} INFO - Started process (PID=403217) to work on /home/leoja/airflow/airflow_venv/lib/python3.12/site-packages/airflow/example_dags/tutorial.py
[2025-06-12T18:51:59.520+0200] {processor.py:830} INFO - Processing file /home/leoja/airflow/airflow_venv/lib/python3.12/site-packages/airflow/example_dags/tutorial.py for tasks to queue
[2025-06-12T18:51:59.522+0200] {logging_mixin.py:188} INFO - [2025-06-12T18:51:59.521+0200] {dagbag.py:540} INFO - Filling up the DagBag from /home/leoja/airflow/airflow_venv/lib/python3.12/site-packages/airflow/example_dags/tutorial.py
[2025-06-12T18:51:59.526+0200] {processor.py:840} INFO - DAG(s) 'tutorial' retrieved from /home/leoja/airflow/airflow_venv/lib/python3.12/site-packages/airflow/example_dags/tutorial.py
[2025-06-12T18:51:59.538+0200] {logging_mixin.py:188} INFO - [2025-06-12T18:51:59.538+0200] {dag.py:3096} INFO - Sync 1 DAGs
[2025-06-12T18:51:59.550+0200] {logging_mixin.py:188} INFO - [2025-06-12T18:51:59.550+0200] {dag.py:3954} INFO - Setting next_dagrun for tutorial to 2025-06-11 00:00:00+00:00, run_after=2025-06-12 00:00:00+00:00
[2025-06-12T18:51:59.659+0200] {processor.py:183} INFO - Processing /home/leoja/airflow/airflow_venv/lib/python3.12/site-packages/airflow/example_dags/tutorial.py took 0.144 seconds
[2025-06-12T18:52:48.842+0200] {processor.py:161} INFO - Started process (PID=403484) to work on /home/leoja/airflow/airflow_venv/lib/python3.12/site-packages/airflow/example_dags/tutorial.py
[2025-06-12T18:52:48.844+0200] {processor.py:830} INFO - Processing file /home/leoja/airflow/airflow_venv/lib/python3.12/site-packages/airflow/example_dags/tutorial.py for tasks to queue
[2025-06-12T18:52:48.846+0200] {logging_mixin.py:188} INFO - [2025-06-12T18:52:48.845+0200] {dagbag.py:540} INFO - Filling up the DagBag from /home/leoja/airflow/airflow_venv/lib/python3.12/site-packages/airflow/example_dags/tutorial.py
[2025-06-12T18:52:48.851+0200] {processor.py:840} INFO - DAG(s) 'tutorial' retrieved from /home/leoja/airflow/airflow_venv/lib/python3.12/site-packages/airflow/example_dags/tutorial.py
[2025-06-12T18:52:48.869+0200] {logging_mixin.py:188} INFO - [2025-06-12T18:52:48.869+0200] {dag.py:3096} INFO - Sync 1 DAGs
[2025-06-12T18:52:48.892+0200] {logging_mixin.py:188} INFO - [2025-06-12T18:52:48.892+0200] {dag.py:3954} INFO - Setting next_dagrun for tutorial to 2025-06-11 00:00:00+00:00, run_after=2025-06-12 00:00:00+00:00
[2025-06-12T18:52:48.925+0200] {processor.py:183} INFO - Processing /home/leoja/airflow/airflow_venv/lib/python3.12/site-packages/airflow/example_dags/tutorial.py took 0.088 seconds
[2025-06-12T18:53:36.174+0200] {processor.py:161} INFO - Started process (PID=403767) to work on /home/leoja/airflow/airflow_venv/lib/python3.12/site-packages/airflow/example_dags/tutorial.py
[2025-06-12T18:53:36.176+0200] {processor.py:830} INFO - Processing file /home/leoja/airflow/airflow_venv/lib/python3.12/site-packages/airflow/example_dags/tutorial.py for tasks to queue
[2025-06-12T18:53:36.177+0200] {logging_mixin.py:188} INFO - [2025-06-12T18:53:36.177+0200] {dagbag.py:540} INFO - Filling up the DagBag from /home/leoja/airflow/airflow_venv/lib/python3.12/site-packages/airflow/example_dags/tutorial.py
[2025-06-12T18:53:36.183+0200] {processor.py:840} INFO - DAG(s) 'tutorial' retrieved from /home/leoja/airflow/airflow_venv/lib/python3.12/site-packages/airflow/example_dags/tutorial.py
[2025-06-12T18:53:36.195+0200] {logging_mixin.py:188} INFO - [2025-06-12T18:53:36.194+0200] {dag.py:3096} INFO - Sync 1 DAGs
[2025-06-12T18:53:36.210+0200] {logging_mixin.py:188} INFO - [2025-06-12T18:53:36.210+0200] {dag.py:3954} INFO - Setting next_dagrun for tutorial to 2025-06-11 00:00:00+00:00, run_after=2025-06-12 00:00:00+00:00
[2025-06-12T18:53:36.231+0200] {processor.py:183} INFO - Processing /home/leoja/airflow/airflow_venv/lib/python3.12/site-packages/airflow/example_dags/tutorial.py took 0.062 seconds
[2025-06-12T18:54:23.657+0200] {processor.py:161} INFO - Started process (PID=404051) to work on /home/leoja/airflow/airflow_venv/lib/python3.12/site-packages/airflow/example_dags/tutorial.py
[2025-06-12T18:54:23.658+0200] {processor.py:830} INFO - Processing file /home/leoja/airflow/airflow_venv/lib/python3.12/site-packages/airflow/example_dags/tutorial.py for tasks to queue
[2025-06-12T18:54:23.660+0200] {logging_mixin.py:188} INFO - [2025-06-12T18:54:23.660+0200] {dagbag.py:540} INFO - Filling up the DagBag from /home/leoja/airflow/airflow_venv/lib/python3.12/site-packages/airflow/example_dags/tutorial.py
[2025-06-12T18:54:23.666+0200] {processor.py:840} INFO - DAG(s) 'tutorial' retrieved from /home/leoja/airflow/airflow_venv/lib/python3.12/site-packages/airflow/example_dags/tutorial.py
[2025-06-12T18:54:23.678+0200] {logging_mixin.py:188} INFO - [2025-06-12T18:54:23.677+0200] {dag.py:3096} INFO - Sync 1 DAGs
[2025-06-12T18:54:23.690+0200] {logging_mixin.py:188} INFO - [2025-06-12T18:54:23.690+0200] {dag.py:3954} INFO - Setting next_dagrun for tutorial to 2025-06-11 00:00:00+00:00, run_after=2025-06-12 00:00:00+00:00
[2025-06-12T18:54:23.709+0200] {processor.py:183} INFO - Processing /home/leoja/airflow/airflow_venv/lib/python3.12/site-packages/airflow/example_dags/tutorial.py took 0.057 seconds
[2025-06-12T18:55:11.827+0200] {processor.py:161} INFO - Started process (PID=404226) to work on /home/leoja/airflow/airflow_venv/lib/python3.12/site-packages/airflow/example_dags/tutorial.py
[2025-06-12T18:55:11.829+0200] {processor.py:830} INFO - Processing file /home/leoja/airflow/airflow_venv/lib/python3.12/site-packages/airflow/example_dags/tutorial.py for tasks to queue
[2025-06-12T18:55:11.830+0200] {logging_mixin.py:188} INFO - [2025-06-12T18:55:11.830+0200] {dagbag.py:540} INFO - Filling up the DagBag from /home/leoja/airflow/airflow_venv/lib/python3.12/site-packages/airflow/example_dags/tutorial.py
[2025-06-12T18:55:11.836+0200] {processor.py:840} INFO - DAG(s) 'tutorial' retrieved from /home/leoja/airflow/airflow_venv/lib/python3.12/site-packages/airflow/example_dags/tutorial.py
[2025-06-12T18:55:11.939+0200] {logging_mixin.py:188} INFO - [2025-06-12T18:55:11.939+0200] {dag.py:3096} INFO - Sync 1 DAGs
[2025-06-12T18:55:11.950+0200] {logging_mixin.py:188} INFO - [2025-06-12T18:55:11.950+0200] {dag.py:3954} INFO - Setting next_dagrun for tutorial to 2025-06-11 00:00:00+00:00, run_after=2025-06-12 00:00:00+00:00
[2025-06-12T18:55:11.968+0200] {processor.py:183} INFO - Processing /home/leoja/airflow/airflow_venv/lib/python3.12/site-packages/airflow/example_dags/tutorial.py took 0.146 seconds
[2025-06-12T18:56:02.888+0200] {processor.py:161} INFO - Started process (PID=404406) to work on /home/leoja/airflow/airflow_venv/lib/python3.12/site-packages/airflow/example_dags/tutorial.py
[2025-06-12T18:56:02.889+0200] {processor.py:830} INFO - Processing file /home/leoja/airflow/airflow_venv/lib/python3.12/site-packages/airflow/example_dags/tutorial.py for tasks to queue
[2025-06-12T18:56:02.891+0200] {logging_mixin.py:188} INFO - [2025-06-12T18:56:02.891+0200] {dagbag.py:540} INFO - Filling up the DagBag from /home/leoja/airflow/airflow_venv/lib/python3.12/site-packages/airflow/example_dags/tutorial.py
[2025-06-12T18:56:02.896+0200] {processor.py:840} INFO - DAG(s) 'tutorial' retrieved from /home/leoja/airflow/airflow_venv/lib/python3.12/site-packages/airflow/example_dags/tutorial.py
[2025-06-12T18:56:02.909+0200] {logging_mixin.py:188} INFO - [2025-06-12T18:56:02.909+0200] {dag.py:3096} INFO - Sync 1 DAGs
[2025-06-12T18:56:03.015+0200] {logging_mixin.py:188} INFO - [2025-06-12T18:56:03.015+0200] {dag.py:3954} INFO - Setting next_dagrun for tutorial to 2025-06-11 00:00:00+00:00, run_after=2025-06-12 00:00:00+00:00
[2025-06-12T18:56:03.033+0200] {processor.py:183} INFO - Processing /home/leoja/airflow/airflow_venv/lib/python3.12/site-packages/airflow/example_dags/tutorial.py took 0.151 seconds
[2025-06-12T18:56:53.598+0200] {processor.py:161} INFO - Started process (PID=404591) to work on /home/leoja/airflow/airflow_venv/lib/python3.12/site-packages/airflow/example_dags/tutorial.py
[2025-06-12T18:56:53.600+0200] {processor.py:830} INFO - Processing file /home/leoja/airflow/airflow_venv/lib/python3.12/site-packages/airflow/example_dags/tutorial.py for tasks to queue
[2025-06-12T18:56:53.601+0200] {logging_mixin.py:188} INFO - [2025-06-12T18:56:53.601+0200] {dagbag.py:540} INFO - Filling up the DagBag from /home/leoja/airflow/airflow_venv/lib/python3.12/site-packages/airflow/example_dags/tutorial.py
[2025-06-12T18:56:53.606+0200] {processor.py:840} INFO - DAG(s) 'tutorial' retrieved from /home/leoja/airflow/airflow_venv/lib/python3.12/site-packages/airflow/example_dags/tutorial.py
[2025-06-12T18:56:53.617+0200] {logging_mixin.py:188} INFO - [2025-06-12T18:56:53.617+0200] {dag.py:3096} INFO - Sync 1 DAGs
[2025-06-12T18:56:53.629+0200] {logging_mixin.py:188} INFO - [2025-06-12T18:56:53.628+0200] {dag.py:3954} INFO - Setting next_dagrun for tutorial to 2025-06-11 00:00:00+00:00, run_after=2025-06-12 00:00:00+00:00
[2025-06-12T18:56:53.649+0200] {processor.py:183} INFO - Processing /home/leoja/airflow/airflow_venv/lib/python3.12/site-packages/airflow/example_dags/tutorial.py took 0.055 seconds
[2025-06-12T18:57:38.870+0200] {processor.py:161} INFO - Started process (PID=404742) to work on /home/leoja/airflow/airflow_venv/lib/python3.12/site-packages/airflow/example_dags/tutorial.py
[2025-06-12T18:57:38.871+0200] {processor.py:830} INFO - Processing file /home/leoja/airflow/airflow_venv/lib/python3.12/site-packages/airflow/example_dags/tutorial.py for tasks to queue
[2025-06-12T18:57:38.873+0200] {logging_mixin.py:188} INFO - [2025-06-12T18:57:38.872+0200] {dagbag.py:540} INFO - Filling up the DagBag from /home/leoja/airflow/airflow_venv/lib/python3.12/site-packages/airflow/example_dags/tutorial.py
[2025-06-12T18:57:38.878+0200] {processor.py:840} INFO - DAG(s) 'tutorial' retrieved from /home/leoja/airflow/airflow_venv/lib/python3.12/site-packages/airflow/example_dags/tutorial.py
[2025-06-12T18:57:38.889+0200] {logging_mixin.py:188} INFO - [2025-06-12T18:57:38.889+0200] {dag.py:3096} INFO - Sync 1 DAGs
[2025-06-12T18:57:38.901+0200] {logging_mixin.py:188} INFO - [2025-06-12T18:57:38.901+0200] {dag.py:3954} INFO - Setting next_dagrun for tutorial to 2025-06-11 00:00:00+00:00, run_after=2025-06-12 00:00:00+00:00
[2025-06-12T18:57:38.921+0200] {processor.py:183} INFO - Processing /home/leoja/airflow/airflow_venv/lib/python3.12/site-packages/airflow/example_dags/tutorial.py took 0.056 seconds
[2025-06-12T18:58:21.781+0200] {processor.py:161} INFO - Started process (PID=405024) to work on /home/leoja/airflow/airflow_venv/lib/python3.12/site-packages/airflow/example_dags/tutorial.py
[2025-06-12T18:58:21.783+0200] {processor.py:830} INFO - Processing file /home/leoja/airflow/airflow_venv/lib/python3.12/site-packages/airflow/example_dags/tutorial.py for tasks to queue
[2025-06-12T18:58:21.785+0200] {logging_mixin.py:188} INFO - [2025-06-12T18:58:21.784+0200] {dagbag.py:540} INFO - Filling up the DagBag from /home/leoja/airflow/airflow_venv/lib/python3.12/site-packages/airflow/example_dags/tutorial.py
[2025-06-12T18:58:21.789+0200] {processor.py:840} INFO - DAG(s) 'tutorial' retrieved from /home/leoja/airflow/airflow_venv/lib/python3.12/site-packages/airflow/example_dags/tutorial.py
[2025-06-12T18:58:21.800+0200] {logging_mixin.py:188} INFO - [2025-06-12T18:58:21.800+0200] {dag.py:3096} INFO - Sync 1 DAGs
[2025-06-12T18:58:21.812+0200] {logging_mixin.py:188} INFO - [2025-06-12T18:58:21.812+0200] {dag.py:3954} INFO - Setting next_dagrun for tutorial to 2025-06-11 00:00:00+00:00, run_after=2025-06-12 00:00:00+00:00
[2025-06-12T18:58:21.831+0200] {processor.py:183} INFO - Processing /home/leoja/airflow/airflow_venv/lib/python3.12/site-packages/airflow/example_dags/tutorial.py took 0.055 seconds
[2025-06-12T18:59:07.851+0200] {processor.py:161} INFO - Started process (PID=405273) to work on /home/leoja/airflow/airflow_venv/lib/python3.12/site-packages/airflow/example_dags/tutorial.py
[2025-06-12T18:59:07.853+0200] {processor.py:830} INFO - Processing file /home/leoja/airflow/airflow_venv/lib/python3.12/site-packages/airflow/example_dags/tutorial.py for tasks to queue
[2025-06-12T18:59:07.854+0200] {logging_mixin.py:188} INFO - [2025-06-12T18:59:07.854+0200] {dagbag.py:540} INFO - Filling up the DagBag from /home/leoja/airflow/airflow_venv/lib/python3.12/site-packages/airflow/example_dags/tutorial.py
[2025-06-12T18:59:07.858+0200] {processor.py:840} INFO - DAG(s) 'tutorial' retrieved from /home/leoja/airflow/airflow_venv/lib/python3.12/site-packages/airflow/example_dags/tutorial.py
[2025-06-12T18:59:07.870+0200] {logging_mixin.py:188} INFO - [2025-06-12T18:59:07.870+0200] {dag.py:3096} INFO - Sync 1 DAGs
[2025-06-12T18:59:07.885+0200] {logging_mixin.py:188} INFO - [2025-06-12T18:59:07.885+0200] {dag.py:3954} INFO - Setting next_dagrun for tutorial to 2025-06-11 00:00:00+00:00, run_after=2025-06-12 00:00:00+00:00
[2025-06-12T18:59:07.907+0200] {processor.py:183} INFO - Processing /home/leoja/airflow/airflow_venv/lib/python3.12/site-packages/airflow/example_dags/tutorial.py took 0.061 seconds
[2025-06-12T18:59:51.391+0200] {processor.py:161} INFO - Started process (PID=405513) to work on /home/leoja/airflow/airflow_venv/lib/python3.12/site-packages/airflow/example_dags/tutorial.py
[2025-06-12T18:59:51.393+0200] {processor.py:830} INFO - Processing file /home/leoja/airflow/airflow_venv/lib/python3.12/site-packages/airflow/example_dags/tutorial.py for tasks to queue
[2025-06-12T18:59:51.395+0200] {logging_mixin.py:188} INFO - [2025-06-12T18:59:51.394+0200] {dagbag.py:540} INFO - Filling up the DagBag from /home/leoja/airflow/airflow_venv/lib/python3.12/site-packages/airflow/example_dags/tutorial.py
[2025-06-12T18:59:51.401+0200] {processor.py:840} INFO - DAG(s) 'tutorial' retrieved from /home/leoja/airflow/airflow_venv/lib/python3.12/site-packages/airflow/example_dags/tutorial.py
[2025-06-12T18:59:51.412+0200] {logging_mixin.py:188} INFO - [2025-06-12T18:59:51.412+0200] {dag.py:3096} INFO - Sync 1 DAGs
[2025-06-12T18:59:51.427+0200] {logging_mixin.py:188} INFO - [2025-06-12T18:59:51.427+0200] {dag.py:3954} INFO - Setting next_dagrun for tutorial to 2025-06-11 00:00:00+00:00, run_after=2025-06-12 00:00:00+00:00
[2025-06-12T18:59:51.448+0200] {processor.py:183} INFO - Processing /home/leoja/airflow/airflow_venv/lib/python3.12/site-packages/airflow/example_dags/tutorial.py took 0.062 seconds
[2025-06-12T19:00:38.436+0200] {processor.py:161} INFO - Started process (PID=405784) to work on /home/leoja/airflow/airflow_venv/lib/python3.12/site-packages/airflow/example_dags/tutorial.py
[2025-06-12T19:00:38.438+0200] {processor.py:830} INFO - Processing file /home/leoja/airflow/airflow_venv/lib/python3.12/site-packages/airflow/example_dags/tutorial.py for tasks to queue
[2025-06-12T19:00:38.440+0200] {logging_mixin.py:188} INFO - [2025-06-12T19:00:38.439+0200] {dagbag.py:540} INFO - Filling up the DagBag from /home/leoja/airflow/airflow_venv/lib/python3.12/site-packages/airflow/example_dags/tutorial.py
[2025-06-12T19:00:38.445+0200] {processor.py:840} INFO - DAG(s) 'tutorial' retrieved from /home/leoja/airflow/airflow_venv/lib/python3.12/site-packages/airflow/example_dags/tutorial.py
[2025-06-12T19:00:38.459+0200] {logging_mixin.py:188} INFO - [2025-06-12T19:00:38.458+0200] {dag.py:3096} INFO - Sync 1 DAGs
[2025-06-12T19:00:38.475+0200] {logging_mixin.py:188} INFO - [2025-06-12T19:00:38.475+0200] {dag.py:3954} INFO - Setting next_dagrun for tutorial to 2025-06-11 00:00:00+00:00, run_after=2025-06-12 00:00:00+00:00
[2025-06-12T19:00:38.500+0200] {processor.py:183} INFO - Processing /home/leoja/airflow/airflow_venv/lib/python3.12/site-packages/airflow/example_dags/tutorial.py took 0.069 seconds
[2025-06-12T19:01:23.864+0200] {processor.py:161} INFO - Started process (PID=406035) to work on /home/leoja/airflow/airflow_venv/lib/python3.12/site-packages/airflow/example_dags/tutorial.py
[2025-06-12T19:01:23.865+0200] {processor.py:830} INFO - Processing file /home/leoja/airflow/airflow_venv/lib/python3.12/site-packages/airflow/example_dags/tutorial.py for tasks to queue
[2025-06-12T19:01:23.867+0200] {logging_mixin.py:188} INFO - [2025-06-12T19:01:23.867+0200] {dagbag.py:540} INFO - Filling up the DagBag from /home/leoja/airflow/airflow_venv/lib/python3.12/site-packages/airflow/example_dags/tutorial.py
[2025-06-12T19:01:23.873+0200] {processor.py:840} INFO - DAG(s) 'tutorial' retrieved from /home/leoja/airflow/airflow_venv/lib/python3.12/site-packages/airflow/example_dags/tutorial.py
[2025-06-12T19:01:23.887+0200] {logging_mixin.py:188} INFO - [2025-06-12T19:01:23.887+0200] {dag.py:3096} INFO - Sync 1 DAGs
[2025-06-12T19:01:23.901+0200] {logging_mixin.py:188} INFO - [2025-06-12T19:01:23.901+0200] {dag.py:3954} INFO - Setting next_dagrun for tutorial to 2025-06-11 00:00:00+00:00, run_after=2025-06-12 00:00:00+00:00
[2025-06-12T19:01:23.922+0200] {processor.py:183} INFO - Processing /home/leoja/airflow/airflow_venv/lib/python3.12/site-packages/airflow/example_dags/tutorial.py took 0.064 seconds
[2025-06-12T19:02:07.956+0200] {processor.py:161} INFO - Started process (PID=406298) to work on /home/leoja/airflow/airflow_venv/lib/python3.12/site-packages/airflow/example_dags/tutorial.py
[2025-06-12T19:02:07.957+0200] {processor.py:830} INFO - Processing file /home/leoja/airflow/airflow_venv/lib/python3.12/site-packages/airflow/example_dags/tutorial.py for tasks to queue
[2025-06-12T19:02:07.959+0200] {logging_mixin.py:188} INFO - [2025-06-12T19:02:07.959+0200] {dagbag.py:540} INFO - Filling up the DagBag from /home/leoja/airflow/airflow_venv/lib/python3.12/site-packages/airflow/example_dags/tutorial.py
[2025-06-12T19:02:07.964+0200] {processor.py:840} INFO - DAG(s) 'tutorial' retrieved from /home/leoja/airflow/airflow_venv/lib/python3.12/site-packages/airflow/example_dags/tutorial.py
[2025-06-12T19:02:07.976+0200] {logging_mixin.py:188} INFO - [2025-06-12T19:02:07.976+0200] {dag.py:3096} INFO - Sync 1 DAGs
[2025-06-12T19:02:07.990+0200] {logging_mixin.py:188} INFO - [2025-06-12T19:02:07.989+0200] {dag.py:3954} INFO - Setting next_dagrun for tutorial to 2025-06-11 00:00:00+00:00, run_after=2025-06-12 00:00:00+00:00
[2025-06-12T19:02:08.009+0200] {processor.py:183} INFO - Processing /home/leoja/airflow/airflow_venv/lib/python3.12/site-packages/airflow/example_dags/tutorial.py took 0.058 seconds
[2025-06-12T19:02:55.885+0200] {processor.py:161} INFO - Started process (PID=406535) to work on /home/leoja/airflow/airflow_venv/lib/python3.12/site-packages/airflow/example_dags/tutorial.py
[2025-06-12T19:02:55.887+0200] {processor.py:830} INFO - Processing file /home/leoja/airflow/airflow_venv/lib/python3.12/site-packages/airflow/example_dags/tutorial.py for tasks to queue
[2025-06-12T19:02:55.889+0200] {logging_mixin.py:188} INFO - [2025-06-12T19:02:55.888+0200] {dagbag.py:540} INFO - Filling up the DagBag from /home/leoja/airflow/airflow_venv/lib/python3.12/site-packages/airflow/example_dags/tutorial.py
[2025-06-12T19:02:55.894+0200] {processor.py:840} INFO - DAG(s) 'tutorial' retrieved from /home/leoja/airflow/airflow_venv/lib/python3.12/site-packages/airflow/example_dags/tutorial.py
[2025-06-12T19:02:55.908+0200] {logging_mixin.py:188} INFO - [2025-06-12T19:02:55.907+0200] {dag.py:3096} INFO - Sync 1 DAGs
[2025-06-12T19:02:55.922+0200] {logging_mixin.py:188} INFO - [2025-06-12T19:02:55.922+0200] {dag.py:3954} INFO - Setting next_dagrun for tutorial to 2025-06-11 00:00:00+00:00, run_after=2025-06-12 00:00:00+00:00
[2025-06-12T19:02:55.942+0200] {processor.py:183} INFO - Processing /home/leoja/airflow/airflow_venv/lib/python3.12/site-packages/airflow/example_dags/tutorial.py took 0.062 seconds
[2025-06-12T19:03:42.461+0200] {processor.py:161} INFO - Started process (PID=406850) to work on /home/leoja/airflow/airflow_venv/lib/python3.12/site-packages/airflow/example_dags/tutorial.py
[2025-06-12T19:03:42.462+0200] {processor.py:830} INFO - Processing file /home/leoja/airflow/airflow_venv/lib/python3.12/site-packages/airflow/example_dags/tutorial.py for tasks to queue
[2025-06-12T19:03:42.464+0200] {logging_mixin.py:188} INFO - [2025-06-12T19:03:42.463+0200] {dagbag.py:540} INFO - Filling up the DagBag from /home/leoja/airflow/airflow_venv/lib/python3.12/site-packages/airflow/example_dags/tutorial.py
[2025-06-12T19:03:42.468+0200] {processor.py:840} INFO - DAG(s) 'tutorial' retrieved from /home/leoja/airflow/airflow_venv/lib/python3.12/site-packages/airflow/example_dags/tutorial.py
[2025-06-12T19:03:42.480+0200] {logging_mixin.py:188} INFO - [2025-06-12T19:03:42.480+0200] {dag.py:3096} INFO - Sync 1 DAGs
[2025-06-12T19:03:42.492+0200] {logging_mixin.py:188} INFO - [2025-06-12T19:03:42.492+0200] {dag.py:3954} INFO - Setting next_dagrun for tutorial to 2025-06-11 00:00:00+00:00, run_after=2025-06-12 00:00:00+00:00
[2025-06-12T19:03:42.513+0200] {processor.py:183} INFO - Processing /home/leoja/airflow/airflow_venv/lib/python3.12/site-packages/airflow/example_dags/tutorial.py took 0.056 seconds
[2025-06-12T19:04:25.983+0200] {processor.py:161} INFO - Started process (PID=407129) to work on /home/leoja/airflow/airflow_venv/lib/python3.12/site-packages/airflow/example_dags/tutorial.py
[2025-06-12T19:04:25.985+0200] {processor.py:830} INFO - Processing file /home/leoja/airflow/airflow_venv/lib/python3.12/site-packages/airflow/example_dags/tutorial.py for tasks to queue
[2025-06-12T19:04:25.986+0200] {logging_mixin.py:188} INFO - [2025-06-12T19:04:25.986+0200] {dagbag.py:540} INFO - Filling up the DagBag from /home/leoja/airflow/airflow_venv/lib/python3.12/site-packages/airflow/example_dags/tutorial.py
[2025-06-12T19:04:25.992+0200] {processor.py:840} INFO - DAG(s) 'tutorial' retrieved from /home/leoja/airflow/airflow_venv/lib/python3.12/site-packages/airflow/example_dags/tutorial.py
[2025-06-12T19:04:26.006+0200] {logging_mixin.py:188} INFO - [2025-06-12T19:04:26.005+0200] {dag.py:3096} INFO - Sync 1 DAGs
[2025-06-12T19:04:26.020+0200] {logging_mixin.py:188} INFO - [2025-06-12T19:04:26.020+0200] {dag.py:3954} INFO - Setting next_dagrun for tutorial to 2025-06-11 00:00:00+00:00, run_after=2025-06-12 00:00:00+00:00
[2025-06-12T19:04:26.042+0200] {processor.py:183} INFO - Processing /home/leoja/airflow/airflow_venv/lib/python3.12/site-packages/airflow/example_dags/tutorial.py took 0.065 seconds
[2025-06-12T19:05:09.537+0200] {processor.py:161} INFO - Started process (PID=407382) to work on /home/leoja/airflow/airflow_venv/lib/python3.12/site-packages/airflow/example_dags/tutorial.py
[2025-06-12T19:05:09.539+0200] {processor.py:830} INFO - Processing file /home/leoja/airflow/airflow_venv/lib/python3.12/site-packages/airflow/example_dags/tutorial.py for tasks to queue
[2025-06-12T19:05:09.541+0200] {logging_mixin.py:188} INFO - [2025-06-12T19:05:09.540+0200] {dagbag.py:540} INFO - Filling up the DagBag from /home/leoja/airflow/airflow_venv/lib/python3.12/site-packages/airflow/example_dags/tutorial.py
[2025-06-12T19:05:09.546+0200] {processor.py:840} INFO - DAG(s) 'tutorial' retrieved from /home/leoja/airflow/airflow_venv/lib/python3.12/site-packages/airflow/example_dags/tutorial.py
[2025-06-12T19:05:09.558+0200] {logging_mixin.py:188} INFO - [2025-06-12T19:05:09.558+0200] {dag.py:3096} INFO - Sync 1 DAGs
[2025-06-12T19:05:09.570+0200] {logging_mixin.py:188} INFO - [2025-06-12T19:05:09.570+0200] {dag.py:3954} INFO - Setting next_dagrun for tutorial to 2025-06-11 00:00:00+00:00, run_after=2025-06-12 00:00:00+00:00
[2025-06-12T19:05:09.591+0200] {processor.py:183} INFO - Processing /home/leoja/airflow/airflow_venv/lib/python3.12/site-packages/airflow/example_dags/tutorial.py took 0.059 seconds
[2025-06-12T19:05:55.765+0200] {processor.py:161} INFO - Started process (PID=407654) to work on /home/leoja/airflow/airflow_venv/lib/python3.12/site-packages/airflow/example_dags/tutorial.py
[2025-06-12T19:05:55.767+0200] {processor.py:830} INFO - Processing file /home/leoja/airflow/airflow_venv/lib/python3.12/site-packages/airflow/example_dags/tutorial.py for tasks to queue
[2025-06-12T19:05:55.771+0200] {logging_mixin.py:188} INFO - [2025-06-12T19:05:55.770+0200] {dagbag.py:540} INFO - Filling up the DagBag from /home/leoja/airflow/airflow_venv/lib/python3.12/site-packages/airflow/example_dags/tutorial.py
[2025-06-12T19:05:55.778+0200] {processor.py:840} INFO - DAG(s) 'tutorial' retrieved from /home/leoja/airflow/airflow_venv/lib/python3.12/site-packages/airflow/example_dags/tutorial.py
[2025-06-12T19:05:55.798+0200] {logging_mixin.py:188} INFO - [2025-06-12T19:05:55.798+0200] {dag.py:3096} INFO - Sync 1 DAGs
[2025-06-12T19:05:55.833+0200] {logging_mixin.py:188} INFO - [2025-06-12T19:05:55.832+0200] {dag.py:3954} INFO - Setting next_dagrun for tutorial to 2025-06-11 00:00:00+00:00, run_after=2025-06-12 00:00:00+00:00
[2025-06-12T19:05:55.872+0200] {processor.py:183} INFO - Processing /home/leoja/airflow/airflow_venv/lib/python3.12/site-packages/airflow/example_dags/tutorial.py took 0.117 seconds
