[2025-07-10T11:10:07.601+0200] {processor.py:161} INFO - Started process (PID=48123) to work on /home/leoja/airflow/airflow_venv/lib/python3.12/site-packages/airflow/example_dags/example_nested_branch_dag.py
[2025-07-10T11:10:07.602+0200] {processor.py:830} INFO - Processing file /home/leoja/airflow/airflow_venv/lib/python3.12/site-packages/airflow/example_dags/example_nested_branch_dag.py for tasks to queue
[2025-07-10T11:10:07.603+0200] {logging_mixin.py:188} INFO - [2025-07-10T11:10:07.602+0200] {dagbag.py:540} INFO - Filling up the DagBag from /home/leoja/airflow/airflow_venv/lib/python3.12/site-packages/airflow/example_dags/example_nested_branch_dag.py
[2025-07-10T11:10:07.613+0200] {processor.py:840} INFO - DAG(s) 'example_nested_branch_dag' retrieved from /home/leoja/airflow/airflow_venv/lib/python3.12/site-packages/airflow/example_dags/example_nested_branch_dag.py
[2025-07-10T11:10:07.635+0200] {logging_mixin.py:188} INFO - [2025-07-10T11:10:07.635+0200] {dag.py:3096} INFO - Sync 1 DAGs
[2025-07-10T11:10:07.654+0200] {logging_mixin.py:188} INFO - [2025-07-10T11:10:07.654+0200] {dag.py:3954} INFO - Setting next_dagrun for example_nested_branch_dag to 2025-07-09 00:00:00+00:00, run_after=2025-07-10 00:00:00+00:00
[2025-07-10T11:10:07.690+0200] {processor.py:183} INFO - Processing /home/leoja/airflow/airflow_venv/lib/python3.12/site-packages/airflow/example_dags/example_nested_branch_dag.py took 0.094 seconds
[2025-07-10T11:11:23.399+0200] {processor.py:161} INFO - Started process (PID=49206) to work on /home/leoja/airflow/airflow_venv/lib/python3.12/site-packages/airflow/example_dags/example_nested_branch_dag.py
[2025-07-10T11:11:23.401+0200] {processor.py:830} INFO - Processing file /home/leoja/airflow/airflow_venv/lib/python3.12/site-packages/airflow/example_dags/example_nested_branch_dag.py for tasks to queue
[2025-07-10T11:11:23.402+0200] {logging_mixin.py:188} INFO - [2025-07-10T11:11:23.402+0200] {dagbag.py:540} INFO - Filling up the DagBag from /home/leoja/airflow/airflow_venv/lib/python3.12/site-packages/airflow/example_dags/example_nested_branch_dag.py
[2025-07-10T11:11:23.413+0200] {processor.py:840} INFO - DAG(s) 'example_nested_branch_dag' retrieved from /home/leoja/airflow/airflow_venv/lib/python3.12/site-packages/airflow/example_dags/example_nested_branch_dag.py
[2025-07-10T11:11:23.429+0200] {logging_mixin.py:188} INFO - [2025-07-10T11:11:23.428+0200] {dag.py:3096} INFO - Sync 1 DAGs
[2025-07-10T11:11:23.444+0200] {logging_mixin.py:188} INFO - [2025-07-10T11:11:23.444+0200] {dag.py:3954} INFO - Setting next_dagrun for example_nested_branch_dag to 2025-07-09 00:00:00+00:00, run_after=2025-07-10 00:00:00+00:00
[2025-07-10T11:11:23.463+0200] {processor.py:183} INFO - Processing /home/leoja/airflow/airflow_venv/lib/python3.12/site-packages/airflow/example_dags/example_nested_branch_dag.py took 0.069 seconds
[2025-07-10T11:12:20.652+0200] {processor.py:161} INFO - Started process (PID=49522) to work on /home/leoja/airflow/airflow_venv/lib/python3.12/site-packages/airflow/example_dags/example_nested_branch_dag.py
[2025-07-10T11:12:20.653+0200] {processor.py:830} INFO - Processing file /home/leoja/airflow/airflow_venv/lib/python3.12/site-packages/airflow/example_dags/example_nested_branch_dag.py for tasks to queue
[2025-07-10T11:12:20.654+0200] {logging_mixin.py:188} INFO - [2025-07-10T11:12:20.654+0200] {dagbag.py:540} INFO - Filling up the DagBag from /home/leoja/airflow/airflow_venv/lib/python3.12/site-packages/airflow/example_dags/example_nested_branch_dag.py
[2025-07-10T11:12:20.662+0200] {processor.py:840} INFO - DAG(s) 'example_nested_branch_dag' retrieved from /home/leoja/airflow/airflow_venv/lib/python3.12/site-packages/airflow/example_dags/example_nested_branch_dag.py
[2025-07-10T11:12:20.675+0200] {logging_mixin.py:188} INFO - [2025-07-10T11:12:20.675+0200] {dag.py:3096} INFO - Sync 1 DAGs
[2025-07-10T11:12:20.689+0200] {logging_mixin.py:188} INFO - [2025-07-10T11:12:20.689+0200] {dag.py:3954} INFO - Setting next_dagrun for example_nested_branch_dag to 2025-07-09 00:00:00+00:00, run_after=2025-07-10 00:00:00+00:00
[2025-07-10T11:12:20.708+0200] {processor.py:183} INFO - Processing /home/leoja/airflow/airflow_venv/lib/python3.12/site-packages/airflow/example_dags/example_nested_branch_dag.py took 0.061 seconds
[2025-07-10T11:13:12.825+0200] {processor.py:161} INFO - Started process (PID=49816) to work on /home/leoja/airflow/airflow_venv/lib/python3.12/site-packages/airflow/example_dags/example_nested_branch_dag.py
[2025-07-10T11:13:12.827+0200] {processor.py:830} INFO - Processing file /home/leoja/airflow/airflow_venv/lib/python3.12/site-packages/airflow/example_dags/example_nested_branch_dag.py for tasks to queue
[2025-07-10T11:13:12.828+0200] {logging_mixin.py:188} INFO - [2025-07-10T11:13:12.827+0200] {dagbag.py:540} INFO - Filling up the DagBag from /home/leoja/airflow/airflow_venv/lib/python3.12/site-packages/airflow/example_dags/example_nested_branch_dag.py
[2025-07-10T11:13:12.835+0200] {processor.py:840} INFO - DAG(s) 'example_nested_branch_dag' retrieved from /home/leoja/airflow/airflow_venv/lib/python3.12/site-packages/airflow/example_dags/example_nested_branch_dag.py
[2025-07-10T11:13:12.850+0200] {logging_mixin.py:188} INFO - [2025-07-10T11:13:12.850+0200] {dag.py:3096} INFO - Sync 1 DAGs
[2025-07-10T11:13:12.866+0200] {logging_mixin.py:188} INFO - [2025-07-10T11:13:12.865+0200] {dag.py:3954} INFO - Setting next_dagrun for example_nested_branch_dag to 2025-07-09 00:00:00+00:00, run_after=2025-07-10 00:00:00+00:00
[2025-07-10T11:13:12.890+0200] {processor.py:183} INFO - Processing /home/leoja/airflow/airflow_venv/lib/python3.12/site-packages/airflow/example_dags/example_nested_branch_dag.py took 0.071 seconds
[2025-07-10T11:14:14.059+0200] {processor.py:161} INFO - Started process (PID=50183) to work on /home/leoja/airflow/airflow_venv/lib/python3.12/site-packages/airflow/example_dags/example_nested_branch_dag.py
[2025-07-10T11:14:14.060+0200] {processor.py:830} INFO - Processing file /home/leoja/airflow/airflow_venv/lib/python3.12/site-packages/airflow/example_dags/example_nested_branch_dag.py for tasks to queue
[2025-07-10T11:14:14.061+0200] {logging_mixin.py:188} INFO - [2025-07-10T11:14:14.061+0200] {dagbag.py:540} INFO - Filling up the DagBag from /home/leoja/airflow/airflow_venv/lib/python3.12/site-packages/airflow/example_dags/example_nested_branch_dag.py
[2025-07-10T11:14:14.072+0200] {processor.py:840} INFO - DAG(s) 'example_nested_branch_dag' retrieved from /home/leoja/airflow/airflow_venv/lib/python3.12/site-packages/airflow/example_dags/example_nested_branch_dag.py
[2025-07-10T11:14:14.089+0200] {logging_mixin.py:188} INFO - [2025-07-10T11:14:14.089+0200] {dag.py:3096} INFO - Sync 1 DAGs
[2025-07-10T11:14:14.106+0200] {logging_mixin.py:188} INFO - [2025-07-10T11:14:14.106+0200] {dag.py:3954} INFO - Setting next_dagrun for example_nested_branch_dag to 2025-07-09 00:00:00+00:00, run_after=2025-07-10 00:00:00+00:00
[2025-07-10T11:14:14.137+0200] {processor.py:183} INFO - Processing /home/leoja/airflow/airflow_venv/lib/python3.12/site-packages/airflow/example_dags/example_nested_branch_dag.py took 0.084 seconds
[2025-07-10T11:15:07.952+0200] {processor.py:161} INFO - Started process (PID=50480) to work on /home/leoja/airflow/airflow_venv/lib/python3.12/site-packages/airflow/example_dags/example_nested_branch_dag.py
[2025-07-10T11:15:07.953+0200] {processor.py:830} INFO - Processing file /home/leoja/airflow/airflow_venv/lib/python3.12/site-packages/airflow/example_dags/example_nested_branch_dag.py for tasks to queue
[2025-07-10T11:15:07.954+0200] {logging_mixin.py:188} INFO - [2025-07-10T11:15:07.954+0200] {dagbag.py:540} INFO - Filling up the DagBag from /home/leoja/airflow/airflow_venv/lib/python3.12/site-packages/airflow/example_dags/example_nested_branch_dag.py
[2025-07-10T11:15:07.962+0200] {processor.py:840} INFO - DAG(s) 'example_nested_branch_dag' retrieved from /home/leoja/airflow/airflow_venv/lib/python3.12/site-packages/airflow/example_dags/example_nested_branch_dag.py
[2025-07-10T11:15:07.975+0200] {logging_mixin.py:188} INFO - [2025-07-10T11:15:07.975+0200] {dag.py:3096} INFO - Sync 1 DAGs
[2025-07-10T11:15:07.989+0200] {logging_mixin.py:188} INFO - [2025-07-10T11:15:07.988+0200] {dag.py:3954} INFO - Setting next_dagrun for example_nested_branch_dag to 2025-07-09 00:00:00+00:00, run_after=2025-07-10 00:00:00+00:00
[2025-07-10T11:15:08.014+0200] {processor.py:183} INFO - Processing /home/leoja/airflow/airflow_venv/lib/python3.12/site-packages/airflow/example_dags/example_nested_branch_dag.py took 0.066 seconds
[2025-07-10T11:15:59.691+0200] {processor.py:161} INFO - Started process (PID=50767) to work on /home/leoja/airflow/airflow_venv/lib/python3.12/site-packages/airflow/example_dags/example_nested_branch_dag.py
[2025-07-10T11:15:59.707+0200] {processor.py:830} INFO - Processing file /home/leoja/airflow/airflow_venv/lib/python3.12/site-packages/airflow/example_dags/example_nested_branch_dag.py for tasks to queue
[2025-07-10T11:15:59.708+0200] {logging_mixin.py:188} INFO - [2025-07-10T11:15:59.708+0200] {dagbag.py:540} INFO - Filling up the DagBag from /home/leoja/airflow/airflow_venv/lib/python3.12/site-packages/airflow/example_dags/example_nested_branch_dag.py
[2025-07-10T11:15:59.716+0200] {processor.py:840} INFO - DAG(s) 'example_nested_branch_dag' retrieved from /home/leoja/airflow/airflow_venv/lib/python3.12/site-packages/airflow/example_dags/example_nested_branch_dag.py
[2025-07-10T11:15:59.730+0200] {logging_mixin.py:188} INFO - [2025-07-10T11:15:59.730+0200] {dag.py:3096} INFO - Sync 1 DAGs
[2025-07-10T11:15:59.842+0200] {logging_mixin.py:188} INFO - [2025-07-10T11:15:59.842+0200] {dag.py:3954} INFO - Setting next_dagrun for example_nested_branch_dag to 2025-07-09 00:00:00+00:00, run_after=2025-07-10 00:00:00+00:00
[2025-07-10T11:15:59.869+0200] {processor.py:183} INFO - Processing /home/leoja/airflow/airflow_venv/lib/python3.12/site-packages/airflow/example_dags/example_nested_branch_dag.py took 0.183 seconds
[2025-07-10T11:16:57.300+0200] {processor.py:161} INFO - Started process (PID=51122) to work on /home/leoja/airflow/airflow_venv/lib/python3.12/site-packages/airflow/example_dags/example_nested_branch_dag.py
[2025-07-10T11:16:57.302+0200] {processor.py:830} INFO - Processing file /home/leoja/airflow/airflow_venv/lib/python3.12/site-packages/airflow/example_dags/example_nested_branch_dag.py for tasks to queue
[2025-07-10T11:16:57.303+0200] {logging_mixin.py:188} INFO - [2025-07-10T11:16:57.302+0200] {dagbag.py:540} INFO - Filling up the DagBag from /home/leoja/airflow/airflow_venv/lib/python3.12/site-packages/airflow/example_dags/example_nested_branch_dag.py
[2025-07-10T11:16:57.313+0200] {processor.py:840} INFO - DAG(s) 'example_nested_branch_dag' retrieved from /home/leoja/airflow/airflow_venv/lib/python3.12/site-packages/airflow/example_dags/example_nested_branch_dag.py
[2025-07-10T11:16:57.329+0200] {logging_mixin.py:188} INFO - [2025-07-10T11:16:57.328+0200] {dag.py:3096} INFO - Sync 1 DAGs
[2025-07-10T11:16:57.342+0200] {logging_mixin.py:188} INFO - [2025-07-10T11:16:57.341+0200] {dag.py:3954} INFO - Setting next_dagrun for example_nested_branch_dag to 2025-07-09 00:00:00+00:00, run_after=2025-07-10 00:00:00+00:00
[2025-07-10T11:16:57.362+0200] {processor.py:183} INFO - Processing /home/leoja/airflow/airflow_venv/lib/python3.12/site-packages/airflow/example_dags/example_nested_branch_dag.py took 0.067 seconds
[2025-07-10T11:17:48.309+0200] {processor.py:161} INFO - Started process (PID=51406) to work on /home/leoja/airflow/airflow_venv/lib/python3.12/site-packages/airflow/example_dags/example_nested_branch_dag.py
[2025-07-10T11:17:48.311+0200] {processor.py:830} INFO - Processing file /home/leoja/airflow/airflow_venv/lib/python3.12/site-packages/airflow/example_dags/example_nested_branch_dag.py for tasks to queue
[2025-07-10T11:17:48.312+0200] {logging_mixin.py:188} INFO - [2025-07-10T11:17:48.312+0200] {dagbag.py:540} INFO - Filling up the DagBag from /home/leoja/airflow/airflow_venv/lib/python3.12/site-packages/airflow/example_dags/example_nested_branch_dag.py
[2025-07-10T11:17:48.320+0200] {processor.py:840} INFO - DAG(s) 'example_nested_branch_dag' retrieved from /home/leoja/airflow/airflow_venv/lib/python3.12/site-packages/airflow/example_dags/example_nested_branch_dag.py
[2025-07-10T11:17:48.334+0200] {logging_mixin.py:188} INFO - [2025-07-10T11:17:48.334+0200] {dag.py:3096} INFO - Sync 1 DAGs
[2025-07-10T11:17:48.350+0200] {logging_mixin.py:188} INFO - [2025-07-10T11:17:48.349+0200] {dag.py:3954} INFO - Setting next_dagrun for example_nested_branch_dag to 2025-07-09 00:00:00+00:00, run_after=2025-07-10 00:00:00+00:00
[2025-07-10T11:17:48.373+0200] {processor.py:183} INFO - Processing /home/leoja/airflow/airflow_venv/lib/python3.12/site-packages/airflow/example_dags/example_nested_branch_dag.py took 0.074 seconds
[2025-07-10T11:18:44.942+0200] {processor.py:161} INFO - Started process (PID=51785) to work on /home/leoja/airflow/airflow_venv/lib/python3.12/site-packages/airflow/example_dags/example_nested_branch_dag.py
[2025-07-10T11:18:44.943+0200] {processor.py:830} INFO - Processing file /home/leoja/airflow/airflow_venv/lib/python3.12/site-packages/airflow/example_dags/example_nested_branch_dag.py for tasks to queue
[2025-07-10T11:18:44.944+0200] {logging_mixin.py:188} INFO - [2025-07-10T11:18:44.944+0200] {dagbag.py:540} INFO - Filling up the DagBag from /home/leoja/airflow/airflow_venv/lib/python3.12/site-packages/airflow/example_dags/example_nested_branch_dag.py
[2025-07-10T11:18:44.951+0200] {processor.py:840} INFO - DAG(s) 'example_nested_branch_dag' retrieved from /home/leoja/airflow/airflow_venv/lib/python3.12/site-packages/airflow/example_dags/example_nested_branch_dag.py
[2025-07-10T11:18:44.964+0200] {logging_mixin.py:188} INFO - [2025-07-10T11:18:44.964+0200] {dag.py:3096} INFO - Sync 1 DAGs
[2025-07-10T11:18:44.976+0200] {logging_mixin.py:188} INFO - [2025-07-10T11:18:44.976+0200] {dag.py:3954} INFO - Setting next_dagrun for example_nested_branch_dag to 2025-07-09 00:00:00+00:00, run_after=2025-07-10 00:00:00+00:00
[2025-07-10T11:18:44.992+0200] {processor.py:183} INFO - Processing /home/leoja/airflow/airflow_venv/lib/python3.12/site-packages/airflow/example_dags/example_nested_branch_dag.py took 0.056 seconds
[2025-07-10T11:19:36.632+0200] {processor.py:161} INFO - Started process (PID=52045) to work on /home/leoja/airflow/airflow_venv/lib/python3.12/site-packages/airflow/example_dags/example_nested_branch_dag.py
[2025-07-10T11:19:36.635+0200] {processor.py:830} INFO - Processing file /home/leoja/airflow/airflow_venv/lib/python3.12/site-packages/airflow/example_dags/example_nested_branch_dag.py for tasks to queue
[2025-07-10T11:19:36.636+0200] {logging_mixin.py:188} INFO - [2025-07-10T11:19:36.635+0200] {dagbag.py:540} INFO - Filling up the DagBag from /home/leoja/airflow/airflow_venv/lib/python3.12/site-packages/airflow/example_dags/example_nested_branch_dag.py
[2025-07-10T11:19:36.644+0200] {processor.py:840} INFO - DAG(s) 'example_nested_branch_dag' retrieved from /home/leoja/airflow/airflow_venv/lib/python3.12/site-packages/airflow/example_dags/example_nested_branch_dag.py
[2025-07-10T11:19:36.658+0200] {logging_mixin.py:188} INFO - [2025-07-10T11:19:36.658+0200] {dag.py:3096} INFO - Sync 1 DAGs
[2025-07-10T11:19:36.673+0200] {logging_mixin.py:188} INFO - [2025-07-10T11:19:36.673+0200] {dag.py:3954} INFO - Setting next_dagrun for example_nested_branch_dag to 2025-07-09 00:00:00+00:00, run_after=2025-07-10 00:00:00+00:00
[2025-07-10T11:19:36.693+0200] {processor.py:183} INFO - Processing /home/leoja/airflow/airflow_venv/lib/python3.12/site-packages/airflow/example_dags/example_nested_branch_dag.py took 0.066 seconds
[2025-07-10T11:20:32.169+0200] {processor.py:161} INFO - Started process (PID=52333) to work on /home/leoja/airflow/airflow_venv/lib/python3.12/site-packages/airflow/example_dags/example_nested_branch_dag.py
[2025-07-10T11:20:32.170+0200] {processor.py:830} INFO - Processing file /home/leoja/airflow/airflow_venv/lib/python3.12/site-packages/airflow/example_dags/example_nested_branch_dag.py for tasks to queue
[2025-07-10T11:20:32.171+0200] {logging_mixin.py:188} INFO - [2025-07-10T11:20:32.171+0200] {dagbag.py:540} INFO - Filling up the DagBag from /home/leoja/airflow/airflow_venv/lib/python3.12/site-packages/airflow/example_dags/example_nested_branch_dag.py
[2025-07-10T11:20:32.178+0200] {processor.py:840} INFO - DAG(s) 'example_nested_branch_dag' retrieved from /home/leoja/airflow/airflow_venv/lib/python3.12/site-packages/airflow/example_dags/example_nested_branch_dag.py
[2025-07-10T11:20:32.191+0200] {logging_mixin.py:188} INFO - [2025-07-10T11:20:32.191+0200] {dag.py:3096} INFO - Sync 1 DAGs
[2025-07-10T11:20:32.205+0200] {logging_mixin.py:188} INFO - [2025-07-10T11:20:32.205+0200] {dag.py:3954} INFO - Setting next_dagrun for example_nested_branch_dag to 2025-07-09 00:00:00+00:00, run_after=2025-07-10 00:00:00+00:00
[2025-07-10T11:20:32.226+0200] {processor.py:183} INFO - Processing /home/leoja/airflow/airflow_venv/lib/python3.12/site-packages/airflow/example_dags/example_nested_branch_dag.py took 0.062 seconds
[2025-07-10T11:21:18.643+0200] {processor.py:161} INFO - Started process (PID=52602) to work on /home/leoja/airflow/airflow_venv/lib/python3.12/site-packages/airflow/example_dags/example_nested_branch_dag.py
[2025-07-10T11:21:18.644+0200] {processor.py:830} INFO - Processing file /home/leoja/airflow/airflow_venv/lib/python3.12/site-packages/airflow/example_dags/example_nested_branch_dag.py for tasks to queue
[2025-07-10T11:21:18.645+0200] {logging_mixin.py:188} INFO - [2025-07-10T11:21:18.645+0200] {dagbag.py:540} INFO - Filling up the DagBag from /home/leoja/airflow/airflow_venv/lib/python3.12/site-packages/airflow/example_dags/example_nested_branch_dag.py
[2025-07-10T11:21:18.657+0200] {processor.py:840} INFO - DAG(s) 'example_nested_branch_dag' retrieved from /home/leoja/airflow/airflow_venv/lib/python3.12/site-packages/airflow/example_dags/example_nested_branch_dag.py
[2025-07-10T11:21:18.673+0200] {logging_mixin.py:188} INFO - [2025-07-10T11:21:18.673+0200] {dag.py:3096} INFO - Sync 1 DAGs
[2025-07-10T11:21:18.688+0200] {logging_mixin.py:188} INFO - [2025-07-10T11:21:18.687+0200] {dag.py:3954} INFO - Setting next_dagrun for example_nested_branch_dag to 2025-07-09 00:00:00+00:00, run_after=2025-07-10 00:00:00+00:00
[2025-07-10T11:21:18.708+0200] {processor.py:183} INFO - Processing /home/leoja/airflow/airflow_venv/lib/python3.12/site-packages/airflow/example_dags/example_nested_branch_dag.py took 0.073 seconds
[2025-07-10T11:22:14.137+0200] {processor.py:161} INFO - Started process (PID=52880) to work on /home/leoja/airflow/airflow_venv/lib/python3.12/site-packages/airflow/example_dags/example_nested_branch_dag.py
[2025-07-10T11:22:14.138+0200] {processor.py:830} INFO - Processing file /home/leoja/airflow/airflow_venv/lib/python3.12/site-packages/airflow/example_dags/example_nested_branch_dag.py for tasks to queue
[2025-07-10T11:22:14.139+0200] {logging_mixin.py:188} INFO - [2025-07-10T11:22:14.139+0200] {dagbag.py:540} INFO - Filling up the DagBag from /home/leoja/airflow/airflow_venv/lib/python3.12/site-packages/airflow/example_dags/example_nested_branch_dag.py
[2025-07-10T11:22:14.146+0200] {processor.py:840} INFO - DAG(s) 'example_nested_branch_dag' retrieved from /home/leoja/airflow/airflow_venv/lib/python3.12/site-packages/airflow/example_dags/example_nested_branch_dag.py
[2025-07-10T11:22:14.158+0200] {logging_mixin.py:188} INFO - [2025-07-10T11:22:14.157+0200] {dag.py:3096} INFO - Sync 1 DAGs
[2025-07-10T11:22:14.172+0200] {logging_mixin.py:188} INFO - [2025-07-10T11:22:14.171+0200] {dag.py:3954} INFO - Setting next_dagrun for example_nested_branch_dag to 2025-07-09 00:00:00+00:00, run_after=2025-07-10 00:00:00+00:00
[2025-07-10T11:22:14.191+0200] {processor.py:183} INFO - Processing /home/leoja/airflow/airflow_venv/lib/python3.12/site-packages/airflow/example_dags/example_nested_branch_dag.py took 0.059 seconds
[2025-07-10T11:23:05.333+0200] {processor.py:161} INFO - Started process (PID=53183) to work on /home/leoja/airflow/airflow_venv/lib/python3.12/site-packages/airflow/example_dags/example_nested_branch_dag.py
[2025-07-10T11:23:05.334+0200] {processor.py:830} INFO - Processing file /home/leoja/airflow/airflow_venv/lib/python3.12/site-packages/airflow/example_dags/example_nested_branch_dag.py for tasks to queue
[2025-07-10T11:23:05.335+0200] {logging_mixin.py:188} INFO - [2025-07-10T11:23:05.334+0200] {dagbag.py:540} INFO - Filling up the DagBag from /home/leoja/airflow/airflow_venv/lib/python3.12/site-packages/airflow/example_dags/example_nested_branch_dag.py
[2025-07-10T11:23:05.343+0200] {processor.py:840} INFO - DAG(s) 'example_nested_branch_dag' retrieved from /home/leoja/airflow/airflow_venv/lib/python3.12/site-packages/airflow/example_dags/example_nested_branch_dag.py
[2025-07-10T11:23:05.358+0200] {logging_mixin.py:188} INFO - [2025-07-10T11:23:05.357+0200] {dag.py:3096} INFO - Sync 1 DAGs
[2025-07-10T11:23:05.370+0200] {logging_mixin.py:188} INFO - [2025-07-10T11:23:05.370+0200] {dag.py:3954} INFO - Setting next_dagrun for example_nested_branch_dag to 2025-07-09 00:00:00+00:00, run_after=2025-07-10 00:00:00+00:00
[2025-07-10T11:23:05.407+0200] {processor.py:183} INFO - Processing /home/leoja/airflow/airflow_venv/lib/python3.12/site-packages/airflow/example_dags/example_nested_branch_dag.py took 0.079 seconds
[2025-07-10T11:24:04.252+0200] {processor.py:161} INFO - Started process (PID=53458) to work on /home/leoja/airflow/airflow_venv/lib/python3.12/site-packages/airflow/example_dags/example_nested_branch_dag.py
[2025-07-10T11:24:04.253+0200] {processor.py:830} INFO - Processing file /home/leoja/airflow/airflow_venv/lib/python3.12/site-packages/airflow/example_dags/example_nested_branch_dag.py for tasks to queue
[2025-07-10T11:24:04.254+0200] {logging_mixin.py:188} INFO - [2025-07-10T11:24:04.254+0200] {dagbag.py:540} INFO - Filling up the DagBag from /home/leoja/airflow/airflow_venv/lib/python3.12/site-packages/airflow/example_dags/example_nested_branch_dag.py
[2025-07-10T11:24:04.262+0200] {processor.py:840} INFO - DAG(s) 'example_nested_branch_dag' retrieved from /home/leoja/airflow/airflow_venv/lib/python3.12/site-packages/airflow/example_dags/example_nested_branch_dag.py
[2025-07-10T11:24:04.274+0200] {logging_mixin.py:188} INFO - [2025-07-10T11:24:04.273+0200] {dag.py:3096} INFO - Sync 1 DAGs
[2025-07-10T11:24:04.286+0200] {logging_mixin.py:188} INFO - [2025-07-10T11:24:04.286+0200] {dag.py:3954} INFO - Setting next_dagrun for example_nested_branch_dag to 2025-07-09 00:00:00+00:00, run_after=2025-07-10 00:00:00+00:00
[2025-07-10T11:24:04.306+0200] {processor.py:183} INFO - Processing /home/leoja/airflow/airflow_venv/lib/python3.12/site-packages/airflow/example_dags/example_nested_branch_dag.py took 0.059 seconds
[2025-07-10T11:24:52.926+0200] {processor.py:161} INFO - Started process (PID=53711) to work on /home/leoja/airflow/airflow_venv/lib/python3.12/site-packages/airflow/example_dags/example_nested_branch_dag.py
[2025-07-10T11:24:52.928+0200] {processor.py:830} INFO - Processing file /home/leoja/airflow/airflow_venv/lib/python3.12/site-packages/airflow/example_dags/example_nested_branch_dag.py for tasks to queue
[2025-07-10T11:24:52.929+0200] {logging_mixin.py:188} INFO - [2025-07-10T11:24:52.928+0200] {dagbag.py:540} INFO - Filling up the DagBag from /home/leoja/airflow/airflow_venv/lib/python3.12/site-packages/airflow/example_dags/example_nested_branch_dag.py
[2025-07-10T11:24:52.937+0200] {processor.py:840} INFO - DAG(s) 'example_nested_branch_dag' retrieved from /home/leoja/airflow/airflow_venv/lib/python3.12/site-packages/airflow/example_dags/example_nested_branch_dag.py
[2025-07-10T11:24:52.954+0200] {logging_mixin.py:188} INFO - [2025-07-10T11:24:52.954+0200] {dag.py:3096} INFO - Sync 1 DAGs
[2025-07-10T11:24:52.970+0200] {logging_mixin.py:188} INFO - [2025-07-10T11:24:52.970+0200] {dag.py:3954} INFO - Setting next_dagrun for example_nested_branch_dag to 2025-07-09 00:00:00+00:00, run_after=2025-07-10 00:00:00+00:00
[2025-07-10T11:24:52.989+0200] {processor.py:183} INFO - Processing /home/leoja/airflow/airflow_venv/lib/python3.12/site-packages/airflow/example_dags/example_nested_branch_dag.py took 0.069 seconds
[2025-07-10T11:25:50.103+0200] {processor.py:161} INFO - Started process (PID=54041) to work on /home/leoja/airflow/airflow_venv/lib/python3.12/site-packages/airflow/example_dags/example_nested_branch_dag.py
[2025-07-10T11:25:50.105+0200] {processor.py:830} INFO - Processing file /home/leoja/airflow/airflow_venv/lib/python3.12/site-packages/airflow/example_dags/example_nested_branch_dag.py for tasks to queue
[2025-07-10T11:25:50.106+0200] {logging_mixin.py:188} INFO - [2025-07-10T11:25:50.105+0200] {dagbag.py:540} INFO - Filling up the DagBag from /home/leoja/airflow/airflow_venv/lib/python3.12/site-packages/airflow/example_dags/example_nested_branch_dag.py
[2025-07-10T11:25:50.113+0200] {processor.py:840} INFO - DAG(s) 'example_nested_branch_dag' retrieved from /home/leoja/airflow/airflow_venv/lib/python3.12/site-packages/airflow/example_dags/example_nested_branch_dag.py
[2025-07-10T11:25:50.128+0200] {logging_mixin.py:188} INFO - [2025-07-10T11:25:50.128+0200] {dag.py:3096} INFO - Sync 1 DAGs
[2025-07-10T11:25:50.142+0200] {logging_mixin.py:188} INFO - [2025-07-10T11:25:50.142+0200] {dag.py:3954} INFO - Setting next_dagrun for example_nested_branch_dag to 2025-07-09 00:00:00+00:00, run_after=2025-07-10 00:00:00+00:00
[2025-07-10T11:25:50.172+0200] {processor.py:183} INFO - Processing /home/leoja/airflow/airflow_venv/lib/python3.12/site-packages/airflow/example_dags/example_nested_branch_dag.py took 0.074 seconds
[2025-07-10T11:26:38.509+0200] {processor.py:161} INFO - Started process (PID=54295) to work on /home/leoja/airflow/airflow_venv/lib/python3.12/site-packages/airflow/example_dags/example_nested_branch_dag.py
[2025-07-10T11:26:38.511+0200] {processor.py:830} INFO - Processing file /home/leoja/airflow/airflow_venv/lib/python3.12/site-packages/airflow/example_dags/example_nested_branch_dag.py for tasks to queue
[2025-07-10T11:26:38.512+0200] {logging_mixin.py:188} INFO - [2025-07-10T11:26:38.512+0200] {dagbag.py:540} INFO - Filling up the DagBag from /home/leoja/airflow/airflow_venv/lib/python3.12/site-packages/airflow/example_dags/example_nested_branch_dag.py
[2025-07-10T11:26:38.521+0200] {processor.py:840} INFO - DAG(s) 'example_nested_branch_dag' retrieved from /home/leoja/airflow/airflow_venv/lib/python3.12/site-packages/airflow/example_dags/example_nested_branch_dag.py
[2025-07-10T11:26:38.537+0200] {logging_mixin.py:188} INFO - [2025-07-10T11:26:38.536+0200] {dag.py:3096} INFO - Sync 1 DAGs
[2025-07-10T11:26:38.551+0200] {logging_mixin.py:188} INFO - [2025-07-10T11:26:38.551+0200] {dag.py:3954} INFO - Setting next_dagrun for example_nested_branch_dag to 2025-07-09 00:00:00+00:00, run_after=2025-07-10 00:00:00+00:00
[2025-07-10T11:26:38.574+0200] {processor.py:183} INFO - Processing /home/leoja/airflow/airflow_venv/lib/python3.12/site-packages/airflow/example_dags/example_nested_branch_dag.py took 0.069 seconds
[2025-07-10T11:45:07.946+0200] {processor.py:161} INFO - Started process (PID=54750) to work on /home/leoja/airflow/airflow_venv/lib/python3.12/site-packages/airflow/example_dags/example_nested_branch_dag.py
[2025-07-10T11:45:07.947+0200] {processor.py:830} INFO - Processing file /home/leoja/airflow/airflow_venv/lib/python3.12/site-packages/airflow/example_dags/example_nested_branch_dag.py for tasks to queue
[2025-07-10T11:45:07.949+0200] {logging_mixin.py:188} INFO - [2025-07-10T11:45:07.948+0200] {dagbag.py:540} INFO - Filling up the DagBag from /home/leoja/airflow/airflow_venv/lib/python3.12/site-packages/airflow/example_dags/example_nested_branch_dag.py
[2025-07-10T11:45:07.960+0200] {processor.py:840} INFO - DAG(s) 'example_nested_branch_dag' retrieved from /home/leoja/airflow/airflow_venv/lib/python3.12/site-packages/airflow/example_dags/example_nested_branch_dag.py
[2025-07-10T11:45:07.976+0200] {logging_mixin.py:188} INFO - [2025-07-10T11:45:07.976+0200] {dag.py:3096} INFO - Sync 1 DAGs
[2025-07-10T11:45:07.997+0200] {logging_mixin.py:188} INFO - [2025-07-10T11:45:07.997+0200] {dag.py:3954} INFO - Setting next_dagrun for example_nested_branch_dag to 2025-07-09 00:00:00+00:00, run_after=2025-07-10 00:00:00+00:00
[2025-07-10T11:45:08.024+0200] {processor.py:183} INFO - Processing /home/leoja/airflow/airflow_venv/lib/python3.12/site-packages/airflow/example_dags/example_nested_branch_dag.py took 0.085 seconds
[2025-07-10T11:46:04.897+0200] {processor.py:161} INFO - Started process (PID=55058) to work on /home/leoja/airflow/airflow_venv/lib/python3.12/site-packages/airflow/example_dags/example_nested_branch_dag.py
[2025-07-10T11:46:04.898+0200] {processor.py:830} INFO - Processing file /home/leoja/airflow/airflow_venv/lib/python3.12/site-packages/airflow/example_dags/example_nested_branch_dag.py for tasks to queue
[2025-07-10T11:46:04.899+0200] {logging_mixin.py:188} INFO - [2025-07-10T11:46:04.899+0200] {dagbag.py:540} INFO - Filling up the DagBag from /home/leoja/airflow/airflow_venv/lib/python3.12/site-packages/airflow/example_dags/example_nested_branch_dag.py
[2025-07-10T11:46:04.907+0200] {processor.py:840} INFO - DAG(s) 'example_nested_branch_dag' retrieved from /home/leoja/airflow/airflow_venv/lib/python3.12/site-packages/airflow/example_dags/example_nested_branch_dag.py
[2025-07-10T11:46:04.927+0200] {logging_mixin.py:188} INFO - [2025-07-10T11:46:04.927+0200] {dag.py:3096} INFO - Sync 1 DAGs
[2025-07-10T11:46:04.954+0200] {logging_mixin.py:188} INFO - [2025-07-10T11:46:04.953+0200] {dag.py:3954} INFO - Setting next_dagrun for example_nested_branch_dag to 2025-07-09 00:00:00+00:00, run_after=2025-07-10 00:00:00+00:00
[2025-07-10T11:46:04.983+0200] {processor.py:183} INFO - Processing /home/leoja/airflow/airflow_venv/lib/python3.12/site-packages/airflow/example_dags/example_nested_branch_dag.py took 0.095 seconds
