[2025-07-10T11:10:39.370+0200] {processor.py:161} INFO - Started process (PID=48757) to work on /home/leoja/airflow/airflow_venv/lib/python3.12/site-packages/airflow/example_dags/example_xcomargs.py
[2025-07-10T11:10:39.371+0200] {processor.py:830} INFO - Processing file /home/leoja/airflow/airflow_venv/lib/python3.12/site-packages/airflow/example_dags/example_xcomargs.py for tasks to queue
[2025-07-10T11:10:39.372+0200] {logging_mixin.py:188} INFO - [2025-07-10T11:10:39.372+0200] {dagbag.py:540} INFO - Filling up the DagBag from /home/leoja/airflow/airflow_venv/lib/python3.12/site-packages/airflow/example_dags/example_xcomargs.py
[2025-07-10T11:10:39.379+0200] {processor.py:840} INFO - DAG(s) 'example_xcom_args', 'example_xcom_args_with_operators' retrieved from /home/leoja/airflow/airflow_venv/lib/python3.12/site-packages/airflow/example_dags/example_xcomargs.py
[2025-07-10T11:10:39.393+0200] {logging_mixin.py:188} INFO - [2025-07-10T11:10:39.393+0200] {dag.py:3096} INFO - Sync 2 DAGs
[2025-07-10T11:10:39.401+0200] {logging_mixin.py:188} INFO - [2025-07-10T11:10:39.401+0200] {dag.py:3954} INFO - Setting next_dagrun for example_xcom_args to None, run_after=None
[2025-07-10T11:10:39.403+0200] {logging_mixin.py:188} INFO - [2025-07-10T11:10:39.403+0200] {dag.py:3954} INFO - Setting next_dagrun for example_xcom_args_with_operators to None, run_after=None
[2025-07-10T11:10:39.420+0200] {processor.py:183} INFO - Processing /home/leoja/airflow/airflow_venv/lib/python3.12/site-packages/airflow/example_dags/example_xcomargs.py took 0.055 seconds
[2025-07-10T11:12:06.276+0200] {processor.py:161} INFO - Started process (PID=49474) to work on /home/leoja/airflow/airflow_venv/lib/python3.12/site-packages/airflow/example_dags/example_xcomargs.py
[2025-07-10T11:12:06.278+0200] {processor.py:830} INFO - Processing file /home/leoja/airflow/airflow_venv/lib/python3.12/site-packages/airflow/example_dags/example_xcomargs.py for tasks to queue
[2025-07-10T11:12:06.279+0200] {logging_mixin.py:188} INFO - [2025-07-10T11:12:06.278+0200] {dagbag.py:540} INFO - Filling up the DagBag from /home/leoja/airflow/airflow_venv/lib/python3.12/site-packages/airflow/example_dags/example_xcomargs.py
[2025-07-10T11:12:06.285+0200] {processor.py:840} INFO - DAG(s) 'example_xcom_args', 'example_xcom_args_with_operators' retrieved from /home/leoja/airflow/airflow_venv/lib/python3.12/site-packages/airflow/example_dags/example_xcomargs.py
[2025-07-10T11:12:06.302+0200] {logging_mixin.py:188} INFO - [2025-07-10T11:12:06.302+0200] {dag.py:3096} INFO - Sync 2 DAGs
[2025-07-10T11:12:06.314+0200] {logging_mixin.py:188} INFO - [2025-07-10T11:12:06.314+0200] {dag.py:3954} INFO - Setting next_dagrun for example_xcom_args to None, run_after=None
[2025-07-10T11:12:06.316+0200] {logging_mixin.py:188} INFO - [2025-07-10T11:12:06.316+0200] {dag.py:3954} INFO - Setting next_dagrun for example_xcom_args_with_operators to None, run_after=None
[2025-07-10T11:12:06.335+0200] {processor.py:183} INFO - Processing /home/leoja/airflow/airflow_venv/lib/python3.12/site-packages/airflow/example_dags/example_xcomargs.py took 0.063 seconds
[2025-07-10T11:13:01.331+0200] {processor.py:161} INFO - Started process (PID=49725) to work on /home/leoja/airflow/airflow_venv/lib/python3.12/site-packages/airflow/example_dags/example_xcomargs.py
[2025-07-10T11:13:01.332+0200] {processor.py:830} INFO - Processing file /home/leoja/airflow/airflow_venv/lib/python3.12/site-packages/airflow/example_dags/example_xcomargs.py for tasks to queue
[2025-07-10T11:13:01.333+0200] {logging_mixin.py:188} INFO - [2025-07-10T11:13:01.333+0200] {dagbag.py:540} INFO - Filling up the DagBag from /home/leoja/airflow/airflow_venv/lib/python3.12/site-packages/airflow/example_dags/example_xcomargs.py
[2025-07-10T11:13:01.341+0200] {processor.py:840} INFO - DAG(s) 'example_xcom_args', 'example_xcom_args_with_operators' retrieved from /home/leoja/airflow/airflow_venv/lib/python3.12/site-packages/airflow/example_dags/example_xcomargs.py
[2025-07-10T11:13:01.356+0200] {logging_mixin.py:188} INFO - [2025-07-10T11:13:01.356+0200] {dag.py:3096} INFO - Sync 2 DAGs
[2025-07-10T11:13:01.364+0200] {logging_mixin.py:188} INFO - [2025-07-10T11:13:01.364+0200] {dag.py:3954} INFO - Setting next_dagrun for example_xcom_args to None, run_after=None
[2025-07-10T11:13:01.367+0200] {logging_mixin.py:188} INFO - [2025-07-10T11:13:01.367+0200] {dag.py:3954} INFO - Setting next_dagrun for example_xcom_args_with_operators to None, run_after=None
[2025-07-10T11:13:01.386+0200] {processor.py:183} INFO - Processing /home/leoja/airflow/airflow_venv/lib/python3.12/site-packages/airflow/example_dags/example_xcomargs.py took 0.060 seconds
[2025-07-10T11:14:00.433+0200] {processor.py:161} INFO - Started process (PID=50143) to work on /home/leoja/airflow/airflow_venv/lib/python3.12/site-packages/airflow/example_dags/example_xcomargs.py
[2025-07-10T11:14:00.434+0200] {processor.py:830} INFO - Processing file /home/leoja/airflow/airflow_venv/lib/python3.12/site-packages/airflow/example_dags/example_xcomargs.py for tasks to queue
[2025-07-10T11:14:00.435+0200] {logging_mixin.py:188} INFO - [2025-07-10T11:14:00.435+0200] {dagbag.py:540} INFO - Filling up the DagBag from /home/leoja/airflow/airflow_venv/lib/python3.12/site-packages/airflow/example_dags/example_xcomargs.py
[2025-07-10T11:14:00.443+0200] {processor.py:840} INFO - DAG(s) 'example_xcom_args', 'example_xcom_args_with_operators' retrieved from /home/leoja/airflow/airflow_venv/lib/python3.12/site-packages/airflow/example_dags/example_xcomargs.py
[2025-07-10T11:14:00.458+0200] {logging_mixin.py:188} INFO - [2025-07-10T11:14:00.457+0200] {dag.py:3096} INFO - Sync 2 DAGs
[2025-07-10T11:14:00.465+0200] {logging_mixin.py:188} INFO - [2025-07-10T11:14:00.465+0200] {dag.py:3954} INFO - Setting next_dagrun for example_xcom_args to None, run_after=None
[2025-07-10T11:14:00.468+0200] {logging_mixin.py:188} INFO - [2025-07-10T11:14:00.468+0200] {dag.py:3954} INFO - Setting next_dagrun for example_xcom_args_with_operators to None, run_after=None
[2025-07-10T11:14:00.488+0200] {processor.py:183} INFO - Processing /home/leoja/airflow/airflow_venv/lib/python3.12/site-packages/airflow/example_dags/example_xcomargs.py took 0.059 seconds
[2025-07-10T11:14:54.497+0200] {processor.py:161} INFO - Started process (PID=50441) to work on /home/leoja/airflow/airflow_venv/lib/python3.12/site-packages/airflow/example_dags/example_xcomargs.py
[2025-07-10T11:14:54.499+0200] {processor.py:830} INFO - Processing file /home/leoja/airflow/airflow_venv/lib/python3.12/site-packages/airflow/example_dags/example_xcomargs.py for tasks to queue
[2025-07-10T11:14:54.499+0200] {logging_mixin.py:188} INFO - [2025-07-10T11:14:54.499+0200] {dagbag.py:540} INFO - Filling up the DagBag from /home/leoja/airflow/airflow_venv/lib/python3.12/site-packages/airflow/example_dags/example_xcomargs.py
[2025-07-10T11:14:54.507+0200] {processor.py:840} INFO - DAG(s) 'example_xcom_args', 'example_xcom_args_with_operators' retrieved from /home/leoja/airflow/airflow_venv/lib/python3.12/site-packages/airflow/example_dags/example_xcomargs.py
[2025-07-10T11:14:54.525+0200] {logging_mixin.py:188} INFO - [2025-07-10T11:14:54.525+0200] {dag.py:3096} INFO - Sync 2 DAGs
[2025-07-10T11:14:54.534+0200] {logging_mixin.py:188} INFO - [2025-07-10T11:14:54.534+0200] {dag.py:3954} INFO - Setting next_dagrun for example_xcom_args to None, run_after=None
[2025-07-10T11:14:54.538+0200] {logging_mixin.py:188} INFO - [2025-07-10T11:14:54.537+0200] {dag.py:3954} INFO - Setting next_dagrun for example_xcom_args_with_operators to None, run_after=None
[2025-07-10T11:14:54.568+0200] {processor.py:183} INFO - Processing /home/leoja/airflow/airflow_venv/lib/python3.12/site-packages/airflow/example_dags/example_xcomargs.py took 0.076 seconds
[2025-07-10T11:15:46.178+0200] {processor.py:161} INFO - Started process (PID=50677) to work on /home/leoja/airflow/airflow_venv/lib/python3.12/site-packages/airflow/example_dags/example_xcomargs.py
[2025-07-10T11:15:46.179+0200] {processor.py:830} INFO - Processing file /home/leoja/airflow/airflow_venv/lib/python3.12/site-packages/airflow/example_dags/example_xcomargs.py for tasks to queue
[2025-07-10T11:15:46.180+0200] {logging_mixin.py:188} INFO - [2025-07-10T11:15:46.179+0200] {dagbag.py:540} INFO - Filling up the DagBag from /home/leoja/airflow/airflow_venv/lib/python3.12/site-packages/airflow/example_dags/example_xcomargs.py
[2025-07-10T11:15:46.189+0200] {processor.py:840} INFO - DAG(s) 'example_xcom_args_with_operators', 'example_xcom_args' retrieved from /home/leoja/airflow/airflow_venv/lib/python3.12/site-packages/airflow/example_dags/example_xcomargs.py
[2025-07-10T11:15:46.205+0200] {logging_mixin.py:188} INFO - [2025-07-10T11:15:46.205+0200] {dag.py:3096} INFO - Sync 2 DAGs
[2025-07-10T11:15:46.214+0200] {logging_mixin.py:188} INFO - [2025-07-10T11:15:46.214+0200] {dag.py:3954} INFO - Setting next_dagrun for example_xcom_args to None, run_after=None
[2025-07-10T11:15:46.217+0200] {logging_mixin.py:188} INFO - [2025-07-10T11:15:46.217+0200] {dag.py:3954} INFO - Setting next_dagrun for example_xcom_args_with_operators to None, run_after=None
[2025-07-10T11:15:46.243+0200] {processor.py:183} INFO - Processing /home/leoja/airflow/airflow_venv/lib/python3.12/site-packages/airflow/example_dags/example_xcomargs.py took 0.071 seconds
[2025-07-10T11:16:40.491+0200] {processor.py:161} INFO - Started process (PID=51031) to work on /home/leoja/airflow/airflow_venv/lib/python3.12/site-packages/airflow/example_dags/example_xcomargs.py
[2025-07-10T11:16:40.497+0200] {processor.py:830} INFO - Processing file /home/leoja/airflow/airflow_venv/lib/python3.12/site-packages/airflow/example_dags/example_xcomargs.py for tasks to queue
[2025-07-10T11:16:40.498+0200] {logging_mixin.py:188} INFO - [2025-07-10T11:16:40.497+0200] {dagbag.py:540} INFO - Filling up the DagBag from /home/leoja/airflow/airflow_venv/lib/python3.12/site-packages/airflow/example_dags/example_xcomargs.py
[2025-07-10T11:16:40.506+0200] {processor.py:840} INFO - DAG(s) 'example_xcom_args_with_operators', 'example_xcom_args' retrieved from /home/leoja/airflow/airflow_venv/lib/python3.12/site-packages/airflow/example_dags/example_xcomargs.py
[2025-07-10T11:16:40.520+0200] {logging_mixin.py:188} INFO - [2025-07-10T11:16:40.520+0200] {dag.py:3096} INFO - Sync 2 DAGs
[2025-07-10T11:16:40.530+0200] {logging_mixin.py:188} INFO - [2025-07-10T11:16:40.529+0200] {dag.py:3954} INFO - Setting next_dagrun for example_xcom_args to None, run_after=None
[2025-07-10T11:16:40.532+0200] {logging_mixin.py:188} INFO - [2025-07-10T11:16:40.532+0200] {dag.py:3954} INFO - Setting next_dagrun for example_xcom_args_with_operators to None, run_after=None
[2025-07-10T11:16:40.552+0200] {processor.py:183} INFO - Processing /home/leoja/airflow/airflow_venv/lib/python3.12/site-packages/airflow/example_dags/example_xcomargs.py took 0.065 seconds
[2025-07-10T11:17:37.038+0200] {processor.py:161} INFO - Started process (PID=51339) to work on /home/leoja/airflow/airflow_venv/lib/python3.12/site-packages/airflow/example_dags/example_xcomargs.py
[2025-07-10T11:17:37.040+0200] {processor.py:830} INFO - Processing file /home/leoja/airflow/airflow_venv/lib/python3.12/site-packages/airflow/example_dags/example_xcomargs.py for tasks to queue
[2025-07-10T11:17:37.040+0200] {logging_mixin.py:188} INFO - [2025-07-10T11:17:37.040+0200] {dagbag.py:540} INFO - Filling up the DagBag from /home/leoja/airflow/airflow_venv/lib/python3.12/site-packages/airflow/example_dags/example_xcomargs.py
[2025-07-10T11:17:37.047+0200] {processor.py:840} INFO - DAG(s) 'example_xcom_args', 'example_xcom_args_with_operators' retrieved from /home/leoja/airflow/airflow_venv/lib/python3.12/site-packages/airflow/example_dags/example_xcomargs.py
[2025-07-10T11:17:37.060+0200] {logging_mixin.py:188} INFO - [2025-07-10T11:17:37.060+0200] {dag.py:3096} INFO - Sync 2 DAGs
[2025-07-10T11:17:37.068+0200] {logging_mixin.py:188} INFO - [2025-07-10T11:17:37.068+0200] {dag.py:3954} INFO - Setting next_dagrun for example_xcom_args to None, run_after=None
[2025-07-10T11:17:37.070+0200] {logging_mixin.py:188} INFO - [2025-07-10T11:17:37.070+0200] {dag.py:3954} INFO - Setting next_dagrun for example_xcom_args_with_operators to None, run_after=None
[2025-07-10T11:17:37.091+0200] {processor.py:183} INFO - Processing /home/leoja/airflow/airflow_venv/lib/python3.12/site-packages/airflow/example_dags/example_xcomargs.py took 0.057 seconds
[2025-07-10T11:18:28.860+0200] {processor.py:161} INFO - Started process (PID=51624) to work on /home/leoja/airflow/airflow_venv/lib/python3.12/site-packages/airflow/example_dags/example_xcomargs.py
[2025-07-10T11:18:28.861+0200] {processor.py:830} INFO - Processing file /home/leoja/airflow/airflow_venv/lib/python3.12/site-packages/airflow/example_dags/example_xcomargs.py for tasks to queue
[2025-07-10T11:18:28.863+0200] {logging_mixin.py:188} INFO - [2025-07-10T11:18:28.862+0200] {dagbag.py:540} INFO - Filling up the DagBag from /home/leoja/airflow/airflow_venv/lib/python3.12/site-packages/airflow/example_dags/example_xcomargs.py
[2025-07-10T11:18:28.876+0200] {processor.py:840} INFO - DAG(s) 'example_xcom_args_with_operators', 'example_xcom_args' retrieved from /home/leoja/airflow/airflow_venv/lib/python3.12/site-packages/airflow/example_dags/example_xcomargs.py
[2025-07-10T11:18:28.900+0200] {logging_mixin.py:188} INFO - [2025-07-10T11:18:28.899+0200] {dag.py:3096} INFO - Sync 2 DAGs
[2025-07-10T11:18:28.914+0200] {logging_mixin.py:188} INFO - [2025-07-10T11:18:28.914+0200] {dag.py:3954} INFO - Setting next_dagrun for example_xcom_args to None, run_after=None
[2025-07-10T11:18:28.920+0200] {logging_mixin.py:188} INFO - [2025-07-10T11:18:28.919+0200] {dag.py:3954} INFO - Setting next_dagrun for example_xcom_args_with_operators to None, run_after=None
[2025-07-10T11:18:28.948+0200] {processor.py:183} INFO - Processing /home/leoja/airflow/airflow_venv/lib/python3.12/site-packages/airflow/example_dags/example_xcomargs.py took 0.094 seconds
[2025-07-10T11:19:25.037+0200] {processor.py:161} INFO - Started process (PID=51950) to work on /home/leoja/airflow/airflow_venv/lib/python3.12/site-packages/airflow/example_dags/example_xcomargs.py
[2025-07-10T11:19:25.039+0200] {processor.py:830} INFO - Processing file /home/leoja/airflow/airflow_venv/lib/python3.12/site-packages/airflow/example_dags/example_xcomargs.py for tasks to queue
[2025-07-10T11:19:25.039+0200] {logging_mixin.py:188} INFO - [2025-07-10T11:19:25.039+0200] {dagbag.py:540} INFO - Filling up the DagBag from /home/leoja/airflow/airflow_venv/lib/python3.12/site-packages/airflow/example_dags/example_xcomargs.py
[2025-07-10T11:19:25.045+0200] {processor.py:840} INFO - DAG(s) 'example_xcom_args_with_operators', 'example_xcom_args' retrieved from /home/leoja/airflow/airflow_venv/lib/python3.12/site-packages/airflow/example_dags/example_xcomargs.py
[2025-07-10T11:19:25.057+0200] {logging_mixin.py:188} INFO - [2025-07-10T11:19:25.057+0200] {dag.py:3096} INFO - Sync 2 DAGs
[2025-07-10T11:19:25.064+0200] {logging_mixin.py:188} INFO - [2025-07-10T11:19:25.064+0200] {dag.py:3954} INFO - Setting next_dagrun for example_xcom_args to None, run_after=None
[2025-07-10T11:19:25.066+0200] {logging_mixin.py:188} INFO - [2025-07-10T11:19:25.066+0200] {dag.py:3954} INFO - Setting next_dagrun for example_xcom_args_with_operators to None, run_after=None
[2025-07-10T11:19:25.084+0200] {processor.py:183} INFO - Processing /home/leoja/airflow/airflow_venv/lib/python3.12/site-packages/airflow/example_dags/example_xcomargs.py took 0.051 seconds
[2025-07-10T11:20:17.072+0200] {processor.py:161} INFO - Started process (PID=52266) to work on /home/leoja/airflow/airflow_venv/lib/python3.12/site-packages/airflow/example_dags/example_xcomargs.py
[2025-07-10T11:20:17.074+0200] {processor.py:830} INFO - Processing file /home/leoja/airflow/airflow_venv/lib/python3.12/site-packages/airflow/example_dags/example_xcomargs.py for tasks to queue
[2025-07-10T11:20:17.074+0200] {logging_mixin.py:188} INFO - [2025-07-10T11:20:17.074+0200] {dagbag.py:540} INFO - Filling up the DagBag from /home/leoja/airflow/airflow_venv/lib/python3.12/site-packages/airflow/example_dags/example_xcomargs.py
[2025-07-10T11:20:17.082+0200] {processor.py:840} INFO - DAG(s) 'example_xcom_args_with_operators', 'example_xcom_args' retrieved from /home/leoja/airflow/airflow_venv/lib/python3.12/site-packages/airflow/example_dags/example_xcomargs.py
[2025-07-10T11:20:17.097+0200] {logging_mixin.py:188} INFO - [2025-07-10T11:20:17.097+0200] {dag.py:3096} INFO - Sync 2 DAGs
[2025-07-10T11:20:17.107+0200] {logging_mixin.py:188} INFO - [2025-07-10T11:20:17.107+0200] {dag.py:3954} INFO - Setting next_dagrun for example_xcom_args to None, run_after=None
[2025-07-10T11:20:17.110+0200] {logging_mixin.py:188} INFO - [2025-07-10T11:20:17.110+0200] {dag.py:3954} INFO - Setting next_dagrun for example_xcom_args_with_operators to None, run_after=None
[2025-07-10T11:20:17.132+0200] {processor.py:183} INFO - Processing /home/leoja/airflow/airflow_venv/lib/python3.12/site-packages/airflow/example_dags/example_xcomargs.py took 0.065 seconds
[2025-07-10T11:21:10.636+0200] {processor.py:161} INFO - Started process (PID=52540) to work on /home/leoja/airflow/airflow_venv/lib/python3.12/site-packages/airflow/example_dags/example_xcomargs.py
[2025-07-10T11:21:10.638+0200] {processor.py:830} INFO - Processing file /home/leoja/airflow/airflow_venv/lib/python3.12/site-packages/airflow/example_dags/example_xcomargs.py for tasks to queue
[2025-07-10T11:21:10.638+0200] {logging_mixin.py:188} INFO - [2025-07-10T11:21:10.638+0200] {dagbag.py:540} INFO - Filling up the DagBag from /home/leoja/airflow/airflow_venv/lib/python3.12/site-packages/airflow/example_dags/example_xcomargs.py
[2025-07-10T11:21:10.648+0200] {processor.py:840} INFO - DAG(s) 'example_xcom_args_with_operators', 'example_xcom_args' retrieved from /home/leoja/airflow/airflow_venv/lib/python3.12/site-packages/airflow/example_dags/example_xcomargs.py
[2025-07-10T11:21:10.663+0200] {logging_mixin.py:188} INFO - [2025-07-10T11:21:10.662+0200] {dag.py:3096} INFO - Sync 2 DAGs
[2025-07-10T11:21:10.671+0200] {logging_mixin.py:188} INFO - [2025-07-10T11:21:10.671+0200] {dag.py:3954} INFO - Setting next_dagrun for example_xcom_args to None, run_after=None
[2025-07-10T11:21:10.673+0200] {logging_mixin.py:188} INFO - [2025-07-10T11:21:10.673+0200] {dag.py:3954} INFO - Setting next_dagrun for example_xcom_args_with_operators to None, run_after=None
[2025-07-10T11:21:10.692+0200] {processor.py:183} INFO - Processing /home/leoja/airflow/airflow_venv/lib/python3.12/site-packages/airflow/example_dags/example_xcomargs.py took 0.062 seconds
[2025-07-10T11:21:59.113+0200] {processor.py:161} INFO - Started process (PID=52809) to work on /home/leoja/airflow/airflow_venv/lib/python3.12/site-packages/airflow/example_dags/example_xcomargs.py
[2025-07-10T11:21:59.115+0200] {processor.py:830} INFO - Processing file /home/leoja/airflow/airflow_venv/lib/python3.12/site-packages/airflow/example_dags/example_xcomargs.py for tasks to queue
[2025-07-10T11:21:59.116+0200] {logging_mixin.py:188} INFO - [2025-07-10T11:21:59.115+0200] {dagbag.py:540} INFO - Filling up the DagBag from /home/leoja/airflow/airflow_venv/lib/python3.12/site-packages/airflow/example_dags/example_xcomargs.py
[2025-07-10T11:21:59.123+0200] {processor.py:840} INFO - DAG(s) 'example_xcom_args_with_operators', 'example_xcom_args' retrieved from /home/leoja/airflow/airflow_venv/lib/python3.12/site-packages/airflow/example_dags/example_xcomargs.py
[2025-07-10T11:21:59.138+0200] {logging_mixin.py:188} INFO - [2025-07-10T11:21:59.137+0200] {dag.py:3096} INFO - Sync 2 DAGs
[2025-07-10T11:21:59.145+0200] {logging_mixin.py:188} INFO - [2025-07-10T11:21:59.145+0200] {dag.py:3954} INFO - Setting next_dagrun for example_xcom_args to None, run_after=None
[2025-07-10T11:21:59.147+0200] {logging_mixin.py:188} INFO - [2025-07-10T11:21:59.147+0200] {dag.py:3954} INFO - Setting next_dagrun for example_xcom_args_with_operators to None, run_after=None
[2025-07-10T11:21:59.165+0200] {processor.py:183} INFO - Processing /home/leoja/airflow/airflow_venv/lib/python3.12/site-packages/airflow/example_dags/example_xcomargs.py took 0.058 seconds
[2025-07-10T11:22:54.826+0200] {processor.py:161} INFO - Started process (PID=53117) to work on /home/leoja/airflow/airflow_venv/lib/python3.12/site-packages/airflow/example_dags/example_xcomargs.py
[2025-07-10T11:22:54.835+0200] {processor.py:830} INFO - Processing file /home/leoja/airflow/airflow_venv/lib/python3.12/site-packages/airflow/example_dags/example_xcomargs.py for tasks to queue
[2025-07-10T11:22:54.836+0200] {logging_mixin.py:188} INFO - [2025-07-10T11:22:54.836+0200] {dagbag.py:540} INFO - Filling up the DagBag from /home/leoja/airflow/airflow_venv/lib/python3.12/site-packages/airflow/example_dags/example_xcomargs.py
[2025-07-10T11:22:54.843+0200] {processor.py:840} INFO - DAG(s) 'example_xcom_args_with_operators', 'example_xcom_args' retrieved from /home/leoja/airflow/airflow_venv/lib/python3.12/site-packages/airflow/example_dags/example_xcomargs.py
[2025-07-10T11:22:54.857+0200] {logging_mixin.py:188} INFO - [2025-07-10T11:22:54.857+0200] {dag.py:3096} INFO - Sync 2 DAGs
[2025-07-10T11:22:54.865+0200] {logging_mixin.py:188} INFO - [2025-07-10T11:22:54.864+0200] {dag.py:3954} INFO - Setting next_dagrun for example_xcom_args to None, run_after=None
[2025-07-10T11:22:54.867+0200] {logging_mixin.py:188} INFO - [2025-07-10T11:22:54.867+0200] {dag.py:3954} INFO - Setting next_dagrun for example_xcom_args_with_operators to None, run_after=None
[2025-07-10T11:22:54.895+0200] {processor.py:183} INFO - Processing /home/leoja/airflow/airflow_venv/lib/python3.12/site-packages/airflow/example_dags/example_xcomargs.py took 0.074 seconds
[2025-07-10T11:23:46.525+0200] {processor.py:161} INFO - Started process (PID=53399) to work on /home/leoja/airflow/airflow_venv/lib/python3.12/site-packages/airflow/example_dags/example_xcomargs.py
[2025-07-10T11:23:46.527+0200] {processor.py:830} INFO - Processing file /home/leoja/airflow/airflow_venv/lib/python3.12/site-packages/airflow/example_dags/example_xcomargs.py for tasks to queue
[2025-07-10T11:23:46.528+0200] {logging_mixin.py:188} INFO - [2025-07-10T11:23:46.527+0200] {dagbag.py:540} INFO - Filling up the DagBag from /home/leoja/airflow/airflow_venv/lib/python3.12/site-packages/airflow/example_dags/example_xcomargs.py
[2025-07-10T11:23:46.536+0200] {processor.py:840} INFO - DAG(s) 'example_xcom_args_with_operators', 'example_xcom_args' retrieved from /home/leoja/airflow/airflow_venv/lib/python3.12/site-packages/airflow/example_dags/example_xcomargs.py
[2025-07-10T11:23:46.549+0200] {logging_mixin.py:188} INFO - [2025-07-10T11:23:46.549+0200] {dag.py:3096} INFO - Sync 2 DAGs
[2025-07-10T11:23:46.557+0200] {logging_mixin.py:188} INFO - [2025-07-10T11:23:46.557+0200] {dag.py:3954} INFO - Setting next_dagrun for example_xcom_args to None, run_after=None
[2025-07-10T11:23:46.559+0200] {logging_mixin.py:188} INFO - [2025-07-10T11:23:46.559+0200] {dag.py:3954} INFO - Setting next_dagrun for example_xcom_args_with_operators to None, run_after=None
[2025-07-10T11:23:46.577+0200] {processor.py:183} INFO - Processing /home/leoja/airflow/airflow_venv/lib/python3.12/site-packages/airflow/example_dags/example_xcomargs.py took 0.056 seconds
[2025-07-10T11:24:44.597+0200] {processor.py:161} INFO - Started process (PID=53668) to work on /home/leoja/airflow/airflow_venv/lib/python3.12/site-packages/airflow/example_dags/example_xcomargs.py
[2025-07-10T11:24:44.599+0200] {processor.py:830} INFO - Processing file /home/leoja/airflow/airflow_venv/lib/python3.12/site-packages/airflow/example_dags/example_xcomargs.py for tasks to queue
[2025-07-10T11:24:44.599+0200] {logging_mixin.py:188} INFO - [2025-07-10T11:24:44.599+0200] {dagbag.py:540} INFO - Filling up the DagBag from /home/leoja/airflow/airflow_venv/lib/python3.12/site-packages/airflow/example_dags/example_xcomargs.py
[2025-07-10T11:24:44.606+0200] {processor.py:840} INFO - DAG(s) 'example_xcom_args_with_operators', 'example_xcom_args' retrieved from /home/leoja/airflow/airflow_venv/lib/python3.12/site-packages/airflow/example_dags/example_xcomargs.py
[2025-07-10T11:24:44.619+0200] {logging_mixin.py:188} INFO - [2025-07-10T11:24:44.619+0200] {dag.py:3096} INFO - Sync 2 DAGs
[2025-07-10T11:24:44.626+0200] {logging_mixin.py:188} INFO - [2025-07-10T11:24:44.626+0200] {dag.py:3954} INFO - Setting next_dagrun for example_xcom_args to None, run_after=None
[2025-07-10T11:24:44.628+0200] {logging_mixin.py:188} INFO - [2025-07-10T11:24:44.628+0200] {dag.py:3954} INFO - Setting next_dagrun for example_xcom_args_with_operators to None, run_after=None
[2025-07-10T11:24:44.647+0200] {processor.py:183} INFO - Processing /home/leoja/airflow/airflow_venv/lib/python3.12/site-packages/airflow/example_dags/example_xcomargs.py took 0.055 seconds
[2025-07-10T11:25:35.996+0200] {processor.py:161} INFO - Started process (PID=53952) to work on /home/leoja/airflow/airflow_venv/lib/python3.12/site-packages/airflow/example_dags/example_xcomargs.py
[2025-07-10T11:25:35.997+0200] {processor.py:830} INFO - Processing file /home/leoja/airflow/airflow_venv/lib/python3.12/site-packages/airflow/example_dags/example_xcomargs.py for tasks to queue
[2025-07-10T11:25:35.997+0200] {logging_mixin.py:188} INFO - [2025-07-10T11:25:35.997+0200] {dagbag.py:540} INFO - Filling up the DagBag from /home/leoja/airflow/airflow_venv/lib/python3.12/site-packages/airflow/example_dags/example_xcomargs.py
[2025-07-10T11:25:36.005+0200] {processor.py:840} INFO - DAG(s) 'example_xcom_args_with_operators', 'example_xcom_args' retrieved from /home/leoja/airflow/airflow_venv/lib/python3.12/site-packages/airflow/example_dags/example_xcomargs.py
[2025-07-10T11:25:36.025+0200] {logging_mixin.py:188} INFO - [2025-07-10T11:25:36.024+0200] {dag.py:3096} INFO - Sync 2 DAGs
[2025-07-10T11:25:36.037+0200] {logging_mixin.py:188} INFO - [2025-07-10T11:25:36.036+0200] {dag.py:3954} INFO - Setting next_dagrun for example_xcom_args to None, run_after=None
[2025-07-10T11:25:36.040+0200] {logging_mixin.py:188} INFO - [2025-07-10T11:25:36.040+0200] {dag.py:3954} INFO - Setting next_dagrun for example_xcom_args_with_operators to None, run_after=None
[2025-07-10T11:25:36.063+0200] {processor.py:183} INFO - Processing /home/leoja/airflow/airflow_venv/lib/python3.12/site-packages/airflow/example_dags/example_xcomargs.py took 0.072 seconds
[2025-07-10T11:26:29.131+0200] {processor.py:161} INFO - Started process (PID=54232) to work on /home/leoja/airflow/airflow_venv/lib/python3.12/site-packages/airflow/example_dags/example_xcomargs.py
[2025-07-10T11:26:29.132+0200] {processor.py:830} INFO - Processing file /home/leoja/airflow/airflow_venv/lib/python3.12/site-packages/airflow/example_dags/example_xcomargs.py for tasks to queue
[2025-07-10T11:26:29.133+0200] {logging_mixin.py:188} INFO - [2025-07-10T11:26:29.133+0200] {dagbag.py:540} INFO - Filling up the DagBag from /home/leoja/airflow/airflow_venv/lib/python3.12/site-packages/airflow/example_dags/example_xcomargs.py
[2025-07-10T11:26:29.140+0200] {processor.py:840} INFO - DAG(s) 'example_xcom_args', 'example_xcom_args_with_operators' retrieved from /home/leoja/airflow/airflow_venv/lib/python3.12/site-packages/airflow/example_dags/example_xcomargs.py
[2025-07-10T11:26:29.159+0200] {logging_mixin.py:188} INFO - [2025-07-10T11:26:29.159+0200] {dag.py:3096} INFO - Sync 2 DAGs
[2025-07-10T11:26:29.168+0200] {logging_mixin.py:188} INFO - [2025-07-10T11:26:29.168+0200] {dag.py:3954} INFO - Setting next_dagrun for example_xcom_args to None, run_after=None
[2025-07-10T11:26:29.170+0200] {logging_mixin.py:188} INFO - [2025-07-10T11:26:29.170+0200] {dag.py:3954} INFO - Setting next_dagrun for example_xcom_args_with_operators to None, run_after=None
[2025-07-10T11:26:29.193+0200] {processor.py:183} INFO - Processing /home/leoja/airflow/airflow_venv/lib/python3.12/site-packages/airflow/example_dags/example_xcomargs.py took 0.069 seconds
[2025-07-10T11:44:32.418+0200] {processor.py:161} INFO - Started process (PID=54554) to work on /home/leoja/airflow/airflow_venv/lib/python3.12/site-packages/airflow/example_dags/example_xcomargs.py
[2025-07-10T11:44:32.419+0200] {processor.py:830} INFO - Processing file /home/leoja/airflow/airflow_venv/lib/python3.12/site-packages/airflow/example_dags/example_xcomargs.py for tasks to queue
[2025-07-10T11:44:32.420+0200] {logging_mixin.py:188} INFO - [2025-07-10T11:44:32.420+0200] {dagbag.py:540} INFO - Filling up the DagBag from /home/leoja/airflow/airflow_venv/lib/python3.12/site-packages/airflow/example_dags/example_xcomargs.py
[2025-07-10T11:44:32.431+0200] {processor.py:840} INFO - DAG(s) 'example_xcom_args_with_operators', 'example_xcom_args' retrieved from /home/leoja/airflow/airflow_venv/lib/python3.12/site-packages/airflow/example_dags/example_xcomargs.py
[2025-07-10T11:44:32.455+0200] {logging_mixin.py:188} INFO - [2025-07-10T11:44:32.454+0200] {dag.py:3096} INFO - Sync 2 DAGs
[2025-07-10T11:44:32.469+0200] {logging_mixin.py:188} INFO - [2025-07-10T11:44:32.468+0200] {dag.py:3954} INFO - Setting next_dagrun for example_xcom_args to None, run_after=None
[2025-07-10T11:44:32.474+0200] {logging_mixin.py:188} INFO - [2025-07-10T11:44:32.474+0200] {dag.py:3954} INFO - Setting next_dagrun for example_xcom_args_with_operators to None, run_after=None
[2025-07-10T11:44:32.512+0200] {processor.py:183} INFO - Processing /home/leoja/airflow/airflow_venv/lib/python3.12/site-packages/airflow/example_dags/example_xcomargs.py took 0.102 seconds
[2025-07-10T11:45:46.555+0200] {processor.py:161} INFO - Started process (PID=54977) to work on /home/leoja/airflow/airflow_venv/lib/python3.12/site-packages/airflow/example_dags/example_xcomargs.py
[2025-07-10T11:45:46.557+0200] {processor.py:830} INFO - Processing file /home/leoja/airflow/airflow_venv/lib/python3.12/site-packages/airflow/example_dags/example_xcomargs.py for tasks to queue
[2025-07-10T11:45:46.559+0200] {logging_mixin.py:188} INFO - [2025-07-10T11:45:46.558+0200] {dagbag.py:540} INFO - Filling up the DagBag from /home/leoja/airflow/airflow_venv/lib/python3.12/site-packages/airflow/example_dags/example_xcomargs.py
[2025-07-10T11:45:46.570+0200] {processor.py:840} INFO - DAG(s) 'example_xcom_args', 'example_xcom_args_with_operators' retrieved from /home/leoja/airflow/airflow_venv/lib/python3.12/site-packages/airflow/example_dags/example_xcomargs.py
[2025-07-10T11:45:46.593+0200] {logging_mixin.py:188} INFO - [2025-07-10T11:45:46.593+0200] {dag.py:3096} INFO - Sync 2 DAGs
[2025-07-10T11:45:46.606+0200] {logging_mixin.py:188} INFO - [2025-07-10T11:45:46.606+0200] {dag.py:3954} INFO - Setting next_dagrun for example_xcom_args to None, run_after=None
[2025-07-10T11:45:46.609+0200] {logging_mixin.py:188} INFO - [2025-07-10T11:45:46.609+0200] {dag.py:3954} INFO - Setting next_dagrun for example_xcom_args_with_operators to None, run_after=None
[2025-07-10T11:45:46.637+0200] {processor.py:183} INFO - Processing /home/leoja/airflow/airflow_venv/lib/python3.12/site-packages/airflow/example_dags/example_xcomargs.py took 0.091 seconds
