[2025-07-10T11:11:18.911+0200] {processor.py:161} INFO - Started process (PID=49177) to work on /home/leoja/airflow/airflow_venv/lib/python3.12/site-packages/airflow/example_dags/example_setup_teardown_taskflow.py
[2025-07-10T11:11:18.911+0200] {processor.py:830} INFO - Processing file /home/leoja/airflow/airflow_venv/lib/python3.12/site-packages/airflow/example_dags/example_setup_teardown_taskflow.py for tasks to queue
[2025-07-10T11:11:18.912+0200] {logging_mixin.py:188} INFO - [2025-07-10T11:11:18.912+0200] {dagbag.py:540} INFO - Filling up the DagBag from /home/leoja/airflow/airflow_venv/lib/python3.12/site-packages/airflow/example_dags/example_setup_teardown_taskflow.py
[2025-07-10T11:11:18.919+0200] {processor.py:840} INFO - DAG(s) 'example_setup_teardown_taskflow' retrieved from /home/leoja/airflow/airflow_venv/lib/python3.12/site-packages/airflow/example_dags/example_setup_teardown_taskflow.py
[2025-07-10T11:11:18.932+0200] {logging_mixin.py:188} INFO - [2025-07-10T11:11:18.932+0200] {dag.py:3096} INFO - Sync 1 DAGs
[2025-07-10T11:11:18.945+0200] {logging_mixin.py:188} INFO - [2025-07-10T11:11:18.944+0200] {dag.py:3954} INFO - Setting next_dagrun for example_setup_teardown_taskflow to 2025-07-09 00:00:00+00:00, run_after=2025-07-10 00:00:00+00:00
[2025-07-10T11:11:18.966+0200] {processor.py:183} INFO - Processing /home/leoja/airflow/airflow_venv/lib/python3.12/site-packages/airflow/example_dags/example_setup_teardown_taskflow.py took 0.060 seconds
[2025-07-10T11:12:05.148+0200] {processor.py:161} INFO - Started process (PID=49459) to work on /home/leoja/airflow/airflow_venv/lib/python3.12/site-packages/airflow/example_dags/example_setup_teardown_taskflow.py
[2025-07-10T11:12:05.149+0200] {processor.py:830} INFO - Processing file /home/leoja/airflow/airflow_venv/lib/python3.12/site-packages/airflow/example_dags/example_setup_teardown_taskflow.py for tasks to queue
[2025-07-10T11:12:05.150+0200] {logging_mixin.py:188} INFO - [2025-07-10T11:12:05.150+0200] {dagbag.py:540} INFO - Filling up the DagBag from /home/leoja/airflow/airflow_venv/lib/python3.12/site-packages/airflow/example_dags/example_setup_teardown_taskflow.py
[2025-07-10T11:12:05.159+0200] {processor.py:840} INFO - DAG(s) 'example_setup_teardown_taskflow' retrieved from /home/leoja/airflow/airflow_venv/lib/python3.12/site-packages/airflow/example_dags/example_setup_teardown_taskflow.py
[2025-07-10T11:12:05.176+0200] {logging_mixin.py:188} INFO - [2025-07-10T11:12:05.176+0200] {dag.py:3096} INFO - Sync 1 DAGs
[2025-07-10T11:12:05.193+0200] {logging_mixin.py:188} INFO - [2025-07-10T11:12:05.192+0200] {dag.py:3954} INFO - Setting next_dagrun for example_setup_teardown_taskflow to 2025-07-09 00:00:00+00:00, run_after=2025-07-10 00:00:00+00:00
[2025-07-10T11:12:05.218+0200] {processor.py:183} INFO - Processing /home/leoja/airflow/airflow_venv/lib/python3.12/site-packages/airflow/example_dags/example_setup_teardown_taskflow.py took 0.075 seconds
[2025-07-10T11:13:00.756+0200] {processor.py:161} INFO - Started process (PID=49724) to work on /home/leoja/airflow/airflow_venv/lib/python3.12/site-packages/airflow/example_dags/example_setup_teardown_taskflow.py
[2025-07-10T11:13:00.757+0200] {processor.py:830} INFO - Processing file /home/leoja/airflow/airflow_venv/lib/python3.12/site-packages/airflow/example_dags/example_setup_teardown_taskflow.py for tasks to queue
[2025-07-10T11:13:00.758+0200] {logging_mixin.py:188} INFO - [2025-07-10T11:13:00.758+0200] {dagbag.py:540} INFO - Filling up the DagBag from /home/leoja/airflow/airflow_venv/lib/python3.12/site-packages/airflow/example_dags/example_setup_teardown_taskflow.py
[2025-07-10T11:13:00.765+0200] {processor.py:840} INFO - DAG(s) 'example_setup_teardown_taskflow' retrieved from /home/leoja/airflow/airflow_venv/lib/python3.12/site-packages/airflow/example_dags/example_setup_teardown_taskflow.py
[2025-07-10T11:13:00.777+0200] {logging_mixin.py:188} INFO - [2025-07-10T11:13:00.777+0200] {dag.py:3096} INFO - Sync 1 DAGs
[2025-07-10T11:13:00.791+0200] {logging_mixin.py:188} INFO - [2025-07-10T11:13:00.791+0200] {dag.py:3954} INFO - Setting next_dagrun for example_setup_teardown_taskflow to 2025-07-09 00:00:00+00:00, run_after=2025-07-10 00:00:00+00:00
[2025-07-10T11:13:00.813+0200] {processor.py:183} INFO - Processing /home/leoja/airflow/airflow_venv/lib/python3.12/site-packages/airflow/example_dags/example_setup_teardown_taskflow.py took 0.062 seconds
[2025-07-10T11:13:59.300+0200] {processor.py:161} INFO - Started process (PID=50141) to work on /home/leoja/airflow/airflow_venv/lib/python3.12/site-packages/airflow/example_dags/example_setup_teardown_taskflow.py
[2025-07-10T11:13:59.302+0200] {processor.py:830} INFO - Processing file /home/leoja/airflow/airflow_venv/lib/python3.12/site-packages/airflow/example_dags/example_setup_teardown_taskflow.py for tasks to queue
[2025-07-10T11:13:59.303+0200] {logging_mixin.py:188} INFO - [2025-07-10T11:13:59.303+0200] {dagbag.py:540} INFO - Filling up the DagBag from /home/leoja/airflow/airflow_venv/lib/python3.12/site-packages/airflow/example_dags/example_setup_teardown_taskflow.py
[2025-07-10T11:13:59.312+0200] {processor.py:840} INFO - DAG(s) 'example_setup_teardown_taskflow' retrieved from /home/leoja/airflow/airflow_venv/lib/python3.12/site-packages/airflow/example_dags/example_setup_teardown_taskflow.py
[2025-07-10T11:13:59.327+0200] {logging_mixin.py:188} INFO - [2025-07-10T11:13:59.327+0200] {dag.py:3096} INFO - Sync 1 DAGs
[2025-07-10T11:13:59.343+0200] {logging_mixin.py:188} INFO - [2025-07-10T11:13:59.343+0200] {dag.py:3954} INFO - Setting next_dagrun for example_setup_teardown_taskflow to 2025-07-09 00:00:00+00:00, run_after=2025-07-10 00:00:00+00:00
[2025-07-10T11:13:59.365+0200] {processor.py:183} INFO - Processing /home/leoja/airflow/airflow_venv/lib/python3.12/site-packages/airflow/example_dags/example_setup_teardown_taskflow.py took 0.069 seconds
[2025-07-10T11:14:53.356+0200] {processor.py:161} INFO - Started process (PID=50440) to work on /home/leoja/airflow/airflow_venv/lib/python3.12/site-packages/airflow/example_dags/example_setup_teardown_taskflow.py
[2025-07-10T11:14:53.358+0200] {processor.py:830} INFO - Processing file /home/leoja/airflow/airflow_venv/lib/python3.12/site-packages/airflow/example_dags/example_setup_teardown_taskflow.py for tasks to queue
[2025-07-10T11:14:53.359+0200] {logging_mixin.py:188} INFO - [2025-07-10T11:14:53.359+0200] {dagbag.py:540} INFO - Filling up the DagBag from /home/leoja/airflow/airflow_venv/lib/python3.12/site-packages/airflow/example_dags/example_setup_teardown_taskflow.py
[2025-07-10T11:14:53.370+0200] {processor.py:840} INFO - DAG(s) 'example_setup_teardown_taskflow' retrieved from /home/leoja/airflow/airflow_venv/lib/python3.12/site-packages/airflow/example_dags/example_setup_teardown_taskflow.py
[2025-07-10T11:14:53.385+0200] {logging_mixin.py:188} INFO - [2025-07-10T11:14:53.385+0200] {dag.py:3096} INFO - Sync 1 DAGs
[2025-07-10T11:14:53.403+0200] {logging_mixin.py:188} INFO - [2025-07-10T11:14:53.403+0200] {dag.py:3954} INFO - Setting next_dagrun for example_setup_teardown_taskflow to 2025-07-09 00:00:00+00:00, run_after=2025-07-10 00:00:00+00:00
[2025-07-10T11:14:53.444+0200] {processor.py:183} INFO - Processing /home/leoja/airflow/airflow_venv/lib/python3.12/site-packages/airflow/example_dags/example_setup_teardown_taskflow.py took 0.094 seconds
[2025-07-10T11:15:45.046+0200] {processor.py:161} INFO - Started process (PID=50676) to work on /home/leoja/airflow/airflow_venv/lib/python3.12/site-packages/airflow/example_dags/example_setup_teardown_taskflow.py
[2025-07-10T11:15:45.047+0200] {processor.py:830} INFO - Processing file /home/leoja/airflow/airflow_venv/lib/python3.12/site-packages/airflow/example_dags/example_setup_teardown_taskflow.py for tasks to queue
[2025-07-10T11:15:45.048+0200] {logging_mixin.py:188} INFO - [2025-07-10T11:15:45.048+0200] {dagbag.py:540} INFO - Filling up the DagBag from /home/leoja/airflow/airflow_venv/lib/python3.12/site-packages/airflow/example_dags/example_setup_teardown_taskflow.py
[2025-07-10T11:15:45.058+0200] {processor.py:840} INFO - DAG(s) 'example_setup_teardown_taskflow' retrieved from /home/leoja/airflow/airflow_venv/lib/python3.12/site-packages/airflow/example_dags/example_setup_teardown_taskflow.py
[2025-07-10T11:15:45.077+0200] {logging_mixin.py:188} INFO - [2025-07-10T11:15:45.077+0200] {dag.py:3096} INFO - Sync 1 DAGs
[2025-07-10T11:15:45.099+0200] {logging_mixin.py:188} INFO - [2025-07-10T11:15:45.099+0200] {dag.py:3954} INFO - Setting next_dagrun for example_setup_teardown_taskflow to 2025-07-09 00:00:00+00:00, run_after=2025-07-10 00:00:00+00:00
[2025-07-10T11:15:45.134+0200] {processor.py:183} INFO - Processing /home/leoja/airflow/airflow_venv/lib/python3.12/site-packages/airflow/example_dags/example_setup_teardown_taskflow.py took 0.094 seconds
[2025-07-10T11:16:40.259+0200] {processor.py:161} INFO - Started process (PID=51030) to work on /home/leoja/airflow/airflow_venv/lib/python3.12/site-packages/airflow/example_dags/example_setup_teardown_taskflow.py
[2025-07-10T11:16:40.261+0200] {processor.py:830} INFO - Processing file /home/leoja/airflow/airflow_venv/lib/python3.12/site-packages/airflow/example_dags/example_setup_teardown_taskflow.py for tasks to queue
[2025-07-10T11:16:40.262+0200] {logging_mixin.py:188} INFO - [2025-07-10T11:16:40.261+0200] {dagbag.py:540} INFO - Filling up the DagBag from /home/leoja/airflow/airflow_venv/lib/python3.12/site-packages/airflow/example_dags/example_setup_teardown_taskflow.py
[2025-07-10T11:16:40.271+0200] {processor.py:840} INFO - DAG(s) 'example_setup_teardown_taskflow' retrieved from /home/leoja/airflow/airflow_venv/lib/python3.12/site-packages/airflow/example_dags/example_setup_teardown_taskflow.py
[2025-07-10T11:16:40.282+0200] {logging_mixin.py:188} INFO - [2025-07-10T11:16:40.282+0200] {dag.py:3096} INFO - Sync 1 DAGs
[2025-07-10T11:16:40.295+0200] {logging_mixin.py:188} INFO - [2025-07-10T11:16:40.294+0200] {dag.py:3954} INFO - Setting next_dagrun for example_setup_teardown_taskflow to 2025-07-09 00:00:00+00:00, run_after=2025-07-10 00:00:00+00:00
[2025-07-10T11:16:40.318+0200] {processor.py:183} INFO - Processing /home/leoja/airflow/airflow_venv/lib/python3.12/site-packages/airflow/example_dags/example_setup_teardown_taskflow.py took 0.063 seconds
[2025-07-10T11:17:36.193+0200] {processor.py:161} INFO - Started process (PID=51316) to work on /home/leoja/airflow/airflow_venv/lib/python3.12/site-packages/airflow/example_dags/example_setup_teardown_taskflow.py
[2025-07-10T11:17:36.194+0200] {processor.py:830} INFO - Processing file /home/leoja/airflow/airflow_venv/lib/python3.12/site-packages/airflow/example_dags/example_setup_teardown_taskflow.py for tasks to queue
[2025-07-10T11:17:36.195+0200] {logging_mixin.py:188} INFO - [2025-07-10T11:17:36.195+0200] {dagbag.py:540} INFO - Filling up the DagBag from /home/leoja/airflow/airflow_venv/lib/python3.12/site-packages/airflow/example_dags/example_setup_teardown_taskflow.py
[2025-07-10T11:17:36.202+0200] {processor.py:840} INFO - DAG(s) 'example_setup_teardown_taskflow' retrieved from /home/leoja/airflow/airflow_venv/lib/python3.12/site-packages/airflow/example_dags/example_setup_teardown_taskflow.py
[2025-07-10T11:17:36.213+0200] {logging_mixin.py:188} INFO - [2025-07-10T11:17:36.213+0200] {dag.py:3096} INFO - Sync 1 DAGs
[2025-07-10T11:17:36.224+0200] {logging_mixin.py:188} INFO - [2025-07-10T11:17:36.224+0200] {dag.py:3954} INFO - Setting next_dagrun for example_setup_teardown_taskflow to 2025-07-09 00:00:00+00:00, run_after=2025-07-10 00:00:00+00:00
[2025-07-10T11:17:36.245+0200] {processor.py:183} INFO - Processing /home/leoja/airflow/airflow_venv/lib/python3.12/site-packages/airflow/example_dags/example_setup_teardown_taskflow.py took 0.057 seconds
[2025-07-10T11:18:28.253+0200] {processor.py:161} INFO - Started process (PID=51623) to work on /home/leoja/airflow/airflow_venv/lib/python3.12/site-packages/airflow/example_dags/example_setup_teardown_taskflow.py
[2025-07-10T11:18:28.255+0200] {processor.py:830} INFO - Processing file /home/leoja/airflow/airflow_venv/lib/python3.12/site-packages/airflow/example_dags/example_setup_teardown_taskflow.py for tasks to queue
[2025-07-10T11:18:28.255+0200] {logging_mixin.py:188} INFO - [2025-07-10T11:18:28.255+0200] {dagbag.py:540} INFO - Filling up the DagBag from /home/leoja/airflow/airflow_venv/lib/python3.12/site-packages/airflow/example_dags/example_setup_teardown_taskflow.py
[2025-07-10T11:18:28.265+0200] {processor.py:840} INFO - DAG(s) 'example_setup_teardown_taskflow' retrieved from /home/leoja/airflow/airflow_venv/lib/python3.12/site-packages/airflow/example_dags/example_setup_teardown_taskflow.py
[2025-07-10T11:18:28.278+0200] {logging_mixin.py:188} INFO - [2025-07-10T11:18:28.278+0200] {dag.py:3096} INFO - Sync 1 DAGs
[2025-07-10T11:18:28.290+0200] {logging_mixin.py:188} INFO - [2025-07-10T11:18:28.290+0200] {dag.py:3954} INFO - Setting next_dagrun for example_setup_teardown_taskflow to 2025-07-09 00:00:00+00:00, run_after=2025-07-10 00:00:00+00:00
[2025-07-10T11:18:28.309+0200] {processor.py:183} INFO - Processing /home/leoja/airflow/airflow_venv/lib/python3.12/site-packages/airflow/example_dags/example_setup_teardown_taskflow.py took 0.061 seconds
[2025-07-10T11:19:24.185+0200] {processor.py:161} INFO - Started process (PID=51949) to work on /home/leoja/airflow/airflow_venv/lib/python3.12/site-packages/airflow/example_dags/example_setup_teardown_taskflow.py
[2025-07-10T11:19:24.187+0200] {processor.py:830} INFO - Processing file /home/leoja/airflow/airflow_venv/lib/python3.12/site-packages/airflow/example_dags/example_setup_teardown_taskflow.py for tasks to queue
[2025-07-10T11:19:24.187+0200] {logging_mixin.py:188} INFO - [2025-07-10T11:19:24.187+0200] {dagbag.py:540} INFO - Filling up the DagBag from /home/leoja/airflow/airflow_venv/lib/python3.12/site-packages/airflow/example_dags/example_setup_teardown_taskflow.py
[2025-07-10T11:19:24.194+0200] {processor.py:840} INFO - DAG(s) 'example_setup_teardown_taskflow' retrieved from /home/leoja/airflow/airflow_venv/lib/python3.12/site-packages/airflow/example_dags/example_setup_teardown_taskflow.py
[2025-07-10T11:19:24.207+0200] {logging_mixin.py:188} INFO - [2025-07-10T11:19:24.206+0200] {dag.py:3096} INFO - Sync 1 DAGs
[2025-07-10T11:19:24.219+0200] {logging_mixin.py:188} INFO - [2025-07-10T11:19:24.219+0200] {dag.py:3954} INFO - Setting next_dagrun for example_setup_teardown_taskflow to 2025-07-09 00:00:00+00:00, run_after=2025-07-10 00:00:00+00:00
[2025-07-10T11:19:24.237+0200] {processor.py:183} INFO - Processing /home/leoja/airflow/airflow_venv/lib/python3.12/site-packages/airflow/example_dags/example_setup_teardown_taskflow.py took 0.057 seconds
[2025-07-10T11:20:15.933+0200] {processor.py:161} INFO - Started process (PID=52265) to work on /home/leoja/airflow/airflow_venv/lib/python3.12/site-packages/airflow/example_dags/example_setup_teardown_taskflow.py
[2025-07-10T11:20:15.935+0200] {processor.py:830} INFO - Processing file /home/leoja/airflow/airflow_venv/lib/python3.12/site-packages/airflow/example_dags/example_setup_teardown_taskflow.py for tasks to queue
[2025-07-10T11:20:15.936+0200] {logging_mixin.py:188} INFO - [2025-07-10T11:20:15.935+0200] {dagbag.py:540} INFO - Filling up the DagBag from /home/leoja/airflow/airflow_venv/lib/python3.12/site-packages/airflow/example_dags/example_setup_teardown_taskflow.py
[2025-07-10T11:20:15.943+0200] {processor.py:840} INFO - DAG(s) 'example_setup_teardown_taskflow' retrieved from /home/leoja/airflow/airflow_venv/lib/python3.12/site-packages/airflow/example_dags/example_setup_teardown_taskflow.py
[2025-07-10T11:20:15.954+0200] {logging_mixin.py:188} INFO - [2025-07-10T11:20:15.954+0200] {dag.py:3096} INFO - Sync 1 DAGs
[2025-07-10T11:20:15.966+0200] {logging_mixin.py:188} INFO - [2025-07-10T11:20:15.966+0200] {dag.py:3954} INFO - Setting next_dagrun for example_setup_teardown_taskflow to 2025-07-09 00:00:00+00:00, run_after=2025-07-10 00:00:00+00:00
[2025-07-10T11:20:15.990+0200] {processor.py:183} INFO - Processing /home/leoja/airflow/airflow_venv/lib/python3.12/site-packages/airflow/example_dags/example_setup_teardown_taskflow.py took 0.061 seconds
[2025-07-10T11:21:09.506+0200] {processor.py:161} INFO - Started process (PID=52539) to work on /home/leoja/airflow/airflow_venv/lib/python3.12/site-packages/airflow/example_dags/example_setup_teardown_taskflow.py
[2025-07-10T11:21:09.508+0200] {processor.py:830} INFO - Processing file /home/leoja/airflow/airflow_venv/lib/python3.12/site-packages/airflow/example_dags/example_setup_teardown_taskflow.py for tasks to queue
[2025-07-10T11:21:09.509+0200] {logging_mixin.py:188} INFO - [2025-07-10T11:21:09.509+0200] {dagbag.py:540} INFO - Filling up the DagBag from /home/leoja/airflow/airflow_venv/lib/python3.12/site-packages/airflow/example_dags/example_setup_teardown_taskflow.py
[2025-07-10T11:21:09.516+0200] {processor.py:840} INFO - DAG(s) 'example_setup_teardown_taskflow' retrieved from /home/leoja/airflow/airflow_venv/lib/python3.12/site-packages/airflow/example_dags/example_setup_teardown_taskflow.py
[2025-07-10T11:21:09.528+0200] {logging_mixin.py:188} INFO - [2025-07-10T11:21:09.528+0200] {dag.py:3096} INFO - Sync 1 DAGs
[2025-07-10T11:21:09.540+0200] {logging_mixin.py:188} INFO - [2025-07-10T11:21:09.540+0200] {dag.py:3954} INFO - Setting next_dagrun for example_setup_teardown_taskflow to 2025-07-09 00:00:00+00:00, run_after=2025-07-10 00:00:00+00:00
[2025-07-10T11:21:09.565+0200] {processor.py:183} INFO - Processing /home/leoja/airflow/airflow_venv/lib/python3.12/site-packages/airflow/example_dags/example_setup_teardown_taskflow.py took 0.064 seconds
[2025-07-10T11:21:57.977+0200] {processor.py:161} INFO - Started process (PID=52786) to work on /home/leoja/airflow/airflow_venv/lib/python3.12/site-packages/airflow/example_dags/example_setup_teardown_taskflow.py
[2025-07-10T11:21:57.978+0200] {processor.py:830} INFO - Processing file /home/leoja/airflow/airflow_venv/lib/python3.12/site-packages/airflow/example_dags/example_setup_teardown_taskflow.py for tasks to queue
[2025-07-10T11:21:57.979+0200] {logging_mixin.py:188} INFO - [2025-07-10T11:21:57.978+0200] {dagbag.py:540} INFO - Filling up the DagBag from /home/leoja/airflow/airflow_venv/lib/python3.12/site-packages/airflow/example_dags/example_setup_teardown_taskflow.py
[2025-07-10T11:21:57.986+0200] {processor.py:840} INFO - DAG(s) 'example_setup_teardown_taskflow' retrieved from /home/leoja/airflow/airflow_venv/lib/python3.12/site-packages/airflow/example_dags/example_setup_teardown_taskflow.py
[2025-07-10T11:21:58.000+0200] {logging_mixin.py:188} INFO - [2025-07-10T11:21:58.000+0200] {dag.py:3096} INFO - Sync 1 DAGs
[2025-07-10T11:21:58.013+0200] {logging_mixin.py:188} INFO - [2025-07-10T11:21:58.013+0200] {dag.py:3954} INFO - Setting next_dagrun for example_setup_teardown_taskflow to 2025-07-09 00:00:00+00:00, run_after=2025-07-10 00:00:00+00:00
[2025-07-10T11:21:58.031+0200] {processor.py:183} INFO - Processing /home/leoja/airflow/airflow_venv/lib/python3.12/site-packages/airflow/example_dags/example_setup_teardown_taskflow.py took 0.059 seconds
[2025-07-10T11:22:53.695+0200] {processor.py:161} INFO - Started process (PID=53094) to work on /home/leoja/airflow/airflow_venv/lib/python3.12/site-packages/airflow/example_dags/example_setup_teardown_taskflow.py
[2025-07-10T11:22:53.704+0200] {processor.py:830} INFO - Processing file /home/leoja/airflow/airflow_venv/lib/python3.12/site-packages/airflow/example_dags/example_setup_teardown_taskflow.py for tasks to queue
[2025-07-10T11:22:53.705+0200] {logging_mixin.py:188} INFO - [2025-07-10T11:22:53.704+0200] {dagbag.py:540} INFO - Filling up the DagBag from /home/leoja/airflow/airflow_venv/lib/python3.12/site-packages/airflow/example_dags/example_setup_teardown_taskflow.py
[2025-07-10T11:22:53.713+0200] {processor.py:840} INFO - DAG(s) 'example_setup_teardown_taskflow' retrieved from /home/leoja/airflow/airflow_venv/lib/python3.12/site-packages/airflow/example_dags/example_setup_teardown_taskflow.py
[2025-07-10T11:22:53.727+0200] {logging_mixin.py:188} INFO - [2025-07-10T11:22:53.726+0200] {dag.py:3096} INFO - Sync 1 DAGs
[2025-07-10T11:22:53.741+0200] {logging_mixin.py:188} INFO - [2025-07-10T11:22:53.741+0200] {dag.py:3954} INFO - Setting next_dagrun for example_setup_teardown_taskflow to 2025-07-09 00:00:00+00:00, run_after=2025-07-10 00:00:00+00:00
[2025-07-10T11:22:53.777+0200] {processor.py:183} INFO - Processing /home/leoja/airflow/airflow_venv/lib/python3.12/site-packages/airflow/example_dags/example_setup_teardown_taskflow.py took 0.088 seconds
[2025-07-10T11:23:45.972+0200] {processor.py:161} INFO - Started process (PID=53398) to work on /home/leoja/airflow/airflow_venv/lib/python3.12/site-packages/airflow/example_dags/example_setup_teardown_taskflow.py
[2025-07-10T11:23:45.973+0200] {processor.py:830} INFO - Processing file /home/leoja/airflow/airflow_venv/lib/python3.12/site-packages/airflow/example_dags/example_setup_teardown_taskflow.py for tasks to queue
[2025-07-10T11:23:45.974+0200] {logging_mixin.py:188} INFO - [2025-07-10T11:23:45.973+0200] {dagbag.py:540} INFO - Filling up the DagBag from /home/leoja/airflow/airflow_venv/lib/python3.12/site-packages/airflow/example_dags/example_setup_teardown_taskflow.py
[2025-07-10T11:23:45.981+0200] {processor.py:840} INFO - DAG(s) 'example_setup_teardown_taskflow' retrieved from /home/leoja/airflow/airflow_venv/lib/python3.12/site-packages/airflow/example_dags/example_setup_teardown_taskflow.py
[2025-07-10T11:23:45.993+0200] {logging_mixin.py:188} INFO - [2025-07-10T11:23:45.992+0200] {dag.py:3096} INFO - Sync 1 DAGs
[2025-07-10T11:23:46.006+0200] {logging_mixin.py:188} INFO - [2025-07-10T11:23:46.005+0200] {dag.py:3954} INFO - Setting next_dagrun for example_setup_teardown_taskflow to 2025-07-09 00:00:00+00:00, run_after=2025-07-10 00:00:00+00:00
[2025-07-10T11:23:46.024+0200] {processor.py:183} INFO - Processing /home/leoja/airflow/airflow_venv/lib/python3.12/site-packages/airflow/example_dags/example_setup_teardown_taskflow.py took 0.057 seconds
[2025-07-10T11:24:43.468+0200] {processor.py:161} INFO - Started process (PID=53645) to work on /home/leoja/airflow/airflow_venv/lib/python3.12/site-packages/airflow/example_dags/example_setup_teardown_taskflow.py
[2025-07-10T11:24:43.470+0200] {processor.py:830} INFO - Processing file /home/leoja/airflow/airflow_venv/lib/python3.12/site-packages/airflow/example_dags/example_setup_teardown_taskflow.py for tasks to queue
[2025-07-10T11:24:43.470+0200] {logging_mixin.py:188} INFO - [2025-07-10T11:24:43.470+0200] {dagbag.py:540} INFO - Filling up the DagBag from /home/leoja/airflow/airflow_venv/lib/python3.12/site-packages/airflow/example_dags/example_setup_teardown_taskflow.py
[2025-07-10T11:24:43.477+0200] {processor.py:840} INFO - DAG(s) 'example_setup_teardown_taskflow' retrieved from /home/leoja/airflow/airflow_venv/lib/python3.12/site-packages/airflow/example_dags/example_setup_teardown_taskflow.py
[2025-07-10T11:24:43.489+0200] {logging_mixin.py:188} INFO - [2025-07-10T11:24:43.489+0200] {dag.py:3096} INFO - Sync 1 DAGs
[2025-07-10T11:24:43.501+0200] {logging_mixin.py:188} INFO - [2025-07-10T11:24:43.501+0200] {dag.py:3954} INFO - Setting next_dagrun for example_setup_teardown_taskflow to 2025-07-09 00:00:00+00:00, run_after=2025-07-10 00:00:00+00:00
[2025-07-10T11:24:43.520+0200] {processor.py:183} INFO - Processing /home/leoja/airflow/airflow_venv/lib/python3.12/site-packages/airflow/example_dags/example_setup_teardown_taskflow.py took 0.057 seconds
[2025-07-10T11:25:34.865+0200] {processor.py:161} INFO - Started process (PID=53951) to work on /home/leoja/airflow/airflow_venv/lib/python3.12/site-packages/airflow/example_dags/example_setup_teardown_taskflow.py
[2025-07-10T11:25:34.867+0200] {processor.py:830} INFO - Processing file /home/leoja/airflow/airflow_venv/lib/python3.12/site-packages/airflow/example_dags/example_setup_teardown_taskflow.py for tasks to queue
[2025-07-10T11:25:34.867+0200] {logging_mixin.py:188} INFO - [2025-07-10T11:25:34.867+0200] {dagbag.py:540} INFO - Filling up the DagBag from /home/leoja/airflow/airflow_venv/lib/python3.12/site-packages/airflow/example_dags/example_setup_teardown_taskflow.py
[2025-07-10T11:25:34.875+0200] {processor.py:840} INFO - DAG(s) 'example_setup_teardown_taskflow' retrieved from /home/leoja/airflow/airflow_venv/lib/python3.12/site-packages/airflow/example_dags/example_setup_teardown_taskflow.py
[2025-07-10T11:25:34.887+0200] {logging_mixin.py:188} INFO - [2025-07-10T11:25:34.887+0200] {dag.py:3096} INFO - Sync 1 DAGs
[2025-07-10T11:25:34.900+0200] {logging_mixin.py:188} INFO - [2025-07-10T11:25:34.900+0200] {dag.py:3954} INFO - Setting next_dagrun for example_setup_teardown_taskflow to 2025-07-09 00:00:00+00:00, run_after=2025-07-10 00:00:00+00:00
[2025-07-10T11:25:34.921+0200] {processor.py:183} INFO - Processing /home/leoja/airflow/airflow_venv/lib/python3.12/site-packages/airflow/example_dags/example_setup_teardown_taskflow.py took 0.060 seconds
[2025-07-10T11:26:28.905+0200] {processor.py:161} INFO - Started process (PID=54230) to work on /home/leoja/airflow/airflow_venv/lib/python3.12/site-packages/airflow/example_dags/example_setup_teardown_taskflow.py
[2025-07-10T11:26:28.907+0200] {processor.py:830} INFO - Processing file /home/leoja/airflow/airflow_venv/lib/python3.12/site-packages/airflow/example_dags/example_setup_teardown_taskflow.py for tasks to queue
[2025-07-10T11:26:28.909+0200] {logging_mixin.py:188} INFO - [2025-07-10T11:26:28.908+0200] {dagbag.py:540} INFO - Filling up the DagBag from /home/leoja/airflow/airflow_venv/lib/python3.12/site-packages/airflow/example_dags/example_setup_teardown_taskflow.py
[2025-07-10T11:26:28.919+0200] {processor.py:840} INFO - DAG(s) 'example_setup_teardown_taskflow' retrieved from /home/leoja/airflow/airflow_venv/lib/python3.12/site-packages/airflow/example_dags/example_setup_teardown_taskflow.py
[2025-07-10T11:26:28.934+0200] {logging_mixin.py:188} INFO - [2025-07-10T11:26:28.933+0200] {dag.py:3096} INFO - Sync 1 DAGs
[2025-07-10T11:26:28.954+0200] {logging_mixin.py:188} INFO - [2025-07-10T11:26:28.954+0200] {dag.py:3954} INFO - Setting next_dagrun for example_setup_teardown_taskflow to 2025-07-09 00:00:00+00:00, run_after=2025-07-10 00:00:00+00:00
[2025-07-10T11:26:28.982+0200] {processor.py:183} INFO - Processing /home/leoja/airflow/airflow_venv/lib/python3.12/site-packages/airflow/example_dags/example_setup_teardown_taskflow.py took 0.086 seconds
[2025-07-10T11:44:31.055+0200] {processor.py:161} INFO - Started process (PID=54553) to work on /home/leoja/airflow/airflow_venv/lib/python3.12/site-packages/airflow/example_dags/example_setup_teardown_taskflow.py
[2025-07-10T11:44:31.059+0200] {processor.py:830} INFO - Processing file /home/leoja/airflow/airflow_venv/lib/python3.12/site-packages/airflow/example_dags/example_setup_teardown_taskflow.py for tasks to queue
[2025-07-10T11:44:31.062+0200] {logging_mixin.py:188} INFO - [2025-07-10T11:44:31.060+0200] {dagbag.py:540} INFO - Filling up the DagBag from /home/leoja/airflow/airflow_venv/lib/python3.12/site-packages/airflow/example_dags/example_setup_teardown_taskflow.py
[2025-07-10T11:44:31.080+0200] {processor.py:840} INFO - DAG(s) 'example_setup_teardown_taskflow' retrieved from /home/leoja/airflow/airflow_venv/lib/python3.12/site-packages/airflow/example_dags/example_setup_teardown_taskflow.py
[2025-07-10T11:44:31.133+0200] {logging_mixin.py:188} INFO - [2025-07-10T11:44:31.133+0200] {dag.py:3096} INFO - Sync 1 DAGs
[2025-07-10T11:44:31.198+0200] {logging_mixin.py:188} INFO - [2025-07-10T11:44:31.193+0200] {dag.py:3954} INFO - Setting next_dagrun for example_setup_teardown_taskflow to 2025-07-09 00:00:00+00:00, run_after=2025-07-10 00:00:00+00:00
[2025-07-10T11:44:31.291+0200] {processor.py:183} INFO - Processing /home/leoja/airflow/airflow_venv/lib/python3.12/site-packages/airflow/example_dags/example_setup_teardown_taskflow.py took 0.245 seconds
[2025-07-10T11:45:45.307+0200] {processor.py:161} INFO - Started process (PID=54976) to work on /home/leoja/airflow/airflow_venv/lib/python3.12/site-packages/airflow/example_dags/example_setup_teardown_taskflow.py
[2025-07-10T11:45:45.310+0200] {processor.py:830} INFO - Processing file /home/leoja/airflow/airflow_venv/lib/python3.12/site-packages/airflow/example_dags/example_setup_teardown_taskflow.py for tasks to queue
[2025-07-10T11:45:45.312+0200] {logging_mixin.py:188} INFO - [2025-07-10T11:45:45.311+0200] {dagbag.py:540} INFO - Filling up the DagBag from /home/leoja/airflow/airflow_venv/lib/python3.12/site-packages/airflow/example_dags/example_setup_teardown_taskflow.py
[2025-07-10T11:45:45.324+0200] {processor.py:840} INFO - DAG(s) 'example_setup_teardown_taskflow' retrieved from /home/leoja/airflow/airflow_venv/lib/python3.12/site-packages/airflow/example_dags/example_setup_teardown_taskflow.py
[2025-07-10T11:45:45.347+0200] {logging_mixin.py:188} INFO - [2025-07-10T11:45:45.347+0200] {dag.py:3096} INFO - Sync 1 DAGs
[2025-07-10T11:45:45.376+0200] {logging_mixin.py:188} INFO - [2025-07-10T11:45:45.376+0200] {dag.py:3954} INFO - Setting next_dagrun for example_setup_teardown_taskflow to 2025-07-09 00:00:00+00:00, run_after=2025-07-10 00:00:00+00:00
[2025-07-10T11:45:45.420+0200] {processor.py:183} INFO - Processing /home/leoja/airflow/airflow_venv/lib/python3.12/site-packages/airflow/example_dags/example_setup_teardown_taskflow.py took 0.120 seconds
