[2025-07-10T11:09:09.562+0200] {processor.py:161} INFO - Started process (PID=46805) to work on /home/leoja/airflow/airflow_venv/lib/python3.12/site-packages/airflow/example_dags/example_short_circuit_decorator.py
[2025-07-10T11:09:09.564+0200] {processor.py:830} INFO - Processing file /home/leoja/airflow/airflow_venv/lib/python3.12/site-packages/airflow/example_dags/example_short_circuit_decorator.py for tasks to queue
[2025-07-10T11:09:09.567+0200] {logging_mixin.py:188} INFO - [2025-07-10T11:09:09.565+0200] {dagbag.py:540} INFO - Filling up the DagBag from /home/leoja/airflow/airflow_venv/lib/python3.12/site-packages/airflow/example_dags/example_short_circuit_decorator.py
[2025-07-10T11:09:09.583+0200] {processor.py:840} INFO - DAG(s) 'example_short_circuit_decorator' retrieved from /home/leoja/airflow/airflow_venv/lib/python3.12/site-packages/airflow/example_dags/example_short_circuit_decorator.py
[2025-07-10T11:09:09.614+0200] {logging_mixin.py:188} INFO - [2025-07-10T11:09:09.613+0200] {dag.py:3096} INFO - Sync 1 DAGs
[2025-07-10T11:09:09.642+0200] {logging_mixin.py:188} INFO - [2025-07-10T11:09:09.642+0200] {dag.py:3954} INFO - Setting next_dagrun for example_short_circuit_decorator to 2025-07-09 00:00:00+00:00, run_after=2025-07-10 00:00:00+00:00
[2025-07-10T11:09:09.677+0200] {processor.py:183} INFO - Processing /home/leoja/airflow/airflow_venv/lib/python3.12/site-packages/airflow/example_dags/example_short_circuit_decorator.py took 0.126 seconds
[2025-07-10T11:11:21.176+0200] {processor.py:161} INFO - Started process (PID=49180) to work on /home/leoja/airflow/airflow_venv/lib/python3.12/site-packages/airflow/example_dags/example_short_circuit_decorator.py
[2025-07-10T11:11:21.177+0200] {processor.py:830} INFO - Processing file /home/leoja/airflow/airflow_venv/lib/python3.12/site-packages/airflow/example_dags/example_short_circuit_decorator.py for tasks to queue
[2025-07-10T11:11:21.178+0200] {logging_mixin.py:188} INFO - [2025-07-10T11:11:21.178+0200] {dagbag.py:540} INFO - Filling up the DagBag from /home/leoja/airflow/airflow_venv/lib/python3.12/site-packages/airflow/example_dags/example_short_circuit_decorator.py
[2025-07-10T11:11:21.189+0200] {processor.py:840} INFO - DAG(s) 'example_short_circuit_decorator' retrieved from /home/leoja/airflow/airflow_venv/lib/python3.12/site-packages/airflow/example_dags/example_short_circuit_decorator.py
[2025-07-10T11:11:21.204+0200] {logging_mixin.py:188} INFO - [2025-07-10T11:11:21.203+0200] {dag.py:3096} INFO - Sync 1 DAGs
[2025-07-10T11:11:21.220+0200] {logging_mixin.py:188} INFO - [2025-07-10T11:11:21.220+0200] {dag.py:3954} INFO - Setting next_dagrun for example_short_circuit_decorator to 2025-07-09 00:00:00+00:00, run_after=2025-07-10 00:00:00+00:00
[2025-07-10T11:11:21.250+0200] {processor.py:183} INFO - Processing /home/leoja/airflow/airflow_venv/lib/python3.12/site-packages/airflow/example_dags/example_short_circuit_decorator.py took 0.080 seconds
[2025-07-10T11:12:17.243+0200] {processor.py:161} INFO - Started process (PID=49496) to work on /home/leoja/airflow/airflow_venv/lib/python3.12/site-packages/airflow/example_dags/example_short_circuit_decorator.py
[2025-07-10T11:12:17.245+0200] {processor.py:830} INFO - Processing file /home/leoja/airflow/airflow_venv/lib/python3.12/site-packages/airflow/example_dags/example_short_circuit_decorator.py for tasks to queue
[2025-07-10T11:12:17.245+0200] {logging_mixin.py:188} INFO - [2025-07-10T11:12:17.245+0200] {dagbag.py:540} INFO - Filling up the DagBag from /home/leoja/airflow/airflow_venv/lib/python3.12/site-packages/airflow/example_dags/example_short_circuit_decorator.py
[2025-07-10T11:12:17.255+0200] {processor.py:840} INFO - DAG(s) 'example_short_circuit_decorator' retrieved from /home/leoja/airflow/airflow_venv/lib/python3.12/site-packages/airflow/example_dags/example_short_circuit_decorator.py
[2025-07-10T11:12:17.267+0200] {logging_mixin.py:188} INFO - [2025-07-10T11:12:17.267+0200] {dag.py:3096} INFO - Sync 1 DAGs
[2025-07-10T11:12:17.279+0200] {logging_mixin.py:188} INFO - [2025-07-10T11:12:17.279+0200] {dag.py:3954} INFO - Setting next_dagrun for example_short_circuit_decorator to 2025-07-09 00:00:00+00:00, run_after=2025-07-10 00:00:00+00:00
[2025-07-10T11:12:17.301+0200] {processor.py:183} INFO - Processing /home/leoja/airflow/airflow_venv/lib/python3.12/site-packages/airflow/example_dags/example_short_circuit_decorator.py took 0.062 seconds
[2025-07-10T11:13:09.961+0200] {processor.py:161} INFO - Started process (PID=49791) to work on /home/leoja/airflow/airflow_venv/lib/python3.12/site-packages/airflow/example_dags/example_short_circuit_decorator.py
[2025-07-10T11:13:09.963+0200] {processor.py:830} INFO - Processing file /home/leoja/airflow/airflow_venv/lib/python3.12/site-packages/airflow/example_dags/example_short_circuit_decorator.py for tasks to queue
[2025-07-10T11:13:09.963+0200] {logging_mixin.py:188} INFO - [2025-07-10T11:13:09.963+0200] {dagbag.py:540} INFO - Filling up the DagBag from /home/leoja/airflow/airflow_venv/lib/python3.12/site-packages/airflow/example_dags/example_short_circuit_decorator.py
[2025-07-10T11:13:09.976+0200] {processor.py:840} INFO - DAG(s) 'example_short_circuit_decorator' retrieved from /home/leoja/airflow/airflow_venv/lib/python3.12/site-packages/airflow/example_dags/example_short_circuit_decorator.py
[2025-07-10T11:13:09.998+0200] {logging_mixin.py:188} INFO - [2025-07-10T11:13:09.998+0200] {dag.py:3096} INFO - Sync 1 DAGs
[2025-07-10T11:13:10.017+0200] {logging_mixin.py:188} INFO - [2025-07-10T11:13:10.017+0200] {dag.py:3954} INFO - Setting next_dagrun for example_short_circuit_decorator to 2025-07-09 00:00:00+00:00, run_after=2025-07-10 00:00:00+00:00
[2025-07-10T11:13:10.035+0200] {processor.py:183} INFO - Processing /home/leoja/airflow/airflow_venv/lib/python3.12/site-packages/airflow/example_dags/example_short_circuit_decorator.py took 0.080 seconds
[2025-07-10T11:14:10.665+0200] {processor.py:161} INFO - Started process (PID=50179) to work on /home/leoja/airflow/airflow_venv/lib/python3.12/site-packages/airflow/example_dags/example_short_circuit_decorator.py
[2025-07-10T11:14:10.667+0200] {processor.py:830} INFO - Processing file /home/leoja/airflow/airflow_venv/lib/python3.12/site-packages/airflow/example_dags/example_short_circuit_decorator.py for tasks to queue
[2025-07-10T11:14:10.667+0200] {logging_mixin.py:188} INFO - [2025-07-10T11:14:10.667+0200] {dagbag.py:540} INFO - Filling up the DagBag from /home/leoja/airflow/airflow_venv/lib/python3.12/site-packages/airflow/example_dags/example_short_circuit_decorator.py
[2025-07-10T11:14:10.676+0200] {processor.py:840} INFO - DAG(s) 'example_short_circuit_decorator' retrieved from /home/leoja/airflow/airflow_venv/lib/python3.12/site-packages/airflow/example_dags/example_short_circuit_decorator.py
[2025-07-10T11:14:10.689+0200] {logging_mixin.py:188} INFO - [2025-07-10T11:14:10.688+0200] {dag.py:3096} INFO - Sync 1 DAGs
[2025-07-10T11:14:10.703+0200] {logging_mixin.py:188} INFO - [2025-07-10T11:14:10.702+0200] {dag.py:3954} INFO - Setting next_dagrun for example_short_circuit_decorator to 2025-07-09 00:00:00+00:00, run_after=2025-07-10 00:00:00+00:00
[2025-07-10T11:14:10.725+0200] {processor.py:183} INFO - Processing /home/leoja/airflow/airflow_venv/lib/python3.12/site-packages/airflow/example_dags/example_short_circuit_decorator.py took 0.064 seconds
[2025-07-10T11:15:02.153+0200] {processor.py:161} INFO - Started process (PID=50477) to work on /home/leoja/airflow/airflow_venv/lib/python3.12/site-packages/airflow/example_dags/example_short_circuit_decorator.py
[2025-07-10T11:15:02.155+0200] {processor.py:830} INFO - Processing file /home/leoja/airflow/airflow_venv/lib/python3.12/site-packages/airflow/example_dags/example_short_circuit_decorator.py for tasks to queue
[2025-07-10T11:15:02.156+0200] {logging_mixin.py:188} INFO - [2025-07-10T11:15:02.155+0200] {dagbag.py:540} INFO - Filling up the DagBag from /home/leoja/airflow/airflow_venv/lib/python3.12/site-packages/airflow/example_dags/example_short_circuit_decorator.py
[2025-07-10T11:15:02.163+0200] {processor.py:840} INFO - DAG(s) 'example_short_circuit_decorator' retrieved from /home/leoja/airflow/airflow_venv/lib/python3.12/site-packages/airflow/example_dags/example_short_circuit_decorator.py
[2025-07-10T11:15:02.177+0200] {logging_mixin.py:188} INFO - [2025-07-10T11:15:02.176+0200] {dag.py:3096} INFO - Sync 1 DAGs
[2025-07-10T11:15:02.189+0200] {logging_mixin.py:188} INFO - [2025-07-10T11:15:02.189+0200] {dag.py:3954} INFO - Setting next_dagrun for example_short_circuit_decorator to 2025-07-09 00:00:00+00:00, run_after=2025-07-10 00:00:00+00:00
[2025-07-10T11:15:02.210+0200] {processor.py:183} INFO - Processing /home/leoja/airflow/airflow_venv/lib/python3.12/site-packages/airflow/example_dags/example_short_circuit_decorator.py took 0.062 seconds
[2025-07-10T11:15:56.794+0200] {processor.py:161} INFO - Started process (PID=50741) to work on /home/leoja/airflow/airflow_venv/lib/python3.12/site-packages/airflow/example_dags/example_short_circuit_decorator.py
[2025-07-10T11:15:56.796+0200] {processor.py:830} INFO - Processing file /home/leoja/airflow/airflow_venv/lib/python3.12/site-packages/airflow/example_dags/example_short_circuit_decorator.py for tasks to queue
[2025-07-10T11:15:56.797+0200] {logging_mixin.py:188} INFO - [2025-07-10T11:15:56.796+0200] {dagbag.py:540} INFO - Filling up the DagBag from /home/leoja/airflow/airflow_venv/lib/python3.12/site-packages/airflow/example_dags/example_short_circuit_decorator.py
[2025-07-10T11:15:56.803+0200] {processor.py:840} INFO - DAG(s) 'example_short_circuit_decorator' retrieved from /home/leoja/airflow/airflow_venv/lib/python3.12/site-packages/airflow/example_dags/example_short_circuit_decorator.py
[2025-07-10T11:15:56.815+0200] {logging_mixin.py:188} INFO - [2025-07-10T11:15:56.814+0200] {dag.py:3096} INFO - Sync 1 DAGs
[2025-07-10T11:15:56.923+0200] {logging_mixin.py:188} INFO - [2025-07-10T11:15:56.923+0200] {dag.py:3954} INFO - Setting next_dagrun for example_short_circuit_decorator to 2025-07-09 00:00:00+00:00, run_after=2025-07-10 00:00:00+00:00
[2025-07-10T11:15:56.950+0200] {processor.py:183} INFO - Processing /home/leoja/airflow/airflow_venv/lib/python3.12/site-packages/airflow/example_dags/example_short_circuit_decorator.py took 0.160 seconds
[2025-07-10T11:16:54.686+0200] {processor.py:161} INFO - Started process (PID=51089) to work on /home/leoja/airflow/airflow_venv/lib/python3.12/site-packages/airflow/example_dags/example_short_circuit_decorator.py
[2025-07-10T11:16:54.692+0200] {processor.py:830} INFO - Processing file /home/leoja/airflow/airflow_venv/lib/python3.12/site-packages/airflow/example_dags/example_short_circuit_decorator.py for tasks to queue
[2025-07-10T11:16:54.693+0200] {logging_mixin.py:188} INFO - [2025-07-10T11:16:54.692+0200] {dagbag.py:540} INFO - Filling up the DagBag from /home/leoja/airflow/airflow_venv/lib/python3.12/site-packages/airflow/example_dags/example_short_circuit_decorator.py
[2025-07-10T11:16:54.704+0200] {processor.py:840} INFO - DAG(s) 'example_short_circuit_decorator' retrieved from /home/leoja/airflow/airflow_venv/lib/python3.12/site-packages/airflow/example_dags/example_short_circuit_decorator.py
[2025-07-10T11:16:54.720+0200] {logging_mixin.py:188} INFO - [2025-07-10T11:16:54.720+0200] {dag.py:3096} INFO - Sync 1 DAGs
[2025-07-10T11:16:54.736+0200] {logging_mixin.py:188} INFO - [2025-07-10T11:16:54.736+0200] {dag.py:3954} INFO - Setting next_dagrun for example_short_circuit_decorator to 2025-07-09 00:00:00+00:00, run_after=2025-07-10 00:00:00+00:00
[2025-07-10T11:16:54.785+0200] {processor.py:183} INFO - Processing /home/leoja/airflow/airflow_venv/lib/python3.12/site-packages/airflow/example_dags/example_short_circuit_decorator.py took 0.106 seconds
[2025-07-10T11:17:45.450+0200] {processor.py:161} INFO - Started process (PID=51380) to work on /home/leoja/airflow/airflow_venv/lib/python3.12/site-packages/airflow/example_dags/example_short_circuit_decorator.py
[2025-07-10T11:17:45.452+0200] {processor.py:830} INFO - Processing file /home/leoja/airflow/airflow_venv/lib/python3.12/site-packages/airflow/example_dags/example_short_circuit_decorator.py for tasks to queue
[2025-07-10T11:17:45.452+0200] {logging_mixin.py:188} INFO - [2025-07-10T11:17:45.452+0200] {dagbag.py:540} INFO - Filling up the DagBag from /home/leoja/airflow/airflow_venv/lib/python3.12/site-packages/airflow/example_dags/example_short_circuit_decorator.py
[2025-07-10T11:17:45.458+0200] {processor.py:840} INFO - DAG(s) 'example_short_circuit_decorator' retrieved from /home/leoja/airflow/airflow_venv/lib/python3.12/site-packages/airflow/example_dags/example_short_circuit_decorator.py
[2025-07-10T11:17:45.471+0200] {logging_mixin.py:188} INFO - [2025-07-10T11:17:45.471+0200] {dag.py:3096} INFO - Sync 1 DAGs
[2025-07-10T11:17:45.482+0200] {logging_mixin.py:188} INFO - [2025-07-10T11:17:45.482+0200] {dag.py:3954} INFO - Setting next_dagrun for example_short_circuit_decorator to 2025-07-09 00:00:00+00:00, run_after=2025-07-10 00:00:00+00:00
[2025-07-10T11:17:45.503+0200] {processor.py:183} INFO - Processing /home/leoja/airflow/airflow_venv/lib/python3.12/site-packages/airflow/example_dags/example_short_circuit_decorator.py took 0.057 seconds
[2025-07-10T11:18:42.061+0200] {processor.py:161} INFO - Started process (PID=51689) to work on /home/leoja/airflow/airflow_venv/lib/python3.12/site-packages/airflow/example_dags/example_short_circuit_decorator.py
[2025-07-10T11:18:42.063+0200] {processor.py:830} INFO - Processing file /home/leoja/airflow/airflow_venv/lib/python3.12/site-packages/airflow/example_dags/example_short_circuit_decorator.py for tasks to queue
[2025-07-10T11:18:42.063+0200] {logging_mixin.py:188} INFO - [2025-07-10T11:18:42.063+0200] {dagbag.py:540} INFO - Filling up the DagBag from /home/leoja/airflow/airflow_venv/lib/python3.12/site-packages/airflow/example_dags/example_short_circuit_decorator.py
[2025-07-10T11:18:42.071+0200] {processor.py:840} INFO - DAG(s) 'example_short_circuit_decorator' retrieved from /home/leoja/airflow/airflow_venv/lib/python3.12/site-packages/airflow/example_dags/example_short_circuit_decorator.py
[2025-07-10T11:18:42.088+0200] {logging_mixin.py:188} INFO - [2025-07-10T11:18:42.087+0200] {dag.py:3096} INFO - Sync 1 DAGs
[2025-07-10T11:18:42.103+0200] {logging_mixin.py:188} INFO - [2025-07-10T11:18:42.103+0200] {dag.py:3954} INFO - Setting next_dagrun for example_short_circuit_decorator to 2025-07-09 00:00:00+00:00, run_after=2025-07-10 00:00:00+00:00
[2025-07-10T11:18:42.123+0200] {processor.py:183} INFO - Processing /home/leoja/airflow/airflow_venv/lib/python3.12/site-packages/airflow/example_dags/example_short_circuit_decorator.py took 0.068 seconds
[2025-07-10T11:19:33.766+0200] {processor.py:161} INFO - Started process (PID=52018) to work on /home/leoja/airflow/airflow_venv/lib/python3.12/site-packages/airflow/example_dags/example_short_circuit_decorator.py
[2025-07-10T11:19:33.767+0200] {processor.py:830} INFO - Processing file /home/leoja/airflow/airflow_venv/lib/python3.12/site-packages/airflow/example_dags/example_short_circuit_decorator.py for tasks to queue
[2025-07-10T11:19:33.768+0200] {logging_mixin.py:188} INFO - [2025-07-10T11:19:33.768+0200] {dagbag.py:540} INFO - Filling up the DagBag from /home/leoja/airflow/airflow_venv/lib/python3.12/site-packages/airflow/example_dags/example_short_circuit_decorator.py
[2025-07-10T11:19:33.775+0200] {processor.py:840} INFO - DAG(s) 'example_short_circuit_decorator' retrieved from /home/leoja/airflow/airflow_venv/lib/python3.12/site-packages/airflow/example_dags/example_short_circuit_decorator.py
[2025-07-10T11:19:33.786+0200] {logging_mixin.py:188} INFO - [2025-07-10T11:19:33.786+0200] {dag.py:3096} INFO - Sync 1 DAGs
[2025-07-10T11:19:33.798+0200] {logging_mixin.py:188} INFO - [2025-07-10T11:19:33.798+0200] {dag.py:3954} INFO - Setting next_dagrun for example_short_circuit_decorator to 2025-07-09 00:00:00+00:00, run_after=2025-07-10 00:00:00+00:00
[2025-07-10T11:19:33.821+0200] {processor.py:183} INFO - Processing /home/leoja/airflow/airflow_venv/lib/python3.12/site-packages/airflow/example_dags/example_short_circuit_decorator.py took 0.060 seconds
[2025-07-10T11:20:29.451+0200] {processor.py:161} INFO - Started process (PID=52299) to work on /home/leoja/airflow/airflow_venv/lib/python3.12/site-packages/airflow/example_dags/example_short_circuit_decorator.py
[2025-07-10T11:20:29.453+0200] {processor.py:830} INFO - Processing file /home/leoja/airflow/airflow_venv/lib/python3.12/site-packages/airflow/example_dags/example_short_circuit_decorator.py for tasks to queue
[2025-07-10T11:20:29.454+0200] {logging_mixin.py:188} INFO - [2025-07-10T11:20:29.454+0200] {dagbag.py:540} INFO - Filling up the DagBag from /home/leoja/airflow/airflow_venv/lib/python3.12/site-packages/airflow/example_dags/example_short_circuit_decorator.py
[2025-07-10T11:20:29.461+0200] {processor.py:840} INFO - DAG(s) 'example_short_circuit_decorator' retrieved from /home/leoja/airflow/airflow_venv/lib/python3.12/site-packages/airflow/example_dags/example_short_circuit_decorator.py
[2025-07-10T11:20:29.474+0200] {logging_mixin.py:188} INFO - [2025-07-10T11:20:29.474+0200] {dag.py:3096} INFO - Sync 1 DAGs
[2025-07-10T11:20:29.487+0200] {logging_mixin.py:188} INFO - [2025-07-10T11:20:29.487+0200] {dag.py:3954} INFO - Setting next_dagrun for example_short_circuit_decorator to 2025-07-09 00:00:00+00:00, run_after=2025-07-10 00:00:00+00:00
[2025-07-10T11:20:29.505+0200] {processor.py:183} INFO - Processing /home/leoja/airflow/airflow_venv/lib/python3.12/site-packages/airflow/example_dags/example_short_circuit_decorator.py took 0.058 seconds
[2025-07-10T11:21:17.019+0200] {processor.py:161} INFO - Started process (PID=52599) to work on /home/leoja/airflow/airflow_venv/lib/python3.12/site-packages/airflow/example_dags/example_short_circuit_decorator.py
[2025-07-10T11:21:17.021+0200] {processor.py:830} INFO - Processing file /home/leoja/airflow/airflow_venv/lib/python3.12/site-packages/airflow/example_dags/example_short_circuit_decorator.py for tasks to queue
[2025-07-10T11:21:17.022+0200] {logging_mixin.py:188} INFO - [2025-07-10T11:21:17.022+0200] {dagbag.py:540} INFO - Filling up the DagBag from /home/leoja/airflow/airflow_venv/lib/python3.12/site-packages/airflow/example_dags/example_short_circuit_decorator.py
[2025-07-10T11:21:17.032+0200] {processor.py:840} INFO - DAG(s) 'example_short_circuit_decorator' retrieved from /home/leoja/airflow/airflow_venv/lib/python3.12/site-packages/airflow/example_dags/example_short_circuit_decorator.py
[2025-07-10T11:21:17.056+0200] {logging_mixin.py:188} INFO - [2025-07-10T11:21:17.056+0200] {dag.py:3096} INFO - Sync 1 DAGs
[2025-07-10T11:21:17.083+0200] {logging_mixin.py:188} INFO - [2025-07-10T11:21:17.083+0200] {dag.py:3954} INFO - Setting next_dagrun for example_short_circuit_decorator to 2025-07-09 00:00:00+00:00, run_after=2025-07-10 00:00:00+00:00
[2025-07-10T11:21:17.110+0200] {processor.py:183} INFO - Processing /home/leoja/airflow/airflow_venv/lib/python3.12/site-packages/airflow/example_dags/example_short_circuit_decorator.py took 0.098 seconds
[2025-07-10T11:22:11.284+0200] {processor.py:161} INFO - Started process (PID=52855) to work on /home/leoja/airflow/airflow_venv/lib/python3.12/site-packages/airflow/example_dags/example_short_circuit_decorator.py
[2025-07-10T11:22:11.286+0200] {processor.py:830} INFO - Processing file /home/leoja/airflow/airflow_venv/lib/python3.12/site-packages/airflow/example_dags/example_short_circuit_decorator.py for tasks to queue
[2025-07-10T11:22:11.287+0200] {logging_mixin.py:188} INFO - [2025-07-10T11:22:11.286+0200] {dagbag.py:540} INFO - Filling up the DagBag from /home/leoja/airflow/airflow_venv/lib/python3.12/site-packages/airflow/example_dags/example_short_circuit_decorator.py
[2025-07-10T11:22:11.293+0200] {processor.py:840} INFO - DAG(s) 'example_short_circuit_decorator' retrieved from /home/leoja/airflow/airflow_venv/lib/python3.12/site-packages/airflow/example_dags/example_short_circuit_decorator.py
[2025-07-10T11:22:11.304+0200] {logging_mixin.py:188} INFO - [2025-07-10T11:22:11.304+0200] {dag.py:3096} INFO - Sync 1 DAGs
[2025-07-10T11:22:11.315+0200] {logging_mixin.py:188} INFO - [2025-07-10T11:22:11.315+0200] {dag.py:3954} INFO - Setting next_dagrun for example_short_circuit_decorator to 2025-07-09 00:00:00+00:00, run_after=2025-07-10 00:00:00+00:00
[2025-07-10T11:22:11.334+0200] {processor.py:183} INFO - Processing /home/leoja/airflow/airflow_venv/lib/python3.12/site-packages/airflow/example_dags/example_short_circuit_decorator.py took 0.055 seconds
[2025-07-10T11:23:01.851+0200] {processor.py:161} INFO - Started process (PID=53158) to work on /home/leoja/airflow/airflow_venv/lib/python3.12/site-packages/airflow/example_dags/example_short_circuit_decorator.py
[2025-07-10T11:23:01.873+0200] {processor.py:830} INFO - Processing file /home/leoja/airflow/airflow_venv/lib/python3.12/site-packages/airflow/example_dags/example_short_circuit_decorator.py for tasks to queue
[2025-07-10T11:23:01.874+0200] {logging_mixin.py:188} INFO - [2025-07-10T11:23:01.874+0200] {dagbag.py:540} INFO - Filling up the DagBag from /home/leoja/airflow/airflow_venv/lib/python3.12/site-packages/airflow/example_dags/example_short_circuit_decorator.py
[2025-07-10T11:23:01.883+0200] {processor.py:840} INFO - DAG(s) 'example_short_circuit_decorator' retrieved from /home/leoja/airflow/airflow_venv/lib/python3.12/site-packages/airflow/example_dags/example_short_circuit_decorator.py
[2025-07-10T11:23:01.897+0200] {logging_mixin.py:188} INFO - [2025-07-10T11:23:01.897+0200] {dag.py:3096} INFO - Sync 1 DAGs
[2025-07-10T11:23:01.913+0200] {logging_mixin.py:188} INFO - [2025-07-10T11:23:01.913+0200] {dag.py:3954} INFO - Setting next_dagrun for example_short_circuit_decorator to 2025-07-09 00:00:00+00:00, run_after=2025-07-10 00:00:00+00:00
[2025-07-10T11:23:01.952+0200] {processor.py:183} INFO - Processing /home/leoja/airflow/airflow_venv/lib/python3.12/site-packages/airflow/example_dags/example_short_circuit_decorator.py took 0.105 seconds
[2025-07-10T11:24:01.397+0200] {processor.py:161} INFO - Started process (PID=53455) to work on /home/leoja/airflow/airflow_venv/lib/python3.12/site-packages/airflow/example_dags/example_short_circuit_decorator.py
[2025-07-10T11:24:01.398+0200] {processor.py:830} INFO - Processing file /home/leoja/airflow/airflow_venv/lib/python3.12/site-packages/airflow/example_dags/example_short_circuit_decorator.py for tasks to queue
[2025-07-10T11:24:01.399+0200] {logging_mixin.py:188} INFO - [2025-07-10T11:24:01.399+0200] {dagbag.py:540} INFO - Filling up the DagBag from /home/leoja/airflow/airflow_venv/lib/python3.12/site-packages/airflow/example_dags/example_short_circuit_decorator.py
[2025-07-10T11:24:01.407+0200] {processor.py:840} INFO - DAG(s) 'example_short_circuit_decorator' retrieved from /home/leoja/airflow/airflow_venv/lib/python3.12/site-packages/airflow/example_dags/example_short_circuit_decorator.py
[2025-07-10T11:24:01.420+0200] {logging_mixin.py:188} INFO - [2025-07-10T11:24:01.420+0200] {dag.py:3096} INFO - Sync 1 DAGs
[2025-07-10T11:24:01.438+0200] {logging_mixin.py:188} INFO - [2025-07-10T11:24:01.438+0200] {dag.py:3954} INFO - Setting next_dagrun for example_short_circuit_decorator to 2025-07-09 00:00:00+00:00, run_after=2025-07-10 00:00:00+00:00
[2025-07-10T11:24:01.456+0200] {processor.py:183} INFO - Processing /home/leoja/airflow/airflow_venv/lib/python3.12/site-packages/airflow/example_dags/example_short_circuit_decorator.py took 0.064 seconds
[2025-07-10T11:24:51.532+0200] {processor.py:161} INFO - Started process (PID=53708) to work on /home/leoja/airflow/airflow_venv/lib/python3.12/site-packages/airflow/example_dags/example_short_circuit_decorator.py
[2025-07-10T11:24:51.534+0200] {processor.py:830} INFO - Processing file /home/leoja/airflow/airflow_venv/lib/python3.12/site-packages/airflow/example_dags/example_short_circuit_decorator.py for tasks to queue
[2025-07-10T11:24:51.535+0200] {logging_mixin.py:188} INFO - [2025-07-10T11:24:51.534+0200] {dagbag.py:540} INFO - Filling up the DagBag from /home/leoja/airflow/airflow_venv/lib/python3.12/site-packages/airflow/example_dags/example_short_circuit_decorator.py
[2025-07-10T11:24:51.543+0200] {processor.py:840} INFO - DAG(s) 'example_short_circuit_decorator' retrieved from /home/leoja/airflow/airflow_venv/lib/python3.12/site-packages/airflow/example_dags/example_short_circuit_decorator.py
[2025-07-10T11:24:51.558+0200] {logging_mixin.py:188} INFO - [2025-07-10T11:24:51.558+0200] {dag.py:3096} INFO - Sync 1 DAGs
[2025-07-10T11:24:51.574+0200] {logging_mixin.py:188} INFO - [2025-07-10T11:24:51.574+0200] {dag.py:3954} INFO - Setting next_dagrun for example_short_circuit_decorator to 2025-07-09 00:00:00+00:00, run_after=2025-07-10 00:00:00+00:00
[2025-07-10T11:24:51.597+0200] {processor.py:183} INFO - Processing /home/leoja/airflow/airflow_venv/lib/python3.12/site-packages/airflow/example_dags/example_short_circuit_decorator.py took 0.071 seconds
[2025-07-10T11:25:46.799+0200] {processor.py:161} INFO - Started process (PID=53985) to work on /home/leoja/airflow/airflow_venv/lib/python3.12/site-packages/airflow/example_dags/example_short_circuit_decorator.py
[2025-07-10T11:25:46.810+0200] {processor.py:830} INFO - Processing file /home/leoja/airflow/airflow_venv/lib/python3.12/site-packages/airflow/example_dags/example_short_circuit_decorator.py for tasks to queue
[2025-07-10T11:25:46.811+0200] {logging_mixin.py:188} INFO - [2025-07-10T11:25:46.811+0200] {dagbag.py:540} INFO - Filling up the DagBag from /home/leoja/airflow/airflow_venv/lib/python3.12/site-packages/airflow/example_dags/example_short_circuit_decorator.py
[2025-07-10T11:25:46.820+0200] {processor.py:840} INFO - DAG(s) 'example_short_circuit_decorator' retrieved from /home/leoja/airflow/airflow_venv/lib/python3.12/site-packages/airflow/example_dags/example_short_circuit_decorator.py
[2025-07-10T11:25:46.832+0200] {logging_mixin.py:188} INFO - [2025-07-10T11:25:46.832+0200] {dag.py:3096} INFO - Sync 1 DAGs
[2025-07-10T11:25:46.852+0200] {logging_mixin.py:188} INFO - [2025-07-10T11:25:46.851+0200] {dag.py:3954} INFO - Setting next_dagrun for example_short_circuit_decorator to 2025-07-09 00:00:00+00:00, run_after=2025-07-10 00:00:00+00:00
[2025-07-10T11:25:46.876+0200] {processor.py:183} INFO - Processing /home/leoja/airflow/airflow_venv/lib/python3.12/site-packages/airflow/example_dags/example_short_circuit_decorator.py took 0.082 seconds
[2025-07-10T11:26:35.177+0200] {processor.py:161} INFO - Started process (PID=54292) to work on /home/leoja/airflow/airflow_venv/lib/python3.12/site-packages/airflow/example_dags/example_short_circuit_decorator.py
[2025-07-10T11:26:35.179+0200] {processor.py:830} INFO - Processing file /home/leoja/airflow/airflow_venv/lib/python3.12/site-packages/airflow/example_dags/example_short_circuit_decorator.py for tasks to queue
[2025-07-10T11:26:35.180+0200] {logging_mixin.py:188} INFO - [2025-07-10T11:26:35.179+0200] {dagbag.py:540} INFO - Filling up the DagBag from /home/leoja/airflow/airflow_venv/lib/python3.12/site-packages/airflow/example_dags/example_short_circuit_decorator.py
[2025-07-10T11:26:35.188+0200] {processor.py:840} INFO - DAG(s) 'example_short_circuit_decorator' retrieved from /home/leoja/airflow/airflow_venv/lib/python3.12/site-packages/airflow/example_dags/example_short_circuit_decorator.py
[2025-07-10T11:26:35.204+0200] {logging_mixin.py:188} INFO - [2025-07-10T11:26:35.204+0200] {dag.py:3096} INFO - Sync 1 DAGs
[2025-07-10T11:26:35.219+0200] {logging_mixin.py:188} INFO - [2025-07-10T11:26:35.219+0200] {dag.py:3954} INFO - Setting next_dagrun for example_short_circuit_decorator to 2025-07-09 00:00:00+00:00, run_after=2025-07-10 00:00:00+00:00
[2025-07-10T11:26:35.243+0200] {processor.py:183} INFO - Processing /home/leoja/airflow/airflow_venv/lib/python3.12/site-packages/airflow/example_dags/example_short_circuit_decorator.py took 0.070 seconds
[2025-07-10T11:45:05.573+0200] {processor.py:161} INFO - Started process (PID=54747) to work on /home/leoja/airflow/airflow_venv/lib/python3.12/site-packages/airflow/example_dags/example_short_circuit_decorator.py
[2025-07-10T11:45:05.575+0200] {processor.py:830} INFO - Processing file /home/leoja/airflow/airflow_venv/lib/python3.12/site-packages/airflow/example_dags/example_short_circuit_decorator.py for tasks to queue
[2025-07-10T11:45:05.575+0200] {logging_mixin.py:188} INFO - [2025-07-10T11:45:05.575+0200] {dagbag.py:540} INFO - Filling up the DagBag from /home/leoja/airflow/airflow_venv/lib/python3.12/site-packages/airflow/example_dags/example_short_circuit_decorator.py
[2025-07-10T11:45:05.585+0200] {processor.py:840} INFO - DAG(s) 'example_short_circuit_decorator' retrieved from /home/leoja/airflow/airflow_venv/lib/python3.12/site-packages/airflow/example_dags/example_short_circuit_decorator.py
[2025-07-10T11:45:05.605+0200] {logging_mixin.py:188} INFO - [2025-07-10T11:45:05.604+0200] {dag.py:3096} INFO - Sync 1 DAGs
[2025-07-10T11:45:05.629+0200] {logging_mixin.py:188} INFO - [2025-07-10T11:45:05.629+0200] {dag.py:3954} INFO - Setting next_dagrun for example_short_circuit_decorator to 2025-07-09 00:00:00+00:00, run_after=2025-07-10 00:00:00+00:00
[2025-07-10T11:45:05.655+0200] {processor.py:183} INFO - Processing /home/leoja/airflow/airflow_venv/lib/python3.12/site-packages/airflow/example_dags/example_short_circuit_decorator.py took 0.087 seconds
[2025-07-10T11:46:01.910+0200] {processor.py:161} INFO - Started process (PID=55055) to work on /home/leoja/airflow/airflow_venv/lib/python3.12/site-packages/airflow/example_dags/example_short_circuit_decorator.py
[2025-07-10T11:46:01.911+0200] {processor.py:830} INFO - Processing file /home/leoja/airflow/airflow_venv/lib/python3.12/site-packages/airflow/example_dags/example_short_circuit_decorator.py for tasks to queue
[2025-07-10T11:46:01.912+0200] {logging_mixin.py:188} INFO - [2025-07-10T11:46:01.912+0200] {dagbag.py:540} INFO - Filling up the DagBag from /home/leoja/airflow/airflow_venv/lib/python3.12/site-packages/airflow/example_dags/example_short_circuit_decorator.py
[2025-07-10T11:46:01.921+0200] {processor.py:840} INFO - DAG(s) 'example_short_circuit_decorator' retrieved from /home/leoja/airflow/airflow_venv/lib/python3.12/site-packages/airflow/example_dags/example_short_circuit_decorator.py
[2025-07-10T11:46:01.935+0200] {logging_mixin.py:188} INFO - [2025-07-10T11:46:01.935+0200] {dag.py:3096} INFO - Sync 1 DAGs
[2025-07-10T11:46:01.951+0200] {logging_mixin.py:188} INFO - [2025-07-10T11:46:01.951+0200] {dag.py:3954} INFO - Setting next_dagrun for example_short_circuit_decorator to 2025-07-09 00:00:00+00:00, run_after=2025-07-10 00:00:00+00:00
[2025-07-10T11:46:01.978+0200] {processor.py:183} INFO - Processing /home/leoja/airflow/airflow_venv/lib/python3.12/site-packages/airflow/example_dags/example_short_circuit_decorator.py took 0.074 seconds
