[2025-07-10T11:11:03.407+0200] {processor.py:161} INFO - Started process (PID=49066) to work on /home/leoja/airflow/airflow_venv/lib/python3.12/site-packages/airflow/example_dags/example_branch_datetime_operator.py
[2025-07-10T11:11:03.407+0200] {processor.py:830} INFO - Processing file /home/leoja/airflow/airflow_venv/lib/python3.12/site-packages/airflow/example_dags/example_branch_datetime_operator.py for tasks to queue
[2025-07-10T11:11:03.408+0200] {logging_mixin.py:188} INFO - [2025-07-10T11:11:03.408+0200] {dagbag.py:540} INFO - Filling up the DagBag from /home/leoja/airflow/airflow_venv/lib/python3.12/site-packages/airflow/example_dags/example_branch_datetime_operator.py
[2025-07-10T11:11:03.417+0200] {processor.py:840} INFO - DAG(s) 'example_branch_datetime_operator', 'example_branch_datetime_operator_3', 'example_branch_datetime_operator_2' retrieved from /home/leoja/airflow/airflow_venv/lib/python3.12/site-packages/airflow/example_dags/example_branch_datetime_operator.py
[2025-07-10T11:11:03.434+0200] {logging_mixin.py:188} INFO - [2025-07-10T11:11:03.434+0200] {dag.py:3096} INFO - Sync 3 DAGs
[2025-07-10T11:11:03.452+0200] {logging_mixin.py:188} INFO - [2025-07-10T11:11:03.451+0200] {dag.py:3954} INFO - Setting next_dagrun for example_branch_datetime_operator to 2025-07-09 00:00:00+00:00, run_after=2025-07-10 00:00:00+00:00
[2025-07-10T11:11:03.455+0200] {logging_mixin.py:188} INFO - [2025-07-10T11:11:03.455+0200] {dag.py:3954} INFO - Setting next_dagrun for example_branch_datetime_operator_2 to 2025-07-09 00:00:00+00:00, run_after=2025-07-10 00:00:00+00:00
[2025-07-10T11:11:03.456+0200] {logging_mixin.py:188} INFO - [2025-07-10T11:11:03.456+0200] {dag.py:3954} INFO - Setting next_dagrun for example_branch_datetime_operator_3 to 2025-07-09 00:00:00+00:00, run_after=2025-07-10 00:00:00+00:00
[2025-07-10T11:11:03.501+0200] {processor.py:183} INFO - Processing /home/leoja/airflow/airflow_venv/lib/python3.12/site-packages/airflow/example_dags/example_branch_datetime_operator.py took 0.100 seconds
[2025-07-10T11:12:14.991+0200] {processor.py:161} INFO - Started process (PID=49491) to work on /home/leoja/airflow/airflow_venv/lib/python3.12/site-packages/airflow/example_dags/example_branch_datetime_operator.py
[2025-07-10T11:12:14.992+0200] {processor.py:830} INFO - Processing file /home/leoja/airflow/airflow_venv/lib/python3.12/site-packages/airflow/example_dags/example_branch_datetime_operator.py for tasks to queue
[2025-07-10T11:12:14.993+0200] {logging_mixin.py:188} INFO - [2025-07-10T11:12:14.993+0200] {dagbag.py:540} INFO - Filling up the DagBag from /home/leoja/airflow/airflow_venv/lib/python3.12/site-packages/airflow/example_dags/example_branch_datetime_operator.py
[2025-07-10T11:12:14.999+0200] {processor.py:840} INFO - DAG(s) 'example_branch_datetime_operator_2', 'example_branch_datetime_operator', 'example_branch_datetime_operator_3' retrieved from /home/leoja/airflow/airflow_venv/lib/python3.12/site-packages/airflow/example_dags/example_branch_datetime_operator.py
[2025-07-10T11:12:15.014+0200] {logging_mixin.py:188} INFO - [2025-07-10T11:12:15.014+0200] {dag.py:3096} INFO - Sync 3 DAGs
[2025-07-10T11:12:15.028+0200] {logging_mixin.py:188} INFO - [2025-07-10T11:12:15.028+0200] {dag.py:3954} INFO - Setting next_dagrun for example_branch_datetime_operator to 2025-07-09 00:00:00+00:00, run_after=2025-07-10 00:00:00+00:00
[2025-07-10T11:12:15.031+0200] {logging_mixin.py:188} INFO - [2025-07-10T11:12:15.031+0200] {dag.py:3954} INFO - Setting next_dagrun for example_branch_datetime_operator_2 to 2025-07-09 00:00:00+00:00, run_after=2025-07-10 00:00:00+00:00
[2025-07-10T11:12:15.032+0200] {logging_mixin.py:188} INFO - [2025-07-10T11:12:15.032+0200] {dag.py:3954} INFO - Setting next_dagrun for example_branch_datetime_operator_3 to 2025-07-09 00:00:00+00:00, run_after=2025-07-10 00:00:00+00:00
[2025-07-10T11:12:15.050+0200] {processor.py:183} INFO - Processing /home/leoja/airflow/airflow_venv/lib/python3.12/site-packages/airflow/example_dags/example_branch_datetime_operator.py took 0.064 seconds
[2025-07-10T11:13:37.004+0200] {processor.py:161} INFO - Started process (PID=49962) to work on /home/leoja/airflow/airflow_venv/lib/python3.12/site-packages/airflow/example_dags/example_branch_datetime_operator.py
[2025-07-10T11:13:37.008+0200] {processor.py:830} INFO - Processing file /home/leoja/airflow/airflow_venv/lib/python3.12/site-packages/airflow/example_dags/example_branch_datetime_operator.py for tasks to queue
[2025-07-10T11:13:37.009+0200] {logging_mixin.py:188} INFO - [2025-07-10T11:13:37.009+0200] {dagbag.py:540} INFO - Filling up the DagBag from /home/leoja/airflow/airflow_venv/lib/python3.12/site-packages/airflow/example_dags/example_branch_datetime_operator.py
[2025-07-10T11:13:37.017+0200] {processor.py:840} INFO - DAG(s) 'example_branch_datetime_operator_3', 'example_branch_datetime_operator', 'example_branch_datetime_operator_2' retrieved from /home/leoja/airflow/airflow_venv/lib/python3.12/site-packages/airflow/example_dags/example_branch_datetime_operator.py
[2025-07-10T11:13:37.034+0200] {logging_mixin.py:188} INFO - [2025-07-10T11:13:37.033+0200] {dag.py:3096} INFO - Sync 3 DAGs
[2025-07-10T11:13:37.047+0200] {logging_mixin.py:188} INFO - [2025-07-10T11:13:37.047+0200] {dag.py:3954} INFO - Setting next_dagrun for example_branch_datetime_operator to 2025-07-09 00:00:00+00:00, run_after=2025-07-10 00:00:00+00:00
[2025-07-10T11:13:37.050+0200] {logging_mixin.py:188} INFO - [2025-07-10T11:13:37.050+0200] {dag.py:3954} INFO - Setting next_dagrun for example_branch_datetime_operator_2 to 2025-07-09 00:00:00+00:00, run_after=2025-07-10 00:00:00+00:00
[2025-07-10T11:13:37.051+0200] {logging_mixin.py:188} INFO - [2025-07-10T11:13:37.051+0200] {dag.py:3954} INFO - Setting next_dagrun for example_branch_datetime_operator_3 to 2025-07-09 00:00:00+00:00, run_after=2025-07-10 00:00:00+00:00
[2025-07-10T11:13:37.167+0200] {processor.py:183} INFO - Processing /home/leoja/airflow/airflow_venv/lib/python3.12/site-packages/airflow/example_dags/example_branch_datetime_operator.py took 0.168 seconds
[2025-07-10T11:14:37.717+0200] {processor.py:161} INFO - Started process (PID=50302) to work on /home/leoja/airflow/airflow_venv/lib/python3.12/site-packages/airflow/example_dags/example_branch_datetime_operator.py
[2025-07-10T11:14:37.719+0200] {processor.py:830} INFO - Processing file /home/leoja/airflow/airflow_venv/lib/python3.12/site-packages/airflow/example_dags/example_branch_datetime_operator.py for tasks to queue
[2025-07-10T11:14:37.719+0200] {logging_mixin.py:188} INFO - [2025-07-10T11:14:37.719+0200] {dagbag.py:540} INFO - Filling up the DagBag from /home/leoja/airflow/airflow_venv/lib/python3.12/site-packages/airflow/example_dags/example_branch_datetime_operator.py
[2025-07-10T11:14:37.729+0200] {processor.py:840} INFO - DAG(s) 'example_branch_datetime_operator_3', 'example_branch_datetime_operator', 'example_branch_datetime_operator_2' retrieved from /home/leoja/airflow/airflow_venv/lib/python3.12/site-packages/airflow/example_dags/example_branch_datetime_operator.py
[2025-07-10T11:14:37.757+0200] {logging_mixin.py:188} INFO - [2025-07-10T11:14:37.756+0200] {dag.py:3096} INFO - Sync 3 DAGs
[2025-07-10T11:14:37.794+0200] {logging_mixin.py:188} INFO - [2025-07-10T11:14:37.793+0200] {dag.py:3954} INFO - Setting next_dagrun for example_branch_datetime_operator to 2025-07-09 00:00:00+00:00, run_after=2025-07-10 00:00:00+00:00
[2025-07-10T11:14:37.798+0200] {logging_mixin.py:188} INFO - [2025-07-10T11:14:37.798+0200] {dag.py:3954} INFO - Setting next_dagrun for example_branch_datetime_operator_2 to 2025-07-09 00:00:00+00:00, run_after=2025-07-10 00:00:00+00:00
[2025-07-10T11:14:37.799+0200] {logging_mixin.py:188} INFO - [2025-07-10T11:14:37.799+0200] {dag.py:3954} INFO - Setting next_dagrun for example_branch_datetime_operator_3 to 2025-07-09 00:00:00+00:00, run_after=2025-07-10 00:00:00+00:00
[2025-07-10T11:14:37.850+0200] {processor.py:183} INFO - Processing /home/leoja/airflow/airflow_venv/lib/python3.12/site-packages/airflow/example_dags/example_branch_datetime_operator.py took 0.139 seconds
[2025-07-10T11:15:54.364+0200] {processor.py:161} INFO - Started process (PID=50739) to work on /home/leoja/airflow/airflow_venv/lib/python3.12/site-packages/airflow/example_dags/example_branch_datetime_operator.py
[2025-07-10T11:15:54.366+0200] {processor.py:830} INFO - Processing file /home/leoja/airflow/airflow_venv/lib/python3.12/site-packages/airflow/example_dags/example_branch_datetime_operator.py for tasks to queue
[2025-07-10T11:15:54.367+0200] {logging_mixin.py:188} INFO - [2025-07-10T11:15:54.367+0200] {dagbag.py:540} INFO - Filling up the DagBag from /home/leoja/airflow/airflow_venv/lib/python3.12/site-packages/airflow/example_dags/example_branch_datetime_operator.py
[2025-07-10T11:15:54.375+0200] {processor.py:840} INFO - DAG(s) 'example_branch_datetime_operator_3', 'example_branch_datetime_operator_2', 'example_branch_datetime_operator' retrieved from /home/leoja/airflow/airflow_venv/lib/python3.12/site-packages/airflow/example_dags/example_branch_datetime_operator.py
[2025-07-10T11:15:54.394+0200] {logging_mixin.py:188} INFO - [2025-07-10T11:15:54.394+0200] {dag.py:3096} INFO - Sync 3 DAGs
[2025-07-10T11:15:54.413+0200] {logging_mixin.py:188} INFO - [2025-07-10T11:15:54.413+0200] {dag.py:3954} INFO - Setting next_dagrun for example_branch_datetime_operator to 2025-07-09 00:00:00+00:00, run_after=2025-07-10 00:00:00+00:00
[2025-07-10T11:15:54.537+0200] {logging_mixin.py:188} INFO - [2025-07-10T11:15:54.537+0200] {dag.py:3954} INFO - Setting next_dagrun for example_branch_datetime_operator_2 to 2025-07-09 00:00:00+00:00, run_after=2025-07-10 00:00:00+00:00
[2025-07-10T11:15:54.539+0200] {logging_mixin.py:188} INFO - [2025-07-10T11:15:54.538+0200] {dag.py:3954} INFO - Setting next_dagrun for example_branch_datetime_operator_3 to 2025-07-09 00:00:00+00:00, run_after=2025-07-10 00:00:00+00:00
[2025-07-10T11:15:54.566+0200] {processor.py:183} INFO - Processing /home/leoja/airflow/airflow_venv/lib/python3.12/site-packages/airflow/example_dags/example_branch_datetime_operator.py took 0.209 seconds
[2025-07-10T11:17:13.044+0200] {processor.py:161} INFO - Started process (PID=51210) to work on /home/leoja/airflow/airflow_venv/lib/python3.12/site-packages/airflow/example_dags/example_branch_datetime_operator.py
[2025-07-10T11:17:13.045+0200] {processor.py:830} INFO - Processing file /home/leoja/airflow/airflow_venv/lib/python3.12/site-packages/airflow/example_dags/example_branch_datetime_operator.py for tasks to queue
[2025-07-10T11:17:13.046+0200] {logging_mixin.py:188} INFO - [2025-07-10T11:17:13.046+0200] {dagbag.py:540} INFO - Filling up the DagBag from /home/leoja/airflow/airflow_venv/lib/python3.12/site-packages/airflow/example_dags/example_branch_datetime_operator.py
[2025-07-10T11:17:13.053+0200] {processor.py:840} INFO - DAG(s) 'example_branch_datetime_operator_3', 'example_branch_datetime_operator_2', 'example_branch_datetime_operator' retrieved from /home/leoja/airflow/airflow_venv/lib/python3.12/site-packages/airflow/example_dags/example_branch_datetime_operator.py
[2025-07-10T11:17:13.071+0200] {logging_mixin.py:188} INFO - [2025-07-10T11:17:13.071+0200] {dag.py:3096} INFO - Sync 3 DAGs
[2025-07-10T11:17:13.086+0200] {logging_mixin.py:188} INFO - [2025-07-10T11:17:13.086+0200] {dag.py:3954} INFO - Setting next_dagrun for example_branch_datetime_operator to 2025-07-09 00:00:00+00:00, run_after=2025-07-10 00:00:00+00:00
[2025-07-10T11:17:13.090+0200] {logging_mixin.py:188} INFO - [2025-07-10T11:17:13.089+0200] {dag.py:3954} INFO - Setting next_dagrun for example_branch_datetime_operator_2 to 2025-07-09 00:00:00+00:00, run_after=2025-07-10 00:00:00+00:00
[2025-07-10T11:17:13.091+0200] {logging_mixin.py:188} INFO - [2025-07-10T11:17:13.091+0200] {dag.py:3954} INFO - Setting next_dagrun for example_branch_datetime_operator_3 to 2025-07-09 00:00:00+00:00, run_after=2025-07-10 00:00:00+00:00
[2025-07-10T11:17:13.108+0200] {processor.py:183} INFO - Processing /home/leoja/airflow/airflow_venv/lib/python3.12/site-packages/airflow/example_dags/example_branch_datetime_operator.py took 0.071 seconds
[2025-07-10T11:18:10.071+0200] {processor.py:161} INFO - Started process (PID=51542) to work on /home/leoja/airflow/airflow_venv/lib/python3.12/site-packages/airflow/example_dags/example_branch_datetime_operator.py
[2025-07-10T11:18:10.073+0200] {processor.py:830} INFO - Processing file /home/leoja/airflow/airflow_venv/lib/python3.12/site-packages/airflow/example_dags/example_branch_datetime_operator.py for tasks to queue
[2025-07-10T11:18:10.073+0200] {logging_mixin.py:188} INFO - [2025-07-10T11:18:10.073+0200] {dagbag.py:540} INFO - Filling up the DagBag from /home/leoja/airflow/airflow_venv/lib/python3.12/site-packages/airflow/example_dags/example_branch_datetime_operator.py
[2025-07-10T11:18:10.081+0200] {processor.py:840} INFO - DAG(s) 'example_branch_datetime_operator_3', 'example_branch_datetime_operator_2', 'example_branch_datetime_operator' retrieved from /home/leoja/airflow/airflow_venv/lib/python3.12/site-packages/airflow/example_dags/example_branch_datetime_operator.py
[2025-07-10T11:18:10.099+0200] {logging_mixin.py:188} INFO - [2025-07-10T11:18:10.099+0200] {dag.py:3096} INFO - Sync 3 DAGs
[2025-07-10T11:18:10.118+0200] {logging_mixin.py:188} INFO - [2025-07-10T11:18:10.118+0200] {dag.py:3954} INFO - Setting next_dagrun for example_branch_datetime_operator to 2025-07-09 00:00:00+00:00, run_after=2025-07-10 00:00:00+00:00
[2025-07-10T11:18:10.121+0200] {logging_mixin.py:188} INFO - [2025-07-10T11:18:10.120+0200] {dag.py:3954} INFO - Setting next_dagrun for example_branch_datetime_operator_2 to 2025-07-09 00:00:00+00:00, run_after=2025-07-10 00:00:00+00:00
[2025-07-10T11:18:10.122+0200] {logging_mixin.py:188} INFO - [2025-07-10T11:18:10.122+0200] {dag.py:3954} INFO - Setting next_dagrun for example_branch_datetime_operator_3 to 2025-07-09 00:00:00+00:00, run_after=2025-07-10 00:00:00+00:00
[2025-07-10T11:18:10.150+0200] {processor.py:183} INFO - Processing /home/leoja/airflow/airflow_venv/lib/python3.12/site-packages/airflow/example_dags/example_branch_datetime_operator.py took 0.085 seconds
[2025-07-10T11:19:04.032+0200] {processor.py:161} INFO - Started process (PID=51869) to work on /home/leoja/airflow/airflow_venv/lib/python3.12/site-packages/airflow/example_dags/example_branch_datetime_operator.py
[2025-07-10T11:19:04.034+0200] {processor.py:830} INFO - Processing file /home/leoja/airflow/airflow_venv/lib/python3.12/site-packages/airflow/example_dags/example_branch_datetime_operator.py for tasks to queue
[2025-07-10T11:19:04.034+0200] {logging_mixin.py:188} INFO - [2025-07-10T11:19:04.034+0200] {dagbag.py:540} INFO - Filling up the DagBag from /home/leoja/airflow/airflow_venv/lib/python3.12/site-packages/airflow/example_dags/example_branch_datetime_operator.py
[2025-07-10T11:19:04.044+0200] {processor.py:840} INFO - DAG(s) 'example_branch_datetime_operator_3', 'example_branch_datetime_operator', 'example_branch_datetime_operator_2' retrieved from /home/leoja/airflow/airflow_venv/lib/python3.12/site-packages/airflow/example_dags/example_branch_datetime_operator.py
[2025-07-10T11:19:04.060+0200] {logging_mixin.py:188} INFO - [2025-07-10T11:19:04.060+0200] {dag.py:3096} INFO - Sync 3 DAGs
[2025-07-10T11:19:04.073+0200] {logging_mixin.py:188} INFO - [2025-07-10T11:19:04.073+0200] {dag.py:3954} INFO - Setting next_dagrun for example_branch_datetime_operator to 2025-07-09 00:00:00+00:00, run_after=2025-07-10 00:00:00+00:00
[2025-07-10T11:19:04.076+0200] {logging_mixin.py:188} INFO - [2025-07-10T11:19:04.075+0200] {dag.py:3954} INFO - Setting next_dagrun for example_branch_datetime_operator_2 to 2025-07-09 00:00:00+00:00, run_after=2025-07-10 00:00:00+00:00
[2025-07-10T11:19:04.077+0200] {logging_mixin.py:188} INFO - [2025-07-10T11:19:04.076+0200] {dag.py:3954} INFO - Setting next_dagrun for example_branch_datetime_operator_3 to 2025-07-09 00:00:00+00:00, run_after=2025-07-10 00:00:00+00:00
[2025-07-10T11:19:04.095+0200] {processor.py:183} INFO - Processing /home/leoja/airflow/airflow_venv/lib/python3.12/site-packages/airflow/example_dags/example_branch_datetime_operator.py took 0.067 seconds
[2025-07-10T11:20:27.397+0200] {processor.py:161} INFO - Started process (PID=52296) to work on /home/leoja/airflow/airflow_venv/lib/python3.12/site-packages/airflow/example_dags/example_branch_datetime_operator.py
[2025-07-10T11:20:27.398+0200] {processor.py:830} INFO - Processing file /home/leoja/airflow/airflow_venv/lib/python3.12/site-packages/airflow/example_dags/example_branch_datetime_operator.py for tasks to queue
[2025-07-10T11:20:27.399+0200] {logging_mixin.py:188} INFO - [2025-07-10T11:20:27.399+0200] {dagbag.py:540} INFO - Filling up the DagBag from /home/leoja/airflow/airflow_venv/lib/python3.12/site-packages/airflow/example_dags/example_branch_datetime_operator.py
[2025-07-10T11:20:27.406+0200] {processor.py:840} INFO - DAG(s) 'example_branch_datetime_operator_3', 'example_branch_datetime_operator', 'example_branch_datetime_operator_2' retrieved from /home/leoja/airflow/airflow_venv/lib/python3.12/site-packages/airflow/example_dags/example_branch_datetime_operator.py
[2025-07-10T11:20:27.421+0200] {logging_mixin.py:188} INFO - [2025-07-10T11:20:27.421+0200] {dag.py:3096} INFO - Sync 3 DAGs
[2025-07-10T11:20:27.434+0200] {logging_mixin.py:188} INFO - [2025-07-10T11:20:27.434+0200] {dag.py:3954} INFO - Setting next_dagrun for example_branch_datetime_operator to 2025-07-09 00:00:00+00:00, run_after=2025-07-10 00:00:00+00:00
[2025-07-10T11:20:27.436+0200] {logging_mixin.py:188} INFO - [2025-07-10T11:20:27.436+0200] {dag.py:3954} INFO - Setting next_dagrun for example_branch_datetime_operator_2 to 2025-07-09 00:00:00+00:00, run_after=2025-07-10 00:00:00+00:00
[2025-07-10T11:20:27.437+0200] {logging_mixin.py:188} INFO - [2025-07-10T11:20:27.437+0200] {dag.py:3954} INFO - Setting next_dagrun for example_branch_datetime_operator_3 to 2025-07-09 00:00:00+00:00, run_after=2025-07-10 00:00:00+00:00
[2025-07-10T11:20:27.454+0200] {processor.py:183} INFO - Processing /home/leoja/airflow/airflow_venv/lib/python3.12/site-packages/airflow/example_dags/example_branch_datetime_operator.py took 0.061 seconds
[2025-07-10T11:21:40.392+0200] {processor.py:161} INFO - Started process (PID=52705) to work on /home/leoja/airflow/airflow_venv/lib/python3.12/site-packages/airflow/example_dags/example_branch_datetime_operator.py
[2025-07-10T11:21:40.394+0200] {processor.py:830} INFO - Processing file /home/leoja/airflow/airflow_venv/lib/python3.12/site-packages/airflow/example_dags/example_branch_datetime_operator.py for tasks to queue
[2025-07-10T11:21:40.396+0200] {logging_mixin.py:188} INFO - [2025-07-10T11:21:40.395+0200] {dagbag.py:540} INFO - Filling up the DagBag from /home/leoja/airflow/airflow_venv/lib/python3.12/site-packages/airflow/example_dags/example_branch_datetime_operator.py
[2025-07-10T11:21:40.403+0200] {processor.py:840} INFO - DAG(s) 'example_branch_datetime_operator', 'example_branch_datetime_operator_3', 'example_branch_datetime_operator_2' retrieved from /home/leoja/airflow/airflow_venv/lib/python3.12/site-packages/airflow/example_dags/example_branch_datetime_operator.py
[2025-07-10T11:21:40.420+0200] {logging_mixin.py:188} INFO - [2025-07-10T11:21:40.420+0200] {dag.py:3096} INFO - Sync 3 DAGs
[2025-07-10T11:21:40.436+0200] {logging_mixin.py:188} INFO - [2025-07-10T11:21:40.436+0200] {dag.py:3954} INFO - Setting next_dagrun for example_branch_datetime_operator to 2025-07-09 00:00:00+00:00, run_after=2025-07-10 00:00:00+00:00
[2025-07-10T11:21:40.439+0200] {logging_mixin.py:188} INFO - [2025-07-10T11:21:40.439+0200] {dag.py:3954} INFO - Setting next_dagrun for example_branch_datetime_operator_2 to 2025-07-09 00:00:00+00:00, run_after=2025-07-10 00:00:00+00:00
[2025-07-10T11:21:40.440+0200] {logging_mixin.py:188} INFO - [2025-07-10T11:21:40.440+0200] {dag.py:3954} INFO - Setting next_dagrun for example_branch_datetime_operator_3 to 2025-07-09 00:00:00+00:00, run_after=2025-07-10 00:00:00+00:00
[2025-07-10T11:21:40.457+0200] {processor.py:183} INFO - Processing /home/leoja/airflow/airflow_venv/lib/python3.12/site-packages/airflow/example_dags/example_branch_datetime_operator.py took 0.069 seconds
[2025-07-10T11:22:32.970+0200] {processor.py:161} INFO - Started process (PID=53015) to work on /home/leoja/airflow/airflow_venv/lib/python3.12/site-packages/airflow/example_dags/example_branch_datetime_operator.py
[2025-07-10T11:22:32.972+0200] {processor.py:830} INFO - Processing file /home/leoja/airflow/airflow_venv/lib/python3.12/site-packages/airflow/example_dags/example_branch_datetime_operator.py for tasks to queue
[2025-07-10T11:22:32.973+0200] {logging_mixin.py:188} INFO - [2025-07-10T11:22:32.972+0200] {dagbag.py:540} INFO - Filling up the DagBag from /home/leoja/airflow/airflow_venv/lib/python3.12/site-packages/airflow/example_dags/example_branch_datetime_operator.py
[2025-07-10T11:22:32.980+0200] {processor.py:840} INFO - DAG(s) 'example_branch_datetime_operator_3', 'example_branch_datetime_operator_2', 'example_branch_datetime_operator' retrieved from /home/leoja/airflow/airflow_venv/lib/python3.12/site-packages/airflow/example_dags/example_branch_datetime_operator.py
[2025-07-10T11:22:32.999+0200] {logging_mixin.py:188} INFO - [2025-07-10T11:22:32.999+0200] {dag.py:3096} INFO - Sync 3 DAGs
[2025-07-10T11:22:33.015+0200] {logging_mixin.py:188} INFO - [2025-07-10T11:22:33.015+0200] {dag.py:3954} INFO - Setting next_dagrun for example_branch_datetime_operator to 2025-07-09 00:00:00+00:00, run_after=2025-07-10 00:00:00+00:00
[2025-07-10T11:22:33.018+0200] {logging_mixin.py:188} INFO - [2025-07-10T11:22:33.018+0200] {dag.py:3954} INFO - Setting next_dagrun for example_branch_datetime_operator_2 to 2025-07-09 00:00:00+00:00, run_after=2025-07-10 00:00:00+00:00
[2025-07-10T11:22:33.020+0200] {logging_mixin.py:188} INFO - [2025-07-10T11:22:33.020+0200] {dag.py:3954} INFO - Setting next_dagrun for example_branch_datetime_operator_3 to 2025-07-09 00:00:00+00:00, run_after=2025-07-10 00:00:00+00:00
[2025-07-10T11:22:33.036+0200] {processor.py:183} INFO - Processing /home/leoja/airflow/airflow_venv/lib/python3.12/site-packages/airflow/example_dags/example_branch_datetime_operator.py took 0.071 seconds
[2025-07-10T11:23:57.251+0200] {processor.py:161} INFO - Started process (PID=53428) to work on /home/leoja/airflow/airflow_venv/lib/python3.12/site-packages/airflow/example_dags/example_branch_datetime_operator.py
[2025-07-10T11:23:57.252+0200] {processor.py:830} INFO - Processing file /home/leoja/airflow/airflow_venv/lib/python3.12/site-packages/airflow/example_dags/example_branch_datetime_operator.py for tasks to queue
[2025-07-10T11:23:57.253+0200] {logging_mixin.py:188} INFO - [2025-07-10T11:23:57.252+0200] {dagbag.py:540} INFO - Filling up the DagBag from /home/leoja/airflow/airflow_venv/lib/python3.12/site-packages/airflow/example_dags/example_branch_datetime_operator.py
[2025-07-10T11:23:57.260+0200] {processor.py:840} INFO - DAG(s) 'example_branch_datetime_operator_2', 'example_branch_datetime_operator', 'example_branch_datetime_operator_3' retrieved from /home/leoja/airflow/airflow_venv/lib/python3.12/site-packages/airflow/example_dags/example_branch_datetime_operator.py
[2025-07-10T11:23:57.281+0200] {logging_mixin.py:188} INFO - [2025-07-10T11:23:57.281+0200] {dag.py:3096} INFO - Sync 3 DAGs
[2025-07-10T11:23:57.301+0200] {logging_mixin.py:188} INFO - [2025-07-10T11:23:57.301+0200] {dag.py:3954} INFO - Setting next_dagrun for example_branch_datetime_operator to 2025-07-09 00:00:00+00:00, run_after=2025-07-10 00:00:00+00:00
[2025-07-10T11:23:57.304+0200] {logging_mixin.py:188} INFO - [2025-07-10T11:23:57.304+0200] {dag.py:3954} INFO - Setting next_dagrun for example_branch_datetime_operator_2 to 2025-07-09 00:00:00+00:00, run_after=2025-07-10 00:00:00+00:00
[2025-07-10T11:23:57.306+0200] {logging_mixin.py:188} INFO - [2025-07-10T11:23:57.305+0200] {dag.py:3954} INFO - Setting next_dagrun for example_branch_datetime_operator_3 to 2025-07-09 00:00:00+00:00, run_after=2025-07-10 00:00:00+00:00
[2025-07-10T11:23:57.332+0200] {processor.py:183} INFO - Processing /home/leoja/airflow/airflow_venv/lib/python3.12/site-packages/airflow/example_dags/example_branch_datetime_operator.py took 0.086 seconds
[2025-07-10T11:25:14.603+0200] {processor.py:161} INFO - Started process (PID=53814) to work on /home/leoja/airflow/airflow_venv/lib/python3.12/site-packages/airflow/example_dags/example_branch_datetime_operator.py
[2025-07-10T11:25:14.605+0200] {processor.py:830} INFO - Processing file /home/leoja/airflow/airflow_venv/lib/python3.12/site-packages/airflow/example_dags/example_branch_datetime_operator.py for tasks to queue
[2025-07-10T11:25:14.606+0200] {logging_mixin.py:188} INFO - [2025-07-10T11:25:14.605+0200] {dagbag.py:540} INFO - Filling up the DagBag from /home/leoja/airflow/airflow_venv/lib/python3.12/site-packages/airflow/example_dags/example_branch_datetime_operator.py
[2025-07-10T11:25:14.616+0200] {processor.py:840} INFO - DAG(s) 'example_branch_datetime_operator_2', 'example_branch_datetime_operator', 'example_branch_datetime_operator_3' retrieved from /home/leoja/airflow/airflow_venv/lib/python3.12/site-packages/airflow/example_dags/example_branch_datetime_operator.py
[2025-07-10T11:25:14.636+0200] {logging_mixin.py:188} INFO - [2025-07-10T11:25:14.636+0200] {dag.py:3096} INFO - Sync 3 DAGs
[2025-07-10T11:25:14.657+0200] {logging_mixin.py:188} INFO - [2025-07-10T11:25:14.656+0200] {dag.py:3954} INFO - Setting next_dagrun for example_branch_datetime_operator to 2025-07-09 00:00:00+00:00, run_after=2025-07-10 00:00:00+00:00
[2025-07-10T11:25:14.662+0200] {logging_mixin.py:188} INFO - [2025-07-10T11:25:14.661+0200] {dag.py:3954} INFO - Setting next_dagrun for example_branch_datetime_operator_2 to 2025-07-09 00:00:00+00:00, run_after=2025-07-10 00:00:00+00:00
[2025-07-10T11:25:14.664+0200] {logging_mixin.py:188} INFO - [2025-07-10T11:25:14.664+0200] {dag.py:3954} INFO - Setting next_dagrun for example_branch_datetime_operator_3 to 2025-07-09 00:00:00+00:00, run_after=2025-07-10 00:00:00+00:00
[2025-07-10T11:25:14.684+0200] {processor.py:183} INFO - Processing /home/leoja/airflow/airflow_venv/lib/python3.12/site-packages/airflow/example_dags/example_branch_datetime_operator.py took 0.087 seconds
[2025-07-10T11:26:10.551+0200] {processor.py:161} INFO - Started process (PID=54148) to work on /home/leoja/airflow/airflow_venv/lib/python3.12/site-packages/airflow/example_dags/example_branch_datetime_operator.py
[2025-07-10T11:26:10.552+0200] {processor.py:830} INFO - Processing file /home/leoja/airflow/airflow_venv/lib/python3.12/site-packages/airflow/example_dags/example_branch_datetime_operator.py for tasks to queue
[2025-07-10T11:26:10.553+0200] {logging_mixin.py:188} INFO - [2025-07-10T11:26:10.553+0200] {dagbag.py:540} INFO - Filling up the DagBag from /home/leoja/airflow/airflow_venv/lib/python3.12/site-packages/airflow/example_dags/example_branch_datetime_operator.py
[2025-07-10T11:26:10.561+0200] {processor.py:840} INFO - DAG(s) 'example_branch_datetime_operator_2', 'example_branch_datetime_operator_3', 'example_branch_datetime_operator' retrieved from /home/leoja/airflow/airflow_venv/lib/python3.12/site-packages/airflow/example_dags/example_branch_datetime_operator.py
[2025-07-10T11:26:10.581+0200] {logging_mixin.py:188} INFO - [2025-07-10T11:26:10.581+0200] {dag.py:3096} INFO - Sync 3 DAGs
[2025-07-10T11:26:10.599+0200] {logging_mixin.py:188} INFO - [2025-07-10T11:26:10.598+0200] {dag.py:3954} INFO - Setting next_dagrun for example_branch_datetime_operator to 2025-07-09 00:00:00+00:00, run_after=2025-07-10 00:00:00+00:00
[2025-07-10T11:26:10.602+0200] {logging_mixin.py:188} INFO - [2025-07-10T11:26:10.602+0200] {dag.py:3954} INFO - Setting next_dagrun for example_branch_datetime_operator_2 to 2025-07-09 00:00:00+00:00, run_after=2025-07-10 00:00:00+00:00
[2025-07-10T11:26:10.603+0200] {logging_mixin.py:188} INFO - [2025-07-10T11:26:10.603+0200] {dag.py:3954} INFO - Setting next_dagrun for example_branch_datetime_operator_3 to 2025-07-09 00:00:00+00:00, run_after=2025-07-10 00:00:00+00:00
[2025-07-10T11:26:10.629+0200] {processor.py:183} INFO - Processing /home/leoja/airflow/airflow_venv/lib/python3.12/site-packages/airflow/example_dags/example_branch_datetime_operator.py took 0.083 seconds
[2025-07-10T11:44:47.559+0200] {processor.py:161} INFO - Started process (PID=54648) to work on /home/leoja/airflow/airflow_venv/lib/python3.12/site-packages/airflow/example_dags/example_branch_datetime_operator.py
[2025-07-10T11:44:47.561+0200] {processor.py:830} INFO - Processing file /home/leoja/airflow/airflow_venv/lib/python3.12/site-packages/airflow/example_dags/example_branch_datetime_operator.py for tasks to queue
[2025-07-10T11:44:47.562+0200] {logging_mixin.py:188} INFO - [2025-07-10T11:44:47.562+0200] {dagbag.py:540} INFO - Filling up the DagBag from /home/leoja/airflow/airflow_venv/lib/python3.12/site-packages/airflow/example_dags/example_branch_datetime_operator.py
[2025-07-10T11:44:47.572+0200] {processor.py:840} INFO - DAG(s) 'example_branch_datetime_operator', 'example_branch_datetime_operator_2', 'example_branch_datetime_operator_3' retrieved from /home/leoja/airflow/airflow_venv/lib/python3.12/site-packages/airflow/example_dags/example_branch_datetime_operator.py
[2025-07-10T11:44:47.597+0200] {logging_mixin.py:188} INFO - [2025-07-10T11:44:47.597+0200] {dag.py:3096} INFO - Sync 3 DAGs
[2025-07-10T11:44:47.621+0200] {logging_mixin.py:188} INFO - [2025-07-10T11:44:47.620+0200] {dag.py:3954} INFO - Setting next_dagrun for example_branch_datetime_operator to 2025-07-09 00:00:00+00:00, run_after=2025-07-10 00:00:00+00:00
[2025-07-10T11:44:47.625+0200] {logging_mixin.py:188} INFO - [2025-07-10T11:44:47.625+0200] {dag.py:3954} INFO - Setting next_dagrun for example_branch_datetime_operator_2 to 2025-07-09 00:00:00+00:00, run_after=2025-07-10 00:00:00+00:00
[2025-07-10T11:44:47.626+0200] {logging_mixin.py:188} INFO - [2025-07-10T11:44:47.626+0200] {dag.py:3954} INFO - Setting next_dagrun for example_branch_datetime_operator_3 to 2025-07-09 00:00:00+00:00, run_after=2025-07-10 00:00:00+00:00
[2025-07-10T11:44:47.657+0200] {processor.py:183} INFO - Processing /home/leoja/airflow/airflow_venv/lib/python3.12/site-packages/airflow/example_dags/example_branch_datetime_operator.py took 0.106 seconds
[2025-07-10T11:45:57.915+0200] {processor.py:161} INFO - Started process (PID=55018) to work on /home/leoja/airflow/airflow_venv/lib/python3.12/site-packages/airflow/example_dags/example_branch_datetime_operator.py
[2025-07-10T11:45:57.918+0200] {processor.py:830} INFO - Processing file /home/leoja/airflow/airflow_venv/lib/python3.12/site-packages/airflow/example_dags/example_branch_datetime_operator.py for tasks to queue
[2025-07-10T11:45:57.919+0200] {logging_mixin.py:188} INFO - [2025-07-10T11:45:57.919+0200] {dagbag.py:540} INFO - Filling up the DagBag from /home/leoja/airflow/airflow_venv/lib/python3.12/site-packages/airflow/example_dags/example_branch_datetime_operator.py
[2025-07-10T11:45:57.931+0200] {processor.py:840} INFO - DAG(s) 'example_branch_datetime_operator_3', 'example_branch_datetime_operator', 'example_branch_datetime_operator_2' retrieved from /home/leoja/airflow/airflow_venv/lib/python3.12/site-packages/airflow/example_dags/example_branch_datetime_operator.py
[2025-07-10T11:45:57.960+0200] {logging_mixin.py:188} INFO - [2025-07-10T11:45:57.959+0200] {dag.py:3096} INFO - Sync 3 DAGs
[2025-07-10T11:45:57.989+0200] {logging_mixin.py:188} INFO - [2025-07-10T11:45:57.989+0200] {dag.py:3954} INFO - Setting next_dagrun for example_branch_datetime_operator to 2025-07-09 00:00:00+00:00, run_after=2025-07-10 00:00:00+00:00
[2025-07-10T11:45:57.994+0200] {logging_mixin.py:188} INFO - [2025-07-10T11:45:57.994+0200] {dag.py:3954} INFO - Setting next_dagrun for example_branch_datetime_operator_2 to 2025-07-09 00:00:00+00:00, run_after=2025-07-10 00:00:00+00:00
[2025-07-10T11:45:57.996+0200] {logging_mixin.py:188} INFO - [2025-07-10T11:45:57.996+0200] {dag.py:3954} INFO - Setting next_dagrun for example_branch_datetime_operator_3 to 2025-07-09 00:00:00+00:00, run_after=2025-07-10 00:00:00+00:00
[2025-07-10T11:45:58.030+0200] {processor.py:183} INFO - Processing /home/leoja/airflow/airflow_venv/lib/python3.12/site-packages/airflow/example_dags/example_branch_datetime_operator.py took 0.124 seconds
