[2025-07-10T11:11:14.912+0200] {processor.py:161} INFO - Started process (PID=49173) to work on /home/leoja/airflow/airflow_venv/lib/python3.12/site-packages/airflow/example_dags/example_datasets.py
[2025-07-10T11:11:14.912+0200] {processor.py:830} INFO - Processing file /home/leoja/airflow/airflow_venv/lib/python3.12/site-packages/airflow/example_dags/example_datasets.py for tasks to queue
[2025-07-10T11:11:14.913+0200] {logging_mixin.py:188} INFO - [2025-07-10T11:11:14.912+0200] {dagbag.py:540} INFO - Filling up the DagBag from /home/leoja/airflow/airflow_venv/lib/python3.12/site-packages/airflow/example_dags/example_datasets.py
[2025-07-10T11:11:14.921+0200] {processor.py:840} INFO - DAG(s) 'consume_1_and_2_with_dataset_expressions', 'dataset_consumes_1', 'consume_1_or_2_with_dataset_expressions', 'dataset_produces_1', 'dataset_produces_2', 'dataset_consumes_1_and_2', 'dataset_consumes_1_never_scheduled', 'consume_1_or_both_2_and_3_with_dataset_expressions', 'conditional_dataset_and_time_based_timetable', 'dataset_consumes_unknown_never_scheduled' retrieved from /home/leoja/airflow/airflow_venv/lib/python3.12/site-packages/airflow/example_dags/example_datasets.py
[2025-07-10T11:11:14.953+0200] {logging_mixin.py:188} INFO - [2025-07-10T11:11:14.953+0200] {dag.py:3096} INFO - Sync 10 DAGs
[2025-07-10T11:11:14.967+0200] {logging_mixin.py:188} INFO - [2025-07-10T11:11:14.967+0200] {dag.py:3954} INFO - Setting next_dagrun for conditional_dataset_and_time_based_timetable to 2025-07-09 01:00:00+00:00, run_after=2025-07-09 01:00:00+00:00
[2025-07-10T11:11:14.970+0200] {logging_mixin.py:188} INFO - [2025-07-10T11:11:14.970+0200] {dag.py:3954} INFO - Setting next_dagrun for consume_1_and_2_with_dataset_expressions to None, run_after=None
[2025-07-10T11:11:14.970+0200] {logging_mixin.py:188} INFO - [2025-07-10T11:11:14.970+0200] {dag.py:3954} INFO - Setting next_dagrun for consume_1_or_2_with_dataset_expressions to None, run_after=None
[2025-07-10T11:11:14.971+0200] {logging_mixin.py:188} INFO - [2025-07-10T11:11:14.971+0200] {dag.py:3954} INFO - Setting next_dagrun for consume_1_or_both_2_and_3_with_dataset_expressions to None, run_after=None
[2025-07-10T11:11:14.971+0200] {logging_mixin.py:188} INFO - [2025-07-10T11:11:14.971+0200] {dag.py:3954} INFO - Setting next_dagrun for dataset_consumes_1 to None, run_after=None
[2025-07-10T11:11:14.971+0200] {logging_mixin.py:188} INFO - [2025-07-10T11:11:14.971+0200] {dag.py:3954} INFO - Setting next_dagrun for dataset_consumes_1_and_2 to None, run_after=None
[2025-07-10T11:11:14.972+0200] {logging_mixin.py:188} INFO - [2025-07-10T11:11:14.972+0200] {dag.py:3954} INFO - Setting next_dagrun for dataset_consumes_1_never_scheduled to None, run_after=None
[2025-07-10T11:11:14.972+0200] {logging_mixin.py:188} INFO - [2025-07-10T11:11:14.972+0200] {dag.py:3954} INFO - Setting next_dagrun for dataset_consumes_unknown_never_scheduled to None, run_after=None
[2025-07-10T11:11:14.973+0200] {logging_mixin.py:188} INFO - [2025-07-10T11:11:14.973+0200] {dag.py:3954} INFO - Setting next_dagrun for dataset_produces_1 to 2025-07-09 00:00:00+00:00, run_after=2025-07-10 00:00:00+00:00
[2025-07-10T11:11:14.973+0200] {logging_mixin.py:188} INFO - [2025-07-10T11:11:14.973+0200] {dag.py:3954} INFO - Setting next_dagrun for dataset_produces_2 to None, run_after=None
[2025-07-10T11:11:15.000+0200] {processor.py:183} INFO - Processing /home/leoja/airflow/airflow_venv/lib/python3.12/site-packages/airflow/example_dags/example_datasets.py took 0.093 seconds
[2025-07-10T11:12:01.165+0200] {processor.py:161} INFO - Started process (PID=49396) to work on /home/leoja/airflow/airflow_venv/lib/python3.12/site-packages/airflow/example_dags/example_datasets.py
[2025-07-10T11:12:01.167+0200] {processor.py:830} INFO - Processing file /home/leoja/airflow/airflow_venv/lib/python3.12/site-packages/airflow/example_dags/example_datasets.py for tasks to queue
[2025-07-10T11:12:01.168+0200] {logging_mixin.py:188} INFO - [2025-07-10T11:12:01.168+0200] {dagbag.py:540} INFO - Filling up the DagBag from /home/leoja/airflow/airflow_venv/lib/python3.12/site-packages/airflow/example_dags/example_datasets.py
[2025-07-10T11:12:01.180+0200] {processor.py:840} INFO - DAG(s) 'conditional_dataset_and_time_based_timetable', 'dataset_consumes_unknown_never_scheduled', 'consume_1_or_2_with_dataset_expressions', 'dataset_consumes_1_and_2', 'consume_1_or_both_2_and_3_with_dataset_expressions', 'dataset_consumes_1_never_scheduled', 'dataset_produces_2', 'dataset_produces_1', 'dataset_consumes_1', 'consume_1_and_2_with_dataset_expressions' retrieved from /home/leoja/airflow/airflow_venv/lib/python3.12/site-packages/airflow/example_dags/example_datasets.py
[2025-07-10T11:12:01.226+0200] {logging_mixin.py:188} INFO - [2025-07-10T11:12:01.225+0200] {dag.py:3096} INFO - Sync 10 DAGs
[2025-07-10T11:12:01.260+0200] {logging_mixin.py:188} INFO - [2025-07-10T11:12:01.260+0200] {dag.py:3954} INFO - Setting next_dagrun for conditional_dataset_and_time_based_timetable to 2025-07-09 01:00:00+00:00, run_after=2025-07-09 01:00:00+00:00
[2025-07-10T11:12:01.265+0200] {logging_mixin.py:188} INFO - [2025-07-10T11:12:01.264+0200] {dag.py:3954} INFO - Setting next_dagrun for consume_1_and_2_with_dataset_expressions to None, run_after=None
[2025-07-10T11:12:01.266+0200] {logging_mixin.py:188} INFO - [2025-07-10T11:12:01.266+0200] {dag.py:3954} INFO - Setting next_dagrun for consume_1_or_2_with_dataset_expressions to None, run_after=None
[2025-07-10T11:12:01.267+0200] {logging_mixin.py:188} INFO - [2025-07-10T11:12:01.267+0200] {dag.py:3954} INFO - Setting next_dagrun for consume_1_or_both_2_and_3_with_dataset_expressions to None, run_after=None
[2025-07-10T11:12:01.269+0200] {logging_mixin.py:188} INFO - [2025-07-10T11:12:01.268+0200] {dag.py:3954} INFO - Setting next_dagrun for dataset_consumes_1 to None, run_after=None
[2025-07-10T11:12:01.269+0200] {logging_mixin.py:188} INFO - [2025-07-10T11:12:01.269+0200] {dag.py:3954} INFO - Setting next_dagrun for dataset_consumes_1_and_2 to None, run_after=None
[2025-07-10T11:12:01.270+0200] {logging_mixin.py:188} INFO - [2025-07-10T11:12:01.270+0200] {dag.py:3954} INFO - Setting next_dagrun for dataset_consumes_1_never_scheduled to None, run_after=None
[2025-07-10T11:12:01.271+0200] {logging_mixin.py:188} INFO - [2025-07-10T11:12:01.270+0200] {dag.py:3954} INFO - Setting next_dagrun for dataset_consumes_unknown_never_scheduled to None, run_after=None
[2025-07-10T11:12:01.272+0200] {logging_mixin.py:188} INFO - [2025-07-10T11:12:01.272+0200] {dag.py:3954} INFO - Setting next_dagrun for dataset_produces_1 to 2025-07-09 00:00:00+00:00, run_after=2025-07-10 00:00:00+00:00
[2025-07-10T11:12:01.272+0200] {logging_mixin.py:188} INFO - [2025-07-10T11:12:01.272+0200] {dag.py:3954} INFO - Setting next_dagrun for dataset_produces_2 to None, run_after=None
[2025-07-10T11:12:01.418+0200] {processor.py:183} INFO - Processing /home/leoja/airflow/airflow_venv/lib/python3.12/site-packages/airflow/example_dags/example_datasets.py took 0.259 seconds
[2025-07-10T11:12:56.100+0200] {processor.py:161} INFO - Started process (PID=49720) to work on /home/leoja/airflow/airflow_venv/lib/python3.12/site-packages/airflow/example_dags/example_datasets.py
[2025-07-10T11:12:56.102+0200] {processor.py:830} INFO - Processing file /home/leoja/airflow/airflow_venv/lib/python3.12/site-packages/airflow/example_dags/example_datasets.py for tasks to queue
[2025-07-10T11:12:56.103+0200] {logging_mixin.py:188} INFO - [2025-07-10T11:12:56.102+0200] {dagbag.py:540} INFO - Filling up the DagBag from /home/leoja/airflow/airflow_venv/lib/python3.12/site-packages/airflow/example_dags/example_datasets.py
[2025-07-10T11:12:56.115+0200] {processor.py:840} INFO - DAG(s) 'dataset_produces_2', 'dataset_consumes_1_never_scheduled', 'consume_1_or_2_with_dataset_expressions', 'dataset_consumes_unknown_never_scheduled', 'consume_1_and_2_with_dataset_expressions', 'dataset_consumes_1', 'dataset_consumes_1_and_2', 'consume_1_or_both_2_and_3_with_dataset_expressions', 'dataset_produces_1', 'conditional_dataset_and_time_based_timetable' retrieved from /home/leoja/airflow/airflow_venv/lib/python3.12/site-packages/airflow/example_dags/example_datasets.py
[2025-07-10T11:12:56.142+0200] {logging_mixin.py:188} INFO - [2025-07-10T11:12:56.142+0200] {dag.py:3096} INFO - Sync 10 DAGs
[2025-07-10T11:12:56.161+0200] {logging_mixin.py:188} INFO - [2025-07-10T11:12:56.161+0200] {dag.py:3954} INFO - Setting next_dagrun for conditional_dataset_and_time_based_timetable to 2025-07-09 01:00:00+00:00, run_after=2025-07-09 01:00:00+00:00
[2025-07-10T11:12:56.163+0200] {logging_mixin.py:188} INFO - [2025-07-10T11:12:56.163+0200] {dag.py:3954} INFO - Setting next_dagrun for consume_1_and_2_with_dataset_expressions to None, run_after=None
[2025-07-10T11:12:56.164+0200] {logging_mixin.py:188} INFO - [2025-07-10T11:12:56.164+0200] {dag.py:3954} INFO - Setting next_dagrun for consume_1_or_2_with_dataset_expressions to None, run_after=None
[2025-07-10T11:12:56.164+0200] {logging_mixin.py:188} INFO - [2025-07-10T11:12:56.164+0200] {dag.py:3954} INFO - Setting next_dagrun for consume_1_or_both_2_and_3_with_dataset_expressions to None, run_after=None
[2025-07-10T11:12:56.165+0200] {logging_mixin.py:188} INFO - [2025-07-10T11:12:56.165+0200] {dag.py:3954} INFO - Setting next_dagrun for dataset_consumes_1 to None, run_after=None
[2025-07-10T11:12:56.165+0200] {logging_mixin.py:188} INFO - [2025-07-10T11:12:56.165+0200] {dag.py:3954} INFO - Setting next_dagrun for dataset_consumes_1_and_2 to None, run_after=None
[2025-07-10T11:12:56.166+0200] {logging_mixin.py:188} INFO - [2025-07-10T11:12:56.166+0200] {dag.py:3954} INFO - Setting next_dagrun for dataset_consumes_1_never_scheduled to None, run_after=None
[2025-07-10T11:12:56.166+0200] {logging_mixin.py:188} INFO - [2025-07-10T11:12:56.166+0200] {dag.py:3954} INFO - Setting next_dagrun for dataset_consumes_unknown_never_scheduled to None, run_after=None
[2025-07-10T11:12:56.167+0200] {logging_mixin.py:188} INFO - [2025-07-10T11:12:56.167+0200] {dag.py:3954} INFO - Setting next_dagrun for dataset_produces_1 to 2025-07-09 00:00:00+00:00, run_after=2025-07-10 00:00:00+00:00
[2025-07-10T11:12:56.168+0200] {logging_mixin.py:188} INFO - [2025-07-10T11:12:56.168+0200] {dag.py:3954} INFO - Setting next_dagrun for dataset_produces_2 to None, run_after=None
[2025-07-10T11:12:56.197+0200] {processor.py:183} INFO - Processing /home/leoja/airflow/airflow_venv/lib/python3.12/site-packages/airflow/example_dags/example_datasets.py took 0.101 seconds
[2025-07-10T11:13:51.277+0200] {processor.py:161} INFO - Started process (PID=50039) to work on /home/leoja/airflow/airflow_venv/lib/python3.12/site-packages/airflow/example_dags/example_datasets.py
[2025-07-10T11:13:51.279+0200] {processor.py:830} INFO - Processing file /home/leoja/airflow/airflow_venv/lib/python3.12/site-packages/airflow/example_dags/example_datasets.py for tasks to queue
[2025-07-10T11:13:51.279+0200] {logging_mixin.py:188} INFO - [2025-07-10T11:13:51.279+0200] {dagbag.py:540} INFO - Filling up the DagBag from /home/leoja/airflow/airflow_venv/lib/python3.12/site-packages/airflow/example_dags/example_datasets.py
[2025-07-10T11:13:51.289+0200] {processor.py:840} INFO - DAG(s) 'dataset_consumes_1_and_2', 'dataset_consumes_1', 'dataset_produces_2', 'dataset_consumes_unknown_never_scheduled', 'dataset_consumes_1_never_scheduled', 'consume_1_or_both_2_and_3_with_dataset_expressions', 'dataset_produces_1', 'conditional_dataset_and_time_based_timetable', 'consume_1_and_2_with_dataset_expressions', 'consume_1_or_2_with_dataset_expressions' retrieved from /home/leoja/airflow/airflow_venv/lib/python3.12/site-packages/airflow/example_dags/example_datasets.py
[2025-07-10T11:13:51.313+0200] {logging_mixin.py:188} INFO - [2025-07-10T11:13:51.313+0200] {dag.py:3096} INFO - Sync 10 DAGs
[2025-07-10T11:13:51.329+0200] {logging_mixin.py:188} INFO - [2025-07-10T11:13:51.329+0200] {dag.py:3954} INFO - Setting next_dagrun for conditional_dataset_and_time_based_timetable to 2025-07-09 01:00:00+00:00, run_after=2025-07-09 01:00:00+00:00
[2025-07-10T11:13:51.332+0200] {logging_mixin.py:188} INFO - [2025-07-10T11:13:51.332+0200] {dag.py:3954} INFO - Setting next_dagrun for consume_1_and_2_with_dataset_expressions to None, run_after=None
[2025-07-10T11:13:51.332+0200] {logging_mixin.py:188} INFO - [2025-07-10T11:13:51.332+0200] {dag.py:3954} INFO - Setting next_dagrun for consume_1_or_2_with_dataset_expressions to None, run_after=None
[2025-07-10T11:13:51.333+0200] {logging_mixin.py:188} INFO - [2025-07-10T11:13:51.333+0200] {dag.py:3954} INFO - Setting next_dagrun for consume_1_or_both_2_and_3_with_dataset_expressions to None, run_after=None
[2025-07-10T11:13:51.333+0200] {logging_mixin.py:188} INFO - [2025-07-10T11:13:51.333+0200] {dag.py:3954} INFO - Setting next_dagrun for dataset_consumes_1 to None, run_after=None
[2025-07-10T11:13:51.334+0200] {logging_mixin.py:188} INFO - [2025-07-10T11:13:51.333+0200] {dag.py:3954} INFO - Setting next_dagrun for dataset_consumes_1_and_2 to None, run_after=None
[2025-07-10T11:13:51.334+0200] {logging_mixin.py:188} INFO - [2025-07-10T11:13:51.334+0200] {dag.py:3954} INFO - Setting next_dagrun for dataset_consumes_1_never_scheduled to None, run_after=None
[2025-07-10T11:13:51.334+0200] {logging_mixin.py:188} INFO - [2025-07-10T11:13:51.334+0200] {dag.py:3954} INFO - Setting next_dagrun for dataset_consumes_unknown_never_scheduled to None, run_after=None
[2025-07-10T11:13:51.335+0200] {logging_mixin.py:188} INFO - [2025-07-10T11:13:51.335+0200] {dag.py:3954} INFO - Setting next_dagrun for dataset_produces_1 to 2025-07-09 00:00:00+00:00, run_after=2025-07-10 00:00:00+00:00
[2025-07-10T11:13:51.336+0200] {logging_mixin.py:188} INFO - [2025-07-10T11:13:51.335+0200] {dag.py:3954} INFO - Setting next_dagrun for dataset_produces_2 to None, run_after=None
[2025-07-10T11:13:51.361+0200] {processor.py:183} INFO - Processing /home/leoja/airflow/airflow_venv/lib/python3.12/site-packages/airflow/example_dags/example_datasets.py took 0.089 seconds
[2025-07-10T11:14:49.504+0200] {processor.py:161} INFO - Started process (PID=50384) to work on /home/leoja/airflow/airflow_venv/lib/python3.12/site-packages/airflow/example_dags/example_datasets.py
[2025-07-10T11:14:49.506+0200] {processor.py:830} INFO - Processing file /home/leoja/airflow/airflow_venv/lib/python3.12/site-packages/airflow/example_dags/example_datasets.py for tasks to queue
[2025-07-10T11:14:49.506+0200] {logging_mixin.py:188} INFO - [2025-07-10T11:14:49.506+0200] {dagbag.py:540} INFO - Filling up the DagBag from /home/leoja/airflow/airflow_venv/lib/python3.12/site-packages/airflow/example_dags/example_datasets.py
[2025-07-10T11:14:49.519+0200] {processor.py:840} INFO - DAG(s) 'dataset_produces_1', 'dataset_consumes_1', 'dataset_consumes_unknown_never_scheduled', 'consume_1_and_2_with_dataset_expressions', 'consume_1_or_both_2_and_3_with_dataset_expressions', 'dataset_produces_2', 'consume_1_or_2_with_dataset_expressions', 'conditional_dataset_and_time_based_timetable', 'dataset_consumes_1_and_2', 'dataset_consumes_1_never_scheduled' retrieved from /home/leoja/airflow/airflow_venv/lib/python3.12/site-packages/airflow/example_dags/example_datasets.py
[2025-07-10T11:14:49.553+0200] {logging_mixin.py:188} INFO - [2025-07-10T11:14:49.553+0200] {dag.py:3096} INFO - Sync 10 DAGs
[2025-07-10T11:14:49.573+0200] {logging_mixin.py:188} INFO - [2025-07-10T11:14:49.573+0200] {dag.py:3954} INFO - Setting next_dagrun for conditional_dataset_and_time_based_timetable to 2025-07-09 01:00:00+00:00, run_after=2025-07-09 01:00:00+00:00
[2025-07-10T11:14:49.577+0200] {logging_mixin.py:188} INFO - [2025-07-10T11:14:49.577+0200] {dag.py:3954} INFO - Setting next_dagrun for consume_1_and_2_with_dataset_expressions to None, run_after=None
[2025-07-10T11:14:49.578+0200] {logging_mixin.py:188} INFO - [2025-07-10T11:14:49.578+0200] {dag.py:3954} INFO - Setting next_dagrun for consume_1_or_2_with_dataset_expressions to None, run_after=None
[2025-07-10T11:14:49.579+0200] {logging_mixin.py:188} INFO - [2025-07-10T11:14:49.579+0200] {dag.py:3954} INFO - Setting next_dagrun for consume_1_or_both_2_and_3_with_dataset_expressions to None, run_after=None
[2025-07-10T11:14:49.580+0200] {logging_mixin.py:188} INFO - [2025-07-10T11:14:49.580+0200] {dag.py:3954} INFO - Setting next_dagrun for dataset_consumes_1 to None, run_after=None
[2025-07-10T11:14:49.580+0200] {logging_mixin.py:188} INFO - [2025-07-10T11:14:49.580+0200] {dag.py:3954} INFO - Setting next_dagrun for dataset_consumes_1_and_2 to None, run_after=None
[2025-07-10T11:14:49.581+0200] {logging_mixin.py:188} INFO - [2025-07-10T11:14:49.581+0200] {dag.py:3954} INFO - Setting next_dagrun for dataset_consumes_1_never_scheduled to None, run_after=None
[2025-07-10T11:14:49.582+0200] {logging_mixin.py:188} INFO - [2025-07-10T11:14:49.582+0200] {dag.py:3954} INFO - Setting next_dagrun for dataset_consumes_unknown_never_scheduled to None, run_after=None
[2025-07-10T11:14:49.583+0200] {logging_mixin.py:188} INFO - [2025-07-10T11:14:49.583+0200] {dag.py:3954} INFO - Setting next_dagrun for dataset_produces_1 to 2025-07-09 00:00:00+00:00, run_after=2025-07-10 00:00:00+00:00
[2025-07-10T11:14:49.584+0200] {logging_mixin.py:188} INFO - [2025-07-10T11:14:49.584+0200] {dag.py:3954} INFO - Setting next_dagrun for dataset_produces_2 to None, run_after=None
[2025-07-10T11:14:49.623+0200] {processor.py:183} INFO - Processing /home/leoja/airflow/airflow_venv/lib/python3.12/site-packages/airflow/example_dags/example_datasets.py took 0.124 seconds
[2025-07-10T11:15:37.397+0200] {processor.py:161} INFO - Started process (PID=50669) to work on /home/leoja/airflow/airflow_venv/lib/python3.12/site-packages/airflow/example_dags/example_datasets.py
[2025-07-10T11:15:37.398+0200] {processor.py:830} INFO - Processing file /home/leoja/airflow/airflow_venv/lib/python3.12/site-packages/airflow/example_dags/example_datasets.py for tasks to queue
[2025-07-10T11:15:37.399+0200] {logging_mixin.py:188} INFO - [2025-07-10T11:15:37.398+0200] {dagbag.py:540} INFO - Filling up the DagBag from /home/leoja/airflow/airflow_venv/lib/python3.12/site-packages/airflow/example_dags/example_datasets.py
[2025-07-10T11:15:37.410+0200] {processor.py:840} INFO - DAG(s) 'consume_1_or_2_with_dataset_expressions', 'dataset_produces_1', 'dataset_produces_2', 'dataset_consumes_1_never_scheduled', 'dataset_consumes_unknown_never_scheduled', 'conditional_dataset_and_time_based_timetable', 'dataset_consumes_1_and_2', 'dataset_consumes_1', 'consume_1_or_both_2_and_3_with_dataset_expressions', 'consume_1_and_2_with_dataset_expressions' retrieved from /home/leoja/airflow/airflow_venv/lib/python3.12/site-packages/airflow/example_dags/example_datasets.py
[2025-07-10T11:15:37.440+0200] {logging_mixin.py:188} INFO - [2025-07-10T11:15:37.439+0200] {dag.py:3096} INFO - Sync 10 DAGs
[2025-07-10T11:15:37.461+0200] {logging_mixin.py:188} INFO - [2025-07-10T11:15:37.461+0200] {dag.py:3954} INFO - Setting next_dagrun for conditional_dataset_and_time_based_timetable to 2025-07-09 01:00:00+00:00, run_after=2025-07-09 01:00:00+00:00
[2025-07-10T11:15:37.466+0200] {logging_mixin.py:188} INFO - [2025-07-10T11:15:37.466+0200] {dag.py:3954} INFO - Setting next_dagrun for consume_1_and_2_with_dataset_expressions to None, run_after=None
[2025-07-10T11:15:37.467+0200] {logging_mixin.py:188} INFO - [2025-07-10T11:15:37.467+0200] {dag.py:3954} INFO - Setting next_dagrun for consume_1_or_2_with_dataset_expressions to None, run_after=None
[2025-07-10T11:15:37.468+0200] {logging_mixin.py:188} INFO - [2025-07-10T11:15:37.467+0200] {dag.py:3954} INFO - Setting next_dagrun for consume_1_or_both_2_and_3_with_dataset_expressions to None, run_after=None
[2025-07-10T11:15:37.468+0200] {logging_mixin.py:188} INFO - [2025-07-10T11:15:37.468+0200] {dag.py:3954} INFO - Setting next_dagrun for dataset_consumes_1 to None, run_after=None
[2025-07-10T11:15:37.469+0200] {logging_mixin.py:188} INFO - [2025-07-10T11:15:37.469+0200] {dag.py:3954} INFO - Setting next_dagrun for dataset_consumes_1_and_2 to None, run_after=None
[2025-07-10T11:15:37.469+0200] {logging_mixin.py:188} INFO - [2025-07-10T11:15:37.469+0200] {dag.py:3954} INFO - Setting next_dagrun for dataset_consumes_1_never_scheduled to None, run_after=None
[2025-07-10T11:15:37.470+0200] {logging_mixin.py:188} INFO - [2025-07-10T11:15:37.469+0200] {dag.py:3954} INFO - Setting next_dagrun for dataset_consumes_unknown_never_scheduled to None, run_after=None
[2025-07-10T11:15:37.471+0200] {logging_mixin.py:188} INFO - [2025-07-10T11:15:37.471+0200] {dag.py:3954} INFO - Setting next_dagrun for dataset_produces_1 to 2025-07-09 00:00:00+00:00, run_after=2025-07-10 00:00:00+00:00
[2025-07-10T11:15:37.471+0200] {logging_mixin.py:188} INFO - [2025-07-10T11:15:37.471+0200] {dag.py:3954} INFO - Setting next_dagrun for dataset_produces_2 to None, run_after=None
[2025-07-10T11:15:37.636+0200] {processor.py:183} INFO - Processing /home/leoja/airflow/airflow_venv/lib/python3.12/site-packages/airflow/example_dags/example_datasets.py took 0.244 seconds
[2025-07-10T11:16:36.407+0200] {processor.py:161} INFO - Started process (PID=50994) to work on /home/leoja/airflow/airflow_venv/lib/python3.12/site-packages/airflow/example_dags/example_datasets.py
[2025-07-10T11:16:36.408+0200] {processor.py:830} INFO - Processing file /home/leoja/airflow/airflow_venv/lib/python3.12/site-packages/airflow/example_dags/example_datasets.py for tasks to queue
[2025-07-10T11:16:36.409+0200] {logging_mixin.py:188} INFO - [2025-07-10T11:16:36.409+0200] {dagbag.py:540} INFO - Filling up the DagBag from /home/leoja/airflow/airflow_venv/lib/python3.12/site-packages/airflow/example_dags/example_datasets.py
[2025-07-10T11:16:36.419+0200] {processor.py:840} INFO - DAG(s) 'consume_1_or_2_with_dataset_expressions', 'dataset_consumes_unknown_never_scheduled', 'consume_1_and_2_with_dataset_expressions', 'dataset_produces_2', 'dataset_consumes_1_and_2', 'conditional_dataset_and_time_based_timetable', 'dataset_produces_1', 'dataset_consumes_1_never_scheduled', 'consume_1_or_both_2_and_3_with_dataset_expressions', 'dataset_consumes_1' retrieved from /home/leoja/airflow/airflow_venv/lib/python3.12/site-packages/airflow/example_dags/example_datasets.py
[2025-07-10T11:16:36.439+0200] {logging_mixin.py:188} INFO - [2025-07-10T11:16:36.439+0200] {dag.py:3096} INFO - Sync 10 DAGs
[2025-07-10T11:16:36.452+0200] {logging_mixin.py:188} INFO - [2025-07-10T11:16:36.452+0200] {dag.py:3954} INFO - Setting next_dagrun for conditional_dataset_and_time_based_timetable to 2025-07-09 01:00:00+00:00, run_after=2025-07-09 01:00:00+00:00
[2025-07-10T11:16:36.454+0200] {logging_mixin.py:188} INFO - [2025-07-10T11:16:36.454+0200] {dag.py:3954} INFO - Setting next_dagrun for consume_1_and_2_with_dataset_expressions to None, run_after=None
[2025-07-10T11:16:36.454+0200] {logging_mixin.py:188} INFO - [2025-07-10T11:16:36.454+0200] {dag.py:3954} INFO - Setting next_dagrun for consume_1_or_2_with_dataset_expressions to None, run_after=None
[2025-07-10T11:16:36.455+0200] {logging_mixin.py:188} INFO - [2025-07-10T11:16:36.455+0200] {dag.py:3954} INFO - Setting next_dagrun for consume_1_or_both_2_and_3_with_dataset_expressions to None, run_after=None
[2025-07-10T11:16:36.455+0200] {logging_mixin.py:188} INFO - [2025-07-10T11:16:36.455+0200] {dag.py:3954} INFO - Setting next_dagrun for dataset_consumes_1 to None, run_after=None
[2025-07-10T11:16:36.455+0200] {logging_mixin.py:188} INFO - [2025-07-10T11:16:36.455+0200] {dag.py:3954} INFO - Setting next_dagrun for dataset_consumes_1_and_2 to None, run_after=None
[2025-07-10T11:16:36.456+0200] {logging_mixin.py:188} INFO - [2025-07-10T11:16:36.456+0200] {dag.py:3954} INFO - Setting next_dagrun for dataset_consumes_1_never_scheduled to None, run_after=None
[2025-07-10T11:16:36.456+0200] {logging_mixin.py:188} INFO - [2025-07-10T11:16:36.456+0200] {dag.py:3954} INFO - Setting next_dagrun for dataset_consumes_unknown_never_scheduled to None, run_after=None
[2025-07-10T11:16:36.457+0200] {logging_mixin.py:188} INFO - [2025-07-10T11:16:36.457+0200] {dag.py:3954} INFO - Setting next_dagrun for dataset_produces_1 to 2025-07-09 00:00:00+00:00, run_after=2025-07-10 00:00:00+00:00
[2025-07-10T11:16:36.458+0200] {logging_mixin.py:188} INFO - [2025-07-10T11:16:36.457+0200] {dag.py:3954} INFO - Setting next_dagrun for dataset_produces_2 to None, run_after=None
[2025-07-10T11:16:36.488+0200] {processor.py:183} INFO - Processing /home/leoja/airflow/airflow_venv/lib/python3.12/site-packages/airflow/example_dags/example_datasets.py took 0.085 seconds
[2025-07-10T11:17:32.190+0200] {processor.py:161} INFO - Started process (PID=51309) to work on /home/leoja/airflow/airflow_venv/lib/python3.12/site-packages/airflow/example_dags/example_datasets.py
[2025-07-10T11:17:32.194+0200] {processor.py:830} INFO - Processing file /home/leoja/airflow/airflow_venv/lib/python3.12/site-packages/airflow/example_dags/example_datasets.py for tasks to queue
[2025-07-10T11:17:32.195+0200] {logging_mixin.py:188} INFO - [2025-07-10T11:17:32.194+0200] {dagbag.py:540} INFO - Filling up the DagBag from /home/leoja/airflow/airflow_venv/lib/python3.12/site-packages/airflow/example_dags/example_datasets.py
[2025-07-10T11:17:32.205+0200] {processor.py:840} INFO - DAG(s) 'consume_1_or_2_with_dataset_expressions', 'consume_1_or_both_2_and_3_with_dataset_expressions', 'dataset_consumes_1_and_2', 'dataset_consumes_unknown_never_scheduled', 'conditional_dataset_and_time_based_timetable', 'dataset_produces_1', 'dataset_consumes_1', 'dataset_produces_2', 'dataset_consumes_1_never_scheduled', 'consume_1_and_2_with_dataset_expressions' retrieved from /home/leoja/airflow/airflow_venv/lib/python3.12/site-packages/airflow/example_dags/example_datasets.py
[2025-07-10T11:17:32.229+0200] {logging_mixin.py:188} INFO - [2025-07-10T11:17:32.229+0200] {dag.py:3096} INFO - Sync 10 DAGs
[2025-07-10T11:17:32.246+0200] {logging_mixin.py:188} INFO - [2025-07-10T11:17:32.246+0200] {dag.py:3954} INFO - Setting next_dagrun for conditional_dataset_and_time_based_timetable to 2025-07-09 01:00:00+00:00, run_after=2025-07-09 01:00:00+00:00
[2025-07-10T11:17:32.249+0200] {logging_mixin.py:188} INFO - [2025-07-10T11:17:32.249+0200] {dag.py:3954} INFO - Setting next_dagrun for consume_1_and_2_with_dataset_expressions to None, run_after=None
[2025-07-10T11:17:32.249+0200] {logging_mixin.py:188} INFO - [2025-07-10T11:17:32.249+0200] {dag.py:3954} INFO - Setting next_dagrun for consume_1_or_2_with_dataset_expressions to None, run_after=None
[2025-07-10T11:17:32.250+0200] {logging_mixin.py:188} INFO - [2025-07-10T11:17:32.250+0200] {dag.py:3954} INFO - Setting next_dagrun for consume_1_or_both_2_and_3_with_dataset_expressions to None, run_after=None
[2025-07-10T11:17:32.250+0200] {logging_mixin.py:188} INFO - [2025-07-10T11:17:32.250+0200] {dag.py:3954} INFO - Setting next_dagrun for dataset_consumes_1 to None, run_after=None
[2025-07-10T11:17:32.251+0200] {logging_mixin.py:188} INFO - [2025-07-10T11:17:32.251+0200] {dag.py:3954} INFO - Setting next_dagrun for dataset_consumes_1_and_2 to None, run_after=None
[2025-07-10T11:17:32.251+0200] {logging_mixin.py:188} INFO - [2025-07-10T11:17:32.251+0200] {dag.py:3954} INFO - Setting next_dagrun for dataset_consumes_1_never_scheduled to None, run_after=None
[2025-07-10T11:17:32.251+0200] {logging_mixin.py:188} INFO - [2025-07-10T11:17:32.251+0200] {dag.py:3954} INFO - Setting next_dagrun for dataset_consumes_unknown_never_scheduled to None, run_after=None
[2025-07-10T11:17:32.253+0200] {logging_mixin.py:188} INFO - [2025-07-10T11:17:32.253+0200] {dag.py:3954} INFO - Setting next_dagrun for dataset_produces_1 to 2025-07-09 00:00:00+00:00, run_after=2025-07-10 00:00:00+00:00
[2025-07-10T11:17:32.253+0200] {logging_mixin.py:188} INFO - [2025-07-10T11:17:32.253+0200] {dag.py:3954} INFO - Setting next_dagrun for dataset_produces_2 to None, run_after=None
[2025-07-10T11:17:32.279+0200] {processor.py:183} INFO - Processing /home/leoja/airflow/airflow_venv/lib/python3.12/site-packages/airflow/example_dags/example_datasets.py took 0.094 seconds
[2025-07-10T11:18:23.626+0200] {processor.py:161} INFO - Started process (PID=51587) to work on /home/leoja/airflow/airflow_venv/lib/python3.12/site-packages/airflow/example_dags/example_datasets.py
[2025-07-10T11:18:23.628+0200] {processor.py:830} INFO - Processing file /home/leoja/airflow/airflow_venv/lib/python3.12/site-packages/airflow/example_dags/example_datasets.py for tasks to queue
[2025-07-10T11:18:23.630+0200] {logging_mixin.py:188} INFO - [2025-07-10T11:18:23.630+0200] {dagbag.py:540} INFO - Filling up the DagBag from /home/leoja/airflow/airflow_venv/lib/python3.12/site-packages/airflow/example_dags/example_datasets.py
[2025-07-10T11:18:23.645+0200] {processor.py:840} INFO - DAG(s) 'dataset_produces_1', 'consume_1_and_2_with_dataset_expressions', 'conditional_dataset_and_time_based_timetable', 'dataset_produces_2', 'dataset_consumes_1', 'consume_1_or_both_2_and_3_with_dataset_expressions', 'dataset_consumes_unknown_never_scheduled', 'dataset_consumes_1_and_2', 'dataset_consumes_1_never_scheduled', 'consume_1_or_2_with_dataset_expressions' retrieved from /home/leoja/airflow/airflow_venv/lib/python3.12/site-packages/airflow/example_dags/example_datasets.py
[2025-07-10T11:18:23.676+0200] {logging_mixin.py:188} INFO - [2025-07-10T11:18:23.676+0200] {dag.py:3096} INFO - Sync 10 DAGs
[2025-07-10T11:18:23.706+0200] {logging_mixin.py:188} INFO - [2025-07-10T11:18:23.705+0200] {dag.py:3954} INFO - Setting next_dagrun for conditional_dataset_and_time_based_timetable to 2025-07-09 01:00:00+00:00, run_after=2025-07-09 01:00:00+00:00
[2025-07-10T11:18:23.710+0200] {logging_mixin.py:188} INFO - [2025-07-10T11:18:23.710+0200] {dag.py:3954} INFO - Setting next_dagrun for consume_1_and_2_with_dataset_expressions to None, run_after=None
[2025-07-10T11:18:23.712+0200] {logging_mixin.py:188} INFO - [2025-07-10T11:18:23.712+0200] {dag.py:3954} INFO - Setting next_dagrun for consume_1_or_2_with_dataset_expressions to None, run_after=None
[2025-07-10T11:18:23.712+0200] {logging_mixin.py:188} INFO - [2025-07-10T11:18:23.712+0200] {dag.py:3954} INFO - Setting next_dagrun for consume_1_or_both_2_and_3_with_dataset_expressions to None, run_after=None
[2025-07-10T11:18:23.713+0200] {logging_mixin.py:188} INFO - [2025-07-10T11:18:23.713+0200] {dag.py:3954} INFO - Setting next_dagrun for dataset_consumes_1 to None, run_after=None
[2025-07-10T11:18:23.714+0200] {logging_mixin.py:188} INFO - [2025-07-10T11:18:23.713+0200] {dag.py:3954} INFO - Setting next_dagrun for dataset_consumes_1_and_2 to None, run_after=None
[2025-07-10T11:18:23.714+0200] {logging_mixin.py:188} INFO - [2025-07-10T11:18:23.714+0200] {dag.py:3954} INFO - Setting next_dagrun for dataset_consumes_1_never_scheduled to None, run_after=None
[2025-07-10T11:18:23.715+0200] {logging_mixin.py:188} INFO - [2025-07-10T11:18:23.715+0200] {dag.py:3954} INFO - Setting next_dagrun for dataset_consumes_unknown_never_scheduled to None, run_after=None
[2025-07-10T11:18:23.716+0200] {logging_mixin.py:188} INFO - [2025-07-10T11:18:23.716+0200] {dag.py:3954} INFO - Setting next_dagrun for dataset_produces_1 to 2025-07-09 00:00:00+00:00, run_after=2025-07-10 00:00:00+00:00
[2025-07-10T11:18:23.717+0200] {logging_mixin.py:188} INFO - [2025-07-10T11:18:23.717+0200] {dag.py:3954} INFO - Setting next_dagrun for dataset_produces_2 to None, run_after=None
[2025-07-10T11:18:23.748+0200] {processor.py:183} INFO - Processing /home/leoja/airflow/airflow_venv/lib/python3.12/site-packages/airflow/example_dags/example_datasets.py took 0.128 seconds
[2025-07-10T11:19:20.492+0200] {processor.py:161} INFO - Started process (PID=51914) to work on /home/leoja/airflow/airflow_venv/lib/python3.12/site-packages/airflow/example_dags/example_datasets.py
[2025-07-10T11:19:20.493+0200] {processor.py:830} INFO - Processing file /home/leoja/airflow/airflow_venv/lib/python3.12/site-packages/airflow/example_dags/example_datasets.py for tasks to queue
[2025-07-10T11:19:20.494+0200] {logging_mixin.py:188} INFO - [2025-07-10T11:19:20.494+0200] {dagbag.py:540} INFO - Filling up the DagBag from /home/leoja/airflow/airflow_venv/lib/python3.12/site-packages/airflow/example_dags/example_datasets.py
[2025-07-10T11:19:20.505+0200] {processor.py:840} INFO - DAG(s) 'dataset_consumes_1', 'consume_1_or_2_with_dataset_expressions', 'conditional_dataset_and_time_based_timetable', 'dataset_produces_2', 'dataset_consumes_1_and_2', 'consume_1_and_2_with_dataset_expressions', 'consume_1_or_both_2_and_3_with_dataset_expressions', 'dataset_consumes_1_never_scheduled', 'dataset_consumes_unknown_never_scheduled', 'dataset_produces_1' retrieved from /home/leoja/airflow/airflow_venv/lib/python3.12/site-packages/airflow/example_dags/example_datasets.py
[2025-07-10T11:19:20.529+0200] {logging_mixin.py:188} INFO - [2025-07-10T11:19:20.528+0200] {dag.py:3096} INFO - Sync 10 DAGs
[2025-07-10T11:19:20.543+0200] {logging_mixin.py:188} INFO - [2025-07-10T11:19:20.543+0200] {dag.py:3954} INFO - Setting next_dagrun for conditional_dataset_and_time_based_timetable to 2025-07-09 01:00:00+00:00, run_after=2025-07-09 01:00:00+00:00
[2025-07-10T11:19:20.545+0200] {logging_mixin.py:188} INFO - [2025-07-10T11:19:20.545+0200] {dag.py:3954} INFO - Setting next_dagrun for consume_1_and_2_with_dataset_expressions to None, run_after=None
[2025-07-10T11:19:20.545+0200] {logging_mixin.py:188} INFO - [2025-07-10T11:19:20.545+0200] {dag.py:3954} INFO - Setting next_dagrun for consume_1_or_2_with_dataset_expressions to None, run_after=None
[2025-07-10T11:19:20.546+0200] {logging_mixin.py:188} INFO - [2025-07-10T11:19:20.546+0200] {dag.py:3954} INFO - Setting next_dagrun for consume_1_or_both_2_and_3_with_dataset_expressions to None, run_after=None
[2025-07-10T11:19:20.546+0200] {logging_mixin.py:188} INFO - [2025-07-10T11:19:20.546+0200] {dag.py:3954} INFO - Setting next_dagrun for dataset_consumes_1 to None, run_after=None
[2025-07-10T11:19:20.547+0200] {logging_mixin.py:188} INFO - [2025-07-10T11:19:20.547+0200] {dag.py:3954} INFO - Setting next_dagrun for dataset_consumes_1_and_2 to None, run_after=None
[2025-07-10T11:19:20.547+0200] {logging_mixin.py:188} INFO - [2025-07-10T11:19:20.547+0200] {dag.py:3954} INFO - Setting next_dagrun for dataset_consumes_1_never_scheduled to None, run_after=None
[2025-07-10T11:19:20.547+0200] {logging_mixin.py:188} INFO - [2025-07-10T11:19:20.547+0200] {dag.py:3954} INFO - Setting next_dagrun for dataset_consumes_unknown_never_scheduled to None, run_after=None
[2025-07-10T11:19:20.549+0200] {logging_mixin.py:188} INFO - [2025-07-10T11:19:20.549+0200] {dag.py:3954} INFO - Setting next_dagrun for dataset_produces_1 to 2025-07-09 00:00:00+00:00, run_after=2025-07-10 00:00:00+00:00
[2025-07-10T11:19:20.550+0200] {logging_mixin.py:188} INFO - [2025-07-10T11:19:20.549+0200] {dag.py:3954} INFO - Setting next_dagrun for dataset_produces_2 to None, run_after=None
[2025-07-10T11:19:20.576+0200] {processor.py:183} INFO - Processing /home/leoja/airflow/airflow_venv/lib/python3.12/site-packages/airflow/example_dags/example_datasets.py took 0.089 seconds
[2025-07-10T11:20:11.387+0200] {processor.py:161} INFO - Started process (PID=52228) to work on /home/leoja/airflow/airflow_venv/lib/python3.12/site-packages/airflow/example_dags/example_datasets.py
[2025-07-10T11:20:11.389+0200] {processor.py:830} INFO - Processing file /home/leoja/airflow/airflow_venv/lib/python3.12/site-packages/airflow/example_dags/example_datasets.py for tasks to queue
[2025-07-10T11:20:11.389+0200] {logging_mixin.py:188} INFO - [2025-07-10T11:20:11.389+0200] {dagbag.py:540} INFO - Filling up the DagBag from /home/leoja/airflow/airflow_venv/lib/python3.12/site-packages/airflow/example_dags/example_datasets.py
[2025-07-10T11:20:11.400+0200] {processor.py:840} INFO - DAG(s) 'consume_1_and_2_with_dataset_expressions', 'dataset_consumes_1_never_scheduled', 'dataset_consumes_1_and_2', 'dataset_produces_1', 'consume_1_or_2_with_dataset_expressions', 'consume_1_or_both_2_and_3_with_dataset_expressions', 'dataset_produces_2', 'conditional_dataset_and_time_based_timetable', 'dataset_consumes_unknown_never_scheduled', 'dataset_consumes_1' retrieved from /home/leoja/airflow/airflow_venv/lib/python3.12/site-packages/airflow/example_dags/example_datasets.py
[2025-07-10T11:20:11.422+0200] {logging_mixin.py:188} INFO - [2025-07-10T11:20:11.421+0200] {dag.py:3096} INFO - Sync 10 DAGs
[2025-07-10T11:20:11.435+0200] {logging_mixin.py:188} INFO - [2025-07-10T11:20:11.435+0200] {dag.py:3954} INFO - Setting next_dagrun for conditional_dataset_and_time_based_timetable to 2025-07-09 01:00:00+00:00, run_after=2025-07-09 01:00:00+00:00
[2025-07-10T11:20:11.437+0200] {logging_mixin.py:188} INFO - [2025-07-10T11:20:11.437+0200] {dag.py:3954} INFO - Setting next_dagrun for consume_1_and_2_with_dataset_expressions to None, run_after=None
[2025-07-10T11:20:11.438+0200] {logging_mixin.py:188} INFO - [2025-07-10T11:20:11.438+0200] {dag.py:3954} INFO - Setting next_dagrun for consume_1_or_2_with_dataset_expressions to None, run_after=None
[2025-07-10T11:20:11.438+0200] {logging_mixin.py:188} INFO - [2025-07-10T11:20:11.438+0200] {dag.py:3954} INFO - Setting next_dagrun for consume_1_or_both_2_and_3_with_dataset_expressions to None, run_after=None
[2025-07-10T11:20:11.439+0200] {logging_mixin.py:188} INFO - [2025-07-10T11:20:11.439+0200] {dag.py:3954} INFO - Setting next_dagrun for dataset_consumes_1 to None, run_after=None
[2025-07-10T11:20:11.439+0200] {logging_mixin.py:188} INFO - [2025-07-10T11:20:11.439+0200] {dag.py:3954} INFO - Setting next_dagrun for dataset_consumes_1_and_2 to None, run_after=None
[2025-07-10T11:20:11.440+0200] {logging_mixin.py:188} INFO - [2025-07-10T11:20:11.440+0200] {dag.py:3954} INFO - Setting next_dagrun for dataset_consumes_1_never_scheduled to None, run_after=None
[2025-07-10T11:20:11.440+0200] {logging_mixin.py:188} INFO - [2025-07-10T11:20:11.440+0200] {dag.py:3954} INFO - Setting next_dagrun for dataset_consumes_unknown_never_scheduled to None, run_after=None
[2025-07-10T11:20:11.441+0200] {logging_mixin.py:188} INFO - [2025-07-10T11:20:11.441+0200] {dag.py:3954} INFO - Setting next_dagrun for dataset_produces_1 to 2025-07-09 00:00:00+00:00, run_after=2025-07-10 00:00:00+00:00
[2025-07-10T11:20:11.441+0200] {logging_mixin.py:188} INFO - [2025-07-10T11:20:11.441+0200] {dag.py:3954} INFO - Setting next_dagrun for dataset_produces_2 to None, run_after=None
[2025-07-10T11:20:11.475+0200] {processor.py:183} INFO - Processing /home/leoja/airflow/airflow_venv/lib/python3.12/site-packages/airflow/example_dags/example_datasets.py took 0.092 seconds
[2025-07-10T11:21:05.723+0200] {processor.py:161} INFO - Started process (PID=52535) to work on /home/leoja/airflow/airflow_venv/lib/python3.12/site-packages/airflow/example_dags/example_datasets.py
[2025-07-10T11:21:05.724+0200] {processor.py:830} INFO - Processing file /home/leoja/airflow/airflow_venv/lib/python3.12/site-packages/airflow/example_dags/example_datasets.py for tasks to queue
[2025-07-10T11:21:05.725+0200] {logging_mixin.py:188} INFO - [2025-07-10T11:21:05.725+0200] {dagbag.py:540} INFO - Filling up the DagBag from /home/leoja/airflow/airflow_venv/lib/python3.12/site-packages/airflow/example_dags/example_datasets.py
[2025-07-10T11:21:05.738+0200] {processor.py:840} INFO - DAG(s) 'dataset_produces_1', 'dataset_produces_2', 'dataset_consumes_1_and_2', 'consume_1_and_2_with_dataset_expressions', 'dataset_consumes_1', 'consume_1_or_2_with_dataset_expressions', 'consume_1_or_both_2_and_3_with_dataset_expressions', 'conditional_dataset_and_time_based_timetable', 'dataset_consumes_1_never_scheduled', 'dataset_consumes_unknown_never_scheduled' retrieved from /home/leoja/airflow/airflow_venv/lib/python3.12/site-packages/airflow/example_dags/example_datasets.py
[2025-07-10T11:21:05.767+0200] {logging_mixin.py:188} INFO - [2025-07-10T11:21:05.767+0200] {dag.py:3096} INFO - Sync 10 DAGs
[2025-07-10T11:21:05.784+0200] {logging_mixin.py:188} INFO - [2025-07-10T11:21:05.784+0200] {dag.py:3954} INFO - Setting next_dagrun for conditional_dataset_and_time_based_timetable to 2025-07-09 01:00:00+00:00, run_after=2025-07-09 01:00:00+00:00
[2025-07-10T11:21:05.786+0200] {logging_mixin.py:188} INFO - [2025-07-10T11:21:05.786+0200] {dag.py:3954} INFO - Setting next_dagrun for consume_1_and_2_with_dataset_expressions to None, run_after=None
[2025-07-10T11:21:05.788+0200] {logging_mixin.py:188} INFO - [2025-07-10T11:21:05.788+0200] {dag.py:3954} INFO - Setting next_dagrun for consume_1_or_2_with_dataset_expressions to None, run_after=None
[2025-07-10T11:21:05.789+0200] {logging_mixin.py:188} INFO - [2025-07-10T11:21:05.788+0200] {dag.py:3954} INFO - Setting next_dagrun for consume_1_or_both_2_and_3_with_dataset_expressions to None, run_after=None
[2025-07-10T11:21:05.789+0200] {logging_mixin.py:188} INFO - [2025-07-10T11:21:05.789+0200] {dag.py:3954} INFO - Setting next_dagrun for dataset_consumes_1 to None, run_after=None
[2025-07-10T11:21:05.790+0200] {logging_mixin.py:188} INFO - [2025-07-10T11:21:05.790+0200] {dag.py:3954} INFO - Setting next_dagrun for dataset_consumes_1_and_2 to None, run_after=None
[2025-07-10T11:21:05.790+0200] {logging_mixin.py:188} INFO - [2025-07-10T11:21:05.790+0200] {dag.py:3954} INFO - Setting next_dagrun for dataset_consumes_1_never_scheduled to None, run_after=None
[2025-07-10T11:21:05.790+0200] {logging_mixin.py:188} INFO - [2025-07-10T11:21:05.790+0200] {dag.py:3954} INFO - Setting next_dagrun for dataset_consumes_unknown_never_scheduled to None, run_after=None
[2025-07-10T11:21:05.791+0200] {logging_mixin.py:188} INFO - [2025-07-10T11:21:05.791+0200] {dag.py:3954} INFO - Setting next_dagrun for dataset_produces_1 to 2025-07-09 00:00:00+00:00, run_after=2025-07-10 00:00:00+00:00
[2025-07-10T11:21:05.792+0200] {logging_mixin.py:188} INFO - [2025-07-10T11:21:05.792+0200] {dag.py:3954} INFO - Setting next_dagrun for dataset_produces_2 to None, run_after=None
[2025-07-10T11:21:05.821+0200] {processor.py:183} INFO - Processing /home/leoja/airflow/airflow_venv/lib/python3.12/site-packages/airflow/example_dags/example_datasets.py took 0.102 seconds
[2025-07-10T11:21:53.976+0200] {processor.py:161} INFO - Started process (PID=52780) to work on /home/leoja/airflow/airflow_venv/lib/python3.12/site-packages/airflow/example_dags/example_datasets.py
[2025-07-10T11:21:53.978+0200] {processor.py:830} INFO - Processing file /home/leoja/airflow/airflow_venv/lib/python3.12/site-packages/airflow/example_dags/example_datasets.py for tasks to queue
[2025-07-10T11:21:53.978+0200] {logging_mixin.py:188} INFO - [2025-07-10T11:21:53.978+0200] {dagbag.py:540} INFO - Filling up the DagBag from /home/leoja/airflow/airflow_venv/lib/python3.12/site-packages/airflow/example_dags/example_datasets.py
[2025-07-10T11:21:53.989+0200] {processor.py:840} INFO - DAG(s) 'dataset_consumes_unknown_never_scheduled', 'dataset_produces_2', 'dataset_consumes_1', 'consume_1_or_both_2_and_3_with_dataset_expressions', 'dataset_consumes_1_and_2', 'conditional_dataset_and_time_based_timetable', 'dataset_consumes_1_never_scheduled', 'consume_1_or_2_with_dataset_expressions', 'dataset_produces_1', 'consume_1_and_2_with_dataset_expressions' retrieved from /home/leoja/airflow/airflow_venv/lib/python3.12/site-packages/airflow/example_dags/example_datasets.py
[2025-07-10T11:21:54.013+0200] {logging_mixin.py:188} INFO - [2025-07-10T11:21:54.013+0200] {dag.py:3096} INFO - Sync 10 DAGs
[2025-07-10T11:21:54.027+0200] {logging_mixin.py:188} INFO - [2025-07-10T11:21:54.027+0200] {dag.py:3954} INFO - Setting next_dagrun for conditional_dataset_and_time_based_timetable to 2025-07-09 01:00:00+00:00, run_after=2025-07-09 01:00:00+00:00
[2025-07-10T11:21:54.029+0200] {logging_mixin.py:188} INFO - [2025-07-10T11:21:54.029+0200] {dag.py:3954} INFO - Setting next_dagrun for consume_1_and_2_with_dataset_expressions to None, run_after=None
[2025-07-10T11:21:54.030+0200] {logging_mixin.py:188} INFO - [2025-07-10T11:21:54.030+0200] {dag.py:3954} INFO - Setting next_dagrun for consume_1_or_2_with_dataset_expressions to None, run_after=None
[2025-07-10T11:21:54.030+0200] {logging_mixin.py:188} INFO - [2025-07-10T11:21:54.030+0200] {dag.py:3954} INFO - Setting next_dagrun for consume_1_or_both_2_and_3_with_dataset_expressions to None, run_after=None
[2025-07-10T11:21:54.030+0200] {logging_mixin.py:188} INFO - [2025-07-10T11:21:54.030+0200] {dag.py:3954} INFO - Setting next_dagrun for dataset_consumes_1 to None, run_after=None
[2025-07-10T11:21:54.031+0200] {logging_mixin.py:188} INFO - [2025-07-10T11:21:54.031+0200] {dag.py:3954} INFO - Setting next_dagrun for dataset_consumes_1_and_2 to None, run_after=None
[2025-07-10T11:21:54.031+0200] {logging_mixin.py:188} INFO - [2025-07-10T11:21:54.031+0200] {dag.py:3954} INFO - Setting next_dagrun for dataset_consumes_1_never_scheduled to None, run_after=None
[2025-07-10T11:21:54.032+0200] {logging_mixin.py:188} INFO - [2025-07-10T11:21:54.032+0200] {dag.py:3954} INFO - Setting next_dagrun for dataset_consumes_unknown_never_scheduled to None, run_after=None
[2025-07-10T11:21:54.033+0200] {logging_mixin.py:188} INFO - [2025-07-10T11:21:54.033+0200] {dag.py:3954} INFO - Setting next_dagrun for dataset_produces_1 to 2025-07-09 00:00:00+00:00, run_after=2025-07-10 00:00:00+00:00
[2025-07-10T11:21:54.033+0200] {logging_mixin.py:188} INFO - [2025-07-10T11:21:54.033+0200] {dag.py:3954} INFO - Setting next_dagrun for dataset_produces_2 to None, run_after=None
[2025-07-10T11:21:54.058+0200] {processor.py:183} INFO - Processing /home/leoja/airflow/airflow_venv/lib/python3.12/site-packages/airflow/example_dags/example_datasets.py took 0.088 seconds
[2025-07-10T11:22:49.408+0200] {processor.py:161} INFO - Started process (PID=53090) to work on /home/leoja/airflow/airflow_venv/lib/python3.12/site-packages/airflow/example_dags/example_datasets.py
[2025-07-10T11:22:49.415+0200] {processor.py:830} INFO - Processing file /home/leoja/airflow/airflow_venv/lib/python3.12/site-packages/airflow/example_dags/example_datasets.py for tasks to queue
[2025-07-10T11:22:49.416+0200] {logging_mixin.py:188} INFO - [2025-07-10T11:22:49.415+0200] {dagbag.py:540} INFO - Filling up the DagBag from /home/leoja/airflow/airflow_venv/lib/python3.12/site-packages/airflow/example_dags/example_datasets.py
[2025-07-10T11:22:49.431+0200] {processor.py:840} INFO - DAG(s) 'conditional_dataset_and_time_based_timetable', 'consume_1_or_both_2_and_3_with_dataset_expressions', 'dataset_produces_1', 'dataset_consumes_1_never_scheduled', 'dataset_produces_2', 'consume_1_and_2_with_dataset_expressions', 'dataset_consumes_unknown_never_scheduled', 'consume_1_or_2_with_dataset_expressions', 'dataset_consumes_1_and_2', 'dataset_consumes_1' retrieved from /home/leoja/airflow/airflow_venv/lib/python3.12/site-packages/airflow/example_dags/example_datasets.py
[2025-07-10T11:22:49.470+0200] {logging_mixin.py:188} INFO - [2025-07-10T11:22:49.469+0200] {dag.py:3096} INFO - Sync 10 DAGs
[2025-07-10T11:22:49.496+0200] {logging_mixin.py:188} INFO - [2025-07-10T11:22:49.496+0200] {dag.py:3954} INFO - Setting next_dagrun for conditional_dataset_and_time_based_timetable to 2025-07-09 01:00:00+00:00, run_after=2025-07-09 01:00:00+00:00
[2025-07-10T11:22:49.499+0200] {logging_mixin.py:188} INFO - [2025-07-10T11:22:49.499+0200] {dag.py:3954} INFO - Setting next_dagrun for consume_1_and_2_with_dataset_expressions to None, run_after=None
[2025-07-10T11:22:49.500+0200] {logging_mixin.py:188} INFO - [2025-07-10T11:22:49.500+0200] {dag.py:3954} INFO - Setting next_dagrun for consume_1_or_2_with_dataset_expressions to None, run_after=None
[2025-07-10T11:22:49.501+0200] {logging_mixin.py:188} INFO - [2025-07-10T11:22:49.501+0200] {dag.py:3954} INFO - Setting next_dagrun for consume_1_or_both_2_and_3_with_dataset_expressions to None, run_after=None
[2025-07-10T11:22:49.501+0200] {logging_mixin.py:188} INFO - [2025-07-10T11:22:49.501+0200] {dag.py:3954} INFO - Setting next_dagrun for dataset_consumes_1 to None, run_after=None
[2025-07-10T11:22:49.502+0200] {logging_mixin.py:188} INFO - [2025-07-10T11:22:49.502+0200] {dag.py:3954} INFO - Setting next_dagrun for dataset_consumes_1_and_2 to None, run_after=None
[2025-07-10T11:22:49.502+0200] {logging_mixin.py:188} INFO - [2025-07-10T11:22:49.502+0200] {dag.py:3954} INFO - Setting next_dagrun for dataset_consumes_1_never_scheduled to None, run_after=None
[2025-07-10T11:22:49.503+0200] {logging_mixin.py:188} INFO - [2025-07-10T11:22:49.503+0200] {dag.py:3954} INFO - Setting next_dagrun for dataset_consumes_unknown_never_scheduled to None, run_after=None
[2025-07-10T11:22:49.504+0200] {logging_mixin.py:188} INFO - [2025-07-10T11:22:49.504+0200] {dag.py:3954} INFO - Setting next_dagrun for dataset_produces_1 to 2025-07-09 00:00:00+00:00, run_after=2025-07-10 00:00:00+00:00
[2025-07-10T11:22:49.505+0200] {logging_mixin.py:188} INFO - [2025-07-10T11:22:49.505+0200] {dag.py:3954} INFO - Setting next_dagrun for dataset_produces_2 to None, run_after=None
[2025-07-10T11:22:49.536+0200] {processor.py:183} INFO - Processing /home/leoja/airflow/airflow_venv/lib/python3.12/site-packages/airflow/example_dags/example_datasets.py took 0.135 seconds
[2025-07-10T11:23:41.813+0200] {processor.py:161} INFO - Started process (PID=53394) to work on /home/leoja/airflow/airflow_venv/lib/python3.12/site-packages/airflow/example_dags/example_datasets.py
[2025-07-10T11:23:41.814+0200] {processor.py:830} INFO - Processing file /home/leoja/airflow/airflow_venv/lib/python3.12/site-packages/airflow/example_dags/example_datasets.py for tasks to queue
[2025-07-10T11:23:41.815+0200] {logging_mixin.py:188} INFO - [2025-07-10T11:23:41.815+0200] {dagbag.py:540} INFO - Filling up the DagBag from /home/leoja/airflow/airflow_venv/lib/python3.12/site-packages/airflow/example_dags/example_datasets.py
[2025-07-10T11:23:41.825+0200] {processor.py:840} INFO - DAG(s) 'dataset_consumes_1_and_2', 'conditional_dataset_and_time_based_timetable', 'dataset_consumes_1_never_scheduled', 'consume_1_or_both_2_and_3_with_dataset_expressions', 'consume_1_and_2_with_dataset_expressions', 'dataset_consumes_1', 'dataset_produces_2', 'dataset_consumes_unknown_never_scheduled', 'dataset_produces_1', 'consume_1_or_2_with_dataset_expressions' retrieved from /home/leoja/airflow/airflow_venv/lib/python3.12/site-packages/airflow/example_dags/example_datasets.py
[2025-07-10T11:23:41.848+0200] {logging_mixin.py:188} INFO - [2025-07-10T11:23:41.848+0200] {dag.py:3096} INFO - Sync 10 DAGs
[2025-07-10T11:23:41.863+0200] {logging_mixin.py:188} INFO - [2025-07-10T11:23:41.863+0200] {dag.py:3954} INFO - Setting next_dagrun for conditional_dataset_and_time_based_timetable to 2025-07-09 01:00:00+00:00, run_after=2025-07-09 01:00:00+00:00
[2025-07-10T11:23:41.865+0200] {logging_mixin.py:188} INFO - [2025-07-10T11:23:41.865+0200] {dag.py:3954} INFO - Setting next_dagrun for consume_1_and_2_with_dataset_expressions to None, run_after=None
[2025-07-10T11:23:41.866+0200] {logging_mixin.py:188} INFO - [2025-07-10T11:23:41.866+0200] {dag.py:3954} INFO - Setting next_dagrun for consume_1_or_2_with_dataset_expressions to None, run_after=None
[2025-07-10T11:23:41.866+0200] {logging_mixin.py:188} INFO - [2025-07-10T11:23:41.866+0200] {dag.py:3954} INFO - Setting next_dagrun for consume_1_or_both_2_and_3_with_dataset_expressions to None, run_after=None
[2025-07-10T11:23:41.867+0200] {logging_mixin.py:188} INFO - [2025-07-10T11:23:41.866+0200] {dag.py:3954} INFO - Setting next_dagrun for dataset_consumes_1 to None, run_after=None
[2025-07-10T11:23:41.867+0200] {logging_mixin.py:188} INFO - [2025-07-10T11:23:41.867+0200] {dag.py:3954} INFO - Setting next_dagrun for dataset_consumes_1_and_2 to None, run_after=None
[2025-07-10T11:23:41.867+0200] {logging_mixin.py:188} INFO - [2025-07-10T11:23:41.867+0200] {dag.py:3954} INFO - Setting next_dagrun for dataset_consumes_1_never_scheduled to None, run_after=None
[2025-07-10T11:23:41.868+0200] {logging_mixin.py:188} INFO - [2025-07-10T11:23:41.868+0200] {dag.py:3954} INFO - Setting next_dagrun for dataset_consumes_unknown_never_scheduled to None, run_after=None
[2025-07-10T11:23:41.869+0200] {logging_mixin.py:188} INFO - [2025-07-10T11:23:41.869+0200] {dag.py:3954} INFO - Setting next_dagrun for dataset_produces_1 to 2025-07-09 00:00:00+00:00, run_after=2025-07-10 00:00:00+00:00
[2025-07-10T11:23:41.869+0200] {logging_mixin.py:188} INFO - [2025-07-10T11:23:41.869+0200] {dag.py:3954} INFO - Setting next_dagrun for dataset_produces_2 to None, run_after=None
[2025-07-10T11:23:41.894+0200] {processor.py:183} INFO - Processing /home/leoja/airflow/airflow_venv/lib/python3.12/site-packages/airflow/example_dags/example_datasets.py took 0.086 seconds
[2025-07-10T11:24:38.931+0200] {processor.py:161} INFO - Started process (PID=53637) to work on /home/leoja/airflow/airflow_venv/lib/python3.12/site-packages/airflow/example_dags/example_datasets.py
[2025-07-10T11:24:38.933+0200] {processor.py:830} INFO - Processing file /home/leoja/airflow/airflow_venv/lib/python3.12/site-packages/airflow/example_dags/example_datasets.py for tasks to queue
[2025-07-10T11:24:38.934+0200] {logging_mixin.py:188} INFO - [2025-07-10T11:24:38.934+0200] {dagbag.py:540} INFO - Filling up the DagBag from /home/leoja/airflow/airflow_venv/lib/python3.12/site-packages/airflow/example_dags/example_datasets.py
[2025-07-10T11:24:38.944+0200] {processor.py:840} INFO - DAG(s) 'dataset_consumes_1_never_scheduled', 'dataset_produces_2', 'dataset_consumes_unknown_never_scheduled', 'consume_1_and_2_with_dataset_expressions', 'dataset_consumes_1', 'conditional_dataset_and_time_based_timetable', 'consume_1_or_both_2_and_3_with_dataset_expressions', 'dataset_produces_1', 'consume_1_or_2_with_dataset_expressions', 'dataset_consumes_1_and_2' retrieved from /home/leoja/airflow/airflow_venv/lib/python3.12/site-packages/airflow/example_dags/example_datasets.py
[2025-07-10T11:24:38.965+0200] {logging_mixin.py:188} INFO - [2025-07-10T11:24:38.965+0200] {dag.py:3096} INFO - Sync 10 DAGs
[2025-07-10T11:24:38.981+0200] {logging_mixin.py:188} INFO - [2025-07-10T11:24:38.980+0200] {dag.py:3954} INFO - Setting next_dagrun for conditional_dataset_and_time_based_timetable to 2025-07-09 01:00:00+00:00, run_after=2025-07-09 01:00:00+00:00
[2025-07-10T11:24:38.982+0200] {logging_mixin.py:188} INFO - [2025-07-10T11:24:38.982+0200] {dag.py:3954} INFO - Setting next_dagrun for consume_1_and_2_with_dataset_expressions to None, run_after=None
[2025-07-10T11:24:38.983+0200] {logging_mixin.py:188} INFO - [2025-07-10T11:24:38.983+0200] {dag.py:3954} INFO - Setting next_dagrun for consume_1_or_2_with_dataset_expressions to None, run_after=None
[2025-07-10T11:24:38.984+0200] {logging_mixin.py:188} INFO - [2025-07-10T11:24:38.983+0200] {dag.py:3954} INFO - Setting next_dagrun for consume_1_or_both_2_and_3_with_dataset_expressions to None, run_after=None
[2025-07-10T11:24:38.984+0200] {logging_mixin.py:188} INFO - [2025-07-10T11:24:38.984+0200] {dag.py:3954} INFO - Setting next_dagrun for dataset_consumes_1 to None, run_after=None
[2025-07-10T11:24:38.984+0200] {logging_mixin.py:188} INFO - [2025-07-10T11:24:38.984+0200] {dag.py:3954} INFO - Setting next_dagrun for dataset_consumes_1_and_2 to None, run_after=None
[2025-07-10T11:24:38.985+0200] {logging_mixin.py:188} INFO - [2025-07-10T11:24:38.985+0200] {dag.py:3954} INFO - Setting next_dagrun for dataset_consumes_1_never_scheduled to None, run_after=None
[2025-07-10T11:24:38.985+0200] {logging_mixin.py:188} INFO - [2025-07-10T11:24:38.985+0200] {dag.py:3954} INFO - Setting next_dagrun for dataset_consumes_unknown_never_scheduled to None, run_after=None
[2025-07-10T11:24:38.986+0200] {logging_mixin.py:188} INFO - [2025-07-10T11:24:38.986+0200] {dag.py:3954} INFO - Setting next_dagrun for dataset_produces_1 to 2025-07-09 00:00:00+00:00, run_after=2025-07-10 00:00:00+00:00
[2025-07-10T11:24:38.987+0200] {logging_mixin.py:188} INFO - [2025-07-10T11:24:38.987+0200] {dag.py:3954} INFO - Setting next_dagrun for dataset_produces_2 to None, run_after=None
[2025-07-10T11:24:39.010+0200] {processor.py:183} INFO - Processing /home/leoja/airflow/airflow_venv/lib/python3.12/site-packages/airflow/example_dags/example_datasets.py took 0.084 seconds
[2025-07-10T11:25:31.141+0200] {processor.py:161} INFO - Started process (PID=53915) to work on /home/leoja/airflow/airflow_venv/lib/python3.12/site-packages/airflow/example_dags/example_datasets.py
[2025-07-10T11:25:31.142+0200] {processor.py:830} INFO - Processing file /home/leoja/airflow/airflow_venv/lib/python3.12/site-packages/airflow/example_dags/example_datasets.py for tasks to queue
[2025-07-10T11:25:31.143+0200] {logging_mixin.py:188} INFO - [2025-07-10T11:25:31.143+0200] {dagbag.py:540} INFO - Filling up the DagBag from /home/leoja/airflow/airflow_venv/lib/python3.12/site-packages/airflow/example_dags/example_datasets.py
[2025-07-10T11:25:31.155+0200] {processor.py:840} INFO - DAG(s) 'consume_1_and_2_with_dataset_expressions', 'dataset_produces_1', 'conditional_dataset_and_time_based_timetable', 'dataset_consumes_1', 'dataset_consumes_1_never_scheduled', 'dataset_consumes_1_and_2', 'consume_1_or_both_2_and_3_with_dataset_expressions', 'consume_1_or_2_with_dataset_expressions', 'dataset_consumes_unknown_never_scheduled', 'dataset_produces_2' retrieved from /home/leoja/airflow/airflow_venv/lib/python3.12/site-packages/airflow/example_dags/example_datasets.py
[2025-07-10T11:25:31.184+0200] {logging_mixin.py:188} INFO - [2025-07-10T11:25:31.184+0200] {dag.py:3096} INFO - Sync 10 DAGs
[2025-07-10T11:25:31.202+0200] {logging_mixin.py:188} INFO - [2025-07-10T11:25:31.202+0200] {dag.py:3954} INFO - Setting next_dagrun for conditional_dataset_and_time_based_timetable to 2025-07-09 01:00:00+00:00, run_after=2025-07-09 01:00:00+00:00
[2025-07-10T11:25:31.204+0200] {logging_mixin.py:188} INFO - [2025-07-10T11:25:31.204+0200] {dag.py:3954} INFO - Setting next_dagrun for consume_1_and_2_with_dataset_expressions to None, run_after=None
[2025-07-10T11:25:31.206+0200] {logging_mixin.py:188} INFO - [2025-07-10T11:25:31.206+0200] {dag.py:3954} INFO - Setting next_dagrun for consume_1_or_2_with_dataset_expressions to None, run_after=None
[2025-07-10T11:25:31.207+0200] {logging_mixin.py:188} INFO - [2025-07-10T11:25:31.207+0200] {dag.py:3954} INFO - Setting next_dagrun for consume_1_or_both_2_and_3_with_dataset_expressions to None, run_after=None
[2025-07-10T11:25:31.207+0200] {logging_mixin.py:188} INFO - [2025-07-10T11:25:31.207+0200] {dag.py:3954} INFO - Setting next_dagrun for dataset_consumes_1 to None, run_after=None
[2025-07-10T11:25:31.208+0200] {logging_mixin.py:188} INFO - [2025-07-10T11:25:31.208+0200] {dag.py:3954} INFO - Setting next_dagrun for dataset_consumes_1_and_2 to None, run_after=None
[2025-07-10T11:25:31.208+0200] {logging_mixin.py:188} INFO - [2025-07-10T11:25:31.208+0200] {dag.py:3954} INFO - Setting next_dagrun for dataset_consumes_1_never_scheduled to None, run_after=None
[2025-07-10T11:25:31.209+0200] {logging_mixin.py:188} INFO - [2025-07-10T11:25:31.209+0200] {dag.py:3954} INFO - Setting next_dagrun for dataset_consumes_unknown_never_scheduled to None, run_after=None
[2025-07-10T11:25:31.210+0200] {logging_mixin.py:188} INFO - [2025-07-10T11:25:31.210+0200] {dag.py:3954} INFO - Setting next_dagrun for dataset_produces_1 to 2025-07-09 00:00:00+00:00, run_after=2025-07-10 00:00:00+00:00
[2025-07-10T11:25:31.211+0200] {logging_mixin.py:188} INFO - [2025-07-10T11:25:31.211+0200] {dag.py:3954} INFO - Setting next_dagrun for dataset_produces_2 to None, run_after=None
[2025-07-10T11:25:31.237+0200] {processor.py:183} INFO - Processing /home/leoja/airflow/airflow_venv/lib/python3.12/site-packages/airflow/example_dags/example_datasets.py took 0.103 seconds
[2025-07-10T11:26:24.899+0200] {processor.py:161} INFO - Started process (PID=54226) to work on /home/leoja/airflow/airflow_venv/lib/python3.12/site-packages/airflow/example_dags/example_datasets.py
[2025-07-10T11:26:24.901+0200] {processor.py:830} INFO - Processing file /home/leoja/airflow/airflow_venv/lib/python3.12/site-packages/airflow/example_dags/example_datasets.py for tasks to queue
[2025-07-10T11:26:24.901+0200] {logging_mixin.py:188} INFO - [2025-07-10T11:26:24.901+0200] {dagbag.py:540} INFO - Filling up the DagBag from /home/leoja/airflow/airflow_venv/lib/python3.12/site-packages/airflow/example_dags/example_datasets.py
[2025-07-10T11:26:24.914+0200] {processor.py:840} INFO - DAG(s) 'dataset_consumes_1_never_scheduled', 'dataset_consumes_unknown_never_scheduled', 'consume_1_and_2_with_dataset_expressions', 'dataset_produces_2', 'consume_1_or_both_2_and_3_with_dataset_expressions', 'dataset_consumes_1_and_2', 'dataset_consumes_1', 'consume_1_or_2_with_dataset_expressions', 'dataset_produces_1', 'conditional_dataset_and_time_based_timetable' retrieved from /home/leoja/airflow/airflow_venv/lib/python3.12/site-packages/airflow/example_dags/example_datasets.py
[2025-07-10T11:26:24.943+0200] {logging_mixin.py:188} INFO - [2025-07-10T11:26:24.943+0200] {dag.py:3096} INFO - Sync 10 DAGs
[2025-07-10T11:26:24.964+0200] {logging_mixin.py:188} INFO - [2025-07-10T11:26:24.964+0200] {dag.py:3954} INFO - Setting next_dagrun for conditional_dataset_and_time_based_timetable to 2025-07-09 01:00:00+00:00, run_after=2025-07-09 01:00:00+00:00
[2025-07-10T11:26:24.969+0200] {logging_mixin.py:188} INFO - [2025-07-10T11:26:24.969+0200] {dag.py:3954} INFO - Setting next_dagrun for consume_1_and_2_with_dataset_expressions to None, run_after=None
[2025-07-10T11:26:24.970+0200] {logging_mixin.py:188} INFO - [2025-07-10T11:26:24.970+0200] {dag.py:3954} INFO - Setting next_dagrun for consume_1_or_2_with_dataset_expressions to None, run_after=None
[2025-07-10T11:26:24.971+0200] {logging_mixin.py:188} INFO - [2025-07-10T11:26:24.971+0200] {dag.py:3954} INFO - Setting next_dagrun for consume_1_or_both_2_and_3_with_dataset_expressions to None, run_after=None
[2025-07-10T11:26:24.971+0200] {logging_mixin.py:188} INFO - [2025-07-10T11:26:24.971+0200] {dag.py:3954} INFO - Setting next_dagrun for dataset_consumes_1 to None, run_after=None
[2025-07-10T11:26:24.972+0200] {logging_mixin.py:188} INFO - [2025-07-10T11:26:24.972+0200] {dag.py:3954} INFO - Setting next_dagrun for dataset_consumes_1_and_2 to None, run_after=None
[2025-07-10T11:26:24.972+0200] {logging_mixin.py:188} INFO - [2025-07-10T11:26:24.972+0200] {dag.py:3954} INFO - Setting next_dagrun for dataset_consumes_1_never_scheduled to None, run_after=None
[2025-07-10T11:26:24.973+0200] {logging_mixin.py:188} INFO - [2025-07-10T11:26:24.972+0200] {dag.py:3954} INFO - Setting next_dagrun for dataset_consumes_unknown_never_scheduled to None, run_after=None
[2025-07-10T11:26:24.974+0200] {logging_mixin.py:188} INFO - [2025-07-10T11:26:24.973+0200] {dag.py:3954} INFO - Setting next_dagrun for dataset_produces_1 to 2025-07-09 00:00:00+00:00, run_after=2025-07-10 00:00:00+00:00
[2025-07-10T11:26:24.974+0200] {logging_mixin.py:188} INFO - [2025-07-10T11:26:24.974+0200] {dag.py:3954} INFO - Setting next_dagrun for dataset_produces_2 to None, run_after=None
[2025-07-10T11:26:25.007+0200] {processor.py:183} INFO - Processing /home/leoja/airflow/airflow_venv/lib/python3.12/site-packages/airflow/example_dags/example_datasets.py took 0.114 seconds
[2025-07-10T11:27:13.139+0200] {processor.py:161} INFO - Started process (PID=54465) to work on /home/leoja/airflow/airflow_venv/lib/python3.12/site-packages/airflow/example_dags/example_datasets.py
[2025-07-10T11:27:13.141+0200] {processor.py:830} INFO - Processing file /home/leoja/airflow/airflow_venv/lib/python3.12/site-packages/airflow/example_dags/example_datasets.py for tasks to queue
[2025-07-10T11:27:13.142+0200] {logging_mixin.py:188} INFO - [2025-07-10T11:27:13.141+0200] {dagbag.py:540} INFO - Filling up the DagBag from /home/leoja/airflow/airflow_venv/lib/python3.12/site-packages/airflow/example_dags/example_datasets.py
[2025-07-10T11:27:13.154+0200] {processor.py:840} INFO - DAG(s) 'dataset_consumes_1', 'consume_1_or_2_with_dataset_expressions', 'dataset_produces_2', 'conditional_dataset_and_time_based_timetable', 'dataset_consumes_1_never_scheduled', 'consume_1_and_2_with_dataset_expressions', 'dataset_consumes_unknown_never_scheduled', 'dataset_produces_1', 'consume_1_or_both_2_and_3_with_dataset_expressions', 'dataset_consumes_1_and_2' retrieved from /home/leoja/airflow/airflow_venv/lib/python3.12/site-packages/airflow/example_dags/example_datasets.py
[2025-07-10T11:27:13.180+0200] {logging_mixin.py:188} INFO - [2025-07-10T11:27:13.180+0200] {dag.py:3096} INFO - Sync 10 DAGs
[2025-07-10T11:27:13.199+0200] {logging_mixin.py:188} INFO - [2025-07-10T11:27:13.199+0200] {dag.py:3954} INFO - Setting next_dagrun for conditional_dataset_and_time_based_timetable to 2025-07-09 01:00:00+00:00, run_after=2025-07-09 01:00:00+00:00
[2025-07-10T11:27:13.202+0200] {logging_mixin.py:188} INFO - [2025-07-10T11:27:13.202+0200] {dag.py:3954} INFO - Setting next_dagrun for consume_1_and_2_with_dataset_expressions to None, run_after=None
[2025-07-10T11:27:13.203+0200] {logging_mixin.py:188} INFO - [2025-07-10T11:27:13.203+0200] {dag.py:3954} INFO - Setting next_dagrun for consume_1_or_2_with_dataset_expressions to None, run_after=None
[2025-07-10T11:27:13.203+0200] {logging_mixin.py:188} INFO - [2025-07-10T11:27:13.203+0200] {dag.py:3954} INFO - Setting next_dagrun for consume_1_or_both_2_and_3_with_dataset_expressions to None, run_after=None
[2025-07-10T11:27:13.204+0200] {logging_mixin.py:188} INFO - [2025-07-10T11:27:13.204+0200] {dag.py:3954} INFO - Setting next_dagrun for dataset_consumes_1 to None, run_after=None
[2025-07-10T11:27:13.205+0200] {logging_mixin.py:188} INFO - [2025-07-10T11:27:13.204+0200] {dag.py:3954} INFO - Setting next_dagrun for dataset_consumes_1_and_2 to None, run_after=None
[2025-07-10T11:27:13.205+0200] {logging_mixin.py:188} INFO - [2025-07-10T11:27:13.205+0200] {dag.py:3954} INFO - Setting next_dagrun for dataset_consumes_1_never_scheduled to None, run_after=None
[2025-07-10T11:27:13.205+0200] {logging_mixin.py:188} INFO - [2025-07-10T11:27:13.205+0200] {dag.py:3954} INFO - Setting next_dagrun for dataset_consumes_unknown_never_scheduled to None, run_after=None
[2025-07-10T11:27:13.206+0200] {logging_mixin.py:188} INFO - [2025-07-10T11:27:13.206+0200] {dag.py:3954} INFO - Setting next_dagrun for dataset_produces_1 to 2025-07-09 00:00:00+00:00, run_after=2025-07-10 00:00:00+00:00
[2025-07-10T11:27:13.207+0200] {logging_mixin.py:188} INFO - [2025-07-10T11:27:13.207+0200] {dag.py:3954} INFO - Setting next_dagrun for dataset_produces_2 to None, run_after=None
[2025-07-10T11:27:13.237+0200] {processor.py:183} INFO - Processing /home/leoja/airflow/airflow_venv/lib/python3.12/site-packages/airflow/example_dags/example_datasets.py took 0.106 seconds
[2025-07-10T11:45:01.867+0200] {processor.py:161} INFO - Started process (PID=54715) to work on /home/leoja/airflow/airflow_venv/lib/python3.12/site-packages/airflow/example_dags/example_datasets.py
[2025-07-10T11:45:01.869+0200] {processor.py:830} INFO - Processing file /home/leoja/airflow/airflow_venv/lib/python3.12/site-packages/airflow/example_dags/example_datasets.py for tasks to queue
[2025-07-10T11:45:01.870+0200] {logging_mixin.py:188} INFO - [2025-07-10T11:45:01.870+0200] {dagbag.py:540} INFO - Filling up the DagBag from /home/leoja/airflow/airflow_venv/lib/python3.12/site-packages/airflow/example_dags/example_datasets.py
[2025-07-10T11:45:01.890+0200] {processor.py:840} INFO - DAG(s) 'dataset_produces_1', 'dataset_consumes_1', 'dataset_produces_2', 'consume_1_and_2_with_dataset_expressions', 'consume_1_or_both_2_and_3_with_dataset_expressions', 'conditional_dataset_and_time_based_timetable', 'dataset_consumes_1_never_scheduled', 'dataset_consumes_1_and_2', 'dataset_consumes_unknown_never_scheduled', 'consume_1_or_2_with_dataset_expressions' retrieved from /home/leoja/airflow/airflow_venv/lib/python3.12/site-packages/airflow/example_dags/example_datasets.py
[2025-07-10T11:45:01.932+0200] {logging_mixin.py:188} INFO - [2025-07-10T11:45:01.931+0200] {dag.py:3096} INFO - Sync 10 DAGs
[2025-07-10T11:45:01.960+0200] {logging_mixin.py:188} INFO - [2025-07-10T11:45:01.960+0200] {dag.py:3954} INFO - Setting next_dagrun for conditional_dataset_and_time_based_timetable to 2025-07-09 01:00:00+00:00, run_after=2025-07-09 01:00:00+00:00
[2025-07-10T11:45:01.965+0200] {logging_mixin.py:188} INFO - [2025-07-10T11:45:01.964+0200] {dag.py:3954} INFO - Setting next_dagrun for consume_1_and_2_with_dataset_expressions to None, run_after=None
[2025-07-10T11:45:01.966+0200] {logging_mixin.py:188} INFO - [2025-07-10T11:45:01.966+0200] {dag.py:3954} INFO - Setting next_dagrun for consume_1_or_2_with_dataset_expressions to None, run_after=None
[2025-07-10T11:45:01.967+0200] {logging_mixin.py:188} INFO - [2025-07-10T11:45:01.967+0200] {dag.py:3954} INFO - Setting next_dagrun for consume_1_or_both_2_and_3_with_dataset_expressions to None, run_after=None
[2025-07-10T11:45:01.968+0200] {logging_mixin.py:188} INFO - [2025-07-10T11:45:01.968+0200] {dag.py:3954} INFO - Setting next_dagrun for dataset_consumes_1 to None, run_after=None
[2025-07-10T11:45:01.968+0200] {logging_mixin.py:188} INFO - [2025-07-10T11:45:01.968+0200] {dag.py:3954} INFO - Setting next_dagrun for dataset_consumes_1_and_2 to None, run_after=None
[2025-07-10T11:45:01.969+0200] {logging_mixin.py:188} INFO - [2025-07-10T11:45:01.969+0200] {dag.py:3954} INFO - Setting next_dagrun for dataset_consumes_1_never_scheduled to None, run_after=None
[2025-07-10T11:45:01.970+0200] {logging_mixin.py:188} INFO - [2025-07-10T11:45:01.969+0200] {dag.py:3954} INFO - Setting next_dagrun for dataset_consumes_unknown_never_scheduled to None, run_after=None
[2025-07-10T11:45:01.971+0200] {logging_mixin.py:188} INFO - [2025-07-10T11:45:01.971+0200] {dag.py:3954} INFO - Setting next_dagrun for dataset_produces_1 to 2025-07-09 00:00:00+00:00, run_after=2025-07-10 00:00:00+00:00
[2025-07-10T11:45:01.972+0200] {logging_mixin.py:188} INFO - [2025-07-10T11:45:01.971+0200] {dag.py:3954} INFO - Setting next_dagrun for dataset_produces_2 to None, run_after=None
[2025-07-10T11:45:02.008+0200] {processor.py:183} INFO - Processing /home/leoja/airflow/airflow_venv/lib/python3.12/site-packages/airflow/example_dags/example_datasets.py took 0.151 seconds
[2025-07-10T11:45:59.142+0200] {processor.py:161} INFO - Started process (PID=55021) to work on /home/leoja/airflow/airflow_venv/lib/python3.12/site-packages/airflow/example_dags/example_datasets.py
[2025-07-10T11:45:59.145+0200] {processor.py:830} INFO - Processing file /home/leoja/airflow/airflow_venv/lib/python3.12/site-packages/airflow/example_dags/example_datasets.py for tasks to queue
[2025-07-10T11:45:59.146+0200] {logging_mixin.py:188} INFO - [2025-07-10T11:45:59.146+0200] {dagbag.py:540} INFO - Filling up the DagBag from /home/leoja/airflow/airflow_venv/lib/python3.12/site-packages/airflow/example_dags/example_datasets.py
[2025-07-10T11:45:59.161+0200] {processor.py:840} INFO - DAG(s) 'dataset_consumes_unknown_never_scheduled', 'conditional_dataset_and_time_based_timetable', 'dataset_consumes_1_never_scheduled', 'dataset_produces_2', 'dataset_consumes_1', 'consume_1_or_2_with_dataset_expressions', 'dataset_produces_1', 'consume_1_and_2_with_dataset_expressions', 'consume_1_or_both_2_and_3_with_dataset_expressions', 'dataset_consumes_1_and_2' retrieved from /home/leoja/airflow/airflow_venv/lib/python3.12/site-packages/airflow/example_dags/example_datasets.py
[2025-07-10T11:45:59.192+0200] {logging_mixin.py:188} INFO - [2025-07-10T11:45:59.192+0200] {dag.py:3096} INFO - Sync 10 DAGs
[2025-07-10T11:45:59.213+0200] {logging_mixin.py:188} INFO - [2025-07-10T11:45:59.213+0200] {dag.py:3954} INFO - Setting next_dagrun for conditional_dataset_and_time_based_timetable to 2025-07-09 01:00:00+00:00, run_after=2025-07-09 01:00:00+00:00
[2025-07-10T11:45:59.217+0200] {logging_mixin.py:188} INFO - [2025-07-10T11:45:59.217+0200] {dag.py:3954} INFO - Setting next_dagrun for consume_1_and_2_with_dataset_expressions to None, run_after=None
[2025-07-10T11:45:59.219+0200] {logging_mixin.py:188} INFO - [2025-07-10T11:45:59.219+0200] {dag.py:3954} INFO - Setting next_dagrun for consume_1_or_2_with_dataset_expressions to None, run_after=None
[2025-07-10T11:45:59.219+0200] {logging_mixin.py:188} INFO - [2025-07-10T11:45:59.219+0200] {dag.py:3954} INFO - Setting next_dagrun for consume_1_or_both_2_and_3_with_dataset_expressions to None, run_after=None
[2025-07-10T11:45:59.220+0200] {logging_mixin.py:188} INFO - [2025-07-10T11:45:59.220+0200] {dag.py:3954} INFO - Setting next_dagrun for dataset_consumes_1 to None, run_after=None
[2025-07-10T11:45:59.221+0200] {logging_mixin.py:188} INFO - [2025-07-10T11:45:59.221+0200] {dag.py:3954} INFO - Setting next_dagrun for dataset_consumes_1_and_2 to None, run_after=None
[2025-07-10T11:45:59.221+0200] {logging_mixin.py:188} INFO - [2025-07-10T11:45:59.221+0200] {dag.py:3954} INFO - Setting next_dagrun for dataset_consumes_1_never_scheduled to None, run_after=None
[2025-07-10T11:45:59.222+0200] {logging_mixin.py:188} INFO - [2025-07-10T11:45:59.222+0200] {dag.py:3954} INFO - Setting next_dagrun for dataset_consumes_unknown_never_scheduled to None, run_after=None
[2025-07-10T11:45:59.223+0200] {logging_mixin.py:188} INFO - [2025-07-10T11:45:59.223+0200] {dag.py:3954} INFO - Setting next_dagrun for dataset_produces_1 to 2025-07-09 00:00:00+00:00, run_after=2025-07-10 00:00:00+00:00
[2025-07-10T11:45:59.224+0200] {logging_mixin.py:188} INFO - [2025-07-10T11:45:59.224+0200] {dag.py:3954} INFO - Setting next_dagrun for dataset_produces_2 to None, run_after=None
[2025-07-10T11:45:59.255+0200] {processor.py:183} INFO - Processing /home/leoja/airflow/airflow_venv/lib/python3.12/site-packages/airflow/example_dags/example_datasets.py took 0.118 seconds
