[2025-07-10T11:11:08.405+0200] {processor.py:161} INFO - Started process (PID=49141) to work on /home/leoja/airflow/airflow_venv/lib/python3.12/site-packages/airflow/example_dags/tutorial_taskflow_api.py
[2025-07-10T11:11:08.406+0200] {processor.py:830} INFO - Processing file /home/leoja/airflow/airflow_venv/lib/python3.12/site-packages/airflow/example_dags/tutorial_taskflow_api.py for tasks to queue
[2025-07-10T11:11:08.407+0200] {logging_mixin.py:188} INFO - [2025-07-10T11:11:08.407+0200] {dagbag.py:540} INFO - Filling up the DagBag from /home/leoja/airflow/airflow_venv/lib/python3.12/site-packages/airflow/example_dags/tutorial_taskflow_api.py
[2025-07-10T11:11:08.413+0200] {processor.py:840} INFO - DAG(s) 'tutorial_taskflow_api' retrieved from /home/leoja/airflow/airflow_venv/lib/python3.12/site-packages/airflow/example_dags/tutorial_taskflow_api.py
[2025-07-10T11:11:08.428+0200] {logging_mixin.py:188} INFO - [2025-07-10T11:11:08.428+0200] {dag.py:3096} INFO - Sync 1 DAGs
[2025-07-10T11:11:08.437+0200] {logging_mixin.py:188} INFO - [2025-07-10T11:11:08.437+0200] {dag.py:3954} INFO - Setting next_dagrun for tutorial_taskflow_api to None, run_after=None
[2025-07-10T11:11:08.469+0200] {processor.py:183} INFO - Processing /home/leoja/airflow/airflow_venv/lib/python3.12/site-packages/airflow/example_dags/tutorial_taskflow_api.py took 0.069 seconds
[2025-07-10T11:11:53.791+0200] {processor.py:161} INFO - Started process (PID=49360) to work on /home/leoja/airflow/airflow_venv/lib/python3.12/site-packages/airflow/example_dags/tutorial_taskflow_api.py
[2025-07-10T11:11:53.792+0200] {processor.py:830} INFO - Processing file /home/leoja/airflow/airflow_venv/lib/python3.12/site-packages/airflow/example_dags/tutorial_taskflow_api.py for tasks to queue
[2025-07-10T11:11:53.793+0200] {logging_mixin.py:188} INFO - [2025-07-10T11:11:53.793+0200] {dagbag.py:540} INFO - Filling up the DagBag from /home/leoja/airflow/airflow_venv/lib/python3.12/site-packages/airflow/example_dags/tutorial_taskflow_api.py
[2025-07-10T11:11:53.800+0200] {processor.py:840} INFO - DAG(s) 'tutorial_taskflow_api' retrieved from /home/leoja/airflow/airflow_venv/lib/python3.12/site-packages/airflow/example_dags/tutorial_taskflow_api.py
[2025-07-10T11:11:53.812+0200] {logging_mixin.py:188} INFO - [2025-07-10T11:11:53.812+0200] {dag.py:3096} INFO - Sync 1 DAGs
[2025-07-10T11:11:53.825+0200] {logging_mixin.py:188} INFO - [2025-07-10T11:11:53.825+0200] {dag.py:3954} INFO - Setting next_dagrun for tutorial_taskflow_api to None, run_after=None
[2025-07-10T11:11:53.850+0200] {processor.py:183} INFO - Processing /home/leoja/airflow/airflow_venv/lib/python3.12/site-packages/airflow/example_dags/tutorial_taskflow_api.py took 0.064 seconds
[2025-07-10T11:12:49.565+0200] {processor.py:161} INFO - Started process (PID=49652) to work on /home/leoja/airflow/airflow_venv/lib/python3.12/site-packages/airflow/example_dags/tutorial_taskflow_api.py
[2025-07-10T11:12:49.567+0200] {processor.py:830} INFO - Processing file /home/leoja/airflow/airflow_venv/lib/python3.12/site-packages/airflow/example_dags/tutorial_taskflow_api.py for tasks to queue
[2025-07-10T11:12:49.568+0200] {logging_mixin.py:188} INFO - [2025-07-10T11:12:49.568+0200] {dagbag.py:540} INFO - Filling up the DagBag from /home/leoja/airflow/airflow_venv/lib/python3.12/site-packages/airflow/example_dags/tutorial_taskflow_api.py
[2025-07-10T11:12:49.575+0200] {processor.py:840} INFO - DAG(s) 'tutorial_taskflow_api' retrieved from /home/leoja/airflow/airflow_venv/lib/python3.12/site-packages/airflow/example_dags/tutorial_taskflow_api.py
[2025-07-10T11:12:49.591+0200] {logging_mixin.py:188} INFO - [2025-07-10T11:12:49.591+0200] {dag.py:3096} INFO - Sync 1 DAGs
[2025-07-10T11:12:49.603+0200] {logging_mixin.py:188} INFO - [2025-07-10T11:12:49.603+0200] {dag.py:3954} INFO - Setting next_dagrun for tutorial_taskflow_api to None, run_after=None
[2025-07-10T11:12:49.631+0200] {processor.py:183} INFO - Processing /home/leoja/airflow/airflow_venv/lib/python3.12/site-packages/airflow/example_dags/tutorial_taskflow_api.py took 0.071 seconds
[2025-07-10T11:13:44.400+0200] {processor.py:161} INFO - Started process (PID=50010) to work on /home/leoja/airflow/airflow_venv/lib/python3.12/site-packages/airflow/example_dags/tutorial_taskflow_api.py
[2025-07-10T11:13:44.402+0200] {processor.py:830} INFO - Processing file /home/leoja/airflow/airflow_venv/lib/python3.12/site-packages/airflow/example_dags/tutorial_taskflow_api.py for tasks to queue
[2025-07-10T11:13:44.403+0200] {logging_mixin.py:188} INFO - [2025-07-10T11:13:44.402+0200] {dagbag.py:540} INFO - Filling up the DagBag from /home/leoja/airflow/airflow_venv/lib/python3.12/site-packages/airflow/example_dags/tutorial_taskflow_api.py
[2025-07-10T11:13:44.411+0200] {processor.py:840} INFO - DAG(s) 'tutorial_taskflow_api' retrieved from /home/leoja/airflow/airflow_venv/lib/python3.12/site-packages/airflow/example_dags/tutorial_taskflow_api.py
[2025-07-10T11:13:44.427+0200] {logging_mixin.py:188} INFO - [2025-07-10T11:13:44.427+0200] {dag.py:3096} INFO - Sync 1 DAGs
[2025-07-10T11:13:44.439+0200] {logging_mixin.py:188} INFO - [2025-07-10T11:13:44.439+0200] {dag.py:3954} INFO - Setting next_dagrun for tutorial_taskflow_api to None, run_after=None
[2025-07-10T11:13:44.461+0200] {processor.py:183} INFO - Processing /home/leoja/airflow/airflow_venv/lib/python3.12/site-packages/airflow/example_dags/tutorial_taskflow_api.py took 0.068 seconds
[2025-07-10T11:14:42.852+0200] {processor.py:161} INFO - Started process (PID=50368) to work on /home/leoja/airflow/airflow_venv/lib/python3.12/site-packages/airflow/example_dags/tutorial_taskflow_api.py
[2025-07-10T11:14:42.854+0200] {processor.py:830} INFO - Processing file /home/leoja/airflow/airflow_venv/lib/python3.12/site-packages/airflow/example_dags/tutorial_taskflow_api.py for tasks to queue
[2025-07-10T11:14:42.855+0200] {logging_mixin.py:188} INFO - [2025-07-10T11:14:42.855+0200] {dagbag.py:540} INFO - Filling up the DagBag from /home/leoja/airflow/airflow_venv/lib/python3.12/site-packages/airflow/example_dags/tutorial_taskflow_api.py
[2025-07-10T11:14:42.859+0200] {processor.py:840} INFO - DAG(s) 'tutorial_taskflow_api' retrieved from /home/leoja/airflow/airflow_venv/lib/python3.12/site-packages/airflow/example_dags/tutorial_taskflow_api.py
[2025-07-10T11:14:42.874+0200] {logging_mixin.py:188} INFO - [2025-07-10T11:14:42.874+0200] {dag.py:3096} INFO - Sync 1 DAGs
[2025-07-10T11:14:42.887+0200] {logging_mixin.py:188} INFO - [2025-07-10T11:14:42.886+0200] {dag.py:3954} INFO - Setting next_dagrun for tutorial_taskflow_api to None, run_after=None
[2025-07-10T11:14:42.917+0200] {processor.py:183} INFO - Processing /home/leoja/airflow/airflow_venv/lib/python3.12/site-packages/airflow/example_dags/tutorial_taskflow_api.py took 0.070 seconds
[2025-07-10T11:15:31.492+0200] {processor.py:161} INFO - Started process (PID=50605) to work on /home/leoja/airflow/airflow_venv/lib/python3.12/site-packages/airflow/example_dags/tutorial_taskflow_api.py
[2025-07-10T11:15:31.494+0200] {processor.py:830} INFO - Processing file /home/leoja/airflow/airflow_venv/lib/python3.12/site-packages/airflow/example_dags/tutorial_taskflow_api.py for tasks to queue
[2025-07-10T11:15:31.494+0200] {logging_mixin.py:188} INFO - [2025-07-10T11:15:31.494+0200] {dagbag.py:540} INFO - Filling up the DagBag from /home/leoja/airflow/airflow_venv/lib/python3.12/site-packages/airflow/example_dags/tutorial_taskflow_api.py
[2025-07-10T11:15:31.501+0200] {processor.py:840} INFO - DAG(s) 'tutorial_taskflow_api' retrieved from /home/leoja/airflow/airflow_venv/lib/python3.12/site-packages/airflow/example_dags/tutorial_taskflow_api.py
[2025-07-10T11:15:31.516+0200] {logging_mixin.py:188} INFO - [2025-07-10T11:15:31.516+0200] {dag.py:3096} INFO - Sync 1 DAGs
[2025-07-10T11:15:31.526+0200] {logging_mixin.py:188} INFO - [2025-07-10T11:15:31.526+0200] {dag.py:3954} INFO - Setting next_dagrun for tutorial_taskflow_api to None, run_after=None
[2025-07-10T11:15:31.556+0200] {processor.py:183} INFO - Processing /home/leoja/airflow/airflow_venv/lib/python3.12/site-packages/airflow/example_dags/tutorial_taskflow_api.py took 0.071 seconds
[2025-07-10T11:16:29.641+0200] {processor.py:161} INFO - Started process (PID=50964) to work on /home/leoja/airflow/airflow_venv/lib/python3.12/site-packages/airflow/example_dags/tutorial_taskflow_api.py
[2025-07-10T11:16:29.642+0200] {processor.py:830} INFO - Processing file /home/leoja/airflow/airflow_venv/lib/python3.12/site-packages/airflow/example_dags/tutorial_taskflow_api.py for tasks to queue
[2025-07-10T11:16:29.643+0200] {logging_mixin.py:188} INFO - [2025-07-10T11:16:29.643+0200] {dagbag.py:540} INFO - Filling up the DagBag from /home/leoja/airflow/airflow_venv/lib/python3.12/site-packages/airflow/example_dags/tutorial_taskflow_api.py
[2025-07-10T11:16:29.648+0200] {processor.py:840} INFO - DAG(s) 'tutorial_taskflow_api' retrieved from /home/leoja/airflow/airflow_venv/lib/python3.12/site-packages/airflow/example_dags/tutorial_taskflow_api.py
[2025-07-10T11:16:29.759+0200] {logging_mixin.py:188} INFO - [2025-07-10T11:16:29.759+0200] {dag.py:3096} INFO - Sync 1 DAGs
[2025-07-10T11:16:29.767+0200] {logging_mixin.py:188} INFO - [2025-07-10T11:16:29.767+0200] {dag.py:3954} INFO - Setting next_dagrun for tutorial_taskflow_api to None, run_after=None
[2025-07-10T11:16:29.786+0200] {processor.py:183} INFO - Processing /home/leoja/airflow/airflow_venv/lib/python3.12/site-packages/airflow/example_dags/tutorial_taskflow_api.py took 0.152 seconds
[2025-07-10T11:17:23.003+0200] {processor.py:161} INFO - Started process (PID=51280) to work on /home/leoja/airflow/airflow_venv/lib/python3.12/site-packages/airflow/example_dags/tutorial_taskflow_api.py
[2025-07-10T11:17:23.005+0200] {processor.py:830} INFO - Processing file /home/leoja/airflow/airflow_venv/lib/python3.12/site-packages/airflow/example_dags/tutorial_taskflow_api.py for tasks to queue
[2025-07-10T11:17:23.005+0200] {logging_mixin.py:188} INFO - [2025-07-10T11:17:23.005+0200] {dagbag.py:540} INFO - Filling up the DagBag from /home/leoja/airflow/airflow_venv/lib/python3.12/site-packages/airflow/example_dags/tutorial_taskflow_api.py
[2025-07-10T11:17:23.013+0200] {processor.py:840} INFO - DAG(s) 'tutorial_taskflow_api' retrieved from /home/leoja/airflow/airflow_venv/lib/python3.12/site-packages/airflow/example_dags/tutorial_taskflow_api.py
[2025-07-10T11:17:23.030+0200] {logging_mixin.py:188} INFO - [2025-07-10T11:17:23.029+0200] {dag.py:3096} INFO - Sync 1 DAGs
[2025-07-10T11:17:23.038+0200] {logging_mixin.py:188} INFO - [2025-07-10T11:17:23.037+0200] {dag.py:3954} INFO - Setting next_dagrun for tutorial_taskflow_api to None, run_after=None
[2025-07-10T11:17:23.062+0200] {processor.py:183} INFO - Processing /home/leoja/airflow/airflow_venv/lib/python3.12/site-packages/airflow/example_dags/tutorial_taskflow_api.py took 0.067 seconds
[2025-07-10T11:18:17.890+0200] {processor.py:161} INFO - Started process (PID=51557) to work on /home/leoja/airflow/airflow_venv/lib/python3.12/site-packages/airflow/example_dags/tutorial_taskflow_api.py
[2025-07-10T11:18:17.891+0200] {processor.py:830} INFO - Processing file /home/leoja/airflow/airflow_venv/lib/python3.12/site-packages/airflow/example_dags/tutorial_taskflow_api.py for tasks to queue
[2025-07-10T11:18:17.892+0200] {logging_mixin.py:188} INFO - [2025-07-10T11:18:17.892+0200] {dagbag.py:540} INFO - Filling up the DagBag from /home/leoja/airflow/airflow_venv/lib/python3.12/site-packages/airflow/example_dags/tutorial_taskflow_api.py
[2025-07-10T11:18:17.898+0200] {processor.py:840} INFO - DAG(s) 'tutorial_taskflow_api' retrieved from /home/leoja/airflow/airflow_venv/lib/python3.12/site-packages/airflow/example_dags/tutorial_taskflow_api.py
[2025-07-10T11:18:17.912+0200] {logging_mixin.py:188} INFO - [2025-07-10T11:18:17.912+0200] {dag.py:3096} INFO - Sync 1 DAGs
[2025-07-10T11:18:17.921+0200] {logging_mixin.py:188} INFO - [2025-07-10T11:18:17.921+0200] {dag.py:3954} INFO - Setting next_dagrun for tutorial_taskflow_api to None, run_after=None
[2025-07-10T11:18:17.940+0200] {processor.py:183} INFO - Processing /home/leoja/airflow/airflow_venv/lib/python3.12/site-packages/airflow/example_dags/tutorial_taskflow_api.py took 0.057 seconds
[2025-07-10T11:19:10.295+0200] {processor.py:161} INFO - Started process (PID=51885) to work on /home/leoja/airflow/airflow_venv/lib/python3.12/site-packages/airflow/example_dags/tutorial_taskflow_api.py
[2025-07-10T11:19:10.297+0200] {processor.py:830} INFO - Processing file /home/leoja/airflow/airflow_venv/lib/python3.12/site-packages/airflow/example_dags/tutorial_taskflow_api.py for tasks to queue
[2025-07-10T11:19:10.297+0200] {logging_mixin.py:188} INFO - [2025-07-10T11:19:10.297+0200] {dagbag.py:540} INFO - Filling up the DagBag from /home/leoja/airflow/airflow_venv/lib/python3.12/site-packages/airflow/example_dags/tutorial_taskflow_api.py
[2025-07-10T11:19:10.304+0200] {processor.py:840} INFO - DAG(s) 'tutorial_taskflow_api' retrieved from /home/leoja/airflow/airflow_venv/lib/python3.12/site-packages/airflow/example_dags/tutorial_taskflow_api.py
[2025-07-10T11:19:10.319+0200] {logging_mixin.py:188} INFO - [2025-07-10T11:19:10.318+0200] {dag.py:3096} INFO - Sync 1 DAGs
[2025-07-10T11:19:10.328+0200] {logging_mixin.py:188} INFO - [2025-07-10T11:19:10.328+0200] {dag.py:3954} INFO - Setting next_dagrun for tutorial_taskflow_api to None, run_after=None
[2025-07-10T11:19:10.349+0200] {processor.py:183} INFO - Processing /home/leoja/airflow/airflow_venv/lib/python3.12/site-packages/airflow/example_dags/tutorial_taskflow_api.py took 0.058 seconds
[2025-07-10T11:20:05.390+0200] {processor.py:161} INFO - Started process (PID=52199) to work on /home/leoja/airflow/airflow_venv/lib/python3.12/site-packages/airflow/example_dags/tutorial_taskflow_api.py
[2025-07-10T11:20:05.392+0200] {processor.py:830} INFO - Processing file /home/leoja/airflow/airflow_venv/lib/python3.12/site-packages/airflow/example_dags/tutorial_taskflow_api.py for tasks to queue
[2025-07-10T11:20:05.392+0200] {logging_mixin.py:188} INFO - [2025-07-10T11:20:05.392+0200] {dagbag.py:540} INFO - Filling up the DagBag from /home/leoja/airflow/airflow_venv/lib/python3.12/site-packages/airflow/example_dags/tutorial_taskflow_api.py
[2025-07-10T11:20:05.397+0200] {processor.py:840} INFO - DAG(s) 'tutorial_taskflow_api' retrieved from /home/leoja/airflow/airflow_venv/lib/python3.12/site-packages/airflow/example_dags/tutorial_taskflow_api.py
[2025-07-10T11:20:05.409+0200] {logging_mixin.py:188} INFO - [2025-07-10T11:20:05.409+0200] {dag.py:3096} INFO - Sync 1 DAGs
[2025-07-10T11:20:05.417+0200] {logging_mixin.py:188} INFO - [2025-07-10T11:20:05.417+0200] {dag.py:3954} INFO - Setting next_dagrun for tutorial_taskflow_api to None, run_after=None
[2025-07-10T11:20:05.445+0200] {processor.py:183} INFO - Processing /home/leoja/airflow/airflow_venv/lib/python3.12/site-packages/airflow/example_dags/tutorial_taskflow_api.py took 0.060 seconds
[2025-07-10T11:21:00.374+0200] {processor.py:161} INFO - Started process (PID=52475) to work on /home/leoja/airflow/airflow_venv/lib/python3.12/site-packages/airflow/example_dags/tutorial_taskflow_api.py
[2025-07-10T11:21:00.376+0200] {processor.py:830} INFO - Processing file /home/leoja/airflow/airflow_venv/lib/python3.12/site-packages/airflow/example_dags/tutorial_taskflow_api.py for tasks to queue
[2025-07-10T11:21:00.376+0200] {logging_mixin.py:188} INFO - [2025-07-10T11:21:00.376+0200] {dagbag.py:540} INFO - Filling up the DagBag from /home/leoja/airflow/airflow_venv/lib/python3.12/site-packages/airflow/example_dags/tutorial_taskflow_api.py
[2025-07-10T11:21:00.383+0200] {processor.py:840} INFO - DAG(s) 'tutorial_taskflow_api' retrieved from /home/leoja/airflow/airflow_venv/lib/python3.12/site-packages/airflow/example_dags/tutorial_taskflow_api.py
[2025-07-10T11:21:00.398+0200] {logging_mixin.py:188} INFO - [2025-07-10T11:21:00.398+0200] {dag.py:3096} INFO - Sync 1 DAGs
[2025-07-10T11:21:00.407+0200] {logging_mixin.py:188} INFO - [2025-07-10T11:21:00.407+0200] {dag.py:3954} INFO - Setting next_dagrun for tutorial_taskflow_api to None, run_after=None
[2025-07-10T11:21:00.433+0200] {processor.py:183} INFO - Processing /home/leoja/airflow/airflow_venv/lib/python3.12/site-packages/airflow/example_dags/tutorial_taskflow_api.py took 0.064 seconds
[2025-07-10T11:21:47.282+0200] {processor.py:161} INFO - Started process (PID=52750) to work on /home/leoja/airflow/airflow_venv/lib/python3.12/site-packages/airflow/example_dags/tutorial_taskflow_api.py
[2025-07-10T11:21:47.284+0200] {processor.py:830} INFO - Processing file /home/leoja/airflow/airflow_venv/lib/python3.12/site-packages/airflow/example_dags/tutorial_taskflow_api.py for tasks to queue
[2025-07-10T11:21:47.285+0200] {logging_mixin.py:188} INFO - [2025-07-10T11:21:47.284+0200] {dagbag.py:540} INFO - Filling up the DagBag from /home/leoja/airflow/airflow_venv/lib/python3.12/site-packages/airflow/example_dags/tutorial_taskflow_api.py
[2025-07-10T11:21:47.291+0200] {processor.py:840} INFO - DAG(s) 'tutorial_taskflow_api' retrieved from /home/leoja/airflow/airflow_venv/lib/python3.12/site-packages/airflow/example_dags/tutorial_taskflow_api.py
[2025-07-10T11:21:47.303+0200] {logging_mixin.py:188} INFO - [2025-07-10T11:21:47.303+0200] {dag.py:3096} INFO - Sync 1 DAGs
[2025-07-10T11:21:47.311+0200] {logging_mixin.py:188} INFO - [2025-07-10T11:21:47.311+0200] {dag.py:3954} INFO - Setting next_dagrun for tutorial_taskflow_api to None, run_after=None
[2025-07-10T11:21:47.330+0200] {processor.py:183} INFO - Processing /home/leoja/airflow/airflow_venv/lib/python3.12/site-packages/airflow/example_dags/tutorial_taskflow_api.py took 0.052 seconds
[2025-07-10T11:22:39.343+0200] {processor.py:161} INFO - Started process (PID=53030) to work on /home/leoja/airflow/airflow_venv/lib/python3.12/site-packages/airflow/example_dags/tutorial_taskflow_api.py
[2025-07-10T11:22:39.345+0200] {processor.py:830} INFO - Processing file /home/leoja/airflow/airflow_venv/lib/python3.12/site-packages/airflow/example_dags/tutorial_taskflow_api.py for tasks to queue
[2025-07-10T11:22:39.346+0200] {logging_mixin.py:188} INFO - [2025-07-10T11:22:39.346+0200] {dagbag.py:540} INFO - Filling up the DagBag from /home/leoja/airflow/airflow_venv/lib/python3.12/site-packages/airflow/example_dags/tutorial_taskflow_api.py
[2025-07-10T11:22:39.352+0200] {processor.py:840} INFO - DAG(s) 'tutorial_taskflow_api' retrieved from /home/leoja/airflow/airflow_venv/lib/python3.12/site-packages/airflow/example_dags/tutorial_taskflow_api.py
[2025-07-10T11:22:39.363+0200] {logging_mixin.py:188} INFO - [2025-07-10T11:22:39.363+0200] {dag.py:3096} INFO - Sync 1 DAGs
[2025-07-10T11:22:39.371+0200] {logging_mixin.py:188} INFO - [2025-07-10T11:22:39.370+0200] {dag.py:3954} INFO - Setting next_dagrun for tutorial_taskflow_api to None, run_after=None
[2025-07-10T11:22:39.390+0200] {processor.py:183} INFO - Processing /home/leoja/airflow/airflow_venv/lib/python3.12/site-packages/airflow/example_dags/tutorial_taskflow_api.py took 0.050 seconds
[2025-07-10T11:23:34.579+0200] {processor.py:161} INFO - Started process (PID=53364) to work on /home/leoja/airflow/airflow_venv/lib/python3.12/site-packages/airflow/example_dags/tutorial_taskflow_api.py
[2025-07-10T11:23:34.581+0200] {processor.py:830} INFO - Processing file /home/leoja/airflow/airflow_venv/lib/python3.12/site-packages/airflow/example_dags/tutorial_taskflow_api.py for tasks to queue
[2025-07-10T11:23:34.582+0200] {logging_mixin.py:188} INFO - [2025-07-10T11:23:34.581+0200] {dagbag.py:540} INFO - Filling up the DagBag from /home/leoja/airflow/airflow_venv/lib/python3.12/site-packages/airflow/example_dags/tutorial_taskflow_api.py
[2025-07-10T11:23:34.588+0200] {processor.py:840} INFO - DAG(s) 'tutorial_taskflow_api' retrieved from /home/leoja/airflow/airflow_venv/lib/python3.12/site-packages/airflow/example_dags/tutorial_taskflow_api.py
[2025-07-10T11:23:34.603+0200] {logging_mixin.py:188} INFO - [2025-07-10T11:23:34.603+0200] {dag.py:3096} INFO - Sync 1 DAGs
[2025-07-10T11:23:34.611+0200] {logging_mixin.py:188} INFO - [2025-07-10T11:23:34.611+0200] {dag.py:3954} INFO - Setting next_dagrun for tutorial_taskflow_api to None, run_after=None
[2025-07-10T11:23:34.641+0200] {processor.py:183} INFO - Processing /home/leoja/airflow/airflow_venv/lib/python3.12/site-packages/airflow/example_dags/tutorial_taskflow_api.py took 0.067 seconds
[2025-07-10T11:24:32.112+0200] {processor.py:161} INFO - Started process (PID=53547) to work on /home/leoja/airflow/airflow_venv/lib/python3.12/site-packages/airflow/example_dags/tutorial_taskflow_api.py
[2025-07-10T11:24:32.114+0200] {processor.py:830} INFO - Processing file /home/leoja/airflow/airflow_venv/lib/python3.12/site-packages/airflow/example_dags/tutorial_taskflow_api.py for tasks to queue
[2025-07-10T11:24:32.114+0200] {logging_mixin.py:188} INFO - [2025-07-10T11:24:32.114+0200] {dagbag.py:540} INFO - Filling up the DagBag from /home/leoja/airflow/airflow_venv/lib/python3.12/site-packages/airflow/example_dags/tutorial_taskflow_api.py
[2025-07-10T11:24:32.121+0200] {processor.py:840} INFO - DAG(s) 'tutorial_taskflow_api' retrieved from /home/leoja/airflow/airflow_venv/lib/python3.12/site-packages/airflow/example_dags/tutorial_taskflow_api.py
[2025-07-10T11:24:32.132+0200] {logging_mixin.py:188} INFO - [2025-07-10T11:24:32.132+0200] {dag.py:3096} INFO - Sync 1 DAGs
[2025-07-10T11:24:32.139+0200] {logging_mixin.py:188} INFO - [2025-07-10T11:24:32.139+0200] {dag.py:3954} INFO - Setting next_dagrun for tutorial_taskflow_api to None, run_after=None
[2025-07-10T11:24:32.157+0200] {processor.py:183} INFO - Processing /home/leoja/airflow/airflow_venv/lib/python3.12/site-packages/airflow/example_dags/tutorial_taskflow_api.py took 0.050 seconds
[2025-07-10T11:25:22.471+0200] {processor.py:161} INFO - Started process (PID=53885) to work on /home/leoja/airflow/airflow_venv/lib/python3.12/site-packages/airflow/example_dags/tutorial_taskflow_api.py
[2025-07-10T11:25:22.473+0200] {processor.py:830} INFO - Processing file /home/leoja/airflow/airflow_venv/lib/python3.12/site-packages/airflow/example_dags/tutorial_taskflow_api.py for tasks to queue
[2025-07-10T11:25:22.473+0200] {logging_mixin.py:188} INFO - [2025-07-10T11:25:22.473+0200] {dagbag.py:540} INFO - Filling up the DagBag from /home/leoja/airflow/airflow_venv/lib/python3.12/site-packages/airflow/example_dags/tutorial_taskflow_api.py
[2025-07-10T11:25:22.480+0200] {processor.py:840} INFO - DAG(s) 'tutorial_taskflow_api' retrieved from /home/leoja/airflow/airflow_venv/lib/python3.12/site-packages/airflow/example_dags/tutorial_taskflow_api.py
[2025-07-10T11:25:22.493+0200] {logging_mixin.py:188} INFO - [2025-07-10T11:25:22.493+0200] {dag.py:3096} INFO - Sync 1 DAGs
[2025-07-10T11:25:22.502+0200] {logging_mixin.py:188} INFO - [2025-07-10T11:25:22.501+0200] {dag.py:3954} INFO - Setting next_dagrun for tutorial_taskflow_api to None, run_after=None
[2025-07-10T11:25:22.523+0200] {processor.py:183} INFO - Processing /home/leoja/airflow/airflow_venv/lib/python3.12/site-packages/airflow/example_dags/tutorial_taskflow_api.py took 0.057 seconds
[2025-07-10T11:26:18.627+0200] {processor.py:161} INFO - Started process (PID=54161) to work on /home/leoja/airflow/airflow_venv/lib/python3.12/site-packages/airflow/example_dags/tutorial_taskflow_api.py
[2025-07-10T11:26:18.629+0200] {processor.py:830} INFO - Processing file /home/leoja/airflow/airflow_venv/lib/python3.12/site-packages/airflow/example_dags/tutorial_taskflow_api.py for tasks to queue
[2025-07-10T11:26:18.630+0200] {logging_mixin.py:188} INFO - [2025-07-10T11:26:18.629+0200] {dagbag.py:540} INFO - Filling up the DagBag from /home/leoja/airflow/airflow_venv/lib/python3.12/site-packages/airflow/example_dags/tutorial_taskflow_api.py
[2025-07-10T11:26:18.638+0200] {processor.py:840} INFO - DAG(s) 'tutorial_taskflow_api' retrieved from /home/leoja/airflow/airflow_venv/lib/python3.12/site-packages/airflow/example_dags/tutorial_taskflow_api.py
[2025-07-10T11:26:18.654+0200] {logging_mixin.py:188} INFO - [2025-07-10T11:26:18.654+0200] {dag.py:3096} INFO - Sync 1 DAGs
[2025-07-10T11:26:18.666+0200] {logging_mixin.py:188} INFO - [2025-07-10T11:26:18.666+0200] {dag.py:3954} INFO - Setting next_dagrun for tutorial_taskflow_api to None, run_after=None
[2025-07-10T11:26:18.689+0200] {processor.py:183} INFO - Processing /home/leoja/airflow/airflow_venv/lib/python3.12/site-packages/airflow/example_dags/tutorial_taskflow_api.py took 0.068 seconds
[2025-07-10T11:27:06.421+0200] {processor.py:161} INFO - Started process (PID=54458) to work on /home/leoja/airflow/airflow_venv/lib/python3.12/site-packages/airflow/example_dags/tutorial_taskflow_api.py
[2025-07-10T11:27:06.423+0200] {processor.py:830} INFO - Processing file /home/leoja/airflow/airflow_venv/lib/python3.12/site-packages/airflow/example_dags/tutorial_taskflow_api.py for tasks to queue
[2025-07-10T11:27:06.424+0200] {logging_mixin.py:188} INFO - [2025-07-10T11:27:06.424+0200] {dagbag.py:540} INFO - Filling up the DagBag from /home/leoja/airflow/airflow_venv/lib/python3.12/site-packages/airflow/example_dags/tutorial_taskflow_api.py
[2025-07-10T11:27:06.431+0200] {processor.py:840} INFO - DAG(s) 'tutorial_taskflow_api' retrieved from /home/leoja/airflow/airflow_venv/lib/python3.12/site-packages/airflow/example_dags/tutorial_taskflow_api.py
[2025-07-10T11:27:06.447+0200] {logging_mixin.py:188} INFO - [2025-07-10T11:27:06.447+0200] {dag.py:3096} INFO - Sync 1 DAGs
[2025-07-10T11:27:06.459+0200] {logging_mixin.py:188} INFO - [2025-07-10T11:27:06.459+0200] {dag.py:3954} INFO - Setting next_dagrun for tutorial_taskflow_api to None, run_after=None
[2025-07-10T11:27:06.498+0200] {processor.py:183} INFO - Processing /home/leoja/airflow/airflow_venv/lib/python3.12/site-packages/airflow/example_dags/tutorial_taskflow_api.py took 0.081 seconds
[2025-07-10T11:44:54.238+0200] {processor.py:161} INFO - Started process (PID=54684) to work on /home/leoja/airflow/airflow_venv/lib/python3.12/site-packages/airflow/example_dags/tutorial_taskflow_api.py
[2025-07-10T11:44:54.242+0200] {processor.py:830} INFO - Processing file /home/leoja/airflow/airflow_venv/lib/python3.12/site-packages/airflow/example_dags/tutorial_taskflow_api.py for tasks to queue
[2025-07-10T11:44:54.243+0200] {logging_mixin.py:188} INFO - [2025-07-10T11:44:54.243+0200] {dagbag.py:540} INFO - Filling up the DagBag from /home/leoja/airflow/airflow_venv/lib/python3.12/site-packages/airflow/example_dags/tutorial_taskflow_api.py
[2025-07-10T11:44:54.253+0200] {processor.py:840} INFO - DAG(s) 'tutorial_taskflow_api' retrieved from /home/leoja/airflow/airflow_venv/lib/python3.12/site-packages/airflow/example_dags/tutorial_taskflow_api.py
[2025-07-10T11:44:54.275+0200] {logging_mixin.py:188} INFO - [2025-07-10T11:44:54.274+0200] {dag.py:3096} INFO - Sync 1 DAGs
[2025-07-10T11:44:54.290+0200] {logging_mixin.py:188} INFO - [2025-07-10T11:44:54.290+0200] {dag.py:3954} INFO - Setting next_dagrun for tutorial_taskflow_api to None, run_after=None
[2025-07-10T11:44:54.325+0200] {processor.py:183} INFO - Processing /home/leoja/airflow/airflow_venv/lib/python3.12/site-packages/airflow/example_dags/tutorial_taskflow_api.py took 0.098 seconds
[2025-07-10T11:45:37.321+0200] {processor.py:161} INFO - Started process (PID=54914) to work on /home/leoja/airflow/airflow_venv/lib/python3.12/site-packages/airflow/example_dags/tutorial_taskflow_api.py
[2025-07-10T11:45:37.322+0200] {processor.py:830} INFO - Processing file /home/leoja/airflow/airflow_venv/lib/python3.12/site-packages/airflow/example_dags/tutorial_taskflow_api.py for tasks to queue
[2025-07-10T11:45:37.323+0200] {logging_mixin.py:188} INFO - [2025-07-10T11:45:37.323+0200] {dagbag.py:540} INFO - Filling up the DagBag from /home/leoja/airflow/airflow_venv/lib/python3.12/site-packages/airflow/example_dags/tutorial_taskflow_api.py
[2025-07-10T11:45:37.329+0200] {processor.py:840} INFO - DAG(s) 'tutorial_taskflow_api' retrieved from /home/leoja/airflow/airflow_venv/lib/python3.12/site-packages/airflow/example_dags/tutorial_taskflow_api.py
[2025-07-10T11:45:37.341+0200] {logging_mixin.py:188} INFO - [2025-07-10T11:45:37.341+0200] {dag.py:3096} INFO - Sync 1 DAGs
[2025-07-10T11:45:37.351+0200] {logging_mixin.py:188} INFO - [2025-07-10T11:45:37.350+0200] {dag.py:3954} INFO - Setting next_dagrun for tutorial_taskflow_api to None, run_after=None
[2025-07-10T11:45:37.371+0200] {processor.py:183} INFO - Processing /home/leoja/airflow/airflow_venv/lib/python3.12/site-packages/airflow/example_dags/tutorial_taskflow_api.py took 0.055 seconds
