[2025-06-16T14:07:51.437+0200] {local_task_job_runner.py:120} INFO - ::group::Pre task execution logs
[2025-06-16T14:07:51.454+0200] {taskinstance.py:2073} INFO - Dependencies all met for dep_context=non-requeueable deps ti=<TaskInstance: macro_trading_dag.fetch_data manual__2025-06-16T12:07:45.495110+00:00 [queued]>
[2025-06-16T14:07:51.463+0200] {taskinstance.py:2073} INFO - Dependencies all met for dep_context=requeueable deps ti=<TaskInstance: macro_trading_dag.fetch_data manual__2025-06-16T12:07:45.495110+00:00 [queued]>
[2025-06-16T14:07:51.463+0200] {taskinstance.py:2303} INFO - Starting attempt 1 of 3
[2025-06-16T14:07:51.492+0200] {taskinstance.py:2327} INFO - Executing <Task(PythonOperator): fetch_data> on 2025-06-16 12:07:45.495110+00:00
[2025-06-16T14:07:51.504+0200] {standard_task_runner.py:90} INFO - Running: ['airflow', 'tasks', 'run', 'macro_trading_dag', 'fetch_data', 'manual__2025-06-16T12:07:45.495110+00:00', '--job-id', '614', '--raw', '--subdir', 'DAGS_FOLDER/macro_trading_dag.py', '--cfg-path', '/tmp/tmpco3ejgr3']
[2025-06-16T14:07:51.506+0200] {standard_task_runner.py:91} INFO - Job 614: Subtask fetch_data
[2025-06-16T14:07:51.517+0200] {logging_mixin.py:188} WARNING - /home/leoja/airflow/airflow_venv/lib/python3.12/site-packages/airflow/task/task_runner/standard_task_runner.py:61 DeprecationWarning: This process (pid=19345) is multi-threaded, use of fork() may lead to deadlocks in the child.
[2025-06-16T14:07:51.518+0200] {standard_task_runner.py:63} INFO - Started process 19355 to run task
[2025-06-16T14:07:51.558+0200] {task_command.py:426} INFO - Running <TaskInstance: macro_trading_dag.fetch_data manual__2025-06-16T12:07:45.495110+00:00 [running]> on host N15I711-16GR512.localdomain
[2025-06-16T14:07:51.644+0200] {taskinstance.py:2644} INFO - Exporting env vars: AIRFLOW_CTX_DAG_OWNER='airflow' AIRFLOW_CTX_DAG_ID='macro_trading_dag' AIRFLOW_CTX_TASK_ID='fetch_data' AIRFLOW_CTX_EXECUTION_DATE='2025-06-16T12:07:45.495110+00:00' AIRFLOW_CTX_TRY_NUMBER='1' AIRFLOW_CTX_DAG_RUN_ID='manual__2025-06-16T12:07:45.495110+00:00'
[2025-06-16T14:07:51.646+0200] {taskinstance.py:430} INFO - ::endgroup::
[2025-06-16T14:07:52.118+0200] {logging_mixin.py:188} INFO - Données mises à jour pour INFLATION (CPIAUCSL)
[2025-06-16T14:07:52.613+0200] {logging_mixin.py:188} INFO - Données mises à jour pour UNEMPLOYMENT (UNRATE)
[2025-06-16T14:07:53.200+0200] {logging_mixin.py:188} INFO - Aucune nouvelle donnée pour High_Yield_Bond_SPREAD (BAMLH0A0HYM2)
[2025-06-16T14:07:54.312+0200] {logging_mixin.py:188} INFO - Aucune nouvelle donnée pour 10-2Year_Treasury_Yield_Bond (T10Y2Y)
[2025-06-16T14:07:54.614+0200] {logging_mixin.py:188} INFO - Données mises à jour pour CONSUMER_SENTIMENT (UMCSENT)
[2025-06-16T14:07:55.135+0200] {logging_mixin.py:188} INFO - Données mises à jour pour TAUX_FED (FEDFUNDS)
[2025-06-16T14:07:55.567+0200] {logging_mixin.py:188} INFO - Données mises à jour pour Real_Gross_Domestic_Product (GDPC1)
[2025-06-16T14:07:55.812+0200] {logging_mixin.py:188} INFO - Données mises à jour pour S&P500(LARGE CAP) (SP500)
[2025-06-16T14:07:55.885+0200] {multi.py:184} ERROR - 
1 Failed download:
[2025-06-16T14:07:55.886+0200] {multi.py:197} ERROR - ['GC=F']: YFPricesMissingError('possibly delisted; no price data found  (1d 2025-06-14 00:00:00 -> 2025-06-15 14:07:55.822347)')
[2025-06-16T14:07:55.889+0200] {logging_mixin.py:188} INFO - Aucune nouvelle donnée pour GOLD_OZ_USD (GOLD_OZ_USD)
[2025-06-16T14:07:56.056+0200] {logging_mixin.py:188} INFO - Données mises à jour pour RUSSELL2000(Small CAP) (SmallCAP)
[2025-06-16T14:07:56.235+0200] {logging_mixin.py:188} INFO - Données mises à jour pour REITs(Immobilier US) (US_REIT_VNQ)
[2025-06-16T14:07:56.449+0200] {logging_mixin.py:188} INFO - Données mises à jour pour US_TREASURY_10Y (TREASURY_10Y)
[2025-06-16T14:07:56.539+0200] {multi.py:184} ERROR - 
1 Failed download:
[2025-06-16T14:07:56.540+0200] {multi.py:197} ERROR - ['ICOM.L']: YFPricesMissingError('possibly delisted; no price data found  (1d 2025-06-14 00:00:00 -> 2025-06-15 14:07:56.454467)')
[2025-06-16T14:07:56.545+0200] {logging_mixin.py:188} INFO - Aucune nouvelle donnée pour BARREL PETROL (ENERGY)
[2025-06-16T14:07:56.686+0200] {logging_mixin.py:188} INFO - Données mises à jour pour OBLIGATION ENTREPRISE (OBLIGATION)
[2025-06-16T14:07:56.687+0200] {python.py:237} INFO - Done. Returned value was: None
[2025-06-16T14:07:56.687+0200] {taskinstance.py:441} INFO - ::group::Post task execution logs
[2025-06-16T14:07:56.691+0200] {taskinstance.py:1205} INFO - Marking task as SUCCESS. dag_id=macro_trading_dag, task_id=fetch_data, execution_date=20250616T120745, start_date=20250616T120751, end_date=20250616T120756
[2025-06-16T14:07:56.750+0200] {local_task_job_runner.py:240} INFO - Task exited with return code 0
[2025-06-16T14:07:56.767+0200] {taskinstance.py:3482} INFO - 2 downstream tasks scheduled from follow-on schedule check
[2025-06-16T14:07:56.777+0200] {local_task_job_runner.py:222} INFO - ::endgroup::
