[2025-06-16T13:52:52.304+0200] {local_task_job_runner.py:120} INFO - ::group::Pre task execution logs
[2025-06-16T13:52:52.322+0200] {taskinstance.py:2073} INFO - Dependencies all met for dep_context=non-requeueable deps ti=<TaskInstance: macro_trading_dag.compute_economic_quadrants manual__2025-06-16T11:52:24.252336+00:00 [queued]>
[2025-06-16T13:52:52.328+0200] {taskinstance.py:2073} INFO - Dependencies all met for dep_context=requeueable deps ti=<TaskInstance: macro_trading_dag.compute_economic_quadrants manual__2025-06-16T11:52:24.252336+00:00 [queued]>
[2025-06-16T13:52:52.328+0200] {taskinstance.py:2303} INFO - Starting attempt 1 of 3
[2025-06-16T13:52:52.348+0200] {taskinstance.py:2327} INFO - Executing <Task(SparkSubmitOperator): compute_economic_quadrants> on 2025-06-16 11:52:24.252336+00:00
[2025-06-16T13:52:52.359+0200] {standard_task_runner.py:90} INFO - Running: ['airflow', 'tasks', 'run', 'macro_trading_dag', 'compute_economic_quadrants', 'manual__2025-06-16T11:52:24.252336+00:00', '--job-id', '603', '--raw', '--subdir', 'DAGS_FOLDER/macro_trading_dag.py', '--cfg-path', '/tmp/tmpawe2kuko']
[2025-06-16T13:52:52.361+0200] {standard_task_runner.py:91} INFO - Job 603: Subtask compute_economic_quadrants
[2025-06-16T13:52:52.369+0200] {logging_mixin.py:188} WARNING - /home/leoja/airflow/airflow_venv/lib/python3.12/site-packages/airflow/task/task_runner/standard_task_runner.py:61 DeprecationWarning: This process (pid=14285) is multi-threaded, use of fork() may lead to deadlocks in the child.
[2025-06-16T13:52:52.369+0200] {standard_task_runner.py:63} INFO - Started process 14331 to run task
[2025-06-16T13:52:52.406+0200] {task_command.py:426} INFO - Running <TaskInstance: macro_trading_dag.compute_economic_quadrants manual__2025-06-16T11:52:24.252336+00:00 [running]> on host N15I711-16GR512.localdomain
[2025-06-16T13:52:52.489+0200] {taskinstance.py:2644} INFO - Exporting env vars: AIRFLOW_CTX_DAG_OWNER='airflow' AIRFLOW_CTX_DAG_ID='macro_trading_dag' AIRFLOW_CTX_TASK_ID='compute_economic_quadrants' AIRFLOW_CTX_EXECUTION_DATE='2025-06-16T11:52:24.252336+00:00' AIRFLOW_CTX_TRY_NUMBER='1' AIRFLOW_CTX_DAG_RUN_ID='manual__2025-06-16T11:52:24.252336+00:00'
[2025-06-16T13:52:52.490+0200] {taskinstance.py:430} INFO - ::endgroup::
[2025-06-16T13:52:52.495+0200] {base.py:84} INFO - Using connection ID 'spark_local' for task execution.
[2025-06-16T13:52:52.496+0200] {spark_submit.py:351} INFO - Spark-Submit cmd: spark-submit --master local[*] --conf spark.pyspark.python=/home/leoja/airflow_venv/bin/python --conf spark.pyspark.driver.python=/home/leoja/airflow_venv/bin/python --name compute_economic_quadrants /home/leoja/airflow/spark_jobs/compute_quadrants.py /home/leoja/airflow/data/Indicators.parquet /home/leoja/airflow/data/quadrants.parquet /home/leoja/airflow/data/quadrants.csv
[2025-06-16T13:52:54.139+0200] {spark_submit.py:521} INFO - 25/06/16 13:52:54 WARN Utils: Your hostname, N15I711-16GR512 resolves to a loopback address: 127.0.1.1; using 10.255.255.254 instead (on interface lo)
[2025-06-16T13:52:54.142+0200] {spark_submit.py:521} INFO - 25/06/16 13:52:54 WARN Utils: Set SPARK_LOCAL_IP if you need to bind to another address
[2025-06-16T13:52:55.528+0200] {spark_submit.py:521} INFO - 25/06/16 13:52:55 INFO SparkContext: Running Spark version 3.5.5
[2025-06-16T13:52:55.529+0200] {spark_submit.py:521} INFO - 25/06/16 13:52:55 INFO SparkContext: OS info Linux, 6.6.87.1-microsoft-standard-WSL2, amd64
[2025-06-16T13:52:55.529+0200] {spark_submit.py:521} INFO - 25/06/16 13:52:55 INFO SparkContext: Java version 17.0.15
[2025-06-16T13:52:55.681+0200] {spark_submit.py:521} INFO - 25/06/16 13:52:55 WARN NativeCodeLoader: Unable to load native-hadoop library for your platform... using builtin-java classes where applicable
[2025-06-16T13:52:55.865+0200] {spark_submit.py:521} INFO - 25/06/16 13:52:55 INFO ResourceUtils: ==============================================================
[2025-06-16T13:52:55.865+0200] {spark_submit.py:521} INFO - 25/06/16 13:52:55 INFO ResourceUtils: No custom resources configured for spark.driver.
[2025-06-16T13:52:55.866+0200] {spark_submit.py:521} INFO - 25/06/16 13:52:55 INFO ResourceUtils: ==============================================================
[2025-06-16T13:52:55.867+0200] {spark_submit.py:521} INFO - 25/06/16 13:52:55 INFO SparkContext: Submitted application: ComputeEconomicQuadrants
[2025-06-16T13:52:55.944+0200] {spark_submit.py:521} INFO - 25/06/16 13:52:55 INFO ResourceProfile: Default ResourceProfile created, executor resources: Map(cores -> name: cores, amount: 1, script: , vendor: , memory -> name: memory, amount: 1024, script: , vendor: , offHeap -> name: offHeap, amount: 0, script: , vendor: ), task resources: Map(cpus -> name: cpus, amount: 1.0)
[2025-06-16T13:52:55.955+0200] {spark_submit.py:521} INFO - 25/06/16 13:52:55 INFO ResourceProfile: Limiting resource is cpu
[2025-06-16T13:52:55.956+0200] {spark_submit.py:521} INFO - 25/06/16 13:52:55 INFO ResourceProfileManager: Added ResourceProfile id: 0
[2025-06-16T13:52:56.089+0200] {spark_submit.py:521} INFO - 25/06/16 13:52:56 INFO SecurityManager: Changing view acls to: leoja
[2025-06-16T13:52:56.091+0200] {spark_submit.py:521} INFO - 25/06/16 13:52:56 INFO SecurityManager: Changing modify acls to: leoja
[2025-06-16T13:52:56.091+0200] {spark_submit.py:521} INFO - 25/06/16 13:52:56 INFO SecurityManager: Changing view acls groups to:
[2025-06-16T13:52:56.092+0200] {spark_submit.py:521} INFO - 25/06/16 13:52:56 INFO SecurityManager: Changing modify acls groups to:
[2025-06-16T13:52:56.092+0200] {spark_submit.py:521} INFO - 25/06/16 13:52:56 INFO SecurityManager: SecurityManager: authentication disabled; ui acls disabled; users with view permissions: leoja; groups with view permissions: EMPTY; users with modify permissions: leoja; groups with modify permissions: EMPTY
[2025-06-16T13:52:56.594+0200] {spark_submit.py:521} INFO - 25/06/16 13:52:56 INFO Utils: Successfully started service 'sparkDriver' on port 34707.
[2025-06-16T13:52:56.659+0200] {spark_submit.py:521} INFO - 25/06/16 13:52:56 INFO SparkEnv: Registering MapOutputTracker
[2025-06-16T13:52:56.797+0200] {spark_submit.py:521} INFO - 25/06/16 13:52:56 INFO SparkEnv: Registering BlockManagerMaster
[2025-06-16T13:52:56.845+0200] {spark_submit.py:521} INFO - 25/06/16 13:52:56 INFO BlockManagerMasterEndpoint: Using org.apache.spark.storage.DefaultTopologyMapper for getting topology information
[2025-06-16T13:52:56.846+0200] {spark_submit.py:521} INFO - 25/06/16 13:52:56 INFO BlockManagerMasterEndpoint: BlockManagerMasterEndpoint up
[2025-06-16T13:52:56.852+0200] {spark_submit.py:521} INFO - 25/06/16 13:52:56 INFO SparkEnv: Registering BlockManagerMasterHeartbeat
[2025-06-16T13:52:56.891+0200] {spark_submit.py:521} INFO - 25/06/16 13:52:56 INFO DiskBlockManager: Created local directory at /tmp/blockmgr-2e11dee8-dbd0-4e81-a930-f6e4e094df0e
[2025-06-16T13:52:56.915+0200] {spark_submit.py:521} INFO - 25/06/16 13:52:56 INFO MemoryStore: MemoryStore started with capacity 434.4 MiB
[2025-06-16T13:52:56.962+0200] {spark_submit.py:521} INFO - 25/06/16 13:52:56 INFO SparkEnv: Registering OutputCommitCoordinator
[2025-06-16T13:52:57.246+0200] {spark_submit.py:521} INFO - 25/06/16 13:52:57 INFO JettyUtils: Start Jetty 0.0.0.0:4040 for SparkUI
[2025-06-16T13:52:57.393+0200] {spark_submit.py:521} INFO - 25/06/16 13:52:57 INFO Utils: Successfully started service 'SparkUI' on port 4040.
[2025-06-16T13:52:57.558+0200] {spark_submit.py:521} INFO - 25/06/16 13:52:57 INFO Executor: Starting executor ID driver on host 10.255.255.254
[2025-06-16T13:52:57.559+0200] {spark_submit.py:521} INFO - 25/06/16 13:52:57 INFO Executor: OS info Linux, 6.6.87.1-microsoft-standard-WSL2, amd64
[2025-06-16T13:52:57.559+0200] {spark_submit.py:521} INFO - 25/06/16 13:52:57 INFO Executor: Java version 17.0.15
[2025-06-16T13:52:57.571+0200] {spark_submit.py:521} INFO - 25/06/16 13:52:57 INFO Executor: Starting executor with user classpath (userClassPathFirst = false): ''
[2025-06-16T13:52:57.571+0200] {spark_submit.py:521} INFO - 25/06/16 13:52:57 INFO Executor: Created or updated repl class loader org.apache.spark.util.MutableURLClassLoader@615802d3 for default.
[2025-06-16T13:52:57.633+0200] {spark_submit.py:521} INFO - 25/06/16 13:52:57 INFO Utils: Successfully started service 'org.apache.spark.network.netty.NettyBlockTransferService' on port 40931.
[2025-06-16T13:52:57.633+0200] {spark_submit.py:521} INFO - 25/06/16 13:52:57 INFO NettyBlockTransferService: Server created on 10.255.255.254:40931
[2025-06-16T13:52:57.639+0200] {spark_submit.py:521} INFO - 25/06/16 13:52:57 INFO BlockManager: Using org.apache.spark.storage.RandomBlockReplicationPolicy for block replication policy
[2025-06-16T13:52:57.656+0200] {spark_submit.py:521} INFO - 25/06/16 13:52:57 INFO BlockManagerMaster: Registering BlockManager BlockManagerId(driver, 10.255.255.254, 40931, None)
[2025-06-16T13:52:57.670+0200] {spark_submit.py:521} INFO - 25/06/16 13:52:57 INFO BlockManagerMasterEndpoint: Registering block manager 10.255.255.254:40931 with 434.4 MiB RAM, BlockManagerId(driver, 10.255.255.254, 40931, None)
[2025-06-16T13:52:57.681+0200] {spark_submit.py:521} INFO - 25/06/16 13:52:57 INFO BlockManagerMaster: Registered BlockManager BlockManagerId(driver, 10.255.255.254, 40931, None)
[2025-06-16T13:52:57.684+0200] {spark_submit.py:521} INFO - 25/06/16 13:52:57 INFO BlockManager: Initialized BlockManager: BlockManagerId(driver, 10.255.255.254, 40931, None)
[2025-06-16T13:52:58.477+0200] {spark_submit.py:521} INFO - 25/06/16 13:52:58 INFO SharedState: Setting hive.metastore.warehouse.dir ('null') to the value of spark.sql.warehouse.dir.
[2025-06-16T13:52:58.489+0200] {spark_submit.py:521} INFO - 25/06/16 13:52:58 INFO SharedState: Warehouse path is 'file:/home/leoja/airflow/airflow_venv/spark-warehouse'.
[2025-06-16T13:52:59.353+0200] {spark_submit.py:521} INFO - 25/06/16 13:52:59 INFO InMemoryFileIndex: It took 67 ms to list leaf files for 1 paths.
[2025-06-16T13:52:59.927+0200] {spark_submit.py:521} INFO - 25/06/16 13:52:59 INFO SparkContext: Starting job: parquet at NativeMethodAccessorImpl.java:0
[2025-06-16T13:52:59.950+0200] {spark_submit.py:521} INFO - 25/06/16 13:52:59 INFO DAGScheduler: Got job 0 (parquet at NativeMethodAccessorImpl.java:0) with 1 output partitions
[2025-06-16T13:52:59.951+0200] {spark_submit.py:521} INFO - 25/06/16 13:52:59 INFO DAGScheduler: Final stage: ResultStage 0 (parquet at NativeMethodAccessorImpl.java:0)
[2025-06-16T13:52:59.951+0200] {spark_submit.py:521} INFO - 25/06/16 13:52:59 INFO DAGScheduler: Parents of final stage: List()
[2025-06-16T13:52:59.955+0200] {spark_submit.py:521} INFO - 25/06/16 13:52:59 INFO DAGScheduler: Missing parents: List()
[2025-06-16T13:52:59.965+0200] {spark_submit.py:521} INFO - 25/06/16 13:52:59 INFO DAGScheduler: Submitting ResultStage 0 (MapPartitionsRDD[1] at parquet at NativeMethodAccessorImpl.java:0), which has no missing parents
[2025-06-16T13:53:00.107+0200] {spark_submit.py:521} INFO - 25/06/16 13:53:00 INFO MemoryStore: Block broadcast_0 stored as values in memory (estimated size 103.5 KiB, free 434.3 MiB)
[2025-06-16T13:53:00.204+0200] {spark_submit.py:521} INFO - 25/06/16 13:53:00 INFO MemoryStore: Block broadcast_0_piece0 stored as bytes in memory (estimated size 37.3 KiB, free 434.3 MiB)
[2025-06-16T13:53:00.207+0200] {spark_submit.py:521} INFO - 25/06/16 13:53:00 INFO BlockManagerInfo: Added broadcast_0_piece0 in memory on 10.255.255.254:40931 (size: 37.3 KiB, free: 434.4 MiB)
[2025-06-16T13:53:00.212+0200] {spark_submit.py:521} INFO - 25/06/16 13:53:00 INFO SparkContext: Created broadcast 0 from broadcast at DAGScheduler.scala:1585
[2025-06-16T13:53:00.233+0200] {spark_submit.py:521} INFO - 25/06/16 13:53:00 INFO DAGScheduler: Submitting 1 missing tasks from ResultStage 0 (MapPartitionsRDD[1] at parquet at NativeMethodAccessorImpl.java:0) (first 15 tasks are for partitions Vector(0))
[2025-06-16T13:53:00.235+0200] {spark_submit.py:521} INFO - 25/06/16 13:53:00 INFO TaskSchedulerImpl: Adding task set 0.0 with 1 tasks resource profile 0
[2025-06-16T13:53:00.306+0200] {spark_submit.py:521} INFO - 25/06/16 13:53:00 INFO TaskSetManager: Starting task 0.0 in stage 0.0 (TID 0) (10.255.255.254, executor driver, partition 0, PROCESS_LOCAL, 9142 bytes)
[2025-06-16T13:53:00.324+0200] {spark_submit.py:521} INFO - 25/06/16 13:53:00 INFO Executor: Running task 0.0 in stage 0.0 (TID 0)
[2025-06-16T13:53:00.870+0200] {spark_submit.py:521} INFO - 25/06/16 13:53:00 INFO Executor: Finished task 0.0 in stage 0.0 (TID 0). 2021 bytes result sent to driver
[2025-06-16T13:53:00.883+0200] {spark_submit.py:521} INFO - 25/06/16 13:53:00 INFO TaskSetManager: Finished task 0.0 in stage 0.0 (TID 0) in 607 ms on 10.255.255.254 (executor driver) (1/1)
[2025-06-16T13:53:00.885+0200] {spark_submit.py:521} INFO - 25/06/16 13:53:00 INFO TaskSchedulerImpl: Removed TaskSet 0.0, whose tasks have all completed, from pool
[2025-06-16T13:53:00.890+0200] {spark_submit.py:521} INFO - 25/06/16 13:53:00 INFO DAGScheduler: ResultStage 0 (parquet at NativeMethodAccessorImpl.java:0) finished in 0.883 s
[2025-06-16T13:53:00.898+0200] {spark_submit.py:521} INFO - 25/06/16 13:53:00 INFO DAGScheduler: Job 0 is finished. Cancelling potential speculative or zombie tasks for this job
[2025-06-16T13:53:00.904+0200] {spark_submit.py:521} INFO - 25/06/16 13:53:00 INFO TaskSchedulerImpl: Killing all running tasks in stage 0: Stage finished
[2025-06-16T13:53:00.904+0200] {spark_submit.py:521} INFO - 25/06/16 13:53:00 INFO DAGScheduler: Job 0 finished: parquet at NativeMethodAccessorImpl.java:0, took 0.973200 s
[2025-06-16T13:53:01.437+0200] {spark_submit.py:521} INFO - 25/06/16 13:53:01 INFO BlockManagerInfo: Removed broadcast_0_piece0 on 10.255.255.254:40931 in memory (size: 37.3 KiB, free: 434.4 MiB)
[2025-06-16T13:53:01.890+0200] {spark_submit.py:521} INFO - 25/06/16 13:53:01 INFO InMemoryFileIndex: It took 2 ms to list leaf files for 1 paths.
[2025-06-16T13:53:01.933+0200] {spark_submit.py:521} INFO - 25/06/16 13:53:01 INFO SparkContext: Starting job: parquet at NativeMethodAccessorImpl.java:0
[2025-06-16T13:53:01.935+0200] {spark_submit.py:521} INFO - 25/06/16 13:53:01 INFO DAGScheduler: Got job 1 (parquet at NativeMethodAccessorImpl.java:0) with 1 output partitions
[2025-06-16T13:53:01.935+0200] {spark_submit.py:521} INFO - 25/06/16 13:53:01 INFO DAGScheduler: Final stage: ResultStage 1 (parquet at NativeMethodAccessorImpl.java:0)
[2025-06-16T13:53:01.936+0200] {spark_submit.py:521} INFO - 25/06/16 13:53:01 INFO DAGScheduler: Parents of final stage: List()
[2025-06-16T13:53:01.936+0200] {spark_submit.py:521} INFO - 25/06/16 13:53:01 INFO DAGScheduler: Missing parents: List()
[2025-06-16T13:53:01.937+0200] {spark_submit.py:521} INFO - 25/06/16 13:53:01 INFO DAGScheduler: Submitting ResultStage 1 (MapPartitionsRDD[3] at parquet at NativeMethodAccessorImpl.java:0), which has no missing parents
[2025-06-16T13:53:01.951+0200] {spark_submit.py:521} INFO - 25/06/16 13:53:01 INFO MemoryStore: Block broadcast_1 stored as values in memory (estimated size 103.5 KiB, free 434.3 MiB)
[2025-06-16T13:53:01.956+0200] {spark_submit.py:521} INFO - 25/06/16 13:53:01 INFO MemoryStore: Block broadcast_1_piece0 stored as bytes in memory (estimated size 37.3 KiB, free 434.3 MiB)
[2025-06-16T13:53:01.956+0200] {spark_submit.py:521} INFO - 25/06/16 13:53:01 INFO BlockManagerInfo: Added broadcast_1_piece0 in memory on 10.255.255.254:40931 (size: 37.3 KiB, free: 434.4 MiB)
[2025-06-16T13:53:01.957+0200] {spark_submit.py:521} INFO - 25/06/16 13:53:01 INFO SparkContext: Created broadcast 1 from broadcast at DAGScheduler.scala:1585
[2025-06-16T13:53:01.958+0200] {spark_submit.py:521} INFO - 25/06/16 13:53:01 INFO DAGScheduler: Submitting 1 missing tasks from ResultStage 1 (MapPartitionsRDD[3] at parquet at NativeMethodAccessorImpl.java:0) (first 15 tasks are for partitions Vector(0))
[2025-06-16T13:53:01.958+0200] {spark_submit.py:521} INFO - 25/06/16 13:53:01 INFO TaskSchedulerImpl: Adding task set 1.0 with 1 tasks resource profile 0
[2025-06-16T13:53:01.962+0200] {spark_submit.py:521} INFO - 25/06/16 13:53:01 INFO TaskSetManager: Starting task 0.0 in stage 1.0 (TID 1) (10.255.255.254, executor driver, partition 0, PROCESS_LOCAL, 9141 bytes)
[2025-06-16T13:53:01.963+0200] {spark_submit.py:521} INFO - 25/06/16 13:53:01 INFO Executor: Running task 0.0 in stage 1.0 (TID 1)
[2025-06-16T13:53:02.007+0200] {spark_submit.py:521} INFO - 25/06/16 13:53:02 INFO Executor: Finished task 0.0 in stage 1.0 (TID 1). 3927 bytes result sent to driver
[2025-06-16T13:53:02.010+0200] {spark_submit.py:521} INFO - 25/06/16 13:53:02 INFO TaskSetManager: Finished task 0.0 in stage 1.0 (TID 1) in 49 ms on 10.255.255.254 (executor driver) (1/1)
[2025-06-16T13:53:02.011+0200] {spark_submit.py:521} INFO - 25/06/16 13:53:02 INFO TaskSchedulerImpl: Removed TaskSet 1.0, whose tasks have all completed, from pool
[2025-06-16T13:53:02.012+0200] {spark_submit.py:521} INFO - 25/06/16 13:53:02 INFO DAGScheduler: ResultStage 1 (parquet at NativeMethodAccessorImpl.java:0) finished in 0.072 s
[2025-06-16T13:53:02.012+0200] {spark_submit.py:521} INFO - 25/06/16 13:53:02 INFO DAGScheduler: Job 1 is finished. Cancelling potential speculative or zombie tasks for this job
[2025-06-16T13:53:02.012+0200] {spark_submit.py:521} INFO - 25/06/16 13:53:02 INFO TaskSchedulerImpl: Killing all running tasks in stage 1: Stage finished
[2025-06-16T13:53:02.013+0200] {spark_submit.py:521} INFO - 25/06/16 13:53:02 INFO DAGScheduler: Job 1 finished: parquet at NativeMethodAccessorImpl.java:0, took 0.079633 s
[2025-06-16T13:53:02.205+0200] {spark_submit.py:521} INFO - 25/06/16 13:53:02 INFO BlockManagerInfo: Removed broadcast_1_piece0 on 10.255.255.254:40931 in memory (size: 37.3 KiB, free: 434.4 MiB)
[2025-06-16T13:53:02.620+0200] {spark_submit.py:521} INFO - 25/06/16 13:53:02 INFO FileSourceStrategy: Pushed Filters:
[2025-06-16T13:53:02.622+0200] {spark_submit.py:521} INFO - 25/06/16 13:53:02 INFO FileSourceStrategy: Post-Scan Filters:
[2025-06-16T13:53:03.078+0200] {spark_submit.py:521} INFO - 25/06/16 13:53:03 INFO CodeGenerator: Code generated in 222.045801 ms
[2025-06-16T13:53:03.102+0200] {spark_submit.py:521} INFO - 25/06/16 13:53:03 INFO MemoryStore: Block broadcast_2 stored as values in memory (estimated size 201.2 KiB, free 434.2 MiB)
[2025-06-16T13:53:03.116+0200] {spark_submit.py:521} INFO - 25/06/16 13:53:03 INFO MemoryStore: Block broadcast_2_piece0 stored as bytes in memory (estimated size 35.0 KiB, free 434.2 MiB)
[2025-06-16T13:53:03.118+0200] {spark_submit.py:521} INFO - 25/06/16 13:53:03 INFO BlockManagerInfo: Added broadcast_2_piece0 in memory on 10.255.255.254:40931 (size: 35.0 KiB, free: 434.4 MiB)
[2025-06-16T13:53:03.120+0200] {spark_submit.py:521} INFO - 25/06/16 13:53:03 INFO SparkContext: Created broadcast 2 from collect at /home/leoja/airflow/spark_jobs/compute_quadrants.py:99
[2025-06-16T13:53:03.152+0200] {spark_submit.py:521} INFO - 25/06/16 13:53:03 INFO FileSourceScanExec: Planning scan with bin packing, max size: 4194304 bytes, open cost is considered as scanning 4194304 bytes.
[2025-06-16T13:53:03.238+0200] {spark_submit.py:521} INFO - 25/06/16 13:53:03 INFO DAGScheduler: Registering RDD 7 (collect at /home/leoja/airflow/spark_jobs/compute_quadrants.py:99) as input to shuffle 0
[2025-06-16T13:53:03.242+0200] {spark_submit.py:521} INFO - 25/06/16 13:53:03 INFO DAGScheduler: Got map stage job 2 (collect at /home/leoja/airflow/spark_jobs/compute_quadrants.py:99) with 1 output partitions
[2025-06-16T13:53:03.242+0200] {spark_submit.py:521} INFO - 25/06/16 13:53:03 INFO DAGScheduler: Final stage: ShuffleMapStage 2 (collect at /home/leoja/airflow/spark_jobs/compute_quadrants.py:99)
[2025-06-16T13:53:03.243+0200] {spark_submit.py:521} INFO - 25/06/16 13:53:03 INFO DAGScheduler: Parents of final stage: List()
[2025-06-16T13:53:03.243+0200] {spark_submit.py:521} INFO - 25/06/16 13:53:03 INFO DAGScheduler: Missing parents: List()
[2025-06-16T13:53:03.244+0200] {spark_submit.py:521} INFO - 25/06/16 13:53:03 INFO DAGScheduler: Submitting ShuffleMapStage 2 (MapPartitionsRDD[7] at collect at /home/leoja/airflow/spark_jobs/compute_quadrants.py:99), which has no missing parents
[2025-06-16T13:53:03.295+0200] {spark_submit.py:521} INFO - 25/06/16 13:53:03 INFO MemoryStore: Block broadcast_3 stored as values in memory (estimated size 18.6 KiB, free 434.2 MiB)
[2025-06-16T13:53:03.297+0200] {spark_submit.py:521} INFO - 25/06/16 13:53:03 INFO MemoryStore: Block broadcast_3_piece0 stored as bytes in memory (estimated size 8.3 KiB, free 434.1 MiB)
[2025-06-16T13:53:03.298+0200] {spark_submit.py:521} INFO - 25/06/16 13:53:03 INFO BlockManagerInfo: Added broadcast_3_piece0 in memory on 10.255.255.254:40931 (size: 8.3 KiB, free: 434.4 MiB)
[2025-06-16T13:53:03.298+0200] {spark_submit.py:521} INFO - 25/06/16 13:53:03 INFO SparkContext: Created broadcast 3 from broadcast at DAGScheduler.scala:1585
[2025-06-16T13:53:03.301+0200] {spark_submit.py:521} INFO - 25/06/16 13:53:03 INFO DAGScheduler: Submitting 1 missing tasks from ShuffleMapStage 2 (MapPartitionsRDD[7] at collect at /home/leoja/airflow/spark_jobs/compute_quadrants.py:99) (first 15 tasks are for partitions Vector(0))
[2025-06-16T13:53:03.301+0200] {spark_submit.py:521} INFO - 25/06/16 13:53:03 INFO TaskSchedulerImpl: Adding task set 2.0 with 1 tasks resource profile 0
[2025-06-16T13:53:03.306+0200] {spark_submit.py:521} INFO - 25/06/16 13:53:03 INFO TaskSetManager: Starting task 0.0 in stage 2.0 (TID 2) (10.255.255.254, executor driver, partition 0, PROCESS_LOCAL, 9600 bytes)
[2025-06-16T13:53:03.308+0200] {spark_submit.py:521} INFO - 25/06/16 13:53:03 INFO Executor: Running task 0.0 in stage 2.0 (TID 2)
[2025-06-16T13:53:03.375+0200] {spark_submit.py:521} INFO - 25/06/16 13:53:03 INFO CodeGenerator: Code generated in 22.779267 ms
[2025-06-16T13:53:03.392+0200] {spark_submit.py:521} INFO - 25/06/16 13:53:03 INFO FileScanRDD: Reading File path: file:///home/leoja/airflow/data/quadrants.parquet, range: 0-44072, partition values: [empty row]
[2025-06-16T13:53:03.654+0200] {spark_submit.py:521} INFO - 25/06/16 13:53:03 INFO CodecPool: Got brand-new decompressor [.snappy]
[2025-06-16T13:53:04.064+0200] {spark_submit.py:521} INFO - 25/06/16 13:53:04 INFO Executor: Finished task 0.0 in stage 2.0 (TID 2). 2224 bytes result sent to driver
[2025-06-16T13:53:04.069+0200] {spark_submit.py:521} INFO - 25/06/16 13:53:04 INFO TaskSetManager: Finished task 0.0 in stage 2.0 (TID 2) in 766 ms on 10.255.255.254 (executor driver) (1/1)
[2025-06-16T13:53:04.070+0200] {spark_submit.py:521} INFO - 25/06/16 13:53:04 INFO TaskSchedulerImpl: Removed TaskSet 2.0, whose tasks have all completed, from pool
[2025-06-16T13:53:04.072+0200] {spark_submit.py:521} INFO - 25/06/16 13:53:04 INFO DAGScheduler: ShuffleMapStage 2 (collect at /home/leoja/airflow/spark_jobs/compute_quadrants.py:99) finished in 0.825 s
[2025-06-16T13:53:04.073+0200] {spark_submit.py:521} INFO - 25/06/16 13:53:04 INFO DAGScheduler: looking for newly runnable stages
[2025-06-16T13:53:04.074+0200] {spark_submit.py:521} INFO - 25/06/16 13:53:04 INFO DAGScheduler: running: Set()
[2025-06-16T13:53:04.075+0200] {spark_submit.py:521} INFO - 25/06/16 13:53:04 INFO DAGScheduler: waiting: Set()
[2025-06-16T13:53:04.076+0200] {spark_submit.py:521} INFO - 25/06/16 13:53:04 INFO DAGScheduler: failed: Set()
[2025-06-16T13:53:04.121+0200] {spark_submit.py:521} INFO - 25/06/16 13:53:04 INFO CodeGenerator: Code generated in 13.174376 ms
[2025-06-16T13:53:04.140+0200] {spark_submit.py:521} INFO - 25/06/16 13:53:04 INFO SparkContext: Starting job: collect at /home/leoja/airflow/spark_jobs/compute_quadrants.py:99
[2025-06-16T13:53:04.144+0200] {spark_submit.py:521} INFO - 25/06/16 13:53:04 INFO DAGScheduler: Got job 3 (collect at /home/leoja/airflow/spark_jobs/compute_quadrants.py:99) with 1 output partitions
[2025-06-16T13:53:04.145+0200] {spark_submit.py:521} INFO - 25/06/16 13:53:04 INFO DAGScheduler: Final stage: ResultStage 4 (collect at /home/leoja/airflow/spark_jobs/compute_quadrants.py:99)
[2025-06-16T13:53:04.145+0200] {spark_submit.py:521} INFO - 25/06/16 13:53:04 INFO DAGScheduler: Parents of final stage: List(ShuffleMapStage 3)
[2025-06-16T13:53:04.145+0200] {spark_submit.py:521} INFO - 25/06/16 13:53:04 INFO DAGScheduler: Missing parents: List()
[2025-06-16T13:53:04.146+0200] {spark_submit.py:521} INFO - 25/06/16 13:53:04 INFO DAGScheduler: Submitting ResultStage 4 (MapPartitionsRDD[10] at collect at /home/leoja/airflow/spark_jobs/compute_quadrants.py:99), which has no missing parents
[2025-06-16T13:53:04.156+0200] {spark_submit.py:521} INFO - 25/06/16 13:53:04 INFO MemoryStore: Block broadcast_4 stored as values in memory (estimated size 13.1 KiB, free 434.1 MiB)
[2025-06-16T13:53:04.163+0200] {spark_submit.py:521} INFO - 25/06/16 13:53:04 INFO MemoryStore: Block broadcast_4_piece0 stored as bytes in memory (estimated size 6.1 KiB, free 434.1 MiB)
[2025-06-16T13:53:04.164+0200] {spark_submit.py:521} INFO - 25/06/16 13:53:04 INFO BlockManagerInfo: Added broadcast_4_piece0 in memory on 10.255.255.254:40931 (size: 6.1 KiB, free: 434.4 MiB)
[2025-06-16T13:53:04.165+0200] {spark_submit.py:521} INFO - 25/06/16 13:53:04 INFO BlockManagerInfo: Removed broadcast_3_piece0 on 10.255.255.254:40931 in memory (size: 8.3 KiB, free: 434.4 MiB)
[2025-06-16T13:53:04.165+0200] {spark_submit.py:521} INFO - 25/06/16 13:53:04 INFO SparkContext: Created broadcast 4 from broadcast at DAGScheduler.scala:1585
[2025-06-16T13:53:04.166+0200] {spark_submit.py:521} INFO - 25/06/16 13:53:04 INFO DAGScheduler: Submitting 1 missing tasks from ResultStage 4 (MapPartitionsRDD[10] at collect at /home/leoja/airflow/spark_jobs/compute_quadrants.py:99) (first 15 tasks are for partitions Vector(0))
[2025-06-16T13:53:04.167+0200] {spark_submit.py:521} INFO - 25/06/16 13:53:04 INFO TaskSchedulerImpl: Adding task set 4.0 with 1 tasks resource profile 0
[2025-06-16T13:53:04.172+0200] {spark_submit.py:521} INFO - 25/06/16 13:53:04 INFO TaskSetManager: Starting task 0.0 in stage 4.0 (TID 3) (10.255.255.254, executor driver, partition 0, NODE_LOCAL, 8999 bytes)
[2025-06-16T13:53:04.173+0200] {spark_submit.py:521} INFO - 25/06/16 13:53:04 INFO Executor: Running task 0.0 in stage 4.0 (TID 3)
[2025-06-16T13:53:04.214+0200] {spark_submit.py:521} INFO - 25/06/16 13:53:04 INFO ShuffleBlockFetcherIterator: Getting 1 (60.0 B) non-empty blocks including 1 (60.0 B) local and 0 (0.0 B) host-local and 0 (0.0 B) push-merged-local and 0 (0.0 B) remote blocks
[2025-06-16T13:53:04.216+0200] {spark_submit.py:521} INFO - 25/06/16 13:53:04 INFO ShuffleBlockFetcherIterator: Started 0 remote fetches in 11 ms
[2025-06-16T13:53:04.230+0200] {spark_submit.py:521} INFO - 25/06/16 13:53:04 INFO CodeGenerator: Code generated in 11.234388 ms
[2025-06-16T13:53:04.262+0200] {spark_submit.py:521} INFO - 25/06/16 13:53:04 INFO Executor: Finished task 0.0 in stage 4.0 (TID 3). 4081 bytes result sent to driver
[2025-06-16T13:53:04.269+0200] {spark_submit.py:521} INFO - 25/06/16 13:53:04 INFO TaskSetManager: Finished task 0.0 in stage 4.0 (TID 3) in 99 ms on 10.255.255.254 (executor driver) (1/1)
[2025-06-16T13:53:04.270+0200] {spark_submit.py:521} INFO - 25/06/16 13:53:04 INFO TaskSchedulerImpl: Removed TaskSet 4.0, whose tasks have all completed, from pool
[2025-06-16T13:53:04.271+0200] {spark_submit.py:521} INFO - 25/06/16 13:53:04 INFO DAGScheduler: ResultStage 4 (collect at /home/leoja/airflow/spark_jobs/compute_quadrants.py:99) finished in 0.116 s
[2025-06-16T13:53:04.271+0200] {spark_submit.py:521} INFO - 25/06/16 13:53:04 INFO DAGScheduler: Job 3 is finished. Cancelling potential speculative or zombie tasks for this job
[2025-06-16T13:53:04.271+0200] {spark_submit.py:521} INFO - 25/06/16 13:53:04 INFO TaskSchedulerImpl: Killing all running tasks in stage 4: Stage finished
[2025-06-16T13:53:04.272+0200] {spark_submit.py:521} INFO - 25/06/16 13:53:04 INFO DAGScheduler: Job 3 finished: collect at /home/leoja/airflow/spark_jobs/compute_quadrants.py:99, took 0.131277 s
[2025-06-16T13:53:04.546+0200] {spark_submit.py:521} INFO - 25/06/16 13:53:04 INFO FileSourceStrategy: Pushed Filters:
[2025-06-16T13:53:04.548+0200] {spark_submit.py:521} INFO - 25/06/16 13:53:04 INFO FileSourceStrategy: Post-Scan Filters: (gettimestamp(date#0, yyyy-MM-dd, TimestampType, Some(Europe/Paris), false) >= 2025-07-01 00:00:00)
[2025-06-16T13:53:04.656+0200] {spark_submit.py:521} INFO - 25/06/16 13:53:04 INFO CodeGenerator: Code generated in 44.71424 ms
[2025-06-16T13:53:04.665+0200] {spark_submit.py:521} INFO - 25/06/16 13:53:04 INFO MemoryStore: Block broadcast_5 stored as values in memory (estimated size 202.3 KiB, free 434.0 MiB)
[2025-06-16T13:53:04.681+0200] {spark_submit.py:521} INFO - 25/06/16 13:53:04 INFO MemoryStore: Block broadcast_5_piece0 stored as bytes in memory (estimated size 35.3 KiB, free 433.9 MiB)
[2025-06-16T13:53:04.682+0200] {spark_submit.py:521} INFO - 25/06/16 13:53:04 INFO BlockManagerInfo: Added broadcast_5_piece0 in memory on 10.255.255.254:40931 (size: 35.3 KiB, free: 434.3 MiB)
[2025-06-16T13:53:04.684+0200] {spark_submit.py:521} INFO - 25/06/16 13:53:04 INFO SparkContext: Created broadcast 5 from javaToPython at NativeMethodAccessorImpl.java:0
[2025-06-16T13:53:04.686+0200] {spark_submit.py:521} INFO - 25/06/16 13:53:04 INFO FileSourceScanExec: Planning scan with bin packing, max size: 4194304 bytes, open cost is considered as scanning 4194304 bytes.
[2025-06-16T13:53:04.727+0200] {spark_submit.py:521} INFO - 25/06/16 13:53:04 INFO CodeGenerator: Code generated in 18.914361 ms
[2025-06-16T13:53:04.773+0200] {spark_submit.py:521} INFO - 25/06/16 13:53:04 INFO SparkContext: Starting job: javaToPython at NativeMethodAccessorImpl.java:0
[2025-06-16T13:53:04.775+0200] {spark_submit.py:521} INFO - 25/06/16 13:53:04 INFO DAGScheduler: Got job 4 (javaToPython at NativeMethodAccessorImpl.java:0) with 1 output partitions
[2025-06-16T13:53:04.775+0200] {spark_submit.py:521} INFO - 25/06/16 13:53:04 INFO DAGScheduler: Final stage: ResultStage 5 (javaToPython at NativeMethodAccessorImpl.java:0)
[2025-06-16T13:53:04.775+0200] {spark_submit.py:521} INFO - 25/06/16 13:53:04 INFO DAGScheduler: Parents of final stage: List()
[2025-06-16T13:53:04.775+0200] {spark_submit.py:521} INFO - 25/06/16 13:53:04 INFO DAGScheduler: Missing parents: List()
[2025-06-16T13:53:04.776+0200] {spark_submit.py:521} INFO - 25/06/16 13:53:04 INFO DAGScheduler: Submitting ResultStage 5 (MapPartitionsRDD[16] at javaToPython at NativeMethodAccessorImpl.java:0), which has no missing parents
[2025-06-16T13:53:04.780+0200] {spark_submit.py:521} INFO - 25/06/16 13:53:04 INFO MemoryStore: Block broadcast_6 stored as values in memory (estimated size 24.4 KiB, free 433.9 MiB)
[2025-06-16T13:53:04.782+0200] {spark_submit.py:521} INFO - 25/06/16 13:53:04 INFO MemoryStore: Block broadcast_6_piece0 stored as bytes in memory (estimated size 9.6 KiB, free 433.9 MiB)
[2025-06-16T13:53:04.783+0200] {spark_submit.py:521} INFO - 25/06/16 13:53:04 INFO BlockManagerInfo: Added broadcast_6_piece0 in memory on 10.255.255.254:40931 (size: 9.6 KiB, free: 434.3 MiB)
[2025-06-16T13:53:04.785+0200] {spark_submit.py:521} INFO - 25/06/16 13:53:04 INFO SparkContext: Created broadcast 6 from broadcast at DAGScheduler.scala:1585
[2025-06-16T13:53:04.786+0200] {spark_submit.py:521} INFO - 25/06/16 13:53:04 INFO DAGScheduler: Submitting 1 missing tasks from ResultStage 5 (MapPartitionsRDD[16] at javaToPython at NativeMethodAccessorImpl.java:0) (first 15 tasks are for partitions Vector(0))
[2025-06-16T13:53:04.786+0200] {spark_submit.py:521} INFO - 25/06/16 13:53:04 INFO TaskSchedulerImpl: Adding task set 5.0 with 1 tasks resource profile 0
[2025-06-16T13:53:04.788+0200] {spark_submit.py:521} INFO - 25/06/16 13:53:04 INFO TaskSetManager: Starting task 0.0 in stage 5.0 (TID 4) (10.255.255.254, executor driver, partition 0, PROCESS_LOCAL, 9612 bytes)
[2025-06-16T13:53:04.789+0200] {spark_submit.py:521} INFO - 25/06/16 13:53:04 INFO Executor: Running task 0.0 in stage 5.0 (TID 4)
[2025-06-16T13:53:04.872+0200] {spark_submit.py:521} INFO - 25/06/16 13:53:04 INFO CodeGenerator: Code generated in 66.496989 ms
[2025-06-16T13:53:04.894+0200] {spark_submit.py:521} INFO - 25/06/16 13:53:04 INFO CodeGenerator: Code generated in 11.874755 ms
[2025-06-16T13:53:04.898+0200] {spark_submit.py:521} INFO - 25/06/16 13:53:04 INFO FileScanRDD: Reading File path: file:///home/leoja/airflow/data/Indicators.parquet, range: 0-16065, partition values: [empty row]
[2025-06-16T13:53:04.939+0200] {spark_submit.py:521} INFO - 25/06/16 13:53:04 INFO Executor: Finished task 0.0 in stage 5.0 (TID 4). 1890 bytes result sent to driver
[2025-06-16T13:53:04.940+0200] {spark_submit.py:521} INFO - 25/06/16 13:53:04 INFO BlockManagerInfo: Removed broadcast_4_piece0 on 10.255.255.254:40931 in memory (size: 6.1 KiB, free: 434.3 MiB)
[2025-06-16T13:53:04.941+0200] {spark_submit.py:521} INFO - 25/06/16 13:53:04 INFO TaskSetManager: Finished task 0.0 in stage 5.0 (TID 4) in 153 ms on 10.255.255.254 (executor driver) (1/1)
[2025-06-16T13:53:04.941+0200] {spark_submit.py:521} INFO - 25/06/16 13:53:04 INFO TaskSchedulerImpl: Removed TaskSet 5.0, whose tasks have all completed, from pool
[2025-06-16T13:53:04.942+0200] {spark_submit.py:521} INFO - 25/06/16 13:53:04 INFO DAGScheduler: ResultStage 5 (javaToPython at NativeMethodAccessorImpl.java:0) finished in 0.164 s
[2025-06-16T13:53:04.942+0200] {spark_submit.py:521} INFO - 25/06/16 13:53:04 INFO DAGScheduler: Job 4 is finished. Cancelling potential speculative or zombie tasks for this job
[2025-06-16T13:53:04.942+0200] {spark_submit.py:521} INFO - 25/06/16 13:53:04 INFO TaskSchedulerImpl: Killing all running tasks in stage 5: Stage finished
[2025-06-16T13:53:04.943+0200] {spark_submit.py:521} INFO - 25/06/16 13:53:04 INFO DAGScheduler: Job 4 finished: javaToPython at NativeMethodAccessorImpl.java:0, took 0.170075 s
[2025-06-16T13:53:04.948+0200] {spark_submit.py:521} INFO - 25/06/16 13:53:04 INFO DAGScheduler: Registering RDD 17 (javaToPython at NativeMethodAccessorImpl.java:0) as input to shuffle 1
[2025-06-16T13:53:04.948+0200] {spark_submit.py:521} INFO - 25/06/16 13:53:04 INFO DAGScheduler: Got map stage job 5 (javaToPython at NativeMethodAccessorImpl.java:0) with 1 output partitions
[2025-06-16T13:53:04.949+0200] {spark_submit.py:521} INFO - 25/06/16 13:53:04 INFO DAGScheduler: Final stage: ShuffleMapStage 6 (javaToPython at NativeMethodAccessorImpl.java:0)
[2025-06-16T13:53:04.949+0200] {spark_submit.py:521} INFO - 25/06/16 13:53:04 INFO DAGScheduler: Parents of final stage: List()
[2025-06-16T13:53:04.949+0200] {spark_submit.py:521} INFO - 25/06/16 13:53:04 INFO DAGScheduler: Missing parents: List()
[2025-06-16T13:53:04.949+0200] {spark_submit.py:521} INFO - 25/06/16 13:53:04 INFO DAGScheduler: Submitting ShuffleMapStage 6 (MapPartitionsRDD[17] at javaToPython at NativeMethodAccessorImpl.java:0), which has no missing parents
[2025-06-16T13:53:04.957+0200] {spark_submit.py:521} INFO - 25/06/16 13:53:04 INFO MemoryStore: Block broadcast_7 stored as values in memory (estimated size 26.2 KiB, free 433.9 MiB)
[2025-06-16T13:53:04.959+0200] {spark_submit.py:521} INFO - 25/06/16 13:53:04 INFO MemoryStore: Block broadcast_7_piece0 stored as bytes in memory (estimated size 10.6 KiB, free 433.9 MiB)
[2025-06-16T13:53:04.960+0200] {spark_submit.py:521} INFO - 25/06/16 13:53:04 INFO BlockManagerInfo: Added broadcast_7_piece0 in memory on 10.255.255.254:40931 (size: 10.6 KiB, free: 434.3 MiB)
[2025-06-16T13:53:04.961+0200] {spark_submit.py:521} INFO - 25/06/16 13:53:04 INFO SparkContext: Created broadcast 7 from broadcast at DAGScheduler.scala:1585
[2025-06-16T13:53:04.962+0200] {spark_submit.py:521} INFO - 25/06/16 13:53:04 INFO DAGScheduler: Submitting 1 missing tasks from ShuffleMapStage 6 (MapPartitionsRDD[17] at javaToPython at NativeMethodAccessorImpl.java:0) (first 15 tasks are for partitions Vector(0))
[2025-06-16T13:53:04.962+0200] {spark_submit.py:521} INFO - 25/06/16 13:53:04 INFO TaskSchedulerImpl: Adding task set 6.0 with 1 tasks resource profile 0
[2025-06-16T13:53:04.963+0200] {spark_submit.py:521} INFO - 25/06/16 13:53:04 INFO TaskSetManager: Starting task 0.0 in stage 6.0 (TID 5) (10.255.255.254, executor driver, partition 0, PROCESS_LOCAL, 9601 bytes)
[2025-06-16T13:53:04.964+0200] {spark_submit.py:521} INFO - 25/06/16 13:53:04 INFO Executor: Running task 0.0 in stage 6.0 (TID 5)
[2025-06-16T13:53:04.981+0200] {spark_submit.py:521} INFO - 25/06/16 13:53:04 INFO CodeGenerator: Code generated in 5.656424 ms
[2025-06-16T13:53:04.989+0200] {spark_submit.py:521} INFO - 25/06/16 13:53:04 INFO FileScanRDD: Reading File path: file:///home/leoja/airflow/data/Indicators.parquet, range: 0-16065, partition values: [empty row]
[2025-06-16T13:53:05.004+0200] {spark_submit.py:521} INFO - 25/06/16 13:53:05 INFO Executor: Finished task 0.0 in stage 6.0 (TID 5). 1924 bytes result sent to driver
[2025-06-16T13:53:05.006+0200] {spark_submit.py:521} INFO - 25/06/16 13:53:05 INFO TaskSetManager: Finished task 0.0 in stage 6.0 (TID 5) in 42 ms on 10.255.255.254 (executor driver) (1/1)
[2025-06-16T13:53:05.006+0200] {spark_submit.py:521} INFO - 25/06/16 13:53:05 INFO TaskSchedulerImpl: Removed TaskSet 6.0, whose tasks have all completed, from pool
[2025-06-16T13:53:05.007+0200] {spark_submit.py:521} INFO - 25/06/16 13:53:05 INFO DAGScheduler: ShuffleMapStage 6 (javaToPython at NativeMethodAccessorImpl.java:0) finished in 0.056 s
[2025-06-16T13:53:05.007+0200] {spark_submit.py:521} INFO - 25/06/16 13:53:05 INFO DAGScheduler: looking for newly runnable stages
[2025-06-16T13:53:05.007+0200] {spark_submit.py:521} INFO - 25/06/16 13:53:05 INFO DAGScheduler: running: Set()
[2025-06-16T13:53:05.007+0200] {spark_submit.py:521} INFO - 25/06/16 13:53:05 INFO DAGScheduler: waiting: Set()
[2025-06-16T13:53:05.008+0200] {spark_submit.py:521} INFO - 25/06/16 13:53:05 INFO DAGScheduler: failed: Set()
[2025-06-16T13:53:05.037+0200] {spark_submit.py:521} INFO - Aucune nouvelle donnée après 2025-06-30. Pas de réécriture.
[2025-06-16T13:53:05.038+0200] {spark_submit.py:521} INFO - 25/06/16 13:53:05 INFO SparkContext: SparkContext is stopping with exitCode 0.
[2025-06-16T13:53:05.053+0200] {spark_submit.py:521} INFO - 25/06/16 13:53:05 INFO SparkUI: Stopped Spark web UI at http://10.255.255.254:4040
[2025-06-16T13:53:05.064+0200] {spark_submit.py:521} INFO - 25/06/16 13:53:05 INFO MapOutputTrackerMasterEndpoint: MapOutputTrackerMasterEndpoint stopped!
[2025-06-16T13:53:05.086+0200] {spark_submit.py:521} INFO - 25/06/16 13:53:05 INFO MemoryStore: MemoryStore cleared
[2025-06-16T13:53:05.087+0200] {spark_submit.py:521} INFO - 25/06/16 13:53:05 INFO BlockManager: BlockManager stopped
[2025-06-16T13:53:05.090+0200] {spark_submit.py:521} INFO - 25/06/16 13:53:05 INFO BlockManagerMaster: BlockManagerMaster stopped
[2025-06-16T13:53:05.092+0200] {spark_submit.py:521} INFO - 25/06/16 13:53:05 INFO OutputCommitCoordinator$OutputCommitCoordinatorEndpoint: OutputCommitCoordinator stopped!
[2025-06-16T13:53:05.104+0200] {spark_submit.py:521} INFO - 25/06/16 13:53:05 INFO SparkContext: Successfully stopped SparkContext
[2025-06-16T13:53:05.680+0200] {spark_submit.py:521} INFO - 25/06/16 13:53:05 INFO ShutdownHookManager: Shutdown hook called
[2025-06-16T13:53:05.681+0200] {spark_submit.py:521} INFO - 25/06/16 13:53:05 INFO ShutdownHookManager: Deleting directory /tmp/spark-21cbff57-bc7a-4f1a-a051-ae2bd90c5c3a/pyspark-c5809765-2071-4faa-a518-c58783938132
[2025-06-16T13:53:05.691+0200] {spark_submit.py:521} INFO - 25/06/16 13:53:05 INFO ShutdownHookManager: Deleting directory /tmp/spark-21cbff57-bc7a-4f1a-a051-ae2bd90c5c3a
[2025-06-16T13:53:05.704+0200] {spark_submit.py:521} INFO - 25/06/16 13:53:05 INFO ShutdownHookManager: Deleting directory /tmp/spark-406ac965-5285-4ace-a896-6f6e80c6d15f
[2025-06-16T13:53:05.767+0200] {taskinstance.py:441} INFO - ::group::Post task execution logs
[2025-06-16T13:53:05.775+0200] {taskinstance.py:1205} INFO - Marking task as SUCCESS. dag_id=macro_trading_dag, task_id=compute_economic_quadrants, execution_date=20250616T115224, start_date=20250616T115252, end_date=20250616T115305
[2025-06-16T13:53:05.826+0200] {local_task_job_runner.py:240} INFO - Task exited with return code 0
[2025-06-16T13:53:05.850+0200] {taskinstance.py:3482} INFO - 1 downstream tasks scheduled from follow-on schedule check
[2025-06-16T13:53:05.858+0200] {local_task_job_runner.py:222} INFO - ::endgroup::
