[2025-06-11T11:21:56.082+0200] {processor.py:161} INFO - Started process (PID=309982) to work on /home/leoja/airflow/airflow_venv/lib/python3.12/site-packages/airflow/example_dags/example_branch_operator.py
[2025-06-11T11:21:56.083+0200] {processor.py:830} INFO - Processing file /home/leoja/airflow/airflow_venv/lib/python3.12/site-packages/airflow/example_dags/example_branch_operator.py for tasks to queue
[2025-06-11T11:21:56.084+0200] {logging_mixin.py:188} INFO - [2025-06-11T11:21:56.084+0200] {dagbag.py:540} INFO - Filling up the DagBag from /home/leoja/airflow/airflow_venv/lib/python3.12/site-packages/airflow/example_dags/example_branch_operator.py
[2025-06-11T11:21:56.120+0200] {processor.py:842} WARNING - No viable dags retrieved from /home/leoja/airflow/airflow_venv/lib/python3.12/site-packages/airflow/example_dags/example_branch_operator.py
[2025-06-11T11:21:56.133+0200] {processor.py:183} INFO - Processing /home/leoja/airflow/airflow_venv/lib/python3.12/site-packages/airflow/example_dags/example_branch_operator.py took 0.056 seconds
[2025-06-11T11:22:51.838+0200] {processor.py:161} INFO - Started process (PID=311390) to work on /home/leoja/airflow/airflow_venv/lib/python3.12/site-packages/airflow/example_dags/example_branch_operator.py
[2025-06-11T11:22:51.840+0200] {processor.py:830} INFO - Processing file /home/leoja/airflow/airflow_venv/lib/python3.12/site-packages/airflow/example_dags/example_branch_operator.py for tasks to queue
[2025-06-11T11:22:51.841+0200] {logging_mixin.py:188} INFO - [2025-06-11T11:22:51.841+0200] {dagbag.py:540} INFO - Filling up the DagBag from /home/leoja/airflow/airflow_venv/lib/python3.12/site-packages/airflow/example_dags/example_branch_operator.py
[2025-06-11T11:22:51.872+0200] {processor.py:842} WARNING - No viable dags retrieved from /home/leoja/airflow/airflow_venv/lib/python3.12/site-packages/airflow/example_dags/example_branch_operator.py
[2025-06-11T11:22:51.882+0200] {processor.py:183} INFO - Processing /home/leoja/airflow/airflow_venv/lib/python3.12/site-packages/airflow/example_dags/example_branch_operator.py took 0.049 seconds
[2025-06-11T11:24:01.542+0200] {processor.py:161} INFO - Started process (PID=311769) to work on /home/leoja/airflow/airflow_venv/lib/python3.12/site-packages/airflow/example_dags/example_branch_operator.py
[2025-06-11T11:24:01.544+0200] {processor.py:830} INFO - Processing file /home/leoja/airflow/airflow_venv/lib/python3.12/site-packages/airflow/example_dags/example_branch_operator.py for tasks to queue
[2025-06-11T11:24:01.545+0200] {logging_mixin.py:188} INFO - [2025-06-11T11:24:01.545+0200] {dagbag.py:540} INFO - Filling up the DagBag from /home/leoja/airflow/airflow_venv/lib/python3.12/site-packages/airflow/example_dags/example_branch_operator.py
[2025-06-11T11:24:01.573+0200] {processor.py:842} WARNING - No viable dags retrieved from /home/leoja/airflow/airflow_venv/lib/python3.12/site-packages/airflow/example_dags/example_branch_operator.py
[2025-06-11T11:24:01.581+0200] {processor.py:183} INFO - Processing /home/leoja/airflow/airflow_venv/lib/python3.12/site-packages/airflow/example_dags/example_branch_operator.py took 0.043 seconds
[2025-06-11T11:25:40.764+0200] {processor.py:161} INFO - Started process (PID=312769) to work on /home/leoja/airflow/airflow_venv/lib/python3.12/site-packages/airflow/example_dags/example_branch_operator.py
[2025-06-11T11:25:40.765+0200] {processor.py:830} INFO - Processing file /home/leoja/airflow/airflow_venv/lib/python3.12/site-packages/airflow/example_dags/example_branch_operator.py for tasks to queue
[2025-06-11T11:25:40.767+0200] {logging_mixin.py:188} INFO - [2025-06-11T11:25:40.766+0200] {dagbag.py:540} INFO - Filling up the DagBag from /home/leoja/airflow/airflow_venv/lib/python3.12/site-packages/airflow/example_dags/example_branch_operator.py
[2025-06-11T11:25:40.791+0200] {processor.py:842} WARNING - No viable dags retrieved from /home/leoja/airflow/airflow_venv/lib/python3.12/site-packages/airflow/example_dags/example_branch_operator.py
[2025-06-11T11:25:40.799+0200] {processor.py:183} INFO - Processing /home/leoja/airflow/airflow_venv/lib/python3.12/site-packages/airflow/example_dags/example_branch_operator.py took 0.040 seconds
[2025-06-11T11:26:42.799+0200] {processor.py:161} INFO - Started process (PID=313121) to work on /home/leoja/airflow/airflow_venv/lib/python3.12/site-packages/airflow/example_dags/example_branch_operator.py
[2025-06-11T11:26:42.801+0200] {processor.py:830} INFO - Processing file /home/leoja/airflow/airflow_venv/lib/python3.12/site-packages/airflow/example_dags/example_branch_operator.py for tasks to queue
[2025-06-11T11:26:42.803+0200] {logging_mixin.py:188} INFO - [2025-06-11T11:26:42.803+0200] {dagbag.py:540} INFO - Filling up the DagBag from /home/leoja/airflow/airflow_venv/lib/python3.12/site-packages/airflow/example_dags/example_branch_operator.py
[2025-06-11T11:26:42.830+0200] {processor.py:842} WARNING - No viable dags retrieved from /home/leoja/airflow/airflow_venv/lib/python3.12/site-packages/airflow/example_dags/example_branch_operator.py
[2025-06-11T11:26:42.838+0200] {processor.py:183} INFO - Processing /home/leoja/airflow/airflow_venv/lib/python3.12/site-packages/airflow/example_dags/example_branch_operator.py took 0.044 seconds
[2025-06-11T11:27:44.829+0200] {processor.py:161} INFO - Started process (PID=313463) to work on /home/leoja/airflow/airflow_venv/lib/python3.12/site-packages/airflow/example_dags/example_branch_operator.py
[2025-06-11T11:27:44.831+0200] {processor.py:830} INFO - Processing file /home/leoja/airflow/airflow_venv/lib/python3.12/site-packages/airflow/example_dags/example_branch_operator.py for tasks to queue
[2025-06-11T11:27:44.832+0200] {logging_mixin.py:188} INFO - [2025-06-11T11:27:44.832+0200] {dagbag.py:540} INFO - Filling up the DagBag from /home/leoja/airflow/airflow_venv/lib/python3.12/site-packages/airflow/example_dags/example_branch_operator.py
[2025-06-11T11:27:44.868+0200] {processor.py:842} WARNING - No viable dags retrieved from /home/leoja/airflow/airflow_venv/lib/python3.12/site-packages/airflow/example_dags/example_branch_operator.py
[2025-06-11T11:27:44.877+0200] {processor.py:183} INFO - Processing /home/leoja/airflow/airflow_venv/lib/python3.12/site-packages/airflow/example_dags/example_branch_operator.py took 0.056 seconds
[2025-06-11T11:28:40.391+0200] {processor.py:161} INFO - Started process (PID=313795) to work on /home/leoja/airflow/airflow_venv/lib/python3.12/site-packages/airflow/example_dags/example_branch_operator.py
[2025-06-11T11:28:40.394+0200] {processor.py:830} INFO - Processing file /home/leoja/airflow/airflow_venv/lib/python3.12/site-packages/airflow/example_dags/example_branch_operator.py for tasks to queue
[2025-06-11T11:28:40.396+0200] {logging_mixin.py:188} INFO - [2025-06-11T11:28:40.396+0200] {dagbag.py:540} INFO - Filling up the DagBag from /home/leoja/airflow/airflow_venv/lib/python3.12/site-packages/airflow/example_dags/example_branch_operator.py
[2025-06-11T11:28:40.436+0200] {processor.py:842} WARNING - No viable dags retrieved from /home/leoja/airflow/airflow_venv/lib/python3.12/site-packages/airflow/example_dags/example_branch_operator.py
[2025-06-11T11:28:40.446+0200] {processor.py:183} INFO - Processing /home/leoja/airflow/airflow_venv/lib/python3.12/site-packages/airflow/example_dags/example_branch_operator.py took 0.062 seconds
[2025-06-11T11:29:49.922+0200] {processor.py:161} INFO - Started process (PID=314177) to work on /home/leoja/airflow/airflow_venv/lib/python3.12/site-packages/airflow/example_dags/example_branch_operator.py
[2025-06-11T11:29:49.923+0200] {processor.py:830} INFO - Processing file /home/leoja/airflow/airflow_venv/lib/python3.12/site-packages/airflow/example_dags/example_branch_operator.py for tasks to queue
[2025-06-11T11:29:49.927+0200] {logging_mixin.py:188} INFO - [2025-06-11T11:29:49.925+0200] {dagbag.py:540} INFO - Filling up the DagBag from /home/leoja/airflow/airflow_venv/lib/python3.12/site-packages/airflow/example_dags/example_branch_operator.py
[2025-06-11T11:29:49.969+0200] {processor.py:842} WARNING - No viable dags retrieved from /home/leoja/airflow/airflow_venv/lib/python3.12/site-packages/airflow/example_dags/example_branch_operator.py
[2025-06-11T11:29:49.985+0200] {processor.py:183} INFO - Processing /home/leoja/airflow/airflow_venv/lib/python3.12/site-packages/airflow/example_dags/example_branch_operator.py took 0.068 seconds
[2025-06-11T11:31:04.113+0200] {processor.py:161} INFO - Started process (PID=314580) to work on /home/leoja/airflow/airflow_venv/lib/python3.12/site-packages/airflow/example_dags/example_branch_operator.py
[2025-06-11T11:31:04.116+0200] {processor.py:830} INFO - Processing file /home/leoja/airflow/airflow_venv/lib/python3.12/site-packages/airflow/example_dags/example_branch_operator.py for tasks to queue
[2025-06-11T11:31:04.118+0200] {logging_mixin.py:188} INFO - [2025-06-11T11:31:04.117+0200] {dagbag.py:540} INFO - Filling up the DagBag from /home/leoja/airflow/airflow_venv/lib/python3.12/site-packages/airflow/example_dags/example_branch_operator.py
[2025-06-11T11:31:04.152+0200] {processor.py:842} WARNING - No viable dags retrieved from /home/leoja/airflow/airflow_venv/lib/python3.12/site-packages/airflow/example_dags/example_branch_operator.py
[2025-06-11T11:31:04.161+0200] {processor.py:183} INFO - Processing /home/leoja/airflow/airflow_venv/lib/python3.12/site-packages/airflow/example_dags/example_branch_operator.py took 0.054 seconds
[2025-06-11T11:32:22.418+0200] {processor.py:161} INFO - Started process (PID=315045) to work on /home/leoja/airflow/airflow_venv/lib/python3.12/site-packages/airflow/example_dags/example_branch_operator.py
[2025-06-11T11:32:22.429+0200] {processor.py:830} INFO - Processing file /home/leoja/airflow/airflow_venv/lib/python3.12/site-packages/airflow/example_dags/example_branch_operator.py for tasks to queue
[2025-06-11T11:32:22.430+0200] {logging_mixin.py:188} INFO - [2025-06-11T11:32:22.430+0200] {dagbag.py:540} INFO - Filling up the DagBag from /home/leoja/airflow/airflow_venv/lib/python3.12/site-packages/airflow/example_dags/example_branch_operator.py
[2025-06-11T11:32:22.489+0200] {processor.py:842} WARNING - No viable dags retrieved from /home/leoja/airflow/airflow_venv/lib/python3.12/site-packages/airflow/example_dags/example_branch_operator.py
[2025-06-11T11:32:22.497+0200] {processor.py:183} INFO - Processing /home/leoja/airflow/airflow_venv/lib/python3.12/site-packages/airflow/example_dags/example_branch_operator.py took 0.085 seconds
[2025-06-11T11:33:14.146+0200] {processor.py:161} INFO - Started process (PID=315331) to work on /home/leoja/airflow/airflow_venv/lib/python3.12/site-packages/airflow/example_dags/example_branch_operator.py
[2025-06-11T11:33:14.148+0200] {processor.py:830} INFO - Processing file /home/leoja/airflow/airflow_venv/lib/python3.12/site-packages/airflow/example_dags/example_branch_operator.py for tasks to queue
[2025-06-11T11:33:14.150+0200] {logging_mixin.py:188} INFO - [2025-06-11T11:33:14.150+0200] {dagbag.py:540} INFO - Filling up the DagBag from /home/leoja/airflow/airflow_venv/lib/python3.12/site-packages/airflow/example_dags/example_branch_operator.py
[2025-06-11T11:33:14.177+0200] {processor.py:842} WARNING - No viable dags retrieved from /home/leoja/airflow/airflow_venv/lib/python3.12/site-packages/airflow/example_dags/example_branch_operator.py
[2025-06-11T11:33:14.188+0200] {processor.py:183} INFO - Processing /home/leoja/airflow/airflow_venv/lib/python3.12/site-packages/airflow/example_dags/example_branch_operator.py took 0.048 seconds
[2025-06-11T11:34:19.254+0200] {processor.py:161} INFO - Started process (PID=315677) to work on /home/leoja/airflow/airflow_venv/lib/python3.12/site-packages/airflow/example_dags/example_branch_operator.py
[2025-06-11T11:34:19.255+0200] {processor.py:830} INFO - Processing file /home/leoja/airflow/airflow_venv/lib/python3.12/site-packages/airflow/example_dags/example_branch_operator.py for tasks to queue
[2025-06-11T11:34:19.257+0200] {logging_mixin.py:188} INFO - [2025-06-11T11:34:19.257+0200] {dagbag.py:540} INFO - Filling up the DagBag from /home/leoja/airflow/airflow_venv/lib/python3.12/site-packages/airflow/example_dags/example_branch_operator.py
[2025-06-11T11:34:19.290+0200] {processor.py:842} WARNING - No viable dags retrieved from /home/leoja/airflow/airflow_venv/lib/python3.12/site-packages/airflow/example_dags/example_branch_operator.py
[2025-06-11T11:34:19.304+0200] {processor.py:183} INFO - Processing /home/leoja/airflow/airflow_venv/lib/python3.12/site-packages/airflow/example_dags/example_branch_operator.py took 0.055 seconds
[2025-06-11T11:35:24.996+0200] {processor.py:161} INFO - Started process (PID=316081) to work on /home/leoja/airflow/airflow_venv/lib/python3.12/site-packages/airflow/example_dags/example_branch_operator.py
[2025-06-11T11:35:24.997+0200] {processor.py:830} INFO - Processing file /home/leoja/airflow/airflow_venv/lib/python3.12/site-packages/airflow/example_dags/example_branch_operator.py for tasks to queue
[2025-06-11T11:35:24.999+0200] {logging_mixin.py:188} INFO - [2025-06-11T11:35:24.999+0200] {dagbag.py:540} INFO - Filling up the DagBag from /home/leoja/airflow/airflow_venv/lib/python3.12/site-packages/airflow/example_dags/example_branch_operator.py
[2025-06-11T11:35:25.030+0200] {processor.py:842} WARNING - No viable dags retrieved from /home/leoja/airflow/airflow_venv/lib/python3.12/site-packages/airflow/example_dags/example_branch_operator.py
[2025-06-11T11:35:25.038+0200] {processor.py:183} INFO - Processing /home/leoja/airflow/airflow_venv/lib/python3.12/site-packages/airflow/example_dags/example_branch_operator.py took 0.047 seconds
[2025-06-11T11:36:38.774+0200] {processor.py:161} INFO - Started process (PID=316483) to work on /home/leoja/airflow/airflow_venv/lib/python3.12/site-packages/airflow/example_dags/example_branch_operator.py
[2025-06-11T11:36:38.783+0200] {processor.py:830} INFO - Processing file /home/leoja/airflow/airflow_venv/lib/python3.12/site-packages/airflow/example_dags/example_branch_operator.py for tasks to queue
[2025-06-11T11:36:38.785+0200] {logging_mixin.py:188} INFO - [2025-06-11T11:36:38.784+0200] {dagbag.py:540} INFO - Filling up the DagBag from /home/leoja/airflow/airflow_venv/lib/python3.12/site-packages/airflow/example_dags/example_branch_operator.py
[2025-06-11T11:36:38.817+0200] {processor.py:842} WARNING - No viable dags retrieved from /home/leoja/airflow/airflow_venv/lib/python3.12/site-packages/airflow/example_dags/example_branch_operator.py
[2025-06-11T11:36:38.828+0200] {processor.py:183} INFO - Processing /home/leoja/airflow/airflow_venv/lib/python3.12/site-packages/airflow/example_dags/example_branch_operator.py took 0.058 seconds
[2025-06-11T11:37:28.682+0200] {processor.py:161} INFO - Started process (PID=316757) to work on /home/leoja/airflow/airflow_venv/lib/python3.12/site-packages/airflow/example_dags/example_branch_operator.py
[2025-06-11T11:37:28.684+0200] {processor.py:830} INFO - Processing file /home/leoja/airflow/airflow_venv/lib/python3.12/site-packages/airflow/example_dags/example_branch_operator.py for tasks to queue
[2025-06-11T11:37:28.687+0200] {logging_mixin.py:188} INFO - [2025-06-11T11:37:28.686+0200] {dagbag.py:540} INFO - Filling up the DagBag from /home/leoja/airflow/airflow_venv/lib/python3.12/site-packages/airflow/example_dags/example_branch_operator.py
[2025-06-11T11:37:28.783+0200] {processor.py:842} WARNING - No viable dags retrieved from /home/leoja/airflow/airflow_venv/lib/python3.12/site-packages/airflow/example_dags/example_branch_operator.py
[2025-06-11T11:37:28.794+0200] {processor.py:183} INFO - Processing /home/leoja/airflow/airflow_venv/lib/python3.12/site-packages/airflow/example_dags/example_branch_operator.py took 0.119 seconds
[2025-06-11T11:38:36.573+0200] {processor.py:161} INFO - Started process (PID=317133) to work on /home/leoja/airflow/airflow_venv/lib/python3.12/site-packages/airflow/example_dags/example_branch_operator.py
[2025-06-11T11:38:36.574+0200] {processor.py:830} INFO - Processing file /home/leoja/airflow/airflow_venv/lib/python3.12/site-packages/airflow/example_dags/example_branch_operator.py for tasks to queue
[2025-06-11T11:38:36.575+0200] {logging_mixin.py:188} INFO - [2025-06-11T11:38:36.575+0200] {dagbag.py:540} INFO - Filling up the DagBag from /home/leoja/airflow/airflow_venv/lib/python3.12/site-packages/airflow/example_dags/example_branch_operator.py
[2025-06-11T11:38:36.603+0200] {processor.py:842} WARNING - No viable dags retrieved from /home/leoja/airflow/airflow_venv/lib/python3.12/site-packages/airflow/example_dags/example_branch_operator.py
[2025-06-11T11:38:36.612+0200] {processor.py:183} INFO - Processing /home/leoja/airflow/airflow_venv/lib/python3.12/site-packages/airflow/example_dags/example_branch_operator.py took 0.045 seconds
[2025-06-11T11:39:27.340+0200] {processor.py:161} INFO - Started process (PID=317439) to work on /home/leoja/airflow/airflow_venv/lib/python3.12/site-packages/airflow/example_dags/example_branch_operator.py
[2025-06-11T11:39:27.342+0200] {processor.py:830} INFO - Processing file /home/leoja/airflow/airflow_venv/lib/python3.12/site-packages/airflow/example_dags/example_branch_operator.py for tasks to queue
[2025-06-11T11:39:27.343+0200] {logging_mixin.py:188} INFO - [2025-06-11T11:39:27.343+0200] {dagbag.py:540} INFO - Filling up the DagBag from /home/leoja/airflow/airflow_venv/lib/python3.12/site-packages/airflow/example_dags/example_branch_operator.py
[2025-06-11T11:39:27.374+0200] {processor.py:842} WARNING - No viable dags retrieved from /home/leoja/airflow/airflow_venv/lib/python3.12/site-packages/airflow/example_dags/example_branch_operator.py
[2025-06-11T11:39:27.383+0200] {processor.py:183} INFO - Processing /home/leoja/airflow/airflow_venv/lib/python3.12/site-packages/airflow/example_dags/example_branch_operator.py took 0.048 seconds
[2025-06-11T11:40:31.215+0200] {processor.py:161} INFO - Started process (PID=317782) to work on /home/leoja/airflow/airflow_venv/lib/python3.12/site-packages/airflow/example_dags/example_branch_operator.py
[2025-06-11T11:40:31.217+0200] {processor.py:830} INFO - Processing file /home/leoja/airflow/airflow_venv/lib/python3.12/site-packages/airflow/example_dags/example_branch_operator.py for tasks to queue
[2025-06-11T11:40:31.218+0200] {logging_mixin.py:188} INFO - [2025-06-11T11:40:31.218+0200] {dagbag.py:540} INFO - Filling up the DagBag from /home/leoja/airflow/airflow_venv/lib/python3.12/site-packages/airflow/example_dags/example_branch_operator.py
[2025-06-11T11:40:31.252+0200] {processor.py:842} WARNING - No viable dags retrieved from /home/leoja/airflow/airflow_venv/lib/python3.12/site-packages/airflow/example_dags/example_branch_operator.py
[2025-06-11T11:40:31.261+0200] {processor.py:183} INFO - Processing /home/leoja/airflow/airflow_venv/lib/python3.12/site-packages/airflow/example_dags/example_branch_operator.py took 0.051 seconds
[2025-06-11T11:41:49.674+0200] {processor.py:161} INFO - Started process (PID=318220) to work on /home/leoja/airflow/airflow_venv/lib/python3.12/site-packages/airflow/example_dags/example_branch_operator.py
[2025-06-11T11:41:49.676+0200] {processor.py:830} INFO - Processing file /home/leoja/airflow/airflow_venv/lib/python3.12/site-packages/airflow/example_dags/example_branch_operator.py for tasks to queue
[2025-06-11T11:41:49.678+0200] {logging_mixin.py:188} INFO - [2025-06-11T11:41:49.677+0200] {dagbag.py:540} INFO - Filling up the DagBag from /home/leoja/airflow/airflow_venv/lib/python3.12/site-packages/airflow/example_dags/example_branch_operator.py
[2025-06-11T11:41:49.721+0200] {processor.py:842} WARNING - No viable dags retrieved from /home/leoja/airflow/airflow_venv/lib/python3.12/site-packages/airflow/example_dags/example_branch_operator.py
[2025-06-11T11:41:49.730+0200] {processor.py:183} INFO - Processing /home/leoja/airflow/airflow_venv/lib/python3.12/site-packages/airflow/example_dags/example_branch_operator.py took 0.060 seconds
[2025-06-11T11:42:43.549+0200] {processor.py:161} INFO - Started process (PID=318524) to work on /home/leoja/airflow/airflow_venv/lib/python3.12/site-packages/airflow/example_dags/example_branch_operator.py
[2025-06-11T11:42:43.550+0200] {processor.py:830} INFO - Processing file /home/leoja/airflow/airflow_venv/lib/python3.12/site-packages/airflow/example_dags/example_branch_operator.py for tasks to queue
[2025-06-11T11:42:43.552+0200] {logging_mixin.py:188} INFO - [2025-06-11T11:42:43.552+0200] {dagbag.py:540} INFO - Filling up the DagBag from /home/leoja/airflow/airflow_venv/lib/python3.12/site-packages/airflow/example_dags/example_branch_operator.py
[2025-06-11T11:42:43.583+0200] {processor.py:842} WARNING - No viable dags retrieved from /home/leoja/airflow/airflow_venv/lib/python3.12/site-packages/airflow/example_dags/example_branch_operator.py
[2025-06-11T11:42:43.592+0200] {processor.py:183} INFO - Processing /home/leoja/airflow/airflow_venv/lib/python3.12/site-packages/airflow/example_dags/example_branch_operator.py took 0.049 seconds
[2025-06-11T11:43:37.654+0200] {processor.py:161} INFO - Started process (PID=318821) to work on /home/leoja/airflow/airflow_venv/lib/python3.12/site-packages/airflow/example_dags/example_branch_operator.py
[2025-06-11T11:43:37.659+0200] {processor.py:830} INFO - Processing file /home/leoja/airflow/airflow_venv/lib/python3.12/site-packages/airflow/example_dags/example_branch_operator.py for tasks to queue
[2025-06-11T11:43:37.661+0200] {logging_mixin.py:188} INFO - [2025-06-11T11:43:37.660+0200] {dagbag.py:540} INFO - Filling up the DagBag from /home/leoja/airflow/airflow_venv/lib/python3.12/site-packages/airflow/example_dags/example_branch_operator.py
[2025-06-11T11:43:37.823+0200] {processor.py:842} WARNING - No viable dags retrieved from /home/leoja/airflow/airflow_venv/lib/python3.12/site-packages/airflow/example_dags/example_branch_operator.py
[2025-06-11T11:43:37.835+0200] {processor.py:183} INFO - Processing /home/leoja/airflow/airflow_venv/lib/python3.12/site-packages/airflow/example_dags/example_branch_operator.py took 0.187 seconds
