[2025-06-11T11:21:49.633+0200] {processor.py:161} INFO - Started process (PID=309655) to work on /home/leoja/airflow/airflow_venv/lib/python3.12/site-packages/airflow/example_dags/example_trigger_controller_dag.py
[2025-06-11T11:21:49.634+0200] {processor.py:830} INFO - Processing file /home/leoja/airflow/airflow_venv/lib/python3.12/site-packages/airflow/example_dags/example_trigger_controller_dag.py for tasks to queue
[2025-06-11T11:21:49.637+0200] {logging_mixin.py:188} INFO - [2025-06-11T11:21:49.636+0200] {dagbag.py:540} INFO - Filling up the DagBag from /home/leoja/airflow/airflow_venv/lib/python3.12/site-packages/airflow/example_dags/example_trigger_controller_dag.py
[2025-06-11T11:21:49.643+0200] {processor.py:840} INFO - DAG(s) 'example_trigger_controller_dag' retrieved from /home/leoja/airflow/airflow_venv/lib/python3.12/site-packages/airflow/example_dags/example_trigger_controller_dag.py
[2025-06-11T11:21:49.656+0200] {logging_mixin.py:188} INFO - [2025-06-11T11:21:49.656+0200] {dag.py:3096} INFO - Sync 1 DAGs
[2025-06-11T11:21:49.678+0200] {logging_mixin.py:188} INFO - [2025-06-11T11:21:49.677+0200] {dag.py:3954} INFO - Setting next_dagrun for example_trigger_controller_dag to 2021-01-01 00:00:00+00:00, run_after=2021-01-01 00:00:00+00:00
[2025-06-11T11:21:49.714+0200] {processor.py:183} INFO - Processing /home/leoja/airflow/airflow_venv/lib/python3.12/site-packages/airflow/example_dags/example_trigger_controller_dag.py took 0.089 seconds
[2025-06-11T11:22:45.084+0200] {processor.py:161} INFO - Started process (PID=311323) to work on /home/leoja/airflow/airflow_venv/lib/python3.12/site-packages/airflow/example_dags/example_trigger_controller_dag.py
[2025-06-11T11:22:45.089+0200] {processor.py:830} INFO - Processing file /home/leoja/airflow/airflow_venv/lib/python3.12/site-packages/airflow/example_dags/example_trigger_controller_dag.py for tasks to queue
[2025-06-11T11:22:45.091+0200] {logging_mixin.py:188} INFO - [2025-06-11T11:22:45.091+0200] {dagbag.py:540} INFO - Filling up the DagBag from /home/leoja/airflow/airflow_venv/lib/python3.12/site-packages/airflow/example_dags/example_trigger_controller_dag.py
[2025-06-11T11:22:45.094+0200] {processor.py:840} INFO - DAG(s) 'example_trigger_controller_dag' retrieved from /home/leoja/airflow/airflow_venv/lib/python3.12/site-packages/airflow/example_dags/example_trigger_controller_dag.py
[2025-06-11T11:22:45.104+0200] {logging_mixin.py:188} INFO - [2025-06-11T11:22:45.104+0200] {dag.py:3096} INFO - Sync 1 DAGs
[2025-06-11T11:22:45.116+0200] {logging_mixin.py:188} INFO - [2025-06-11T11:22:45.116+0200] {dag.py:3954} INFO - Setting next_dagrun for example_trigger_controller_dag to 2021-01-01 00:00:00+00:00, run_after=2021-01-01 00:00:00+00:00
[2025-06-11T11:22:45.142+0200] {processor.py:183} INFO - Processing /home/leoja/airflow/airflow_venv/lib/python3.12/site-packages/airflow/example_dags/example_trigger_controller_dag.py took 0.062 seconds
[2025-06-11T11:23:37.985+0200] {processor.py:161} INFO - Started process (PID=311638) to work on /home/leoja/airflow/airflow_venv/lib/python3.12/site-packages/airflow/example_dags/example_trigger_controller_dag.py
[2025-06-11T11:23:37.987+0200] {processor.py:830} INFO - Processing file /home/leoja/airflow/airflow_venv/lib/python3.12/site-packages/airflow/example_dags/example_trigger_controller_dag.py for tasks to queue
[2025-06-11T11:23:37.989+0200] {logging_mixin.py:188} INFO - [2025-06-11T11:23:37.989+0200] {dagbag.py:540} INFO - Filling up the DagBag from /home/leoja/airflow/airflow_venv/lib/python3.12/site-packages/airflow/example_dags/example_trigger_controller_dag.py
[2025-06-11T11:23:37.993+0200] {processor.py:840} INFO - DAG(s) 'example_trigger_controller_dag' retrieved from /home/leoja/airflow/airflow_venv/lib/python3.12/site-packages/airflow/example_dags/example_trigger_controller_dag.py
[2025-06-11T11:23:38.005+0200] {logging_mixin.py:188} INFO - [2025-06-11T11:23:38.005+0200] {dag.py:3096} INFO - Sync 1 DAGs
[2025-06-11T11:23:38.019+0200] {logging_mixin.py:188} INFO - [2025-06-11T11:23:38.019+0200] {dag.py:3954} INFO - Setting next_dagrun for example_trigger_controller_dag to 2021-01-01 00:00:00+00:00, run_after=2021-01-01 00:00:00+00:00
[2025-06-11T11:23:38.043+0200] {processor.py:183} INFO - Processing /home/leoja/airflow/airflow_venv/lib/python3.12/site-packages/airflow/example_dags/example_trigger_controller_dag.py took 0.063 seconds
[2025-06-11T11:25:34.466+0200] {processor.py:161} INFO - Started process (PID=312702) to work on /home/leoja/airflow/airflow_venv/lib/python3.12/site-packages/airflow/example_dags/example_trigger_controller_dag.py
[2025-06-11T11:25:34.468+0200] {processor.py:830} INFO - Processing file /home/leoja/airflow/airflow_venv/lib/python3.12/site-packages/airflow/example_dags/example_trigger_controller_dag.py for tasks to queue
[2025-06-11T11:25:34.470+0200] {logging_mixin.py:188} INFO - [2025-06-11T11:25:34.469+0200] {dagbag.py:540} INFO - Filling up the DagBag from /home/leoja/airflow/airflow_venv/lib/python3.12/site-packages/airflow/example_dags/example_trigger_controller_dag.py
[2025-06-11T11:25:34.473+0200] {processor.py:840} INFO - DAG(s) 'example_trigger_controller_dag' retrieved from /home/leoja/airflow/airflow_venv/lib/python3.12/site-packages/airflow/example_dags/example_trigger_controller_dag.py
[2025-06-11T11:25:34.484+0200] {logging_mixin.py:188} INFO - [2025-06-11T11:25:34.484+0200] {dag.py:3096} INFO - Sync 1 DAGs
[2025-06-11T11:25:34.496+0200] {logging_mixin.py:188} INFO - [2025-06-11T11:25:34.496+0200] {dag.py:3954} INFO - Setting next_dagrun for example_trigger_controller_dag to 2021-01-01 00:00:00+00:00, run_after=2021-01-01 00:00:00+00:00
[2025-06-11T11:25:34.514+0200] {processor.py:183} INFO - Processing /home/leoja/airflow/airflow_venv/lib/python3.12/site-packages/airflow/example_dags/example_trigger_controller_dag.py took 0.053 seconds
[2025-06-11T11:26:25.335+0200] {processor.py:161} INFO - Started process (PID=313012) to work on /home/leoja/airflow/airflow_venv/lib/python3.12/site-packages/airflow/example_dags/example_trigger_controller_dag.py
[2025-06-11T11:26:25.337+0200] {processor.py:830} INFO - Processing file /home/leoja/airflow/airflow_venv/lib/python3.12/site-packages/airflow/example_dags/example_trigger_controller_dag.py for tasks to queue
[2025-06-11T11:26:25.338+0200] {logging_mixin.py:188} INFO - [2025-06-11T11:26:25.338+0200] {dagbag.py:540} INFO - Filling up the DagBag from /home/leoja/airflow/airflow_venv/lib/python3.12/site-packages/airflow/example_dags/example_trigger_controller_dag.py
[2025-06-11T11:26:25.342+0200] {processor.py:840} INFO - DAG(s) 'example_trigger_controller_dag' retrieved from /home/leoja/airflow/airflow_venv/lib/python3.12/site-packages/airflow/example_dags/example_trigger_controller_dag.py
[2025-06-11T11:26:25.352+0200] {logging_mixin.py:188} INFO - [2025-06-11T11:26:25.352+0200] {dag.py:3096} INFO - Sync 1 DAGs
[2025-06-11T11:26:25.364+0200] {logging_mixin.py:188} INFO - [2025-06-11T11:26:25.364+0200] {dag.py:3954} INFO - Setting next_dagrun for example_trigger_controller_dag to 2021-01-01 00:00:00+00:00, run_after=2021-01-01 00:00:00+00:00
[2025-06-11T11:26:25.383+0200] {processor.py:183} INFO - Processing /home/leoja/airflow/airflow_venv/lib/python3.12/site-packages/airflow/example_dags/example_trigger_controller_dag.py took 0.052 seconds
[2025-06-11T11:27:25.684+0200] {processor.py:161} INFO - Started process (PID=313360) to work on /home/leoja/airflow/airflow_venv/lib/python3.12/site-packages/airflow/example_dags/example_trigger_controller_dag.py
[2025-06-11T11:27:25.686+0200] {processor.py:830} INFO - Processing file /home/leoja/airflow/airflow_venv/lib/python3.12/site-packages/airflow/example_dags/example_trigger_controller_dag.py for tasks to queue
[2025-06-11T11:27:25.687+0200] {logging_mixin.py:188} INFO - [2025-06-11T11:27:25.687+0200] {dagbag.py:540} INFO - Filling up the DagBag from /home/leoja/airflow/airflow_venv/lib/python3.12/site-packages/airflow/example_dags/example_trigger_controller_dag.py
[2025-06-11T11:27:25.691+0200] {processor.py:840} INFO - DAG(s) 'example_trigger_controller_dag' retrieved from /home/leoja/airflow/airflow_venv/lib/python3.12/site-packages/airflow/example_dags/example_trigger_controller_dag.py
[2025-06-11T11:27:25.704+0200] {logging_mixin.py:188} INFO - [2025-06-11T11:27:25.704+0200] {dag.py:3096} INFO - Sync 1 DAGs
[2025-06-11T11:27:25.719+0200] {logging_mixin.py:188} INFO - [2025-06-11T11:27:25.719+0200] {dag.py:3954} INFO - Setting next_dagrun for example_trigger_controller_dag to 2021-01-01 00:00:00+00:00, run_after=2021-01-01 00:00:00+00:00
[2025-06-11T11:27:25.738+0200] {processor.py:183} INFO - Processing /home/leoja/airflow/airflow_venv/lib/python3.12/site-packages/airflow/example_dags/example_trigger_controller_dag.py took 0.059 seconds
[2025-06-11T11:28:33.821+0200] {processor.py:161} INFO - Started process (PID=313727) to work on /home/leoja/airflow/airflow_venv/lib/python3.12/site-packages/airflow/example_dags/example_trigger_controller_dag.py
[2025-06-11T11:28:33.822+0200] {processor.py:830} INFO - Processing file /home/leoja/airflow/airflow_venv/lib/python3.12/site-packages/airflow/example_dags/example_trigger_controller_dag.py for tasks to queue
[2025-06-11T11:28:33.824+0200] {logging_mixin.py:188} INFO - [2025-06-11T11:28:33.824+0200] {dagbag.py:540} INFO - Filling up the DagBag from /home/leoja/airflow/airflow_venv/lib/python3.12/site-packages/airflow/example_dags/example_trigger_controller_dag.py
[2025-06-11T11:28:33.829+0200] {processor.py:840} INFO - DAG(s) 'example_trigger_controller_dag' retrieved from /home/leoja/airflow/airflow_venv/lib/python3.12/site-packages/airflow/example_dags/example_trigger_controller_dag.py
[2025-06-11T11:28:33.843+0200] {logging_mixin.py:188} INFO - [2025-06-11T11:28:33.843+0200] {dag.py:3096} INFO - Sync 1 DAGs
[2025-06-11T11:28:33.861+0200] {logging_mixin.py:188} INFO - [2025-06-11T11:28:33.860+0200] {dag.py:3954} INFO - Setting next_dagrun for example_trigger_controller_dag to 2021-01-01 00:00:00+00:00, run_after=2021-01-01 00:00:00+00:00
[2025-06-11T11:28:33.887+0200] {processor.py:183} INFO - Processing /home/leoja/airflow/airflow_venv/lib/python3.12/site-packages/airflow/example_dags/example_trigger_controller_dag.py took 0.072 seconds
[2025-06-11T11:29:23.531+0200] {processor.py:161} INFO - Started process (PID=314032) to work on /home/leoja/airflow/airflow_venv/lib/python3.12/site-packages/airflow/example_dags/example_trigger_controller_dag.py
[2025-06-11T11:29:23.534+0200] {processor.py:830} INFO - Processing file /home/leoja/airflow/airflow_venv/lib/python3.12/site-packages/airflow/example_dags/example_trigger_controller_dag.py for tasks to queue
[2025-06-11T11:29:23.536+0200] {logging_mixin.py:188} INFO - [2025-06-11T11:29:23.535+0200] {dagbag.py:540} INFO - Filling up the DagBag from /home/leoja/airflow/airflow_venv/lib/python3.12/site-packages/airflow/example_dags/example_trigger_controller_dag.py
[2025-06-11T11:29:23.541+0200] {processor.py:840} INFO - DAG(s) 'example_trigger_controller_dag' retrieved from /home/leoja/airflow/airflow_venv/lib/python3.12/site-packages/airflow/example_dags/example_trigger_controller_dag.py
[2025-06-11T11:29:23.559+0200] {logging_mixin.py:188} INFO - [2025-06-11T11:29:23.559+0200] {dag.py:3096} INFO - Sync 1 DAGs
[2025-06-11T11:29:23.576+0200] {logging_mixin.py:188} INFO - [2025-06-11T11:29:23.575+0200] {dag.py:3954} INFO - Setting next_dagrun for example_trigger_controller_dag to 2021-01-01 00:00:00+00:00, run_after=2021-01-01 00:00:00+00:00
[2025-06-11T11:29:23.603+0200] {processor.py:183} INFO - Processing /home/leoja/airflow/airflow_venv/lib/python3.12/site-packages/airflow/example_dags/example_trigger_controller_dag.py took 0.077 seconds
[2025-06-11T11:30:35.249+0200] {processor.py:161} INFO - Started process (PID=314413) to work on /home/leoja/airflow/airflow_venv/lib/python3.12/site-packages/airflow/example_dags/example_trigger_controller_dag.py
[2025-06-11T11:30:35.252+0200] {processor.py:830} INFO - Processing file /home/leoja/airflow/airflow_venv/lib/python3.12/site-packages/airflow/example_dags/example_trigger_controller_dag.py for tasks to queue
[2025-06-11T11:30:35.253+0200] {logging_mixin.py:188} INFO - [2025-06-11T11:30:35.253+0200] {dagbag.py:540} INFO - Filling up the DagBag from /home/leoja/airflow/airflow_venv/lib/python3.12/site-packages/airflow/example_dags/example_trigger_controller_dag.py
[2025-06-11T11:30:35.257+0200] {processor.py:840} INFO - DAG(s) 'example_trigger_controller_dag' retrieved from /home/leoja/airflow/airflow_venv/lib/python3.12/site-packages/airflow/example_dags/example_trigger_controller_dag.py
[2025-06-11T11:30:35.268+0200] {logging_mixin.py:188} INFO - [2025-06-11T11:30:35.268+0200] {dag.py:3096} INFO - Sync 1 DAGs
[2025-06-11T11:30:35.282+0200] {logging_mixin.py:188} INFO - [2025-06-11T11:30:35.282+0200] {dag.py:3954} INFO - Setting next_dagrun for example_trigger_controller_dag to 2021-01-01 00:00:00+00:00, run_after=2021-01-01 00:00:00+00:00
[2025-06-11T11:30:35.306+0200] {processor.py:183} INFO - Processing /home/leoja/airflow/airflow_venv/lib/python3.12/site-packages/airflow/example_dags/example_trigger_controller_dag.py took 0.062 seconds
[2025-06-11T11:31:24.404+0200] {processor.py:161} INFO - Started process (PID=314717) to work on /home/leoja/airflow/airflow_venv/lib/python3.12/site-packages/airflow/example_dags/example_trigger_controller_dag.py
[2025-06-11T11:31:24.406+0200] {processor.py:830} INFO - Processing file /home/leoja/airflow/airflow_venv/lib/python3.12/site-packages/airflow/example_dags/example_trigger_controller_dag.py for tasks to queue
[2025-06-11T11:31:24.408+0200] {logging_mixin.py:188} INFO - [2025-06-11T11:31:24.408+0200] {dagbag.py:540} INFO - Filling up the DagBag from /home/leoja/airflow/airflow_venv/lib/python3.12/site-packages/airflow/example_dags/example_trigger_controller_dag.py
[2025-06-11T11:31:24.411+0200] {processor.py:840} INFO - DAG(s) 'example_trigger_controller_dag' retrieved from /home/leoja/airflow/airflow_venv/lib/python3.12/site-packages/airflow/example_dags/example_trigger_controller_dag.py
[2025-06-11T11:31:24.422+0200] {logging_mixin.py:188} INFO - [2025-06-11T11:31:24.422+0200] {dag.py:3096} INFO - Sync 1 DAGs
[2025-06-11T11:31:24.435+0200] {logging_mixin.py:188} INFO - [2025-06-11T11:31:24.435+0200] {dag.py:3954} INFO - Setting next_dagrun for example_trigger_controller_dag to 2021-01-01 00:00:00+00:00, run_after=2021-01-01 00:00:00+00:00
[2025-06-11T11:31:24.465+0200] {processor.py:183} INFO - Processing /home/leoja/airflow/airflow_venv/lib/python3.12/site-packages/airflow/example_dags/example_trigger_controller_dag.py took 0.067 seconds
[2025-06-11T11:32:46.871+0200] {processor.py:161} INFO - Started process (PID=315156) to work on /home/leoja/airflow/airflow_venv/lib/python3.12/site-packages/airflow/example_dags/example_trigger_controller_dag.py
[2025-06-11T11:32:46.873+0200] {processor.py:830} INFO - Processing file /home/leoja/airflow/airflow_venv/lib/python3.12/site-packages/airflow/example_dags/example_trigger_controller_dag.py for tasks to queue
[2025-06-11T11:32:46.874+0200] {logging_mixin.py:188} INFO - [2025-06-11T11:32:46.874+0200] {dagbag.py:540} INFO - Filling up the DagBag from /home/leoja/airflow/airflow_venv/lib/python3.12/site-packages/airflow/example_dags/example_trigger_controller_dag.py
[2025-06-11T11:32:46.878+0200] {processor.py:840} INFO - DAG(s) 'example_trigger_controller_dag' retrieved from /home/leoja/airflow/airflow_venv/lib/python3.12/site-packages/airflow/example_dags/example_trigger_controller_dag.py
[2025-06-11T11:32:46.888+0200] {logging_mixin.py:188} INFO - [2025-06-11T11:32:46.888+0200] {dag.py:3096} INFO - Sync 1 DAGs
[2025-06-11T11:32:46.899+0200] {logging_mixin.py:188} INFO - [2025-06-11T11:32:46.899+0200] {dag.py:3954} INFO - Setting next_dagrun for example_trigger_controller_dag to 2021-01-01 00:00:00+00:00, run_after=2021-01-01 00:00:00+00:00
[2025-06-11T11:32:46.919+0200] {processor.py:183} INFO - Processing /home/leoja/airflow/airflow_venv/lib/python3.12/site-packages/airflow/example_dags/example_trigger_controller_dag.py took 0.052 seconds
[2025-06-11T11:33:38.128+0200] {processor.py:161} INFO - Started process (PID=315465) to work on /home/leoja/airflow/airflow_venv/lib/python3.12/site-packages/airflow/example_dags/example_trigger_controller_dag.py
[2025-06-11T11:33:38.129+0200] {processor.py:830} INFO - Processing file /home/leoja/airflow/airflow_venv/lib/python3.12/site-packages/airflow/example_dags/example_trigger_controller_dag.py for tasks to queue
[2025-06-11T11:33:38.131+0200] {logging_mixin.py:188} INFO - [2025-06-11T11:33:38.130+0200] {dagbag.py:540} INFO - Filling up the DagBag from /home/leoja/airflow/airflow_venv/lib/python3.12/site-packages/airflow/example_dags/example_trigger_controller_dag.py
[2025-06-11T11:33:38.137+0200] {processor.py:840} INFO - DAG(s) 'example_trigger_controller_dag' retrieved from /home/leoja/airflow/airflow_venv/lib/python3.12/site-packages/airflow/example_dags/example_trigger_controller_dag.py
[2025-06-11T11:33:38.151+0200] {logging_mixin.py:188} INFO - [2025-06-11T11:33:38.151+0200] {dag.py:3096} INFO - Sync 1 DAGs
[2025-06-11T11:33:38.170+0200] {logging_mixin.py:188} INFO - [2025-06-11T11:33:38.170+0200] {dag.py:3954} INFO - Setting next_dagrun for example_trigger_controller_dag to 2021-01-01 00:00:00+00:00, run_after=2021-01-01 00:00:00+00:00
[2025-06-11T11:33:38.197+0200] {processor.py:183} INFO - Processing /home/leoja/airflow/airflow_venv/lib/python3.12/site-packages/airflow/example_dags/example_trigger_controller_dag.py took 0.076 seconds
[2025-06-11T11:34:42.090+0200] {processor.py:161} INFO - Started process (PID=315839) to work on /home/leoja/airflow/airflow_venv/lib/python3.12/site-packages/airflow/example_dags/example_trigger_controller_dag.py
[2025-06-11T11:34:42.091+0200] {processor.py:830} INFO - Processing file /home/leoja/airflow/airflow_venv/lib/python3.12/site-packages/airflow/example_dags/example_trigger_controller_dag.py for tasks to queue
[2025-06-11T11:34:42.093+0200] {logging_mixin.py:188} INFO - [2025-06-11T11:34:42.093+0200] {dagbag.py:540} INFO - Filling up the DagBag from /home/leoja/airflow/airflow_venv/lib/python3.12/site-packages/airflow/example_dags/example_trigger_controller_dag.py
[2025-06-11T11:34:42.097+0200] {processor.py:840} INFO - DAG(s) 'example_trigger_controller_dag' retrieved from /home/leoja/airflow/airflow_venv/lib/python3.12/site-packages/airflow/example_dags/example_trigger_controller_dag.py
[2025-06-11T11:34:42.110+0200] {logging_mixin.py:188} INFO - [2025-06-11T11:34:42.110+0200] {dag.py:3096} INFO - Sync 1 DAGs
[2025-06-11T11:34:42.124+0200] {logging_mixin.py:188} INFO - [2025-06-11T11:34:42.124+0200] {dag.py:3954} INFO - Setting next_dagrun for example_trigger_controller_dag to 2021-01-01 00:00:00+00:00, run_after=2021-01-01 00:00:00+00:00
[2025-06-11T11:34:42.144+0200] {processor.py:183} INFO - Processing /home/leoja/airflow/airflow_venv/lib/python3.12/site-packages/airflow/example_dags/example_trigger_controller_dag.py took 0.059 seconds
[2025-06-11T11:35:47.388+0200] {processor.py:161} INFO - Started process (PID=316184) to work on /home/leoja/airflow/airflow_venv/lib/python3.12/site-packages/airflow/example_dags/example_trigger_controller_dag.py
[2025-06-11T11:35:47.396+0200] {processor.py:830} INFO - Processing file /home/leoja/airflow/airflow_venv/lib/python3.12/site-packages/airflow/example_dags/example_trigger_controller_dag.py for tasks to queue
[2025-06-11T11:35:47.398+0200] {logging_mixin.py:188} INFO - [2025-06-11T11:35:47.398+0200] {dagbag.py:540} INFO - Filling up the DagBag from /home/leoja/airflow/airflow_venv/lib/python3.12/site-packages/airflow/example_dags/example_trigger_controller_dag.py
[2025-06-11T11:35:47.402+0200] {processor.py:840} INFO - DAG(s) 'example_trigger_controller_dag' retrieved from /home/leoja/airflow/airflow_venv/lib/python3.12/site-packages/airflow/example_dags/example_trigger_controller_dag.py
[2025-06-11T11:35:47.415+0200] {logging_mixin.py:188} INFO - [2025-06-11T11:35:47.415+0200] {dag.py:3096} INFO - Sync 1 DAGs
[2025-06-11T11:35:47.429+0200] {logging_mixin.py:188} INFO - [2025-06-11T11:35:47.429+0200] {dag.py:3954} INFO - Setting next_dagrun for example_trigger_controller_dag to 2021-01-01 00:00:00+00:00, run_after=2021-01-01 00:00:00+00:00
[2025-06-11T11:35:47.476+0200] {processor.py:183} INFO - Processing /home/leoja/airflow/airflow_venv/lib/python3.12/site-packages/airflow/example_dags/example_trigger_controller_dag.py took 0.097 seconds
[2025-06-11T11:37:00.594+0200] {processor.py:161} INFO - Started process (PID=316589) to work on /home/leoja/airflow/airflow_venv/lib/python3.12/site-packages/airflow/example_dags/example_trigger_controller_dag.py
[2025-06-11T11:37:00.596+0200] {processor.py:830} INFO - Processing file /home/leoja/airflow/airflow_venv/lib/python3.12/site-packages/airflow/example_dags/example_trigger_controller_dag.py for tasks to queue
[2025-06-11T11:37:00.597+0200] {logging_mixin.py:188} INFO - [2025-06-11T11:37:00.597+0200] {dagbag.py:540} INFO - Filling up the DagBag from /home/leoja/airflow/airflow_venv/lib/python3.12/site-packages/airflow/example_dags/example_trigger_controller_dag.py
[2025-06-11T11:37:00.601+0200] {processor.py:840} INFO - DAG(s) 'example_trigger_controller_dag' retrieved from /home/leoja/airflow/airflow_venv/lib/python3.12/site-packages/airflow/example_dags/example_trigger_controller_dag.py
[2025-06-11T11:37:00.612+0200] {logging_mixin.py:188} INFO - [2025-06-11T11:37:00.612+0200] {dag.py:3096} INFO - Sync 1 DAGs
[2025-06-11T11:37:00.625+0200] {logging_mixin.py:188} INFO - [2025-06-11T11:37:00.624+0200] {dag.py:3954} INFO - Setting next_dagrun for example_trigger_controller_dag to 2021-01-01 00:00:00+00:00, run_after=2021-01-01 00:00:00+00:00
[2025-06-11T11:37:00.650+0200] {processor.py:183} INFO - Processing /home/leoja/airflow/airflow_venv/lib/python3.12/site-packages/airflow/example_dags/example_trigger_controller_dag.py took 0.060 seconds
[2025-06-11T11:37:49.512+0200] {processor.py:161} INFO - Started process (PID=316863) to work on /home/leoja/airflow/airflow_venv/lib/python3.12/site-packages/airflow/example_dags/example_trigger_controller_dag.py
[2025-06-11T11:37:49.517+0200] {processor.py:830} INFO - Processing file /home/leoja/airflow/airflow_venv/lib/python3.12/site-packages/airflow/example_dags/example_trigger_controller_dag.py for tasks to queue
[2025-06-11T11:37:49.518+0200] {logging_mixin.py:188} INFO - [2025-06-11T11:37:49.518+0200] {dagbag.py:540} INFO - Filling up the DagBag from /home/leoja/airflow/airflow_venv/lib/python3.12/site-packages/airflow/example_dags/example_trigger_controller_dag.py
[2025-06-11T11:37:49.523+0200] {processor.py:840} INFO - DAG(s) 'example_trigger_controller_dag' retrieved from /home/leoja/airflow/airflow_venv/lib/python3.12/site-packages/airflow/example_dags/example_trigger_controller_dag.py
[2025-06-11T11:37:49.534+0200] {logging_mixin.py:188} INFO - [2025-06-11T11:37:49.534+0200] {dag.py:3096} INFO - Sync 1 DAGs
[2025-06-11T11:37:49.548+0200] {logging_mixin.py:188} INFO - [2025-06-11T11:37:49.548+0200] {dag.py:3954} INFO - Setting next_dagrun for example_trigger_controller_dag to 2021-01-01 00:00:00+00:00, run_after=2021-01-01 00:00:00+00:00
[2025-06-11T11:37:49.572+0200] {processor.py:183} INFO - Processing /home/leoja/airflow/airflow_venv/lib/python3.12/site-packages/airflow/example_dags/example_trigger_controller_dag.py took 0.066 seconds
[2025-06-11T11:39:01.876+0200] {processor.py:161} INFO - Started process (PID=317267) to work on /home/leoja/airflow/airflow_venv/lib/python3.12/site-packages/airflow/example_dags/example_trigger_controller_dag.py
[2025-06-11T11:39:01.880+0200] {processor.py:830} INFO - Processing file /home/leoja/airflow/airflow_venv/lib/python3.12/site-packages/airflow/example_dags/example_trigger_controller_dag.py for tasks to queue
[2025-06-11T11:39:01.882+0200] {logging_mixin.py:188} INFO - [2025-06-11T11:39:01.881+0200] {dagbag.py:540} INFO - Filling up the DagBag from /home/leoja/airflow/airflow_venv/lib/python3.12/site-packages/airflow/example_dags/example_trigger_controller_dag.py
[2025-06-11T11:39:01.886+0200] {processor.py:840} INFO - DAG(s) 'example_trigger_controller_dag' retrieved from /home/leoja/airflow/airflow_venv/lib/python3.12/site-packages/airflow/example_dags/example_trigger_controller_dag.py
[2025-06-11T11:39:01.898+0200] {logging_mixin.py:188} INFO - [2025-06-11T11:39:01.897+0200] {dag.py:3096} INFO - Sync 1 DAGs
[2025-06-11T11:39:01.909+0200] {logging_mixin.py:188} INFO - [2025-06-11T11:39:01.909+0200] {dag.py:3954} INFO - Setting next_dagrun for example_trigger_controller_dag to 2021-01-01 00:00:00+00:00, run_after=2021-01-01 00:00:00+00:00
[2025-06-11T11:39:01.938+0200] {processor.py:183} INFO - Processing /home/leoja/airflow/airflow_venv/lib/python3.12/site-packages/airflow/example_dags/example_trigger_controller_dag.py took 0.067 seconds
[2025-06-11T11:39:51.795+0200] {processor.py:161} INFO - Started process (PID=317543) to work on /home/leoja/airflow/airflow_venv/lib/python3.12/site-packages/airflow/example_dags/example_trigger_controller_dag.py
[2025-06-11T11:39:51.797+0200] {processor.py:830} INFO - Processing file /home/leoja/airflow/airflow_venv/lib/python3.12/site-packages/airflow/example_dags/example_trigger_controller_dag.py for tasks to queue
[2025-06-11T11:39:51.799+0200] {logging_mixin.py:188} INFO - [2025-06-11T11:39:51.798+0200] {dagbag.py:540} INFO - Filling up the DagBag from /home/leoja/airflow/airflow_venv/lib/python3.12/site-packages/airflow/example_dags/example_trigger_controller_dag.py
[2025-06-11T11:39:51.803+0200] {processor.py:840} INFO - DAG(s) 'example_trigger_controller_dag' retrieved from /home/leoja/airflow/airflow_venv/lib/python3.12/site-packages/airflow/example_dags/example_trigger_controller_dag.py
[2025-06-11T11:39:51.815+0200] {logging_mixin.py:188} INFO - [2025-06-11T11:39:51.815+0200] {dag.py:3096} INFO - Sync 1 DAGs
[2025-06-11T11:39:51.829+0200] {logging_mixin.py:188} INFO - [2025-06-11T11:39:51.829+0200] {dag.py:3954} INFO - Setting next_dagrun for example_trigger_controller_dag to 2021-01-01 00:00:00+00:00, run_after=2021-01-01 00:00:00+00:00
[2025-06-11T11:39:51.867+0200] {processor.py:183} INFO - Processing /home/leoja/airflow/airflow_venv/lib/python3.12/site-packages/airflow/example_dags/example_trigger_controller_dag.py took 0.077 seconds
[2025-06-11T11:40:59.620+0200] {processor.py:161} INFO - Started process (PID=317951) to work on /home/leoja/airflow/airflow_venv/lib/python3.12/site-packages/airflow/example_dags/example_trigger_controller_dag.py
[2025-06-11T11:40:59.624+0200] {processor.py:830} INFO - Processing file /home/leoja/airflow/airflow_venv/lib/python3.12/site-packages/airflow/example_dags/example_trigger_controller_dag.py for tasks to queue
[2025-06-11T11:40:59.626+0200] {logging_mixin.py:188} INFO - [2025-06-11T11:40:59.626+0200] {dagbag.py:540} INFO - Filling up the DagBag from /home/leoja/airflow/airflow_venv/lib/python3.12/site-packages/airflow/example_dags/example_trigger_controller_dag.py
[2025-06-11T11:40:59.630+0200] {processor.py:840} INFO - DAG(s) 'example_trigger_controller_dag' retrieved from /home/leoja/airflow/airflow_venv/lib/python3.12/site-packages/airflow/example_dags/example_trigger_controller_dag.py
[2025-06-11T11:40:59.642+0200] {logging_mixin.py:188} INFO - [2025-06-11T11:40:59.642+0200] {dag.py:3096} INFO - Sync 1 DAGs
[2025-06-11T11:40:59.655+0200] {logging_mixin.py:188} INFO - [2025-06-11T11:40:59.655+0200] {dag.py:3954} INFO - Setting next_dagrun for example_trigger_controller_dag to 2021-01-01 00:00:00+00:00, run_after=2021-01-01 00:00:00+00:00
[2025-06-11T11:40:59.680+0200] {processor.py:183} INFO - Processing /home/leoja/airflow/airflow_venv/lib/python3.12/site-packages/airflow/example_dags/example_trigger_controller_dag.py took 0.066 seconds
[2025-06-11T11:42:12.709+0200] {processor.py:161} INFO - Started process (PID=318351) to work on /home/leoja/airflow/airflow_venv/lib/python3.12/site-packages/airflow/example_dags/example_trigger_controller_dag.py
[2025-06-11T11:42:12.742+0200] {processor.py:830} INFO - Processing file /home/leoja/airflow/airflow_venv/lib/python3.12/site-packages/airflow/example_dags/example_trigger_controller_dag.py for tasks to queue
[2025-06-11T11:42:12.744+0200] {logging_mixin.py:188} INFO - [2025-06-11T11:42:12.743+0200] {dagbag.py:540} INFO - Filling up the DagBag from /home/leoja/airflow/airflow_venv/lib/python3.12/site-packages/airflow/example_dags/example_trigger_controller_dag.py
[2025-06-11T11:42:12.750+0200] {processor.py:840} INFO - DAG(s) 'example_trigger_controller_dag' retrieved from /home/leoja/airflow/airflow_venv/lib/python3.12/site-packages/airflow/example_dags/example_trigger_controller_dag.py
[2025-06-11T11:42:12.774+0200] {logging_mixin.py:188} INFO - [2025-06-11T11:42:12.774+0200] {dag.py:3096} INFO - Sync 1 DAGs
[2025-06-11T11:42:12.792+0200] {logging_mixin.py:188} INFO - [2025-06-11T11:42:12.792+0200] {dag.py:3954} INFO - Setting next_dagrun for example_trigger_controller_dag to 2021-01-01 00:00:00+00:00, run_after=2021-01-01 00:00:00+00:00
[2025-06-11T11:42:12.861+0200] {processor.py:183} INFO - Processing /home/leoja/airflow/airflow_venv/lib/python3.12/site-packages/airflow/example_dags/example_trigger_controller_dag.py took 0.161 seconds
[2025-06-11T11:43:08.341+0200] {processor.py:161} INFO - Started process (PID=318646) to work on /home/leoja/airflow/airflow_venv/lib/python3.12/site-packages/airflow/example_dags/example_trigger_controller_dag.py
[2025-06-11T11:43:08.345+0200] {processor.py:830} INFO - Processing file /home/leoja/airflow/airflow_venv/lib/python3.12/site-packages/airflow/example_dags/example_trigger_controller_dag.py for tasks to queue
[2025-06-11T11:43:08.349+0200] {logging_mixin.py:188} INFO - [2025-06-11T11:43:08.348+0200] {dagbag.py:540} INFO - Filling up the DagBag from /home/leoja/airflow/airflow_venv/lib/python3.12/site-packages/airflow/example_dags/example_trigger_controller_dag.py
[2025-06-11T11:43:08.357+0200] {processor.py:840} INFO - DAG(s) 'example_trigger_controller_dag' retrieved from /home/leoja/airflow/airflow_venv/lib/python3.12/site-packages/airflow/example_dags/example_trigger_controller_dag.py
[2025-06-11T11:43:08.379+0200] {logging_mixin.py:188} INFO - [2025-06-11T11:43:08.379+0200] {dag.py:3096} INFO - Sync 1 DAGs
[2025-06-11T11:43:08.408+0200] {logging_mixin.py:188} INFO - [2025-06-11T11:43:08.408+0200] {dag.py:3954} INFO - Setting next_dagrun for example_trigger_controller_dag to 2021-01-01 00:00:00+00:00, run_after=2021-01-01 00:00:00+00:00
[2025-06-11T11:43:08.494+0200] {processor.py:183} INFO - Processing /home/leoja/airflow/airflow_venv/lib/python3.12/site-packages/airflow/example_dags/example_trigger_controller_dag.py took 0.162 seconds
[2025-06-11T11:44:14.662+0200] {processor.py:161} INFO - Started process (PID=319065) to work on /home/leoja/airflow/airflow_venv/lib/python3.12/site-packages/airflow/example_dags/example_trigger_controller_dag.py
[2025-06-11T11:44:14.665+0200] {processor.py:830} INFO - Processing file /home/leoja/airflow/airflow_venv/lib/python3.12/site-packages/airflow/example_dags/example_trigger_controller_dag.py for tasks to queue
[2025-06-11T11:44:14.669+0200] {logging_mixin.py:188} INFO - [2025-06-11T11:44:14.668+0200] {dagbag.py:540} INFO - Filling up the DagBag from /home/leoja/airflow/airflow_venv/lib/python3.12/site-packages/airflow/example_dags/example_trigger_controller_dag.py
[2025-06-11T11:44:14.678+0200] {processor.py:840} INFO - DAG(s) 'example_trigger_controller_dag' retrieved from /home/leoja/airflow/airflow_venv/lib/python3.12/site-packages/airflow/example_dags/example_trigger_controller_dag.py
[2025-06-11T11:44:15.163+0200] {logging_mixin.py:188} INFO - [2025-06-11T11:44:15.163+0200] {dag.py:3096} INFO - Sync 1 DAGs
[2025-06-11T11:44:15.193+0200] {logging_mixin.py:188} INFO - [2025-06-11T11:44:15.192+0200] {dag.py:3954} INFO - Setting next_dagrun for example_trigger_controller_dag to 2021-01-01 00:00:00+00:00, run_after=2021-01-01 00:00:00+00:00
[2025-06-11T11:44:15.254+0200] {processor.py:183} INFO - Processing /home/leoja/airflow/airflow_venv/lib/python3.12/site-packages/airflow/example_dags/example_trigger_controller_dag.py took 0.599 seconds
