[2025-06-11T11:21:28.694+0200] {processor.py:161} INFO - Started process (PID=309479) to work on /home/leoja/airflow/airflow_venv/lib/python3.12/site-packages/airflow/example_dags/example_task_group_decorator.py
[2025-06-11T11:21:28.695+0200] {processor.py:830} INFO - Processing file /home/leoja/airflow/airflow_venv/lib/python3.12/site-packages/airflow/example_dags/example_task_group_decorator.py for tasks to queue
[2025-06-11T11:21:28.696+0200] {logging_mixin.py:188} INFO - [2025-06-11T11:21:28.696+0200] {dagbag.py:540} INFO - Filling up the DagBag from /home/leoja/airflow/airflow_venv/lib/python3.12/site-packages/airflow/example_dags/example_task_group_decorator.py
[2025-06-11T11:21:28.709+0200] {processor.py:840} INFO - DAG(s) 'example_task_group_decorator' retrieved from /home/leoja/airflow/airflow_venv/lib/python3.12/site-packages/airflow/example_dags/example_task_group_decorator.py
[2025-06-11T11:21:28.727+0200] {logging_mixin.py:188} INFO - [2025-06-11T11:21:28.726+0200] {dag.py:3096} INFO - Sync 1 DAGs
[2025-06-11T11:21:28.747+0200] {logging_mixin.py:188} INFO - [2025-06-11T11:21:28.746+0200] {dag.py:3954} INFO - Setting next_dagrun for example_task_group_decorator to 2025-06-10 00:00:00+00:00, run_after=2025-06-11 00:00:00+00:00
[2025-06-11T11:21:28.778+0200] {processor.py:183} INFO - Processing /home/leoja/airflow/airflow_venv/lib/python3.12/site-packages/airflow/example_dags/example_task_group_decorator.py took 0.089 seconds
[2025-06-11T11:22:24.773+0200] {processor.py:161} INFO - Started process (PID=310816) to work on /home/leoja/airflow/airflow_venv/lib/python3.12/site-packages/airflow/example_dags/example_task_group_decorator.py
[2025-06-11T11:22:24.775+0200] {processor.py:830} INFO - Processing file /home/leoja/airflow/airflow_venv/lib/python3.12/site-packages/airflow/example_dags/example_task_group_decorator.py for tasks to queue
[2025-06-11T11:22:24.777+0200] {logging_mixin.py:188} INFO - [2025-06-11T11:22:24.776+0200] {dagbag.py:540} INFO - Filling up the DagBag from /home/leoja/airflow/airflow_venv/lib/python3.12/site-packages/airflow/example_dags/example_task_group_decorator.py
[2025-06-11T11:22:24.788+0200] {processor.py:840} INFO - DAG(s) 'example_task_group_decorator' retrieved from /home/leoja/airflow/airflow_venv/lib/python3.12/site-packages/airflow/example_dags/example_task_group_decorator.py
[2025-06-11T11:22:24.805+0200] {logging_mixin.py:188} INFO - [2025-06-11T11:22:24.805+0200] {dag.py:3096} INFO - Sync 1 DAGs
[2025-06-11T11:22:24.823+0200] {logging_mixin.py:188} INFO - [2025-06-11T11:22:24.823+0200] {dag.py:3954} INFO - Setting next_dagrun for example_task_group_decorator to 2025-06-10 00:00:00+00:00, run_after=2025-06-11 00:00:00+00:00
[2025-06-11T11:22:24.865+0200] {processor.py:183} INFO - Processing /home/leoja/airflow/airflow_venv/lib/python3.12/site-packages/airflow/example_dags/example_task_group_decorator.py took 0.097 seconds
[2025-06-11T11:23:11.657+0200] {processor.py:161} INFO - Started process (PID=311495) to work on /home/leoja/airflow/airflow_venv/lib/python3.12/site-packages/airflow/example_dags/example_task_group_decorator.py
[2025-06-11T11:23:11.658+0200] {processor.py:830} INFO - Processing file /home/leoja/airflow/airflow_venv/lib/python3.12/site-packages/airflow/example_dags/example_task_group_decorator.py for tasks to queue
[2025-06-11T11:23:11.660+0200] {logging_mixin.py:188} INFO - [2025-06-11T11:23:11.659+0200] {dagbag.py:540} INFO - Filling up the DagBag from /home/leoja/airflow/airflow_venv/lib/python3.12/site-packages/airflow/example_dags/example_task_group_decorator.py
[2025-06-11T11:23:11.669+0200] {processor.py:840} INFO - DAG(s) 'example_task_group_decorator' retrieved from /home/leoja/airflow/airflow_venv/lib/python3.12/site-packages/airflow/example_dags/example_task_group_decorator.py
[2025-06-11T11:23:11.681+0200] {logging_mixin.py:188} INFO - [2025-06-11T11:23:11.681+0200] {dag.py:3096} INFO - Sync 1 DAGs
[2025-06-11T11:23:11.693+0200] {logging_mixin.py:188} INFO - [2025-06-11T11:23:11.693+0200] {dag.py:3954} INFO - Setting next_dagrun for example_task_group_decorator to 2025-06-10 00:00:00+00:00, run_after=2025-06-11 00:00:00+00:00
[2025-06-11T11:23:11.722+0200] {processor.py:183} INFO - Processing /home/leoja/airflow/airflow_venv/lib/python3.12/site-packages/airflow/example_dags/example_task_group_decorator.py took 0.070 seconds
[2025-06-11T11:23:58.683+0200] {processor.py:161} INFO - Started process (PID=311764) to work on /home/leoja/airflow/airflow_venv/lib/python3.12/site-packages/airflow/example_dags/example_task_group_decorator.py
[2025-06-11T11:23:58.685+0200] {processor.py:830} INFO - Processing file /home/leoja/airflow/airflow_venv/lib/python3.12/site-packages/airflow/example_dags/example_task_group_decorator.py for tasks to queue
[2025-06-11T11:23:58.686+0200] {logging_mixin.py:188} INFO - [2025-06-11T11:23:58.686+0200] {dagbag.py:540} INFO - Filling up the DagBag from /home/leoja/airflow/airflow_venv/lib/python3.12/site-packages/airflow/example_dags/example_task_group_decorator.py
[2025-06-11T11:23:58.696+0200] {processor.py:840} INFO - DAG(s) 'example_task_group_decorator' retrieved from /home/leoja/airflow/airflow_venv/lib/python3.12/site-packages/airflow/example_dags/example_task_group_decorator.py
[2025-06-11T11:23:58.708+0200] {logging_mixin.py:188} INFO - [2025-06-11T11:23:58.708+0200] {dag.py:3096} INFO - Sync 1 DAGs
[2025-06-11T11:23:58.722+0200] {logging_mixin.py:188} INFO - [2025-06-11T11:23:58.722+0200] {dag.py:3954} INFO - Setting next_dagrun for example_task_group_decorator to 2025-06-10 00:00:00+00:00, run_after=2025-06-11 00:00:00+00:00
[2025-06-11T11:23:58.741+0200] {processor.py:183} INFO - Processing /home/leoja/airflow/airflow_venv/lib/python3.12/site-packages/airflow/example_dags/example_task_group_decorator.py took 0.063 seconds
[2025-06-11T11:25:25.410+0200] {processor.py:161} INFO - Started process (PID=312671) to work on /home/leoja/airflow/airflow_venv/lib/python3.12/site-packages/airflow/example_dags/example_task_group_decorator.py
[2025-06-11T11:25:25.412+0200] {processor.py:830} INFO - Processing file /home/leoja/airflow/airflow_venv/lib/python3.12/site-packages/airflow/example_dags/example_task_group_decorator.py for tasks to queue
[2025-06-11T11:25:25.414+0200] {logging_mixin.py:188} INFO - [2025-06-11T11:25:25.414+0200] {dagbag.py:540} INFO - Filling up the DagBag from /home/leoja/airflow/airflow_venv/lib/python3.12/site-packages/airflow/example_dags/example_task_group_decorator.py
[2025-06-11T11:25:25.423+0200] {processor.py:840} INFO - DAG(s) 'example_task_group_decorator' retrieved from /home/leoja/airflow/airflow_venv/lib/python3.12/site-packages/airflow/example_dags/example_task_group_decorator.py
[2025-06-11T11:25:25.436+0200] {logging_mixin.py:188} INFO - [2025-06-11T11:25:25.436+0200] {dag.py:3096} INFO - Sync 1 DAGs
[2025-06-11T11:25:25.449+0200] {logging_mixin.py:188} INFO - [2025-06-11T11:25:25.449+0200] {dag.py:3954} INFO - Setting next_dagrun for example_task_group_decorator to 2025-06-10 00:00:00+00:00, run_after=2025-06-11 00:00:00+00:00
[2025-06-11T11:25:25.468+0200] {processor.py:183} INFO - Processing /home/leoja/airflow/airflow_venv/lib/python3.12/site-packages/airflow/example_dags/example_task_group_decorator.py took 0.064 seconds
[2025-06-11T11:26:17.081+0200] {processor.py:161} INFO - Started process (PID=312948) to work on /home/leoja/airflow/airflow_venv/lib/python3.12/site-packages/airflow/example_dags/example_task_group_decorator.py
[2025-06-11T11:26:17.084+0200] {processor.py:830} INFO - Processing file /home/leoja/airflow/airflow_venv/lib/python3.12/site-packages/airflow/example_dags/example_task_group_decorator.py for tasks to queue
[2025-06-11T11:26:17.087+0200] {logging_mixin.py:188} INFO - [2025-06-11T11:26:17.086+0200] {dagbag.py:540} INFO - Filling up the DagBag from /home/leoja/airflow/airflow_venv/lib/python3.12/site-packages/airflow/example_dags/example_task_group_decorator.py
[2025-06-11T11:26:17.100+0200] {processor.py:840} INFO - DAG(s) 'example_task_group_decorator' retrieved from /home/leoja/airflow/airflow_venv/lib/python3.12/site-packages/airflow/example_dags/example_task_group_decorator.py
[2025-06-11T11:26:17.121+0200] {logging_mixin.py:188} INFO - [2025-06-11T11:26:17.121+0200] {dag.py:3096} INFO - Sync 1 DAGs
[2025-06-11T11:26:17.141+0200] {logging_mixin.py:188} INFO - [2025-06-11T11:26:17.141+0200] {dag.py:3954} INFO - Setting next_dagrun for example_task_group_decorator to 2025-06-10 00:00:00+00:00, run_after=2025-06-11 00:00:00+00:00
[2025-06-11T11:26:17.165+0200] {processor.py:183} INFO - Processing /home/leoja/airflow/airflow_venv/lib/python3.12/site-packages/airflow/example_dags/example_task_group_decorator.py took 0.089 seconds
[2025-06-11T11:26:58.226+0200] {processor.py:161} INFO - Started process (PID=313191) to work on /home/leoja/airflow/airflow_venv/lib/python3.12/site-packages/airflow/example_dags/example_task_group_decorator.py
[2025-06-11T11:26:58.227+0200] {processor.py:830} INFO - Processing file /home/leoja/airflow/airflow_venv/lib/python3.12/site-packages/airflow/example_dags/example_task_group_decorator.py for tasks to queue
[2025-06-11T11:26:58.229+0200] {logging_mixin.py:188} INFO - [2025-06-11T11:26:58.228+0200] {dagbag.py:540} INFO - Filling up the DagBag from /home/leoja/airflow/airflow_venv/lib/python3.12/site-packages/airflow/example_dags/example_task_group_decorator.py
[2025-06-11T11:26:58.238+0200] {processor.py:840} INFO - DAG(s) 'example_task_group_decorator' retrieved from /home/leoja/airflow/airflow_venv/lib/python3.12/site-packages/airflow/example_dags/example_task_group_decorator.py
[2025-06-11T11:26:58.250+0200] {logging_mixin.py:188} INFO - [2025-06-11T11:26:58.250+0200] {dag.py:3096} INFO - Sync 1 DAGs
[2025-06-11T11:26:58.263+0200] {logging_mixin.py:188} INFO - [2025-06-11T11:26:58.263+0200] {dag.py:3954} INFO - Setting next_dagrun for example_task_group_decorator to 2025-06-10 00:00:00+00:00, run_after=2025-06-11 00:00:00+00:00
[2025-06-11T11:26:58.283+0200] {processor.py:183} INFO - Processing /home/leoja/airflow/airflow_venv/lib/python3.12/site-packages/airflow/example_dags/example_task_group_decorator.py took 0.062 seconds
[2025-06-11T11:27:38.830+0200] {processor.py:161} INFO - Started process (PID=313435) to work on /home/leoja/airflow/airflow_venv/lib/python3.12/site-packages/airflow/example_dags/example_task_group_decorator.py
[2025-06-11T11:27:38.832+0200] {processor.py:830} INFO - Processing file /home/leoja/airflow/airflow_venv/lib/python3.12/site-packages/airflow/example_dags/example_task_group_decorator.py for tasks to queue
[2025-06-11T11:27:38.833+0200] {logging_mixin.py:188} INFO - [2025-06-11T11:27:38.833+0200] {dagbag.py:540} INFO - Filling up the DagBag from /home/leoja/airflow/airflow_venv/lib/python3.12/site-packages/airflow/example_dags/example_task_group_decorator.py
[2025-06-11T11:27:38.846+0200] {processor.py:840} INFO - DAG(s) 'example_task_group_decorator' retrieved from /home/leoja/airflow/airflow_venv/lib/python3.12/site-packages/airflow/example_dags/example_task_group_decorator.py
[2025-06-11T11:27:38.860+0200] {logging_mixin.py:188} INFO - [2025-06-11T11:27:38.860+0200] {dag.py:3096} INFO - Sync 1 DAGs
[2025-06-11T11:27:38.873+0200] {logging_mixin.py:188} INFO - [2025-06-11T11:27:38.873+0200] {dag.py:3954} INFO - Setting next_dagrun for example_task_group_decorator to 2025-06-10 00:00:00+00:00, run_after=2025-06-11 00:00:00+00:00
[2025-06-11T11:27:38.896+0200] {processor.py:183} INFO - Processing /home/leoja/airflow/airflow_venv/lib/python3.12/site-packages/airflow/example_dags/example_task_group_decorator.py took 0.072 seconds
[2025-06-11T11:28:26.720+0200] {processor.py:161} INFO - Started process (PID=313698) to work on /home/leoja/airflow/airflow_venv/lib/python3.12/site-packages/airflow/example_dags/example_task_group_decorator.py
[2025-06-11T11:28:26.723+0200] {processor.py:830} INFO - Processing file /home/leoja/airflow/airflow_venv/lib/python3.12/site-packages/airflow/example_dags/example_task_group_decorator.py for tasks to queue
[2025-06-11T11:28:26.726+0200] {logging_mixin.py:188} INFO - [2025-06-11T11:28:26.725+0200] {dagbag.py:540} INFO - Filling up the DagBag from /home/leoja/airflow/airflow_venv/lib/python3.12/site-packages/airflow/example_dags/example_task_group_decorator.py
[2025-06-11T11:28:26.748+0200] {processor.py:840} INFO - DAG(s) 'example_task_group_decorator' retrieved from /home/leoja/airflow/airflow_venv/lib/python3.12/site-packages/airflow/example_dags/example_task_group_decorator.py
[2025-06-11T11:28:26.770+0200] {logging_mixin.py:188} INFO - [2025-06-11T11:28:26.769+0200] {dag.py:3096} INFO - Sync 1 DAGs
[2025-06-11T11:28:26.787+0200] {logging_mixin.py:188} INFO - [2025-06-11T11:28:26.787+0200] {dag.py:3954} INFO - Setting next_dagrun for example_task_group_decorator to 2025-06-10 00:00:00+00:00, run_after=2025-06-11 00:00:00+00:00
[2025-06-11T11:28:26.809+0200] {processor.py:183} INFO - Processing /home/leoja/airflow/airflow_venv/lib/python3.12/site-packages/airflow/example_dags/example_task_group_decorator.py took 0.098 seconds
[2025-06-11T11:29:16.788+0200] {processor.py:161} INFO - Started process (PID=313970) to work on /home/leoja/airflow/airflow_venv/lib/python3.12/site-packages/airflow/example_dags/example_task_group_decorator.py
[2025-06-11T11:29:16.790+0200] {processor.py:830} INFO - Processing file /home/leoja/airflow/airflow_venv/lib/python3.12/site-packages/airflow/example_dags/example_task_group_decorator.py for tasks to queue
[2025-06-11T11:29:16.791+0200] {logging_mixin.py:188} INFO - [2025-06-11T11:29:16.791+0200] {dagbag.py:540} INFO - Filling up the DagBag from /home/leoja/airflow/airflow_venv/lib/python3.12/site-packages/airflow/example_dags/example_task_group_decorator.py
[2025-06-11T11:29:16.800+0200] {processor.py:840} INFO - DAG(s) 'example_task_group_decorator' retrieved from /home/leoja/airflow/airflow_venv/lib/python3.12/site-packages/airflow/example_dags/example_task_group_decorator.py
[2025-06-11T11:29:16.815+0200] {logging_mixin.py:188} INFO - [2025-06-11T11:29:16.815+0200] {dag.py:3096} INFO - Sync 1 DAGs
[2025-06-11T11:29:16.829+0200] {logging_mixin.py:188} INFO - [2025-06-11T11:29:16.829+0200] {dag.py:3954} INFO - Setting next_dagrun for example_task_group_decorator to 2025-06-10 00:00:00+00:00, run_after=2025-06-11 00:00:00+00:00
[2025-06-11T11:29:16.855+0200] {processor.py:183} INFO - Processing /home/leoja/airflow/airflow_venv/lib/python3.12/site-packages/airflow/example_dags/example_task_group_decorator.py took 0.072 seconds
[2025-06-11T11:30:03.272+0200] {processor.py:161} INFO - Started process (PID=314243) to work on /home/leoja/airflow/airflow_venv/lib/python3.12/site-packages/airflow/example_dags/example_task_group_decorator.py
[2025-06-11T11:30:03.275+0200] {processor.py:830} INFO - Processing file /home/leoja/airflow/airflow_venv/lib/python3.12/site-packages/airflow/example_dags/example_task_group_decorator.py for tasks to queue
[2025-06-11T11:30:03.276+0200] {logging_mixin.py:188} INFO - [2025-06-11T11:30:03.276+0200] {dagbag.py:540} INFO - Filling up the DagBag from /home/leoja/airflow/airflow_venv/lib/python3.12/site-packages/airflow/example_dags/example_task_group_decorator.py
[2025-06-11T11:30:03.286+0200] {processor.py:840} INFO - DAG(s) 'example_task_group_decorator' retrieved from /home/leoja/airflow/airflow_venv/lib/python3.12/site-packages/airflow/example_dags/example_task_group_decorator.py
[2025-06-11T11:30:03.301+0200] {logging_mixin.py:188} INFO - [2025-06-11T11:30:03.301+0200] {dag.py:3096} INFO - Sync 1 DAGs
[2025-06-11T11:30:03.317+0200] {logging_mixin.py:188} INFO - [2025-06-11T11:30:03.316+0200] {dag.py:3954} INFO - Setting next_dagrun for example_task_group_decorator to 2025-06-10 00:00:00+00:00, run_after=2025-06-11 00:00:00+00:00
[2025-06-11T11:30:03.340+0200] {processor.py:183} INFO - Processing /home/leoja/airflow/airflow_venv/lib/python3.12/site-packages/airflow/example_dags/example_task_group_decorator.py took 0.074 seconds
[2025-06-11T11:30:51.516+0200] {processor.py:161} INFO - Started process (PID=314516) to work on /home/leoja/airflow/airflow_venv/lib/python3.12/site-packages/airflow/example_dags/example_task_group_decorator.py
[2025-06-11T11:30:51.518+0200] {processor.py:830} INFO - Processing file /home/leoja/airflow/airflow_venv/lib/python3.12/site-packages/airflow/example_dags/example_task_group_decorator.py for tasks to queue
[2025-06-11T11:30:51.519+0200] {logging_mixin.py:188} INFO - [2025-06-11T11:30:51.519+0200] {dagbag.py:540} INFO - Filling up the DagBag from /home/leoja/airflow/airflow_venv/lib/python3.12/site-packages/airflow/example_dags/example_task_group_decorator.py
[2025-06-11T11:30:51.536+0200] {processor.py:840} INFO - DAG(s) 'example_task_group_decorator' retrieved from /home/leoja/airflow/airflow_venv/lib/python3.12/site-packages/airflow/example_dags/example_task_group_decorator.py
[2025-06-11T11:30:51.553+0200] {logging_mixin.py:188} INFO - [2025-06-11T11:30:51.553+0200] {dag.py:3096} INFO - Sync 1 DAGs
[2025-06-11T11:30:51.570+0200] {logging_mixin.py:188} INFO - [2025-06-11T11:30:51.570+0200] {dag.py:3954} INFO - Setting next_dagrun for example_task_group_decorator to 2025-06-10 00:00:00+00:00, run_after=2025-06-11 00:00:00+00:00
[2025-06-11T11:30:51.607+0200] {processor.py:183} INFO - Processing /home/leoja/airflow/airflow_venv/lib/python3.12/site-packages/airflow/example_dags/example_task_group_decorator.py took 0.096 seconds
[2025-06-11T11:31:41.112+0200] {processor.py:161} INFO - Started process (PID=314820) to work on /home/leoja/airflow/airflow_venv/lib/python3.12/site-packages/airflow/example_dags/example_task_group_decorator.py
[2025-06-11T11:31:41.117+0200] {processor.py:830} INFO - Processing file /home/leoja/airflow/airflow_venv/lib/python3.12/site-packages/airflow/example_dags/example_task_group_decorator.py for tasks to queue
[2025-06-11T11:31:41.119+0200] {logging_mixin.py:188} INFO - [2025-06-11T11:31:41.118+0200] {dagbag.py:540} INFO - Filling up the DagBag from /home/leoja/airflow/airflow_venv/lib/python3.12/site-packages/airflow/example_dags/example_task_group_decorator.py
[2025-06-11T11:31:41.128+0200] {processor.py:840} INFO - DAG(s) 'example_task_group_decorator' retrieved from /home/leoja/airflow/airflow_venv/lib/python3.12/site-packages/airflow/example_dags/example_task_group_decorator.py
[2025-06-11T11:31:41.140+0200] {logging_mixin.py:188} INFO - [2025-06-11T11:31:41.140+0200] {dag.py:3096} INFO - Sync 1 DAGs
[2025-06-11T11:31:41.151+0200] {logging_mixin.py:188} INFO - [2025-06-11T11:31:41.151+0200] {dag.py:3954} INFO - Setting next_dagrun for example_task_group_decorator to 2025-06-10 00:00:00+00:00, run_after=2025-06-11 00:00:00+00:00
[2025-06-11T11:31:41.182+0200] {processor.py:183} INFO - Processing /home/leoja/airflow/airflow_venv/lib/python3.12/site-packages/airflow/example_dags/example_task_group_decorator.py took 0.075 seconds
[2025-06-11T11:32:38.705+0200] {processor.py:161} INFO - Started process (PID=315123) to work on /home/leoja/airflow/airflow_venv/lib/python3.12/site-packages/airflow/example_dags/example_task_group_decorator.py
[2025-06-11T11:32:38.706+0200] {processor.py:830} INFO - Processing file /home/leoja/airflow/airflow_venv/lib/python3.12/site-packages/airflow/example_dags/example_task_group_decorator.py for tasks to queue
[2025-06-11T11:32:38.708+0200] {logging_mixin.py:188} INFO - [2025-06-11T11:32:38.707+0200] {dagbag.py:540} INFO - Filling up the DagBag from /home/leoja/airflow/airflow_venv/lib/python3.12/site-packages/airflow/example_dags/example_task_group_decorator.py
[2025-06-11T11:32:38.718+0200] {processor.py:840} INFO - DAG(s) 'example_task_group_decorator' retrieved from /home/leoja/airflow/airflow_venv/lib/python3.12/site-packages/airflow/example_dags/example_task_group_decorator.py
[2025-06-11T11:32:38.731+0200] {logging_mixin.py:188} INFO - [2025-06-11T11:32:38.731+0200] {dag.py:3096} INFO - Sync 1 DAGs
[2025-06-11T11:32:38.749+0200] {logging_mixin.py:188} INFO - [2025-06-11T11:32:38.749+0200] {dag.py:3954} INFO - Setting next_dagrun for example_task_group_decorator to 2025-06-10 00:00:00+00:00, run_after=2025-06-11 00:00:00+00:00
[2025-06-11T11:32:38.793+0200] {processor.py:183} INFO - Processing /home/leoja/airflow/airflow_venv/lib/python3.12/site-packages/airflow/example_dags/example_task_group_decorator.py took 0.093 seconds
[2025-06-11T11:33:27.925+0200] {processor.py:161} INFO - Started process (PID=315399) to work on /home/leoja/airflow/airflow_venv/lib/python3.12/site-packages/airflow/example_dags/example_task_group_decorator.py
[2025-06-11T11:33:27.927+0200] {processor.py:830} INFO - Processing file /home/leoja/airflow/airflow_venv/lib/python3.12/site-packages/airflow/example_dags/example_task_group_decorator.py for tasks to queue
[2025-06-11T11:33:27.929+0200] {logging_mixin.py:188} INFO - [2025-06-11T11:33:27.928+0200] {dagbag.py:540} INFO - Filling up the DagBag from /home/leoja/airflow/airflow_venv/lib/python3.12/site-packages/airflow/example_dags/example_task_group_decorator.py
[2025-06-11T11:33:27.945+0200] {processor.py:840} INFO - DAG(s) 'example_task_group_decorator' retrieved from /home/leoja/airflow/airflow_venv/lib/python3.12/site-packages/airflow/example_dags/example_task_group_decorator.py
[2025-06-11T11:33:27.963+0200] {logging_mixin.py:188} INFO - [2025-06-11T11:33:27.963+0200] {dag.py:3096} INFO - Sync 1 DAGs
[2025-06-11T11:33:27.978+0200] {logging_mixin.py:188} INFO - [2025-06-11T11:33:27.978+0200] {dag.py:3954} INFO - Setting next_dagrun for example_task_group_decorator to 2025-06-10 00:00:00+00:00, run_after=2025-06-11 00:00:00+00:00
[2025-06-11T11:33:28.016+0200] {processor.py:183} INFO - Processing /home/leoja/airflow/airflow_venv/lib/python3.12/site-packages/airflow/example_dags/example_task_group_decorator.py took 0.098 seconds
[2025-06-11T11:34:10.492+0200] {processor.py:161} INFO - Started process (PID=315647) to work on /home/leoja/airflow/airflow_venv/lib/python3.12/site-packages/airflow/example_dags/example_task_group_decorator.py
[2025-06-11T11:34:10.494+0200] {processor.py:830} INFO - Processing file /home/leoja/airflow/airflow_venv/lib/python3.12/site-packages/airflow/example_dags/example_task_group_decorator.py for tasks to queue
[2025-06-11T11:34:10.496+0200] {logging_mixin.py:188} INFO - [2025-06-11T11:34:10.495+0200] {dagbag.py:540} INFO - Filling up the DagBag from /home/leoja/airflow/airflow_venv/lib/python3.12/site-packages/airflow/example_dags/example_task_group_decorator.py
[2025-06-11T11:34:10.511+0200] {processor.py:840} INFO - DAG(s) 'example_task_group_decorator' retrieved from /home/leoja/airflow/airflow_venv/lib/python3.12/site-packages/airflow/example_dags/example_task_group_decorator.py
[2025-06-11T11:34:10.531+0200] {logging_mixin.py:188} INFO - [2025-06-11T11:34:10.531+0200] {dag.py:3096} INFO - Sync 1 DAGs
[2025-06-11T11:34:10.570+0200] {logging_mixin.py:188} INFO - [2025-06-11T11:34:10.570+0200] {dag.py:3954} INFO - Setting next_dagrun for example_task_group_decorator to 2025-06-10 00:00:00+00:00, run_after=2025-06-11 00:00:00+00:00
[2025-06-11T11:34:10.610+0200] {processor.py:183} INFO - Processing /home/leoja/airflow/airflow_venv/lib/python3.12/site-packages/airflow/example_dags/example_task_group_decorator.py took 0.123 seconds
[2025-06-11T11:34:54.087+0200] {processor.py:161} INFO - Started process (PID=315904) to work on /home/leoja/airflow/airflow_venv/lib/python3.12/site-packages/airflow/example_dags/example_task_group_decorator.py
[2025-06-11T11:34:54.088+0200] {processor.py:830} INFO - Processing file /home/leoja/airflow/airflow_venv/lib/python3.12/site-packages/airflow/example_dags/example_task_group_decorator.py for tasks to queue
[2025-06-11T11:34:54.090+0200] {logging_mixin.py:188} INFO - [2025-06-11T11:34:54.089+0200] {dagbag.py:540} INFO - Filling up the DagBag from /home/leoja/airflow/airflow_venv/lib/python3.12/site-packages/airflow/example_dags/example_task_group_decorator.py
[2025-06-11T11:34:54.101+0200] {processor.py:840} INFO - DAG(s) 'example_task_group_decorator' retrieved from /home/leoja/airflow/airflow_venv/lib/python3.12/site-packages/airflow/example_dags/example_task_group_decorator.py
[2025-06-11T11:34:54.118+0200] {logging_mixin.py:188} INFO - [2025-06-11T11:34:54.117+0200] {dag.py:3096} INFO - Sync 1 DAGs
[2025-06-11T11:34:54.131+0200] {logging_mixin.py:188} INFO - [2025-06-11T11:34:54.130+0200] {dag.py:3954} INFO - Setting next_dagrun for example_task_group_decorator to 2025-06-10 00:00:00+00:00, run_after=2025-06-11 00:00:00+00:00
[2025-06-11T11:34:54.154+0200] {processor.py:183} INFO - Processing /home/leoja/airflow/airflow_venv/lib/python3.12/site-packages/airflow/example_dags/example_task_group_decorator.py took 0.072 seconds
[2025-06-11T11:35:39.481+0200] {processor.py:161} INFO - Started process (PID=316151) to work on /home/leoja/airflow/airflow_venv/lib/python3.12/site-packages/airflow/example_dags/example_task_group_decorator.py
[2025-06-11T11:35:39.482+0200] {processor.py:830} INFO - Processing file /home/leoja/airflow/airflow_venv/lib/python3.12/site-packages/airflow/example_dags/example_task_group_decorator.py for tasks to queue
[2025-06-11T11:35:39.484+0200] {logging_mixin.py:188} INFO - [2025-06-11T11:35:39.484+0200] {dagbag.py:540} INFO - Filling up the DagBag from /home/leoja/airflow/airflow_venv/lib/python3.12/site-packages/airflow/example_dags/example_task_group_decorator.py
[2025-06-11T11:35:39.497+0200] {processor.py:840} INFO - DAG(s) 'example_task_group_decorator' retrieved from /home/leoja/airflow/airflow_venv/lib/python3.12/site-packages/airflow/example_dags/example_task_group_decorator.py
[2025-06-11T11:35:39.520+0200] {logging_mixin.py:188} INFO - [2025-06-11T11:35:39.520+0200] {dag.py:3096} INFO - Sync 1 DAGs
[2025-06-11T11:35:39.543+0200] {logging_mixin.py:188} INFO - [2025-06-11T11:35:39.543+0200] {dag.py:3954} INFO - Setting next_dagrun for example_task_group_decorator to 2025-06-10 00:00:00+00:00, run_after=2025-06-11 00:00:00+00:00
[2025-06-11T11:35:39.565+0200] {processor.py:183} INFO - Processing /home/leoja/airflow/airflow_venv/lib/python3.12/site-packages/airflow/example_dags/example_task_group_decorator.py took 0.090 seconds
[2025-06-11T11:36:26.014+0200] {processor.py:161} INFO - Started process (PID=316418) to work on /home/leoja/airflow/airflow_venv/lib/python3.12/site-packages/airflow/example_dags/example_task_group_decorator.py
[2025-06-11T11:36:26.022+0200] {processor.py:830} INFO - Processing file /home/leoja/airflow/airflow_venv/lib/python3.12/site-packages/airflow/example_dags/example_task_group_decorator.py for tasks to queue
[2025-06-11T11:36:26.024+0200] {logging_mixin.py:188} INFO - [2025-06-11T11:36:26.024+0200] {dagbag.py:540} INFO - Filling up the DagBag from /home/leoja/airflow/airflow_venv/lib/python3.12/site-packages/airflow/example_dags/example_task_group_decorator.py
[2025-06-11T11:36:26.033+0200] {processor.py:840} INFO - DAG(s) 'example_task_group_decorator' retrieved from /home/leoja/airflow/airflow_venv/lib/python3.12/site-packages/airflow/example_dags/example_task_group_decorator.py
[2025-06-11T11:36:26.046+0200] {logging_mixin.py:188} INFO - [2025-06-11T11:36:26.046+0200] {dag.py:3096} INFO - Sync 1 DAGs
[2025-06-11T11:36:26.061+0200] {logging_mixin.py:188} INFO - [2025-06-11T11:36:26.060+0200] {dag.py:3954} INFO - Setting next_dagrun for example_task_group_decorator to 2025-06-10 00:00:00+00:00, run_after=2025-06-11 00:00:00+00:00
[2025-06-11T11:36:26.158+0200] {processor.py:183} INFO - Processing /home/leoja/airflow/airflow_venv/lib/python3.12/site-packages/airflow/example_dags/example_task_group_decorator.py took 0.149 seconds
[2025-06-11T11:37:18.465+0200] {processor.py:161} INFO - Started process (PID=316692) to work on /home/leoja/airflow/airflow_venv/lib/python3.12/site-packages/airflow/example_dags/example_task_group_decorator.py
[2025-06-11T11:37:18.476+0200] {processor.py:830} INFO - Processing file /home/leoja/airflow/airflow_venv/lib/python3.12/site-packages/airflow/example_dags/example_task_group_decorator.py for tasks to queue
[2025-06-11T11:37:18.478+0200] {logging_mixin.py:188} INFO - [2025-06-11T11:37:18.477+0200] {dagbag.py:540} INFO - Filling up the DagBag from /home/leoja/airflow/airflow_venv/lib/python3.12/site-packages/airflow/example_dags/example_task_group_decorator.py
[2025-06-11T11:37:18.498+0200] {processor.py:840} INFO - DAG(s) 'example_task_group_decorator' retrieved from /home/leoja/airflow/airflow_venv/lib/python3.12/site-packages/airflow/example_dags/example_task_group_decorator.py
[2025-06-11T11:37:18.519+0200] {logging_mixin.py:188} INFO - [2025-06-11T11:37:18.519+0200] {dag.py:3096} INFO - Sync 1 DAGs
[2025-06-11T11:37:18.542+0200] {logging_mixin.py:188} INFO - [2025-06-11T11:37:18.541+0200] {dag.py:3954} INFO - Setting next_dagrun for example_task_group_decorator to 2025-06-10 00:00:00+00:00, run_after=2025-06-11 00:00:00+00:00
[2025-06-11T11:37:18.575+0200] {processor.py:183} INFO - Processing /home/leoja/airflow/airflow_venv/lib/python3.12/site-packages/airflow/example_dags/example_task_group_decorator.py took 0.118 seconds
[2025-06-11T11:38:02.812+0200] {processor.py:161} INFO - Started process (PID=316954) to work on /home/leoja/airflow/airflow_venv/lib/python3.12/site-packages/airflow/example_dags/example_task_group_decorator.py
[2025-06-11T11:38:02.819+0200] {processor.py:830} INFO - Processing file /home/leoja/airflow/airflow_venv/lib/python3.12/site-packages/airflow/example_dags/example_task_group_decorator.py for tasks to queue
[2025-06-11T11:38:02.822+0200] {logging_mixin.py:188} INFO - [2025-06-11T11:38:02.821+0200] {dagbag.py:540} INFO - Filling up the DagBag from /home/leoja/airflow/airflow_venv/lib/python3.12/site-packages/airflow/example_dags/example_task_group_decorator.py
[2025-06-11T11:38:02.860+0200] {processor.py:840} INFO - DAG(s) 'example_task_group_decorator' retrieved from /home/leoja/airflow/airflow_venv/lib/python3.12/site-packages/airflow/example_dags/example_task_group_decorator.py
[2025-06-11T11:38:02.891+0200] {logging_mixin.py:188} INFO - [2025-06-11T11:38:02.891+0200] {dag.py:3096} INFO - Sync 1 DAGs
[2025-06-11T11:38:02.914+0200] {logging_mixin.py:188} INFO - [2025-06-11T11:38:02.914+0200] {dag.py:3954} INFO - Setting next_dagrun for example_task_group_decorator to 2025-06-10 00:00:00+00:00, run_after=2025-06-11 00:00:00+00:00
[2025-06-11T11:38:02.962+0200] {processor.py:183} INFO - Processing /home/leoja/airflow/airflow_venv/lib/python3.12/site-packages/airflow/example_dags/example_task_group_decorator.py took 0.157 seconds
[2025-06-11T11:38:53.287+0200] {processor.py:161} INFO - Started process (PID=317226) to work on /home/leoja/airflow/airflow_venv/lib/python3.12/site-packages/airflow/example_dags/example_task_group_decorator.py
[2025-06-11T11:38:53.289+0200] {processor.py:830} INFO - Processing file /home/leoja/airflow/airflow_venv/lib/python3.12/site-packages/airflow/example_dags/example_task_group_decorator.py for tasks to queue
[2025-06-11T11:38:53.290+0200] {logging_mixin.py:188} INFO - [2025-06-11T11:38:53.290+0200] {dagbag.py:540} INFO - Filling up the DagBag from /home/leoja/airflow/airflow_venv/lib/python3.12/site-packages/airflow/example_dags/example_task_group_decorator.py
[2025-06-11T11:38:53.300+0200] {processor.py:840} INFO - DAG(s) 'example_task_group_decorator' retrieved from /home/leoja/airflow/airflow_venv/lib/python3.12/site-packages/airflow/example_dags/example_task_group_decorator.py
[2025-06-11T11:38:53.313+0200] {logging_mixin.py:188} INFO - [2025-06-11T11:38:53.313+0200] {dag.py:3096} INFO - Sync 1 DAGs
[2025-06-11T11:38:53.327+0200] {logging_mixin.py:188} INFO - [2025-06-11T11:38:53.327+0200] {dag.py:3954} INFO - Setting next_dagrun for example_task_group_decorator to 2025-06-10 00:00:00+00:00, run_after=2025-06-11 00:00:00+00:00
[2025-06-11T11:38:53.353+0200] {processor.py:183} INFO - Processing /home/leoja/airflow/airflow_venv/lib/python3.12/site-packages/airflow/example_dags/example_task_group_decorator.py took 0.070 seconds
[2025-06-11T11:39:44.389+0200] {processor.py:161} INFO - Started process (PID=317532) to work on /home/leoja/airflow/airflow_venv/lib/python3.12/site-packages/airflow/example_dags/example_task_group_decorator.py
[2025-06-11T11:39:44.390+0200] {processor.py:830} INFO - Processing file /home/leoja/airflow/airflow_venv/lib/python3.12/site-packages/airflow/example_dags/example_task_group_decorator.py for tasks to queue
[2025-06-11T11:39:44.392+0200] {logging_mixin.py:188} INFO - [2025-06-11T11:39:44.391+0200] {dagbag.py:540} INFO - Filling up the DagBag from /home/leoja/airflow/airflow_venv/lib/python3.12/site-packages/airflow/example_dags/example_task_group_decorator.py
[2025-06-11T11:39:44.403+0200] {processor.py:840} INFO - DAG(s) 'example_task_group_decorator' retrieved from /home/leoja/airflow/airflow_venv/lib/python3.12/site-packages/airflow/example_dags/example_task_group_decorator.py
[2025-06-11T11:39:44.417+0200] {logging_mixin.py:188} INFO - [2025-06-11T11:39:44.416+0200] {dag.py:3096} INFO - Sync 1 DAGs
[2025-06-11T11:39:44.432+0200] {logging_mixin.py:188} INFO - [2025-06-11T11:39:44.431+0200] {dag.py:3954} INFO - Setting next_dagrun for example_task_group_decorator to 2025-06-10 00:00:00+00:00, run_after=2025-06-11 00:00:00+00:00
[2025-06-11T11:39:44.464+0200] {processor.py:183} INFO - Processing /home/leoja/airflow/airflow_venv/lib/python3.12/site-packages/airflow/example_dags/example_task_group_decorator.py took 0.081 seconds
[2025-06-11T11:40:26.503+0200] {processor.py:161} INFO - Started process (PID=317776) to work on /home/leoja/airflow/airflow_venv/lib/python3.12/site-packages/airflow/example_dags/example_task_group_decorator.py
[2025-06-11T11:40:26.506+0200] {processor.py:830} INFO - Processing file /home/leoja/airflow/airflow_venv/lib/python3.12/site-packages/airflow/example_dags/example_task_group_decorator.py for tasks to queue
[2025-06-11T11:40:26.508+0200] {logging_mixin.py:188} INFO - [2025-06-11T11:40:26.507+0200] {dagbag.py:540} INFO - Filling up the DagBag from /home/leoja/airflow/airflow_venv/lib/python3.12/site-packages/airflow/example_dags/example_task_group_decorator.py
[2025-06-11T11:40:26.521+0200] {processor.py:840} INFO - DAG(s) 'example_task_group_decorator' retrieved from /home/leoja/airflow/airflow_venv/lib/python3.12/site-packages/airflow/example_dags/example_task_group_decorator.py
[2025-06-11T11:40:26.540+0200] {logging_mixin.py:188} INFO - [2025-06-11T11:40:26.540+0200] {dag.py:3096} INFO - Sync 1 DAGs
[2025-06-11T11:40:26.556+0200] {logging_mixin.py:188} INFO - [2025-06-11T11:40:26.556+0200] {dag.py:3954} INFO - Setting next_dagrun for example_task_group_decorator to 2025-06-10 00:00:00+00:00, run_after=2025-06-11 00:00:00+00:00
[2025-06-11T11:40:26.585+0200] {processor.py:183} INFO - Processing /home/leoja/airflow/airflow_venv/lib/python3.12/site-packages/airflow/example_dags/example_task_group_decorator.py took 0.088 seconds
[2025-06-11T11:41:12.052+0200] {processor.py:161} INFO - Started process (PID=318017) to work on /home/leoja/airflow/airflow_venv/lib/python3.12/site-packages/airflow/example_dags/example_task_group_decorator.py
[2025-06-11T11:41:12.053+0200] {processor.py:830} INFO - Processing file /home/leoja/airflow/airflow_venv/lib/python3.12/site-packages/airflow/example_dags/example_task_group_decorator.py for tasks to queue
[2025-06-11T11:41:12.055+0200] {logging_mixin.py:188} INFO - [2025-06-11T11:41:12.055+0200] {dagbag.py:540} INFO - Filling up the DagBag from /home/leoja/airflow/airflow_venv/lib/python3.12/site-packages/airflow/example_dags/example_task_group_decorator.py
[2025-06-11T11:41:12.074+0200] {processor.py:840} INFO - DAG(s) 'example_task_group_decorator' retrieved from /home/leoja/airflow/airflow_venv/lib/python3.12/site-packages/airflow/example_dags/example_task_group_decorator.py
[2025-06-11T11:41:12.098+0200] {logging_mixin.py:188} INFO - [2025-06-11T11:41:12.098+0200] {dag.py:3096} INFO - Sync 1 DAGs
[2025-06-11T11:41:12.131+0200] {logging_mixin.py:188} INFO - [2025-06-11T11:41:12.130+0200] {dag.py:3954} INFO - Setting next_dagrun for example_task_group_decorator to 2025-06-10 00:00:00+00:00, run_after=2025-06-11 00:00:00+00:00
[2025-06-11T11:41:12.176+0200] {processor.py:183} INFO - Processing /home/leoja/airflow/airflow_venv/lib/python3.12/site-packages/airflow/example_dags/example_task_group_decorator.py took 0.134 seconds
[2025-06-11T11:42:06.090+0200] {processor.py:161} INFO - Started process (PID=318314) to work on /home/leoja/airflow/airflow_venv/lib/python3.12/site-packages/airflow/example_dags/example_task_group_decorator.py
[2025-06-11T11:42:06.092+0200] {processor.py:830} INFO - Processing file /home/leoja/airflow/airflow_venv/lib/python3.12/site-packages/airflow/example_dags/example_task_group_decorator.py for tasks to queue
[2025-06-11T11:42:06.093+0200] {logging_mixin.py:188} INFO - [2025-06-11T11:42:06.093+0200] {dagbag.py:540} INFO - Filling up the DagBag from /home/leoja/airflow/airflow_venv/lib/python3.12/site-packages/airflow/example_dags/example_task_group_decorator.py
[2025-06-11T11:42:06.102+0200] {processor.py:840} INFO - DAG(s) 'example_task_group_decorator' retrieved from /home/leoja/airflow/airflow_venv/lib/python3.12/site-packages/airflow/example_dags/example_task_group_decorator.py
[2025-06-11T11:42:06.115+0200] {logging_mixin.py:188} INFO - [2025-06-11T11:42:06.115+0200] {dag.py:3096} INFO - Sync 1 DAGs
[2025-06-11T11:42:06.128+0200] {logging_mixin.py:188} INFO - [2025-06-11T11:42:06.128+0200] {dag.py:3954} INFO - Setting next_dagrun for example_task_group_decorator to 2025-06-10 00:00:00+00:00, run_after=2025-06-11 00:00:00+00:00
[2025-06-11T11:42:06.179+0200] {processor.py:183} INFO - Processing /home/leoja/airflow/airflow_venv/lib/python3.12/site-packages/airflow/example_dags/example_task_group_decorator.py took 0.093 seconds
[2025-06-11T11:43:01.637+0200] {processor.py:161} INFO - Started process (PID=318618) to work on /home/leoja/airflow/airflow_venv/lib/python3.12/site-packages/airflow/example_dags/example_task_group_decorator.py
[2025-06-11T11:43:01.659+0200] {processor.py:830} INFO - Processing file /home/leoja/airflow/airflow_venv/lib/python3.12/site-packages/airflow/example_dags/example_task_group_decorator.py for tasks to queue
[2025-06-11T11:43:01.661+0200] {logging_mixin.py:188} INFO - [2025-06-11T11:43:01.660+0200] {dagbag.py:540} INFO - Filling up the DagBag from /home/leoja/airflow/airflow_venv/lib/python3.12/site-packages/airflow/example_dags/example_task_group_decorator.py
[2025-06-11T11:43:01.671+0200] {processor.py:840} INFO - DAG(s) 'example_task_group_decorator' retrieved from /home/leoja/airflow/airflow_venv/lib/python3.12/site-packages/airflow/example_dags/example_task_group_decorator.py
[2025-06-11T11:43:01.684+0200] {logging_mixin.py:188} INFO - [2025-06-11T11:43:01.683+0200] {dag.py:3096} INFO - Sync 1 DAGs
[2025-06-11T11:43:01.697+0200] {logging_mixin.py:188} INFO - [2025-06-11T11:43:01.696+0200] {dag.py:3954} INFO - Setting next_dagrun for example_task_group_decorator to 2025-06-10 00:00:00+00:00, run_after=2025-06-11 00:00:00+00:00
[2025-06-11T11:43:01.893+0200] {processor.py:183} INFO - Processing /home/leoja/airflow/airflow_venv/lib/python3.12/site-packages/airflow/example_dags/example_task_group_decorator.py took 0.260 seconds
[2025-06-11T11:44:00.002+0200] {processor.py:161} INFO - Started process (PID=318918) to work on /home/leoja/airflow/airflow_venv/lib/python3.12/site-packages/airflow/example_dags/example_task_group_decorator.py
[2025-06-11T11:44:00.063+0200] {processor.py:830} INFO - Processing file /home/leoja/airflow/airflow_venv/lib/python3.12/site-packages/airflow/example_dags/example_task_group_decorator.py for tasks to queue
[2025-06-11T11:44:00.065+0200] {logging_mixin.py:188} INFO - [2025-06-11T11:44:00.064+0200] {dagbag.py:540} INFO - Filling up the DagBag from /home/leoja/airflow/airflow_venv/lib/python3.12/site-packages/airflow/example_dags/example_task_group_decorator.py
[2025-06-11T11:44:00.075+0200] {processor.py:840} INFO - DAG(s) 'example_task_group_decorator' retrieved from /home/leoja/airflow/airflow_venv/lib/python3.12/site-packages/airflow/example_dags/example_task_group_decorator.py
[2025-06-11T11:44:00.090+0200] {logging_mixin.py:188} INFO - [2025-06-11T11:44:00.089+0200] {dag.py:3096} INFO - Sync 1 DAGs
[2025-06-11T11:44:00.104+0200] {logging_mixin.py:188} INFO - [2025-06-11T11:44:00.104+0200] {dag.py:3954} INFO - Setting next_dagrun for example_task_group_decorator to 2025-06-10 00:00:00+00:00, run_after=2025-06-11 00:00:00+00:00
[2025-06-11T11:44:00.163+0200] {processor.py:183} INFO - Processing /home/leoja/airflow/airflow_venv/lib/python3.12/site-packages/airflow/example_dags/example_task_group_decorator.py took 0.166 seconds
