[2025-06-11T11:21:27.429+0200] {processor.py:161} INFO - Started process (PID=309459) to work on /home/leoja/airflow/airflow_venv/lib/python3.12/site-packages/airflow/example_dags/example_params_ui_tutorial.py
[2025-06-11T11:21:27.430+0200] {processor.py:830} INFO - Processing file /home/leoja/airflow/airflow_venv/lib/python3.12/site-packages/airflow/example_dags/example_params_ui_tutorial.py for tasks to queue
[2025-06-11T11:21:27.432+0200] {logging_mixin.py:188} INFO - [2025-06-11T11:21:27.431+0200] {dagbag.py:540} INFO - Filling up the DagBag from /home/leoja/airflow/airflow_venv/lib/python3.12/site-packages/airflow/example_dags/example_params_ui_tutorial.py
[2025-06-11T11:21:27.442+0200] {processor.py:840} INFO - DAG(s) 'example_params_ui_tutorial' retrieved from /home/leoja/airflow/airflow_venv/lib/python3.12/site-packages/airflow/example_dags/example_params_ui_tutorial.py
[2025-06-11T11:21:27.529+0200] {logging_mixin.py:188} INFO - [2025-06-11T11:21:27.529+0200] {dag.py:3096} INFO - Sync 1 DAGs
[2025-06-11T11:21:27.538+0200] {logging_mixin.py:188} INFO - [2025-06-11T11:21:27.537+0200] {dag.py:3954} INFO - Setting next_dagrun for example_params_ui_tutorial to None, run_after=None
[2025-06-11T11:21:27.562+0200] {processor.py:183} INFO - Processing /home/leoja/airflow/airflow_venv/lib/python3.12/site-packages/airflow/example_dags/example_params_ui_tutorial.py took 0.138 seconds
[2025-06-11T11:22:23.619+0200] {processor.py:161} INFO - Started process (PID=310738) to work on /home/leoja/airflow/airflow_venv/lib/python3.12/site-packages/airflow/example_dags/example_params_ui_tutorial.py
[2025-06-11T11:22:23.621+0200] {processor.py:830} INFO - Processing file /home/leoja/airflow/airflow_venv/lib/python3.12/site-packages/airflow/example_dags/example_params_ui_tutorial.py for tasks to queue
[2025-06-11T11:22:23.623+0200] {logging_mixin.py:188} INFO - [2025-06-11T11:22:23.622+0200] {dagbag.py:540} INFO - Filling up the DagBag from /home/leoja/airflow/airflow_venv/lib/python3.12/site-packages/airflow/example_dags/example_params_ui_tutorial.py
[2025-06-11T11:22:23.632+0200] {processor.py:840} INFO - DAG(s) 'example_params_ui_tutorial' retrieved from /home/leoja/airflow/airflow_venv/lib/python3.12/site-packages/airflow/example_dags/example_params_ui_tutorial.py
[2025-06-11T11:22:23.666+0200] {logging_mixin.py:188} INFO - [2025-06-11T11:22:23.666+0200] {dag.py:3096} INFO - Sync 1 DAGs
[2025-06-11T11:22:23.678+0200] {logging_mixin.py:188} INFO - [2025-06-11T11:22:23.678+0200] {dag.py:3954} INFO - Setting next_dagrun for example_params_ui_tutorial to None, run_after=None
[2025-06-11T11:22:23.710+0200] {processor.py:183} INFO - Processing /home/leoja/airflow/airflow_venv/lib/python3.12/site-packages/airflow/example_dags/example_params_ui_tutorial.py took 0.095 seconds
[2025-06-11T11:23:10.898+0200] {processor.py:161} INFO - Started process (PID=311493) to work on /home/leoja/airflow/airflow_venv/lib/python3.12/site-packages/airflow/example_dags/example_params_ui_tutorial.py
[2025-06-11T11:23:10.900+0200] {processor.py:830} INFO - Processing file /home/leoja/airflow/airflow_venv/lib/python3.12/site-packages/airflow/example_dags/example_params_ui_tutorial.py for tasks to queue
[2025-06-11T11:23:10.901+0200] {logging_mixin.py:188} INFO - [2025-06-11T11:23:10.901+0200] {dagbag.py:540} INFO - Filling up the DagBag from /home/leoja/airflow/airflow_venv/lib/python3.12/site-packages/airflow/example_dags/example_params_ui_tutorial.py
[2025-06-11T11:23:10.910+0200] {processor.py:840} INFO - DAG(s) 'example_params_ui_tutorial' retrieved from /home/leoja/airflow/airflow_venv/lib/python3.12/site-packages/airflow/example_dags/example_params_ui_tutorial.py
[2025-06-11T11:23:10.934+0200] {logging_mixin.py:188} INFO - [2025-06-11T11:23:10.934+0200] {dag.py:3096} INFO - Sync 1 DAGs
[2025-06-11T11:23:10.943+0200] {logging_mixin.py:188} INFO - [2025-06-11T11:23:10.943+0200] {dag.py:3954} INFO - Setting next_dagrun for example_params_ui_tutorial to None, run_after=None
[2025-06-11T11:23:10.965+0200] {processor.py:183} INFO - Processing /home/leoja/airflow/airflow_venv/lib/python3.12/site-packages/airflow/example_dags/example_params_ui_tutorial.py took 0.071 seconds
[2025-06-11T11:23:57.529+0200] {processor.py:161} INFO - Started process (PID=311741) to work on /home/leoja/airflow/airflow_venv/lib/python3.12/site-packages/airflow/example_dags/example_params_ui_tutorial.py
[2025-06-11T11:23:57.531+0200] {processor.py:830} INFO - Processing file /home/leoja/airflow/airflow_venv/lib/python3.12/site-packages/airflow/example_dags/example_params_ui_tutorial.py for tasks to queue
[2025-06-11T11:23:57.533+0200] {logging_mixin.py:188} INFO - [2025-06-11T11:23:57.532+0200] {dagbag.py:540} INFO - Filling up the DagBag from /home/leoja/airflow/airflow_venv/lib/python3.12/site-packages/airflow/example_dags/example_params_ui_tutorial.py
[2025-06-11T11:23:57.540+0200] {processor.py:840} INFO - DAG(s) 'example_params_ui_tutorial' retrieved from /home/leoja/airflow/airflow_venv/lib/python3.12/site-packages/airflow/example_dags/example_params_ui_tutorial.py
[2025-06-11T11:23:57.563+0200] {logging_mixin.py:188} INFO - [2025-06-11T11:23:57.563+0200] {dag.py:3096} INFO - Sync 1 DAGs
[2025-06-11T11:23:57.570+0200] {logging_mixin.py:188} INFO - [2025-06-11T11:23:57.570+0200] {dag.py:3954} INFO - Setting next_dagrun for example_params_ui_tutorial to None, run_after=None
[2025-06-11T11:23:57.588+0200] {processor.py:183} INFO - Processing /home/leoja/airflow/airflow_venv/lib/python3.12/site-packages/airflow/example_dags/example_params_ui_tutorial.py took 0.063 seconds
[2025-06-11T11:25:24.267+0200] {processor.py:161} INFO - Started process (PID=312670) to work on /home/leoja/airflow/airflow_venv/lib/python3.12/site-packages/airflow/example_dags/example_params_ui_tutorial.py
[2025-06-11T11:25:24.269+0200] {processor.py:830} INFO - Processing file /home/leoja/airflow/airflow_venv/lib/python3.12/site-packages/airflow/example_dags/example_params_ui_tutorial.py for tasks to queue
[2025-06-11T11:25:24.270+0200] {logging_mixin.py:188} INFO - [2025-06-11T11:25:24.270+0200] {dagbag.py:540} INFO - Filling up the DagBag from /home/leoja/airflow/airflow_venv/lib/python3.12/site-packages/airflow/example_dags/example_params_ui_tutorial.py
[2025-06-11T11:25:24.279+0200] {processor.py:840} INFO - DAG(s) 'example_params_ui_tutorial' retrieved from /home/leoja/airflow/airflow_venv/lib/python3.12/site-packages/airflow/example_dags/example_params_ui_tutorial.py
[2025-06-11T11:25:24.303+0200] {logging_mixin.py:188} INFO - [2025-06-11T11:25:24.303+0200] {dag.py:3096} INFO - Sync 1 DAGs
[2025-06-11T11:25:24.310+0200] {logging_mixin.py:188} INFO - [2025-06-11T11:25:24.310+0200] {dag.py:3954} INFO - Setting next_dagrun for example_params_ui_tutorial to None, run_after=None
[2025-06-11T11:25:24.328+0200] {processor.py:183} INFO - Processing /home/leoja/airflow/airflow_venv/lib/python3.12/site-packages/airflow/example_dags/example_params_ui_tutorial.py took 0.066 seconds
[2025-06-11T11:26:15.943+0200] {processor.py:161} INFO - Started process (PID=312947) to work on /home/leoja/airflow/airflow_venv/lib/python3.12/site-packages/airflow/example_dags/example_params_ui_tutorial.py
[2025-06-11T11:26:15.944+0200] {processor.py:830} INFO - Processing file /home/leoja/airflow/airflow_venv/lib/python3.12/site-packages/airflow/example_dags/example_params_ui_tutorial.py for tasks to queue
[2025-06-11T11:26:15.946+0200] {logging_mixin.py:188} INFO - [2025-06-11T11:26:15.945+0200] {dagbag.py:540} INFO - Filling up the DagBag from /home/leoja/airflow/airflow_venv/lib/python3.12/site-packages/airflow/example_dags/example_params_ui_tutorial.py
[2025-06-11T11:26:15.955+0200] {processor.py:840} INFO - DAG(s) 'example_params_ui_tutorial' retrieved from /home/leoja/airflow/airflow_venv/lib/python3.12/site-packages/airflow/example_dags/example_params_ui_tutorial.py
[2025-06-11T11:26:15.986+0200] {logging_mixin.py:188} INFO - [2025-06-11T11:26:15.985+0200] {dag.py:3096} INFO - Sync 1 DAGs
[2025-06-11T11:26:15.997+0200] {logging_mixin.py:188} INFO - [2025-06-11T11:26:15.997+0200] {dag.py:3954} INFO - Setting next_dagrun for example_params_ui_tutorial to None, run_after=None
[2025-06-11T11:26:16.023+0200] {processor.py:183} INFO - Processing /home/leoja/airflow/airflow_venv/lib/python3.12/site-packages/airflow/example_dags/example_params_ui_tutorial.py took 0.085 seconds
[2025-06-11T11:26:57.086+0200] {processor.py:161} INFO - Started process (PID=313190) to work on /home/leoja/airflow/airflow_venv/lib/python3.12/site-packages/airflow/example_dags/example_params_ui_tutorial.py
[2025-06-11T11:26:57.088+0200] {processor.py:830} INFO - Processing file /home/leoja/airflow/airflow_venv/lib/python3.12/site-packages/airflow/example_dags/example_params_ui_tutorial.py for tasks to queue
[2025-06-11T11:26:57.089+0200] {logging_mixin.py:188} INFO - [2025-06-11T11:26:57.089+0200] {dagbag.py:540} INFO - Filling up the DagBag from /home/leoja/airflow/airflow_venv/lib/python3.12/site-packages/airflow/example_dags/example_params_ui_tutorial.py
[2025-06-11T11:26:57.098+0200] {processor.py:840} INFO - DAG(s) 'example_params_ui_tutorial' retrieved from /home/leoja/airflow/airflow_venv/lib/python3.12/site-packages/airflow/example_dags/example_params_ui_tutorial.py
[2025-06-11T11:26:57.120+0200] {logging_mixin.py:188} INFO - [2025-06-11T11:26:57.120+0200] {dag.py:3096} INFO - Sync 1 DAGs
[2025-06-11T11:26:57.128+0200] {logging_mixin.py:188} INFO - [2025-06-11T11:26:57.128+0200] {dag.py:3954} INFO - Setting next_dagrun for example_params_ui_tutorial to None, run_after=None
[2025-06-11T11:26:57.147+0200] {processor.py:183} INFO - Processing /home/leoja/airflow/airflow_venv/lib/python3.12/site-packages/airflow/example_dags/example_params_ui_tutorial.py took 0.065 seconds
[2025-06-11T11:27:38.232+0200] {processor.py:161} INFO - Started process (PID=313434) to work on /home/leoja/airflow/airflow_venv/lib/python3.12/site-packages/airflow/example_dags/example_params_ui_tutorial.py
[2025-06-11T11:27:38.233+0200] {processor.py:830} INFO - Processing file /home/leoja/airflow/airflow_venv/lib/python3.12/site-packages/airflow/example_dags/example_params_ui_tutorial.py for tasks to queue
[2025-06-11T11:27:38.235+0200] {logging_mixin.py:188} INFO - [2025-06-11T11:27:38.234+0200] {dagbag.py:540} INFO - Filling up the DagBag from /home/leoja/airflow/airflow_venv/lib/python3.12/site-packages/airflow/example_dags/example_params_ui_tutorial.py
[2025-06-11T11:27:38.246+0200] {processor.py:840} INFO - DAG(s) 'example_params_ui_tutorial' retrieved from /home/leoja/airflow/airflow_venv/lib/python3.12/site-packages/airflow/example_dags/example_params_ui_tutorial.py
[2025-06-11T11:27:38.274+0200] {logging_mixin.py:188} INFO - [2025-06-11T11:27:38.274+0200] {dag.py:3096} INFO - Sync 1 DAGs
[2025-06-11T11:27:38.283+0200] {logging_mixin.py:188} INFO - [2025-06-11T11:27:38.282+0200] {dag.py:3954} INFO - Setting next_dagrun for example_params_ui_tutorial to None, run_after=None
[2025-06-11T11:27:38.304+0200] {processor.py:183} INFO - Processing /home/leoja/airflow/airflow_venv/lib/python3.12/site-packages/airflow/example_dags/example_params_ui_tutorial.py took 0.077 seconds
[2025-06-11T11:28:25.458+0200] {processor.py:161} INFO - Started process (PID=313697) to work on /home/leoja/airflow/airflow_venv/lib/python3.12/site-packages/airflow/example_dags/example_params_ui_tutorial.py
[2025-06-11T11:28:25.459+0200] {processor.py:830} INFO - Processing file /home/leoja/airflow/airflow_venv/lib/python3.12/site-packages/airflow/example_dags/example_params_ui_tutorial.py for tasks to queue
[2025-06-11T11:28:25.462+0200] {logging_mixin.py:188} INFO - [2025-06-11T11:28:25.461+0200] {dagbag.py:540} INFO - Filling up the DagBag from /home/leoja/airflow/airflow_venv/lib/python3.12/site-packages/airflow/example_dags/example_params_ui_tutorial.py
[2025-06-11T11:28:25.474+0200] {processor.py:840} INFO - DAG(s) 'example_params_ui_tutorial' retrieved from /home/leoja/airflow/airflow_venv/lib/python3.12/site-packages/airflow/example_dags/example_params_ui_tutorial.py
[2025-06-11T11:28:25.506+0200] {logging_mixin.py:188} INFO - [2025-06-11T11:28:25.506+0200] {dag.py:3096} INFO - Sync 1 DAGs
[2025-06-11T11:28:25.515+0200] {logging_mixin.py:188} INFO - [2025-06-11T11:28:25.515+0200] {dag.py:3954} INFO - Setting next_dagrun for example_params_ui_tutorial to None, run_after=None
[2025-06-11T11:28:25.544+0200] {processor.py:183} INFO - Processing /home/leoja/airflow/airflow_venv/lib/python3.12/site-packages/airflow/example_dags/example_params_ui_tutorial.py took 0.102 seconds
[2025-06-11T11:29:15.659+0200] {processor.py:161} INFO - Started process (PID=313969) to work on /home/leoja/airflow/airflow_venv/lib/python3.12/site-packages/airflow/example_dags/example_params_ui_tutorial.py
[2025-06-11T11:29:15.663+0200] {processor.py:830} INFO - Processing file /home/leoja/airflow/airflow_venv/lib/python3.12/site-packages/airflow/example_dags/example_params_ui_tutorial.py for tasks to queue
[2025-06-11T11:29:15.664+0200] {logging_mixin.py:188} INFO - [2025-06-11T11:29:15.664+0200] {dagbag.py:540} INFO - Filling up the DagBag from /home/leoja/airflow/airflow_venv/lib/python3.12/site-packages/airflow/example_dags/example_params_ui_tutorial.py
[2025-06-11T11:29:15.673+0200] {processor.py:840} INFO - DAG(s) 'example_params_ui_tutorial' retrieved from /home/leoja/airflow/airflow_venv/lib/python3.12/site-packages/airflow/example_dags/example_params_ui_tutorial.py
[2025-06-11T11:29:15.701+0200] {logging_mixin.py:188} INFO - [2025-06-11T11:29:15.701+0200] {dag.py:3096} INFO - Sync 1 DAGs
[2025-06-11T11:29:15.710+0200] {logging_mixin.py:188} INFO - [2025-06-11T11:29:15.710+0200] {dag.py:3954} INFO - Setting next_dagrun for example_params_ui_tutorial to None, run_after=None
[2025-06-11T11:29:15.733+0200] {processor.py:183} INFO - Processing /home/leoja/airflow/airflow_venv/lib/python3.12/site-packages/airflow/example_dags/example_params_ui_tutorial.py took 0.078 seconds
[2025-06-11T11:30:02.140+0200] {processor.py:161} INFO - Started process (PID=314242) to work on /home/leoja/airflow/airflow_venv/lib/python3.12/site-packages/airflow/example_dags/example_params_ui_tutorial.py
[2025-06-11T11:30:02.142+0200] {processor.py:830} INFO - Processing file /home/leoja/airflow/airflow_venv/lib/python3.12/site-packages/airflow/example_dags/example_params_ui_tutorial.py for tasks to queue
[2025-06-11T11:30:02.143+0200] {logging_mixin.py:188} INFO - [2025-06-11T11:30:02.143+0200] {dagbag.py:540} INFO - Filling up the DagBag from /home/leoja/airflow/airflow_venv/lib/python3.12/site-packages/airflow/example_dags/example_params_ui_tutorial.py
[2025-06-11T11:30:02.154+0200] {processor.py:840} INFO - DAG(s) 'example_params_ui_tutorial' retrieved from /home/leoja/airflow/airflow_venv/lib/python3.12/site-packages/airflow/example_dags/example_params_ui_tutorial.py
[2025-06-11T11:30:02.181+0200] {logging_mixin.py:188} INFO - [2025-06-11T11:30:02.181+0200] {dag.py:3096} INFO - Sync 1 DAGs
[2025-06-11T11:30:02.188+0200] {logging_mixin.py:188} INFO - [2025-06-11T11:30:02.188+0200] {dag.py:3954} INFO - Setting next_dagrun for example_params_ui_tutorial to None, run_after=None
[2025-06-11T11:30:02.216+0200] {processor.py:183} INFO - Processing /home/leoja/airflow/airflow_venv/lib/python3.12/site-packages/airflow/example_dags/example_params_ui_tutorial.py took 0.081 seconds
[2025-06-11T11:30:50.382+0200] {processor.py:161} INFO - Started process (PID=314514) to work on /home/leoja/airflow/airflow_venv/lib/python3.12/site-packages/airflow/example_dags/example_params_ui_tutorial.py
[2025-06-11T11:30:50.384+0200] {processor.py:830} INFO - Processing file /home/leoja/airflow/airflow_venv/lib/python3.12/site-packages/airflow/example_dags/example_params_ui_tutorial.py for tasks to queue
[2025-06-11T11:30:50.385+0200] {logging_mixin.py:188} INFO - [2025-06-11T11:30:50.385+0200] {dagbag.py:540} INFO - Filling up the DagBag from /home/leoja/airflow/airflow_venv/lib/python3.12/site-packages/airflow/example_dags/example_params_ui_tutorial.py
[2025-06-11T11:30:50.396+0200] {processor.py:840} INFO - DAG(s) 'example_params_ui_tutorial' retrieved from /home/leoja/airflow/airflow_venv/lib/python3.12/site-packages/airflow/example_dags/example_params_ui_tutorial.py
[2025-06-11T11:30:50.420+0200] {logging_mixin.py:188} INFO - [2025-06-11T11:30:50.420+0200] {dag.py:3096} INFO - Sync 1 DAGs
[2025-06-11T11:30:50.427+0200] {logging_mixin.py:188} INFO - [2025-06-11T11:30:50.427+0200] {dag.py:3954} INFO - Setting next_dagrun for example_params_ui_tutorial to None, run_after=None
[2025-06-11T11:30:50.451+0200] {processor.py:183} INFO - Processing /home/leoja/airflow/airflow_venv/lib/python3.12/site-packages/airflow/example_dags/example_params_ui_tutorial.py took 0.074 seconds
[2025-06-11T11:31:39.882+0200] {processor.py:161} INFO - Started process (PID=314797) to work on /home/leoja/airflow/airflow_venv/lib/python3.12/site-packages/airflow/example_dags/example_params_ui_tutorial.py
[2025-06-11T11:31:39.884+0200] {processor.py:830} INFO - Processing file /home/leoja/airflow/airflow_venv/lib/python3.12/site-packages/airflow/example_dags/example_params_ui_tutorial.py for tasks to queue
[2025-06-11T11:31:39.886+0200] {logging_mixin.py:188} INFO - [2025-06-11T11:31:39.885+0200] {dagbag.py:540} INFO - Filling up the DagBag from /home/leoja/airflow/airflow_venv/lib/python3.12/site-packages/airflow/example_dags/example_params_ui_tutorial.py
[2025-06-11T11:31:39.901+0200] {processor.py:840} INFO - DAG(s) 'example_params_ui_tutorial' retrieved from /home/leoja/airflow/airflow_venv/lib/python3.12/site-packages/airflow/example_dags/example_params_ui_tutorial.py
[2025-06-11T11:31:39.942+0200] {logging_mixin.py:188} INFO - [2025-06-11T11:31:39.941+0200] {dag.py:3096} INFO - Sync 1 DAGs
[2025-06-11T11:31:39.957+0200] {logging_mixin.py:188} INFO - [2025-06-11T11:31:39.956+0200] {dag.py:3954} INFO - Setting next_dagrun for example_params_ui_tutorial to None, run_after=None
[2025-06-11T11:31:40.054+0200] {processor.py:183} INFO - Processing /home/leoja/airflow/airflow_venv/lib/python3.12/site-packages/airflow/example_dags/example_params_ui_tutorial.py took 0.178 seconds
[2025-06-11T11:32:37.575+0200] {processor.py:161} INFO - Started process (PID=315122) to work on /home/leoja/airflow/airflow_venv/lib/python3.12/site-packages/airflow/example_dags/example_params_ui_tutorial.py
[2025-06-11T11:32:37.577+0200] {processor.py:830} INFO - Processing file /home/leoja/airflow/airflow_venv/lib/python3.12/site-packages/airflow/example_dags/example_params_ui_tutorial.py for tasks to queue
[2025-06-11T11:32:37.578+0200] {logging_mixin.py:188} INFO - [2025-06-11T11:32:37.578+0200] {dagbag.py:540} INFO - Filling up the DagBag from /home/leoja/airflow/airflow_venv/lib/python3.12/site-packages/airflow/example_dags/example_params_ui_tutorial.py
[2025-06-11T11:32:37.587+0200] {processor.py:840} INFO - DAG(s) 'example_params_ui_tutorial' retrieved from /home/leoja/airflow/airflow_venv/lib/python3.12/site-packages/airflow/example_dags/example_params_ui_tutorial.py
[2025-06-11T11:32:37.612+0200] {logging_mixin.py:188} INFO - [2025-06-11T11:32:37.611+0200] {dag.py:3096} INFO - Sync 1 DAGs
[2025-06-11T11:32:37.619+0200] {logging_mixin.py:188} INFO - [2025-06-11T11:32:37.619+0200] {dag.py:3954} INFO - Setting next_dagrun for example_params_ui_tutorial to None, run_after=None
[2025-06-11T11:32:37.647+0200] {processor.py:183} INFO - Processing /home/leoja/airflow/airflow_venv/lib/python3.12/site-packages/airflow/example_dags/example_params_ui_tutorial.py took 0.077 seconds
[2025-06-11T11:33:26.786+0200] {processor.py:161} INFO - Started process (PID=315398) to work on /home/leoja/airflow/airflow_venv/lib/python3.12/site-packages/airflow/example_dags/example_params_ui_tutorial.py
[2025-06-11T11:33:26.788+0200] {processor.py:830} INFO - Processing file /home/leoja/airflow/airflow_venv/lib/python3.12/site-packages/airflow/example_dags/example_params_ui_tutorial.py for tasks to queue
[2025-06-11T11:33:26.790+0200] {logging_mixin.py:188} INFO - [2025-06-11T11:33:26.789+0200] {dagbag.py:540} INFO - Filling up the DagBag from /home/leoja/airflow/airflow_venv/lib/python3.12/site-packages/airflow/example_dags/example_params_ui_tutorial.py
[2025-06-11T11:33:26.801+0200] {processor.py:840} INFO - DAG(s) 'example_params_ui_tutorial' retrieved from /home/leoja/airflow/airflow_venv/lib/python3.12/site-packages/airflow/example_dags/example_params_ui_tutorial.py
[2025-06-11T11:33:26.831+0200] {logging_mixin.py:188} INFO - [2025-06-11T11:33:26.831+0200] {dag.py:3096} INFO - Sync 1 DAGs
[2025-06-11T11:33:26.841+0200] {logging_mixin.py:188} INFO - [2025-06-11T11:33:26.841+0200] {dag.py:3954} INFO - Setting next_dagrun for example_params_ui_tutorial to None, run_after=None
[2025-06-11T11:33:26.867+0200] {processor.py:183} INFO - Processing /home/leoja/airflow/airflow_venv/lib/python3.12/site-packages/airflow/example_dags/example_params_ui_tutorial.py took 0.088 seconds
[2025-06-11T11:34:10.056+0200] {processor.py:161} INFO - Started process (PID=315645) to work on /home/leoja/airflow/airflow_venv/lib/python3.12/site-packages/airflow/example_dags/example_params_ui_tutorial.py
[2025-06-11T11:34:10.057+0200] {processor.py:830} INFO - Processing file /home/leoja/airflow/airflow_venv/lib/python3.12/site-packages/airflow/example_dags/example_params_ui_tutorial.py for tasks to queue
[2025-06-11T11:34:10.059+0200] {logging_mixin.py:188} INFO - [2025-06-11T11:34:10.058+0200] {dagbag.py:540} INFO - Filling up the DagBag from /home/leoja/airflow/airflow_venv/lib/python3.12/site-packages/airflow/example_dags/example_params_ui_tutorial.py
[2025-06-11T11:34:10.072+0200] {processor.py:840} INFO - DAG(s) 'example_params_ui_tutorial' retrieved from /home/leoja/airflow/airflow_venv/lib/python3.12/site-packages/airflow/example_dags/example_params_ui_tutorial.py
[2025-06-11T11:34:10.099+0200] {logging_mixin.py:188} INFO - [2025-06-11T11:34:10.099+0200] {dag.py:3096} INFO - Sync 1 DAGs
[2025-06-11T11:34:10.107+0200] {logging_mixin.py:188} INFO - [2025-06-11T11:34:10.107+0200] {dag.py:3954} INFO - Setting next_dagrun for example_params_ui_tutorial to None, run_after=None
[2025-06-11T11:34:10.130+0200] {processor.py:183} INFO - Processing /home/leoja/airflow/airflow_venv/lib/python3.12/site-packages/airflow/example_dags/example_params_ui_tutorial.py took 0.083 seconds
[2025-06-11T11:34:52.955+0200] {processor.py:161} INFO - Started process (PID=315903) to work on /home/leoja/airflow/airflow_venv/lib/python3.12/site-packages/airflow/example_dags/example_params_ui_tutorial.py
[2025-06-11T11:34:52.956+0200] {processor.py:830} INFO - Processing file /home/leoja/airflow/airflow_venv/lib/python3.12/site-packages/airflow/example_dags/example_params_ui_tutorial.py for tasks to queue
[2025-06-11T11:34:52.957+0200] {logging_mixin.py:188} INFO - [2025-06-11T11:34:52.957+0200] {dagbag.py:540} INFO - Filling up the DagBag from /home/leoja/airflow/airflow_venv/lib/python3.12/site-packages/airflow/example_dags/example_params_ui_tutorial.py
[2025-06-11T11:34:52.968+0200] {processor.py:840} INFO - DAG(s) 'example_params_ui_tutorial' retrieved from /home/leoja/airflow/airflow_venv/lib/python3.12/site-packages/airflow/example_dags/example_params_ui_tutorial.py
[2025-06-11T11:34:53.002+0200] {logging_mixin.py:188} INFO - [2025-06-11T11:34:53.002+0200] {dag.py:3096} INFO - Sync 1 DAGs
[2025-06-11T11:34:53.010+0200] {logging_mixin.py:188} INFO - [2025-06-11T11:34:53.010+0200] {dag.py:3954} INFO - Setting next_dagrun for example_params_ui_tutorial to None, run_after=None
[2025-06-11T11:34:53.033+0200] {processor.py:183} INFO - Processing /home/leoja/airflow/airflow_venv/lib/python3.12/site-packages/airflow/example_dags/example_params_ui_tutorial.py took 0.084 seconds
[2025-06-11T11:35:38.350+0200] {processor.py:161} INFO - Started process (PID=316150) to work on /home/leoja/airflow/airflow_venv/lib/python3.12/site-packages/airflow/example_dags/example_params_ui_tutorial.py
[2025-06-11T11:35:38.351+0200] {processor.py:830} INFO - Processing file /home/leoja/airflow/airflow_venv/lib/python3.12/site-packages/airflow/example_dags/example_params_ui_tutorial.py for tasks to queue
[2025-06-11T11:35:38.353+0200] {logging_mixin.py:188} INFO - [2025-06-11T11:35:38.353+0200] {dagbag.py:540} INFO - Filling up the DagBag from /home/leoja/airflow/airflow_venv/lib/python3.12/site-packages/airflow/example_dags/example_params_ui_tutorial.py
[2025-06-11T11:35:38.363+0200] {processor.py:840} INFO - DAG(s) 'example_params_ui_tutorial' retrieved from /home/leoja/airflow/airflow_venv/lib/python3.12/site-packages/airflow/example_dags/example_params_ui_tutorial.py
[2025-06-11T11:35:38.393+0200] {logging_mixin.py:188} INFO - [2025-06-11T11:35:38.393+0200] {dag.py:3096} INFO - Sync 1 DAGs
[2025-06-11T11:35:38.404+0200] {logging_mixin.py:188} INFO - [2025-06-11T11:35:38.404+0200] {dag.py:3954} INFO - Setting next_dagrun for example_params_ui_tutorial to None, run_after=None
[2025-06-11T11:35:38.429+0200] {processor.py:183} INFO - Processing /home/leoja/airflow/airflow_venv/lib/python3.12/site-packages/airflow/example_dags/example_params_ui_tutorial.py took 0.085 seconds
[2025-06-11T11:36:24.778+0200] {processor.py:161} INFO - Started process (PID=316417) to work on /home/leoja/airflow/airflow_venv/lib/python3.12/site-packages/airflow/example_dags/example_params_ui_tutorial.py
[2025-06-11T11:36:24.781+0200] {processor.py:830} INFO - Processing file /home/leoja/airflow/airflow_venv/lib/python3.12/site-packages/airflow/example_dags/example_params_ui_tutorial.py for tasks to queue
[2025-06-11T11:36:24.783+0200] {logging_mixin.py:188} INFO - [2025-06-11T11:36:24.782+0200] {dagbag.py:540} INFO - Filling up the DagBag from /home/leoja/airflow/airflow_venv/lib/python3.12/site-packages/airflow/example_dags/example_params_ui_tutorial.py
[2025-06-11T11:36:24.801+0200] {processor.py:840} INFO - DAG(s) 'example_params_ui_tutorial' retrieved from /home/leoja/airflow/airflow_venv/lib/python3.12/site-packages/airflow/example_dags/example_params_ui_tutorial.py
[2025-06-11T11:36:24.835+0200] {logging_mixin.py:188} INFO - [2025-06-11T11:36:24.834+0200] {dag.py:3096} INFO - Sync 1 DAGs
[2025-06-11T11:36:24.844+0200] {logging_mixin.py:188} INFO - [2025-06-11T11:36:24.844+0200] {dag.py:3954} INFO - Setting next_dagrun for example_params_ui_tutorial to None, run_after=None
[2025-06-11T11:36:24.879+0200] {processor.py:183} INFO - Processing /home/leoja/airflow/airflow_venv/lib/python3.12/site-packages/airflow/example_dags/example_params_ui_tutorial.py took 0.107 seconds
[2025-06-11T11:37:17.230+0200] {processor.py:161} INFO - Started process (PID=316691) to work on /home/leoja/airflow/airflow_venv/lib/python3.12/site-packages/airflow/example_dags/example_params_ui_tutorial.py
[2025-06-11T11:37:17.235+0200] {processor.py:830} INFO - Processing file /home/leoja/airflow/airflow_venv/lib/python3.12/site-packages/airflow/example_dags/example_params_ui_tutorial.py for tasks to queue
[2025-06-11T11:37:17.237+0200] {logging_mixin.py:188} INFO - [2025-06-11T11:37:17.236+0200] {dagbag.py:540} INFO - Filling up the DagBag from /home/leoja/airflow/airflow_venv/lib/python3.12/site-packages/airflow/example_dags/example_params_ui_tutorial.py
[2025-06-11T11:37:17.247+0200] {processor.py:840} INFO - DAG(s) 'example_params_ui_tutorial' retrieved from /home/leoja/airflow/airflow_venv/lib/python3.12/site-packages/airflow/example_dags/example_params_ui_tutorial.py
[2025-06-11T11:37:17.274+0200] {logging_mixin.py:188} INFO - [2025-06-11T11:37:17.274+0200] {dag.py:3096} INFO - Sync 1 DAGs
[2025-06-11T11:37:17.282+0200] {logging_mixin.py:188} INFO - [2025-06-11T11:37:17.282+0200] {dag.py:3954} INFO - Setting next_dagrun for example_params_ui_tutorial to None, run_after=None
[2025-06-11T11:37:17.326+0200] {processor.py:183} INFO - Processing /home/leoja/airflow/airflow_venv/lib/python3.12/site-packages/airflow/example_dags/example_params_ui_tutorial.py took 0.102 seconds
[2025-06-11T11:38:01.663+0200] {processor.py:161} INFO - Started process (PID=316931) to work on /home/leoja/airflow/airflow_venv/lib/python3.12/site-packages/airflow/example_dags/example_params_ui_tutorial.py
[2025-06-11T11:38:01.664+0200] {processor.py:830} INFO - Processing file /home/leoja/airflow/airflow_venv/lib/python3.12/site-packages/airflow/example_dags/example_params_ui_tutorial.py for tasks to queue
[2025-06-11T11:38:01.666+0200] {logging_mixin.py:188} INFO - [2025-06-11T11:38:01.666+0200] {dagbag.py:540} INFO - Filling up the DagBag from /home/leoja/airflow/airflow_venv/lib/python3.12/site-packages/airflow/example_dags/example_params_ui_tutorial.py
[2025-06-11T11:38:01.676+0200] {processor.py:840} INFO - DAG(s) 'example_params_ui_tutorial' retrieved from /home/leoja/airflow/airflow_venv/lib/python3.12/site-packages/airflow/example_dags/example_params_ui_tutorial.py
[2025-06-11T11:38:01.712+0200] {logging_mixin.py:188} INFO - [2025-06-11T11:38:01.711+0200] {dag.py:3096} INFO - Sync 1 DAGs
[2025-06-11T11:38:01.724+0200] {logging_mixin.py:188} INFO - [2025-06-11T11:38:01.724+0200] {dag.py:3954} INFO - Setting next_dagrun for example_params_ui_tutorial to None, run_after=None
[2025-06-11T11:38:01.752+0200] {processor.py:183} INFO - Processing /home/leoja/airflow/airflow_venv/lib/python3.12/site-packages/airflow/example_dags/example_params_ui_tutorial.py took 0.095 seconds
[2025-06-11T11:38:52.059+0200] {processor.py:161} INFO - Started process (PID=317203) to work on /home/leoja/airflow/airflow_venv/lib/python3.12/site-packages/airflow/example_dags/example_params_ui_tutorial.py
[2025-06-11T11:38:52.062+0200] {processor.py:830} INFO - Processing file /home/leoja/airflow/airflow_venv/lib/python3.12/site-packages/airflow/example_dags/example_params_ui_tutorial.py for tasks to queue
[2025-06-11T11:38:52.063+0200] {logging_mixin.py:188} INFO - [2025-06-11T11:38:52.063+0200] {dagbag.py:540} INFO - Filling up the DagBag from /home/leoja/airflow/airflow_venv/lib/python3.12/site-packages/airflow/example_dags/example_params_ui_tutorial.py
[2025-06-11T11:38:52.073+0200] {processor.py:840} INFO - DAG(s) 'example_params_ui_tutorial' retrieved from /home/leoja/airflow/airflow_venv/lib/python3.12/site-packages/airflow/example_dags/example_params_ui_tutorial.py
[2025-06-11T11:38:52.103+0200] {logging_mixin.py:188} INFO - [2025-06-11T11:38:52.103+0200] {dag.py:3096} INFO - Sync 1 DAGs
[2025-06-11T11:38:52.112+0200] {logging_mixin.py:188} INFO - [2025-06-11T11:38:52.112+0200] {dag.py:3954} INFO - Setting next_dagrun for example_params_ui_tutorial to None, run_after=None
[2025-06-11T11:38:52.160+0200] {processor.py:183} INFO - Processing /home/leoja/airflow/airflow_venv/lib/python3.12/site-packages/airflow/example_dags/example_params_ui_tutorial.py took 0.107 seconds
[2025-06-11T11:39:43.159+0200] {processor.py:161} INFO - Started process (PID=317531) to work on /home/leoja/airflow/airflow_venv/lib/python3.12/site-packages/airflow/example_dags/example_params_ui_tutorial.py
[2025-06-11T11:39:43.161+0200] {processor.py:830} INFO - Processing file /home/leoja/airflow/airflow_venv/lib/python3.12/site-packages/airflow/example_dags/example_params_ui_tutorial.py for tasks to queue
[2025-06-11T11:39:43.162+0200] {logging_mixin.py:188} INFO - [2025-06-11T11:39:43.162+0200] {dagbag.py:540} INFO - Filling up the DagBag from /home/leoja/airflow/airflow_venv/lib/python3.12/site-packages/airflow/example_dags/example_params_ui_tutorial.py
[2025-06-11T11:39:43.173+0200] {processor.py:840} INFO - DAG(s) 'example_params_ui_tutorial' retrieved from /home/leoja/airflow/airflow_venv/lib/python3.12/site-packages/airflow/example_dags/example_params_ui_tutorial.py
[2025-06-11T11:39:43.202+0200] {logging_mixin.py:188} INFO - [2025-06-11T11:39:43.202+0200] {dag.py:3096} INFO - Sync 1 DAGs
[2025-06-11T11:39:43.211+0200] {logging_mixin.py:188} INFO - [2025-06-11T11:39:43.211+0200] {dag.py:3954} INFO - Setting next_dagrun for example_params_ui_tutorial to None, run_after=None
[2025-06-11T11:39:43.255+0200] {processor.py:183} INFO - Processing /home/leoja/airflow/airflow_venv/lib/python3.12/site-packages/airflow/example_dags/example_params_ui_tutorial.py took 0.101 seconds
[2025-06-11T11:40:25.373+0200] {processor.py:161} INFO - Started process (PID=317743) to work on /home/leoja/airflow/airflow_venv/lib/python3.12/site-packages/airflow/example_dags/example_params_ui_tutorial.py
[2025-06-11T11:40:25.374+0200] {processor.py:830} INFO - Processing file /home/leoja/airflow/airflow_venv/lib/python3.12/site-packages/airflow/example_dags/example_params_ui_tutorial.py for tasks to queue
[2025-06-11T11:40:25.376+0200] {logging_mixin.py:188} INFO - [2025-06-11T11:40:25.375+0200] {dagbag.py:540} INFO - Filling up the DagBag from /home/leoja/airflow/airflow_venv/lib/python3.12/site-packages/airflow/example_dags/example_params_ui_tutorial.py
[2025-06-11T11:40:25.384+0200] {processor.py:840} INFO - DAG(s) 'example_params_ui_tutorial' retrieved from /home/leoja/airflow/airflow_venv/lib/python3.12/site-packages/airflow/example_dags/example_params_ui_tutorial.py
[2025-06-11T11:40:25.409+0200] {logging_mixin.py:188} INFO - [2025-06-11T11:40:25.409+0200] {dag.py:3096} INFO - Sync 1 DAGs
[2025-06-11T11:40:25.417+0200] {logging_mixin.py:188} INFO - [2025-06-11T11:40:25.417+0200] {dag.py:3954} INFO - Setting next_dagrun for example_params_ui_tutorial to None, run_after=None
[2025-06-11T11:40:25.443+0200] {processor.py:183} INFO - Processing /home/leoja/airflow/airflow_venv/lib/python3.12/site-packages/airflow/example_dags/example_params_ui_tutorial.py took 0.074 seconds
[2025-06-11T11:41:10.909+0200] {processor.py:161} INFO - Started process (PID=317985) to work on /home/leoja/airflow/airflow_venv/lib/python3.12/site-packages/airflow/example_dags/example_params_ui_tutorial.py
[2025-06-11T11:41:10.910+0200] {processor.py:830} INFO - Processing file /home/leoja/airflow/airflow_venv/lib/python3.12/site-packages/airflow/example_dags/example_params_ui_tutorial.py for tasks to queue
[2025-06-11T11:41:10.911+0200] {logging_mixin.py:188} INFO - [2025-06-11T11:41:10.911+0200] {dagbag.py:540} INFO - Filling up the DagBag from /home/leoja/airflow/airflow_venv/lib/python3.12/site-packages/airflow/example_dags/example_params_ui_tutorial.py
[2025-06-11T11:41:10.921+0200] {processor.py:840} INFO - DAG(s) 'example_params_ui_tutorial' retrieved from /home/leoja/airflow/airflow_venv/lib/python3.12/site-packages/airflow/example_dags/example_params_ui_tutorial.py
[2025-06-11T11:41:10.946+0200] {logging_mixin.py:188} INFO - [2025-06-11T11:41:10.946+0200] {dag.py:3096} INFO - Sync 1 DAGs
[2025-06-11T11:41:10.955+0200] {logging_mixin.py:188} INFO - [2025-06-11T11:41:10.955+0200] {dag.py:3954} INFO - Setting next_dagrun for example_params_ui_tutorial to None, run_after=None
[2025-06-11T11:41:10.979+0200] {processor.py:183} INFO - Processing /home/leoja/airflow/airflow_venv/lib/python3.12/site-packages/airflow/example_dags/example_params_ui_tutorial.py took 0.076 seconds
[2025-06-11T11:42:04.946+0200] {processor.py:161} INFO - Started process (PID=318291) to work on /home/leoja/airflow/airflow_venv/lib/python3.12/site-packages/airflow/example_dags/example_params_ui_tutorial.py
[2025-06-11T11:42:04.948+0200] {processor.py:830} INFO - Processing file /home/leoja/airflow/airflow_venv/lib/python3.12/site-packages/airflow/example_dags/example_params_ui_tutorial.py for tasks to queue
[2025-06-11T11:42:04.949+0200] {logging_mixin.py:188} INFO - [2025-06-11T11:42:04.949+0200] {dagbag.py:540} INFO - Filling up the DagBag from /home/leoja/airflow/airflow_venv/lib/python3.12/site-packages/airflow/example_dags/example_params_ui_tutorial.py
[2025-06-11T11:42:04.958+0200] {processor.py:840} INFO - DAG(s) 'example_params_ui_tutorial' retrieved from /home/leoja/airflow/airflow_venv/lib/python3.12/site-packages/airflow/example_dags/example_params_ui_tutorial.py
[2025-06-11T11:42:04.982+0200] {logging_mixin.py:188} INFO - [2025-06-11T11:42:04.982+0200] {dag.py:3096} INFO - Sync 1 DAGs
[2025-06-11T11:42:04.990+0200] {logging_mixin.py:188} INFO - [2025-06-11T11:42:04.990+0200] {dag.py:3954} INFO - Setting next_dagrun for example_params_ui_tutorial to None, run_after=None
[2025-06-11T11:42:05.032+0200] {processor.py:183} INFO - Processing /home/leoja/airflow/airflow_venv/lib/python3.12/site-packages/airflow/example_dags/example_params_ui_tutorial.py took 0.091 seconds
[2025-06-11T11:43:00.300+0200] {processor.py:161} INFO - Started process (PID=318617) to work on /home/leoja/airflow/airflow_venv/lib/python3.12/site-packages/airflow/example_dags/example_params_ui_tutorial.py
[2025-06-11T11:43:00.328+0200] {processor.py:830} INFO - Processing file /home/leoja/airflow/airflow_venv/lib/python3.12/site-packages/airflow/example_dags/example_params_ui_tutorial.py for tasks to queue
[2025-06-11T11:43:00.331+0200] {logging_mixin.py:188} INFO - [2025-06-11T11:43:00.330+0200] {dagbag.py:540} INFO - Filling up the DagBag from /home/leoja/airflow/airflow_venv/lib/python3.12/site-packages/airflow/example_dags/example_params_ui_tutorial.py
[2025-06-11T11:43:00.343+0200] {processor.py:840} INFO - DAG(s) 'example_params_ui_tutorial' retrieved from /home/leoja/airflow/airflow_venv/lib/python3.12/site-packages/airflow/example_dags/example_params_ui_tutorial.py
[2025-06-11T11:43:00.376+0200] {logging_mixin.py:188} INFO - [2025-06-11T11:43:00.376+0200] {dag.py:3096} INFO - Sync 1 DAGs
[2025-06-11T11:43:00.391+0200] {logging_mixin.py:188} INFO - [2025-06-11T11:43:00.391+0200] {dag.py:3954} INFO - Setting next_dagrun for example_params_ui_tutorial to None, run_after=None
[2025-06-11T11:43:00.534+0200] {processor.py:183} INFO - Processing /home/leoja/airflow/airflow_venv/lib/python3.12/site-packages/airflow/example_dags/example_params_ui_tutorial.py took 0.239 seconds
[2025-06-11T11:43:58.629+0200] {processor.py:161} INFO - Started process (PID=318917) to work on /home/leoja/airflow/airflow_venv/lib/python3.12/site-packages/airflow/example_dags/example_params_ui_tutorial.py
[2025-06-11T11:43:58.638+0200] {processor.py:830} INFO - Processing file /home/leoja/airflow/airflow_venv/lib/python3.12/site-packages/airflow/example_dags/example_params_ui_tutorial.py for tasks to queue
[2025-06-11T11:43:58.640+0200] {logging_mixin.py:188} INFO - [2025-06-11T11:43:58.640+0200] {dagbag.py:540} INFO - Filling up the DagBag from /home/leoja/airflow/airflow_venv/lib/python3.12/site-packages/airflow/example_dags/example_params_ui_tutorial.py
[2025-06-11T11:43:58.652+0200] {processor.py:840} INFO - DAG(s) 'example_params_ui_tutorial' retrieved from /home/leoja/airflow/airflow_venv/lib/python3.12/site-packages/airflow/example_dags/example_params_ui_tutorial.py
[2025-06-11T11:43:58.685+0200] {logging_mixin.py:188} INFO - [2025-06-11T11:43:58.684+0200] {dag.py:3096} INFO - Sync 1 DAGs
[2025-06-11T11:43:58.696+0200] {logging_mixin.py:188} INFO - [2025-06-11T11:43:58.695+0200] {dag.py:3954} INFO - Setting next_dagrun for example_params_ui_tutorial to None, run_after=None
[2025-06-11T11:43:58.870+0200] {processor.py:183} INFO - Processing /home/leoja/airflow/airflow_venv/lib/python3.12/site-packages/airflow/example_dags/example_params_ui_tutorial.py took 0.247 seconds
