[2025-06-11T11:21:46.868+0200] {processor.py:161} INFO - Started process (PID=309577) to work on /home/leoja/airflow/airflow_venv/lib/python3.12/site-packages/airflow/example_dags/example_trigger_target_dag.py
[2025-06-11T11:21:46.869+0200] {processor.py:830} INFO - Processing file /home/leoja/airflow/airflow_venv/lib/python3.12/site-packages/airflow/example_dags/example_trigger_target_dag.py for tasks to queue
[2025-06-11T11:21:46.870+0200] {logging_mixin.py:188} INFO - [2025-06-11T11:21:46.870+0200] {dagbag.py:540} INFO - Filling up the DagBag from /home/leoja/airflow/airflow_venv/lib/python3.12/site-packages/airflow/example_dags/example_trigger_target_dag.py
[2025-06-11T11:21:46.875+0200] {processor.py:840} INFO - DAG(s) 'example_trigger_target_dag' retrieved from /home/leoja/airflow/airflow_venv/lib/python3.12/site-packages/airflow/example_dags/example_trigger_target_dag.py
[2025-06-11T11:21:46.889+0200] {logging_mixin.py:188} INFO - [2025-06-11T11:21:46.889+0200] {dag.py:3096} INFO - Sync 1 DAGs
[2025-06-11T11:21:46.899+0200] {logging_mixin.py:188} INFO - [2025-06-11T11:21:46.898+0200] {dag.py:3954} INFO - Setting next_dagrun for example_trigger_target_dag to None, run_after=None
[2025-06-11T11:21:46.926+0200] {processor.py:183} INFO - Processing /home/leoja/airflow/airflow_venv/lib/python3.12/site-packages/airflow/example_dags/example_trigger_target_dag.py took 0.063 seconds
[2025-06-11T11:22:42.524+0200] {processor.py:161} INFO - Started process (PID=311320) to work on /home/leoja/airflow/airflow_venv/lib/python3.12/site-packages/airflow/example_dags/example_trigger_target_dag.py
[2025-06-11T11:22:42.526+0200] {processor.py:830} INFO - Processing file /home/leoja/airflow/airflow_venv/lib/python3.12/site-packages/airflow/example_dags/example_trigger_target_dag.py for tasks to queue
[2025-06-11T11:22:42.527+0200] {logging_mixin.py:188} INFO - [2025-06-11T11:22:42.527+0200] {dagbag.py:540} INFO - Filling up the DagBag from /home/leoja/airflow/airflow_venv/lib/python3.12/site-packages/airflow/example_dags/example_trigger_target_dag.py
[2025-06-11T11:22:42.532+0200] {processor.py:840} INFO - DAG(s) 'example_trigger_target_dag' retrieved from /home/leoja/airflow/airflow_venv/lib/python3.12/site-packages/airflow/example_dags/example_trigger_target_dag.py
[2025-06-11T11:22:42.542+0200] {logging_mixin.py:188} INFO - [2025-06-11T11:22:42.542+0200] {dag.py:3096} INFO - Sync 1 DAGs
[2025-06-11T11:22:42.549+0200] {logging_mixin.py:188} INFO - [2025-06-11T11:22:42.549+0200] {dag.py:3954} INFO - Setting next_dagrun for example_trigger_target_dag to None, run_after=None
[2025-06-11T11:22:42.574+0200] {processor.py:183} INFO - Processing /home/leoja/airflow/airflow_venv/lib/python3.12/site-packages/airflow/example_dags/example_trigger_target_dag.py took 0.055 seconds
[2025-06-11T11:23:34.454+0200] {processor.py:161} INFO - Started process (PID=311628) to work on /home/leoja/airflow/airflow_venv/lib/python3.12/site-packages/airflow/example_dags/example_trigger_target_dag.py
[2025-06-11T11:23:34.456+0200] {processor.py:830} INFO - Processing file /home/leoja/airflow/airflow_venv/lib/python3.12/site-packages/airflow/example_dags/example_trigger_target_dag.py for tasks to queue
[2025-06-11T11:23:34.458+0200] {logging_mixin.py:188} INFO - [2025-06-11T11:23:34.457+0200] {dagbag.py:540} INFO - Filling up the DagBag from /home/leoja/airflow/airflow_venv/lib/python3.12/site-packages/airflow/example_dags/example_trigger_target_dag.py
[2025-06-11T11:23:34.463+0200] {processor.py:840} INFO - DAG(s) 'example_trigger_target_dag' retrieved from /home/leoja/airflow/airflow_venv/lib/python3.12/site-packages/airflow/example_dags/example_trigger_target_dag.py
[2025-06-11T11:23:34.473+0200] {logging_mixin.py:188} INFO - [2025-06-11T11:23:34.473+0200] {dag.py:3096} INFO - Sync 1 DAGs
[2025-06-11T11:23:34.481+0200] {logging_mixin.py:188} INFO - [2025-06-11T11:23:34.481+0200] {dag.py:3954} INFO - Setting next_dagrun for example_trigger_target_dag to None, run_after=None
[2025-06-11T11:23:34.502+0200] {processor.py:183} INFO - Processing /home/leoja/airflow/airflow_venv/lib/python3.12/site-packages/airflow/example_dags/example_trigger_target_dag.py took 0.053 seconds
[2025-06-11T11:25:06.047+0200] {processor.py:161} INFO - Started process (PID=312566) to work on /home/leoja/airflow/airflow_venv/lib/python3.12/site-packages/airflow/example_dags/example_trigger_target_dag.py
[2025-06-11T11:25:06.049+0200] {processor.py:830} INFO - Processing file /home/leoja/airflow/airflow_venv/lib/python3.12/site-packages/airflow/example_dags/example_trigger_target_dag.py for tasks to queue
[2025-06-11T11:25:06.050+0200] {logging_mixin.py:188} INFO - [2025-06-11T11:25:06.050+0200] {dagbag.py:540} INFO - Filling up the DagBag from /home/leoja/airflow/airflow_venv/lib/python3.12/site-packages/airflow/example_dags/example_trigger_target_dag.py
[2025-06-11T11:25:06.056+0200] {processor.py:840} INFO - DAG(s) 'example_trigger_target_dag' retrieved from /home/leoja/airflow/airflow_venv/lib/python3.12/site-packages/airflow/example_dags/example_trigger_target_dag.py
[2025-06-11T11:25:06.068+0200] {logging_mixin.py:188} INFO - [2025-06-11T11:25:06.067+0200] {dag.py:3096} INFO - Sync 1 DAGs
[2025-06-11T11:25:06.077+0200] {logging_mixin.py:188} INFO - [2025-06-11T11:25:06.077+0200] {dag.py:3954} INFO - Setting next_dagrun for example_trigger_target_dag to None, run_after=None
[2025-06-11T11:25:06.099+0200] {processor.py:183} INFO - Processing /home/leoja/airflow/airflow_venv/lib/python3.12/site-packages/airflow/example_dags/example_trigger_target_dag.py took 0.057 seconds
[2025-06-11T11:26:00.205+0200] {processor.py:161} INFO - Started process (PID=312875) to work on /home/leoja/airflow/airflow_venv/lib/python3.12/site-packages/airflow/example_dags/example_trigger_target_dag.py
[2025-06-11T11:26:00.206+0200] {processor.py:830} INFO - Processing file /home/leoja/airflow/airflow_venv/lib/python3.12/site-packages/airflow/example_dags/example_trigger_target_dag.py for tasks to queue
[2025-06-11T11:26:00.208+0200] {logging_mixin.py:188} INFO - [2025-06-11T11:26:00.207+0200] {dagbag.py:540} INFO - Filling up the DagBag from /home/leoja/airflow/airflow_venv/lib/python3.12/site-packages/airflow/example_dags/example_trigger_target_dag.py
[2025-06-11T11:26:00.212+0200] {processor.py:840} INFO - DAG(s) 'example_trigger_target_dag' retrieved from /home/leoja/airflow/airflow_venv/lib/python3.12/site-packages/airflow/example_dags/example_trigger_target_dag.py
[2025-06-11T11:26:00.222+0200] {logging_mixin.py:188} INFO - [2025-06-11T11:26:00.222+0200] {dag.py:3096} INFO - Sync 1 DAGs
[2025-06-11T11:26:00.230+0200] {logging_mixin.py:188} INFO - [2025-06-11T11:26:00.230+0200] {dag.py:3954} INFO - Setting next_dagrun for example_trigger_target_dag to None, run_after=None
[2025-06-11T11:26:00.252+0200] {processor.py:183} INFO - Processing /home/leoja/airflow/airflow_venv/lib/python3.12/site-packages/airflow/example_dags/example_trigger_target_dag.py took 0.052 seconds
[2025-06-11T11:27:01.161+0200] {processor.py:161} INFO - Started process (PID=313216) to work on /home/leoja/airflow/airflow_venv/lib/python3.12/site-packages/airflow/example_dags/example_trigger_target_dag.py
[2025-06-11T11:27:01.163+0200] {processor.py:830} INFO - Processing file /home/leoja/airflow/airflow_venv/lib/python3.12/site-packages/airflow/example_dags/example_trigger_target_dag.py for tasks to queue
[2025-06-11T11:27:01.164+0200] {logging_mixin.py:188} INFO - [2025-06-11T11:27:01.164+0200] {dagbag.py:540} INFO - Filling up the DagBag from /home/leoja/airflow/airflow_venv/lib/python3.12/site-packages/airflow/example_dags/example_trigger_target_dag.py
[2025-06-11T11:27:01.169+0200] {processor.py:840} INFO - DAG(s) 'example_trigger_target_dag' retrieved from /home/leoja/airflow/airflow_venv/lib/python3.12/site-packages/airflow/example_dags/example_trigger_target_dag.py
[2025-06-11T11:27:01.184+0200] {logging_mixin.py:188} INFO - [2025-06-11T11:27:01.184+0200] {dag.py:3096} INFO - Sync 1 DAGs
[2025-06-11T11:27:01.199+0200] {logging_mixin.py:188} INFO - [2025-06-11T11:27:01.198+0200] {dag.py:3954} INFO - Setting next_dagrun for example_trigger_target_dag to None, run_after=None
[2025-06-11T11:27:01.219+0200] {processor.py:183} INFO - Processing /home/leoja/airflow/airflow_venv/lib/python3.12/site-packages/airflow/example_dags/example_trigger_target_dag.py took 0.062 seconds
[2025-06-11T11:28:09.238+0200] {processor.py:161} INFO - Started process (PID=313623) to work on /home/leoja/airflow/airflow_venv/lib/python3.12/site-packages/airflow/example_dags/example_trigger_target_dag.py
[2025-06-11T11:28:09.239+0200] {processor.py:830} INFO - Processing file /home/leoja/airflow/airflow_venv/lib/python3.12/site-packages/airflow/example_dags/example_trigger_target_dag.py for tasks to queue
[2025-06-11T11:28:09.243+0200] {logging_mixin.py:188} INFO - [2025-06-11T11:28:09.242+0200] {dagbag.py:540} INFO - Filling up the DagBag from /home/leoja/airflow/airflow_venv/lib/python3.12/site-packages/airflow/example_dags/example_trigger_target_dag.py
[2025-06-11T11:28:09.248+0200] {processor.py:840} INFO - DAG(s) 'example_trigger_target_dag' retrieved from /home/leoja/airflow/airflow_venv/lib/python3.12/site-packages/airflow/example_dags/example_trigger_target_dag.py
[2025-06-11T11:28:09.261+0200] {logging_mixin.py:188} INFO - [2025-06-11T11:28:09.261+0200] {dag.py:3096} INFO - Sync 1 DAGs
[2025-06-11T11:28:09.274+0200] {logging_mixin.py:188} INFO - [2025-06-11T11:28:09.274+0200] {dag.py:3954} INFO - Setting next_dagrun for example_trigger_target_dag to None, run_after=None
[2025-06-11T11:28:09.300+0200] {processor.py:183} INFO - Processing /home/leoja/airflow/airflow_venv/lib/python3.12/site-packages/airflow/example_dags/example_trigger_target_dag.py took 0.070 seconds
[2025-06-11T11:28:59.528+0200] {processor.py:161} INFO - Started process (PID=313898) to work on /home/leoja/airflow/airflow_venv/lib/python3.12/site-packages/airflow/example_dags/example_trigger_target_dag.py
[2025-06-11T11:28:59.532+0200] {processor.py:830} INFO - Processing file /home/leoja/airflow/airflow_venv/lib/python3.12/site-packages/airflow/example_dags/example_trigger_target_dag.py for tasks to queue
[2025-06-11T11:28:59.534+0200] {logging_mixin.py:188} INFO - [2025-06-11T11:28:59.533+0200] {dagbag.py:540} INFO - Filling up the DagBag from /home/leoja/airflow/airflow_venv/lib/python3.12/site-packages/airflow/example_dags/example_trigger_target_dag.py
[2025-06-11T11:28:59.544+0200] {processor.py:840} INFO - DAG(s) 'example_trigger_target_dag' retrieved from /home/leoja/airflow/airflow_venv/lib/python3.12/site-packages/airflow/example_dags/example_trigger_target_dag.py
[2025-06-11T11:28:59.565+0200] {logging_mixin.py:188} INFO - [2025-06-11T11:28:59.564+0200] {dag.py:3096} INFO - Sync 1 DAGs
[2025-06-11T11:28:59.578+0200] {logging_mixin.py:188} INFO - [2025-06-11T11:28:59.577+0200] {dag.py:3954} INFO - Setting next_dagrun for example_trigger_target_dag to None, run_after=None
[2025-06-11T11:28:59.606+0200] {processor.py:183} INFO - Processing /home/leoja/airflow/airflow_venv/lib/python3.12/site-packages/airflow/example_dags/example_trigger_target_dag.py took 0.085 seconds
[2025-06-11T11:29:46.353+0200] {processor.py:161} INFO - Started process (PID=314148) to work on /home/leoja/airflow/airflow_venv/lib/python3.12/site-packages/airflow/example_dags/example_trigger_target_dag.py
[2025-06-11T11:29:46.355+0200] {processor.py:830} INFO - Processing file /home/leoja/airflow/airflow_venv/lib/python3.12/site-packages/airflow/example_dags/example_trigger_target_dag.py for tasks to queue
[2025-06-11T11:29:46.356+0200] {logging_mixin.py:188} INFO - [2025-06-11T11:29:46.356+0200] {dagbag.py:540} INFO - Filling up the DagBag from /home/leoja/airflow/airflow_venv/lib/python3.12/site-packages/airflow/example_dags/example_trigger_target_dag.py
[2025-06-11T11:29:46.363+0200] {processor.py:840} INFO - DAG(s) 'example_trigger_target_dag' retrieved from /home/leoja/airflow/airflow_venv/lib/python3.12/site-packages/airflow/example_dags/example_trigger_target_dag.py
[2025-06-11T11:29:46.380+0200] {logging_mixin.py:188} INFO - [2025-06-11T11:29:46.379+0200] {dag.py:3096} INFO - Sync 1 DAGs
[2025-06-11T11:29:46.389+0200] {logging_mixin.py:188} INFO - [2025-06-11T11:29:46.388+0200] {dag.py:3954} INFO - Setting next_dagrun for example_trigger_target_dag to None, run_after=None
[2025-06-11T11:29:46.412+0200] {processor.py:183} INFO - Processing /home/leoja/airflow/airflow_venv/lib/python3.12/site-packages/airflow/example_dags/example_trigger_target_dag.py took 0.065 seconds
[2025-06-11T11:30:57.827+0200] {processor.py:161} INFO - Started process (PID=314552) to work on /home/leoja/airflow/airflow_venv/lib/python3.12/site-packages/airflow/example_dags/example_trigger_target_dag.py
[2025-06-11T11:30:57.828+0200] {processor.py:830} INFO - Processing file /home/leoja/airflow/airflow_venv/lib/python3.12/site-packages/airflow/example_dags/example_trigger_target_dag.py for tasks to queue
[2025-06-11T11:30:57.830+0200] {logging_mixin.py:188} INFO - [2025-06-11T11:30:57.829+0200] {dagbag.py:540} INFO - Filling up the DagBag from /home/leoja/airflow/airflow_venv/lib/python3.12/site-packages/airflow/example_dags/example_trigger_target_dag.py
[2025-06-11T11:30:57.834+0200] {processor.py:840} INFO - DAG(s) 'example_trigger_target_dag' retrieved from /home/leoja/airflow/airflow_venv/lib/python3.12/site-packages/airflow/example_dags/example_trigger_target_dag.py
[2025-06-11T11:30:57.848+0200] {logging_mixin.py:188} INFO - [2025-06-11T11:30:57.848+0200] {dag.py:3096} INFO - Sync 1 DAGs
[2025-06-11T11:30:57.856+0200] {logging_mixin.py:188} INFO - [2025-06-11T11:30:57.856+0200] {dag.py:3954} INFO - Setting next_dagrun for example_trigger_target_dag to None, run_after=None
[2025-06-11T11:30:57.889+0200] {processor.py:183} INFO - Processing /home/leoja/airflow/airflow_venv/lib/python3.12/site-packages/airflow/example_dags/example_trigger_target_dag.py took 0.068 seconds
[2025-06-11T11:31:45.995+0200] {processor.py:161} INFO - Started process (PID=314827) to work on /home/leoja/airflow/airflow_venv/lib/python3.12/site-packages/airflow/example_dags/example_trigger_target_dag.py
[2025-06-11T11:31:46.001+0200] {processor.py:830} INFO - Processing file /home/leoja/airflow/airflow_venv/lib/python3.12/site-packages/airflow/example_dags/example_trigger_target_dag.py for tasks to queue
[2025-06-11T11:31:46.002+0200] {logging_mixin.py:188} INFO - [2025-06-11T11:31:46.002+0200] {dagbag.py:540} INFO - Filling up the DagBag from /home/leoja/airflow/airflow_venv/lib/python3.12/site-packages/airflow/example_dags/example_trigger_target_dag.py
[2025-06-11T11:31:46.008+0200] {processor.py:840} INFO - DAG(s) 'example_trigger_target_dag' retrieved from /home/leoja/airflow/airflow_venv/lib/python3.12/site-packages/airflow/example_dags/example_trigger_target_dag.py
[2025-06-11T11:31:46.018+0200] {logging_mixin.py:188} INFO - [2025-06-11T11:31:46.018+0200] {dag.py:3096} INFO - Sync 1 DAGs
[2025-06-11T11:31:46.025+0200] {logging_mixin.py:188} INFO - [2025-06-11T11:31:46.025+0200] {dag.py:3954} INFO - Setting next_dagrun for example_trigger_target_dag to None, run_after=None
[2025-06-11T11:31:46.055+0200] {processor.py:183} INFO - Processing /home/leoja/airflow/airflow_venv/lib/python3.12/site-packages/airflow/example_dags/example_trigger_target_dag.py took 0.065 seconds
[2025-06-11T11:32:44.420+0200] {processor.py:161} INFO - Started process (PID=315153) to work on /home/leoja/airflow/airflow_venv/lib/python3.12/site-packages/airflow/example_dags/example_trigger_target_dag.py
[2025-06-11T11:32:44.424+0200] {processor.py:830} INFO - Processing file /home/leoja/airflow/airflow_venv/lib/python3.12/site-packages/airflow/example_dags/example_trigger_target_dag.py for tasks to queue
[2025-06-11T11:32:44.426+0200] {logging_mixin.py:188} INFO - [2025-06-11T11:32:44.425+0200] {dagbag.py:540} INFO - Filling up the DagBag from /home/leoja/airflow/airflow_venv/lib/python3.12/site-packages/airflow/example_dags/example_trigger_target_dag.py
[2025-06-11T11:32:44.431+0200] {processor.py:840} INFO - DAG(s) 'example_trigger_target_dag' retrieved from /home/leoja/airflow/airflow_venv/lib/python3.12/site-packages/airflow/example_dags/example_trigger_target_dag.py
[2025-06-11T11:32:44.442+0200] {logging_mixin.py:188} INFO - [2025-06-11T11:32:44.442+0200] {dag.py:3096} INFO - Sync 1 DAGs
[2025-06-11T11:32:44.451+0200] {logging_mixin.py:188} INFO - [2025-06-11T11:32:44.450+0200] {dag.py:3954} INFO - Setting next_dagrun for example_trigger_target_dag to None, run_after=None
[2025-06-11T11:32:44.475+0200] {processor.py:183} INFO - Processing /home/leoja/airflow/airflow_venv/lib/python3.12/site-packages/airflow/example_dags/example_trigger_target_dag.py took 0.060 seconds
[2025-06-11T11:33:35.728+0200] {processor.py:161} INFO - Started process (PID=315430) to work on /home/leoja/airflow/airflow_venv/lib/python3.12/site-packages/airflow/example_dags/example_trigger_target_dag.py
[2025-06-11T11:33:35.730+0200] {processor.py:830} INFO - Processing file /home/leoja/airflow/airflow_venv/lib/python3.12/site-packages/airflow/example_dags/example_trigger_target_dag.py for tasks to queue
[2025-06-11T11:33:35.732+0200] {logging_mixin.py:188} INFO - [2025-06-11T11:33:35.731+0200] {dagbag.py:540} INFO - Filling up the DagBag from /home/leoja/airflow/airflow_venv/lib/python3.12/site-packages/airflow/example_dags/example_trigger_target_dag.py
[2025-06-11T11:33:35.738+0200] {processor.py:840} INFO - DAG(s) 'example_trigger_target_dag' retrieved from /home/leoja/airflow/airflow_venv/lib/python3.12/site-packages/airflow/example_dags/example_trigger_target_dag.py
[2025-06-11T11:33:35.753+0200] {logging_mixin.py:188} INFO - [2025-06-11T11:33:35.752+0200] {dag.py:3096} INFO - Sync 1 DAGs
[2025-06-11T11:33:35.761+0200] {logging_mixin.py:188} INFO - [2025-06-11T11:33:35.760+0200] {dag.py:3954} INFO - Setting next_dagrun for example_trigger_target_dag to None, run_after=None
[2025-06-11T11:33:35.783+0200] {processor.py:183} INFO - Processing /home/leoja/airflow/airflow_venv/lib/python3.12/site-packages/airflow/example_dags/example_trigger_target_dag.py took 0.061 seconds
[2025-06-11T11:34:38.681+0200] {processor.py:161} INFO - Started process (PID=315814) to work on /home/leoja/airflow/airflow_venv/lib/python3.12/site-packages/airflow/example_dags/example_trigger_target_dag.py
[2025-06-11T11:34:38.683+0200] {processor.py:830} INFO - Processing file /home/leoja/airflow/airflow_venv/lib/python3.12/site-packages/airflow/example_dags/example_trigger_target_dag.py for tasks to queue
[2025-06-11T11:34:38.684+0200] {logging_mixin.py:188} INFO - [2025-06-11T11:34:38.684+0200] {dagbag.py:540} INFO - Filling up the DagBag from /home/leoja/airflow/airflow_venv/lib/python3.12/site-packages/airflow/example_dags/example_trigger_target_dag.py
[2025-06-11T11:34:38.689+0200] {processor.py:840} INFO - DAG(s) 'example_trigger_target_dag' retrieved from /home/leoja/airflow/airflow_venv/lib/python3.12/site-packages/airflow/example_dags/example_trigger_target_dag.py
[2025-06-11T11:34:38.700+0200] {logging_mixin.py:188} INFO - [2025-06-11T11:34:38.700+0200] {dag.py:3096} INFO - Sync 1 DAGs
[2025-06-11T11:34:38.709+0200] {logging_mixin.py:188} INFO - [2025-06-11T11:34:38.709+0200] {dag.py:3954} INFO - Setting next_dagrun for example_trigger_target_dag to None, run_after=None
[2025-06-11T11:34:38.731+0200] {processor.py:183} INFO - Processing /home/leoja/airflow/airflow_venv/lib/python3.12/site-packages/airflow/example_dags/example_trigger_target_dag.py took 0.055 seconds
[2025-06-11T11:35:44.371+0200] {processor.py:161} INFO - Started process (PID=316181) to work on /home/leoja/airflow/airflow_venv/lib/python3.12/site-packages/airflow/example_dags/example_trigger_target_dag.py
[2025-06-11T11:35:44.372+0200] {processor.py:830} INFO - Processing file /home/leoja/airflow/airflow_venv/lib/python3.12/site-packages/airflow/example_dags/example_trigger_target_dag.py for tasks to queue
[2025-06-11T11:35:44.374+0200] {logging_mixin.py:188} INFO - [2025-06-11T11:35:44.373+0200] {dagbag.py:540} INFO - Filling up the DagBag from /home/leoja/airflow/airflow_venv/lib/python3.12/site-packages/airflow/example_dags/example_trigger_target_dag.py
[2025-06-11T11:35:44.380+0200] {processor.py:840} INFO - DAG(s) 'example_trigger_target_dag' retrieved from /home/leoja/airflow/airflow_venv/lib/python3.12/site-packages/airflow/example_dags/example_trigger_target_dag.py
[2025-06-11T11:35:44.391+0200] {logging_mixin.py:188} INFO - [2025-06-11T11:35:44.391+0200] {dag.py:3096} INFO - Sync 1 DAGs
[2025-06-11T11:35:44.400+0200] {logging_mixin.py:188} INFO - [2025-06-11T11:35:44.400+0200] {dag.py:3954} INFO - Setting next_dagrun for example_trigger_target_dag to None, run_after=None
[2025-06-11T11:35:44.421+0200] {processor.py:183} INFO - Processing /home/leoja/airflow/airflow_venv/lib/python3.12/site-packages/airflow/example_dags/example_trigger_target_dag.py took 0.055 seconds
[2025-06-11T11:36:35.541+0200] {processor.py:161} INFO - Started process (PID=316448) to work on /home/leoja/airflow/airflow_venv/lib/python3.12/site-packages/airflow/example_dags/example_trigger_target_dag.py
[2025-06-11T11:36:35.543+0200] {processor.py:830} INFO - Processing file /home/leoja/airflow/airflow_venv/lib/python3.12/site-packages/airflow/example_dags/example_trigger_target_dag.py for tasks to queue
[2025-06-11T11:36:35.544+0200] {logging_mixin.py:188} INFO - [2025-06-11T11:36:35.544+0200] {dagbag.py:540} INFO - Filling up the DagBag from /home/leoja/airflow/airflow_venv/lib/python3.12/site-packages/airflow/example_dags/example_trigger_target_dag.py
[2025-06-11T11:36:35.549+0200] {processor.py:840} INFO - DAG(s) 'example_trigger_target_dag' retrieved from /home/leoja/airflow/airflow_venv/lib/python3.12/site-packages/airflow/example_dags/example_trigger_target_dag.py
[2025-06-11T11:36:35.562+0200] {logging_mixin.py:188} INFO - [2025-06-11T11:36:35.562+0200] {dag.py:3096} INFO - Sync 1 DAGs
[2025-06-11T11:36:35.571+0200] {logging_mixin.py:188} INFO - [2025-06-11T11:36:35.570+0200] {dag.py:3954} INFO - Setting next_dagrun for example_trigger_target_dag to None, run_after=None
[2025-06-11T11:36:35.833+0200] {processor.py:183} INFO - Processing /home/leoja/airflow/airflow_venv/lib/python3.12/site-packages/airflow/example_dags/example_trigger_target_dag.py took 0.297 seconds
[2025-06-11T11:37:24.591+0200] {processor.py:161} INFO - Started process (PID=316753) to work on /home/leoja/airflow/airflow_venv/lib/python3.12/site-packages/airflow/example_dags/example_trigger_target_dag.py
[2025-06-11T11:37:24.592+0200] {processor.py:830} INFO - Processing file /home/leoja/airflow/airflow_venv/lib/python3.12/site-packages/airflow/example_dags/example_trigger_target_dag.py for tasks to queue
[2025-06-11T11:37:24.594+0200] {logging_mixin.py:188} INFO - [2025-06-11T11:37:24.593+0200] {dagbag.py:540} INFO - Filling up the DagBag from /home/leoja/airflow/airflow_venv/lib/python3.12/site-packages/airflow/example_dags/example_trigger_target_dag.py
[2025-06-11T11:37:24.599+0200] {processor.py:840} INFO - DAG(s) 'example_trigger_target_dag' retrieved from /home/leoja/airflow/airflow_venv/lib/python3.12/site-packages/airflow/example_dags/example_trigger_target_dag.py
[2025-06-11T11:37:24.610+0200] {logging_mixin.py:188} INFO - [2025-06-11T11:37:24.610+0200] {dag.py:3096} INFO - Sync 1 DAGs
[2025-06-11T11:37:24.620+0200] {logging_mixin.py:188} INFO - [2025-06-11T11:37:24.619+0200] {dag.py:3954} INFO - Setting next_dagrun for example_trigger_target_dag to None, run_after=None
[2025-06-11T11:37:24.643+0200] {processor.py:183} INFO - Processing /home/leoja/airflow/airflow_venv/lib/python3.12/site-packages/airflow/example_dags/example_trigger_target_dag.py took 0.057 seconds
[2025-06-11T11:38:33.319+0200] {processor.py:161} INFO - Started process (PID=317129) to work on /home/leoja/airflow/airflow_venv/lib/python3.12/site-packages/airflow/example_dags/example_trigger_target_dag.py
[2025-06-11T11:38:33.320+0200] {processor.py:830} INFO - Processing file /home/leoja/airflow/airflow_venv/lib/python3.12/site-packages/airflow/example_dags/example_trigger_target_dag.py for tasks to queue
[2025-06-11T11:38:33.323+0200] {logging_mixin.py:188} INFO - [2025-06-11T11:38:33.323+0200] {dagbag.py:540} INFO - Filling up the DagBag from /home/leoja/airflow/airflow_venv/lib/python3.12/site-packages/airflow/example_dags/example_trigger_target_dag.py
[2025-06-11T11:38:33.329+0200] {processor.py:840} INFO - DAG(s) 'example_trigger_target_dag' retrieved from /home/leoja/airflow/airflow_venv/lib/python3.12/site-packages/airflow/example_dags/example_trigger_target_dag.py
[2025-06-11T11:38:33.343+0200] {logging_mixin.py:188} INFO - [2025-06-11T11:38:33.342+0200] {dag.py:3096} INFO - Sync 1 DAGs
[2025-06-11T11:38:33.351+0200] {logging_mixin.py:188} INFO - [2025-06-11T11:38:33.351+0200] {dag.py:3954} INFO - Setting next_dagrun for example_trigger_target_dag to None, run_after=None
[2025-06-11T11:38:33.375+0200] {processor.py:183} INFO - Processing /home/leoja/airflow/airflow_venv/lib/python3.12/site-packages/airflow/example_dags/example_trigger_target_dag.py took 0.063 seconds
[2025-06-11T11:39:24.414+0200] {processor.py:161} INFO - Started process (PID=317404) to work on /home/leoja/airflow/airflow_venv/lib/python3.12/site-packages/airflow/example_dags/example_trigger_target_dag.py
[2025-06-11T11:39:24.452+0200] {processor.py:830} INFO - Processing file /home/leoja/airflow/airflow_venv/lib/python3.12/site-packages/airflow/example_dags/example_trigger_target_dag.py for tasks to queue
[2025-06-11T11:39:24.457+0200] {logging_mixin.py:188} INFO - [2025-06-11T11:39:24.456+0200] {dagbag.py:540} INFO - Filling up the DagBag from /home/leoja/airflow/airflow_venv/lib/python3.12/site-packages/airflow/example_dags/example_trigger_target_dag.py
[2025-06-11T11:39:24.465+0200] {processor.py:840} INFO - DAG(s) 'example_trigger_target_dag' retrieved from /home/leoja/airflow/airflow_venv/lib/python3.12/site-packages/airflow/example_dags/example_trigger_target_dag.py
[2025-06-11T11:39:24.477+0200] {logging_mixin.py:188} INFO - [2025-06-11T11:39:24.477+0200] {dag.py:3096} INFO - Sync 1 DAGs
[2025-06-11T11:39:24.486+0200] {logging_mixin.py:188} INFO - [2025-06-11T11:39:24.486+0200] {dag.py:3954} INFO - Setting next_dagrun for example_trigger_target_dag to None, run_after=None
[2025-06-11T11:39:24.509+0200] {processor.py:183} INFO - Processing /home/leoja/airflow/airflow_venv/lib/python3.12/site-packages/airflow/example_dags/example_trigger_target_dag.py took 0.099 seconds
[2025-06-11T11:40:27.849+0200] {processor.py:161} INFO - Started process (PID=317778) to work on /home/leoja/airflow/airflow_venv/lib/python3.12/site-packages/airflow/example_dags/example_trigger_target_dag.py
[2025-06-11T11:40:27.854+0200] {processor.py:830} INFO - Processing file /home/leoja/airflow/airflow_venv/lib/python3.12/site-packages/airflow/example_dags/example_trigger_target_dag.py for tasks to queue
[2025-06-11T11:40:27.856+0200] {logging_mixin.py:188} INFO - [2025-06-11T11:40:27.856+0200] {dagbag.py:540} INFO - Filling up the DagBag from /home/leoja/airflow/airflow_venv/lib/python3.12/site-packages/airflow/example_dags/example_trigger_target_dag.py
[2025-06-11T11:40:27.862+0200] {processor.py:840} INFO - DAG(s) 'example_trigger_target_dag' retrieved from /home/leoja/airflow/airflow_venv/lib/python3.12/site-packages/airflow/example_dags/example_trigger_target_dag.py
[2025-06-11T11:40:27.876+0200] {logging_mixin.py:188} INFO - [2025-06-11T11:40:27.875+0200] {dag.py:3096} INFO - Sync 1 DAGs
[2025-06-11T11:40:27.884+0200] {logging_mixin.py:188} INFO - [2025-06-11T11:40:27.884+0200] {dag.py:3954} INFO - Setting next_dagrun for example_trigger_target_dag to None, run_after=None
[2025-06-11T11:40:27.917+0200] {processor.py:183} INFO - Processing /home/leoja/airflow/airflow_venv/lib/python3.12/site-packages/airflow/example_dags/example_trigger_target_dag.py took 0.074 seconds
[2025-06-11T11:41:14.142+0200] {processor.py:161} INFO - Started process (PID=318019) to work on /home/leoja/airflow/airflow_venv/lib/python3.12/site-packages/airflow/example_dags/example_trigger_target_dag.py
[2025-06-11T11:41:14.144+0200] {processor.py:830} INFO - Processing file /home/leoja/airflow/airflow_venv/lib/python3.12/site-packages/airflow/example_dags/example_trigger_target_dag.py for tasks to queue
[2025-06-11T11:41:14.145+0200] {logging_mixin.py:188} INFO - [2025-06-11T11:41:14.145+0200] {dagbag.py:540} INFO - Filling up the DagBag from /home/leoja/airflow/airflow_venv/lib/python3.12/site-packages/airflow/example_dags/example_trigger_target_dag.py
[2025-06-11T11:41:14.153+0200] {processor.py:840} INFO - DAG(s) 'example_trigger_target_dag' retrieved from /home/leoja/airflow/airflow_venv/lib/python3.12/site-packages/airflow/example_dags/example_trigger_target_dag.py
[2025-06-11T11:41:14.173+0200] {logging_mixin.py:188} INFO - [2025-06-11T11:41:14.172+0200] {dag.py:3096} INFO - Sync 1 DAGs
[2025-06-11T11:41:14.184+0200] {logging_mixin.py:188} INFO - [2025-06-11T11:41:14.184+0200] {dag.py:3954} INFO - Setting next_dagrun for example_trigger_target_dag to None, run_after=None
[2025-06-11T11:41:14.224+0200] {processor.py:183} INFO - Processing /home/leoja/airflow/airflow_venv/lib/python3.12/site-packages/airflow/example_dags/example_trigger_target_dag.py took 0.089 seconds
[2025-06-11T11:42:09.689+0200] {processor.py:161} INFO - Started process (PID=318317) to work on /home/leoja/airflow/airflow_venv/lib/python3.12/site-packages/airflow/example_dags/example_trigger_target_dag.py
[2025-06-11T11:42:09.693+0200] {processor.py:830} INFO - Processing file /home/leoja/airflow/airflow_venv/lib/python3.12/site-packages/airflow/example_dags/example_trigger_target_dag.py for tasks to queue
[2025-06-11T11:42:09.694+0200] {logging_mixin.py:188} INFO - [2025-06-11T11:42:09.694+0200] {dagbag.py:540} INFO - Filling up the DagBag from /home/leoja/airflow/airflow_venv/lib/python3.12/site-packages/airflow/example_dags/example_trigger_target_dag.py
[2025-06-11T11:42:09.699+0200] {processor.py:840} INFO - DAG(s) 'example_trigger_target_dag' retrieved from /home/leoja/airflow/airflow_venv/lib/python3.12/site-packages/airflow/example_dags/example_trigger_target_dag.py
[2025-06-11T11:42:09.709+0200] {logging_mixin.py:188} INFO - [2025-06-11T11:42:09.709+0200] {dag.py:3096} INFO - Sync 1 DAGs
[2025-06-11T11:42:09.717+0200] {logging_mixin.py:188} INFO - [2025-06-11T11:42:09.717+0200] {dag.py:3954} INFO - Setting next_dagrun for example_trigger_target_dag to None, run_after=None
[2025-06-11T11:42:09.758+0200] {processor.py:183} INFO - Processing /home/leoja/airflow/airflow_venv/lib/python3.12/site-packages/airflow/example_dags/example_trigger_target_dag.py took 0.074 seconds
[2025-06-11T11:43:04.740+0200] {processor.py:161} INFO - Started process (PID=318621) to work on /home/leoja/airflow/airflow_venv/lib/python3.12/site-packages/airflow/example_dags/example_trigger_target_dag.py
[2025-06-11T11:43:04.767+0200] {processor.py:830} INFO - Processing file /home/leoja/airflow/airflow_venv/lib/python3.12/site-packages/airflow/example_dags/example_trigger_target_dag.py for tasks to queue
[2025-06-11T11:43:04.770+0200] {logging_mixin.py:188} INFO - [2025-06-11T11:43:04.769+0200] {dagbag.py:540} INFO - Filling up the DagBag from /home/leoja/airflow/airflow_venv/lib/python3.12/site-packages/airflow/example_dags/example_trigger_target_dag.py
[2025-06-11T11:43:04.775+0200] {processor.py:840} INFO - DAG(s) 'example_trigger_target_dag' retrieved from /home/leoja/airflow/airflow_venv/lib/python3.12/site-packages/airflow/example_dags/example_trigger_target_dag.py
[2025-06-11T11:43:04.795+0200] {logging_mixin.py:188} INFO - [2025-06-11T11:43:04.794+0200] {dag.py:3096} INFO - Sync 1 DAGs
[2025-06-11T11:43:04.811+0200] {logging_mixin.py:188} INFO - [2025-06-11T11:43:04.810+0200] {dag.py:3954} INFO - Setting next_dagrun for example_trigger_target_dag to None, run_after=None
[2025-06-11T11:43:05.011+0200] {processor.py:183} INFO - Processing /home/leoja/airflow/airflow_venv/lib/python3.12/site-packages/airflow/example_dags/example_trigger_target_dag.py took 0.279 seconds
[2025-06-11T11:44:04.000+0200] {processor.py:161} INFO - Started process (PID=318929) to work on /home/leoja/airflow/airflow_venv/lib/python3.12/site-packages/airflow/example_dags/example_trigger_target_dag.py
[2025-06-11T11:44:04.002+0200] {processor.py:830} INFO - Processing file /home/leoja/airflow/airflow_venv/lib/python3.12/site-packages/airflow/example_dags/example_trigger_target_dag.py for tasks to queue
[2025-06-11T11:44:04.003+0200] {logging_mixin.py:188} INFO - [2025-06-11T11:44:04.003+0200] {dagbag.py:540} INFO - Filling up the DagBag from /home/leoja/airflow/airflow_venv/lib/python3.12/site-packages/airflow/example_dags/example_trigger_target_dag.py
[2025-06-11T11:44:04.008+0200] {processor.py:840} INFO - DAG(s) 'example_trigger_target_dag' retrieved from /home/leoja/airflow/airflow_venv/lib/python3.12/site-packages/airflow/example_dags/example_trigger_target_dag.py
[2025-06-11T11:44:04.021+0200] {logging_mixin.py:188} INFO - [2025-06-11T11:44:04.020+0200] {dag.py:3096} INFO - Sync 1 DAGs
[2025-06-11T11:44:04.028+0200] {logging_mixin.py:188} INFO - [2025-06-11T11:44:04.028+0200] {dag.py:3954} INFO - Setting next_dagrun for example_trigger_target_dag to None, run_after=None
[2025-06-11T11:44:05.189+0200] {processor.py:183} INFO - Processing /home/leoja/airflow/airflow_venv/lib/python3.12/site-packages/airflow/example_dags/example_trigger_target_dag.py took 1.194 seconds
