[2025-06-11T11:21:39.186+0200] {processor.py:161} INFO - Started process (PID=309569) to work on /home/leoja/airflow/airflow_venv/lib/python3.12/site-packages/airflow/example_dags/tutorial.py
[2025-06-11T11:21:39.187+0200] {processor.py:830} INFO - Processing file /home/leoja/airflow/airflow_venv/lib/python3.12/site-packages/airflow/example_dags/tutorial.py for tasks to queue
[2025-06-11T11:21:39.189+0200] {logging_mixin.py:188} INFO - [2025-06-11T11:21:39.189+0200] {dagbag.py:540} INFO - Filling up the DagBag from /home/leoja/airflow/airflow_venv/lib/python3.12/site-packages/airflow/example_dags/tutorial.py
[2025-06-11T11:21:39.195+0200] {processor.py:840} INFO - DAG(s) 'tutorial' retrieved from /home/leoja/airflow/airflow_venv/lib/python3.12/site-packages/airflow/example_dags/tutorial.py
[2025-06-11T11:21:39.206+0200] {logging_mixin.py:188} INFO - [2025-06-11T11:21:39.206+0200] {dag.py:3096} INFO - Sync 1 DAGs
[2025-06-11T11:21:39.219+0200] {logging_mixin.py:188} INFO - [2025-06-11T11:21:39.219+0200] {dag.py:3954} INFO - Setting next_dagrun for tutorial to 2025-06-10 00:00:00+00:00, run_after=2025-06-11 00:00:00+00:00
[2025-06-11T11:21:39.251+0200] {processor.py:183} INFO - Processing /home/leoja/airflow/airflow_venv/lib/python3.12/site-packages/airflow/example_dags/tutorial.py took 0.076 seconds
[2025-06-11T11:22:34.942+0200] {processor.py:161} INFO - Started process (PID=311289) to work on /home/leoja/airflow/airflow_venv/lib/python3.12/site-packages/airflow/example_dags/tutorial.py
[2025-06-11T11:22:34.944+0200] {processor.py:830} INFO - Processing file /home/leoja/airflow/airflow_venv/lib/python3.12/site-packages/airflow/example_dags/tutorial.py for tasks to queue
[2025-06-11T11:22:34.945+0200] {logging_mixin.py:188} INFO - [2025-06-11T11:22:34.945+0200] {dagbag.py:540} INFO - Filling up the DagBag from /home/leoja/airflow/airflow_venv/lib/python3.12/site-packages/airflow/example_dags/tutorial.py
[2025-06-11T11:22:34.951+0200] {processor.py:840} INFO - DAG(s) 'tutorial' retrieved from /home/leoja/airflow/airflow_venv/lib/python3.12/site-packages/airflow/example_dags/tutorial.py
[2025-06-11T11:22:34.968+0200] {logging_mixin.py:188} INFO - [2025-06-11T11:22:34.968+0200] {dag.py:3096} INFO - Sync 1 DAGs
[2025-06-11T11:22:34.992+0200] {logging_mixin.py:188} INFO - [2025-06-11T11:22:34.991+0200] {dag.py:3954} INFO - Setting next_dagrun for tutorial to 2025-06-10 00:00:00+00:00, run_after=2025-06-11 00:00:00+00:00
[2025-06-11T11:22:35.026+0200] {processor.py:183} INFO - Processing /home/leoja/airflow/airflow_venv/lib/python3.12/site-packages/airflow/example_dags/tutorial.py took 0.092 seconds
[2025-06-11T11:23:26.402+0200] {processor.py:161} INFO - Started process (PID=311565) to work on /home/leoja/airflow/airflow_venv/lib/python3.12/site-packages/airflow/example_dags/tutorial.py
[2025-06-11T11:23:26.404+0200] {processor.py:830} INFO - Processing file /home/leoja/airflow/airflow_venv/lib/python3.12/site-packages/airflow/example_dags/tutorial.py for tasks to queue
[2025-06-11T11:23:26.405+0200] {logging_mixin.py:188} INFO - [2025-06-11T11:23:26.405+0200] {dagbag.py:540} INFO - Filling up the DagBag from /home/leoja/airflow/airflow_venv/lib/python3.12/site-packages/airflow/example_dags/tutorial.py
[2025-06-11T11:23:26.410+0200] {processor.py:840} INFO - DAG(s) 'tutorial' retrieved from /home/leoja/airflow/airflow_venv/lib/python3.12/site-packages/airflow/example_dags/tutorial.py
[2025-06-11T11:23:26.420+0200] {logging_mixin.py:188} INFO - [2025-06-11T11:23:26.420+0200] {dag.py:3096} INFO - Sync 1 DAGs
[2025-06-11T11:23:26.435+0200] {logging_mixin.py:188} INFO - [2025-06-11T11:23:26.434+0200] {dag.py:3954} INFO - Setting next_dagrun for tutorial to 2025-06-10 00:00:00+00:00, run_after=2025-06-11 00:00:00+00:00
[2025-06-11T11:23:26.481+0200] {processor.py:183} INFO - Processing /home/leoja/airflow/airflow_venv/lib/python3.12/site-packages/airflow/example_dags/tutorial.py took 0.084 seconds
[2025-06-11T11:24:54.374+0200] {processor.py:161} INFO - Started process (PID=312490) to work on /home/leoja/airflow/airflow_venv/lib/python3.12/site-packages/airflow/example_dags/tutorial.py
[2025-06-11T11:24:54.375+0200] {processor.py:830} INFO - Processing file /home/leoja/airflow/airflow_venv/lib/python3.12/site-packages/airflow/example_dags/tutorial.py for tasks to queue
[2025-06-11T11:24:54.377+0200] {logging_mixin.py:188} INFO - [2025-06-11T11:24:54.376+0200] {dagbag.py:540} INFO - Filling up the DagBag from /home/leoja/airflow/airflow_venv/lib/python3.12/site-packages/airflow/example_dags/tutorial.py
[2025-06-11T11:24:54.382+0200] {processor.py:840} INFO - DAG(s) 'tutorial' retrieved from /home/leoja/airflow/airflow_venv/lib/python3.12/site-packages/airflow/example_dags/tutorial.py
[2025-06-11T11:24:54.395+0200] {logging_mixin.py:188} INFO - [2025-06-11T11:24:54.395+0200] {dag.py:3096} INFO - Sync 1 DAGs
[2025-06-11T11:24:54.420+0200] {logging_mixin.py:188} INFO - [2025-06-11T11:24:54.420+0200] {dag.py:3954} INFO - Setting next_dagrun for tutorial to 2025-06-10 00:00:00+00:00, run_after=2025-06-11 00:00:00+00:00
[2025-06-11T11:24:54.438+0200] {processor.py:183} INFO - Processing /home/leoja/airflow/airflow_venv/lib/python3.12/site-packages/airflow/example_dags/tutorial.py took 0.069 seconds
[2025-06-11T11:25:52.205+0200] {processor.py:161} INFO - Started process (PID=312845) to work on /home/leoja/airflow/airflow_venv/lib/python3.12/site-packages/airflow/example_dags/tutorial.py
[2025-06-11T11:25:52.207+0200] {processor.py:830} INFO - Processing file /home/leoja/airflow/airflow_venv/lib/python3.12/site-packages/airflow/example_dags/tutorial.py for tasks to queue
[2025-06-11T11:25:52.209+0200] {logging_mixin.py:188} INFO - [2025-06-11T11:25:52.208+0200] {dagbag.py:540} INFO - Filling up the DagBag from /home/leoja/airflow/airflow_venv/lib/python3.12/site-packages/airflow/example_dags/tutorial.py
[2025-06-11T11:25:52.213+0200] {processor.py:840} INFO - DAG(s) 'tutorial' retrieved from /home/leoja/airflow/airflow_venv/lib/python3.12/site-packages/airflow/example_dags/tutorial.py
[2025-06-11T11:25:52.224+0200] {logging_mixin.py:188} INFO - [2025-06-11T11:25:52.224+0200] {dag.py:3096} INFO - Sync 1 DAGs
[2025-06-11T11:25:52.240+0200] {logging_mixin.py:188} INFO - [2025-06-11T11:25:52.239+0200] {dag.py:3954} INFO - Setting next_dagrun for tutorial to 2025-06-10 00:00:00+00:00, run_after=2025-06-11 00:00:00+00:00
[2025-06-11T11:25:52.258+0200] {processor.py:183} INFO - Processing /home/leoja/airflow/airflow_venv/lib/python3.12/site-packages/airflow/example_dags/tutorial.py took 0.057 seconds
[2025-06-11T11:26:33.647+0200] {processor.py:161} INFO - Started process (PID=313059) to work on /home/leoja/airflow/airflow_venv/lib/python3.12/site-packages/airflow/example_dags/tutorial.py
[2025-06-11T11:26:33.649+0200] {processor.py:830} INFO - Processing file /home/leoja/airflow/airflow_venv/lib/python3.12/site-packages/airflow/example_dags/tutorial.py for tasks to queue
[2025-06-11T11:26:33.650+0200] {logging_mixin.py:188} INFO - [2025-06-11T11:26:33.650+0200] {dagbag.py:540} INFO - Filling up the DagBag from /home/leoja/airflow/airflow_venv/lib/python3.12/site-packages/airflow/example_dags/tutorial.py
[2025-06-11T11:26:33.654+0200] {processor.py:840} INFO - DAG(s) 'tutorial' retrieved from /home/leoja/airflow/airflow_venv/lib/python3.12/site-packages/airflow/example_dags/tutorial.py
[2025-06-11T11:26:33.666+0200] {logging_mixin.py:188} INFO - [2025-06-11T11:26:33.666+0200] {dag.py:3096} INFO - Sync 1 DAGs
[2025-06-11T11:26:33.679+0200] {logging_mixin.py:188} INFO - [2025-06-11T11:26:33.678+0200] {dag.py:3954} INFO - Setting next_dagrun for tutorial to 2025-06-10 00:00:00+00:00, run_after=2025-06-11 00:00:00+00:00
[2025-06-11T11:26:33.699+0200] {processor.py:183} INFO - Processing /home/leoja/airflow/airflow_venv/lib/python3.12/site-packages/airflow/example_dags/tutorial.py took 0.057 seconds
[2025-06-11T11:27:21.420+0200] {processor.py:161} INFO - Started process (PID=313355) to work on /home/leoja/airflow/airflow_venv/lib/python3.12/site-packages/airflow/example_dags/tutorial.py
[2025-06-11T11:27:21.422+0200] {processor.py:830} INFO - Processing file /home/leoja/airflow/airflow_venv/lib/python3.12/site-packages/airflow/example_dags/tutorial.py for tasks to queue
[2025-06-11T11:27:21.423+0200] {logging_mixin.py:188} INFO - [2025-06-11T11:27:21.423+0200] {dagbag.py:540} INFO - Filling up the DagBag from /home/leoja/airflow/airflow_venv/lib/python3.12/site-packages/airflow/example_dags/tutorial.py
[2025-06-11T11:27:21.428+0200] {processor.py:840} INFO - DAG(s) 'tutorial' retrieved from /home/leoja/airflow/airflow_venv/lib/python3.12/site-packages/airflow/example_dags/tutorial.py
[2025-06-11T11:27:21.439+0200] {logging_mixin.py:188} INFO - [2025-06-11T11:27:21.439+0200] {dag.py:3096} INFO - Sync 1 DAGs
[2025-06-11T11:27:21.453+0200] {logging_mixin.py:188} INFO - [2025-06-11T11:27:21.453+0200] {dag.py:3954} INFO - Setting next_dagrun for tutorial to 2025-06-10 00:00:00+00:00, run_after=2025-06-11 00:00:00+00:00
[2025-06-11T11:27:21.476+0200] {processor.py:183} INFO - Processing /home/leoja/airflow/airflow_venv/lib/python3.12/site-packages/airflow/example_dags/tutorial.py took 0.060 seconds
[2025-06-11T11:28:27.952+0200] {processor.py:161} INFO - Started process (PID=313699) to work on /home/leoja/airflow/airflow_venv/lib/python3.12/site-packages/airflow/example_dags/tutorial.py
[2025-06-11T11:28:27.955+0200] {processor.py:830} INFO - Processing file /home/leoja/airflow/airflow_venv/lib/python3.12/site-packages/airflow/example_dags/tutorial.py for tasks to queue
[2025-06-11T11:28:27.957+0200] {logging_mixin.py:188} INFO - [2025-06-11T11:28:27.957+0200] {dagbag.py:540} INFO - Filling up the DagBag from /home/leoja/airflow/airflow_venv/lib/python3.12/site-packages/airflow/example_dags/tutorial.py
[2025-06-11T11:28:27.964+0200] {processor.py:840} INFO - DAG(s) 'tutorial' retrieved from /home/leoja/airflow/airflow_venv/lib/python3.12/site-packages/airflow/example_dags/tutorial.py
[2025-06-11T11:28:27.979+0200] {logging_mixin.py:188} INFO - [2025-06-11T11:28:27.979+0200] {dag.py:3096} INFO - Sync 1 DAGs
[2025-06-11T11:28:27.992+0200] {logging_mixin.py:188} INFO - [2025-06-11T11:28:27.992+0200] {dag.py:3954} INFO - Setting next_dagrun for tutorial to 2025-06-10 00:00:00+00:00, run_after=2025-06-11 00:00:00+00:00
[2025-06-11T11:28:28.014+0200] {processor.py:183} INFO - Processing /home/leoja/airflow/airflow_venv/lib/python3.12/site-packages/airflow/example_dags/tutorial.py took 0.071 seconds
[2025-06-11T11:29:17.271+0200] {processor.py:161} INFO - Started process (PID=313971) to work on /home/leoja/airflow/airflow_venv/lib/python3.12/site-packages/airflow/example_dags/tutorial.py
[2025-06-11T11:29:17.273+0200] {processor.py:830} INFO - Processing file /home/leoja/airflow/airflow_venv/lib/python3.12/site-packages/airflow/example_dags/tutorial.py for tasks to queue
[2025-06-11T11:29:17.275+0200] {logging_mixin.py:188} INFO - [2025-06-11T11:29:17.274+0200] {dagbag.py:540} INFO - Filling up the DagBag from /home/leoja/airflow/airflow_venv/lib/python3.12/site-packages/airflow/example_dags/tutorial.py
[2025-06-11T11:29:17.279+0200] {processor.py:840} INFO - DAG(s) 'tutorial' retrieved from /home/leoja/airflow/airflow_venv/lib/python3.12/site-packages/airflow/example_dags/tutorial.py
[2025-06-11T11:29:17.291+0200] {logging_mixin.py:188} INFO - [2025-06-11T11:29:17.291+0200] {dag.py:3096} INFO - Sync 1 DAGs
[2025-06-11T11:29:17.305+0200] {logging_mixin.py:188} INFO - [2025-06-11T11:29:17.305+0200] {dag.py:3954} INFO - Setting next_dagrun for tutorial to 2025-06-10 00:00:00+00:00, run_after=2025-06-11 00:00:00+00:00
[2025-06-11T11:29:17.332+0200] {processor.py:183} INFO - Processing /home/leoja/airflow/airflow_venv/lib/python3.12/site-packages/airflow/example_dags/tutorial.py took 0.066 seconds
[2025-06-11T11:30:03.770+0200] {processor.py:161} INFO - Started process (PID=314244) to work on /home/leoja/airflow/airflow_venv/lib/python3.12/site-packages/airflow/example_dags/tutorial.py
[2025-06-11T11:30:03.772+0200] {processor.py:830} INFO - Processing file /home/leoja/airflow/airflow_venv/lib/python3.12/site-packages/airflow/example_dags/tutorial.py for tasks to queue
[2025-06-11T11:30:03.774+0200] {logging_mixin.py:188} INFO - [2025-06-11T11:30:03.774+0200] {dagbag.py:540} INFO - Filling up the DagBag from /home/leoja/airflow/airflow_venv/lib/python3.12/site-packages/airflow/example_dags/tutorial.py
[2025-06-11T11:30:03.778+0200] {processor.py:840} INFO - DAG(s) 'tutorial' retrieved from /home/leoja/airflow/airflow_venv/lib/python3.12/site-packages/airflow/example_dags/tutorial.py
[2025-06-11T11:30:03.789+0200] {logging_mixin.py:188} INFO - [2025-06-11T11:30:03.789+0200] {dag.py:3096} INFO - Sync 1 DAGs
[2025-06-11T11:30:03.803+0200] {logging_mixin.py:188} INFO - [2025-06-11T11:30:03.803+0200] {dag.py:3954} INFO - Setting next_dagrun for tutorial to 2025-06-10 00:00:00+00:00, run_after=2025-06-11 00:00:00+00:00
[2025-06-11T11:30:03.827+0200] {processor.py:183} INFO - Processing /home/leoja/airflow/airflow_venv/lib/python3.12/site-packages/airflow/example_dags/tutorial.py took 0.062 seconds
[2025-06-11T11:30:52.682+0200] {processor.py:161} INFO - Started process (PID=314547) to work on /home/leoja/airflow/airflow_venv/lib/python3.12/site-packages/airflow/example_dags/tutorial.py
[2025-06-11T11:30:52.689+0200] {processor.py:830} INFO - Processing file /home/leoja/airflow/airflow_venv/lib/python3.12/site-packages/airflow/example_dags/tutorial.py for tasks to queue
[2025-06-11T11:30:52.691+0200] {logging_mixin.py:188} INFO - [2025-06-11T11:30:52.690+0200] {dagbag.py:540} INFO - Filling up the DagBag from /home/leoja/airflow/airflow_venv/lib/python3.12/site-packages/airflow/example_dags/tutorial.py
[2025-06-11T11:30:52.695+0200] {processor.py:840} INFO - DAG(s) 'tutorial' retrieved from /home/leoja/airflow/airflow_venv/lib/python3.12/site-packages/airflow/example_dags/tutorial.py
[2025-06-11T11:30:52.706+0200] {logging_mixin.py:188} INFO - [2025-06-11T11:30:52.706+0200] {dag.py:3096} INFO - Sync 1 DAGs
[2025-06-11T11:30:52.719+0200] {logging_mixin.py:188} INFO - [2025-06-11T11:30:52.719+0200] {dag.py:3954} INFO - Setting next_dagrun for tutorial to 2025-06-10 00:00:00+00:00, run_after=2025-06-11 00:00:00+00:00
[2025-06-11T11:30:52.755+0200] {processor.py:183} INFO - Processing /home/leoja/airflow/airflow_venv/lib/python3.12/site-packages/airflow/example_dags/tutorial.py took 0.078 seconds
[2025-06-11T11:31:42.243+0200] {processor.py:161} INFO - Started process (PID=314822) to work on /home/leoja/airflow/airflow_venv/lib/python3.12/site-packages/airflow/example_dags/tutorial.py
[2025-06-11T11:31:42.249+0200] {processor.py:830} INFO - Processing file /home/leoja/airflow/airflow_venv/lib/python3.12/site-packages/airflow/example_dags/tutorial.py for tasks to queue
[2025-06-11T11:31:42.251+0200] {logging_mixin.py:188} INFO - [2025-06-11T11:31:42.251+0200] {dagbag.py:540} INFO - Filling up the DagBag from /home/leoja/airflow/airflow_venv/lib/python3.12/site-packages/airflow/example_dags/tutorial.py
[2025-06-11T11:31:42.257+0200] {processor.py:840} INFO - DAG(s) 'tutorial' retrieved from /home/leoja/airflow/airflow_venv/lib/python3.12/site-packages/airflow/example_dags/tutorial.py
[2025-06-11T11:31:42.267+0200] {logging_mixin.py:188} INFO - [2025-06-11T11:31:42.267+0200] {dag.py:3096} INFO - Sync 1 DAGs
[2025-06-11T11:31:42.279+0200] {logging_mixin.py:188} INFO - [2025-06-11T11:31:42.279+0200] {dag.py:3954} INFO - Setting next_dagrun for tutorial to 2025-06-10 00:00:00+00:00, run_after=2025-06-11 00:00:00+00:00
[2025-06-11T11:31:42.309+0200] {processor.py:183} INFO - Processing /home/leoja/airflow/airflow_venv/lib/python3.12/site-packages/airflow/example_dags/tutorial.py took 0.070 seconds
[2025-06-11T11:32:39.148+0200] {processor.py:161} INFO - Started process (PID=315124) to work on /home/leoja/airflow/airflow_venv/lib/python3.12/site-packages/airflow/example_dags/tutorial.py
[2025-06-11T11:32:39.150+0200] {processor.py:830} INFO - Processing file /home/leoja/airflow/airflow_venv/lib/python3.12/site-packages/airflow/example_dags/tutorial.py for tasks to queue
[2025-06-11T11:32:39.151+0200] {logging_mixin.py:188} INFO - [2025-06-11T11:32:39.151+0200] {dagbag.py:540} INFO - Filling up the DagBag from /home/leoja/airflow/airflow_venv/lib/python3.12/site-packages/airflow/example_dags/tutorial.py
[2025-06-11T11:32:39.157+0200] {processor.py:840} INFO - DAG(s) 'tutorial' retrieved from /home/leoja/airflow/airflow_venv/lib/python3.12/site-packages/airflow/example_dags/tutorial.py
[2025-06-11T11:32:39.173+0200] {logging_mixin.py:188} INFO - [2025-06-11T11:32:39.173+0200] {dag.py:3096} INFO - Sync 1 DAGs
[2025-06-11T11:32:39.191+0200] {logging_mixin.py:188} INFO - [2025-06-11T11:32:39.191+0200] {dag.py:3954} INFO - Setting next_dagrun for tutorial to 2025-06-10 00:00:00+00:00, run_after=2025-06-11 00:00:00+00:00
[2025-06-11T11:32:39.224+0200] {processor.py:183} INFO - Processing /home/leoja/airflow/airflow_venv/lib/python3.12/site-packages/airflow/example_dags/tutorial.py took 0.082 seconds
[2025-06-11T11:33:29.153+0200] {processor.py:161} INFO - Started process (PID=315400) to work on /home/leoja/airflow/airflow_venv/lib/python3.12/site-packages/airflow/example_dags/tutorial.py
[2025-06-11T11:33:29.155+0200] {processor.py:830} INFO - Processing file /home/leoja/airflow/airflow_venv/lib/python3.12/site-packages/airflow/example_dags/tutorial.py for tasks to queue
[2025-06-11T11:33:29.156+0200] {logging_mixin.py:188} INFO - [2025-06-11T11:33:29.156+0200] {dagbag.py:540} INFO - Filling up the DagBag from /home/leoja/airflow/airflow_venv/lib/python3.12/site-packages/airflow/example_dags/tutorial.py
[2025-06-11T11:33:29.162+0200] {processor.py:840} INFO - DAG(s) 'tutorial' retrieved from /home/leoja/airflow/airflow_venv/lib/python3.12/site-packages/airflow/example_dags/tutorial.py
[2025-06-11T11:33:29.175+0200] {logging_mixin.py:188} INFO - [2025-06-11T11:33:29.175+0200] {dag.py:3096} INFO - Sync 1 DAGs
[2025-06-11T11:33:29.189+0200] {logging_mixin.py:188} INFO - [2025-06-11T11:33:29.189+0200] {dag.py:3954} INFO - Setting next_dagrun for tutorial to 2025-06-10 00:00:00+00:00, run_after=2025-06-11 00:00:00+00:00
[2025-06-11T11:33:29.242+0200] {processor.py:183} INFO - Processing /home/leoja/airflow/airflow_venv/lib/python3.12/site-packages/airflow/example_dags/tutorial.py took 0.094 seconds
[2025-06-11T11:34:11.745+0200] {processor.py:161} INFO - Started process (PID=315670) to work on /home/leoja/airflow/airflow_venv/lib/python3.12/site-packages/airflow/example_dags/tutorial.py
[2025-06-11T11:34:11.746+0200] {processor.py:830} INFO - Processing file /home/leoja/airflow/airflow_venv/lib/python3.12/site-packages/airflow/example_dags/tutorial.py for tasks to queue
[2025-06-11T11:34:11.747+0200] {logging_mixin.py:188} INFO - [2025-06-11T11:34:11.747+0200] {dagbag.py:540} INFO - Filling up the DagBag from /home/leoja/airflow/airflow_venv/lib/python3.12/site-packages/airflow/example_dags/tutorial.py
[2025-06-11T11:34:11.752+0200] {processor.py:840} INFO - DAG(s) 'tutorial' retrieved from /home/leoja/airflow/airflow_venv/lib/python3.12/site-packages/airflow/example_dags/tutorial.py
[2025-06-11T11:34:11.767+0200] {logging_mixin.py:188} INFO - [2025-06-11T11:34:11.766+0200] {dag.py:3096} INFO - Sync 1 DAGs
[2025-06-11T11:34:11.783+0200] {logging_mixin.py:188} INFO - [2025-06-11T11:34:11.782+0200] {dag.py:3954} INFO - Setting next_dagrun for tutorial to 2025-06-10 00:00:00+00:00, run_after=2025-06-11 00:00:00+00:00
[2025-06-11T11:34:11.808+0200] {processor.py:183} INFO - Processing /home/leoja/airflow/airflow_venv/lib/python3.12/site-packages/airflow/example_dags/tutorial.py took 0.070 seconds
[2025-06-11T11:34:55.231+0200] {processor.py:161} INFO - Started process (PID=315905) to work on /home/leoja/airflow/airflow_venv/lib/python3.12/site-packages/airflow/example_dags/tutorial.py
[2025-06-11T11:34:55.233+0200] {processor.py:830} INFO - Processing file /home/leoja/airflow/airflow_venv/lib/python3.12/site-packages/airflow/example_dags/tutorial.py for tasks to queue
[2025-06-11T11:34:55.234+0200] {logging_mixin.py:188} INFO - [2025-06-11T11:34:55.234+0200] {dagbag.py:540} INFO - Filling up the DagBag from /home/leoja/airflow/airflow_venv/lib/python3.12/site-packages/airflow/example_dags/tutorial.py
[2025-06-11T11:34:55.240+0200] {processor.py:840} INFO - DAG(s) 'tutorial' retrieved from /home/leoja/airflow/airflow_venv/lib/python3.12/site-packages/airflow/example_dags/tutorial.py
[2025-06-11T11:34:55.254+0200] {logging_mixin.py:188} INFO - [2025-06-11T11:34:55.254+0200] {dag.py:3096} INFO - Sync 1 DAGs
[2025-06-11T11:34:55.267+0200] {logging_mixin.py:188} INFO - [2025-06-11T11:34:55.267+0200] {dag.py:3954} INFO - Setting next_dagrun for tutorial to 2025-06-10 00:00:00+00:00, run_after=2025-06-11 00:00:00+00:00
[2025-06-11T11:34:55.300+0200] {processor.py:183} INFO - Processing /home/leoja/airflow/airflow_venv/lib/python3.12/site-packages/airflow/example_dags/tutorial.py took 0.074 seconds
[2025-06-11T11:35:40.312+0200] {processor.py:161} INFO - Started process (PID=316152) to work on /home/leoja/airflow/airflow_venv/lib/python3.12/site-packages/airflow/example_dags/tutorial.py
[2025-06-11T11:35:40.333+0200] {processor.py:830} INFO - Processing file /home/leoja/airflow/airflow_venv/lib/python3.12/site-packages/airflow/example_dags/tutorial.py for tasks to queue
[2025-06-11T11:35:40.335+0200] {logging_mixin.py:188} INFO - [2025-06-11T11:35:40.334+0200] {dagbag.py:540} INFO - Filling up the DagBag from /home/leoja/airflow/airflow_venv/lib/python3.12/site-packages/airflow/example_dags/tutorial.py
[2025-06-11T11:35:40.341+0200] {processor.py:840} INFO - DAG(s) 'tutorial' retrieved from /home/leoja/airflow/airflow_venv/lib/python3.12/site-packages/airflow/example_dags/tutorial.py
[2025-06-11T11:35:40.354+0200] {logging_mixin.py:188} INFO - [2025-06-11T11:35:40.354+0200] {dag.py:3096} INFO - Sync 1 DAGs
[2025-06-11T11:35:40.371+0200] {logging_mixin.py:188} INFO - [2025-06-11T11:35:40.371+0200] {dag.py:3954} INFO - Setting next_dagrun for tutorial to 2025-06-10 00:00:00+00:00, run_after=2025-06-11 00:00:00+00:00
[2025-06-11T11:35:40.398+0200] {processor.py:183} INFO - Processing /home/leoja/airflow/airflow_venv/lib/python3.12/site-packages/airflow/example_dags/tutorial.py took 0.090 seconds
[2025-06-11T11:36:27.249+0200] {processor.py:161} INFO - Started process (PID=316419) to work on /home/leoja/airflow/airflow_venv/lib/python3.12/site-packages/airflow/example_dags/tutorial.py
[2025-06-11T11:36:27.250+0200] {processor.py:830} INFO - Processing file /home/leoja/airflow/airflow_venv/lib/python3.12/site-packages/airflow/example_dags/tutorial.py for tasks to queue
[2025-06-11T11:36:27.253+0200] {logging_mixin.py:188} INFO - [2025-06-11T11:36:27.252+0200] {dagbag.py:540} INFO - Filling up the DagBag from /home/leoja/airflow/airflow_venv/lib/python3.12/site-packages/airflow/example_dags/tutorial.py
[2025-06-11T11:36:27.262+0200] {processor.py:840} INFO - DAG(s) 'tutorial' retrieved from /home/leoja/airflow/airflow_venv/lib/python3.12/site-packages/airflow/example_dags/tutorial.py
[2025-06-11T11:36:27.281+0200] {logging_mixin.py:188} INFO - [2025-06-11T11:36:27.281+0200] {dag.py:3096} INFO - Sync 1 DAGs
[2025-06-11T11:36:27.297+0200] {logging_mixin.py:188} INFO - [2025-06-11T11:36:27.297+0200] {dag.py:3954} INFO - Setting next_dagrun for tutorial to 2025-06-10 00:00:00+00:00, run_after=2025-06-11 00:00:00+00:00
[2025-06-11T11:36:27.972+0200] {processor.py:183} INFO - Processing /home/leoja/airflow/airflow_venv/lib/python3.12/site-packages/airflow/example_dags/tutorial.py took 0.731 seconds
[2025-06-11T11:37:19.704+0200] {processor.py:161} INFO - Started process (PID=316693) to work on /home/leoja/airflow/airflow_venv/lib/python3.12/site-packages/airflow/example_dags/tutorial.py
[2025-06-11T11:37:19.705+0200] {processor.py:830} INFO - Processing file /home/leoja/airflow/airflow_venv/lib/python3.12/site-packages/airflow/example_dags/tutorial.py for tasks to queue
[2025-06-11T11:37:19.708+0200] {logging_mixin.py:188} INFO - [2025-06-11T11:37:19.707+0200] {dagbag.py:540} INFO - Filling up the DagBag from /home/leoja/airflow/airflow_venv/lib/python3.12/site-packages/airflow/example_dags/tutorial.py
[2025-06-11T11:37:19.717+0200] {processor.py:840} INFO - DAG(s) 'tutorial' retrieved from /home/leoja/airflow/airflow_venv/lib/python3.12/site-packages/airflow/example_dags/tutorial.py
[2025-06-11T11:37:19.736+0200] {logging_mixin.py:188} INFO - [2025-06-11T11:37:19.736+0200] {dag.py:3096} INFO - Sync 1 DAGs
[2025-06-11T11:37:19.757+0200] {logging_mixin.py:188} INFO - [2025-06-11T11:37:19.757+0200] {dag.py:3954} INFO - Setting next_dagrun for tutorial to 2025-06-10 00:00:00+00:00, run_after=2025-06-11 00:00:00+00:00
[2025-06-11T11:37:19.816+0200] {processor.py:183} INFO - Processing /home/leoja/airflow/airflow_venv/lib/python3.12/site-packages/airflow/example_dags/tutorial.py took 0.119 seconds
[2025-06-11T11:38:04.054+0200] {processor.py:161} INFO - Started process (PID=316955) to work on /home/leoja/airflow/airflow_venv/lib/python3.12/site-packages/airflow/example_dags/tutorial.py
[2025-06-11T11:38:04.058+0200] {processor.py:830} INFO - Processing file /home/leoja/airflow/airflow_venv/lib/python3.12/site-packages/airflow/example_dags/tutorial.py for tasks to queue
[2025-06-11T11:38:04.060+0200] {logging_mixin.py:188} INFO - [2025-06-11T11:38:04.060+0200] {dagbag.py:540} INFO - Filling up the DagBag from /home/leoja/airflow/airflow_venv/lib/python3.12/site-packages/airflow/example_dags/tutorial.py
[2025-06-11T11:38:04.066+0200] {processor.py:840} INFO - DAG(s) 'tutorial' retrieved from /home/leoja/airflow/airflow_venv/lib/python3.12/site-packages/airflow/example_dags/tutorial.py
[2025-06-11T11:38:04.083+0200] {logging_mixin.py:188} INFO - [2025-06-11T11:38:04.083+0200] {dag.py:3096} INFO - Sync 1 DAGs
[2025-06-11T11:38:04.102+0200] {logging_mixin.py:188} INFO - [2025-06-11T11:38:04.102+0200] {dag.py:3954} INFO - Setting next_dagrun for tutorial to 2025-06-10 00:00:00+00:00, run_after=2025-06-11 00:00:00+00:00
[2025-06-11T11:38:04.154+0200] {processor.py:183} INFO - Processing /home/leoja/airflow/airflow_venv/lib/python3.12/site-packages/airflow/example_dags/tutorial.py took 0.107 seconds
[2025-06-11T11:38:54.422+0200] {processor.py:161} INFO - Started process (PID=317227) to work on /home/leoja/airflow/airflow_venv/lib/python3.12/site-packages/airflow/example_dags/tutorial.py
[2025-06-11T11:38:54.424+0200] {processor.py:830} INFO - Processing file /home/leoja/airflow/airflow_venv/lib/python3.12/site-packages/airflow/example_dags/tutorial.py for tasks to queue
[2025-06-11T11:38:54.425+0200] {logging_mixin.py:188} INFO - [2025-06-11T11:38:54.425+0200] {dagbag.py:540} INFO - Filling up the DagBag from /home/leoja/airflow/airflow_venv/lib/python3.12/site-packages/airflow/example_dags/tutorial.py
[2025-06-11T11:38:54.430+0200] {processor.py:840} INFO - DAG(s) 'tutorial' retrieved from /home/leoja/airflow/airflow_venv/lib/python3.12/site-packages/airflow/example_dags/tutorial.py
[2025-06-11T11:38:54.440+0200] {logging_mixin.py:188} INFO - [2025-06-11T11:38:54.440+0200] {dag.py:3096} INFO - Sync 1 DAGs
[2025-06-11T11:38:54.452+0200] {logging_mixin.py:188} INFO - [2025-06-11T11:38:54.452+0200] {dag.py:3954} INFO - Setting next_dagrun for tutorial to 2025-06-10 00:00:00+00:00, run_after=2025-06-11 00:00:00+00:00
[2025-06-11T11:38:54.524+0200] {processor.py:183} INFO - Processing /home/leoja/airflow/airflow_venv/lib/python3.12/site-packages/airflow/example_dags/tutorial.py took 0.107 seconds
[2025-06-11T11:39:45.517+0200] {processor.py:161} INFO - Started process (PID=317533) to work on /home/leoja/airflow/airflow_venv/lib/python3.12/site-packages/airflow/example_dags/tutorial.py
[2025-06-11T11:39:45.518+0200] {processor.py:830} INFO - Processing file /home/leoja/airflow/airflow_venv/lib/python3.12/site-packages/airflow/example_dags/tutorial.py for tasks to queue
[2025-06-11T11:39:45.520+0200] {logging_mixin.py:188} INFO - [2025-06-11T11:39:45.519+0200] {dagbag.py:540} INFO - Filling up the DagBag from /home/leoja/airflow/airflow_venv/lib/python3.12/site-packages/airflow/example_dags/tutorial.py
[2025-06-11T11:39:45.525+0200] {processor.py:840} INFO - DAG(s) 'tutorial' retrieved from /home/leoja/airflow/airflow_venv/lib/python3.12/site-packages/airflow/example_dags/tutorial.py
[2025-06-11T11:39:45.537+0200] {logging_mixin.py:188} INFO - [2025-06-11T11:39:45.537+0200] {dag.py:3096} INFO - Sync 1 DAGs
[2025-06-11T11:39:45.551+0200] {logging_mixin.py:188} INFO - [2025-06-11T11:39:45.551+0200] {dag.py:3954} INFO - Setting next_dagrun for tutorial to 2025-06-10 00:00:00+00:00, run_after=2025-06-11 00:00:00+00:00
[2025-06-11T11:39:45.580+0200] {processor.py:183} INFO - Processing /home/leoja/airflow/airflow_venv/lib/python3.12/site-packages/airflow/example_dags/tutorial.py took 0.068 seconds
[2025-06-11T11:40:50.758+0200] {processor.py:161} INFO - Started process (PID=317889) to work on /home/leoja/airflow/airflow_venv/lib/python3.12/site-packages/airflow/example_dags/tutorial.py
[2025-06-11T11:40:50.760+0200] {processor.py:830} INFO - Processing file /home/leoja/airflow/airflow_venv/lib/python3.12/site-packages/airflow/example_dags/tutorial.py for tasks to queue
[2025-06-11T11:40:50.761+0200] {logging_mixin.py:188} INFO - [2025-06-11T11:40:50.761+0200] {dagbag.py:540} INFO - Filling up the DagBag from /home/leoja/airflow/airflow_venv/lib/python3.12/site-packages/airflow/example_dags/tutorial.py
[2025-06-11T11:40:50.766+0200] {processor.py:840} INFO - DAG(s) 'tutorial' retrieved from /home/leoja/airflow/airflow_venv/lib/python3.12/site-packages/airflow/example_dags/tutorial.py
[2025-06-11T11:40:50.776+0200] {logging_mixin.py:188} INFO - [2025-06-11T11:40:50.776+0200] {dag.py:3096} INFO - Sync 1 DAGs
[2025-06-11T11:40:50.788+0200] {logging_mixin.py:188} INFO - [2025-06-11T11:40:50.788+0200] {dag.py:3954} INFO - Setting next_dagrun for tutorial to 2025-06-10 00:00:00+00:00, run_after=2025-06-11 00:00:00+00:00
[2025-06-11T11:40:50.811+0200] {processor.py:183} INFO - Processing /home/leoja/airflow/airflow_venv/lib/python3.12/site-packages/airflow/example_dags/tutorial.py took 0.057 seconds
[2025-06-11T11:41:42.959+0200] {processor.py:161} INFO - Started process (PID=318190) to work on /home/leoja/airflow/airflow_venv/lib/python3.12/site-packages/airflow/example_dags/tutorial.py
[2025-06-11T11:41:42.961+0200] {processor.py:830} INFO - Processing file /home/leoja/airflow/airflow_venv/lib/python3.12/site-packages/airflow/example_dags/tutorial.py for tasks to queue
[2025-06-11T11:41:42.962+0200] {logging_mixin.py:188} INFO - [2025-06-11T11:41:42.962+0200] {dagbag.py:540} INFO - Filling up the DagBag from /home/leoja/airflow/airflow_venv/lib/python3.12/site-packages/airflow/example_dags/tutorial.py
[2025-06-11T11:41:42.967+0200] {processor.py:840} INFO - DAG(s) 'tutorial' retrieved from /home/leoja/airflow/airflow_venv/lib/python3.12/site-packages/airflow/example_dags/tutorial.py
[2025-06-11T11:41:42.979+0200] {logging_mixin.py:188} INFO - [2025-06-11T11:41:42.979+0200] {dag.py:3096} INFO - Sync 1 DAGs
[2025-06-11T11:41:42.992+0200] {logging_mixin.py:188} INFO - [2025-06-11T11:41:42.992+0200] {dag.py:3954} INFO - Setting next_dagrun for tutorial to 2025-06-10 00:00:00+00:00, run_after=2025-06-11 00:00:00+00:00
[2025-06-11T11:41:43.025+0200] {processor.py:183} INFO - Processing /home/leoja/airflow/airflow_venv/lib/python3.12/site-packages/airflow/example_dags/tutorial.py took 0.070 seconds
[2025-06-11T11:42:37.779+0200] {processor.py:161} INFO - Started process (PID=318487) to work on /home/leoja/airflow/airflow_venv/lib/python3.12/site-packages/airflow/example_dags/tutorial.py
[2025-06-11T11:42:37.787+0200] {processor.py:830} INFO - Processing file /home/leoja/airflow/airflow_venv/lib/python3.12/site-packages/airflow/example_dags/tutorial.py for tasks to queue
[2025-06-11T11:42:37.788+0200] {logging_mixin.py:188} INFO - [2025-06-11T11:42:37.788+0200] {dagbag.py:540} INFO - Filling up the DagBag from /home/leoja/airflow/airflow_venv/lib/python3.12/site-packages/airflow/example_dags/tutorial.py
[2025-06-11T11:42:37.793+0200] {processor.py:840} INFO - DAG(s) 'tutorial' retrieved from /home/leoja/airflow/airflow_venv/lib/python3.12/site-packages/airflow/example_dags/tutorial.py
[2025-06-11T11:42:37.806+0200] {logging_mixin.py:188} INFO - [2025-06-11T11:42:37.805+0200] {dag.py:3096} INFO - Sync 1 DAGs
[2025-06-11T11:42:37.819+0200] {logging_mixin.py:188} INFO - [2025-06-11T11:42:37.819+0200] {dag.py:3954} INFO - Setting next_dagrun for tutorial to 2025-06-10 00:00:00+00:00, run_after=2025-06-11 00:00:00+00:00
[2025-06-11T11:42:37.848+0200] {processor.py:183} INFO - Processing /home/leoja/airflow/airflow_venv/lib/python3.12/site-packages/airflow/example_dags/tutorial.py took 0.073 seconds
[2025-06-11T11:43:30.748+0200] {processor.py:161} INFO - Started process (PID=318793) to work on /home/leoja/airflow/airflow_venv/lib/python3.12/site-packages/airflow/example_dags/tutorial.py
[2025-06-11T11:43:30.818+0200] {processor.py:830} INFO - Processing file /home/leoja/airflow/airflow_venv/lib/python3.12/site-packages/airflow/example_dags/tutorial.py for tasks to queue
[2025-06-11T11:43:30.820+0200] {logging_mixin.py:188} INFO - [2025-06-11T11:43:30.820+0200] {dagbag.py:540} INFO - Filling up the DagBag from /home/leoja/airflow/airflow_venv/lib/python3.12/site-packages/airflow/example_dags/tutorial.py
[2025-06-11T11:43:30.826+0200] {processor.py:840} INFO - DAG(s) 'tutorial' retrieved from /home/leoja/airflow/airflow_venv/lib/python3.12/site-packages/airflow/example_dags/tutorial.py
[2025-06-11T11:43:30.847+0200] {logging_mixin.py:188} INFO - [2025-06-11T11:43:30.847+0200] {dag.py:3096} INFO - Sync 1 DAGs
[2025-06-11T11:43:30.869+0200] {logging_mixin.py:188} INFO - [2025-06-11T11:43:30.869+0200] {dag.py:3954} INFO - Setting next_dagrun for tutorial to 2025-06-10 00:00:00+00:00, run_after=2025-06-11 00:00:00+00:00
[2025-06-11T11:43:30.998+0200] {processor.py:183} INFO - Processing /home/leoja/airflow/airflow_venv/lib/python3.12/site-packages/airflow/example_dags/tutorial.py took 0.256 seconds
