[2025-06-11T11:21:41.493+0200] {processor.py:161} INFO - Started process (PID=309571) to work on /home/leoja/airflow/airflow_venv/lib/python3.12/site-packages/airflow/example_dags/tutorial_dag.py
[2025-06-11T11:21:41.494+0200] {processor.py:830} INFO - Processing file /home/leoja/airflow/airflow_venv/lib/python3.12/site-packages/airflow/example_dags/tutorial_dag.py for tasks to queue
[2025-06-11T11:21:41.496+0200] {logging_mixin.py:188} INFO - [2025-06-11T11:21:41.495+0200] {dagbag.py:540} INFO - Filling up the DagBag from /home/leoja/airflow/airflow_venv/lib/python3.12/site-packages/airflow/example_dags/tutorial_dag.py
[2025-06-11T11:21:41.502+0200] {processor.py:840} INFO - DAG(s) 'tutorial_dag' retrieved from /home/leoja/airflow/airflow_venv/lib/python3.12/site-packages/airflow/example_dags/tutorial_dag.py
[2025-06-11T11:21:41.517+0200] {logging_mixin.py:188} INFO - [2025-06-11T11:21:41.517+0200] {dag.py:3096} INFO - Sync 1 DAGs
[2025-06-11T11:21:41.528+0200] {logging_mixin.py:188} INFO - [2025-06-11T11:21:41.528+0200] {dag.py:3954} INFO - Setting next_dagrun for tutorial_dag to None, run_after=None
[2025-06-11T11:21:41.561+0200] {processor.py:183} INFO - Processing /home/leoja/airflow/airflow_venv/lib/python3.12/site-packages/airflow/example_dags/tutorial_dag.py took 0.076 seconds
[2025-06-11T11:22:36.806+0200] {processor.py:161} INFO - Started process (PID=311292) to work on /home/leoja/airflow/airflow_venv/lib/python3.12/site-packages/airflow/example_dags/tutorial_dag.py
[2025-06-11T11:22:36.807+0200] {processor.py:830} INFO - Processing file /home/leoja/airflow/airflow_venv/lib/python3.12/site-packages/airflow/example_dags/tutorial_dag.py for tasks to queue
[2025-06-11T11:22:36.808+0200] {logging_mixin.py:188} INFO - [2025-06-11T11:22:36.808+0200] {dagbag.py:540} INFO - Filling up the DagBag from /home/leoja/airflow/airflow_venv/lib/python3.12/site-packages/airflow/example_dags/tutorial_dag.py
[2025-06-11T11:22:36.813+0200] {processor.py:840} INFO - DAG(s) 'tutorial_dag' retrieved from /home/leoja/airflow/airflow_venv/lib/python3.12/site-packages/airflow/example_dags/tutorial_dag.py
[2025-06-11T11:22:36.823+0200] {logging_mixin.py:188} INFO - [2025-06-11T11:22:36.823+0200] {dag.py:3096} INFO - Sync 1 DAGs
[2025-06-11T11:22:36.831+0200] {logging_mixin.py:188} INFO - [2025-06-11T11:22:36.831+0200] {dag.py:3954} INFO - Setting next_dagrun for tutorial_dag to None, run_after=None
[2025-06-11T11:22:36.849+0200] {processor.py:183} INFO - Processing /home/leoja/airflow/airflow_venv/lib/python3.12/site-packages/airflow/example_dags/tutorial_dag.py took 0.049 seconds
[2025-06-11T11:23:28.409+0200] {processor.py:161} INFO - Started process (PID=311589) to work on /home/leoja/airflow/airflow_venv/lib/python3.12/site-packages/airflow/example_dags/tutorial_dag.py
[2025-06-11T11:23:28.416+0200] {processor.py:830} INFO - Processing file /home/leoja/airflow/airflow_venv/lib/python3.12/site-packages/airflow/example_dags/tutorial_dag.py for tasks to queue
[2025-06-11T11:23:28.417+0200] {logging_mixin.py:188} INFO - [2025-06-11T11:23:28.417+0200] {dagbag.py:540} INFO - Filling up the DagBag from /home/leoja/airflow/airflow_venv/lib/python3.12/site-packages/airflow/example_dags/tutorial_dag.py
[2025-06-11T11:23:28.421+0200] {processor.py:840} INFO - DAG(s) 'tutorial_dag' retrieved from /home/leoja/airflow/airflow_venv/lib/python3.12/site-packages/airflow/example_dags/tutorial_dag.py
[2025-06-11T11:23:28.432+0200] {logging_mixin.py:188} INFO - [2025-06-11T11:23:28.432+0200] {dag.py:3096} INFO - Sync 1 DAGs
[2025-06-11T11:23:28.440+0200] {logging_mixin.py:188} INFO - [2025-06-11T11:23:28.440+0200] {dag.py:3954} INFO - Setting next_dagrun for tutorial_dag to None, run_after=None
[2025-06-11T11:23:28.478+0200] {processor.py:183} INFO - Processing /home/leoja/airflow/airflow_venv/lib/python3.12/site-packages/airflow/example_dags/tutorial_dag.py took 0.074 seconds
[2025-06-11T11:24:59.538+0200] {processor.py:161} INFO - Started process (PID=312528) to work on /home/leoja/airflow/airflow_venv/lib/python3.12/site-packages/airflow/example_dags/tutorial_dag.py
[2025-06-11T11:24:59.539+0200] {processor.py:830} INFO - Processing file /home/leoja/airflow/airflow_venv/lib/python3.12/site-packages/airflow/example_dags/tutorial_dag.py for tasks to queue
[2025-06-11T11:24:59.541+0200] {logging_mixin.py:188} INFO - [2025-06-11T11:24:59.541+0200] {dagbag.py:540} INFO - Filling up the DagBag from /home/leoja/airflow/airflow_venv/lib/python3.12/site-packages/airflow/example_dags/tutorial_dag.py
[2025-06-11T11:24:59.546+0200] {processor.py:840} INFO - DAG(s) 'tutorial_dag' retrieved from /home/leoja/airflow/airflow_venv/lib/python3.12/site-packages/airflow/example_dags/tutorial_dag.py
[2025-06-11T11:24:59.557+0200] {logging_mixin.py:188} INFO - [2025-06-11T11:24:59.557+0200] {dag.py:3096} INFO - Sync 1 DAGs
[2025-06-11T11:24:59.565+0200] {logging_mixin.py:188} INFO - [2025-06-11T11:24:59.564+0200] {dag.py:3954} INFO - Setting next_dagrun for tutorial_dag to None, run_after=None
[2025-06-11T11:24:59.584+0200] {processor.py:183} INFO - Processing /home/leoja/airflow/airflow_venv/lib/python3.12/site-packages/airflow/example_dags/tutorial_dag.py took 0.050 seconds
[2025-06-11T11:25:54.466+0200] {processor.py:161} INFO - Started process (PID=312847) to work on /home/leoja/airflow/airflow_venv/lib/python3.12/site-packages/airflow/example_dags/tutorial_dag.py
[2025-06-11T11:25:54.468+0200] {processor.py:830} INFO - Processing file /home/leoja/airflow/airflow_venv/lib/python3.12/site-packages/airflow/example_dags/tutorial_dag.py for tasks to queue
[2025-06-11T11:25:54.470+0200] {logging_mixin.py:188} INFO - [2025-06-11T11:25:54.470+0200] {dagbag.py:540} INFO - Filling up the DagBag from /home/leoja/airflow/airflow_venv/lib/python3.12/site-packages/airflow/example_dags/tutorial_dag.py
[2025-06-11T11:25:54.474+0200] {processor.py:840} INFO - DAG(s) 'tutorial_dag' retrieved from /home/leoja/airflow/airflow_venv/lib/python3.12/site-packages/airflow/example_dags/tutorial_dag.py
[2025-06-11T11:25:54.487+0200] {logging_mixin.py:188} INFO - [2025-06-11T11:25:54.487+0200] {dag.py:3096} INFO - Sync 1 DAGs
[2025-06-11T11:25:54.494+0200] {logging_mixin.py:188} INFO - [2025-06-11T11:25:54.494+0200] {dag.py:3954} INFO - Setting next_dagrun for tutorial_dag to None, run_after=None
[2025-06-11T11:25:54.515+0200] {processor.py:183} INFO - Processing /home/leoja/airflow/airflow_venv/lib/python3.12/site-packages/airflow/example_dags/tutorial_dag.py took 0.053 seconds
[2025-06-11T11:26:35.915+0200] {processor.py:161} INFO - Started process (PID=313092) to work on /home/leoja/airflow/airflow_venv/lib/python3.12/site-packages/airflow/example_dags/tutorial_dag.py
[2025-06-11T11:26:35.917+0200] {processor.py:830} INFO - Processing file /home/leoja/airflow/airflow_venv/lib/python3.12/site-packages/airflow/example_dags/tutorial_dag.py for tasks to queue
[2025-06-11T11:26:35.919+0200] {logging_mixin.py:188} INFO - [2025-06-11T11:26:35.918+0200] {dagbag.py:540} INFO - Filling up the DagBag from /home/leoja/airflow/airflow_venv/lib/python3.12/site-packages/airflow/example_dags/tutorial_dag.py
[2025-06-11T11:26:35.928+0200] {processor.py:840} INFO - DAG(s) 'tutorial_dag' retrieved from /home/leoja/airflow/airflow_venv/lib/python3.12/site-packages/airflow/example_dags/tutorial_dag.py
[2025-06-11T11:26:35.945+0200] {logging_mixin.py:188} INFO - [2025-06-11T11:26:35.945+0200] {dag.py:3096} INFO - Sync 1 DAGs
[2025-06-11T11:26:35.964+0200] {logging_mixin.py:188} INFO - [2025-06-11T11:26:35.964+0200] {dag.py:3954} INFO - Setting next_dagrun for tutorial_dag to None, run_after=None
[2025-06-11T11:26:36.008+0200] {processor.py:183} INFO - Processing /home/leoja/airflow/airflow_venv/lib/python3.12/site-packages/airflow/example_dags/tutorial_dag.py took 0.099 seconds
[2025-06-11T11:27:23.409+0200] {processor.py:161} INFO - Started process (PID=313358) to work on /home/leoja/airflow/airflow_venv/lib/python3.12/site-packages/airflow/example_dags/tutorial_dag.py
[2025-06-11T11:27:23.411+0200] {processor.py:830} INFO - Processing file /home/leoja/airflow/airflow_venv/lib/python3.12/site-packages/airflow/example_dags/tutorial_dag.py for tasks to queue
[2025-06-11T11:27:23.414+0200] {logging_mixin.py:188} INFO - [2025-06-11T11:27:23.413+0200] {dagbag.py:540} INFO - Filling up the DagBag from /home/leoja/airflow/airflow_venv/lib/python3.12/site-packages/airflow/example_dags/tutorial_dag.py
[2025-06-11T11:27:23.420+0200] {processor.py:840} INFO - DAG(s) 'tutorial_dag' retrieved from /home/leoja/airflow/airflow_venv/lib/python3.12/site-packages/airflow/example_dags/tutorial_dag.py
[2025-06-11T11:27:23.435+0200] {logging_mixin.py:188} INFO - [2025-06-11T11:27:23.435+0200] {dag.py:3096} INFO - Sync 1 DAGs
[2025-06-11T11:27:23.445+0200] {logging_mixin.py:188} INFO - [2025-06-11T11:27:23.445+0200] {dag.py:3954} INFO - Setting next_dagrun for tutorial_dag to None, run_after=None
[2025-06-11T11:27:23.470+0200] {processor.py:183} INFO - Processing /home/leoja/airflow/airflow_venv/lib/python3.12/site-packages/airflow/example_dags/tutorial_dag.py took 0.068 seconds
[2025-06-11T11:28:30.220+0200] {processor.py:161} INFO - Started process (PID=313723) to work on /home/leoja/airflow/airflow_venv/lib/python3.12/site-packages/airflow/example_dags/tutorial_dag.py
[2025-06-11T11:28:30.221+0200] {processor.py:830} INFO - Processing file /home/leoja/airflow/airflow_venv/lib/python3.12/site-packages/airflow/example_dags/tutorial_dag.py for tasks to queue
[2025-06-11T11:28:30.223+0200] {logging_mixin.py:188} INFO - [2025-06-11T11:28:30.222+0200] {dagbag.py:540} INFO - Filling up the DagBag from /home/leoja/airflow/airflow_venv/lib/python3.12/site-packages/airflow/example_dags/tutorial_dag.py
[2025-06-11T11:28:30.228+0200] {processor.py:840} INFO - DAG(s) 'tutorial_dag' retrieved from /home/leoja/airflow/airflow_venv/lib/python3.12/site-packages/airflow/example_dags/tutorial_dag.py
[2025-06-11T11:28:30.240+0200] {logging_mixin.py:188} INFO - [2025-06-11T11:28:30.240+0200] {dag.py:3096} INFO - Sync 1 DAGs
[2025-06-11T11:28:30.250+0200] {logging_mixin.py:188} INFO - [2025-06-11T11:28:30.250+0200] {dag.py:3954} INFO - Setting next_dagrun for tutorial_dag to None, run_after=None
[2025-06-11T11:28:30.616+0200] {processor.py:183} INFO - Processing /home/leoja/airflow/airflow_venv/lib/python3.12/site-packages/airflow/example_dags/tutorial_dag.py took 0.401 seconds
[2025-06-11T11:29:19.448+0200] {processor.py:161} INFO - Started process (PID=313978) to work on /home/leoja/airflow/airflow_venv/lib/python3.12/site-packages/airflow/example_dags/tutorial_dag.py
[2025-06-11T11:29:19.449+0200] {processor.py:830} INFO - Processing file /home/leoja/airflow/airflow_venv/lib/python3.12/site-packages/airflow/example_dags/tutorial_dag.py for tasks to queue
[2025-06-11T11:29:19.451+0200] {logging_mixin.py:188} INFO - [2025-06-11T11:29:19.451+0200] {dagbag.py:540} INFO - Filling up the DagBag from /home/leoja/airflow/airflow_venv/lib/python3.12/site-packages/airflow/example_dags/tutorial_dag.py
[2025-06-11T11:29:19.456+0200] {processor.py:840} INFO - DAG(s) 'tutorial_dag' retrieved from /home/leoja/airflow/airflow_venv/lib/python3.12/site-packages/airflow/example_dags/tutorial_dag.py
[2025-06-11T11:29:19.472+0200] {logging_mixin.py:188} INFO - [2025-06-11T11:29:19.472+0200] {dag.py:3096} INFO - Sync 1 DAGs
[2025-06-11T11:29:19.485+0200] {logging_mixin.py:188} INFO - [2025-06-11T11:29:19.484+0200] {dag.py:3954} INFO - Setting next_dagrun for tutorial_dag to None, run_after=None
[2025-06-11T11:29:19.683+0200] {processor.py:183} INFO - Processing /home/leoja/airflow/airflow_venv/lib/python3.12/site-packages/airflow/example_dags/tutorial_dag.py took 0.242 seconds
[2025-06-11T11:30:04.155+0200] {processor.py:161} INFO - Started process (PID=314246) to work on /home/leoja/airflow/airflow_venv/lib/python3.12/site-packages/airflow/example_dags/tutorial_dag.py
[2025-06-11T11:30:04.157+0200] {processor.py:830} INFO - Processing file /home/leoja/airflow/airflow_venv/lib/python3.12/site-packages/airflow/example_dags/tutorial_dag.py for tasks to queue
[2025-06-11T11:30:04.159+0200] {logging_mixin.py:188} INFO - [2025-06-11T11:30:04.158+0200] {dagbag.py:540} INFO - Filling up the DagBag from /home/leoja/airflow/airflow_venv/lib/python3.12/site-packages/airflow/example_dags/tutorial_dag.py
[2025-06-11T11:30:04.163+0200] {processor.py:840} INFO - DAG(s) 'tutorial_dag' retrieved from /home/leoja/airflow/airflow_venv/lib/python3.12/site-packages/airflow/example_dags/tutorial_dag.py
[2025-06-11T11:30:04.176+0200] {logging_mixin.py:188} INFO - [2025-06-11T11:30:04.175+0200] {dag.py:3096} INFO - Sync 1 DAGs
[2025-06-11T11:30:04.187+0200] {logging_mixin.py:188} INFO - [2025-06-11T11:30:04.187+0200] {dag.py:3954} INFO - Setting next_dagrun for tutorial_dag to None, run_after=None
[2025-06-11T11:30:04.210+0200] {processor.py:183} INFO - Processing /home/leoja/airflow/airflow_venv/lib/python3.12/site-packages/airflow/example_dags/tutorial_dag.py took 0.059 seconds
[2025-06-11T11:30:54.941+0200] {processor.py:161} INFO - Started process (PID=314549) to work on /home/leoja/airflow/airflow_venv/lib/python3.12/site-packages/airflow/example_dags/tutorial_dag.py
[2025-06-11T11:30:54.950+0200] {processor.py:830} INFO - Processing file /home/leoja/airflow/airflow_venv/lib/python3.12/site-packages/airflow/example_dags/tutorial_dag.py for tasks to queue
[2025-06-11T11:30:54.951+0200] {logging_mixin.py:188} INFO - [2025-06-11T11:30:54.951+0200] {dagbag.py:540} INFO - Filling up the DagBag from /home/leoja/airflow/airflow_venv/lib/python3.12/site-packages/airflow/example_dags/tutorial_dag.py
[2025-06-11T11:30:54.955+0200] {processor.py:840} INFO - DAG(s) 'tutorial_dag' retrieved from /home/leoja/airflow/airflow_venv/lib/python3.12/site-packages/airflow/example_dags/tutorial_dag.py
[2025-06-11T11:30:54.967+0200] {logging_mixin.py:188} INFO - [2025-06-11T11:30:54.967+0200] {dag.py:3096} INFO - Sync 1 DAGs
[2025-06-11T11:30:54.976+0200] {logging_mixin.py:188} INFO - [2025-06-11T11:30:54.976+0200] {dag.py:3954} INFO - Setting next_dagrun for tutorial_dag to None, run_after=None
[2025-06-11T11:30:55.009+0200] {processor.py:183} INFO - Processing /home/leoja/airflow/airflow_venv/lib/python3.12/site-packages/airflow/example_dags/tutorial_dag.py took 0.072 seconds
[2025-06-11T11:31:43.883+0200] {processor.py:161} INFO - Started process (PID=314824) to work on /home/leoja/airflow/airflow_venv/lib/python3.12/site-packages/airflow/example_dags/tutorial_dag.py
[2025-06-11T11:31:43.884+0200] {processor.py:830} INFO - Processing file /home/leoja/airflow/airflow_venv/lib/python3.12/site-packages/airflow/example_dags/tutorial_dag.py for tasks to queue
[2025-06-11T11:31:43.886+0200] {logging_mixin.py:188} INFO - [2025-06-11T11:31:43.886+0200] {dagbag.py:540} INFO - Filling up the DagBag from /home/leoja/airflow/airflow_venv/lib/python3.12/site-packages/airflow/example_dags/tutorial_dag.py
[2025-06-11T11:31:43.890+0200] {processor.py:840} INFO - DAG(s) 'tutorial_dag' retrieved from /home/leoja/airflow/airflow_venv/lib/python3.12/site-packages/airflow/example_dags/tutorial_dag.py
[2025-06-11T11:31:43.901+0200] {logging_mixin.py:188} INFO - [2025-06-11T11:31:43.901+0200] {dag.py:3096} INFO - Sync 1 DAGs
[2025-06-11T11:31:43.908+0200] {logging_mixin.py:188} INFO - [2025-06-11T11:31:43.908+0200] {dag.py:3954} INFO - Setting next_dagrun for tutorial_dag to None, run_after=None
[2025-06-11T11:31:43.930+0200] {processor.py:183} INFO - Processing /home/leoja/airflow/airflow_venv/lib/python3.12/site-packages/airflow/example_dags/tutorial_dag.py took 0.051 seconds
[2025-06-11T11:32:40.419+0200] {processor.py:161} INFO - Started process (PID=315149) to work on /home/leoja/airflow/airflow_venv/lib/python3.12/site-packages/airflow/example_dags/tutorial_dag.py
[2025-06-11T11:32:40.422+0200] {processor.py:830} INFO - Processing file /home/leoja/airflow/airflow_venv/lib/python3.12/site-packages/airflow/example_dags/tutorial_dag.py for tasks to queue
[2025-06-11T11:32:40.424+0200] {logging_mixin.py:188} INFO - [2025-06-11T11:32:40.424+0200] {dagbag.py:540} INFO - Filling up the DagBag from /home/leoja/airflow/airflow_venv/lib/python3.12/site-packages/airflow/example_dags/tutorial_dag.py
[2025-06-11T11:32:40.429+0200] {processor.py:840} INFO - DAG(s) 'tutorial_dag' retrieved from /home/leoja/airflow/airflow_venv/lib/python3.12/site-packages/airflow/example_dags/tutorial_dag.py
[2025-06-11T11:32:40.440+0200] {logging_mixin.py:188} INFO - [2025-06-11T11:32:40.440+0200] {dag.py:3096} INFO - Sync 1 DAGs
[2025-06-11T11:32:40.448+0200] {logging_mixin.py:188} INFO - [2025-06-11T11:32:40.448+0200] {dag.py:3954} INFO - Setting next_dagrun for tutorial_dag to None, run_after=None
[2025-06-11T11:32:40.472+0200] {processor.py:183} INFO - Processing /home/leoja/airflow/airflow_venv/lib/python3.12/site-packages/airflow/example_dags/tutorial_dag.py took 0.058 seconds
[2025-06-11T11:33:30.785+0200] {processor.py:161} INFO - Started process (PID=315424) to work on /home/leoja/airflow/airflow_venv/lib/python3.12/site-packages/airflow/example_dags/tutorial_dag.py
[2025-06-11T11:33:30.786+0200] {processor.py:830} INFO - Processing file /home/leoja/airflow/airflow_venv/lib/python3.12/site-packages/airflow/example_dags/tutorial_dag.py for tasks to queue
[2025-06-11T11:33:30.788+0200] {logging_mixin.py:188} INFO - [2025-06-11T11:33:30.787+0200] {dagbag.py:540} INFO - Filling up the DagBag from /home/leoja/airflow/airflow_venv/lib/python3.12/site-packages/airflow/example_dags/tutorial_dag.py
[2025-06-11T11:33:30.792+0200] {processor.py:840} INFO - DAG(s) 'tutorial_dag' retrieved from /home/leoja/airflow/airflow_venv/lib/python3.12/site-packages/airflow/example_dags/tutorial_dag.py
[2025-06-11T11:33:30.806+0200] {logging_mixin.py:188} INFO - [2025-06-11T11:33:30.805+0200] {dag.py:3096} INFO - Sync 1 DAGs
[2025-06-11T11:33:30.815+0200] {logging_mixin.py:188} INFO - [2025-06-11T11:33:30.815+0200] {dag.py:3954} INFO - Setting next_dagrun for tutorial_dag to None, run_after=None
[2025-06-11T11:33:30.844+0200] {processor.py:183} INFO - Processing /home/leoja/airflow/airflow_venv/lib/python3.12/site-packages/airflow/example_dags/tutorial_dag.py took 0.065 seconds
[2025-06-11T11:34:34.681+0200] {processor.py:161} INFO - Started process (PID=315778) to work on /home/leoja/airflow/airflow_venv/lib/python3.12/site-packages/airflow/example_dags/tutorial_dag.py
[2025-06-11T11:34:34.682+0200] {processor.py:830} INFO - Processing file /home/leoja/airflow/airflow_venv/lib/python3.12/site-packages/airflow/example_dags/tutorial_dag.py for tasks to queue
[2025-06-11T11:34:34.684+0200] {logging_mixin.py:188} INFO - [2025-06-11T11:34:34.684+0200] {dagbag.py:540} INFO - Filling up the DagBag from /home/leoja/airflow/airflow_venv/lib/python3.12/site-packages/airflow/example_dags/tutorial_dag.py
[2025-06-11T11:34:34.690+0200] {processor.py:840} INFO - DAG(s) 'tutorial_dag' retrieved from /home/leoja/airflow/airflow_venv/lib/python3.12/site-packages/airflow/example_dags/tutorial_dag.py
[2025-06-11T11:34:34.704+0200] {logging_mixin.py:188} INFO - [2025-06-11T11:34:34.703+0200] {dag.py:3096} INFO - Sync 1 DAGs
[2025-06-11T11:34:34.714+0200] {logging_mixin.py:188} INFO - [2025-06-11T11:34:34.713+0200] {dag.py:3954} INFO - Setting next_dagrun for tutorial_dag to None, run_after=None
[2025-06-11T11:34:34.741+0200] {processor.py:183} INFO - Processing /home/leoja/airflow/airflow_venv/lib/python3.12/site-packages/airflow/example_dags/tutorial_dag.py took 0.066 seconds
[2025-06-11T11:35:19.349+0200] {processor.py:161} INFO - Started process (PID=316021) to work on /home/leoja/airflow/airflow_venv/lib/python3.12/site-packages/airflow/example_dags/tutorial_dag.py
[2025-06-11T11:35:19.351+0200] {processor.py:830} INFO - Processing file /home/leoja/airflow/airflow_venv/lib/python3.12/site-packages/airflow/example_dags/tutorial_dag.py for tasks to queue
[2025-06-11T11:35:19.353+0200] {logging_mixin.py:188} INFO - [2025-06-11T11:35:19.352+0200] {dagbag.py:540} INFO - Filling up the DagBag from /home/leoja/airflow/airflow_venv/lib/python3.12/site-packages/airflow/example_dags/tutorial_dag.py
[2025-06-11T11:35:19.359+0200] {processor.py:840} INFO - DAG(s) 'tutorial_dag' retrieved from /home/leoja/airflow/airflow_venv/lib/python3.12/site-packages/airflow/example_dags/tutorial_dag.py
[2025-06-11T11:35:19.376+0200] {logging_mixin.py:188} INFO - [2025-06-11T11:35:19.376+0200] {dag.py:3096} INFO - Sync 1 DAGs
[2025-06-11T11:35:19.387+0200] {logging_mixin.py:188} INFO - [2025-06-11T11:35:19.387+0200] {dag.py:3954} INFO - Setting next_dagrun for tutorial_dag to None, run_after=None
[2025-06-11T11:35:19.414+0200] {processor.py:183} INFO - Processing /home/leoja/airflow/airflow_venv/lib/python3.12/site-packages/airflow/example_dags/tutorial_dag.py took 0.073 seconds
[2025-06-11T11:36:04.937+0200] {processor.py:161} INFO - Started process (PID=316290) to work on /home/leoja/airflow/airflow_venv/lib/python3.12/site-packages/airflow/example_dags/tutorial_dag.py
[2025-06-11T11:36:04.947+0200] {processor.py:830} INFO - Processing file /home/leoja/airflow/airflow_venv/lib/python3.12/site-packages/airflow/example_dags/tutorial_dag.py for tasks to queue
[2025-06-11T11:36:04.948+0200] {logging_mixin.py:188} INFO - [2025-06-11T11:36:04.948+0200] {dagbag.py:540} INFO - Filling up the DagBag from /home/leoja/airflow/airflow_venv/lib/python3.12/site-packages/airflow/example_dags/tutorial_dag.py
[2025-06-11T11:36:04.954+0200] {processor.py:840} INFO - DAG(s) 'tutorial_dag' retrieved from /home/leoja/airflow/airflow_venv/lib/python3.12/site-packages/airflow/example_dags/tutorial_dag.py
[2025-06-11T11:36:04.971+0200] {logging_mixin.py:188} INFO - [2025-06-11T11:36:04.971+0200] {dag.py:3096} INFO - Sync 1 DAGs
[2025-06-11T11:36:04.979+0200] {logging_mixin.py:188} INFO - [2025-06-11T11:36:04.979+0200] {dag.py:3954} INFO - Setting next_dagrun for tutorial_dag to None, run_after=None
[2025-06-11T11:36:05.013+0200] {processor.py:183} INFO - Processing /home/leoja/airflow/airflow_venv/lib/python3.12/site-packages/airflow/example_dags/tutorial_dag.py took 0.082 seconds
[2025-06-11T11:36:56.589+0200] {processor.py:161} INFO - Started process (PID=316585) to work on /home/leoja/airflow/airflow_venv/lib/python3.12/site-packages/airflow/example_dags/tutorial_dag.py
[2025-06-11T11:36:56.599+0200] {processor.py:830} INFO - Processing file /home/leoja/airflow/airflow_venv/lib/python3.12/site-packages/airflow/example_dags/tutorial_dag.py for tasks to queue
[2025-06-11T11:36:56.600+0200] {logging_mixin.py:188} INFO - [2025-06-11T11:36:56.600+0200] {dagbag.py:540} INFO - Filling up the DagBag from /home/leoja/airflow/airflow_venv/lib/python3.12/site-packages/airflow/example_dags/tutorial_dag.py
[2025-06-11T11:36:56.605+0200] {processor.py:840} INFO - DAG(s) 'tutorial_dag' retrieved from /home/leoja/airflow/airflow_venv/lib/python3.12/site-packages/airflow/example_dags/tutorial_dag.py
[2025-06-11T11:36:56.617+0200] {logging_mixin.py:188} INFO - [2025-06-11T11:36:56.616+0200] {dag.py:3096} INFO - Sync 1 DAGs
[2025-06-11T11:36:56.628+0200] {logging_mixin.py:188} INFO - [2025-06-11T11:36:56.628+0200] {dag.py:3954} INFO - Setting next_dagrun for tutorial_dag to None, run_after=None
[2025-06-11T11:36:56.661+0200] {processor.py:183} INFO - Processing /home/leoja/airflow/airflow_venv/lib/python3.12/site-packages/airflow/example_dags/tutorial_dag.py took 0.078 seconds
[2025-06-11T11:37:45.821+0200] {processor.py:161} INFO - Started process (PID=316859) to work on /home/leoja/airflow/airflow_venv/lib/python3.12/site-packages/airflow/example_dags/tutorial_dag.py
[2025-06-11T11:37:45.823+0200] {processor.py:830} INFO - Processing file /home/leoja/airflow/airflow_venv/lib/python3.12/site-packages/airflow/example_dags/tutorial_dag.py for tasks to queue
[2025-06-11T11:37:45.824+0200] {logging_mixin.py:188} INFO - [2025-06-11T11:37:45.824+0200] {dagbag.py:540} INFO - Filling up the DagBag from /home/leoja/airflow/airflow_venv/lib/python3.12/site-packages/airflow/example_dags/tutorial_dag.py
[2025-06-11T11:37:45.830+0200] {processor.py:840} INFO - DAG(s) 'tutorial_dag' retrieved from /home/leoja/airflow/airflow_venv/lib/python3.12/site-packages/airflow/example_dags/tutorial_dag.py
[2025-06-11T11:37:45.841+0200] {logging_mixin.py:188} INFO - [2025-06-11T11:37:45.841+0200] {dag.py:3096} INFO - Sync 1 DAGs
[2025-06-11T11:37:45.850+0200] {logging_mixin.py:188} INFO - [2025-06-11T11:37:45.850+0200] {dag.py:3954} INFO - Setting next_dagrun for tutorial_dag to None, run_after=None
[2025-06-11T11:37:45.873+0200] {processor.py:183} INFO - Processing /home/leoja/airflow/airflow_venv/lib/python3.12/site-packages/airflow/example_dags/tutorial_dag.py took 0.057 seconds
[2025-06-11T11:38:55.975+0200] {processor.py:161} INFO - Started process (PID=317262) to work on /home/leoja/airflow/airflow_venv/lib/python3.12/site-packages/airflow/example_dags/tutorial_dag.py
[2025-06-11T11:38:56.011+0200] {processor.py:830} INFO - Processing file /home/leoja/airflow/airflow_venv/lib/python3.12/site-packages/airflow/example_dags/tutorial_dag.py for tasks to queue
[2025-06-11T11:38:56.014+0200] {logging_mixin.py:188} INFO - [2025-06-11T11:38:56.014+0200] {dagbag.py:540} INFO - Filling up the DagBag from /home/leoja/airflow/airflow_venv/lib/python3.12/site-packages/airflow/example_dags/tutorial_dag.py
[2025-06-11T11:38:56.018+0200] {processor.py:840} INFO - DAG(s) 'tutorial_dag' retrieved from /home/leoja/airflow/airflow_venv/lib/python3.12/site-packages/airflow/example_dags/tutorial_dag.py
[2025-06-11T11:38:56.030+0200] {logging_mixin.py:188} INFO - [2025-06-11T11:38:56.030+0200] {dag.py:3096} INFO - Sync 1 DAGs
[2025-06-11T11:38:56.037+0200] {logging_mixin.py:188} INFO - [2025-06-11T11:38:56.037+0200] {dag.py:3954} INFO - Setting next_dagrun for tutorial_dag to None, run_after=None
[2025-06-11T11:38:56.744+0200] {processor.py:183} INFO - Processing /home/leoja/airflow/airflow_venv/lib/python3.12/site-packages/airflow/example_dags/tutorial_dag.py took 0.774 seconds
[2025-06-11T11:39:47.603+0200] {processor.py:161} INFO - Started process (PID=317536) to work on /home/leoja/airflow/airflow_venv/lib/python3.12/site-packages/airflow/example_dags/tutorial_dag.py
[2025-06-11T11:39:47.605+0200] {processor.py:830} INFO - Processing file /home/leoja/airflow/airflow_venv/lib/python3.12/site-packages/airflow/example_dags/tutorial_dag.py for tasks to queue
[2025-06-11T11:39:47.606+0200] {logging_mixin.py:188} INFO - [2025-06-11T11:39:47.606+0200] {dagbag.py:540} INFO - Filling up the DagBag from /home/leoja/airflow/airflow_venv/lib/python3.12/site-packages/airflow/example_dags/tutorial_dag.py
[2025-06-11T11:39:47.611+0200] {processor.py:840} INFO - DAG(s) 'tutorial_dag' retrieved from /home/leoja/airflow/airflow_venv/lib/python3.12/site-packages/airflow/example_dags/tutorial_dag.py
[2025-06-11T11:39:47.625+0200] {logging_mixin.py:188} INFO - [2025-06-11T11:39:47.625+0200] {dag.py:3096} INFO - Sync 1 DAGs
[2025-06-11T11:39:47.635+0200] {logging_mixin.py:188} INFO - [2025-06-11T11:39:47.635+0200] {dag.py:3954} INFO - Setting next_dagrun for tutorial_dag to None, run_after=None
[2025-06-11T11:39:47.666+0200] {processor.py:183} INFO - Processing /home/leoja/airflow/airflow_venv/lib/python3.12/site-packages/airflow/example_dags/tutorial_dag.py took 0.068 seconds
[2025-06-11T11:40:53.024+0200] {processor.py:161} INFO - Started process (PID=317891) to work on /home/leoja/airflow/airflow_venv/lib/python3.12/site-packages/airflow/example_dags/tutorial_dag.py
[2025-06-11T11:40:53.025+0200] {processor.py:830} INFO - Processing file /home/leoja/airflow/airflow_venv/lib/python3.12/site-packages/airflow/example_dags/tutorial_dag.py for tasks to queue
[2025-06-11T11:40:53.027+0200] {logging_mixin.py:188} INFO - [2025-06-11T11:40:53.026+0200] {dagbag.py:540} INFO - Filling up the DagBag from /home/leoja/airflow/airflow_venv/lib/python3.12/site-packages/airflow/example_dags/tutorial_dag.py
[2025-06-11T11:40:53.031+0200] {processor.py:840} INFO - DAG(s) 'tutorial_dag' retrieved from /home/leoja/airflow/airflow_venv/lib/python3.12/site-packages/airflow/example_dags/tutorial_dag.py
[2025-06-11T11:40:53.042+0200] {logging_mixin.py:188} INFO - [2025-06-11T11:40:53.042+0200] {dag.py:3096} INFO - Sync 1 DAGs
[2025-06-11T11:40:53.050+0200] {logging_mixin.py:188} INFO - [2025-06-11T11:40:53.050+0200] {dag.py:3954} INFO - Setting next_dagrun for tutorial_dag to None, run_after=None
[2025-06-11T11:40:53.073+0200] {processor.py:183} INFO - Processing /home/leoja/airflow/airflow_venv/lib/python3.12/site-packages/airflow/example_dags/tutorial_dag.py took 0.054 seconds
[2025-06-11T11:41:45.018+0200] {processor.py:161} INFO - Started process (PID=318214) to work on /home/leoja/airflow/airflow_venv/lib/python3.12/site-packages/airflow/example_dags/tutorial_dag.py
[2025-06-11T11:41:45.020+0200] {processor.py:830} INFO - Processing file /home/leoja/airflow/airflow_venv/lib/python3.12/site-packages/airflow/example_dags/tutorial_dag.py for tasks to queue
[2025-06-11T11:41:45.021+0200] {logging_mixin.py:188} INFO - [2025-06-11T11:41:45.021+0200] {dagbag.py:540} INFO - Filling up the DagBag from /home/leoja/airflow/airflow_venv/lib/python3.12/site-packages/airflow/example_dags/tutorial_dag.py
[2025-06-11T11:41:45.026+0200] {processor.py:840} INFO - DAG(s) 'tutorial_dag' retrieved from /home/leoja/airflow/airflow_venv/lib/python3.12/site-packages/airflow/example_dags/tutorial_dag.py
[2025-06-11T11:41:45.038+0200] {logging_mixin.py:188} INFO - [2025-06-11T11:41:45.038+0200] {dag.py:3096} INFO - Sync 1 DAGs
[2025-06-11T11:41:45.046+0200] {logging_mixin.py:188} INFO - [2025-06-11T11:41:45.046+0200] {dag.py:3954} INFO - Setting next_dagrun for tutorial_dag to None, run_after=None
[2025-06-11T11:41:45.081+0200] {processor.py:183} INFO - Processing /home/leoja/airflow/airflow_venv/lib/python3.12/site-packages/airflow/example_dags/tutorial_dag.py took 0.067 seconds
[2025-06-11T11:42:40.043+0200] {processor.py:161} INFO - Started process (PID=318489) to work on /home/leoja/airflow/airflow_venv/lib/python3.12/site-packages/airflow/example_dags/tutorial_dag.py
[2025-06-11T11:42:40.044+0200] {processor.py:830} INFO - Processing file /home/leoja/airflow/airflow_venv/lib/python3.12/site-packages/airflow/example_dags/tutorial_dag.py for tasks to queue
[2025-06-11T11:42:40.047+0200] {logging_mixin.py:188} INFO - [2025-06-11T11:42:40.046+0200] {dagbag.py:540} INFO - Filling up the DagBag from /home/leoja/airflow/airflow_venv/lib/python3.12/site-packages/airflow/example_dags/tutorial_dag.py
[2025-06-11T11:42:40.051+0200] {processor.py:840} INFO - DAG(s) 'tutorial_dag' retrieved from /home/leoja/airflow/airflow_venv/lib/python3.12/site-packages/airflow/example_dags/tutorial_dag.py
[2025-06-11T11:42:40.064+0200] {logging_mixin.py:188} INFO - [2025-06-11T11:42:40.064+0200] {dag.py:3096} INFO - Sync 1 DAGs
[2025-06-11T11:42:40.073+0200] {logging_mixin.py:188} INFO - [2025-06-11T11:42:40.073+0200] {dag.py:3954} INFO - Setting next_dagrun for tutorial_dag to None, run_after=None
[2025-06-11T11:42:40.102+0200] {processor.py:183} INFO - Processing /home/leoja/airflow/airflow_venv/lib/python3.12/site-packages/airflow/example_dags/tutorial_dag.py took 0.064 seconds
[2025-06-11T11:43:33.027+0200] {processor.py:161} INFO - Started process (PID=318795) to work on /home/leoja/airflow/airflow_venv/lib/python3.12/site-packages/airflow/example_dags/tutorial_dag.py
[2025-06-11T11:43:33.167+0200] {processor.py:830} INFO - Processing file /home/leoja/airflow/airflow_venv/lib/python3.12/site-packages/airflow/example_dags/tutorial_dag.py for tasks to queue
[2025-06-11T11:43:33.171+0200] {logging_mixin.py:188} INFO - [2025-06-11T11:43:33.170+0200] {dagbag.py:540} INFO - Filling up the DagBag from /home/leoja/airflow/airflow_venv/lib/python3.12/site-packages/airflow/example_dags/tutorial_dag.py
[2025-06-11T11:43:33.181+0200] {processor.py:840} INFO - DAG(s) 'tutorial_dag' retrieved from /home/leoja/airflow/airflow_venv/lib/python3.12/site-packages/airflow/example_dags/tutorial_dag.py
[2025-06-11T11:43:33.197+0200] {logging_mixin.py:188} INFO - [2025-06-11T11:43:33.196+0200] {dag.py:3096} INFO - Sync 1 DAGs
[2025-06-11T11:43:33.207+0200] {logging_mixin.py:188} INFO - [2025-06-11T11:43:33.207+0200] {dag.py:3954} INFO - Setting next_dagrun for tutorial_dag to None, run_after=None
[2025-06-11T11:43:33.235+0200] {processor.py:183} INFO - Processing /home/leoja/airflow/airflow_venv/lib/python3.12/site-packages/airflow/example_dags/tutorial_dag.py took 0.217 seconds
