[2025-07-03T22:44:12.274+0200] {processor.py:161} INFO - Started process (PID=1437) to work on /home/leoja/airflow/airflow_venv/lib/python3.12/site-packages/airflow/example_dags/example_short_circuit_operator.py
[2025-07-03T22:44:12.276+0200] {processor.py:830} INFO - Processing file /home/leoja/airflow/airflow_venv/lib/python3.12/site-packages/airflow/example_dags/example_short_circuit_operator.py for tasks to queue
[2025-07-03T22:44:12.279+0200] {logging_mixin.py:188} INFO - [2025-07-03T22:44:12.278+0200] {dagbag.py:540} INFO - Filling up the DagBag from /home/leoja/airflow/airflow_venv/lib/python3.12/site-packages/airflow/example_dags/example_short_circuit_operator.py
[2025-07-03T22:44:12.292+0200] {processor.py:840} INFO - DAG(s) 'example_short_circuit_operator' retrieved from /home/leoja/airflow/airflow_venv/lib/python3.12/site-packages/airflow/example_dags/example_short_circuit_operator.py
[2025-07-03T22:44:12.298+0200] {logging_mixin.py:188} INFO - [2025-07-03T22:44:12.298+0200] {dag.py:3096} INFO - Sync 1 DAGs
[2025-07-03T22:44:12.316+0200] {logging_mixin.py:188} INFO - [2025-07-03T22:44:12.316+0200] {dag.py:3954} INFO - Setting next_dagrun for example_short_circuit_operator to 2025-07-02 00:00:00+00:00, run_after=2025-07-03 00:00:00+00:00
[2025-07-03T22:44:12.351+0200] {processor.py:183} INFO - Processing /home/leoja/airflow/airflow_venv/lib/python3.12/site-packages/airflow/example_dags/example_short_circuit_operator.py took 0.086 seconds
[2025-07-03T22:45:11.857+0200] {processor.py:161} INFO - Started process (PID=1959) to work on /home/leoja/airflow/airflow_venv/lib/python3.12/site-packages/airflow/example_dags/example_short_circuit_operator.py
[2025-07-03T22:45:11.858+0200] {processor.py:830} INFO - Processing file /home/leoja/airflow/airflow_venv/lib/python3.12/site-packages/airflow/example_dags/example_short_circuit_operator.py for tasks to queue
[2025-07-03T22:45:11.860+0200] {logging_mixin.py:188} INFO - [2025-07-03T22:45:11.859+0200] {dagbag.py:540} INFO - Filling up the DagBag from /home/leoja/airflow/airflow_venv/lib/python3.12/site-packages/airflow/example_dags/example_short_circuit_operator.py
[2025-07-03T22:45:11.867+0200] {processor.py:840} INFO - DAG(s) 'example_short_circuit_operator' retrieved from /home/leoja/airflow/airflow_venv/lib/python3.12/site-packages/airflow/example_dags/example_short_circuit_operator.py
[2025-07-03T22:45:11.935+0200] {logging_mixin.py:188} INFO - [2025-07-03T22:45:11.934+0200] {dag.py:3096} INFO - Sync 1 DAGs
[2025-07-03T22:45:11.946+0200] {logging_mixin.py:188} INFO - [2025-07-03T22:45:11.946+0200] {dag.py:3954} INFO - Setting next_dagrun for example_short_circuit_operator to 2025-07-02 00:00:00+00:00, run_after=2025-07-03 00:00:00+00:00
[2025-07-03T22:45:11.969+0200] {processor.py:183} INFO - Processing /home/leoja/airflow/airflow_venv/lib/python3.12/site-packages/airflow/example_dags/example_short_circuit_operator.py took 0.118 seconds
[2025-07-03T22:46:02.473+0200] {processor.py:161} INFO - Started process (PID=2634) to work on /home/leoja/airflow/airflow_venv/lib/python3.12/site-packages/airflow/example_dags/example_short_circuit_operator.py
[2025-07-03T22:46:02.475+0200] {processor.py:830} INFO - Processing file /home/leoja/airflow/airflow_venv/lib/python3.12/site-packages/airflow/example_dags/example_short_circuit_operator.py for tasks to queue
[2025-07-03T22:46:02.477+0200] {logging_mixin.py:188} INFO - [2025-07-03T22:46:02.476+0200] {dagbag.py:540} INFO - Filling up the DagBag from /home/leoja/airflow/airflow_venv/lib/python3.12/site-packages/airflow/example_dags/example_short_circuit_operator.py
[2025-07-03T22:46:02.482+0200] {processor.py:840} INFO - DAG(s) 'example_short_circuit_operator' retrieved from /home/leoja/airflow/airflow_venv/lib/python3.12/site-packages/airflow/example_dags/example_short_circuit_operator.py
[2025-07-03T22:46:02.499+0200] {logging_mixin.py:188} INFO - [2025-07-03T22:46:02.499+0200] {dag.py:3096} INFO - Sync 1 DAGs
[2025-07-03T22:46:02.513+0200] {logging_mixin.py:188} INFO - [2025-07-03T22:46:02.513+0200] {dag.py:3954} INFO - Setting next_dagrun for example_short_circuit_operator to 2025-07-02 00:00:00+00:00, run_after=2025-07-03 00:00:00+00:00
[2025-07-03T22:46:02.537+0200] {processor.py:183} INFO - Processing /home/leoja/airflow/airflow_venv/lib/python3.12/site-packages/airflow/example_dags/example_short_circuit_operator.py took 0.072 seconds
[2025-07-03T23:04:41.740+0200] {processor.py:161} INFO - Started process (PID=3074) to work on /home/leoja/airflow/airflow_venv/lib/python3.12/site-packages/airflow/example_dags/example_short_circuit_operator.py
[2025-07-03T23:04:41.743+0200] {processor.py:830} INFO - Processing file /home/leoja/airflow/airflow_venv/lib/python3.12/site-packages/airflow/example_dags/example_short_circuit_operator.py for tasks to queue
[2025-07-03T23:04:41.745+0200] {logging_mixin.py:188} INFO - [2025-07-03T23:04:41.745+0200] {dagbag.py:540} INFO - Filling up the DagBag from /home/leoja/airflow/airflow_venv/lib/python3.12/site-packages/airflow/example_dags/example_short_circuit_operator.py
[2025-07-03T23:04:41.755+0200] {processor.py:840} INFO - DAG(s) 'example_short_circuit_operator' retrieved from /home/leoja/airflow/airflow_venv/lib/python3.12/site-packages/airflow/example_dags/example_short_circuit_operator.py
[2025-07-03T23:04:41.781+0200] {logging_mixin.py:188} INFO - [2025-07-03T23:04:41.780+0200] {dag.py:3096} INFO - Sync 1 DAGs
[2025-07-03T23:04:41.808+0200] {logging_mixin.py:188} INFO - [2025-07-03T23:04:41.808+0200] {dag.py:3954} INFO - Setting next_dagrun for example_short_circuit_operator to 2025-07-02 00:00:00+00:00, run_after=2025-07-03 00:00:00+00:00
[2025-07-03T23:04:41.835+0200] {processor.py:183} INFO - Processing /home/leoja/airflow/airflow_venv/lib/python3.12/site-packages/airflow/example_dags/example_short_circuit_operator.py took 0.106 seconds
[2025-07-03T23:05:51.633+0200] {processor.py:161} INFO - Started process (PID=3459) to work on /home/leoja/airflow/airflow_venv/lib/python3.12/site-packages/airflow/example_dags/example_short_circuit_operator.py
[2025-07-03T23:05:51.636+0200] {processor.py:830} INFO - Processing file /home/leoja/airflow/airflow_venv/lib/python3.12/site-packages/airflow/example_dags/example_short_circuit_operator.py for tasks to queue
[2025-07-03T23:05:51.638+0200] {logging_mixin.py:188} INFO - [2025-07-03T23:05:51.637+0200] {dagbag.py:540} INFO - Filling up the DagBag from /home/leoja/airflow/airflow_venv/lib/python3.12/site-packages/airflow/example_dags/example_short_circuit_operator.py
[2025-07-03T23:05:51.646+0200] {processor.py:840} INFO - DAG(s) 'example_short_circuit_operator' retrieved from /home/leoja/airflow/airflow_venv/lib/python3.12/site-packages/airflow/example_dags/example_short_circuit_operator.py
[2025-07-03T23:05:51.661+0200] {logging_mixin.py:188} INFO - [2025-07-03T23:05:51.661+0200] {dag.py:3096} INFO - Sync 1 DAGs
[2025-07-03T23:05:51.677+0200] {logging_mixin.py:188} INFO - [2025-07-03T23:05:51.677+0200] {dag.py:3954} INFO - Setting next_dagrun for example_short_circuit_operator to 2025-07-02 00:00:00+00:00, run_after=2025-07-03 00:00:00+00:00
[2025-07-03T23:05:51.705+0200] {processor.py:183} INFO - Processing /home/leoja/airflow/airflow_venv/lib/python3.12/site-packages/airflow/example_dags/example_short_circuit_operator.py took 0.078 seconds
[2025-07-03T23:07:28.262+0200] {processor.py:161} INFO - Started process (PID=4363) to work on /home/leoja/airflow/airflow_venv/lib/python3.12/site-packages/airflow/example_dags/example_short_circuit_operator.py
[2025-07-03T23:07:28.264+0200] {processor.py:830} INFO - Processing file /home/leoja/airflow/airflow_venv/lib/python3.12/site-packages/airflow/example_dags/example_short_circuit_operator.py for tasks to queue
[2025-07-03T23:07:28.266+0200] {logging_mixin.py:188} INFO - [2025-07-03T23:07:28.266+0200] {dagbag.py:540} INFO - Filling up the DagBag from /home/leoja/airflow/airflow_venv/lib/python3.12/site-packages/airflow/example_dags/example_short_circuit_operator.py
[2025-07-03T23:07:28.276+0200] {processor.py:840} INFO - DAG(s) 'example_short_circuit_operator' retrieved from /home/leoja/airflow/airflow_venv/lib/python3.12/site-packages/airflow/example_dags/example_short_circuit_operator.py
[2025-07-03T23:07:28.300+0200] {logging_mixin.py:188} INFO - [2025-07-03T23:07:28.299+0200] {dag.py:3096} INFO - Sync 1 DAGs
[2025-07-03T23:07:28.322+0200] {logging_mixin.py:188} INFO - [2025-07-03T23:07:28.322+0200] {dag.py:3954} INFO - Setting next_dagrun for example_short_circuit_operator to 2025-07-02 00:00:00+00:00, run_after=2025-07-03 00:00:00+00:00
[2025-07-03T23:07:28.352+0200] {processor.py:183} INFO - Processing /home/leoja/airflow/airflow_venv/lib/python3.12/site-packages/airflow/example_dags/example_short_circuit_operator.py took 0.095 seconds
