[2025-07-03T22:44:32.804+0200] {processor.py:161} INFO - Started process (PID=1572) to work on /home/leoja/airflow/airflow_venv/lib/python3.12/site-packages/airflow/example_dags/example_nested_branch_dag.py
[2025-07-03T22:44:32.805+0200] {processor.py:830} INFO - Processing file /home/leoja/airflow/airflow_venv/lib/python3.12/site-packages/airflow/example_dags/example_nested_branch_dag.py for tasks to queue
[2025-07-03T22:44:32.807+0200] {logging_mixin.py:188} INFO - [2025-07-03T22:44:32.807+0200] {dagbag.py:540} INFO - Filling up the DagBag from /home/leoja/airflow/airflow_venv/lib/python3.12/site-packages/airflow/example_dags/example_nested_branch_dag.py
[2025-07-03T22:44:32.824+0200] {processor.py:840} INFO - DAG(s) 'example_nested_branch_dag' retrieved from /home/leoja/airflow/airflow_venv/lib/python3.12/site-packages/airflow/example_dags/example_nested_branch_dag.py
[2025-07-03T22:44:32.942+0200] {logging_mixin.py:188} INFO - [2025-07-03T22:44:32.942+0200] {dag.py:3096} INFO - Sync 1 DAGs
[2025-07-03T22:44:32.962+0200] {logging_mixin.py:188} INFO - [2025-07-03T22:44:32.962+0200] {dag.py:3954} INFO - Setting next_dagrun for example_nested_branch_dag to 2025-07-02 00:00:00+00:00, run_after=2025-07-03 00:00:00+00:00
[2025-07-03T22:44:32.987+0200] {processor.py:183} INFO - Processing /home/leoja/airflow/airflow_venv/lib/python3.12/site-packages/airflow/example_dags/example_nested_branch_dag.py took 0.189 seconds
[2025-07-03T22:45:29.541+0200] {processor.py:161} INFO - Started process (PID=2129) to work on /home/leoja/airflow/airflow_venv/lib/python3.12/site-packages/airflow/example_dags/example_nested_branch_dag.py
[2025-07-03T22:45:29.543+0200] {processor.py:830} INFO - Processing file /home/leoja/airflow/airflow_venv/lib/python3.12/site-packages/airflow/example_dags/example_nested_branch_dag.py for tasks to queue
[2025-07-03T22:45:29.545+0200] {logging_mixin.py:188} INFO - [2025-07-03T22:45:29.544+0200] {dagbag.py:540} INFO - Filling up the DagBag from /home/leoja/airflow/airflow_venv/lib/python3.12/site-packages/airflow/example_dags/example_nested_branch_dag.py
[2025-07-03T22:45:29.559+0200] {processor.py:840} INFO - DAG(s) 'example_nested_branch_dag' retrieved from /home/leoja/airflow/airflow_venv/lib/python3.12/site-packages/airflow/example_dags/example_nested_branch_dag.py
[2025-07-03T22:45:29.583+0200] {logging_mixin.py:188} INFO - [2025-07-03T22:45:29.583+0200] {dag.py:3096} INFO - Sync 1 DAGs
[2025-07-03T22:45:29.615+0200] {logging_mixin.py:188} INFO - [2025-07-03T22:45:29.614+0200] {dag.py:3954} INFO - Setting next_dagrun for example_nested_branch_dag to 2025-07-02 00:00:00+00:00, run_after=2025-07-03 00:00:00+00:00
[2025-07-03T22:45:29.657+0200] {processor.py:183} INFO - Processing /home/leoja/airflow/airflow_venv/lib/python3.12/site-packages/airflow/example_dags/example_nested_branch_dag.py took 0.125 seconds
[2025-07-03T22:46:21.818+0200] {processor.py:161} INFO - Started process (PID=2771) to work on /home/leoja/airflow/airflow_venv/lib/python3.12/site-packages/airflow/example_dags/example_nested_branch_dag.py
[2025-07-03T22:46:21.821+0200] {processor.py:830} INFO - Processing file /home/leoja/airflow/airflow_venv/lib/python3.12/site-packages/airflow/example_dags/example_nested_branch_dag.py for tasks to queue
[2025-07-03T22:46:21.824+0200] {logging_mixin.py:188} INFO - [2025-07-03T22:46:21.823+0200] {dagbag.py:540} INFO - Filling up the DagBag from /home/leoja/airflow/airflow_venv/lib/python3.12/site-packages/airflow/example_dags/example_nested_branch_dag.py
[2025-07-03T22:46:21.852+0200] {processor.py:840} INFO - DAG(s) 'example_nested_branch_dag' retrieved from /home/leoja/airflow/airflow_venv/lib/python3.12/site-packages/airflow/example_dags/example_nested_branch_dag.py
[2025-07-03T22:46:21.872+0200] {logging_mixin.py:188} INFO - [2025-07-03T22:46:21.872+0200] {dag.py:3096} INFO - Sync 1 DAGs
[2025-07-03T22:46:21.890+0200] {logging_mixin.py:188} INFO - [2025-07-03T22:46:21.890+0200] {dag.py:3954} INFO - Setting next_dagrun for example_nested_branch_dag to 2025-07-02 00:00:00+00:00, run_after=2025-07-03 00:00:00+00:00
[2025-07-03T22:46:21.916+0200] {processor.py:183} INFO - Processing /home/leoja/airflow/airflow_venv/lib/python3.12/site-packages/airflow/example_dags/example_nested_branch_dag.py took 0.115 seconds
[2025-07-03T23:05:03.405+0200] {processor.py:161} INFO - Started process (PID=3240) to work on /home/leoja/airflow/airflow_venv/lib/python3.12/site-packages/airflow/example_dags/example_nested_branch_dag.py
[2025-07-03T23:05:03.407+0200] {processor.py:830} INFO - Processing file /home/leoja/airflow/airflow_venv/lib/python3.12/site-packages/airflow/example_dags/example_nested_branch_dag.py for tasks to queue
[2025-07-03T23:05:03.409+0200] {logging_mixin.py:188} INFO - [2025-07-03T23:05:03.409+0200] {dagbag.py:540} INFO - Filling up the DagBag from /home/leoja/airflow/airflow_venv/lib/python3.12/site-packages/airflow/example_dags/example_nested_branch_dag.py
[2025-07-03T23:05:03.418+0200] {processor.py:840} INFO - DAG(s) 'example_nested_branch_dag' retrieved from /home/leoja/airflow/airflow_venv/lib/python3.12/site-packages/airflow/example_dags/example_nested_branch_dag.py
[2025-07-03T23:05:03.435+0200] {logging_mixin.py:188} INFO - [2025-07-03T23:05:03.435+0200] {dag.py:3096} INFO - Sync 1 DAGs
[2025-07-03T23:05:03.460+0200] {logging_mixin.py:188} INFO - [2025-07-03T23:05:03.460+0200] {dag.py:3954} INFO - Setting next_dagrun for example_nested_branch_dag to 2025-07-02 00:00:00+00:00, run_after=2025-07-03 00:00:00+00:00
[2025-07-03T23:05:03.492+0200] {processor.py:183} INFO - Processing /home/leoja/airflow/airflow_venv/lib/python3.12/site-packages/airflow/example_dags/example_nested_branch_dag.py took 0.095 seconds
[2025-07-03T23:06:11.954+0200] {processor.py:161} INFO - Started process (PID=3562) to work on /home/leoja/airflow/airflow_venv/lib/python3.12/site-packages/airflow/example_dags/example_nested_branch_dag.py
[2025-07-03T23:06:11.955+0200] {processor.py:830} INFO - Processing file /home/leoja/airflow/airflow_venv/lib/python3.12/site-packages/airflow/example_dags/example_nested_branch_dag.py for tasks to queue
[2025-07-03T23:06:11.957+0200] {logging_mixin.py:188} INFO - [2025-07-03T23:06:11.957+0200] {dagbag.py:540} INFO - Filling up the DagBag from /home/leoja/airflow/airflow_venv/lib/python3.12/site-packages/airflow/example_dags/example_nested_branch_dag.py
[2025-07-03T23:06:11.967+0200] {processor.py:840} INFO - DAG(s) 'example_nested_branch_dag' retrieved from /home/leoja/airflow/airflow_venv/lib/python3.12/site-packages/airflow/example_dags/example_nested_branch_dag.py
[2025-07-03T23:06:11.994+0200] {logging_mixin.py:188} INFO - [2025-07-03T23:06:11.994+0200] {dag.py:3096} INFO - Sync 1 DAGs
[2025-07-03T23:06:12.018+0200] {logging_mixin.py:188} INFO - [2025-07-03T23:06:12.018+0200] {dag.py:3954} INFO - Setting next_dagrun for example_nested_branch_dag to 2025-07-02 00:00:00+00:00, run_after=2025-07-03 00:00:00+00:00
[2025-07-03T23:06:12.046+0200] {processor.py:183} INFO - Processing /home/leoja/airflow/airflow_venv/lib/python3.12/site-packages/airflow/example_dags/example_nested_branch_dag.py took 0.098 seconds
