[2025-07-03T22:44:21.107+0200] {processor.py:161} INFO - Started process (PID=1528) to work on /home/leoja/airflow/airflow_venv/lib/python3.12/site-packages/airflow/example_dags/example_datasets.py
[2025-07-03T22:44:21.109+0200] {processor.py:830} INFO - Processing file /home/leoja/airflow/airflow_venv/lib/python3.12/site-packages/airflow/example_dags/example_datasets.py for tasks to queue
[2025-07-03T22:44:21.112+0200] {logging_mixin.py:188} INFO - [2025-07-03T22:44:21.111+0200] {dagbag.py:540} INFO - Filling up the DagBag from /home/leoja/airflow/airflow_venv/lib/python3.12/site-packages/airflow/example_dags/example_datasets.py
[2025-07-03T22:44:21.132+0200] {processor.py:840} INFO - DAG(s) 'consume_1_or_2_with_dataset_expressions', 'dataset_produces_1', 'dataset_consumes_unknown_never_scheduled', 'consume_1_and_2_with_dataset_expressions', 'dataset_consumes_1', 'dataset_produces_2', 'consume_1_or_both_2_and_3_with_dataset_expressions', 'conditional_dataset_and_time_based_timetable', 'dataset_consumes_1_and_2', 'dataset_consumes_1_never_scheduled' retrieved from /home/leoja/airflow/airflow_venv/lib/python3.12/site-packages/airflow/example_dags/example_datasets.py
[2025-07-03T22:44:21.142+0200] {logging_mixin.py:188} INFO - [2025-07-03T22:44:21.142+0200] {dag.py:3096} INFO - Sync 10 DAGs
[2025-07-03T22:44:21.165+0200] {logging_mixin.py:188} INFO - [2025-07-03T22:44:21.164+0200] {dag.py:3954} INFO - Setting next_dagrun for conditional_dataset_and_time_based_timetable to 2025-07-02 01:00:00+00:00, run_after=2025-07-02 01:00:00+00:00
[2025-07-03T22:44:21.168+0200] {logging_mixin.py:188} INFO - [2025-07-03T22:44:21.168+0200] {dag.py:3954} INFO - Setting next_dagrun for consume_1_and_2_with_dataset_expressions to None, run_after=None
[2025-07-03T22:44:21.169+0200] {logging_mixin.py:188} INFO - [2025-07-03T22:44:21.169+0200] {dag.py:3954} INFO - Setting next_dagrun for consume_1_or_2_with_dataset_expressions to None, run_after=None
[2025-07-03T22:44:21.170+0200] {logging_mixin.py:188} INFO - [2025-07-03T22:44:21.170+0200] {dag.py:3954} INFO - Setting next_dagrun for consume_1_or_both_2_and_3_with_dataset_expressions to None, run_after=None
[2025-07-03T22:44:21.190+0200] {logging_mixin.py:188} INFO - [2025-07-03T22:44:21.190+0200] {dag.py:3954} INFO - Setting next_dagrun for dataset_consumes_1 to None, run_after=None
[2025-07-03T22:44:21.192+0200] {logging_mixin.py:188} INFO - [2025-07-03T22:44:21.192+0200] {dag.py:3954} INFO - Setting next_dagrun for dataset_consumes_1_and_2 to None, run_after=None
[2025-07-03T22:44:21.194+0200] {logging_mixin.py:188} INFO - [2025-07-03T22:44:21.193+0200] {dag.py:3954} INFO - Setting next_dagrun for dataset_consumes_1_never_scheduled to None, run_after=None
[2025-07-03T22:44:21.194+0200] {logging_mixin.py:188} INFO - [2025-07-03T22:44:21.194+0200] {dag.py:3954} INFO - Setting next_dagrun for dataset_consumes_unknown_never_scheduled to None, run_after=None
[2025-07-03T22:44:21.196+0200] {logging_mixin.py:188} INFO - [2025-07-03T22:44:21.196+0200] {dag.py:3954} INFO - Setting next_dagrun for dataset_produces_1 to 2025-07-02 00:00:00+00:00, run_after=2025-07-03 00:00:00+00:00
[2025-07-03T22:44:21.199+0200] {logging_mixin.py:188} INFO - [2025-07-03T22:44:21.198+0200] {dag.py:3954} INFO - Setting next_dagrun for dataset_produces_2 to None, run_after=None
[2025-07-03T22:44:21.246+0200] {processor.py:183} INFO - Processing /home/leoja/airflow/airflow_venv/lib/python3.12/site-packages/airflow/example_dags/example_datasets.py took 0.146 seconds
[2025-07-03T22:45:21.029+0200] {processor.py:161} INFO - Started process (PID=2050) to work on /home/leoja/airflow/airflow_venv/lib/python3.12/site-packages/airflow/example_dags/example_datasets.py
[2025-07-03T22:45:21.031+0200] {processor.py:830} INFO - Processing file /home/leoja/airflow/airflow_venv/lib/python3.12/site-packages/airflow/example_dags/example_datasets.py for tasks to queue
[2025-07-03T22:45:21.032+0200] {logging_mixin.py:188} INFO - [2025-07-03T22:45:21.032+0200] {dagbag.py:540} INFO - Filling up the DagBag from /home/leoja/airflow/airflow_venv/lib/python3.12/site-packages/airflow/example_dags/example_datasets.py
[2025-07-03T22:45:21.045+0200] {processor.py:840} INFO - DAG(s) 'dataset_consumes_1', 'consume_1_and_2_with_dataset_expressions', 'conditional_dataset_and_time_based_timetable', 'dataset_consumes_1_never_scheduled', 'dataset_consumes_1_and_2', 'dataset_produces_2', 'consume_1_or_2_with_dataset_expressions', 'consume_1_or_both_2_and_3_with_dataset_expressions', 'dataset_consumes_unknown_never_scheduled', 'dataset_produces_1' retrieved from /home/leoja/airflow/airflow_venv/lib/python3.12/site-packages/airflow/example_dags/example_datasets.py
[2025-07-03T22:45:21.225+0200] {logging_mixin.py:188} INFO - [2025-07-03T22:45:21.225+0200] {dag.py:3096} INFO - Sync 10 DAGs
[2025-07-03T22:45:21.239+0200] {logging_mixin.py:188} INFO - [2025-07-03T22:45:21.238+0200] {dag.py:3954} INFO - Setting next_dagrun for conditional_dataset_and_time_based_timetable to 2025-07-02 01:00:00+00:00, run_after=2025-07-02 01:00:00+00:00
[2025-07-03T22:45:21.241+0200] {logging_mixin.py:188} INFO - [2025-07-03T22:45:21.241+0200] {dag.py:3954} INFO - Setting next_dagrun for consume_1_and_2_with_dataset_expressions to None, run_after=None
[2025-07-03T22:45:21.242+0200] {logging_mixin.py:188} INFO - [2025-07-03T22:45:21.242+0200] {dag.py:3954} INFO - Setting next_dagrun for consume_1_or_2_with_dataset_expressions to None, run_after=None
[2025-07-03T22:45:21.242+0200] {logging_mixin.py:188} INFO - [2025-07-03T22:45:21.242+0200] {dag.py:3954} INFO - Setting next_dagrun for consume_1_or_both_2_and_3_with_dataset_expressions to None, run_after=None
[2025-07-03T22:45:21.243+0200] {logging_mixin.py:188} INFO - [2025-07-03T22:45:21.243+0200] {dag.py:3954} INFO - Setting next_dagrun for dataset_consumes_1 to None, run_after=None
[2025-07-03T22:45:21.243+0200] {logging_mixin.py:188} INFO - [2025-07-03T22:45:21.243+0200] {dag.py:3954} INFO - Setting next_dagrun for dataset_consumes_1_and_2 to None, run_after=None
[2025-07-03T22:45:21.244+0200] {logging_mixin.py:188} INFO - [2025-07-03T22:45:21.244+0200] {dag.py:3954} INFO - Setting next_dagrun for dataset_consumes_1_never_scheduled to None, run_after=None
[2025-07-03T22:45:21.244+0200] {logging_mixin.py:188} INFO - [2025-07-03T22:45:21.244+0200] {dag.py:3954} INFO - Setting next_dagrun for dataset_consumes_unknown_never_scheduled to None, run_after=None
[2025-07-03T22:45:21.245+0200] {logging_mixin.py:188} INFO - [2025-07-03T22:45:21.245+0200] {dag.py:3954} INFO - Setting next_dagrun for dataset_produces_1 to 2025-07-02 00:00:00+00:00, run_after=2025-07-03 00:00:00+00:00
[2025-07-03T22:45:21.246+0200] {logging_mixin.py:188} INFO - [2025-07-03T22:45:21.246+0200] {dag.py:3954} INFO - Setting next_dagrun for dataset_produces_2 to None, run_after=None
[2025-07-03T22:45:21.271+0200] {processor.py:183} INFO - Processing /home/leoja/airflow/airflow_venv/lib/python3.12/site-packages/airflow/example_dags/example_datasets.py took 0.247 seconds
[2025-07-03T22:46:11.648+0200] {processor.py:161} INFO - Started process (PID=2707) to work on /home/leoja/airflow/airflow_venv/lib/python3.12/site-packages/airflow/example_dags/example_datasets.py
[2025-07-03T22:46:11.650+0200] {processor.py:830} INFO - Processing file /home/leoja/airflow/airflow_venv/lib/python3.12/site-packages/airflow/example_dags/example_datasets.py for tasks to queue
[2025-07-03T22:46:11.653+0200] {logging_mixin.py:188} INFO - [2025-07-03T22:46:11.652+0200] {dagbag.py:540} INFO - Filling up the DagBag from /home/leoja/airflow/airflow_venv/lib/python3.12/site-packages/airflow/example_dags/example_datasets.py
[2025-07-03T22:46:11.662+0200] {processor.py:840} INFO - DAG(s) 'dataset_consumes_1_and_2', 'dataset_consumes_unknown_never_scheduled', 'dataset_consumes_1_never_scheduled', 'dataset_produces_1', 'consume_1_or_both_2_and_3_with_dataset_expressions', 'consume_1_or_2_with_dataset_expressions', 'dataset_consumes_1', 'conditional_dataset_and_time_based_timetable', 'consume_1_and_2_with_dataset_expressions', 'dataset_produces_2' retrieved from /home/leoja/airflow/airflow_venv/lib/python3.12/site-packages/airflow/example_dags/example_datasets.py
[2025-07-03T22:46:11.691+0200] {logging_mixin.py:188} INFO - [2025-07-03T22:46:11.691+0200] {dag.py:3096} INFO - Sync 10 DAGs
[2025-07-03T22:46:11.708+0200] {logging_mixin.py:188} INFO - [2025-07-03T22:46:11.708+0200] {dag.py:3954} INFO - Setting next_dagrun for conditional_dataset_and_time_based_timetable to 2025-07-02 01:00:00+00:00, run_after=2025-07-02 01:00:00+00:00
[2025-07-03T22:46:11.712+0200] {logging_mixin.py:188} INFO - [2025-07-03T22:46:11.712+0200] {dag.py:3954} INFO - Setting next_dagrun for consume_1_and_2_with_dataset_expressions to None, run_after=None
[2025-07-03T22:46:11.713+0200] {logging_mixin.py:188} INFO - [2025-07-03T22:46:11.713+0200] {dag.py:3954} INFO - Setting next_dagrun for consume_1_or_2_with_dataset_expressions to None, run_after=None
[2025-07-03T22:46:11.713+0200] {logging_mixin.py:188} INFO - [2025-07-03T22:46:11.713+0200] {dag.py:3954} INFO - Setting next_dagrun for consume_1_or_both_2_and_3_with_dataset_expressions to None, run_after=None
[2025-07-03T22:46:11.714+0200] {logging_mixin.py:188} INFO - [2025-07-03T22:46:11.714+0200] {dag.py:3954} INFO - Setting next_dagrun for dataset_consumes_1 to None, run_after=None
[2025-07-03T22:46:11.714+0200] {logging_mixin.py:188} INFO - [2025-07-03T22:46:11.714+0200] {dag.py:3954} INFO - Setting next_dagrun for dataset_consumes_1_and_2 to None, run_after=None
[2025-07-03T22:46:11.715+0200] {logging_mixin.py:188} INFO - [2025-07-03T22:46:11.715+0200] {dag.py:3954} INFO - Setting next_dagrun for dataset_consumes_1_never_scheduled to None, run_after=None
[2025-07-03T22:46:11.715+0200] {logging_mixin.py:188} INFO - [2025-07-03T22:46:11.715+0200] {dag.py:3954} INFO - Setting next_dagrun for dataset_consumes_unknown_never_scheduled to None, run_after=None
[2025-07-03T22:46:11.717+0200] {logging_mixin.py:188} INFO - [2025-07-03T22:46:11.717+0200] {dag.py:3954} INFO - Setting next_dagrun for dataset_produces_1 to 2025-07-02 00:00:00+00:00, run_after=2025-07-03 00:00:00+00:00
[2025-07-03T22:46:11.718+0200] {logging_mixin.py:188} INFO - [2025-07-03T22:46:11.718+0200] {dag.py:3954} INFO - Setting next_dagrun for dataset_produces_2 to None, run_after=None
[2025-07-03T22:46:11.746+0200] {processor.py:183} INFO - Processing /home/leoja/airflow/airflow_venv/lib/python3.12/site-packages/airflow/example_dags/example_datasets.py took 0.104 seconds
[2025-07-03T23:04:52.874+0200] {processor.py:161} INFO - Started process (PID=3170) to work on /home/leoja/airflow/airflow_venv/lib/python3.12/site-packages/airflow/example_dags/example_datasets.py
[2025-07-03T23:04:52.877+0200] {processor.py:830} INFO - Processing file /home/leoja/airflow/airflow_venv/lib/python3.12/site-packages/airflow/example_dags/example_datasets.py for tasks to queue
[2025-07-03T23:04:52.880+0200] {logging_mixin.py:188} INFO - [2025-07-03T23:04:52.880+0200] {dagbag.py:540} INFO - Filling up the DagBag from /home/leoja/airflow/airflow_venv/lib/python3.12/site-packages/airflow/example_dags/example_datasets.py
[2025-07-03T23:04:52.891+0200] {processor.py:840} INFO - DAG(s) 'consume_1_or_2_with_dataset_expressions', 'dataset_consumes_1_never_scheduled', 'dataset_produces_2', 'dataset_produces_1', 'dataset_consumes_unknown_never_scheduled', 'dataset_consumes_1', 'consume_1_or_both_2_and_3_with_dataset_expressions', 'consume_1_and_2_with_dataset_expressions', 'conditional_dataset_and_time_based_timetable', 'dataset_consumes_1_and_2' retrieved from /home/leoja/airflow/airflow_venv/lib/python3.12/site-packages/airflow/example_dags/example_datasets.py
[2025-07-03T23:04:52.915+0200] {logging_mixin.py:188} INFO - [2025-07-03T23:04:52.915+0200] {dag.py:3096} INFO - Sync 10 DAGs
[2025-07-03T23:04:52.930+0200] {logging_mixin.py:188} INFO - [2025-07-03T23:04:52.930+0200] {dag.py:3954} INFO - Setting next_dagrun for conditional_dataset_and_time_based_timetable to 2025-07-02 01:00:00+00:00, run_after=2025-07-02 01:00:00+00:00
[2025-07-03T23:04:52.932+0200] {logging_mixin.py:188} INFO - [2025-07-03T23:04:52.932+0200] {dag.py:3954} INFO - Setting next_dagrun for consume_1_and_2_with_dataset_expressions to None, run_after=None
[2025-07-03T23:04:52.933+0200] {logging_mixin.py:188} INFO - [2025-07-03T23:04:52.933+0200] {dag.py:3954} INFO - Setting next_dagrun for consume_1_or_2_with_dataset_expressions to None, run_after=None
[2025-07-03T23:04:52.933+0200] {logging_mixin.py:188} INFO - [2025-07-03T23:04:52.933+0200] {dag.py:3954} INFO - Setting next_dagrun for consume_1_or_both_2_and_3_with_dataset_expressions to None, run_after=None
[2025-07-03T23:04:52.934+0200] {logging_mixin.py:188} INFO - [2025-07-03T23:04:52.934+0200] {dag.py:3954} INFO - Setting next_dagrun for dataset_consumes_1 to None, run_after=None
[2025-07-03T23:04:52.934+0200] {logging_mixin.py:188} INFO - [2025-07-03T23:04:52.934+0200] {dag.py:3954} INFO - Setting next_dagrun for dataset_consumes_1_and_2 to None, run_after=None
[2025-07-03T23:04:52.935+0200] {logging_mixin.py:188} INFO - [2025-07-03T23:04:52.934+0200] {dag.py:3954} INFO - Setting next_dagrun for dataset_consumes_1_never_scheduled to None, run_after=None
[2025-07-03T23:04:52.935+0200] {logging_mixin.py:188} INFO - [2025-07-03T23:04:52.935+0200] {dag.py:3954} INFO - Setting next_dagrun for dataset_consumes_unknown_never_scheduled to None, run_after=None
[2025-07-03T23:04:52.936+0200] {logging_mixin.py:188} INFO - [2025-07-03T23:04:52.936+0200] {dag.py:3954} INFO - Setting next_dagrun for dataset_produces_1 to 2025-07-02 00:00:00+00:00, run_after=2025-07-03 00:00:00+00:00
[2025-07-03T23:04:52.936+0200] {logging_mixin.py:188} INFO - [2025-07-03T23:04:52.936+0200] {dag.py:3954} INFO - Setting next_dagrun for dataset_produces_2 to None, run_after=None
[2025-07-03T23:04:52.966+0200] {processor.py:183} INFO - Processing /home/leoja/airflow/airflow_venv/lib/python3.12/site-packages/airflow/example_dags/example_datasets.py took 0.100 seconds
[2025-07-03T23:06:02.828+0200] {processor.py:161} INFO - Started process (PID=3526) to work on /home/leoja/airflow/airflow_venv/lib/python3.12/site-packages/airflow/example_dags/example_datasets.py
[2025-07-03T23:06:02.832+0200] {processor.py:830} INFO - Processing file /home/leoja/airflow/airflow_venv/lib/python3.12/site-packages/airflow/example_dags/example_datasets.py for tasks to queue
[2025-07-03T23:06:02.836+0200] {logging_mixin.py:188} INFO - [2025-07-03T23:06:02.835+0200] {dagbag.py:540} INFO - Filling up the DagBag from /home/leoja/airflow/airflow_venv/lib/python3.12/site-packages/airflow/example_dags/example_datasets.py
[2025-07-03T23:06:02.865+0200] {processor.py:840} INFO - DAG(s) 'consume_1_and_2_with_dataset_expressions', 'dataset_consumes_1_and_2', 'conditional_dataset_and_time_based_timetable', 'consume_1_or_2_with_dataset_expressions', 'dataset_consumes_1_never_scheduled', 'dataset_produces_1', 'dataset_consumes_1', 'dataset_produces_2', 'consume_1_or_both_2_and_3_with_dataset_expressions', 'dataset_consumes_unknown_never_scheduled' retrieved from /home/leoja/airflow/airflow_venv/lib/python3.12/site-packages/airflow/example_dags/example_datasets.py
[2025-07-03T23:06:02.894+0200] {logging_mixin.py:188} INFO - [2025-07-03T23:06:02.894+0200] {dag.py:3096} INFO - Sync 10 DAGs
[2025-07-03T23:06:02.912+0200] {logging_mixin.py:188} INFO - [2025-07-03T23:06:02.911+0200] {dag.py:3954} INFO - Setting next_dagrun for conditional_dataset_and_time_based_timetable to 2025-07-02 01:00:00+00:00, run_after=2025-07-02 01:00:00+00:00
[2025-07-03T23:06:02.914+0200] {logging_mixin.py:188} INFO - [2025-07-03T23:06:02.914+0200] {dag.py:3954} INFO - Setting next_dagrun for consume_1_and_2_with_dataset_expressions to None, run_after=None
[2025-07-03T23:06:02.914+0200] {logging_mixin.py:188} INFO - [2025-07-03T23:06:02.914+0200] {dag.py:3954} INFO - Setting next_dagrun for consume_1_or_2_with_dataset_expressions to None, run_after=None
[2025-07-03T23:06:02.915+0200] {logging_mixin.py:188} INFO - [2025-07-03T23:06:02.915+0200] {dag.py:3954} INFO - Setting next_dagrun for consume_1_or_both_2_and_3_with_dataset_expressions to None, run_after=None
[2025-07-03T23:06:02.915+0200] {logging_mixin.py:188} INFO - [2025-07-03T23:06:02.915+0200] {dag.py:3954} INFO - Setting next_dagrun for dataset_consumes_1 to None, run_after=None
[2025-07-03T23:06:02.916+0200] {logging_mixin.py:188} INFO - [2025-07-03T23:06:02.916+0200] {dag.py:3954} INFO - Setting next_dagrun for dataset_consumes_1_and_2 to None, run_after=None
[2025-07-03T23:06:02.916+0200] {logging_mixin.py:188} INFO - [2025-07-03T23:06:02.916+0200] {dag.py:3954} INFO - Setting next_dagrun for dataset_consumes_1_never_scheduled to None, run_after=None
[2025-07-03T23:06:02.917+0200] {logging_mixin.py:188} INFO - [2025-07-03T23:06:02.917+0200] {dag.py:3954} INFO - Setting next_dagrun for dataset_consumes_unknown_never_scheduled to None, run_after=None
[2025-07-03T23:06:02.918+0200] {logging_mixin.py:188} INFO - [2025-07-03T23:06:02.918+0200] {dag.py:3954} INFO - Setting next_dagrun for dataset_produces_1 to 2025-07-02 00:00:00+00:00, run_after=2025-07-03 00:00:00+00:00
[2025-07-03T23:06:02.918+0200] {logging_mixin.py:188} INFO - [2025-07-03T23:06:02.918+0200] {dag.py:3954} INFO - Setting next_dagrun for dataset_produces_2 to None, run_after=None
[2025-07-03T23:06:02.955+0200] {processor.py:183} INFO - Processing /home/leoja/airflow/airflow_venv/lib/python3.12/site-packages/airflow/example_dags/example_datasets.py took 0.143 seconds
