[2025-07-03T22:44:24.950+0200] {processor.py:161} INFO - Started process (PID=1538) to work on /home/leoja/airflow/airflow_venv/lib/python3.12/site-packages/airflow/example_dags/example_task_group_decorator.py
[2025-07-03T22:44:24.951+0200] {processor.py:830} INFO - Processing file /home/leoja/airflow/airflow_venv/lib/python3.12/site-packages/airflow/example_dags/example_task_group_decorator.py for tasks to queue
[2025-07-03T22:44:24.954+0200] {logging_mixin.py:188} INFO - [2025-07-03T22:44:24.953+0200] {dagbag.py:540} INFO - Filling up the DagBag from /home/leoja/airflow/airflow_venv/lib/python3.12/site-packages/airflow/example_dags/example_task_group_decorator.py
[2025-07-03T22:44:24.981+0200] {processor.py:840} INFO - DAG(s) 'example_task_group_decorator' retrieved from /home/leoja/airflow/airflow_venv/lib/python3.12/site-packages/airflow/example_dags/example_task_group_decorator.py
[2025-07-03T22:44:25.082+0200] {logging_mixin.py:188} INFO - [2025-07-03T22:44:25.082+0200] {dag.py:3096} INFO - Sync 1 DAGs
[2025-07-03T22:44:25.101+0200] {logging_mixin.py:188} INFO - [2025-07-03T22:44:25.101+0200] {dag.py:3954} INFO - Setting next_dagrun for example_task_group_decorator to 2025-07-02 00:00:00+00:00, run_after=2025-07-03 00:00:00+00:00
[2025-07-03T22:44:25.124+0200] {processor.py:183} INFO - Processing /home/leoja/airflow/airflow_venv/lib/python3.12/site-packages/airflow/example_dags/example_task_group_decorator.py took 0.185 seconds
[2025-07-03T22:45:23.692+0200] {processor.py:161} INFO - Started process (PID=2058) to work on /home/leoja/airflow/airflow_venv/lib/python3.12/site-packages/airflow/example_dags/example_task_group_decorator.py
[2025-07-03T22:45:23.694+0200] {processor.py:830} INFO - Processing file /home/leoja/airflow/airflow_venv/lib/python3.12/site-packages/airflow/example_dags/example_task_group_decorator.py for tasks to queue
[2025-07-03T22:45:23.696+0200] {logging_mixin.py:188} INFO - [2025-07-03T22:45:23.695+0200] {dagbag.py:540} INFO - Filling up the DagBag from /home/leoja/airflow/airflow_venv/lib/python3.12/site-packages/airflow/example_dags/example_task_group_decorator.py
[2025-07-03T22:45:23.709+0200] {processor.py:840} INFO - DAG(s) 'example_task_group_decorator' retrieved from /home/leoja/airflow/airflow_venv/lib/python3.12/site-packages/airflow/example_dags/example_task_group_decorator.py
[2025-07-03T22:45:23.725+0200] {logging_mixin.py:188} INFO - [2025-07-03T22:45:23.724+0200] {dag.py:3096} INFO - Sync 1 DAGs
[2025-07-03T22:45:23.741+0200] {logging_mixin.py:188} INFO - [2025-07-03T22:45:23.741+0200] {dag.py:3954} INFO - Setting next_dagrun for example_task_group_decorator to 2025-07-02 00:00:00+00:00, run_after=2025-07-03 00:00:00+00:00
[2025-07-03T22:45:23.764+0200] {processor.py:183} INFO - Processing /home/leoja/airflow/airflow_venv/lib/python3.12/site-packages/airflow/example_dags/example_task_group_decorator.py took 0.076 seconds
[2025-07-03T22:46:14.678+0200] {processor.py:161} INFO - Started process (PID=2711) to work on /home/leoja/airflow/airflow_venv/lib/python3.12/site-packages/airflow/example_dags/example_task_group_decorator.py
[2025-07-03T22:46:14.679+0200] {processor.py:830} INFO - Processing file /home/leoja/airflow/airflow_venv/lib/python3.12/site-packages/airflow/example_dags/example_task_group_decorator.py for tasks to queue
[2025-07-03T22:46:14.681+0200] {logging_mixin.py:188} INFO - [2025-07-03T22:46:14.680+0200] {dagbag.py:540} INFO - Filling up the DagBag from /home/leoja/airflow/airflow_venv/lib/python3.12/site-packages/airflow/example_dags/example_task_group_decorator.py
[2025-07-03T22:46:14.694+0200] {processor.py:840} INFO - DAG(s) 'example_task_group_decorator' retrieved from /home/leoja/airflow/airflow_venv/lib/python3.12/site-packages/airflow/example_dags/example_task_group_decorator.py
[2025-07-03T22:46:14.709+0200] {logging_mixin.py:188} INFO - [2025-07-03T22:46:14.709+0200] {dag.py:3096} INFO - Sync 1 DAGs
[2025-07-03T22:46:14.724+0200] {logging_mixin.py:188} INFO - [2025-07-03T22:46:14.723+0200] {dag.py:3954} INFO - Setting next_dagrun for example_task_group_decorator to 2025-07-02 00:00:00+00:00, run_after=2025-07-03 00:00:00+00:00
[2025-07-03T22:46:14.750+0200] {processor.py:183} INFO - Processing /home/leoja/airflow/airflow_venv/lib/python3.12/site-packages/airflow/example_dags/example_task_group_decorator.py took 0.077 seconds
[2025-07-03T23:04:55.695+0200] {processor.py:161} INFO - Started process (PID=3173) to work on /home/leoja/airflow/airflow_venv/lib/python3.12/site-packages/airflow/example_dags/example_task_group_decorator.py
[2025-07-03T23:04:55.697+0200] {processor.py:830} INFO - Processing file /home/leoja/airflow/airflow_venv/lib/python3.12/site-packages/airflow/example_dags/example_task_group_decorator.py for tasks to queue
[2025-07-03T23:04:55.699+0200] {logging_mixin.py:188} INFO - [2025-07-03T23:04:55.698+0200] {dagbag.py:540} INFO - Filling up the DagBag from /home/leoja/airflow/airflow_venv/lib/python3.12/site-packages/airflow/example_dags/example_task_group_decorator.py
[2025-07-03T23:04:55.709+0200] {processor.py:840} INFO - DAG(s) 'example_task_group_decorator' retrieved from /home/leoja/airflow/airflow_venv/lib/python3.12/site-packages/airflow/example_dags/example_task_group_decorator.py
[2025-07-03T23:04:55.723+0200] {logging_mixin.py:188} INFO - [2025-07-03T23:04:55.723+0200] {dag.py:3096} INFO - Sync 1 DAGs
[2025-07-03T23:04:55.737+0200] {logging_mixin.py:188} INFO - [2025-07-03T23:04:55.737+0200] {dag.py:3954} INFO - Setting next_dagrun for example_task_group_decorator to 2025-07-02 00:00:00+00:00, run_after=2025-07-03 00:00:00+00:00
[2025-07-03T23:04:55.763+0200] {processor.py:183} INFO - Processing /home/leoja/airflow/airflow_venv/lib/python3.12/site-packages/airflow/example_dags/example_task_group_decorator.py took 0.074 seconds
[2025-07-03T23:06:05.573+0200] {processor.py:161} INFO - Started process (PID=3530) to work on /home/leoja/airflow/airflow_venv/lib/python3.12/site-packages/airflow/example_dags/example_task_group_decorator.py
[2025-07-03T23:06:05.576+0200] {processor.py:830} INFO - Processing file /home/leoja/airflow/airflow_venv/lib/python3.12/site-packages/airflow/example_dags/example_task_group_decorator.py for tasks to queue
[2025-07-03T23:06:05.578+0200] {logging_mixin.py:188} INFO - [2025-07-03T23:06:05.577+0200] {dagbag.py:540} INFO - Filling up the DagBag from /home/leoja/airflow/airflow_venv/lib/python3.12/site-packages/airflow/example_dags/example_task_group_decorator.py
[2025-07-03T23:06:05.596+0200] {processor.py:840} INFO - DAG(s) 'example_task_group_decorator' retrieved from /home/leoja/airflow/airflow_venv/lib/python3.12/site-packages/airflow/example_dags/example_task_group_decorator.py
[2025-07-03T23:06:05.614+0200] {logging_mixin.py:188} INFO - [2025-07-03T23:06:05.614+0200] {dag.py:3096} INFO - Sync 1 DAGs
[2025-07-03T23:06:05.633+0200] {logging_mixin.py:188} INFO - [2025-07-03T23:06:05.633+0200] {dag.py:3954} INFO - Setting next_dagrun for example_task_group_decorator to 2025-07-02 00:00:00+00:00, run_after=2025-07-03 00:00:00+00:00
[2025-07-03T23:06:05.665+0200] {processor.py:183} INFO - Processing /home/leoja/airflow/airflow_venv/lib/python3.12/site-packages/airflow/example_dags/example_task_group_decorator.py took 0.102 seconds
