[2025-07-03T22:45:04.899+0200] {processor.py:161} INFO - Started process (PID=1920) to work on /home/leoja/airflow/airflow_venv/lib/python3.12/site-packages/airflow/example_dags/example_branch_python_dop_operator_3.py
[2025-07-03T22:45:04.900+0200] {processor.py:830} INFO - Processing file /home/leoja/airflow/airflow_venv/lib/python3.12/site-packages/airflow/example_dags/example_branch_python_dop_operator_3.py for tasks to queue
[2025-07-03T22:45:04.901+0200] {logging_mixin.py:188} INFO - [2025-07-03T22:45:04.901+0200] {dagbag.py:540} INFO - Filling up the DagBag from /home/leoja/airflow/airflow_venv/lib/python3.12/site-packages/airflow/example_dags/example_branch_python_dop_operator_3.py
[2025-07-03T22:45:04.909+0200] {processor.py:840} INFO - DAG(s) 'example_branch_dop_operator_v3' retrieved from /home/leoja/airflow/airflow_venv/lib/python3.12/site-packages/airflow/example_dags/example_branch_python_dop_operator_3.py
[2025-07-03T22:45:04.984+0200] {logging_mixin.py:188} INFO - [2025-07-03T22:45:04.984+0200] {dag.py:3096} INFO - Sync 1 DAGs
[2025-07-03T22:45:04.999+0200] {logging_mixin.py:188} INFO - [2025-07-03T22:45:04.999+0200] {dag.py:3954} INFO - Setting next_dagrun for example_branch_dop_operator_v3 to 2025-07-03 20:44:00+00:00, run_after=2025-07-03 20:45:00+00:00
[2025-07-03T22:45:05.023+0200] {processor.py:183} INFO - Processing /home/leoja/airflow/airflow_venv/lib/python3.12/site-packages/airflow/example_dags/example_branch_python_dop_operator_3.py took 0.128 seconds
[2025-07-03T22:46:22.094+0200] {processor.py:161} INFO - Started process (PID=2772) to work on /home/leoja/airflow/airflow_venv/lib/python3.12/site-packages/airflow/example_dags/example_branch_python_dop_operator_3.py
[2025-07-03T22:46:22.096+0200] {processor.py:830} INFO - Processing file /home/leoja/airflow/airflow_venv/lib/python3.12/site-packages/airflow/example_dags/example_branch_python_dop_operator_3.py for tasks to queue
[2025-07-03T22:46:22.098+0200] {logging_mixin.py:188} INFO - [2025-07-03T22:46:22.097+0200] {dagbag.py:540} INFO - Filling up the DagBag from /home/leoja/airflow/airflow_venv/lib/python3.12/site-packages/airflow/example_dags/example_branch_python_dop_operator_3.py
[2025-07-03T22:46:22.105+0200] {processor.py:840} INFO - DAG(s) 'example_branch_dop_operator_v3' retrieved from /home/leoja/airflow/airflow_venv/lib/python3.12/site-packages/airflow/example_dags/example_branch_python_dop_operator_3.py
[2025-07-03T22:46:22.121+0200] {logging_mixin.py:188} INFO - [2025-07-03T22:46:22.120+0200] {dag.py:3096} INFO - Sync 1 DAGs
[2025-07-03T22:46:22.140+0200] {logging_mixin.py:188} INFO - [2025-07-03T22:46:22.139+0200] {dag.py:3954} INFO - Setting next_dagrun for example_branch_dop_operator_v3 to 2025-07-03 20:45:00+00:00, run_after=2025-07-03 20:46:00+00:00
[2025-07-03T22:46:22.189+0200] {processor.py:183} INFO - Processing /home/leoja/airflow/airflow_venv/lib/python3.12/site-packages/airflow/example_dags/example_branch_python_dop_operator_3.py took 0.102 seconds
[2025-07-03T23:05:46.150+0200] {processor.py:161} INFO - Started process (PID=3420) to work on /home/leoja/airflow/airflow_venv/lib/python3.12/site-packages/airflow/example_dags/example_branch_python_dop_operator_3.py
[2025-07-03T23:05:46.153+0200] {processor.py:830} INFO - Processing file /home/leoja/airflow/airflow_venv/lib/python3.12/site-packages/airflow/example_dags/example_branch_python_dop_operator_3.py for tasks to queue
[2025-07-03T23:05:46.159+0200] {logging_mixin.py:188} INFO - [2025-07-03T23:05:46.158+0200] {dagbag.py:540} INFO - Filling up the DagBag from /home/leoja/airflow/airflow_venv/lib/python3.12/site-packages/airflow/example_dags/example_branch_python_dop_operator_3.py
[2025-07-03T23:05:46.176+0200] {processor.py:840} INFO - DAG(s) 'example_branch_dop_operator_v3' retrieved from /home/leoja/airflow/airflow_venv/lib/python3.12/site-packages/airflow/example_dags/example_branch_python_dop_operator_3.py
[2025-07-03T23:05:46.195+0200] {logging_mixin.py:188} INFO - [2025-07-03T23:05:46.195+0200] {dag.py:3096} INFO - Sync 1 DAGs
[2025-07-03T23:05:46.214+0200] {logging_mixin.py:188} INFO - [2025-07-03T23:05:46.213+0200] {dag.py:3954} INFO - Setting next_dagrun for example_branch_dop_operator_v3 to 2025-07-03 21:04:00+00:00, run_after=2025-07-03 21:05:00+00:00
[2025-07-03T23:05:46.251+0200] {processor.py:183} INFO - Processing /home/leoja/airflow/airflow_venv/lib/python3.12/site-packages/airflow/example_dags/example_branch_python_dop_operator_3.py took 0.116 seconds
