[2025-07-03T22:44:22.406+0200] {processor.py:161} INFO - Started process (PID=1529) to work on /home/leoja/airflow/airflow_venv/lib/python3.12/site-packages/airflow/example_dags/example_latest_only_with_trigger.py
[2025-07-03T22:44:22.409+0200] {processor.py:830} INFO - Processing file /home/leoja/airflow/airflow_venv/lib/python3.12/site-packages/airflow/example_dags/example_latest_only_with_trigger.py for tasks to queue
[2025-07-03T22:44:22.412+0200] {logging_mixin.py:188} INFO - [2025-07-03T22:44:22.411+0200] {dagbag.py:540} INFO - Filling up the DagBag from /home/leoja/airflow/airflow_venv/lib/python3.12/site-packages/airflow/example_dags/example_latest_only_with_trigger.py
[2025-07-03T22:44:22.437+0200] {processor.py:840} INFO - DAG(s) 'latest_only_with_trigger' retrieved from /home/leoja/airflow/airflow_venv/lib/python3.12/site-packages/airflow/example_dags/example_latest_only_with_trigger.py
[2025-07-03T22:44:22.525+0200] {logging_mixin.py:188} INFO - [2025-07-03T22:44:22.524+0200] {dag.py:3096} INFO - Sync 1 DAGs
[2025-07-03T22:44:22.539+0200] {logging_mixin.py:188} INFO - [2025-07-03T22:44:22.539+0200] {dag.py:3954} INFO - Setting next_dagrun for latest_only_with_trigger to 2025-07-03 16:00:00+00:00, run_after=2025-07-03 20:00:00+00:00
[2025-07-03T22:44:22.577+0200] {processor.py:183} INFO - Processing /home/leoja/airflow/airflow_venv/lib/python3.12/site-packages/airflow/example_dags/example_latest_only_with_trigger.py took 0.181 seconds
[2025-07-03T22:45:22.381+0200] {processor.py:161} INFO - Started process (PID=2056) to work on /home/leoja/airflow/airflow_venv/lib/python3.12/site-packages/airflow/example_dags/example_latest_only_with_trigger.py
[2025-07-03T22:45:22.382+0200] {processor.py:830} INFO - Processing file /home/leoja/airflow/airflow_venv/lib/python3.12/site-packages/airflow/example_dags/example_latest_only_with_trigger.py for tasks to queue
[2025-07-03T22:45:22.384+0200] {logging_mixin.py:188} INFO - [2025-07-03T22:45:22.383+0200] {dagbag.py:540} INFO - Filling up the DagBag from /home/leoja/airflow/airflow_venv/lib/python3.12/site-packages/airflow/example_dags/example_latest_only_with_trigger.py
[2025-07-03T22:45:22.389+0200] {processor.py:840} INFO - DAG(s) 'latest_only_with_trigger' retrieved from /home/leoja/airflow/airflow_venv/lib/python3.12/site-packages/airflow/example_dags/example_latest_only_with_trigger.py
[2025-07-03T22:45:22.403+0200] {logging_mixin.py:188} INFO - [2025-07-03T22:45:22.403+0200] {dag.py:3096} INFO - Sync 1 DAGs
[2025-07-03T22:45:22.417+0200] {logging_mixin.py:188} INFO - [2025-07-03T22:45:22.416+0200] {dag.py:3954} INFO - Setting next_dagrun for latest_only_with_trigger to 2025-07-03 16:00:00+00:00, run_after=2025-07-03 20:00:00+00:00
[2025-07-03T22:45:22.441+0200] {processor.py:183} INFO - Processing /home/leoja/airflow/airflow_venv/lib/python3.12/site-packages/airflow/example_dags/example_latest_only_with_trigger.py took 0.065 seconds
[2025-07-03T22:46:12.703+0200] {processor.py:161} INFO - Started process (PID=2709) to work on /home/leoja/airflow/airflow_venv/lib/python3.12/site-packages/airflow/example_dags/example_latest_only_with_trigger.py
[2025-07-03T22:46:12.705+0200] {processor.py:830} INFO - Processing file /home/leoja/airflow/airflow_venv/lib/python3.12/site-packages/airflow/example_dags/example_latest_only_with_trigger.py for tasks to queue
[2025-07-03T22:46:12.708+0200] {logging_mixin.py:188} INFO - [2025-07-03T22:46:12.707+0200] {dagbag.py:540} INFO - Filling up the DagBag from /home/leoja/airflow/airflow_venv/lib/python3.12/site-packages/airflow/example_dags/example_latest_only_with_trigger.py
[2025-07-03T22:46:12.713+0200] {processor.py:840} INFO - DAG(s) 'latest_only_with_trigger' retrieved from /home/leoja/airflow/airflow_venv/lib/python3.12/site-packages/airflow/example_dags/example_latest_only_with_trigger.py
[2025-07-03T22:46:12.728+0200] {logging_mixin.py:188} INFO - [2025-07-03T22:46:12.727+0200] {dag.py:3096} INFO - Sync 1 DAGs
[2025-07-03T22:46:12.745+0200] {logging_mixin.py:188} INFO - [2025-07-03T22:46:12.745+0200] {dag.py:3954} INFO - Setting next_dagrun for latest_only_with_trigger to 2025-07-03 16:00:00+00:00, run_after=2025-07-03 20:00:00+00:00
[2025-07-03T22:46:12.772+0200] {processor.py:183} INFO - Processing /home/leoja/airflow/airflow_venv/lib/python3.12/site-packages/airflow/example_dags/example_latest_only_with_trigger.py took 0.075 seconds
[2025-07-03T23:04:54.148+0200] {processor.py:161} INFO - Started process (PID=3171) to work on /home/leoja/airflow/airflow_venv/lib/python3.12/site-packages/airflow/example_dags/example_latest_only_with_trigger.py
[2025-07-03T23:04:54.151+0200] {processor.py:830} INFO - Processing file /home/leoja/airflow/airflow_venv/lib/python3.12/site-packages/airflow/example_dags/example_latest_only_with_trigger.py for tasks to queue
[2025-07-03T23:04:54.153+0200] {logging_mixin.py:188} INFO - [2025-07-03T23:04:54.153+0200] {dagbag.py:540} INFO - Filling up the DagBag from /home/leoja/airflow/airflow_venv/lib/python3.12/site-packages/airflow/example_dags/example_latest_only_with_trigger.py
[2025-07-03T23:04:54.159+0200] {processor.py:840} INFO - DAG(s) 'latest_only_with_trigger' retrieved from /home/leoja/airflow/airflow_venv/lib/python3.12/site-packages/airflow/example_dags/example_latest_only_with_trigger.py
[2025-07-03T23:04:54.174+0200] {logging_mixin.py:188} INFO - [2025-07-03T23:04:54.174+0200] {dag.py:3096} INFO - Sync 1 DAGs
[2025-07-03T23:04:54.188+0200] {logging_mixin.py:188} INFO - [2025-07-03T23:04:54.188+0200] {dag.py:3954} INFO - Setting next_dagrun for latest_only_with_trigger to 2025-07-03 16:00:00+00:00, run_after=2025-07-03 20:00:00+00:00
[2025-07-03T23:04:54.213+0200] {processor.py:183} INFO - Processing /home/leoja/airflow/airflow_venv/lib/python3.12/site-packages/airflow/example_dags/example_latest_only_with_trigger.py took 0.074 seconds
[2025-07-03T23:06:04.077+0200] {processor.py:161} INFO - Started process (PID=3528) to work on /home/leoja/airflow/airflow_venv/lib/python3.12/site-packages/airflow/example_dags/example_latest_only_with_trigger.py
[2025-07-03T23:06:04.080+0200] {processor.py:830} INFO - Processing file /home/leoja/airflow/airflow_venv/lib/python3.12/site-packages/airflow/example_dags/example_latest_only_with_trigger.py for tasks to queue
[2025-07-03T23:06:04.082+0200] {logging_mixin.py:188} INFO - [2025-07-03T23:06:04.082+0200] {dagbag.py:540} INFO - Filling up the DagBag from /home/leoja/airflow/airflow_venv/lib/python3.12/site-packages/airflow/example_dags/example_latest_only_with_trigger.py
[2025-07-03T23:06:04.091+0200] {processor.py:840} INFO - DAG(s) 'latest_only_with_trigger' retrieved from /home/leoja/airflow/airflow_venv/lib/python3.12/site-packages/airflow/example_dags/example_latest_only_with_trigger.py
[2025-07-03T23:06:04.110+0200] {logging_mixin.py:188} INFO - [2025-07-03T23:06:04.110+0200] {dag.py:3096} INFO - Sync 1 DAGs
[2025-07-03T23:06:04.127+0200] {logging_mixin.py:188} INFO - [2025-07-03T23:06:04.127+0200] {dag.py:3954} INFO - Setting next_dagrun for latest_only_with_trigger to 2025-07-03 16:00:00+00:00, run_after=2025-07-03 20:00:00+00:00
[2025-07-03T23:06:04.154+0200] {processor.py:183} INFO - Processing /home/leoja/airflow/airflow_venv/lib/python3.12/site-packages/airflow/example_dags/example_latest_only_with_trigger.py took 0.084 seconds
