[2025-07-03T22:44:41.636+0200] {processor.py:161} INFO - Started process (PID=1658) to work on /home/leoja/airflow/airflow_venv/lib/python3.12/site-packages/airflow/example_dags/tutorial_dag.py
[2025-07-03T22:44:41.637+0200] {processor.py:830} INFO - Processing file /home/leoja/airflow/airflow_venv/lib/python3.12/site-packages/airflow/example_dags/tutorial_dag.py for tasks to queue
[2025-07-03T22:44:41.638+0200] {logging_mixin.py:188} INFO - [2025-07-03T22:44:41.638+0200] {dagbag.py:540} INFO - Filling up the DagBag from /home/leoja/airflow/airflow_venv/lib/python3.12/site-packages/airflow/example_dags/tutorial_dag.py
[2025-07-03T22:44:41.647+0200] {processor.py:840} INFO - DAG(s) 'tutorial_dag' retrieved from /home/leoja/airflow/airflow_venv/lib/python3.12/site-packages/airflow/example_dags/tutorial_dag.py
[2025-07-03T22:44:41.732+0200] {logging_mixin.py:188} INFO - [2025-07-03T22:44:41.732+0200] {dag.py:3096} INFO - Sync 1 DAGs
[2025-07-03T22:44:41.741+0200] {logging_mixin.py:188} INFO - [2025-07-03T22:44:41.740+0200] {dag.py:3954} INFO - Setting next_dagrun for tutorial_dag to None, run_after=None
[2025-07-03T22:44:41.776+0200] {processor.py:183} INFO - Processing /home/leoja/airflow/airflow_venv/lib/python3.12/site-packages/airflow/example_dags/tutorial_dag.py took 0.145 seconds
[2025-07-03T22:45:36.677+0200] {processor.py:161} INFO - Started process (PID=2199) to work on /home/leoja/airflow/airflow_venv/lib/python3.12/site-packages/airflow/example_dags/tutorial_dag.py
[2025-07-03T22:45:36.678+0200] {processor.py:830} INFO - Processing file /home/leoja/airflow/airflow_venv/lib/python3.12/site-packages/airflow/example_dags/tutorial_dag.py for tasks to queue
[2025-07-03T22:45:36.681+0200] {logging_mixin.py:188} INFO - [2025-07-03T22:45:36.680+0200] {dagbag.py:540} INFO - Filling up the DagBag from /home/leoja/airflow/airflow_venv/lib/python3.12/site-packages/airflow/example_dags/tutorial_dag.py
[2025-07-03T22:45:36.690+0200] {processor.py:840} INFO - DAG(s) 'tutorial_dag' retrieved from /home/leoja/airflow/airflow_venv/lib/python3.12/site-packages/airflow/example_dags/tutorial_dag.py
[2025-07-03T22:45:36.711+0200] {logging_mixin.py:188} INFO - [2025-07-03T22:45:36.710+0200] {dag.py:3096} INFO - Sync 1 DAGs
[2025-07-03T22:45:36.724+0200] {logging_mixin.py:188} INFO - [2025-07-03T22:45:36.723+0200] {dag.py:3954} INFO - Setting next_dagrun for tutorial_dag to None, run_after=None
[2025-07-03T22:45:36.763+0200] {processor.py:183} INFO - Processing /home/leoja/airflow/airflow_venv/lib/python3.12/site-packages/airflow/example_dags/tutorial_dag.py took 0.094 seconds
[2025-07-03T22:46:33.214+0200] {processor.py:161} INFO - Started process (PID=2805) to work on /home/leoja/airflow/airflow_venv/lib/python3.12/site-packages/airflow/example_dags/tutorial_dag.py
[2025-07-03T22:46:33.218+0200] {processor.py:830} INFO - Processing file /home/leoja/airflow/airflow_venv/lib/python3.12/site-packages/airflow/example_dags/tutorial_dag.py for tasks to queue
[2025-07-03T22:46:33.223+0200] {logging_mixin.py:188} INFO - [2025-07-03T22:46:33.222+0200] {dagbag.py:540} INFO - Filling up the DagBag from /home/leoja/airflow/airflow_venv/lib/python3.12/site-packages/airflow/example_dags/tutorial_dag.py
[2025-07-03T22:46:33.229+0200] {processor.py:840} INFO - DAG(s) 'tutorial_dag' retrieved from /home/leoja/airflow/airflow_venv/lib/python3.12/site-packages/airflow/example_dags/tutorial_dag.py
[2025-07-03T22:46:33.251+0200] {logging_mixin.py:188} INFO - [2025-07-03T22:46:33.251+0200] {dag.py:3096} INFO - Sync 1 DAGs
[2025-07-03T22:46:33.274+0200] {logging_mixin.py:188} INFO - [2025-07-03T22:46:33.274+0200] {dag.py:3954} INFO - Setting next_dagrun for tutorial_dag to None, run_after=None
[2025-07-03T22:46:33.322+0200] {processor.py:183} INFO - Processing /home/leoja/airflow/airflow_venv/lib/python3.12/site-packages/airflow/example_dags/tutorial_dag.py took 0.115 seconds
[2025-07-03T23:05:11.136+0200] {processor.py:161} INFO - Started process (PID=3249) to work on /home/leoja/airflow/airflow_venv/lib/python3.12/site-packages/airflow/example_dags/tutorial_dag.py
[2025-07-03T23:05:11.140+0200] {processor.py:830} INFO - Processing file /home/leoja/airflow/airflow_venv/lib/python3.12/site-packages/airflow/example_dags/tutorial_dag.py for tasks to queue
[2025-07-03T23:05:11.144+0200] {logging_mixin.py:188} INFO - [2025-07-03T23:05:11.143+0200] {dagbag.py:540} INFO - Filling up the DagBag from /home/leoja/airflow/airflow_venv/lib/python3.12/site-packages/airflow/example_dags/tutorial_dag.py
[2025-07-03T23:05:11.157+0200] {processor.py:840} INFO - DAG(s) 'tutorial_dag' retrieved from /home/leoja/airflow/airflow_venv/lib/python3.12/site-packages/airflow/example_dags/tutorial_dag.py
[2025-07-03T23:05:11.181+0200] {logging_mixin.py:188} INFO - [2025-07-03T23:05:11.181+0200] {dag.py:3096} INFO - Sync 1 DAGs
[2025-07-03T23:05:11.192+0200] {logging_mixin.py:188} INFO - [2025-07-03T23:05:11.191+0200] {dag.py:3954} INFO - Setting next_dagrun for tutorial_dag to None, run_after=None
[2025-07-03T23:05:11.224+0200] {processor.py:183} INFO - Processing /home/leoja/airflow/airflow_venv/lib/python3.12/site-packages/airflow/example_dags/tutorial_dag.py took 0.104 seconds
[2025-07-03T23:07:09.091+0200] {processor.py:161} INFO - Started process (PID=4222) to work on /home/leoja/airflow/airflow_venv/lib/python3.12/site-packages/airflow/example_dags/tutorial_dag.py
[2025-07-03T23:07:09.093+0200] {processor.py:830} INFO - Processing file /home/leoja/airflow/airflow_venv/lib/python3.12/site-packages/airflow/example_dags/tutorial_dag.py for tasks to queue
[2025-07-03T23:07:09.096+0200] {logging_mixin.py:188} INFO - [2025-07-03T23:07:09.095+0200] {dagbag.py:540} INFO - Filling up the DagBag from /home/leoja/airflow/airflow_venv/lib/python3.12/site-packages/airflow/example_dags/tutorial_dag.py
[2025-07-03T23:07:09.103+0200] {processor.py:840} INFO - DAG(s) 'tutorial_dag' retrieved from /home/leoja/airflow/airflow_venv/lib/python3.12/site-packages/airflow/example_dags/tutorial_dag.py
[2025-07-03T23:07:09.117+0200] {logging_mixin.py:188} INFO - [2025-07-03T23:07:09.117+0200] {dag.py:3096} INFO - Sync 1 DAGs
[2025-07-03T23:07:09.127+0200] {logging_mixin.py:188} INFO - [2025-07-03T23:07:09.127+0200] {dag.py:3954} INFO - Setting next_dagrun for tutorial_dag to None, run_after=None
[2025-07-03T23:07:09.156+0200] {processor.py:183} INFO - Processing /home/leoja/airflow/airflow_venv/lib/python3.12/site-packages/airflow/example_dags/tutorial_dag.py took 0.073 seconds
