[2025-07-08T14:37:32.366+0200] {local_task_job_runner.py:120} INFO - ::group::Pre task execution logs
[2025-07-08T14:37:32.380+0200] {taskinstance.py:2073} INFO - Dependencies all met for dep_context=non-requeueable deps ti=<TaskInstance: macro_trading_dag.compute_economic_quadrants manual__2025-07-08T12:37:02.145028+00:00 [queued]>
[2025-07-08T14:37:32.385+0200] {taskinstance.py:2073} INFO - Dependencies all met for dep_context=requeueable deps ti=<TaskInstance: macro_trading_dag.compute_economic_quadrants manual__2025-07-08T12:37:02.145028+00:00 [queued]>
[2025-07-08T14:37:32.386+0200] {taskinstance.py:2303} INFO - Starting attempt 1 of 3
[2025-07-08T14:37:32.400+0200] {taskinstance.py:2327} INFO - Executing <Task(SparkSubmitOperator): compute_economic_quadrants> on 2025-07-08 12:37:02.145028+00:00
[2025-07-08T14:37:32.409+0200] {standard_task_runner.py:90} INFO - Running: ['airflow', 'tasks', 'run', 'macro_trading_dag', 'compute_economic_quadrants', 'manual__2025-07-08T12:37:02.145028+00:00', '--job-id', '720', '--raw', '--subdir', 'DAGS_FOLDER/macro_trading_dag.py', '--cfg-path', '/tmp/tmpcxe2fyro']
[2025-07-08T14:37:32.410+0200] {standard_task_runner.py:91} INFO - Job 720: Subtask compute_economic_quadrants
[2025-07-08T14:37:32.414+0200] {logging_mixin.py:188} WARNING - /home/leoja/airflow/airflow_venv/lib/python3.12/site-packages/airflow/task/task_runner/standard_task_runner.py:61 DeprecationWarning: This process (pid=38456) is multi-threaded, use of fork() may lead to deadlocks in the child.
[2025-07-08T14:37:32.415+0200] {standard_task_runner.py:63} INFO - Started process 38500 to run task
[2025-07-08T14:37:32.449+0200] {task_command.py:426} INFO - Running <TaskInstance: macro_trading_dag.compute_economic_quadrants manual__2025-07-08T12:37:02.145028+00:00 [running]> on host N15I711-16GR512.localdomain
[2025-07-08T14:37:32.524+0200] {taskinstance.py:2644} INFO - Exporting env vars: AIRFLOW_CTX_DAG_OWNER='airflow' AIRFLOW_CTX_DAG_ID='macro_trading_dag' AIRFLOW_CTX_TASK_ID='compute_economic_quadrants' AIRFLOW_CTX_EXECUTION_DATE='2025-07-08T12:37:02.145028+00:00' AIRFLOW_CTX_TRY_NUMBER='1' AIRFLOW_CTX_DAG_RUN_ID='manual__2025-07-08T12:37:02.145028+00:00'
[2025-07-08T14:37:32.526+0200] {taskinstance.py:430} INFO - ::endgroup::
[2025-07-08T14:37:32.533+0200] {base.py:84} INFO - Using connection ID 'spark_local' for task execution.
[2025-07-08T14:37:32.535+0200] {spark_submit.py:351} INFO - Spark-Submit cmd: spark-submit --master local[*] --conf spark.pyspark.python=/home/leoja/airflow_venv/bin/python --conf spark.pyspark.driver.python=/home/leoja/airflow_venv/bin/python --name compute_economic_quadrants /home/leoja/airflow/spark_jobs/compute_quadrants.py /home/leoja/airflow/data/Indicators.parquet /home/leoja/airflow/data/quadrants.parquet /home/leoja/airflow/data/quadrants.csv
[2025-07-08T14:37:33.835+0200] {spark_submit.py:521} INFO - 25/07/08 14:37:33 WARN Utils: Your hostname, N15I711-16GR512 resolves to a loopback address: 127.0.1.1; using 10.255.255.254 instead (on interface lo)
[2025-07-08T14:37:33.838+0200] {spark_submit.py:521} INFO - 25/07/08 14:37:33 WARN Utils: Set SPARK_LOCAL_IP if you need to bind to another address
[2025-07-08T14:37:34.822+0200] {spark_submit.py:521} INFO - 25/07/08 14:37:34 INFO SparkContext: Running Spark version 3.5.5
[2025-07-08T14:37:34.822+0200] {spark_submit.py:521} INFO - 25/07/08 14:37:34 INFO SparkContext: OS info Linux, 6.6.87.2-microsoft-standard-WSL2, amd64
[2025-07-08T14:37:34.823+0200] {spark_submit.py:521} INFO - 25/07/08 14:37:34 INFO SparkContext: Java version 17.0.15
[2025-07-08T14:37:34.878+0200] {spark_submit.py:521} INFO - 25/07/08 14:37:34 WARN NativeCodeLoader: Unable to load native-hadoop library for your platform... using builtin-java classes where applicable
[2025-07-08T14:37:34.964+0200] {spark_submit.py:521} INFO - 25/07/08 14:37:34 INFO ResourceUtils: ==============================================================
[2025-07-08T14:37:34.965+0200] {spark_submit.py:521} INFO - 25/07/08 14:37:34 INFO ResourceUtils: No custom resources configured for spark.driver.
[2025-07-08T14:37:34.965+0200] {spark_submit.py:521} INFO - 25/07/08 14:37:34 INFO ResourceUtils: ==============================================================
[2025-07-08T14:37:34.966+0200] {spark_submit.py:521} INFO - 25/07/08 14:37:34 INFO SparkContext: Submitted application: ComputeEconomicQuadrants
[2025-07-08T14:37:34.985+0200] {spark_submit.py:521} INFO - 25/07/08 14:37:34 INFO ResourceProfile: Default ResourceProfile created, executor resources: Map(cores -> name: cores, amount: 1, script: , vendor: , memory -> name: memory, amount: 1024, script: , vendor: , offHeap -> name: offHeap, amount: 0, script: , vendor: ), task resources: Map(cpus -> name: cpus, amount: 1.0)
[2025-07-08T14:37:34.993+0200] {spark_submit.py:521} INFO - 25/07/08 14:37:34 INFO ResourceProfile: Limiting resource is cpu
[2025-07-08T14:37:34.994+0200] {spark_submit.py:521} INFO - 25/07/08 14:37:34 INFO ResourceProfileManager: Added ResourceProfile id: 0
[2025-07-08T14:37:35.076+0200] {spark_submit.py:521} INFO - 25/07/08 14:37:35 INFO SecurityManager: Changing view acls to: leoja
[2025-07-08T14:37:35.077+0200] {spark_submit.py:521} INFO - 25/07/08 14:37:35 INFO SecurityManager: Changing modify acls to: leoja
[2025-07-08T14:37:35.077+0200] {spark_submit.py:521} INFO - 25/07/08 14:37:35 INFO SecurityManager: Changing view acls groups to:
[2025-07-08T14:37:35.078+0200] {spark_submit.py:521} INFO - 25/07/08 14:37:35 INFO SecurityManager: Changing modify acls groups to:
[2025-07-08T14:37:35.079+0200] {spark_submit.py:521} INFO - 25/07/08 14:37:35 INFO SecurityManager: SecurityManager: authentication disabled; ui acls disabled; users with view permissions: leoja; groups with view permissions: EMPTY; users with modify permissions: leoja; groups with modify permissions: EMPTY
[2025-07-08T14:37:35.370+0200] {spark_submit.py:521} INFO - 25/07/08 14:37:35 INFO Utils: Successfully started service 'sparkDriver' on port 42471.
[2025-07-08T14:37:35.403+0200] {spark_submit.py:521} INFO - 25/07/08 14:37:35 INFO SparkEnv: Registering MapOutputTracker
[2025-07-08T14:37:35.445+0200] {spark_submit.py:521} INFO - 25/07/08 14:37:35 INFO SparkEnv: Registering BlockManagerMaster
[2025-07-08T14:37:35.470+0200] {spark_submit.py:521} INFO - 25/07/08 14:37:35 INFO BlockManagerMasterEndpoint: Using org.apache.spark.storage.DefaultTopologyMapper for getting topology information
[2025-07-08T14:37:35.470+0200] {spark_submit.py:521} INFO - 25/07/08 14:37:35 INFO BlockManagerMasterEndpoint: BlockManagerMasterEndpoint up
[2025-07-08T14:37:35.474+0200] {spark_submit.py:521} INFO - 25/07/08 14:37:35 INFO SparkEnv: Registering BlockManagerMasterHeartbeat
[2025-07-08T14:37:35.505+0200] {spark_submit.py:521} INFO - 25/07/08 14:37:35 INFO DiskBlockManager: Created local directory at /tmp/blockmgr-02841d0c-548b-4e6e-81a5-b02661b6b775
[2025-07-08T14:37:35.527+0200] {spark_submit.py:521} INFO - 25/07/08 14:37:35 INFO MemoryStore: MemoryStore started with capacity 434.4 MiB
[2025-07-08T14:37:35.543+0200] {spark_submit.py:521} INFO - 25/07/08 14:37:35 INFO SparkEnv: Registering OutputCommitCoordinator
[2025-07-08T14:37:35.713+0200] {spark_submit.py:521} INFO - 25/07/08 14:37:35 INFO JettyUtils: Start Jetty 0.0.0.0:4040 for SparkUI
[2025-07-08T14:37:35.781+0200] {spark_submit.py:521} INFO - 25/07/08 14:37:35 INFO Utils: Successfully started service 'SparkUI' on port 4040.
[2025-07-08T14:37:35.894+0200] {spark_submit.py:521} INFO - 25/07/08 14:37:35 INFO Executor: Starting executor ID driver on host 10.255.255.254
[2025-07-08T14:37:35.895+0200] {spark_submit.py:521} INFO - 25/07/08 14:37:35 INFO Executor: OS info Linux, 6.6.87.2-microsoft-standard-WSL2, amd64
[2025-07-08T14:37:35.895+0200] {spark_submit.py:521} INFO - 25/07/08 14:37:35 INFO Executor: Java version 17.0.15
[2025-07-08T14:37:35.902+0200] {spark_submit.py:521} INFO - 25/07/08 14:37:35 INFO Executor: Starting executor with user classpath (userClassPathFirst = false): ''
[2025-07-08T14:37:35.902+0200] {spark_submit.py:521} INFO - 25/07/08 14:37:35 INFO Executor: Created or updated repl class loader org.apache.spark.util.MutableURLClassLoader@2074c0e5 for default.
[2025-07-08T14:37:35.923+0200] {spark_submit.py:521} INFO - 25/07/08 14:37:35 INFO Utils: Successfully started service 'org.apache.spark.network.netty.NettyBlockTransferService' on port 34883.
[2025-07-08T14:37:35.924+0200] {spark_submit.py:521} INFO - 25/07/08 14:37:35 INFO NettyBlockTransferService: Server created on 10.255.255.254:34883
[2025-07-08T14:37:35.926+0200] {spark_submit.py:521} INFO - 25/07/08 14:37:35 INFO BlockManager: Using org.apache.spark.storage.RandomBlockReplicationPolicy for block replication policy
[2025-07-08T14:37:35.933+0200] {spark_submit.py:521} INFO - 25/07/08 14:37:35 INFO BlockManagerMaster: Registering BlockManager BlockManagerId(driver, 10.255.255.254, 34883, None)
[2025-07-08T14:37:35.937+0200] {spark_submit.py:521} INFO - 25/07/08 14:37:35 INFO BlockManagerMasterEndpoint: Registering block manager 10.255.255.254:34883 with 434.4 MiB RAM, BlockManagerId(driver, 10.255.255.254, 34883, None)
[2025-07-08T14:37:35.938+0200] {spark_submit.py:521} INFO - 25/07/08 14:37:35 INFO BlockManagerMaster: Registered BlockManager BlockManagerId(driver, 10.255.255.254, 34883, None)
[2025-07-08T14:37:35.940+0200] {spark_submit.py:521} INFO - 25/07/08 14:37:35 INFO BlockManager: Initialized BlockManager: BlockManagerId(driver, 10.255.255.254, 34883, None)
[2025-07-08T14:37:36.335+0200] {spark_submit.py:521} INFO - 25/07/08 14:37:36 INFO SharedState: Setting hive.metastore.warehouse.dir ('null') to the value of spark.sql.warehouse.dir.
[2025-07-08T14:37:36.342+0200] {spark_submit.py:521} INFO - 25/07/08 14:37:36 INFO SharedState: Warehouse path is 'file:/home/leoja/airflow/airflow_venv/spark-warehouse'.
[2025-07-08T14:37:37.094+0200] {spark_submit.py:521} INFO - 25/07/08 14:37:37 INFO InMemoryFileIndex: It took 49 ms to list leaf files for 1 paths.
[2025-07-08T14:37:37.606+0200] {spark_submit.py:521} INFO - 25/07/08 14:37:37 INFO SparkContext: Starting job: parquet at NativeMethodAccessorImpl.java:0
[2025-07-08T14:37:37.628+0200] {spark_submit.py:521} INFO - 25/07/08 14:37:37 INFO DAGScheduler: Got job 0 (parquet at NativeMethodAccessorImpl.java:0) with 1 output partitions
[2025-07-08T14:37:37.630+0200] {spark_submit.py:521} INFO - 25/07/08 14:37:37 INFO DAGScheduler: Final stage: ResultStage 0 (parquet at NativeMethodAccessorImpl.java:0)
[2025-07-08T14:37:37.630+0200] {spark_submit.py:521} INFO - 25/07/08 14:37:37 INFO DAGScheduler: Parents of final stage: List()
[2025-07-08T14:37:37.632+0200] {spark_submit.py:521} INFO - 25/07/08 14:37:37 INFO DAGScheduler: Missing parents: List()
[2025-07-08T14:37:37.636+0200] {spark_submit.py:521} INFO - 25/07/08 14:37:37 INFO DAGScheduler: Submitting ResultStage 0 (MapPartitionsRDD[1] at parquet at NativeMethodAccessorImpl.java:0), which has no missing parents
[2025-07-08T14:37:37.707+0200] {spark_submit.py:521} INFO - 25/07/08 14:37:37 INFO MemoryStore: Block broadcast_0 stored as values in memory (estimated size 103.5 KiB, free 434.3 MiB)
[2025-07-08T14:37:37.741+0200] {spark_submit.py:521} INFO - 25/07/08 14:37:37 INFO MemoryStore: Block broadcast_0_piece0 stored as bytes in memory (estimated size 37.3 KiB, free 434.3 MiB)
[2025-07-08T14:37:37.745+0200] {spark_submit.py:521} INFO - 25/07/08 14:37:37 INFO BlockManagerInfo: Added broadcast_0_piece0 in memory on 10.255.255.254:34883 (size: 37.3 KiB, free: 434.4 MiB)
[2025-07-08T14:37:37.750+0200] {spark_submit.py:521} INFO - 25/07/08 14:37:37 INFO SparkContext: Created broadcast 0 from broadcast at DAGScheduler.scala:1585
[2025-07-08T14:37:37.776+0200] {spark_submit.py:521} INFO - 25/07/08 14:37:37 INFO DAGScheduler: Submitting 1 missing tasks from ResultStage 0 (MapPartitionsRDD[1] at parquet at NativeMethodAccessorImpl.java:0) (first 15 tasks are for partitions Vector(0))
[2025-07-08T14:37:37.777+0200] {spark_submit.py:521} INFO - 25/07/08 14:37:37 INFO TaskSchedulerImpl: Adding task set 0.0 with 1 tasks resource profile 0
[2025-07-08T14:37:37.839+0200] {spark_submit.py:521} INFO - 25/07/08 14:37:37 INFO TaskSetManager: Starting task 0.0 in stage 0.0 (TID 0) (10.255.255.254, executor driver, partition 0, PROCESS_LOCAL, 9142 bytes)
[2025-07-08T14:37:37.856+0200] {spark_submit.py:521} INFO - 25/07/08 14:37:37 INFO Executor: Running task 0.0 in stage 0.0 (TID 0)
[2025-07-08T14:37:38.262+0200] {spark_submit.py:521} INFO - 25/07/08 14:37:38 INFO Executor: Finished task 0.0 in stage 0.0 (TID 0). 1978 bytes result sent to driver
[2025-07-08T14:37:38.274+0200] {spark_submit.py:521} INFO - 25/07/08 14:37:38 INFO TaskSetManager: Finished task 0.0 in stage 0.0 (TID 0) in 462 ms on 10.255.255.254 (executor driver) (1/1)
[2025-07-08T14:37:38.277+0200] {spark_submit.py:521} INFO - 25/07/08 14:37:38 INFO TaskSchedulerImpl: Removed TaskSet 0.0, whose tasks have all completed, from pool
[2025-07-08T14:37:38.281+0200] {spark_submit.py:521} INFO - 25/07/08 14:37:38 INFO DAGScheduler: ResultStage 0 (parquet at NativeMethodAccessorImpl.java:0) finished in 0.628 s
[2025-07-08T14:37:38.284+0200] {spark_submit.py:521} INFO - 25/07/08 14:37:38 INFO DAGScheduler: Job 0 is finished. Cancelling potential speculative or zombie tasks for this job
[2025-07-08T14:37:38.285+0200] {spark_submit.py:521} INFO - 25/07/08 14:37:38 INFO TaskSchedulerImpl: Killing all running tasks in stage 0: Stage finished
[2025-07-08T14:37:38.287+0200] {spark_submit.py:521} INFO - 25/07/08 14:37:38 INFO DAGScheduler: Job 0 finished: parquet at NativeMethodAccessorImpl.java:0, took 0.680075 s
[2025-07-08T14:37:38.340+0200] {spark_submit.py:521} INFO - 25/07/08 14:37:38 INFO BlockManagerInfo: Removed broadcast_0_piece0 on 10.255.255.254:34883 in memory (size: 37.3 KiB, free: 434.4 MiB)
[2025-07-08T14:37:39.068+0200] {spark_submit.py:521} INFO - 25/07/08 14:37:39 INFO InMemoryFileIndex: It took 3 ms to list leaf files for 1 paths.
[2025-07-08T14:37:39.104+0200] {spark_submit.py:521} INFO - 25/07/08 14:37:39 INFO SparkContext: Starting job: parquet at NativeMethodAccessorImpl.java:0
[2025-07-08T14:37:39.106+0200] {spark_submit.py:521} INFO - 25/07/08 14:37:39 INFO DAGScheduler: Got job 1 (parquet at NativeMethodAccessorImpl.java:0) with 1 output partitions
[2025-07-08T14:37:39.106+0200] {spark_submit.py:521} INFO - 25/07/08 14:37:39 INFO DAGScheduler: Final stage: ResultStage 1 (parquet at NativeMethodAccessorImpl.java:0)
[2025-07-08T14:37:39.106+0200] {spark_submit.py:521} INFO - 25/07/08 14:37:39 INFO DAGScheduler: Parents of final stage: List()
[2025-07-08T14:37:39.106+0200] {spark_submit.py:521} INFO - 25/07/08 14:37:39 INFO DAGScheduler: Missing parents: List()
[2025-07-08T14:37:39.108+0200] {spark_submit.py:521} INFO - 25/07/08 14:37:39 INFO DAGScheduler: Submitting ResultStage 1 (MapPartitionsRDD[3] at parquet at NativeMethodAccessorImpl.java:0), which has no missing parents
[2025-07-08T14:37:39.119+0200] {spark_submit.py:521} INFO - 25/07/08 14:37:39 INFO MemoryStore: Block broadcast_1 stored as values in memory (estimated size 103.5 KiB, free 434.3 MiB)
[2025-07-08T14:37:39.126+0200] {spark_submit.py:521} INFO - 25/07/08 14:37:39 INFO MemoryStore: Block broadcast_1_piece0 stored as bytes in memory (estimated size 37.3 KiB, free 434.3 MiB)
[2025-07-08T14:37:39.127+0200] {spark_submit.py:521} INFO - 25/07/08 14:37:39 INFO BlockManagerInfo: Added broadcast_1_piece0 in memory on 10.255.255.254:34883 (size: 37.3 KiB, free: 434.4 MiB)
[2025-07-08T14:37:39.128+0200] {spark_submit.py:521} INFO - 25/07/08 14:37:39 INFO SparkContext: Created broadcast 1 from broadcast at DAGScheduler.scala:1585
[2025-07-08T14:37:39.130+0200] {spark_submit.py:521} INFO - 25/07/08 14:37:39 INFO DAGScheduler: Submitting 1 missing tasks from ResultStage 1 (MapPartitionsRDD[3] at parquet at NativeMethodAccessorImpl.java:0) (first 15 tasks are for partitions Vector(0))
[2025-07-08T14:37:39.130+0200] {spark_submit.py:521} INFO - 25/07/08 14:37:39 INFO TaskSchedulerImpl: Adding task set 1.0 with 1 tasks resource profile 0
[2025-07-08T14:37:39.133+0200] {spark_submit.py:521} INFO - 25/07/08 14:37:39 INFO TaskSetManager: Starting task 0.0 in stage 1.0 (TID 1) (10.255.255.254, executor driver, partition 0, PROCESS_LOCAL, 9141 bytes)
[2025-07-08T14:37:39.134+0200] {spark_submit.py:521} INFO - 25/07/08 14:37:39 INFO Executor: Running task 0.0 in stage 1.0 (TID 1)
[2025-07-08T14:37:39.179+0200] {spark_submit.py:521} INFO - 25/07/08 14:37:39 INFO Executor: Finished task 0.0 in stage 1.0 (TID 1). 3927 bytes result sent to driver
[2025-07-08T14:37:39.182+0200] {spark_submit.py:521} INFO - 25/07/08 14:37:39 INFO TaskSetManager: Finished task 0.0 in stage 1.0 (TID 1) in 50 ms on 10.255.255.254 (executor driver) (1/1)
[2025-07-08T14:37:39.182+0200] {spark_submit.py:521} INFO - 25/07/08 14:37:39 INFO TaskSchedulerImpl: Removed TaskSet 1.0, whose tasks have all completed, from pool
[2025-07-08T14:37:39.183+0200] {spark_submit.py:521} INFO - 25/07/08 14:37:39 INFO DAGScheduler: ResultStage 1 (parquet at NativeMethodAccessorImpl.java:0) finished in 0.075 s
[2025-07-08T14:37:39.184+0200] {spark_submit.py:521} INFO - 25/07/08 14:37:39 INFO DAGScheduler: Job 1 is finished. Cancelling potential speculative or zombie tasks for this job
[2025-07-08T14:37:39.184+0200] {spark_submit.py:521} INFO - 25/07/08 14:37:39 INFO TaskSchedulerImpl: Killing all running tasks in stage 1: Stage finished
[2025-07-08T14:37:39.184+0200] {spark_submit.py:521} INFO - 25/07/08 14:37:39 INFO DAGScheduler: Job 1 finished: parquet at NativeMethodAccessorImpl.java:0, took 0.080003 s
[2025-07-08T14:37:39.688+0200] {spark_submit.py:521} INFO - 25/07/08 14:37:39 INFO BlockManagerInfo: Removed broadcast_1_piece0 on 10.255.255.254:34883 in memory (size: 37.3 KiB, free: 434.4 MiB)
[2025-07-08T14:37:39.708+0200] {spark_submit.py:521} INFO - 25/07/08 14:37:39 INFO FileSourceStrategy: Pushed Filters:
[2025-07-08T14:37:39.709+0200] {spark_submit.py:521} INFO - 25/07/08 14:37:39 INFO FileSourceStrategy: Post-Scan Filters:
[2025-07-08T14:37:40.118+0200] {spark_submit.py:521} INFO - 25/07/08 14:37:40 INFO CodeGenerator: Code generated in 173.896685 ms
[2025-07-08T14:37:40.141+0200] {spark_submit.py:521} INFO - 25/07/08 14:37:40 INFO MemoryStore: Block broadcast_2 stored as values in memory (estimated size 201.2 KiB, free 434.2 MiB)
[2025-07-08T14:37:40.156+0200] {spark_submit.py:521} INFO - 25/07/08 14:37:40 INFO MemoryStore: Block broadcast_2_piece0 stored as bytes in memory (estimated size 35.0 KiB, free 434.2 MiB)
[2025-07-08T14:37:40.157+0200] {spark_submit.py:521} INFO - 25/07/08 14:37:40 INFO BlockManagerInfo: Added broadcast_2_piece0 in memory on 10.255.255.254:34883 (size: 35.0 KiB, free: 434.4 MiB)
[2025-07-08T14:37:40.158+0200] {spark_submit.py:521} INFO - 25/07/08 14:37:40 INFO SparkContext: Created broadcast 2 from collect at /home/leoja/airflow/spark_jobs/compute_quadrants.py:98
[2025-07-08T14:37:40.176+0200] {spark_submit.py:521} INFO - 25/07/08 14:37:40 INFO FileSourceScanExec: Planning scan with bin packing, max size: 4194304 bytes, open cost is considered as scanning 4194304 bytes.
[2025-07-08T14:37:40.225+0200] {spark_submit.py:521} INFO - 25/07/08 14:37:40 INFO DAGScheduler: Registering RDD 7 (collect at /home/leoja/airflow/spark_jobs/compute_quadrants.py:98) as input to shuffle 0
[2025-07-08T14:37:40.229+0200] {spark_submit.py:521} INFO - 25/07/08 14:37:40 INFO DAGScheduler: Got map stage job 2 (collect at /home/leoja/airflow/spark_jobs/compute_quadrants.py:98) with 1 output partitions
[2025-07-08T14:37:40.230+0200] {spark_submit.py:521} INFO - 25/07/08 14:37:40 INFO DAGScheduler: Final stage: ShuffleMapStage 2 (collect at /home/leoja/airflow/spark_jobs/compute_quadrants.py:98)
[2025-07-08T14:37:40.230+0200] {spark_submit.py:521} INFO - 25/07/08 14:37:40 INFO DAGScheduler: Parents of final stage: List()
[2025-07-08T14:37:40.231+0200] {spark_submit.py:521} INFO - 25/07/08 14:37:40 INFO DAGScheduler: Missing parents: List()
[2025-07-08T14:37:40.232+0200] {spark_submit.py:521} INFO - 25/07/08 14:37:40 INFO DAGScheduler: Submitting ShuffleMapStage 2 (MapPartitionsRDD[7] at collect at /home/leoja/airflow/spark_jobs/compute_quadrants.py:98), which has no missing parents
[2025-07-08T14:37:40.270+0200] {spark_submit.py:521} INFO - 25/07/08 14:37:40 INFO MemoryStore: Block broadcast_3 stored as values in memory (estimated size 18.6 KiB, free 434.2 MiB)
[2025-07-08T14:37:40.273+0200] {spark_submit.py:521} INFO - 25/07/08 14:37:40 INFO MemoryStore: Block broadcast_3_piece0 stored as bytes in memory (estimated size 8.3 KiB, free 434.1 MiB)
[2025-07-08T14:37:40.274+0200] {spark_submit.py:521} INFO - 25/07/08 14:37:40 INFO BlockManagerInfo: Added broadcast_3_piece0 in memory on 10.255.255.254:34883 (size: 8.3 KiB, free: 434.4 MiB)
[2025-07-08T14:37:40.275+0200] {spark_submit.py:521} INFO - 25/07/08 14:37:40 INFO SparkContext: Created broadcast 3 from broadcast at DAGScheduler.scala:1585
[2025-07-08T14:37:40.277+0200] {spark_submit.py:521} INFO - 25/07/08 14:37:40 INFO DAGScheduler: Submitting 1 missing tasks from ShuffleMapStage 2 (MapPartitionsRDD[7] at collect at /home/leoja/airflow/spark_jobs/compute_quadrants.py:98) (first 15 tasks are for partitions Vector(0))
[2025-07-08T14:37:40.277+0200] {spark_submit.py:521} INFO - 25/07/08 14:37:40 INFO TaskSchedulerImpl: Adding task set 2.0 with 1 tasks resource profile 0
[2025-07-08T14:37:40.282+0200] {spark_submit.py:521} INFO - 25/07/08 14:37:40 INFO TaskSetManager: Starting task 0.0 in stage 2.0 (TID 2) (10.255.255.254, executor driver, partition 0, PROCESS_LOCAL, 9600 bytes)
[2025-07-08T14:37:40.283+0200] {spark_submit.py:521} INFO - 25/07/08 14:37:40 INFO Executor: Running task 0.0 in stage 2.0 (TID 2)
[2025-07-08T14:37:40.343+0200] {spark_submit.py:521} INFO - 25/07/08 14:37:40 INFO CodeGenerator: Code generated in 19.508822 ms
[2025-07-08T14:37:40.353+0200] {spark_submit.py:521} INFO - 25/07/08 14:37:40 INFO FileScanRDD: Reading File path: file:///home/leoja/airflow/data/quadrants.parquet, range: 0-44379, partition values: [empty row]
[2025-07-08T14:37:40.454+0200] {spark_submit.py:521} INFO - 25/07/08 14:37:40 INFO CodecPool: Got brand-new decompressor [.snappy]
[2025-07-08T14:37:40.652+0200] {spark_submit.py:521} INFO - 25/07/08 14:37:40 INFO Executor: Finished task 0.0 in stage 2.0 (TID 2). 2224 bytes result sent to driver
[2025-07-08T14:37:40.656+0200] {spark_submit.py:521} INFO - 25/07/08 14:37:40 INFO TaskSetManager: Finished task 0.0 in stage 2.0 (TID 2) in 376 ms on 10.255.255.254 (executor driver) (1/1)
[2025-07-08T14:37:40.656+0200] {spark_submit.py:521} INFO - 25/07/08 14:37:40 INFO TaskSchedulerImpl: Removed TaskSet 2.0, whose tasks have all completed, from pool
[2025-07-08T14:37:40.658+0200] {spark_submit.py:521} INFO - 25/07/08 14:37:40 INFO DAGScheduler: ShuffleMapStage 2 (collect at /home/leoja/airflow/spark_jobs/compute_quadrants.py:98) finished in 0.421 s
[2025-07-08T14:37:40.659+0200] {spark_submit.py:521} INFO - 25/07/08 14:37:40 INFO DAGScheduler: looking for newly runnable stages
[2025-07-08T14:37:40.659+0200] {spark_submit.py:521} INFO - 25/07/08 14:37:40 INFO DAGScheduler: running: Set()
[2025-07-08T14:37:40.660+0200] {spark_submit.py:521} INFO - 25/07/08 14:37:40 INFO DAGScheduler: waiting: Set()
[2025-07-08T14:37:40.660+0200] {spark_submit.py:521} INFO - 25/07/08 14:37:40 INFO DAGScheduler: failed: Set()
[2025-07-08T14:37:40.709+0200] {spark_submit.py:521} INFO - 25/07/08 14:37:40 INFO CodeGenerator: Code generated in 13.491308 ms
[2025-07-08T14:37:40.727+0200] {spark_submit.py:521} INFO - 25/07/08 14:37:40 INFO SparkContext: Starting job: collect at /home/leoja/airflow/spark_jobs/compute_quadrants.py:98
[2025-07-08T14:37:40.729+0200] {spark_submit.py:521} INFO - 25/07/08 14:37:40 INFO DAGScheduler: Got job 3 (collect at /home/leoja/airflow/spark_jobs/compute_quadrants.py:98) with 1 output partitions
[2025-07-08T14:37:40.730+0200] {spark_submit.py:521} INFO - 25/07/08 14:37:40 INFO DAGScheduler: Final stage: ResultStage 4 (collect at /home/leoja/airflow/spark_jobs/compute_quadrants.py:98)
[2025-07-08T14:37:40.730+0200] {spark_submit.py:521} INFO - 25/07/08 14:37:40 INFO DAGScheduler: Parents of final stage: List(ShuffleMapStage 3)
[2025-07-08T14:37:40.730+0200] {spark_submit.py:521} INFO - 25/07/08 14:37:40 INFO DAGScheduler: Missing parents: List()
[2025-07-08T14:37:40.731+0200] {spark_submit.py:521} INFO - 25/07/08 14:37:40 INFO DAGScheduler: Submitting ResultStage 4 (MapPartitionsRDD[10] at collect at /home/leoja/airflow/spark_jobs/compute_quadrants.py:98), which has no missing parents
[2025-07-08T14:37:40.742+0200] {spark_submit.py:521} INFO - 25/07/08 14:37:40 INFO MemoryStore: Block broadcast_4 stored as values in memory (estimated size 13.1 KiB, free 434.1 MiB)
[2025-07-08T14:37:40.745+0200] {spark_submit.py:521} INFO - 25/07/08 14:37:40 INFO MemoryStore: Block broadcast_4_piece0 stored as bytes in memory (estimated size 6.1 KiB, free 434.1 MiB)
[2025-07-08T14:37:40.746+0200] {spark_submit.py:521} INFO - 25/07/08 14:37:40 INFO BlockManagerInfo: Added broadcast_4_piece0 in memory on 10.255.255.254:34883 (size: 6.1 KiB, free: 434.4 MiB)
[2025-07-08T14:37:40.747+0200] {spark_submit.py:521} INFO - 25/07/08 14:37:40 INFO SparkContext: Created broadcast 4 from broadcast at DAGScheduler.scala:1585
[2025-07-08T14:37:40.747+0200] {spark_submit.py:521} INFO - 25/07/08 14:37:40 INFO DAGScheduler: Submitting 1 missing tasks from ResultStage 4 (MapPartitionsRDD[10] at collect at /home/leoja/airflow/spark_jobs/compute_quadrants.py:98) (first 15 tasks are for partitions Vector(0))
[2025-07-08T14:37:40.748+0200] {spark_submit.py:521} INFO - 25/07/08 14:37:40 INFO TaskSchedulerImpl: Adding task set 4.0 with 1 tasks resource profile 0
[2025-07-08T14:37:40.754+0200] {spark_submit.py:521} INFO - 25/07/08 14:37:40 INFO TaskSetManager: Starting task 0.0 in stage 4.0 (TID 3) (10.255.255.254, executor driver, partition 0, NODE_LOCAL, 8999 bytes)
[2025-07-08T14:37:40.755+0200] {spark_submit.py:521} INFO - 25/07/08 14:37:40 INFO Executor: Running task 0.0 in stage 4.0 (TID 3)
[2025-07-08T14:37:40.791+0200] {spark_submit.py:521} INFO - 25/07/08 14:37:40 INFO ShuffleBlockFetcherIterator: Getting 1 (60.0 B) non-empty blocks including 1 (60.0 B) local and 0 (0.0 B) host-local and 0 (0.0 B) push-merged-local and 0 (0.0 B) remote blocks
[2025-07-08T14:37:40.793+0200] {spark_submit.py:521} INFO - 25/07/08 14:37:40 INFO ShuffleBlockFetcherIterator: Started 0 remote fetches in 8 ms
[2025-07-08T14:37:40.810+0200] {spark_submit.py:521} INFO - 25/07/08 14:37:40 INFO CodeGenerator: Code generated in 13.769416 ms
[2025-07-08T14:37:40.825+0200] {spark_submit.py:521} INFO - 25/07/08 14:37:40 INFO Executor: Finished task 0.0 in stage 4.0 (TID 3). 4038 bytes result sent to driver
[2025-07-08T14:37:40.829+0200] {spark_submit.py:521} INFO - 25/07/08 14:37:40 INFO TaskSetManager: Finished task 0.0 in stage 4.0 (TID 3) in 76 ms on 10.255.255.254 (executor driver) (1/1)
[2025-07-08T14:37:40.829+0200] {spark_submit.py:521} INFO - 25/07/08 14:37:40 INFO TaskSchedulerImpl: Removed TaskSet 4.0, whose tasks have all completed, from pool
[2025-07-08T14:37:40.831+0200] {spark_submit.py:521} INFO - 25/07/08 14:37:40 INFO DAGScheduler: ResultStage 4 (collect at /home/leoja/airflow/spark_jobs/compute_quadrants.py:98) finished in 0.090 s
[2025-07-08T14:37:40.831+0200] {spark_submit.py:521} INFO - 25/07/08 14:37:40 INFO DAGScheduler: Job 3 is finished. Cancelling potential speculative or zombie tasks for this job
[2025-07-08T14:37:40.831+0200] {spark_submit.py:521} INFO - 25/07/08 14:37:40 INFO TaskSchedulerImpl: Killing all running tasks in stage 4: Stage finished
[2025-07-08T14:37:40.831+0200] {spark_submit.py:521} INFO - 25/07/08 14:37:40 INFO DAGScheduler: Job 3 finished: collect at /home/leoja/airflow/spark_jobs/compute_quadrants.py:98, took 0.104053 s
[2025-07-08T14:37:41.002+0200] {spark_submit.py:521} INFO - 25/07/08 14:37:41 INFO FileSourceStrategy: Pushed Filters:
[2025-07-08T14:37:41.004+0200] {spark_submit.py:521} INFO - 25/07/08 14:37:41 INFO FileSourceStrategy: Post-Scan Filters: (gettimestamp(date#0, yyyy-MM-dd, TimestampType, Some(Europe/Paris), false) >= 2025-08-01 00:00:00)
[2025-07-08T14:37:41.077+0200] {spark_submit.py:521} INFO - 25/07/08 14:37:41 INFO CodeGenerator: Code generated in 33.729212 ms
[2025-07-08T14:37:41.084+0200] {spark_submit.py:521} INFO - 25/07/08 14:37:41 INFO MemoryStore: Block broadcast_5 stored as values in memory (estimated size 202.3 KiB, free 433.9 MiB)
[2025-07-08T14:37:41.093+0200] {spark_submit.py:521} INFO - 25/07/08 14:37:41 INFO MemoryStore: Block broadcast_5_piece0 stored as bytes in memory (estimated size 35.3 KiB, free 433.9 MiB)
[2025-07-08T14:37:41.093+0200] {spark_submit.py:521} INFO - 25/07/08 14:37:41 INFO BlockManagerInfo: Added broadcast_5_piece0 in memory on 10.255.255.254:34883 (size: 35.3 KiB, free: 434.3 MiB)
[2025-07-08T14:37:41.094+0200] {spark_submit.py:521} INFO - 25/07/08 14:37:41 INFO SparkContext: Created broadcast 5 from javaToPython at NativeMethodAccessorImpl.java:0
[2025-07-08T14:37:41.096+0200] {spark_submit.py:521} INFO - 25/07/08 14:37:41 INFO FileSourceScanExec: Planning scan with bin packing, max size: 4194304 bytes, open cost is considered as scanning 4194304 bytes.
[2025-07-08T14:37:41.108+0200] {spark_submit.py:521} INFO - 25/07/08 14:37:41 INFO BlockManagerInfo: Removed broadcast_4_piece0 on 10.255.255.254:34883 in memory (size: 6.1 KiB, free: 434.3 MiB)
[2025-07-08T14:37:41.132+0200] {spark_submit.py:521} INFO - 25/07/08 14:37:41 INFO CodeGenerator: Code generated in 12.657256 ms
[2025-07-08T14:37:41.177+0200] {spark_submit.py:521} INFO - 25/07/08 14:37:41 INFO SparkContext: Starting job: javaToPython at NativeMethodAccessorImpl.java:0
[2025-07-08T14:37:41.179+0200] {spark_submit.py:521} INFO - 25/07/08 14:37:41 INFO DAGScheduler: Got job 4 (javaToPython at NativeMethodAccessorImpl.java:0) with 1 output partitions
[2025-07-08T14:37:41.180+0200] {spark_submit.py:521} INFO - 25/07/08 14:37:41 INFO DAGScheduler: Final stage: ResultStage 5 (javaToPython at NativeMethodAccessorImpl.java:0)
[2025-07-08T14:37:41.180+0200] {spark_submit.py:521} INFO - 25/07/08 14:37:41 INFO DAGScheduler: Parents of final stage: List()
[2025-07-08T14:37:41.180+0200] {spark_submit.py:521} INFO - 25/07/08 14:37:41 INFO DAGScheduler: Missing parents: List()
[2025-07-08T14:37:41.180+0200] {spark_submit.py:521} INFO - 25/07/08 14:37:41 INFO DAGScheduler: Submitting ResultStage 5 (MapPartitionsRDD[16] at javaToPython at NativeMethodAccessorImpl.java:0), which has no missing parents
[2025-07-08T14:37:41.186+0200] {spark_submit.py:521} INFO - 25/07/08 14:37:41 INFO MemoryStore: Block broadcast_6 stored as values in memory (estimated size 24.4 KiB, free 433.9 MiB)
[2025-07-08T14:37:41.189+0200] {spark_submit.py:521} INFO - 25/07/08 14:37:41 INFO MemoryStore: Block broadcast_6_piece0 stored as bytes in memory (estimated size 9.6 KiB, free 433.9 MiB)
[2025-07-08T14:37:41.191+0200] {spark_submit.py:521} INFO - 25/07/08 14:37:41 INFO BlockManagerInfo: Added broadcast_6_piece0 in memory on 10.255.255.254:34883 (size: 9.6 KiB, free: 434.3 MiB)
[2025-07-08T14:37:41.191+0200] {spark_submit.py:521} INFO - 25/07/08 14:37:41 INFO SparkContext: Created broadcast 6 from broadcast at DAGScheduler.scala:1585
[2025-07-08T14:37:41.192+0200] {spark_submit.py:521} INFO - 25/07/08 14:37:41 INFO DAGScheduler: Submitting 1 missing tasks from ResultStage 5 (MapPartitionsRDD[16] at javaToPython at NativeMethodAccessorImpl.java:0) (first 15 tasks are for partitions Vector(0))
[2025-07-08T14:37:41.192+0200] {spark_submit.py:521} INFO - 25/07/08 14:37:41 INFO TaskSchedulerImpl: Adding task set 5.0 with 1 tasks resource profile 0
[2025-07-08T14:37:41.196+0200] {spark_submit.py:521} INFO - 25/07/08 14:37:41 INFO TaskSetManager: Starting task 0.0 in stage 5.0 (TID 4) (10.255.255.254, executor driver, partition 0, PROCESS_LOCAL, 9612 bytes)
[2025-07-08T14:37:41.197+0200] {spark_submit.py:521} INFO - 25/07/08 14:37:41 INFO Executor: Running task 0.0 in stage 5.0 (TID 4)
[2025-07-08T14:37:41.233+0200] {spark_submit.py:521} INFO - 25/07/08 14:37:41 INFO CodeGenerator: Code generated in 21.491314 ms
[2025-07-08T14:37:41.255+0200] {spark_submit.py:521} INFO - 25/07/08 14:37:41 INFO CodeGenerator: Code generated in 13.33631 ms
[2025-07-08T14:37:41.257+0200] {spark_submit.py:521} INFO - 25/07/08 14:37:41 INFO FileScanRDD: Reading File path: file:///home/leoja/airflow/data/Indicators.parquet, range: 0-16072, partition values: [empty row]
[2025-07-08T14:37:41.306+0200] {spark_submit.py:521} INFO - 25/07/08 14:37:41 INFO Executor: Finished task 0.0 in stage 5.0 (TID 4). 1804 bytes result sent to driver
[2025-07-08T14:37:41.307+0200] {spark_submit.py:521} INFO - 25/07/08 14:37:41 INFO TaskSetManager: Finished task 0.0 in stage 5.0 (TID 4) in 113 ms on 10.255.255.254 (executor driver) (1/1)
[2025-07-08T14:37:41.307+0200] {spark_submit.py:521} INFO - 25/07/08 14:37:41 INFO TaskSchedulerImpl: Removed TaskSet 5.0, whose tasks have all completed, from pool
[2025-07-08T14:37:41.308+0200] {spark_submit.py:521} INFO - 25/07/08 14:37:41 INFO DAGScheduler: ResultStage 5 (javaToPython at NativeMethodAccessorImpl.java:0) finished in 0.127 s
[2025-07-08T14:37:41.309+0200] {spark_submit.py:521} INFO - 25/07/08 14:37:41 INFO DAGScheduler: Job 4 is finished. Cancelling potential speculative or zombie tasks for this job
[2025-07-08T14:37:41.309+0200] {spark_submit.py:521} INFO - 25/07/08 14:37:41 INFO TaskSchedulerImpl: Killing all running tasks in stage 5: Stage finished
[2025-07-08T14:37:41.309+0200] {spark_submit.py:521} INFO - 25/07/08 14:37:41 INFO DAGScheduler: Job 4 finished: javaToPython at NativeMethodAccessorImpl.java:0, took 0.131544 s
[2025-07-08T14:37:41.315+0200] {spark_submit.py:521} INFO - 25/07/08 14:37:41 INFO DAGScheduler: Registering RDD 17 (javaToPython at NativeMethodAccessorImpl.java:0) as input to shuffle 1
[2025-07-08T14:37:41.316+0200] {spark_submit.py:521} INFO - 25/07/08 14:37:41 INFO DAGScheduler: Got map stage job 5 (javaToPython at NativeMethodAccessorImpl.java:0) with 1 output partitions
[2025-07-08T14:37:41.316+0200] {spark_submit.py:521} INFO - 25/07/08 14:37:41 INFO DAGScheduler: Final stage: ShuffleMapStage 6 (javaToPython at NativeMethodAccessorImpl.java:0)
[2025-07-08T14:37:41.316+0200] {spark_submit.py:521} INFO - 25/07/08 14:37:41 INFO DAGScheduler: Parents of final stage: List()
[2025-07-08T14:37:41.316+0200] {spark_submit.py:521} INFO - 25/07/08 14:37:41 INFO DAGScheduler: Missing parents: List()
[2025-07-08T14:37:41.317+0200] {spark_submit.py:521} INFO - 25/07/08 14:37:41 INFO DAGScheduler: Submitting ShuffleMapStage 6 (MapPartitionsRDD[17] at javaToPython at NativeMethodAccessorImpl.java:0), which has no missing parents
[2025-07-08T14:37:41.326+0200] {spark_submit.py:521} INFO - 25/07/08 14:37:41 INFO MemoryStore: Block broadcast_7 stored as values in memory (estimated size 26.2 KiB, free 433.9 MiB)
[2025-07-08T14:37:41.328+0200] {spark_submit.py:521} INFO - 25/07/08 14:37:41 INFO MemoryStore: Block broadcast_7_piece0 stored as bytes in memory (estimated size 10.6 KiB, free 433.8 MiB)
[2025-07-08T14:37:41.329+0200] {spark_submit.py:521} INFO - 25/07/08 14:37:41 INFO BlockManagerInfo: Added broadcast_7_piece0 in memory on 10.255.255.254:34883 (size: 10.6 KiB, free: 434.3 MiB)
[2025-07-08T14:37:41.330+0200] {spark_submit.py:521} INFO - 25/07/08 14:37:41 INFO SparkContext: Created broadcast 7 from broadcast at DAGScheduler.scala:1585
[2025-07-08T14:37:41.332+0200] {spark_submit.py:521} INFO - 25/07/08 14:37:41 INFO DAGScheduler: Submitting 1 missing tasks from ShuffleMapStage 6 (MapPartitionsRDD[17] at javaToPython at NativeMethodAccessorImpl.java:0) (first 15 tasks are for partitions Vector(0))
[2025-07-08T14:37:41.332+0200] {spark_submit.py:521} INFO - 25/07/08 14:37:41 INFO TaskSchedulerImpl: Adding task set 6.0 with 1 tasks resource profile 0
[2025-07-08T14:37:41.335+0200] {spark_submit.py:521} INFO - 25/07/08 14:37:41 INFO TaskSetManager: Starting task 0.0 in stage 6.0 (TID 5) (10.255.255.254, executor driver, partition 0, PROCESS_LOCAL, 9601 bytes)
[2025-07-08T14:37:41.336+0200] {spark_submit.py:521} INFO - 25/07/08 14:37:41 INFO Executor: Running task 0.0 in stage 6.0 (TID 5)
[2025-07-08T14:37:44.328+0200] {spark_submit.py:521} INFO - 25/07/08 14:37:44 INFO CodeGenerator: Code generated in 8.908257 ms
[2025-07-08T14:37:44.343+0200] {spark_submit.py:521} INFO - 25/07/08 14:37:44 INFO FileScanRDD: Reading File path: file:///home/leoja/airflow/data/Indicators.parquet, range: 0-16072, partition values: [empty row]
[2025-07-08T14:37:44.369+0200] {spark_submit.py:521} INFO - 25/07/08 14:37:44 INFO Executor: Finished task 0.0 in stage 6.0 (TID 5). 1924 bytes result sent to driver
[2025-07-08T14:37:44.371+0200] {spark_submit.py:521} INFO - 25/07/08 14:37:44 INFO TaskSetManager: Finished task 0.0 in stage 6.0 (TID 5) in 3038 ms on 10.255.255.254 (executor driver) (1/1)
[2025-07-08T14:37:44.372+0200] {spark_submit.py:521} INFO - 25/07/08 14:37:44 INFO TaskSchedulerImpl: Removed TaskSet 6.0, whose tasks have all completed, from pool
[2025-07-08T14:37:44.373+0200] {spark_submit.py:521} INFO - 25/07/08 14:37:44 INFO DAGScheduler: ShuffleMapStage 6 (javaToPython at NativeMethodAccessorImpl.java:0) finished in 3.054 s
[2025-07-08T14:37:44.373+0200] {spark_submit.py:521} INFO - 25/07/08 14:37:44 INFO DAGScheduler: looking for newly runnable stages
[2025-07-08T14:37:44.373+0200] {spark_submit.py:521} INFO - 25/07/08 14:37:44 INFO DAGScheduler: running: Set()
[2025-07-08T14:37:44.373+0200] {spark_submit.py:521} INFO - 25/07/08 14:37:44 INFO DAGScheduler: waiting: Set()
[2025-07-08T14:37:44.374+0200] {spark_submit.py:521} INFO - 25/07/08 14:37:44 INFO DAGScheduler: failed: Set()
[2025-07-08T14:37:44.426+0200] {spark_submit.py:521} INFO - Aucune nouvelle donnée après 2025-07-31. Pas de réécriture.
[2025-07-08T14:37:44.427+0200] {spark_submit.py:521} INFO - 25/07/08 14:37:44 INFO SparkContext: SparkContext is stopping with exitCode 0.
[2025-07-08T14:37:44.447+0200] {spark_submit.py:521} INFO - 25/07/08 14:37:44 INFO SparkUI: Stopped Spark web UI at http://10.255.255.254:4040
[2025-07-08T14:37:44.464+0200] {spark_submit.py:521} INFO - 25/07/08 14:37:44 INFO MapOutputTrackerMasterEndpoint: MapOutputTrackerMasterEndpoint stopped!
[2025-07-08T14:37:45.260+0200] {spark_submit.py:521} INFO - 25/07/08 14:37:45 INFO MemoryStore: MemoryStore cleared
[2025-07-08T14:37:45.261+0200] {spark_submit.py:521} INFO - 25/07/08 14:37:45 INFO BlockManager: BlockManager stopped
[2025-07-08T14:37:45.279+0200] {spark_submit.py:521} INFO - 25/07/08 14:37:45 INFO BlockManagerMaster: BlockManagerMaster stopped
[2025-07-08T14:37:45.282+0200] {spark_submit.py:521} INFO - 25/07/08 14:37:45 INFO OutputCommitCoordinator$OutputCommitCoordinatorEndpoint: OutputCommitCoordinator stopped!
[2025-07-08T14:37:45.460+0200] {spark_submit.py:521} INFO - 25/07/08 14:37:45 INFO SparkContext: Successfully stopped SparkContext
[2025-07-08T14:37:45.682+0200] {spark_submit.py:521} INFO - 25/07/08 14:37:45 INFO ShutdownHookManager: Shutdown hook called
[2025-07-08T14:37:45.682+0200] {spark_submit.py:521} INFO - 25/07/08 14:37:45 INFO ShutdownHookManager: Deleting directory /tmp/spark-e29d7522-b15e-4f0c-b24a-74b7536d5301
[2025-07-08T14:37:45.690+0200] {spark_submit.py:521} INFO - 25/07/08 14:37:45 INFO ShutdownHookManager: Deleting directory /tmp/spark-be10a93a-1ed5-43e9-9aba-26bb19956a18/pyspark-66459e41-59b2-4459-bd3d-a66a128e64ee
[2025-07-08T14:37:45.696+0200] {spark_submit.py:521} INFO - 25/07/08 14:37:45 INFO ShutdownHookManager: Deleting directory /tmp/spark-be10a93a-1ed5-43e9-9aba-26bb19956a18
[2025-07-08T14:37:45.737+0200] {taskinstance.py:441} INFO - ::group::Post task execution logs
[2025-07-08T14:37:45.742+0200] {taskinstance.py:1205} INFO - Marking task as SUCCESS. dag_id=macro_trading_dag, task_id=compute_economic_quadrants, execution_date=20250708T123702, start_date=20250708T123732, end_date=20250708T123745
[2025-07-08T14:37:45.784+0200] {local_task_job_runner.py:240} INFO - Task exited with return code 0
[2025-07-08T14:37:45.811+0200] {taskinstance.py:3482} INFO - 1 downstream tasks scheduled from follow-on schedule check
[2025-07-08T14:37:45.819+0200] {local_task_job_runner.py:222} INFO - ::endgroup::
