[2025-06-16T14:07:26.013+0200] {local_task_job_runner.py:120} INFO - ::group::Pre task execution logs
[2025-06-16T14:07:26.034+0200] {taskinstance.py:2073} INFO - Dependencies all met for dep_context=non-requeueable deps ti=<TaskInstance: macro_trading_dag.fetch_data manual__2025-06-16T12:07:19.552892+00:00 [queued]>
[2025-06-16T14:07:26.044+0200] {taskinstance.py:2073} INFO - Dependencies all met for dep_context=requeueable deps ti=<TaskInstance: macro_trading_dag.fetch_data manual__2025-06-16T12:07:19.552892+00:00 [queued]>
[2025-06-16T14:07:26.045+0200] {taskinstance.py:2303} INFO - Starting attempt 1 of 3
[2025-06-16T14:07:26.063+0200] {taskinstance.py:2327} INFO - Executing <Task(PythonOperator): fetch_data> on 2025-06-16 12:07:19.552892+00:00
[2025-06-16T14:07:26.077+0200] {standard_task_runner.py:90} INFO - Running: ['airflow', 'tasks', 'run', 'macro_trading_dag', 'fetch_data', 'manual__2025-06-16T12:07:19.552892+00:00', '--job-id', '609', '--raw', '--subdir', 'DAGS_FOLDER/macro_trading_dag.py', '--cfg-path', '/tmp/tmp76e8ugg0']
[2025-06-16T14:07:26.080+0200] {standard_task_runner.py:91} INFO - Job 609: Subtask fetch_data
[2025-06-16T14:07:26.091+0200] {logging_mixin.py:188} WARNING - /home/leoja/airflow/airflow_venv/lib/python3.12/site-packages/airflow/task/task_runner/standard_task_runner.py:61 DeprecationWarning: This process (pid=19056) is multi-threaded, use of fork() may lead to deadlocks in the child.
[2025-06-16T14:07:26.092+0200] {standard_task_runner.py:63} INFO - Started process 19107 to run task
[2025-06-16T14:07:26.178+0200] {task_command.py:426} INFO - Running <TaskInstance: macro_trading_dag.fetch_data manual__2025-06-16T12:07:19.552892+00:00 [running]> on host N15I711-16GR512.localdomain
[2025-06-16T14:07:26.333+0200] {taskinstance.py:2644} INFO - Exporting env vars: AIRFLOW_CTX_DAG_OWNER='airflow' AIRFLOW_CTX_DAG_ID='macro_trading_dag' AIRFLOW_CTX_TASK_ID='fetch_data' AIRFLOW_CTX_EXECUTION_DATE='2025-06-16T12:07:19.552892+00:00' AIRFLOW_CTX_TRY_NUMBER='1' AIRFLOW_CTX_DAG_RUN_ID='manual__2025-06-16T12:07:19.552892+00:00'
[2025-06-16T14:07:26.339+0200] {taskinstance.py:430} INFO - ::endgroup::
[2025-06-16T14:07:27.320+0200] {logging_mixin.py:188} INFO - Données mises à jour pour INFLATION (CPIAUCSL)
[2025-06-16T14:07:27.823+0200] {logging_mixin.py:188} INFO - Données mises à jour pour UNEMPLOYMENT (UNRATE)
[2025-06-16T14:07:28.445+0200] {logging_mixin.py:188} INFO - Aucune nouvelle donnée pour High_Yield_Bond_SPREAD (BAMLH0A0HYM2)
[2025-06-16T14:07:29.809+0200] {logging_mixin.py:188} INFO - Aucune nouvelle donnée pour 10-2Year_Treasury_Yield_Bond (T10Y2Y)
[2025-06-16T14:07:30.477+0200] {logging_mixin.py:188} INFO - Données mises à jour pour CONSUMER_SENTIMENT (UMCSENT)
[2025-06-16T14:07:30.778+0200] {logging_mixin.py:188} INFO - Données mises à jour pour TAUX_FED (FEDFUNDS)
[2025-06-16T14:07:31.067+0200] {logging_mixin.py:188} INFO - Données mises à jour pour Real_Gross_Domestic_Product (GDPC1)
[2025-06-16T14:07:31.329+0200] {logging_mixin.py:188} INFO - Données mises à jour pour S&P500(LARGE CAP) (SP500)
[2025-06-16T14:07:31.427+0200] {multi.py:184} ERROR - 
1 Failed download:
[2025-06-16T14:07:31.428+0200] {multi.py:197} ERROR - ['GC=F']: YFPricesMissingError('possibly delisted; no price data found  (1d 2025-06-14 00:00:00 -> 2025-06-15 14:07:31.342718)')
[2025-06-16T14:07:31.432+0200] {logging_mixin.py:188} INFO - Aucune nouvelle donnée pour GOLD_OZ_USD (GOLD_OZ_USD)
[2025-06-16T14:07:31.575+0200] {logging_mixin.py:188} INFO - Données mises à jour pour RUSSELL2000(Small CAP) (SmallCAP)
[2025-06-16T14:07:31.733+0200] {logging_mixin.py:188} INFO - Données mises à jour pour REITs(Immobilier US) (US_REIT_VNQ)
[2025-06-16T14:07:31.898+0200] {logging_mixin.py:188} INFO - Données mises à jour pour US_TREASURY_10Y (TREASURY_10Y)
[2025-06-16T14:07:32.000+0200] {multi.py:184} ERROR - 
1 Failed download:
[2025-06-16T14:07:32.000+0200] {multi.py:197} ERROR - ['ICOM.L']: YFPricesMissingError('possibly delisted; no price data found  (1d 2025-06-14 00:00:00 -> 2025-06-15 14:07:31.906129)')
[2025-06-16T14:07:32.003+0200] {logging_mixin.py:188} INFO - Aucune nouvelle donnée pour BARREL PETROL (ENERGY)
[2025-06-16T14:07:32.222+0200] {logging_mixin.py:188} INFO - Données mises à jour pour OBLIGATION ENTREPRISE (OBLIGATION)
[2025-06-16T14:07:32.223+0200] {python.py:237} INFO - Done. Returned value was: None
[2025-06-16T14:07:32.223+0200] {taskinstance.py:441} INFO - ::group::Post task execution logs
[2025-06-16T14:07:32.227+0200] {taskinstance.py:1205} INFO - Marking task as SUCCESS. dag_id=macro_trading_dag, task_id=fetch_data, execution_date=20250616T120719, start_date=20250616T120726, end_date=20250616T120732
[2025-06-16T14:07:32.293+0200] {local_task_job_runner.py:240} INFO - Task exited with return code 0
[2025-06-16T14:07:32.724+0200] {taskinstance.py:3482} INFO - 2 downstream tasks scheduled from follow-on schedule check
[2025-06-16T14:07:32.733+0200] {local_task_job_runner.py:222} INFO - ::endgroup::
