[2025-06-12T18:20:06.829+0200] {local_task_job_runner.py:120} INFO - ::group::Pre task execution logs
[2025-06-12T18:20:06.852+0200] {taskinstance.py:2073} INFO - Dependencies all met for dep_context=non-requeueable deps ti=<TaskInstance: macro_trading_dag.format_assets_data scheduled__2025-06-11T08:00:00+00:00 [queued]>
[2025-06-12T18:20:06.859+0200] {taskinstance.py:2073} INFO - Dependencies all met for dep_context=requeueable deps ti=<TaskInstance: macro_trading_dag.format_assets_data scheduled__2025-06-11T08:00:00+00:00 [queued]>
[2025-06-12T18:20:06.859+0200] {taskinstance.py:2303} INFO - Starting attempt 1 of 3
[2025-06-12T18:20:06.882+0200] {taskinstance.py:2327} INFO - Executing <Task(PythonOperator): format_assets_data> on 2025-06-11 08:00:00+00:00
[2025-06-12T18:20:06.891+0200] {standard_task_runner.py:90} INFO - Running: ['airflow', 'tasks', 'run', 'macro_trading_dag', 'format_assets_data', 'scheduled__2025-06-11T08:00:00+00:00', '--job-id', '485', '--raw', '--subdir', 'DAGS_FOLDER/macro_trading_dag.py', '--cfg-path', '/tmp/tmplv9wzgfx']
[2025-06-12T18:20:06.892+0200] {standard_task_runner.py:91} INFO - Job 485: Subtask format_assets_data
[2025-06-12T18:20:06.900+0200] {logging_mixin.py:188} WARNING - /home/leoja/airflow/airflow_venv/lib/python3.12/site-packages/airflow/task/task_runner/standard_task_runner.py:61 DeprecationWarning: This process (pid=390318) is multi-threaded, use of fork() may lead to deadlocks in the child.
[2025-06-12T18:20:06.901+0200] {standard_task_runner.py:63} INFO - Started process 390434 to run task
[2025-06-12T18:20:06.955+0200] {task_command.py:426} INFO - Running <TaskInstance: macro_trading_dag.format_assets_data scheduled__2025-06-11T08:00:00+00:00 [running]> on host N15I711-16GR512.localdomain
[2025-06-12T18:20:07.036+0200] {taskinstance.py:2644} INFO - Exporting env vars: AIRFLOW_CTX_DAG_OWNER='airflow' AIRFLOW_CTX_DAG_ID='macro_trading_dag' AIRFLOW_CTX_TASK_ID='format_assets_data' AIRFLOW_CTX_EXECUTION_DATE='2025-06-11T08:00:00+00:00' AIRFLOW_CTX_TRY_NUMBER='1' AIRFLOW_CTX_DAG_RUN_ID='scheduled__2025-06-11T08:00:00+00:00'
[2025-06-12T18:20:07.037+0200] {taskinstance.py:430} INFO - ::endgroup::
[2025-06-12T18:20:07.038+0200] {logging_mixin.py:188} INFO - → format_and_clean_data_daily: on lit le fichier CSV : /home/leoja/airflow/data/combined_assets.csv
[2025-06-12T18:20:07.056+0200] {logging_mixin.py:188} INFO -    Colonnes lues dans df : ['date', 'SP500', 'GOLD_OZ_USD', 'SmallCAP', 'US_REIT_VNQ', 'TREASURY_10Y']
[2025-06-12T18:20:07.087+0200] {logging_mixin.py:188} INFO - Données Assets journalières nettoyées sauvegardées : /home/leoja/airflow/data/Assets_daily.parquet
[2025-06-12T18:20:07.096+0200] {logging_mixin.py:188} INFO -          date        SP500  GOLD_OZ_USD   SmallCAP  US_REIT_VNQ  TREASURY_10Y
0  2005-01-03  1202.079956   428.700012  48.708611    23.444588     49.797569
1  2005-01-04  1188.050049   428.500000  47.664471    23.092220     49.487514
2  2005-01-05  1183.739990   426.600006  46.711811    22.324570     49.569416
3  2005-01-06  1187.890015   421.000000  46.959484    22.496563     49.616226
4  2005-01-07  1186.189941   418.899994  46.437416    22.446222     49.575264
[2025-06-12T18:20:07.102+0200] {logging_mixin.py:188} INFO -             date        SP500  ...  US_REIT_VNQ  TREASURY_10Y
5141  2025-06-05  5939.299805  ...    89.440002     94.260002
5142  2025-06-06  6000.359863  ...    89.870003     93.510002
5143  2025-06-09  6005.879883  ...    89.989998     93.680000
5144  2025-06-10  6038.810059  ...    90.760002     93.839996
5145  2025-06-11  6022.240234  ...    90.269997     94.230003

[5 rows x 6 columns]
[2025-06-12T18:20:07.103+0200] {python.py:237} INFO - Done. Returned value was: /home/leoja/airflow/data/Assets_daily.parquet
[2025-06-12T18:20:07.103+0200] {taskinstance.py:441} INFO - ::group::Post task execution logs
[2025-06-12T18:20:07.170+0200] {taskinstance.py:1205} INFO - Marking task as SUCCESS. dag_id=macro_trading_dag, task_id=format_assets_data, execution_date=20250611T080000, start_date=20250612T162006, end_date=20250612T162007
[2025-06-12T18:20:07.236+0200] {local_task_job_runner.py:240} INFO - Task exited with return code 0
[2025-06-12T18:20:07.249+0200] {taskinstance.py:3482} INFO - 0 downstream tasks scheduled from follow-on schedule check
[2025-06-12T18:20:07.249+0200] {local_task_job_runner.py:222} INFO - ::endgroup::
