[2025-06-14T11:21:23.116+0200] {local_task_job_runner.py:120} INFO - ::group::Pre task execution logs
[2025-06-14T11:21:23.131+0200] {taskinstance.py:2073} INFO - Dependencies all met for dep_context=non-requeueable deps ti=<TaskInstance: macro_trading_dag.compute_assets_performance scheduled__2025-06-13T08:00:00+00:00 [queued]>
[2025-06-14T11:21:23.137+0200] {taskinstance.py:2073} INFO - Dependencies all met for dep_context=requeueable deps ti=<TaskInstance: macro_trading_dag.compute_assets_performance scheduled__2025-06-13T08:00:00+00:00 [queued]>
[2025-06-14T11:21:23.138+0200] {taskinstance.py:2303} INFO - Starting attempt 1 of 3
[2025-06-14T11:21:23.150+0200] {taskinstance.py:2327} INFO - Executing <Task(SparkSubmitOperator): compute_assets_performance> on 2025-06-13 08:00:00+00:00
[2025-06-14T11:21:23.160+0200] {standard_task_runner.py:90} INFO - Running: ['airflow', 'tasks', 'run', 'macro_trading_dag', 'compute_assets_performance', 'scheduled__2025-06-13T08:00:00+00:00', '--job-id', '545', '--raw', '--subdir', 'DAGS_FOLDER/macro_trading_dag.py', '--cfg-path', '/tmp/tmprcph3up1']
[2025-06-14T11:21:23.161+0200] {standard_task_runner.py:91} INFO - Job 545: Subtask compute_assets_performance
[2025-06-14T11:21:23.169+0200] {logging_mixin.py:188} WARNING - /home/leoja/airflow/airflow_venv/lib/python3.12/site-packages/airflow/task/task_runner/standard_task_runner.py:61 DeprecationWarning: This process (pid=548819) is multi-threaded, use of fork() may lead to deadlocks in the child.
[2025-06-14T11:21:23.170+0200] {standard_task_runner.py:63} INFO - Started process 548851 to run task
[2025-06-14T11:21:23.198+0200] {task_command.py:426} INFO - Running <TaskInstance: macro_trading_dag.compute_assets_performance scheduled__2025-06-13T08:00:00+00:00 [running]> on host N15I711-16GR512.localdomain
[2025-06-14T11:21:23.261+0200] {taskinstance.py:2644} INFO - Exporting env vars: AIRFLOW_CTX_DAG_OWNER='airflow' AIRFLOW_CTX_DAG_ID='macro_trading_dag' AIRFLOW_CTX_TASK_ID='compute_assets_performance' AIRFLOW_CTX_EXECUTION_DATE='2025-06-13T08:00:00+00:00' AIRFLOW_CTX_TRY_NUMBER='1' AIRFLOW_CTX_DAG_RUN_ID='scheduled__2025-06-13T08:00:00+00:00'
[2025-06-14T11:21:23.262+0200] {taskinstance.py:430} INFO - ::endgroup::
[2025-06-14T11:21:23.267+0200] {base.py:84} INFO - Using connection ID 'spark_local' for task execution.
[2025-06-14T11:21:23.268+0200] {spark_submit.py:351} INFO - Spark-Submit cmd: spark-submit --master local[*] --conf spark.pyspark.python=/home/leoja/airflow_venv/bin/python --conf spark.pyspark.driver.python=/home/leoja/airflow_venv/bin/python --name compute_assets_performance /home/leoja/airflow/spark_jobs/compute_assets_performance.py /home/leoja/airflow/data/quadrants.parquet /home/leoja/airflow/data/Assets_daily.parquet /home/leoja/airflow/data/assets_performance_by_quadrant.parquet
[2025-06-14T11:21:24.483+0200] {spark_submit.py:521} INFO - 25/06/14 11:21:24 WARN Utils: Your hostname, N15I711-16GR512 resolves to a loopback address: 127.0.1.1; using 10.255.255.254 instead (on interface lo)
[2025-06-14T11:21:24.486+0200] {spark_submit.py:521} INFO - 25/06/14 11:21:24 WARN Utils: Set SPARK_LOCAL_IP if you need to bind to another address
[2025-06-14T11:21:27.852+0200] {spark_submit.py:521} INFO - Traceback (most recent call last):
[2025-06-14T11:21:27.852+0200] {spark_submit.py:521} INFO - File "/home/leoja/airflow/spark_jobs/compute_assets_performance.py", line 136, in <module>
[2025-06-14T11:21:27.852+0200] {spark_submit.py:521} INFO - main()
[2025-06-14T11:21:27.852+0200] {spark_submit.py:521} INFO - File "/home/leoja/airflow/spark_jobs/compute_assets_performance.py", line 118, in main
[2025-06-14T11:21:27.852+0200] {spark_submit.py:521} INFO - 'year_month': year_month,
[2025-06-14T11:21:27.853+0200] {spark_submit.py:521} INFO - ^^^^^^^^^^
[2025-06-14T11:21:27.853+0200] {spark_submit.py:521} INFO - NameError: name 'year_month' is not defined
[2025-06-14T11:21:28.117+0200] {spark_submit.py:521} INFO - 25/06/14 11:21:28 INFO ShutdownHookManager: Shutdown hook called
[2025-06-14T11:21:28.118+0200] {spark_submit.py:521} INFO - 25/06/14 11:21:28 INFO ShutdownHookManager: Deleting directory /tmp/spark-928af6d5-139c-4c01-a353-a1c4ce346523
[2025-06-14T11:21:28.159+0200] {taskinstance.py:441} INFO - ::group::Post task execution logs
[2025-06-14T11:21:28.166+0200] {taskinstance.py:2890} ERROR - Task failed with exception
Traceback (most recent call last):
  File "/home/leoja/airflow/airflow_venv/lib/python3.12/site-packages/airflow/models/taskinstance.py", line 465, in _execute_task
    result = _execute_callable(context=context, **execute_callable_kwargs)
             ^^^^^^^^^^^^^^^^^^^^^^^^^^^^^^^^^^^^^^^^^^^^^^^^^^^^^^^^^^^^^
  File "/home/leoja/airflow/airflow_venv/lib/python3.12/site-packages/airflow/models/taskinstance.py", line 432, in _execute_callable
    return execute_callable(context=context, **execute_callable_kwargs)
           ^^^^^^^^^^^^^^^^^^^^^^^^^^^^^^^^^^^^^^^^^^^^^^^^^^^^^^^^^^^^
  File "/home/leoja/airflow/airflow_venv/lib/python3.12/site-packages/airflow/models/baseoperator.py", line 400, in wrapper
    return func(self, *args, **kwargs)
           ^^^^^^^^^^^^^^^^^^^^^^^^^^^
  File "/home/leoja/airflow/airflow_venv/lib/python3.12/site-packages/airflow/providers/apache/spark/operators/spark_submit.py", line 156, in execute
    self._hook.submit(self._application)
  File "/home/leoja/airflow/airflow_venv/lib/python3.12/site-packages/airflow/providers/apache/spark/hooks/spark_submit.py", line 452, in submit
    raise AirflowException(
airflow.exceptions.AirflowException: Cannot execute: spark-submit --master local[*] --conf spark.pyspark.python=/home/leoja/airflow_venv/bin/python --conf spark.pyspark.driver.python=/home/leoja/airflow_venv/bin/python --name compute_assets_performance /home/leoja/airflow/spark_jobs/compute_assets_performance.py /home/leoja/airflow/data/quadrants.parquet /home/leoja/airflow/data/Assets_daily.parquet /home/leoja/airflow/data/assets_performance_by_quadrant.parquet. Error code is: 1.
[2025-06-14T11:21:28.171+0200] {taskinstance.py:1205} INFO - Marking task as UP_FOR_RETRY. dag_id=macro_trading_dag, task_id=compute_assets_performance, execution_date=20250613T080000, start_date=20250614T092123, end_date=20250614T092128
[2025-06-14T11:21:28.205+0200] {standard_task_runner.py:110} ERROR - Failed to execute job 545 for task compute_assets_performance (Cannot execute: spark-submit --master local[*] --conf spark.pyspark.python=/home/leoja/airflow_venv/bin/python --conf spark.pyspark.driver.python=/home/leoja/airflow_venv/bin/python --name compute_assets_performance /home/leoja/airflow/spark_jobs/compute_assets_performance.py /home/leoja/airflow/data/quadrants.parquet /home/leoja/airflow/data/Assets_daily.parquet /home/leoja/airflow/data/assets_performance_by_quadrant.parquet. Error code is: 1.; 548851)
[2025-06-14T11:21:28.237+0200] {local_task_job_runner.py:240} INFO - Task exited with return code 1
[2025-06-14T11:21:28.253+0200] {taskinstance.py:3482} INFO - 0 downstream tasks scheduled from follow-on schedule check
[2025-06-14T11:21:28.254+0200] {local_task_job_runner.py:222} INFO - ::endgroup::
