[2025-06-29T12:13:34.782+0200] {processor.py:161} INFO - Started process (PID=64650) to work on /home/leoja/airflow/airflow_venv/lib/python3.12/site-packages/airflow/example_dags/example_params_trigger_ui.py
[2025-06-29T12:13:34.783+0200] {processor.py:830} INFO - Processing file /home/leoja/airflow/airflow_venv/lib/python3.12/site-packages/airflow/example_dags/example_params_trigger_ui.py for tasks to queue
[2025-06-29T12:13:34.784+0200] {logging_mixin.py:188} INFO - [2025-06-29T12:13:34.784+0200] {dagbag.py:540} INFO - Filling up the DagBag from /home/leoja/airflow/airflow_venv/lib/python3.12/site-packages/airflow/example_dags/example_params_trigger_ui.py
[2025-06-29T12:13:34.796+0200] {processor.py:840} INFO - DAG(s) 'example_params_trigger_ui' retrieved from /home/leoja/airflow/airflow_venv/lib/python3.12/site-packages/airflow/example_dags/example_params_trigger_ui.py
[2025-06-29T12:13:34.897+0200] {logging_mixin.py:188} INFO - [2025-06-29T12:13:34.897+0200] {dag.py:3096} INFO - Sync 1 DAGs
[2025-06-29T12:13:34.904+0200] {logging_mixin.py:188} INFO - [2025-06-29T12:13:34.904+0200] {dag.py:3954} INFO - Setting next_dagrun for example_params_trigger_ui to None, run_after=None
[2025-06-29T12:13:34.927+0200] {processor.py:183} INFO - Processing /home/leoja/airflow/airflow_venv/lib/python3.12/site-packages/airflow/example_dags/example_params_trigger_ui.py took 0.150 seconds
[2025-06-29T12:14:33.003+0200] {processor.py:161} INFO - Started process (PID=64964) to work on /home/leoja/airflow/airflow_venv/lib/python3.12/site-packages/airflow/example_dags/example_params_trigger_ui.py
[2025-06-29T12:14:33.004+0200] {processor.py:830} INFO - Processing file /home/leoja/airflow/airflow_venv/lib/python3.12/site-packages/airflow/example_dags/example_params_trigger_ui.py for tasks to queue
[2025-06-29T12:14:33.006+0200] {logging_mixin.py:188} INFO - [2025-06-29T12:14:33.005+0200] {dagbag.py:540} INFO - Filling up the DagBag from /home/leoja/airflow/airflow_venv/lib/python3.12/site-packages/airflow/example_dags/example_params_trigger_ui.py
[2025-06-29T12:14:33.015+0200] {processor.py:840} INFO - DAG(s) 'example_params_trigger_ui' retrieved from /home/leoja/airflow/airflow_venv/lib/python3.12/site-packages/airflow/example_dags/example_params_trigger_ui.py
[2025-06-29T12:14:33.043+0200] {logging_mixin.py:188} INFO - [2025-06-29T12:14:33.042+0200] {dag.py:3096} INFO - Sync 1 DAGs
[2025-06-29T12:14:33.051+0200] {logging_mixin.py:188} INFO - [2025-06-29T12:14:33.050+0200] {dag.py:3954} INFO - Setting next_dagrun for example_params_trigger_ui to None, run_after=None
[2025-06-29T12:14:33.079+0200] {processor.py:183} INFO - Processing /home/leoja/airflow/airflow_venv/lib/python3.12/site-packages/airflow/example_dags/example_params_trigger_ui.py took 0.082 seconds
[2025-06-29T12:15:27.224+0200] {processor.py:161} INFO - Started process (PID=65304) to work on /home/leoja/airflow/airflow_venv/lib/python3.12/site-packages/airflow/example_dags/example_params_trigger_ui.py
[2025-06-29T12:15:27.228+0200] {processor.py:830} INFO - Processing file /home/leoja/airflow/airflow_venv/lib/python3.12/site-packages/airflow/example_dags/example_params_trigger_ui.py for tasks to queue
[2025-06-29T12:15:27.229+0200] {logging_mixin.py:188} INFO - [2025-06-29T12:15:27.229+0200] {dagbag.py:540} INFO - Filling up the DagBag from /home/leoja/airflow/airflow_venv/lib/python3.12/site-packages/airflow/example_dags/example_params_trigger_ui.py
[2025-06-29T12:15:27.241+0200] {processor.py:840} INFO - DAG(s) 'example_params_trigger_ui' retrieved from /home/leoja/airflow/airflow_venv/lib/python3.12/site-packages/airflow/example_dags/example_params_trigger_ui.py
[2025-06-29T12:15:27.281+0200] {logging_mixin.py:188} INFO - [2025-06-29T12:15:27.281+0200] {dag.py:3096} INFO - Sync 1 DAGs
[2025-06-29T12:15:27.297+0200] {logging_mixin.py:188} INFO - [2025-06-29T12:15:27.296+0200] {dag.py:3954} INFO - Setting next_dagrun for example_params_trigger_ui to None, run_after=None
[2025-06-29T12:15:27.329+0200] {processor.py:183} INFO - Processing /home/leoja/airflow/airflow_venv/lib/python3.12/site-packages/airflow/example_dags/example_params_trigger_ui.py took 0.108 seconds
[2025-06-29T12:16:19.958+0200] {processor.py:161} INFO - Started process (PID=65617) to work on /home/leoja/airflow/airflow_venv/lib/python3.12/site-packages/airflow/example_dags/example_params_trigger_ui.py
[2025-06-29T12:16:19.960+0200] {processor.py:830} INFO - Processing file /home/leoja/airflow/airflow_venv/lib/python3.12/site-packages/airflow/example_dags/example_params_trigger_ui.py for tasks to queue
[2025-06-29T12:16:19.962+0200] {logging_mixin.py:188} INFO - [2025-06-29T12:16:19.962+0200] {dagbag.py:540} INFO - Filling up the DagBag from /home/leoja/airflow/airflow_venv/lib/python3.12/site-packages/airflow/example_dags/example_params_trigger_ui.py
[2025-06-29T12:16:19.973+0200] {processor.py:840} INFO - DAG(s) 'example_params_trigger_ui' retrieved from /home/leoja/airflow/airflow_venv/lib/python3.12/site-packages/airflow/example_dags/example_params_trigger_ui.py
[2025-06-29T12:16:20.003+0200] {logging_mixin.py:188} INFO - [2025-06-29T12:16:20.003+0200] {dag.py:3096} INFO - Sync 1 DAGs
[2025-06-29T12:16:20.014+0200] {logging_mixin.py:188} INFO - [2025-06-29T12:16:20.014+0200] {dag.py:3954} INFO - Setting next_dagrun for example_params_trigger_ui to None, run_after=None
[2025-06-29T12:16:20.038+0200] {processor.py:183} INFO - Processing /home/leoja/airflow/airflow_venv/lib/python3.12/site-packages/airflow/example_dags/example_params_trigger_ui.py took 0.084 seconds
[2025-06-29T12:17:32.267+0200] {processor.py:161} INFO - Started process (PID=66036) to work on /home/leoja/airflow/airflow_venv/lib/python3.12/site-packages/airflow/example_dags/example_params_trigger_ui.py
[2025-06-29T12:17:32.268+0200] {processor.py:830} INFO - Processing file /home/leoja/airflow/airflow_venv/lib/python3.12/site-packages/airflow/example_dags/example_params_trigger_ui.py for tasks to queue
[2025-06-29T12:17:32.271+0200] {logging_mixin.py:188} INFO - [2025-06-29T12:17:32.270+0200] {dagbag.py:540} INFO - Filling up the DagBag from /home/leoja/airflow/airflow_venv/lib/python3.12/site-packages/airflow/example_dags/example_params_trigger_ui.py
[2025-06-29T12:17:32.283+0200] {processor.py:840} INFO - DAG(s) 'example_params_trigger_ui' retrieved from /home/leoja/airflow/airflow_venv/lib/python3.12/site-packages/airflow/example_dags/example_params_trigger_ui.py
[2025-06-29T12:17:32.313+0200] {logging_mixin.py:188} INFO - [2025-06-29T12:17:32.312+0200] {dag.py:3096} INFO - Sync 1 DAGs
[2025-06-29T12:17:32.322+0200] {logging_mixin.py:188} INFO - [2025-06-29T12:17:32.321+0200] {dag.py:3954} INFO - Setting next_dagrun for example_params_trigger_ui to None, run_after=None
[2025-06-29T12:17:32.346+0200] {processor.py:183} INFO - Processing /home/leoja/airflow/airflow_venv/lib/python3.12/site-packages/airflow/example_dags/example_params_trigger_ui.py took 0.086 seconds
[2025-06-29T12:18:18.731+0200] {processor.py:161} INFO - Started process (PID=66314) to work on /home/leoja/airflow/airflow_venv/lib/python3.12/site-packages/airflow/example_dags/example_params_trigger_ui.py
[2025-06-29T12:18:18.732+0200] {processor.py:830} INFO - Processing file /home/leoja/airflow/airflow_venv/lib/python3.12/site-packages/airflow/example_dags/example_params_trigger_ui.py for tasks to queue
[2025-06-29T12:18:18.734+0200] {logging_mixin.py:188} INFO - [2025-06-29T12:18:18.733+0200] {dagbag.py:540} INFO - Filling up the DagBag from /home/leoja/airflow/airflow_venv/lib/python3.12/site-packages/airflow/example_dags/example_params_trigger_ui.py
[2025-06-29T12:18:18.744+0200] {processor.py:840} INFO - DAG(s) 'example_params_trigger_ui' retrieved from /home/leoja/airflow/airflow_venv/lib/python3.12/site-packages/airflow/example_dags/example_params_trigger_ui.py
[2025-06-29T12:18:18.775+0200] {logging_mixin.py:188} INFO - [2025-06-29T12:18:18.774+0200] {dag.py:3096} INFO - Sync 1 DAGs
[2025-06-29T12:18:18.788+0200] {logging_mixin.py:188} INFO - [2025-06-29T12:18:18.788+0200] {dag.py:3954} INFO - Setting next_dagrun for example_params_trigger_ui to None, run_after=None
[2025-06-29T12:18:18.807+0200] {processor.py:183} INFO - Processing /home/leoja/airflow/airflow_venv/lib/python3.12/site-packages/airflow/example_dags/example_params_trigger_ui.py took 0.081 seconds
[2025-06-29T12:19:04.175+0200] {processor.py:161} INFO - Started process (PID=66554) to work on /home/leoja/airflow/airflow_venv/lib/python3.12/site-packages/airflow/example_dags/example_params_trigger_ui.py
[2025-06-29T12:19:04.176+0200] {processor.py:830} INFO - Processing file /home/leoja/airflow/airflow_venv/lib/python3.12/site-packages/airflow/example_dags/example_params_trigger_ui.py for tasks to queue
[2025-06-29T12:19:04.178+0200] {logging_mixin.py:188} INFO - [2025-06-29T12:19:04.177+0200] {dagbag.py:540} INFO - Filling up the DagBag from /home/leoja/airflow/airflow_venv/lib/python3.12/site-packages/airflow/example_dags/example_params_trigger_ui.py
[2025-06-29T12:19:04.187+0200] {processor.py:840} INFO - DAG(s) 'example_params_trigger_ui' retrieved from /home/leoja/airflow/airflow_venv/lib/python3.12/site-packages/airflow/example_dags/example_params_trigger_ui.py
[2025-06-29T12:19:04.210+0200] {logging_mixin.py:188} INFO - [2025-06-29T12:19:04.210+0200] {dag.py:3096} INFO - Sync 1 DAGs
[2025-06-29T12:19:04.217+0200] {logging_mixin.py:188} INFO - [2025-06-29T12:19:04.217+0200] {dag.py:3954} INFO - Setting next_dagrun for example_params_trigger_ui to None, run_after=None
[2025-06-29T12:19:04.237+0200] {processor.py:183} INFO - Processing /home/leoja/airflow/airflow_venv/lib/python3.12/site-packages/airflow/example_dags/example_params_trigger_ui.py took 0.068 seconds
[2025-06-29T12:20:09.484+0200] {processor.py:161} INFO - Started process (PID=66940) to work on /home/leoja/airflow/airflow_venv/lib/python3.12/site-packages/airflow/example_dags/example_params_trigger_ui.py
[2025-06-29T12:20:09.485+0200] {processor.py:830} INFO - Processing file /home/leoja/airflow/airflow_venv/lib/python3.12/site-packages/airflow/example_dags/example_params_trigger_ui.py for tasks to queue
[2025-06-29T12:20:09.487+0200] {logging_mixin.py:188} INFO - [2025-06-29T12:20:09.486+0200] {dagbag.py:540} INFO - Filling up the DagBag from /home/leoja/airflow/airflow_venv/lib/python3.12/site-packages/airflow/example_dags/example_params_trigger_ui.py
[2025-06-29T12:20:09.496+0200] {processor.py:840} INFO - DAG(s) 'example_params_trigger_ui' retrieved from /home/leoja/airflow/airflow_venv/lib/python3.12/site-packages/airflow/example_dags/example_params_trigger_ui.py
[2025-06-29T12:20:09.521+0200] {logging_mixin.py:188} INFO - [2025-06-29T12:20:09.520+0200] {dag.py:3096} INFO - Sync 1 DAGs
[2025-06-29T12:20:09.532+0200] {logging_mixin.py:188} INFO - [2025-06-29T12:20:09.531+0200] {dag.py:3954} INFO - Setting next_dagrun for example_params_trigger_ui to None, run_after=None
[2025-06-29T12:20:09.552+0200] {processor.py:183} INFO - Processing /home/leoja/airflow/airflow_venv/lib/python3.12/site-packages/airflow/example_dags/example_params_trigger_ui.py took 0.073 seconds
[2025-06-29T12:21:01.097+0200] {processor.py:161} INFO - Started process (PID=67249) to work on /home/leoja/airflow/airflow_venv/lib/python3.12/site-packages/airflow/example_dags/example_params_trigger_ui.py
[2025-06-29T12:21:01.099+0200] {processor.py:830} INFO - Processing file /home/leoja/airflow/airflow_venv/lib/python3.12/site-packages/airflow/example_dags/example_params_trigger_ui.py for tasks to queue
[2025-06-29T12:21:01.101+0200] {logging_mixin.py:188} INFO - [2025-06-29T12:21:01.100+0200] {dagbag.py:540} INFO - Filling up the DagBag from /home/leoja/airflow/airflow_venv/lib/python3.12/site-packages/airflow/example_dags/example_params_trigger_ui.py
[2025-06-29T12:21:01.129+0200] {processor.py:840} INFO - DAG(s) 'example_params_trigger_ui' retrieved from /home/leoja/airflow/airflow_venv/lib/python3.12/site-packages/airflow/example_dags/example_params_trigger_ui.py
[2025-06-29T12:21:01.191+0200] {logging_mixin.py:188} INFO - [2025-06-29T12:21:01.191+0200] {dag.py:3096} INFO - Sync 1 DAGs
[2025-06-29T12:21:01.252+0200] {logging_mixin.py:188} INFO - [2025-06-29T12:21:01.252+0200] {dag.py:3954} INFO - Setting next_dagrun for example_params_trigger_ui to None, run_after=None
[2025-06-29T12:21:01.357+0200] {processor.py:183} INFO - Processing /home/leoja/airflow/airflow_venv/lib/python3.12/site-packages/airflow/example_dags/example_params_trigger_ui.py took 0.266 seconds
[2025-06-29T12:21:47.653+0200] {processor.py:161} INFO - Started process (PID=67525) to work on /home/leoja/airflow/airflow_venv/lib/python3.12/site-packages/airflow/example_dags/example_params_trigger_ui.py
[2025-06-29T12:21:47.655+0200] {processor.py:830} INFO - Processing file /home/leoja/airflow/airflow_venv/lib/python3.12/site-packages/airflow/example_dags/example_params_trigger_ui.py for tasks to queue
[2025-06-29T12:21:47.656+0200] {logging_mixin.py:188} INFO - [2025-06-29T12:21:47.656+0200] {dagbag.py:540} INFO - Filling up the DagBag from /home/leoja/airflow/airflow_venv/lib/python3.12/site-packages/airflow/example_dags/example_params_trigger_ui.py
[2025-06-29T12:21:47.689+0200] {processor.py:840} INFO - DAG(s) 'example_params_trigger_ui' retrieved from /home/leoja/airflow/airflow_venv/lib/python3.12/site-packages/airflow/example_dags/example_params_trigger_ui.py
[2025-06-29T12:21:47.723+0200] {logging_mixin.py:188} INFO - [2025-06-29T12:21:47.723+0200] {dag.py:3096} INFO - Sync 1 DAGs
[2025-06-29T12:21:47.738+0200] {logging_mixin.py:188} INFO - [2025-06-29T12:21:47.738+0200] {dag.py:3954} INFO - Setting next_dagrun for example_params_trigger_ui to None, run_after=None
[2025-06-29T12:21:47.765+0200] {processor.py:183} INFO - Processing /home/leoja/airflow/airflow_venv/lib/python3.12/site-packages/airflow/example_dags/example_params_trigger_ui.py took 0.116 seconds
[2025-06-29T12:22:39.864+0200] {processor.py:161} INFO - Started process (PID=67804) to work on /home/leoja/airflow/airflow_venv/lib/python3.12/site-packages/airflow/example_dags/example_params_trigger_ui.py
[2025-06-29T12:22:39.866+0200] {processor.py:830} INFO - Processing file /home/leoja/airflow/airflow_venv/lib/python3.12/site-packages/airflow/example_dags/example_params_trigger_ui.py for tasks to queue
[2025-06-29T12:22:39.867+0200] {logging_mixin.py:188} INFO - [2025-06-29T12:22:39.867+0200] {dagbag.py:540} INFO - Filling up the DagBag from /home/leoja/airflow/airflow_venv/lib/python3.12/site-packages/airflow/example_dags/example_params_trigger_ui.py
[2025-06-29T12:22:39.877+0200] {processor.py:840} INFO - DAG(s) 'example_params_trigger_ui' retrieved from /home/leoja/airflow/airflow_venv/lib/python3.12/site-packages/airflow/example_dags/example_params_trigger_ui.py
[2025-06-29T12:22:39.904+0200] {logging_mixin.py:188} INFO - [2025-06-29T12:22:39.904+0200] {dag.py:3096} INFO - Sync 1 DAGs
[2025-06-29T12:22:39.915+0200] {logging_mixin.py:188} INFO - [2025-06-29T12:22:39.914+0200] {dag.py:3954} INFO - Setting next_dagrun for example_params_trigger_ui to None, run_after=None
[2025-06-29T12:22:39.937+0200] {processor.py:183} INFO - Processing /home/leoja/airflow/airflow_venv/lib/python3.12/site-packages/airflow/example_dags/example_params_trigger_ui.py took 0.078 seconds
[2025-06-29T12:23:26.001+0200] {processor.py:161} INFO - Started process (PID=68057) to work on /home/leoja/airflow/airflow_venv/lib/python3.12/site-packages/airflow/example_dags/example_params_trigger_ui.py
[2025-06-29T12:23:26.003+0200] {processor.py:830} INFO - Processing file /home/leoja/airflow/airflow_venv/lib/python3.12/site-packages/airflow/example_dags/example_params_trigger_ui.py for tasks to queue
[2025-06-29T12:23:26.007+0200] {logging_mixin.py:188} INFO - [2025-06-29T12:23:26.007+0200] {dagbag.py:540} INFO - Filling up the DagBag from /home/leoja/airflow/airflow_venv/lib/python3.12/site-packages/airflow/example_dags/example_params_trigger_ui.py
[2025-06-29T12:23:26.020+0200] {processor.py:840} INFO - DAG(s) 'example_params_trigger_ui' retrieved from /home/leoja/airflow/airflow_venv/lib/python3.12/site-packages/airflow/example_dags/example_params_trigger_ui.py
[2025-06-29T12:23:26.048+0200] {logging_mixin.py:188} INFO - [2025-06-29T12:23:26.048+0200] {dag.py:3096} INFO - Sync 1 DAGs
[2025-06-29T12:23:26.060+0200] {logging_mixin.py:188} INFO - [2025-06-29T12:23:26.059+0200] {dag.py:3954} INFO - Setting next_dagrun for example_params_trigger_ui to None, run_after=None
[2025-06-29T12:23:26.083+0200] {processor.py:183} INFO - Processing /home/leoja/airflow/airflow_venv/lib/python3.12/site-packages/airflow/example_dags/example_params_trigger_ui.py took 0.089 seconds
[2025-06-29T12:24:14.506+0200] {processor.py:161} INFO - Started process (PID=68332) to work on /home/leoja/airflow/airflow_venv/lib/python3.12/site-packages/airflow/example_dags/example_params_trigger_ui.py
[2025-06-29T12:24:14.508+0200] {processor.py:830} INFO - Processing file /home/leoja/airflow/airflow_venv/lib/python3.12/site-packages/airflow/example_dags/example_params_trigger_ui.py for tasks to queue
[2025-06-29T12:24:14.510+0200] {logging_mixin.py:188} INFO - [2025-06-29T12:24:14.509+0200] {dagbag.py:540} INFO - Filling up the DagBag from /home/leoja/airflow/airflow_venv/lib/python3.12/site-packages/airflow/example_dags/example_params_trigger_ui.py
[2025-06-29T12:24:14.520+0200] {processor.py:840} INFO - DAG(s) 'example_params_trigger_ui' retrieved from /home/leoja/airflow/airflow_venv/lib/python3.12/site-packages/airflow/example_dags/example_params_trigger_ui.py
[2025-06-29T12:24:14.548+0200] {logging_mixin.py:188} INFO - [2025-06-29T12:24:14.547+0200] {dag.py:3096} INFO - Sync 1 DAGs
[2025-06-29T12:24:14.557+0200] {logging_mixin.py:188} INFO - [2025-06-29T12:24:14.557+0200] {dag.py:3954} INFO - Setting next_dagrun for example_params_trigger_ui to None, run_after=None
[2025-06-29T12:24:14.579+0200] {processor.py:183} INFO - Processing /home/leoja/airflow/airflow_venv/lib/python3.12/site-packages/airflow/example_dags/example_params_trigger_ui.py took 0.080 seconds
[2025-06-29T12:24:59.013+0200] {processor.py:161} INFO - Started process (PID=68600) to work on /home/leoja/airflow/airflow_venv/lib/python3.12/site-packages/airflow/example_dags/example_params_trigger_ui.py
[2025-06-29T12:24:59.014+0200] {processor.py:830} INFO - Processing file /home/leoja/airflow/airflow_venv/lib/python3.12/site-packages/airflow/example_dags/example_params_trigger_ui.py for tasks to queue
[2025-06-29T12:24:59.017+0200] {logging_mixin.py:188} INFO - [2025-06-29T12:24:59.017+0200] {dagbag.py:540} INFO - Filling up the DagBag from /home/leoja/airflow/airflow_venv/lib/python3.12/site-packages/airflow/example_dags/example_params_trigger_ui.py
[2025-06-29T12:24:59.027+0200] {processor.py:840} INFO - DAG(s) 'example_params_trigger_ui' retrieved from /home/leoja/airflow/airflow_venv/lib/python3.12/site-packages/airflow/example_dags/example_params_trigger_ui.py
[2025-06-29T12:24:59.050+0200] {logging_mixin.py:188} INFO - [2025-06-29T12:24:59.050+0200] {dag.py:3096} INFO - Sync 1 DAGs
[2025-06-29T12:24:59.059+0200] {logging_mixin.py:188} INFO - [2025-06-29T12:24:59.059+0200] {dag.py:3954} INFO - Setting next_dagrun for example_params_trigger_ui to None, run_after=None
[2025-06-29T12:24:59.083+0200] {processor.py:183} INFO - Processing /home/leoja/airflow/airflow_venv/lib/python3.12/site-packages/airflow/example_dags/example_params_trigger_ui.py took 0.074 seconds
[2025-06-29T12:25:43.481+0200] {processor.py:161} INFO - Started process (PID=68853) to work on /home/leoja/airflow/airflow_venv/lib/python3.12/site-packages/airflow/example_dags/example_params_trigger_ui.py
[2025-06-29T12:25:43.483+0200] {processor.py:830} INFO - Processing file /home/leoja/airflow/airflow_venv/lib/python3.12/site-packages/airflow/example_dags/example_params_trigger_ui.py for tasks to queue
[2025-06-29T12:25:43.485+0200] {logging_mixin.py:188} INFO - [2025-06-29T12:25:43.484+0200] {dagbag.py:540} INFO - Filling up the DagBag from /home/leoja/airflow/airflow_venv/lib/python3.12/site-packages/airflow/example_dags/example_params_trigger_ui.py
[2025-06-29T12:25:43.497+0200] {processor.py:840} INFO - DAG(s) 'example_params_trigger_ui' retrieved from /home/leoja/airflow/airflow_venv/lib/python3.12/site-packages/airflow/example_dags/example_params_trigger_ui.py
[2025-06-29T12:25:43.523+0200] {logging_mixin.py:188} INFO - [2025-06-29T12:25:43.523+0200] {dag.py:3096} INFO - Sync 1 DAGs
[2025-06-29T12:25:43.532+0200] {logging_mixin.py:188} INFO - [2025-06-29T12:25:43.532+0200] {dag.py:3954} INFO - Setting next_dagrun for example_params_trigger_ui to None, run_after=None
[2025-06-29T12:25:43.552+0200] {processor.py:183} INFO - Processing /home/leoja/airflow/airflow_venv/lib/python3.12/site-packages/airflow/example_dags/example_params_trigger_ui.py took 0.077 seconds
[2025-06-29T12:26:26.503+0200] {processor.py:161} INFO - Started process (PID=69102) to work on /home/leoja/airflow/airflow_venv/lib/python3.12/site-packages/airflow/example_dags/example_params_trigger_ui.py
[2025-06-29T12:26:26.505+0200] {processor.py:830} INFO - Processing file /home/leoja/airflow/airflow_venv/lib/python3.12/site-packages/airflow/example_dags/example_params_trigger_ui.py for tasks to queue
[2025-06-29T12:26:26.506+0200] {logging_mixin.py:188} INFO - [2025-06-29T12:26:26.506+0200] {dagbag.py:540} INFO - Filling up the DagBag from /home/leoja/airflow/airflow_venv/lib/python3.12/site-packages/airflow/example_dags/example_params_trigger_ui.py
[2025-06-29T12:26:26.516+0200] {processor.py:840} INFO - DAG(s) 'example_params_trigger_ui' retrieved from /home/leoja/airflow/airflow_venv/lib/python3.12/site-packages/airflow/example_dags/example_params_trigger_ui.py
[2025-06-29T12:26:26.538+0200] {logging_mixin.py:188} INFO - [2025-06-29T12:26:26.538+0200] {dag.py:3096} INFO - Sync 1 DAGs
[2025-06-29T12:26:26.547+0200] {logging_mixin.py:188} INFO - [2025-06-29T12:26:26.546+0200] {dag.py:3954} INFO - Setting next_dagrun for example_params_trigger_ui to None, run_after=None
[2025-06-29T12:26:26.565+0200] {processor.py:183} INFO - Processing /home/leoja/airflow/airflow_venv/lib/python3.12/site-packages/airflow/example_dags/example_params_trigger_ui.py took 0.066 seconds
[2025-06-29T12:27:11.372+0200] {processor.py:161} INFO - Started process (PID=69367) to work on /home/leoja/airflow/airflow_venv/lib/python3.12/site-packages/airflow/example_dags/example_params_trigger_ui.py
[2025-06-29T12:27:11.374+0200] {processor.py:830} INFO - Processing file /home/leoja/airflow/airflow_venv/lib/python3.12/site-packages/airflow/example_dags/example_params_trigger_ui.py for tasks to queue
[2025-06-29T12:27:11.375+0200] {logging_mixin.py:188} INFO - [2025-06-29T12:27:11.375+0200] {dagbag.py:540} INFO - Filling up the DagBag from /home/leoja/airflow/airflow_venv/lib/python3.12/site-packages/airflow/example_dags/example_params_trigger_ui.py
[2025-06-29T12:27:11.386+0200] {processor.py:840} INFO - DAG(s) 'example_params_trigger_ui' retrieved from /home/leoja/airflow/airflow_venv/lib/python3.12/site-packages/airflow/example_dags/example_params_trigger_ui.py
[2025-06-29T12:27:11.408+0200] {logging_mixin.py:188} INFO - [2025-06-29T12:27:11.408+0200] {dag.py:3096} INFO - Sync 1 DAGs
[2025-06-29T12:27:11.416+0200] {logging_mixin.py:188} INFO - [2025-06-29T12:27:11.416+0200] {dag.py:3954} INFO - Setting next_dagrun for example_params_trigger_ui to None, run_after=None
[2025-06-29T12:27:11.433+0200] {processor.py:183} INFO - Processing /home/leoja/airflow/airflow_venv/lib/python3.12/site-packages/airflow/example_dags/example_params_trigger_ui.py took 0.065 seconds
[2025-06-29T12:27:56.543+0200] {processor.py:161} INFO - Started process (PID=69618) to work on /home/leoja/airflow/airflow_venv/lib/python3.12/site-packages/airflow/example_dags/example_params_trigger_ui.py
[2025-06-29T12:27:56.544+0200] {processor.py:830} INFO - Processing file /home/leoja/airflow/airflow_venv/lib/python3.12/site-packages/airflow/example_dags/example_params_trigger_ui.py for tasks to queue
[2025-06-29T12:27:56.545+0200] {logging_mixin.py:188} INFO - [2025-06-29T12:27:56.545+0200] {dagbag.py:540} INFO - Filling up the DagBag from /home/leoja/airflow/airflow_venv/lib/python3.12/site-packages/airflow/example_dags/example_params_trigger_ui.py
[2025-06-29T12:27:56.555+0200] {processor.py:840} INFO - DAG(s) 'example_params_trigger_ui' retrieved from /home/leoja/airflow/airflow_venv/lib/python3.12/site-packages/airflow/example_dags/example_params_trigger_ui.py
[2025-06-29T12:27:56.577+0200] {logging_mixin.py:188} INFO - [2025-06-29T12:27:56.577+0200] {dag.py:3096} INFO - Sync 1 DAGs
[2025-06-29T12:27:56.585+0200] {logging_mixin.py:188} INFO - [2025-06-29T12:27:56.585+0200] {dag.py:3954} INFO - Setting next_dagrun for example_params_trigger_ui to None, run_after=None
[2025-06-29T12:27:56.606+0200] {processor.py:183} INFO - Processing /home/leoja/airflow/airflow_venv/lib/python3.12/site-packages/airflow/example_dags/example_params_trigger_ui.py took 0.068 seconds
[2025-06-29T12:28:46.883+0200] {processor.py:161} INFO - Started process (PID=69894) to work on /home/leoja/airflow/airflow_venv/lib/python3.12/site-packages/airflow/example_dags/example_params_trigger_ui.py
[2025-06-29T12:28:46.884+0200] {processor.py:830} INFO - Processing file /home/leoja/airflow/airflow_venv/lib/python3.12/site-packages/airflow/example_dags/example_params_trigger_ui.py for tasks to queue
[2025-06-29T12:28:46.885+0200] {logging_mixin.py:188} INFO - [2025-06-29T12:28:46.885+0200] {dagbag.py:540} INFO - Filling up the DagBag from /home/leoja/airflow/airflow_venv/lib/python3.12/site-packages/airflow/example_dags/example_params_trigger_ui.py
[2025-06-29T12:28:46.895+0200] {processor.py:840} INFO - DAG(s) 'example_params_trigger_ui' retrieved from /home/leoja/airflow/airflow_venv/lib/python3.12/site-packages/airflow/example_dags/example_params_trigger_ui.py
[2025-06-29T12:28:46.918+0200] {logging_mixin.py:188} INFO - [2025-06-29T12:28:46.918+0200] {dag.py:3096} INFO - Sync 1 DAGs
[2025-06-29T12:28:46.926+0200] {logging_mixin.py:188} INFO - [2025-06-29T12:28:46.926+0200] {dag.py:3954} INFO - Setting next_dagrun for example_params_trigger_ui to None, run_after=None
[2025-06-29T12:28:46.944+0200] {processor.py:183} INFO - Processing /home/leoja/airflow/airflow_venv/lib/python3.12/site-packages/airflow/example_dags/example_params_trigger_ui.py took 0.066 seconds
[2025-06-29T12:29:31.940+0200] {processor.py:161} INFO - Started process (PID=70166) to work on /home/leoja/airflow/airflow_venv/lib/python3.12/site-packages/airflow/example_dags/example_params_trigger_ui.py
[2025-06-29T12:29:31.941+0200] {processor.py:830} INFO - Processing file /home/leoja/airflow/airflow_venv/lib/python3.12/site-packages/airflow/example_dags/example_params_trigger_ui.py for tasks to queue
[2025-06-29T12:29:31.942+0200] {logging_mixin.py:188} INFO - [2025-06-29T12:29:31.942+0200] {dagbag.py:540} INFO - Filling up the DagBag from /home/leoja/airflow/airflow_venv/lib/python3.12/site-packages/airflow/example_dags/example_params_trigger_ui.py
[2025-06-29T12:29:31.952+0200] {processor.py:840} INFO - DAG(s) 'example_params_trigger_ui' retrieved from /home/leoja/airflow/airflow_venv/lib/python3.12/site-packages/airflow/example_dags/example_params_trigger_ui.py
[2025-06-29T12:29:31.976+0200] {logging_mixin.py:188} INFO - [2025-06-29T12:29:31.976+0200] {dag.py:3096} INFO - Sync 1 DAGs
[2025-06-29T12:29:31.985+0200] {logging_mixin.py:188} INFO - [2025-06-29T12:29:31.985+0200] {dag.py:3954} INFO - Setting next_dagrun for example_params_trigger_ui to None, run_after=None
[2025-06-29T12:29:32.004+0200] {processor.py:183} INFO - Processing /home/leoja/airflow/airflow_venv/lib/python3.12/site-packages/airflow/example_dags/example_params_trigger_ui.py took 0.068 seconds
[2025-06-29T12:30:17.050+0200] {processor.py:161} INFO - Started process (PID=70408) to work on /home/leoja/airflow/airflow_venv/lib/python3.12/site-packages/airflow/example_dags/example_params_trigger_ui.py
[2025-06-29T12:30:17.051+0200] {processor.py:830} INFO - Processing file /home/leoja/airflow/airflow_venv/lib/python3.12/site-packages/airflow/example_dags/example_params_trigger_ui.py for tasks to queue
[2025-06-29T12:30:17.052+0200] {logging_mixin.py:188} INFO - [2025-06-29T12:30:17.052+0200] {dagbag.py:540} INFO - Filling up the DagBag from /home/leoja/airflow/airflow_venv/lib/python3.12/site-packages/airflow/example_dags/example_params_trigger_ui.py
[2025-06-29T12:30:17.061+0200] {processor.py:840} INFO - DAG(s) 'example_params_trigger_ui' retrieved from /home/leoja/airflow/airflow_venv/lib/python3.12/site-packages/airflow/example_dags/example_params_trigger_ui.py
[2025-06-29T12:30:17.089+0200] {logging_mixin.py:188} INFO - [2025-06-29T12:30:17.089+0200] {dag.py:3096} INFO - Sync 1 DAGs
[2025-06-29T12:30:17.099+0200] {logging_mixin.py:188} INFO - [2025-06-29T12:30:17.098+0200] {dag.py:3954} INFO - Setting next_dagrun for example_params_trigger_ui to None, run_after=None
[2025-06-29T12:30:17.119+0200] {processor.py:183} INFO - Processing /home/leoja/airflow/airflow_venv/lib/python3.12/site-packages/airflow/example_dags/example_params_trigger_ui.py took 0.074 seconds
[2025-06-29T12:31:01.309+0200] {processor.py:161} INFO - Started process (PID=70678) to work on /home/leoja/airflow/airflow_venv/lib/python3.12/site-packages/airflow/example_dags/example_params_trigger_ui.py
[2025-06-29T12:31:01.311+0200] {processor.py:830} INFO - Processing file /home/leoja/airflow/airflow_venv/lib/python3.12/site-packages/airflow/example_dags/example_params_trigger_ui.py for tasks to queue
[2025-06-29T12:31:01.312+0200] {logging_mixin.py:188} INFO - [2025-06-29T12:31:01.312+0200] {dagbag.py:540} INFO - Filling up the DagBag from /home/leoja/airflow/airflow_venv/lib/python3.12/site-packages/airflow/example_dags/example_params_trigger_ui.py
[2025-06-29T12:31:01.322+0200] {processor.py:840} INFO - DAG(s) 'example_params_trigger_ui' retrieved from /home/leoja/airflow/airflow_venv/lib/python3.12/site-packages/airflow/example_dags/example_params_trigger_ui.py
[2025-06-29T12:31:01.346+0200] {logging_mixin.py:188} INFO - [2025-06-29T12:31:01.346+0200] {dag.py:3096} INFO - Sync 1 DAGs
[2025-06-29T12:31:01.355+0200] {logging_mixin.py:188} INFO - [2025-06-29T12:31:01.355+0200] {dag.py:3954} INFO - Setting next_dagrun for example_params_trigger_ui to None, run_after=None
[2025-06-29T12:31:01.374+0200] {processor.py:183} INFO - Processing /home/leoja/airflow/airflow_venv/lib/python3.12/site-packages/airflow/example_dags/example_params_trigger_ui.py took 0.069 seconds
[2025-06-29T12:31:43.027+0200] {processor.py:161} INFO - Started process (PID=70929) to work on /home/leoja/airflow/airflow_venv/lib/python3.12/site-packages/airflow/example_dags/example_params_trigger_ui.py
[2025-06-29T12:31:43.029+0200] {processor.py:830} INFO - Processing file /home/leoja/airflow/airflow_venv/lib/python3.12/site-packages/airflow/example_dags/example_params_trigger_ui.py for tasks to queue
[2025-06-29T12:31:43.030+0200] {logging_mixin.py:188} INFO - [2025-06-29T12:31:43.030+0200] {dagbag.py:540} INFO - Filling up the DagBag from /home/leoja/airflow/airflow_venv/lib/python3.12/site-packages/airflow/example_dags/example_params_trigger_ui.py
[2025-06-29T12:31:43.040+0200] {processor.py:840} INFO - DAG(s) 'example_params_trigger_ui' retrieved from /home/leoja/airflow/airflow_venv/lib/python3.12/site-packages/airflow/example_dags/example_params_trigger_ui.py
[2025-06-29T12:31:43.062+0200] {logging_mixin.py:188} INFO - [2025-06-29T12:31:43.062+0200] {dag.py:3096} INFO - Sync 1 DAGs
[2025-06-29T12:31:43.070+0200] {logging_mixin.py:188} INFO - [2025-06-29T12:31:43.070+0200] {dag.py:3954} INFO - Setting next_dagrun for example_params_trigger_ui to None, run_after=None
[2025-06-29T12:31:43.088+0200] {processor.py:183} INFO - Processing /home/leoja/airflow/airflow_venv/lib/python3.12/site-packages/airflow/example_dags/example_params_trigger_ui.py took 0.065 seconds
[2025-06-29T12:37:24.396+0200] {processor.py:161} INFO - Started process (PID=71140) to work on /home/leoja/airflow/airflow_venv/lib/python3.12/site-packages/airflow/example_dags/example_params_trigger_ui.py
[2025-06-29T12:37:24.398+0200] {processor.py:830} INFO - Processing file /home/leoja/airflow/airflow_venv/lib/python3.12/site-packages/airflow/example_dags/example_params_trigger_ui.py for tasks to queue
[2025-06-29T12:37:24.400+0200] {logging_mixin.py:188} INFO - [2025-06-29T12:37:24.400+0200] {dagbag.py:540} INFO - Filling up the DagBag from /home/leoja/airflow/airflow_venv/lib/python3.12/site-packages/airflow/example_dags/example_params_trigger_ui.py
[2025-06-29T12:37:24.415+0200] {processor.py:840} INFO - DAG(s) 'example_params_trigger_ui' retrieved from /home/leoja/airflow/airflow_venv/lib/python3.12/site-packages/airflow/example_dags/example_params_trigger_ui.py
[2025-06-29T12:37:24.439+0200] {logging_mixin.py:188} INFO - [2025-06-29T12:37:24.439+0200] {dag.py:3096} INFO - Sync 1 DAGs
[2025-06-29T12:37:24.447+0200] {logging_mixin.py:188} INFO - [2025-06-29T12:37:24.447+0200] {dag.py:3954} INFO - Setting next_dagrun for example_params_trigger_ui to None, run_after=None
[2025-06-29T12:37:24.473+0200] {processor.py:183} INFO - Processing /home/leoja/airflow/airflow_venv/lib/python3.12/site-packages/airflow/example_dags/example_params_trigger_ui.py took 0.083 seconds
[2025-06-29T12:38:11.950+0200] {processor.py:161} INFO - Started process (PID=71418) to work on /home/leoja/airflow/airflow_venv/lib/python3.12/site-packages/airflow/example_dags/example_params_trigger_ui.py
[2025-06-29T12:38:11.953+0200] {processor.py:830} INFO - Processing file /home/leoja/airflow/airflow_venv/lib/python3.12/site-packages/airflow/example_dags/example_params_trigger_ui.py for tasks to queue
[2025-06-29T12:38:11.955+0200] {logging_mixin.py:188} INFO - [2025-06-29T12:38:11.954+0200] {dagbag.py:540} INFO - Filling up the DagBag from /home/leoja/airflow/airflow_venv/lib/python3.12/site-packages/airflow/example_dags/example_params_trigger_ui.py
[2025-06-29T12:38:11.968+0200] {processor.py:840} INFO - DAG(s) 'example_params_trigger_ui' retrieved from /home/leoja/airflow/airflow_venv/lib/python3.12/site-packages/airflow/example_dags/example_params_trigger_ui.py
[2025-06-29T12:38:11.996+0200] {logging_mixin.py:188} INFO - [2025-06-29T12:38:11.996+0200] {dag.py:3096} INFO - Sync 1 DAGs
[2025-06-29T12:38:12.006+0200] {logging_mixin.py:188} INFO - [2025-06-29T12:38:12.005+0200] {dag.py:3954} INFO - Setting next_dagrun for example_params_trigger_ui to None, run_after=None
[2025-06-29T12:38:12.029+0200] {processor.py:183} INFO - Processing /home/leoja/airflow/airflow_venv/lib/python3.12/site-packages/airflow/example_dags/example_params_trigger_ui.py took 0.088 seconds
[2025-06-29T12:39:04.169+0200] {processor.py:161} INFO - Started process (PID=71729) to work on /home/leoja/airflow/airflow_venv/lib/python3.12/site-packages/airflow/example_dags/example_params_trigger_ui.py
[2025-06-29T12:39:04.170+0200] {processor.py:830} INFO - Processing file /home/leoja/airflow/airflow_venv/lib/python3.12/site-packages/airflow/example_dags/example_params_trigger_ui.py for tasks to queue
[2025-06-29T12:39:04.171+0200] {logging_mixin.py:188} INFO - [2025-06-29T12:39:04.171+0200] {dagbag.py:540} INFO - Filling up the DagBag from /home/leoja/airflow/airflow_venv/lib/python3.12/site-packages/airflow/example_dags/example_params_trigger_ui.py
[2025-06-29T12:39:04.181+0200] {processor.py:840} INFO - DAG(s) 'example_params_trigger_ui' retrieved from /home/leoja/airflow/airflow_venv/lib/python3.12/site-packages/airflow/example_dags/example_params_trigger_ui.py
[2025-06-29T12:39:04.204+0200] {logging_mixin.py:188} INFO - [2025-06-29T12:39:04.204+0200] {dag.py:3096} INFO - Sync 1 DAGs
[2025-06-29T12:39:04.216+0200] {logging_mixin.py:188} INFO - [2025-06-29T12:39:04.215+0200] {dag.py:3954} INFO - Setting next_dagrun for example_params_trigger_ui to None, run_after=None
[2025-06-29T12:39:04.238+0200] {processor.py:183} INFO - Processing /home/leoja/airflow/airflow_venv/lib/python3.12/site-packages/airflow/example_dags/example_params_trigger_ui.py took 0.074 seconds
[2025-06-29T12:39:47.611+0200] {processor.py:161} INFO - Started process (PID=71987) to work on /home/leoja/airflow/airflow_venv/lib/python3.12/site-packages/airflow/example_dags/example_params_trigger_ui.py
[2025-06-29T12:39:47.613+0200] {processor.py:830} INFO - Processing file /home/leoja/airflow/airflow_venv/lib/python3.12/site-packages/airflow/example_dags/example_params_trigger_ui.py for tasks to queue
[2025-06-29T12:39:47.615+0200] {logging_mixin.py:188} INFO - [2025-06-29T12:39:47.614+0200] {dagbag.py:540} INFO - Filling up the DagBag from /home/leoja/airflow/airflow_venv/lib/python3.12/site-packages/airflow/example_dags/example_params_trigger_ui.py
[2025-06-29T12:39:47.626+0200] {processor.py:840} INFO - DAG(s) 'example_params_trigger_ui' retrieved from /home/leoja/airflow/airflow_venv/lib/python3.12/site-packages/airflow/example_dags/example_params_trigger_ui.py
[2025-06-29T12:39:47.656+0200] {logging_mixin.py:188} INFO - [2025-06-29T12:39:47.656+0200] {dag.py:3096} INFO - Sync 1 DAGs
[2025-06-29T12:39:47.665+0200] {logging_mixin.py:188} INFO - [2025-06-29T12:39:47.665+0200] {dag.py:3954} INFO - Setting next_dagrun for example_params_trigger_ui to None, run_after=None
[2025-06-29T12:39:47.689+0200] {processor.py:183} INFO - Processing /home/leoja/airflow/airflow_venv/lib/python3.12/site-packages/airflow/example_dags/example_params_trigger_ui.py took 0.084 seconds
[2025-06-29T12:40:33.865+0200] {processor.py:161} INFO - Started process (PID=72254) to work on /home/leoja/airflow/airflow_venv/lib/python3.12/site-packages/airflow/example_dags/example_params_trigger_ui.py
[2025-06-29T12:40:33.867+0200] {processor.py:830} INFO - Processing file /home/leoja/airflow/airflow_venv/lib/python3.12/site-packages/airflow/example_dags/example_params_trigger_ui.py for tasks to queue
[2025-06-29T12:40:33.870+0200] {logging_mixin.py:188} INFO - [2025-06-29T12:40:33.869+0200] {dagbag.py:540} INFO - Filling up the DagBag from /home/leoja/airflow/airflow_venv/lib/python3.12/site-packages/airflow/example_dags/example_params_trigger_ui.py
[2025-06-29T12:40:33.881+0200] {processor.py:840} INFO - DAG(s) 'example_params_trigger_ui' retrieved from /home/leoja/airflow/airflow_venv/lib/python3.12/site-packages/airflow/example_dags/example_params_trigger_ui.py
[2025-06-29T12:40:33.903+0200] {logging_mixin.py:188} INFO - [2025-06-29T12:40:33.903+0200] {dag.py:3096} INFO - Sync 1 DAGs
[2025-06-29T12:40:33.911+0200] {logging_mixin.py:188} INFO - [2025-06-29T12:40:33.911+0200] {dag.py:3954} INFO - Setting next_dagrun for example_params_trigger_ui to None, run_after=None
[2025-06-29T12:40:33.930+0200] {processor.py:183} INFO - Processing /home/leoja/airflow/airflow_venv/lib/python3.12/site-packages/airflow/example_dags/example_params_trigger_ui.py took 0.069 seconds
[2025-06-29T12:41:19.062+0200] {processor.py:161} INFO - Started process (PID=72504) to work on /home/leoja/airflow/airflow_venv/lib/python3.12/site-packages/airflow/example_dags/example_params_trigger_ui.py
[2025-06-29T12:41:19.063+0200] {processor.py:830} INFO - Processing file /home/leoja/airflow/airflow_venv/lib/python3.12/site-packages/airflow/example_dags/example_params_trigger_ui.py for tasks to queue
[2025-06-29T12:41:19.064+0200] {logging_mixin.py:188} INFO - [2025-06-29T12:41:19.064+0200] {dagbag.py:540} INFO - Filling up the DagBag from /home/leoja/airflow/airflow_venv/lib/python3.12/site-packages/airflow/example_dags/example_params_trigger_ui.py
[2025-06-29T12:41:19.074+0200] {processor.py:840} INFO - DAG(s) 'example_params_trigger_ui' retrieved from /home/leoja/airflow/airflow_venv/lib/python3.12/site-packages/airflow/example_dags/example_params_trigger_ui.py
[2025-06-29T12:41:19.096+0200] {logging_mixin.py:188} INFO - [2025-06-29T12:41:19.096+0200] {dag.py:3096} INFO - Sync 1 DAGs
[2025-06-29T12:41:19.105+0200] {logging_mixin.py:188} INFO - [2025-06-29T12:41:19.105+0200] {dag.py:3954} INFO - Setting next_dagrun for example_params_trigger_ui to None, run_after=None
[2025-06-29T12:41:19.124+0200] {processor.py:183} INFO - Processing /home/leoja/airflow/airflow_venv/lib/python3.12/site-packages/airflow/example_dags/example_params_trigger_ui.py took 0.066 seconds
[2025-06-29T12:42:02.159+0200] {processor.py:161} INFO - Started process (PID=72741) to work on /home/leoja/airflow/airflow_venv/lib/python3.12/site-packages/airflow/example_dags/example_params_trigger_ui.py
[2025-06-29T12:42:02.161+0200] {processor.py:830} INFO - Processing file /home/leoja/airflow/airflow_venv/lib/python3.12/site-packages/airflow/example_dags/example_params_trigger_ui.py for tasks to queue
[2025-06-29T12:42:02.163+0200] {logging_mixin.py:188} INFO - [2025-06-29T12:42:02.162+0200] {dagbag.py:540} INFO - Filling up the DagBag from /home/leoja/airflow/airflow_venv/lib/python3.12/site-packages/airflow/example_dags/example_params_trigger_ui.py
[2025-06-29T12:42:02.175+0200] {processor.py:840} INFO - DAG(s) 'example_params_trigger_ui' retrieved from /home/leoja/airflow/airflow_venv/lib/python3.12/site-packages/airflow/example_dags/example_params_trigger_ui.py
[2025-06-29T12:42:02.206+0200] {logging_mixin.py:188} INFO - [2025-06-29T12:42:02.206+0200] {dag.py:3096} INFO - Sync 1 DAGs
[2025-06-29T12:42:02.214+0200] {logging_mixin.py:188} INFO - [2025-06-29T12:42:02.214+0200] {dag.py:3954} INFO - Setting next_dagrun for example_params_trigger_ui to None, run_after=None
[2025-06-29T12:42:02.233+0200] {processor.py:183} INFO - Processing /home/leoja/airflow/airflow_venv/lib/python3.12/site-packages/airflow/example_dags/example_params_trigger_ui.py took 0.078 seconds
[2025-06-29T12:42:46.244+0200] {processor.py:161} INFO - Started process (PID=72983) to work on /home/leoja/airflow/airflow_venv/lib/python3.12/site-packages/airflow/example_dags/example_params_trigger_ui.py
[2025-06-29T12:42:46.245+0200] {processor.py:830} INFO - Processing file /home/leoja/airflow/airflow_venv/lib/python3.12/site-packages/airflow/example_dags/example_params_trigger_ui.py for tasks to queue
[2025-06-29T12:42:46.246+0200] {logging_mixin.py:188} INFO - [2025-06-29T12:42:46.246+0200] {dagbag.py:540} INFO - Filling up the DagBag from /home/leoja/airflow/airflow_venv/lib/python3.12/site-packages/airflow/example_dags/example_params_trigger_ui.py
[2025-06-29T12:42:46.257+0200] {processor.py:840} INFO - DAG(s) 'example_params_trigger_ui' retrieved from /home/leoja/airflow/airflow_venv/lib/python3.12/site-packages/airflow/example_dags/example_params_trigger_ui.py
[2025-06-29T12:42:46.280+0200] {logging_mixin.py:188} INFO - [2025-06-29T12:42:46.279+0200] {dag.py:3096} INFO - Sync 1 DAGs
[2025-06-29T12:42:46.287+0200] {logging_mixin.py:188} INFO - [2025-06-29T12:42:46.287+0200] {dag.py:3954} INFO - Setting next_dagrun for example_params_trigger_ui to None, run_after=None
[2025-06-29T12:42:46.307+0200] {processor.py:183} INFO - Processing /home/leoja/airflow/airflow_venv/lib/python3.12/site-packages/airflow/example_dags/example_params_trigger_ui.py took 0.067 seconds
[2025-06-29T12:43:28.683+0200] {processor.py:161} INFO - Started process (PID=73231) to work on /home/leoja/airflow/airflow_venv/lib/python3.12/site-packages/airflow/example_dags/example_params_trigger_ui.py
[2025-06-29T12:43:28.684+0200] {processor.py:830} INFO - Processing file /home/leoja/airflow/airflow_venv/lib/python3.12/site-packages/airflow/example_dags/example_params_trigger_ui.py for tasks to queue
[2025-06-29T12:43:28.686+0200] {logging_mixin.py:188} INFO - [2025-06-29T12:43:28.685+0200] {dagbag.py:540} INFO - Filling up the DagBag from /home/leoja/airflow/airflow_venv/lib/python3.12/site-packages/airflow/example_dags/example_params_trigger_ui.py
[2025-06-29T12:43:28.695+0200] {processor.py:840} INFO - DAG(s) 'example_params_trigger_ui' retrieved from /home/leoja/airflow/airflow_venv/lib/python3.12/site-packages/airflow/example_dags/example_params_trigger_ui.py
[2025-06-29T12:43:28.718+0200] {logging_mixin.py:188} INFO - [2025-06-29T12:43:28.718+0200] {dag.py:3096} INFO - Sync 1 DAGs
[2025-06-29T12:43:28.726+0200] {logging_mixin.py:188} INFO - [2025-06-29T12:43:28.726+0200] {dag.py:3954} INFO - Setting next_dagrun for example_params_trigger_ui to None, run_after=None
[2025-06-29T12:43:28.744+0200] {processor.py:183} INFO - Processing /home/leoja/airflow/airflow_venv/lib/python3.12/site-packages/airflow/example_dags/example_params_trigger_ui.py took 0.065 seconds
[2025-06-29T12:44:11.525+0200] {processor.py:161} INFO - Started process (PID=73498) to work on /home/leoja/airflow/airflow_venv/lib/python3.12/site-packages/airflow/example_dags/example_params_trigger_ui.py
[2025-06-29T12:44:11.526+0200] {processor.py:830} INFO - Processing file /home/leoja/airflow/airflow_venv/lib/python3.12/site-packages/airflow/example_dags/example_params_trigger_ui.py for tasks to queue
[2025-06-29T12:44:11.527+0200] {logging_mixin.py:188} INFO - [2025-06-29T12:44:11.527+0200] {dagbag.py:540} INFO - Filling up the DagBag from /home/leoja/airflow/airflow_venv/lib/python3.12/site-packages/airflow/example_dags/example_params_trigger_ui.py
[2025-06-29T12:44:11.537+0200] {processor.py:840} INFO - DAG(s) 'example_params_trigger_ui' retrieved from /home/leoja/airflow/airflow_venv/lib/python3.12/site-packages/airflow/example_dags/example_params_trigger_ui.py
[2025-06-29T12:44:11.559+0200] {logging_mixin.py:188} INFO - [2025-06-29T12:44:11.559+0200] {dag.py:3096} INFO - Sync 1 DAGs
[2025-06-29T12:44:11.567+0200] {logging_mixin.py:188} INFO - [2025-06-29T12:44:11.567+0200] {dag.py:3954} INFO - Setting next_dagrun for example_params_trigger_ui to None, run_after=None
[2025-06-29T12:44:11.587+0200] {processor.py:183} INFO - Processing /home/leoja/airflow/airflow_venv/lib/python3.12/site-packages/airflow/example_dags/example_params_trigger_ui.py took 0.066 seconds
[2025-06-29T12:44:56.390+0200] {processor.py:161} INFO - Started process (PID=73771) to work on /home/leoja/airflow/airflow_venv/lib/python3.12/site-packages/airflow/example_dags/example_params_trigger_ui.py
[2025-06-29T12:44:56.392+0200] {processor.py:830} INFO - Processing file /home/leoja/airflow/airflow_venv/lib/python3.12/site-packages/airflow/example_dags/example_params_trigger_ui.py for tasks to queue
[2025-06-29T12:44:56.393+0200] {logging_mixin.py:188} INFO - [2025-06-29T12:44:56.392+0200] {dagbag.py:540} INFO - Filling up the DagBag from /home/leoja/airflow/airflow_venv/lib/python3.12/site-packages/airflow/example_dags/example_params_trigger_ui.py
[2025-06-29T12:44:56.401+0200] {processor.py:840} INFO - DAG(s) 'example_params_trigger_ui' retrieved from /home/leoja/airflow/airflow_venv/lib/python3.12/site-packages/airflow/example_dags/example_params_trigger_ui.py
[2025-06-29T12:44:56.422+0200] {logging_mixin.py:188} INFO - [2025-06-29T12:44:56.422+0200] {dag.py:3096} INFO - Sync 1 DAGs
[2025-06-29T12:44:56.429+0200] {logging_mixin.py:188} INFO - [2025-06-29T12:44:56.429+0200] {dag.py:3954} INFO - Setting next_dagrun for example_params_trigger_ui to None, run_after=None
[2025-06-29T12:44:56.447+0200] {processor.py:183} INFO - Processing /home/leoja/airflow/airflow_venv/lib/python3.12/site-packages/airflow/example_dags/example_params_trigger_ui.py took 0.061 seconds
[2025-06-29T12:45:46.111+0200] {processor.py:161} INFO - Started process (PID=74046) to work on /home/leoja/airflow/airflow_venv/lib/python3.12/site-packages/airflow/example_dags/example_params_trigger_ui.py
[2025-06-29T12:45:46.112+0200] {processor.py:830} INFO - Processing file /home/leoja/airflow/airflow_venv/lib/python3.12/site-packages/airflow/example_dags/example_params_trigger_ui.py for tasks to queue
[2025-06-29T12:45:46.114+0200] {logging_mixin.py:188} INFO - [2025-06-29T12:45:46.113+0200] {dagbag.py:540} INFO - Filling up the DagBag from /home/leoja/airflow/airflow_venv/lib/python3.12/site-packages/airflow/example_dags/example_params_trigger_ui.py
[2025-06-29T12:45:46.125+0200] {processor.py:840} INFO - DAG(s) 'example_params_trigger_ui' retrieved from /home/leoja/airflow/airflow_venv/lib/python3.12/site-packages/airflow/example_dags/example_params_trigger_ui.py
[2025-06-29T12:45:46.151+0200] {logging_mixin.py:188} INFO - [2025-06-29T12:45:46.151+0200] {dag.py:3096} INFO - Sync 1 DAGs
[2025-06-29T12:45:46.160+0200] {logging_mixin.py:188} INFO - [2025-06-29T12:45:46.160+0200] {dag.py:3954} INFO - Setting next_dagrun for example_params_trigger_ui to None, run_after=None
[2025-06-29T12:45:46.180+0200] {processor.py:183} INFO - Processing /home/leoja/airflow/airflow_venv/lib/python3.12/site-packages/airflow/example_dags/example_params_trigger_ui.py took 0.074 seconds
[2025-06-29T12:46:36.969+0200] {processor.py:161} INFO - Started process (PID=74354) to work on /home/leoja/airflow/airflow_venv/lib/python3.12/site-packages/airflow/example_dags/example_params_trigger_ui.py
[2025-06-29T12:46:36.971+0200] {processor.py:830} INFO - Processing file /home/leoja/airflow/airflow_venv/lib/python3.12/site-packages/airflow/example_dags/example_params_trigger_ui.py for tasks to queue
[2025-06-29T12:46:36.972+0200] {logging_mixin.py:188} INFO - [2025-06-29T12:46:36.972+0200] {dagbag.py:540} INFO - Filling up the DagBag from /home/leoja/airflow/airflow_venv/lib/python3.12/site-packages/airflow/example_dags/example_params_trigger_ui.py
[2025-06-29T12:46:36.987+0200] {processor.py:840} INFO - DAG(s) 'example_params_trigger_ui' retrieved from /home/leoja/airflow/airflow_venv/lib/python3.12/site-packages/airflow/example_dags/example_params_trigger_ui.py
[2025-06-29T12:46:37.010+0200] {logging_mixin.py:188} INFO - [2025-06-29T12:46:37.010+0200] {dag.py:3096} INFO - Sync 1 DAGs
[2025-06-29T12:46:37.020+0200] {logging_mixin.py:188} INFO - [2025-06-29T12:46:37.019+0200] {dag.py:3954} INFO - Setting next_dagrun for example_params_trigger_ui to None, run_after=None
[2025-06-29T12:46:37.038+0200] {processor.py:183} INFO - Processing /home/leoja/airflow/airflow_venv/lib/python3.12/site-packages/airflow/example_dags/example_params_trigger_ui.py took 0.074 seconds
                                                                                                                                                                                                                                                                                                                                                                                                                                                                                                                                                                                                                                                                                                                                                                                                                                                                                                                                                                                                                                                                                                                                                                                                                                                                                                                                                                                                                                                    