[2025-06-29T12:13:55.996+0200] {processor.py:161} INFO - Started process (PID=64846) to work on /home/leoja/airflow/airflow_venv/lib/python3.12/site-packages/airflow/example_dags/example_setup_teardown.py
[2025-06-29T12:13:55.996+0200] {processor.py:830} INFO - Processing file /home/leoja/airflow/airflow_venv/lib/python3.12/site-packages/airflow/example_dags/example_setup_teardown.py for tasks to queue
[2025-06-29T12:13:55.998+0200] {logging_mixin.py:188} INFO - [2025-06-29T12:13:55.997+0200] {dagbag.py:540} INFO - Filling up the DagBag from /home/leoja/airflow/airflow_venv/lib/python3.12/site-packages/airflow/example_dags/example_setup_teardown.py
[2025-06-29T12:13:56.003+0200] {processor.py:840} INFO - DAG(s) 'example_setup_teardown' retrieved from /home/leoja/airflow/airflow_venv/lib/python3.12/site-packages/airflow/example_dags/example_setup_teardown.py
[2025-06-29T12:13:56.068+0200] {logging_mixin.py:188} INFO - [2025-06-29T12:13:56.068+0200] {dag.py:3096} INFO - Sync 1 DAGs
[2025-06-29T12:13:56.082+0200] {logging_mixin.py:188} INFO - [2025-06-29T12:13:56.082+0200] {dag.py:3954} INFO - Setting next_dagrun for example_setup_teardown to 2025-06-28 00:00:00+00:00, run_after=2025-06-29 00:00:00+00:00
[2025-06-29T12:13:56.110+0200] {processor.py:183} INFO - Processing /home/leoja/airflow/airflow_venv/lib/python3.12/site-packages/airflow/example_dags/example_setup_teardown.py took 0.119 seconds
[2025-06-29T12:14:53.911+0200] {processor.py:161} INFO - Started process (PID=65098) to work on /home/leoja/airflow/airflow_venv/lib/python3.12/site-packages/airflow/example_dags/example_setup_teardown.py
[2025-06-29T12:14:53.913+0200] {processor.py:830} INFO - Processing file /home/leoja/airflow/airflow_venv/lib/python3.12/site-packages/airflow/example_dags/example_setup_teardown.py for tasks to queue
[2025-06-29T12:14:53.914+0200] {logging_mixin.py:188} INFO - [2025-06-29T12:14:53.914+0200] {dagbag.py:540} INFO - Filling up the DagBag from /home/leoja/airflow/airflow_venv/lib/python3.12/site-packages/airflow/example_dags/example_setup_teardown.py
[2025-06-29T12:14:53.922+0200] {processor.py:840} INFO - DAG(s) 'example_setup_teardown' retrieved from /home/leoja/airflow/airflow_venv/lib/python3.12/site-packages/airflow/example_dags/example_setup_teardown.py
[2025-06-29T12:14:53.933+0200] {logging_mixin.py:188} INFO - [2025-06-29T12:14:53.933+0200] {dag.py:3096} INFO - Sync 1 DAGs
[2025-06-29T12:14:53.949+0200] {logging_mixin.py:188} INFO - [2025-06-29T12:14:53.948+0200] {dag.py:3954} INFO - Setting next_dagrun for example_setup_teardown to 2025-06-28 00:00:00+00:00, run_after=2025-06-29 00:00:00+00:00
[2025-06-29T12:14:53.973+0200] {processor.py:183} INFO - Processing /home/leoja/airflow/airflow_venv/lib/python3.12/site-packages/airflow/example_dags/example_setup_teardown.py took 0.069 seconds
[2025-06-29T12:15:48.004+0200] {processor.py:161} INFO - Started process (PID=65439) to work on /home/leoja/airflow/airflow_venv/lib/python3.12/site-packages/airflow/example_dags/example_setup_teardown.py
[2025-06-29T12:15:48.006+0200] {processor.py:830} INFO - Processing file /home/leoja/airflow/airflow_venv/lib/python3.12/site-packages/airflow/example_dags/example_setup_teardown.py for tasks to queue
[2025-06-29T12:15:48.007+0200] {logging_mixin.py:188} INFO - [2025-06-29T12:15:48.007+0200] {dagbag.py:540} INFO - Filling up the DagBag from /home/leoja/airflow/airflow_venv/lib/python3.12/site-packages/airflow/example_dags/example_setup_teardown.py
[2025-06-29T12:15:48.012+0200] {processor.py:840} INFO - DAG(s) 'example_setup_teardown' retrieved from /home/leoja/airflow/airflow_venv/lib/python3.12/site-packages/airflow/example_dags/example_setup_teardown.py
[2025-06-29T12:15:48.027+0200] {logging_mixin.py:188} INFO - [2025-06-29T12:15:48.027+0200] {dag.py:3096} INFO - Sync 1 DAGs
[2025-06-29T12:15:48.043+0200] {logging_mixin.py:188} INFO - [2025-06-29T12:15:48.043+0200] {dag.py:3954} INFO - Setting next_dagrun for example_setup_teardown to 2025-06-28 00:00:00+00:00, run_after=2025-06-29 00:00:00+00:00
[2025-06-29T12:15:48.070+0200] {processor.py:183} INFO - Processing /home/leoja/airflow/airflow_venv/lib/python3.12/site-packages/airflow/example_dags/example_setup_teardown.py took 0.070 seconds
[2025-06-29T12:17:03.679+0200] {processor.py:161} INFO - Started process (PID=65860) to work on /home/leoja/airflow/airflow_venv/lib/python3.12/site-packages/airflow/example_dags/example_setup_teardown.py
[2025-06-29T12:17:03.680+0200] {processor.py:830} INFO - Processing file /home/leoja/airflow/airflow_venv/lib/python3.12/site-packages/airflow/example_dags/example_setup_teardown.py for tasks to queue
[2025-06-29T12:17:03.682+0200] {logging_mixin.py:188} INFO - [2025-06-29T12:17:03.681+0200] {dagbag.py:540} INFO - Filling up the DagBag from /home/leoja/airflow/airflow_venv/lib/python3.12/site-packages/airflow/example_dags/example_setup_teardown.py
[2025-06-29T12:17:03.688+0200] {processor.py:840} INFO - DAG(s) 'example_setup_teardown' retrieved from /home/leoja/airflow/airflow_venv/lib/python3.12/site-packages/airflow/example_dags/example_setup_teardown.py
[2025-06-29T12:17:03.702+0200] {logging_mixin.py:188} INFO - [2025-06-29T12:17:03.701+0200] {dag.py:3096} INFO - Sync 1 DAGs
[2025-06-29T12:17:03.718+0200] {logging_mixin.py:188} INFO - [2025-06-29T12:17:03.717+0200] {dag.py:3954} INFO - Setting next_dagrun for example_setup_teardown to 2025-06-28 00:00:00+00:00, run_after=2025-06-29 00:00:00+00:00
[2025-06-29T12:17:03.737+0200] {processor.py:183} INFO - Processing /home/leoja/airflow/airflow_venv/lib/python3.12/site-packages/airflow/example_dags/example_setup_teardown.py took 0.064 seconds
[2025-06-29T12:17:56.930+0200] {processor.py:161} INFO - Started process (PID=66164) to work on /home/leoja/airflow/airflow_venv/lib/python3.12/site-packages/airflow/example_dags/example_setup_teardown.py
[2025-06-29T12:17:56.932+0200] {processor.py:830} INFO - Processing file /home/leoja/airflow/airflow_venv/lib/python3.12/site-packages/airflow/example_dags/example_setup_teardown.py for tasks to queue
[2025-06-29T12:17:56.933+0200] {logging_mixin.py:188} INFO - [2025-06-29T12:17:56.933+0200] {dagbag.py:540} INFO - Filling up the DagBag from /home/leoja/airflow/airflow_venv/lib/python3.12/site-packages/airflow/example_dags/example_setup_teardown.py
[2025-06-29T12:17:56.939+0200] {processor.py:840} INFO - DAG(s) 'example_setup_teardown' retrieved from /home/leoja/airflow/airflow_venv/lib/python3.12/site-packages/airflow/example_dags/example_setup_teardown.py
[2025-06-29T12:17:56.953+0200] {logging_mixin.py:188} INFO - [2025-06-29T12:17:56.952+0200] {dag.py:3096} INFO - Sync 1 DAGs
[2025-06-29T12:17:56.967+0200] {logging_mixin.py:188} INFO - [2025-06-29T12:17:56.967+0200] {dag.py:3954} INFO - Setting next_dagrun for example_setup_teardown to 2025-06-28 00:00:00+00:00, run_after=2025-06-29 00:00:00+00:00
[2025-06-29T12:17:56.990+0200] {processor.py:183} INFO - Processing /home/leoja/airflow/airflow_venv/lib/python3.12/site-packages/airflow/example_dags/example_setup_teardown.py took 0.067 seconds
[2025-06-29T12:18:46.809+0200] {processor.py:161} INFO - Started process (PID=66474) to work on /home/leoja/airflow/airflow_venv/lib/python3.12/site-packages/airflow/example_dags/example_setup_teardown.py
[2025-06-29T12:18:46.812+0200] {processor.py:830} INFO - Processing file /home/leoja/airflow/airflow_venv/lib/python3.12/site-packages/airflow/example_dags/example_setup_teardown.py for tasks to queue
[2025-06-29T12:18:46.813+0200] {logging_mixin.py:188} INFO - [2025-06-29T12:18:46.813+0200] {dagbag.py:540} INFO - Filling up the DagBag from /home/leoja/airflow/airflow_venv/lib/python3.12/site-packages/airflow/example_dags/example_setup_teardown.py
[2025-06-29T12:18:46.819+0200] {processor.py:840} INFO - DAG(s) 'example_setup_teardown' retrieved from /home/leoja/airflow/airflow_venv/lib/python3.12/site-packages/airflow/example_dags/example_setup_teardown.py
[2025-06-29T12:18:46.835+0200] {logging_mixin.py:188} INFO - [2025-06-29T12:18:46.835+0200] {dag.py:3096} INFO - Sync 1 DAGs
[2025-06-29T12:18:46.848+0200] {logging_mixin.py:188} INFO - [2025-06-29T12:18:46.848+0200] {dag.py:3954} INFO - Setting next_dagrun for example_setup_teardown to 2025-06-28 00:00:00+00:00, run_after=2025-06-29 00:00:00+00:00
[2025-06-29T12:18:46.886+0200] {processor.py:183} INFO - Processing /home/leoja/airflow/airflow_venv/lib/python3.12/site-packages/airflow/example_dags/example_setup_teardown.py took 0.092 seconds
[2025-06-29T12:20:01.675+0200] {processor.py:161} INFO - Started process (PID=66901) to work on /home/leoja/airflow/airflow_venv/lib/python3.12/site-packages/airflow/example_dags/example_setup_teardown.py
[2025-06-29T12:20:01.676+0200] {processor.py:830} INFO - Processing file /home/leoja/airflow/airflow_venv/lib/python3.12/site-packages/airflow/example_dags/example_setup_teardown.py for tasks to queue
[2025-06-29T12:20:01.677+0200] {logging_mixin.py:188} INFO - [2025-06-29T12:20:01.677+0200] {dagbag.py:540} INFO - Filling up the DagBag from /home/leoja/airflow/airflow_venv/lib/python3.12/site-packages/airflow/example_dags/example_setup_teardown.py
[2025-06-29T12:20:01.682+0200] {processor.py:840} INFO - DAG(s) 'example_setup_teardown' retrieved from /home/leoja/airflow/airflow_venv/lib/python3.12/site-packages/airflow/example_dags/example_setup_teardown.py
[2025-06-29T12:20:01.693+0200] {logging_mixin.py:188} INFO - [2025-06-29T12:20:01.693+0200] {dag.py:3096} INFO - Sync 1 DAGs
[2025-06-29T12:20:01.705+0200] {logging_mixin.py:188} INFO - [2025-06-29T12:20:01.705+0200] {dag.py:3954} INFO - Setting next_dagrun for example_setup_teardown to 2025-06-28 00:00:00+00:00, run_after=2025-06-29 00:00:00+00:00
[2025-06-29T12:20:01.725+0200] {processor.py:183} INFO - Processing /home/leoja/airflow/airflow_venv/lib/python3.12/site-packages/airflow/example_dags/example_setup_teardown.py took 0.056 seconds
[2025-06-29T12:20:55.942+0200] {processor.py:161} INFO - Started process (PID=67190) to work on /home/leoja/airflow/airflow_venv/lib/python3.12/site-packages/airflow/example_dags/example_setup_teardown.py
[2025-06-29T12:20:55.943+0200] {processor.py:830} INFO - Processing file /home/leoja/airflow/airflow_venv/lib/python3.12/site-packages/airflow/example_dags/example_setup_teardown.py for tasks to queue
[2025-06-29T12:20:55.944+0200] {logging_mixin.py:188} INFO - [2025-06-29T12:20:55.943+0200] {dagbag.py:540} INFO - Filling up the DagBag from /home/leoja/airflow/airflow_venv/lib/python3.12/site-packages/airflow/example_dags/example_setup_teardown.py
[2025-06-29T12:20:55.949+0200] {processor.py:840} INFO - DAG(s) 'example_setup_teardown' retrieved from /home/leoja/airflow/airflow_venv/lib/python3.12/site-packages/airflow/example_dags/example_setup_teardown.py
[2025-06-29T12:20:55.963+0200] {logging_mixin.py:188} INFO - [2025-06-29T12:20:55.963+0200] {dag.py:3096} INFO - Sync 1 DAGs
[2025-06-29T12:20:55.975+0200] {logging_mixin.py:188} INFO - [2025-06-29T12:20:55.975+0200] {dag.py:3954} INFO - Setting next_dagrun for example_setup_teardown to 2025-06-28 00:00:00+00:00, run_after=2025-06-29 00:00:00+00:00
[2025-06-29T12:20:56.002+0200] {processor.py:183} INFO - Processing /home/leoja/airflow/airflow_venv/lib/python3.12/site-packages/airflow/example_dags/example_setup_teardown.py took 0.064 seconds
[2025-06-29T12:22:09.215+0200] {processor.py:161} INFO - Started process (PID=67625) to work on /home/leoja/airflow/airflow_venv/lib/python3.12/site-packages/airflow/example_dags/example_setup_teardown.py
[2025-06-29T12:22:09.216+0200] {processor.py:830} INFO - Processing file /home/leoja/airflow/airflow_venv/lib/python3.12/site-packages/airflow/example_dags/example_setup_teardown.py for tasks to queue
[2025-06-29T12:22:09.218+0200] {logging_mixin.py:188} INFO - [2025-06-29T12:22:09.218+0200] {dagbag.py:540} INFO - Filling up the DagBag from /home/leoja/airflow/airflow_venv/lib/python3.12/site-packages/airflow/example_dags/example_setup_teardown.py
[2025-06-29T12:22:09.224+0200] {processor.py:840} INFO - DAG(s) 'example_setup_teardown' retrieved from /home/leoja/airflow/airflow_venv/lib/python3.12/site-packages/airflow/example_dags/example_setup_teardown.py
[2025-06-29T12:22:09.238+0200] {logging_mixin.py:188} INFO - [2025-06-29T12:22:09.238+0200] {dag.py:3096} INFO - Sync 1 DAGs
[2025-06-29T12:22:09.252+0200] {logging_mixin.py:188} INFO - [2025-06-29T12:22:09.252+0200] {dag.py:3954} INFO - Setting next_dagrun for example_setup_teardown to 2025-06-28 00:00:00+00:00, run_after=2025-06-29 00:00:00+00:00
[2025-06-29T12:22:09.275+0200] {processor.py:183} INFO - Processing /home/leoja/airflow/airflow_venv/lib/python3.12/site-packages/airflow/example_dags/example_setup_teardown.py took 0.066 seconds
[2025-06-29T12:22:57.951+0200] {processor.py:161} INFO - Started process (PID=67902) to work on /home/leoja/airflow/airflow_venv/lib/python3.12/site-packages/airflow/example_dags/example_setup_teardown.py
[2025-06-29T12:22:57.953+0200] {processor.py:830} INFO - Processing file /home/leoja/airflow/airflow_venv/lib/python3.12/site-packages/airflow/example_dags/example_setup_teardown.py for tasks to queue
[2025-06-29T12:22:57.954+0200] {logging_mixin.py:188} INFO - [2025-06-29T12:22:57.954+0200] {dagbag.py:540} INFO - Filling up the DagBag from /home/leoja/airflow/airflow_venv/lib/python3.12/site-packages/airflow/example_dags/example_setup_teardown.py
[2025-06-29T12:22:57.962+0200] {processor.py:840} INFO - DAG(s) 'example_setup_teardown' retrieved from /home/leoja/airflow/airflow_venv/lib/python3.12/site-packages/airflow/example_dags/example_setup_teardown.py
[2025-06-29T12:22:57.975+0200] {logging_mixin.py:188} INFO - [2025-06-29T12:22:57.974+0200] {dag.py:3096} INFO - Sync 1 DAGs
[2025-06-29T12:22:57.991+0200] {logging_mixin.py:188} INFO - [2025-06-29T12:22:57.990+0200] {dag.py:3954} INFO - Setting next_dagrun for example_setup_teardown to 2025-06-28 00:00:00+00:00, run_after=2025-06-29 00:00:00+00:00
[2025-06-29T12:22:58.015+0200] {processor.py:183} INFO - Processing /home/leoja/airflow/airflow_venv/lib/python3.12/site-packages/airflow/example_dags/example_setup_teardown.py took 0.069 seconds
[2025-06-29T12:24:08.261+0200] {processor.py:161} INFO - Started process (PID=68318) to work on /home/leoja/airflow/airflow_venv/lib/python3.12/site-packages/airflow/example_dags/example_setup_teardown.py
[2025-06-29T12:24:08.262+0200] {processor.py:830} INFO - Processing file /home/leoja/airflow/airflow_venv/lib/python3.12/site-packages/airflow/example_dags/example_setup_teardown.py for tasks to queue
[2025-06-29T12:24:08.264+0200] {logging_mixin.py:188} INFO - [2025-06-29T12:24:08.263+0200] {dagbag.py:540} INFO - Filling up the DagBag from /home/leoja/airflow/airflow_venv/lib/python3.12/site-packages/airflow/example_dags/example_setup_teardown.py
[2025-06-29T12:24:08.269+0200] {processor.py:840} INFO - DAG(s) 'example_setup_teardown' retrieved from /home/leoja/airflow/airflow_venv/lib/python3.12/site-packages/airflow/example_dags/example_setup_teardown.py
[2025-06-29T12:24:08.283+0200] {logging_mixin.py:188} INFO - [2025-06-29T12:24:08.282+0200] {dag.py:3096} INFO - Sync 1 DAGs
[2025-06-29T12:24:08.299+0200] {logging_mixin.py:188} INFO - [2025-06-29T12:24:08.299+0200] {dag.py:3954} INFO - Setting next_dagrun for example_setup_teardown to 2025-06-28 00:00:00+00:00, run_after=2025-06-29 00:00:00+00:00
[2025-06-29T12:24:08.327+0200] {processor.py:183} INFO - Processing /home/leoja/airflow/airflow_venv/lib/python3.12/site-packages/airflow/example_dags/example_setup_teardown.py took 0.070 seconds
[2025-06-29T12:25:13.496+0200] {processor.py:161} INFO - Started process (PID=68673) to work on /home/leoja/airflow/airflow_venv/lib/python3.12/site-packages/airflow/example_dags/example_setup_teardown.py
[2025-06-29T12:25:13.497+0200] {processor.py:830} INFO - Processing file /home/leoja/airflow/airflow_venv/lib/python3.12/site-packages/airflow/example_dags/example_setup_teardown.py for tasks to queue
[2025-06-29T12:25:13.498+0200] {logging_mixin.py:188} INFO - [2025-06-29T12:25:13.498+0200] {dagbag.py:540} INFO - Filling up the DagBag from /home/leoja/airflow/airflow_venv/lib/python3.12/site-packages/airflow/example_dags/example_setup_teardown.py
[2025-06-29T12:25:13.503+0200] {processor.py:840} INFO - DAG(s) 'example_setup_teardown' retrieved from /home/leoja/airflow/airflow_venv/lib/python3.12/site-packages/airflow/example_dags/example_setup_teardown.py
[2025-06-29T12:25:13.515+0200] {logging_mixin.py:188} INFO - [2025-06-29T12:25:13.514+0200] {dag.py:3096} INFO - Sync 1 DAGs
[2025-06-29T12:25:13.527+0200] {logging_mixin.py:188} INFO - [2025-06-29T12:25:13.527+0200] {dag.py:3954} INFO - Setting next_dagrun for example_setup_teardown to 2025-06-28 00:00:00+00:00, run_after=2025-06-29 00:00:00+00:00
[2025-06-29T12:25:13.553+0200] {processor.py:183} INFO - Processing /home/leoja/airflow/airflow_venv/lib/python3.12/site-packages/airflow/example_dags/example_setup_teardown.py took 0.062 seconds
[2025-06-29T12:26:15.250+0200] {processor.py:161} INFO - Started process (PID=69026) to work on /home/leoja/airflow/airflow_venv/lib/python3.12/site-packages/airflow/example_dags/example_setup_teardown.py
[2025-06-29T12:26:15.251+0200] {processor.py:830} INFO - Processing file /home/leoja/airflow/airflow_venv/lib/python3.12/site-packages/airflow/example_dags/example_setup_teardown.py for tasks to queue
[2025-06-29T12:26:15.253+0200] {logging_mixin.py:188} INFO - [2025-06-29T12:26:15.253+0200] {dagbag.py:540} INFO - Filling up the DagBag from /home/leoja/airflow/airflow_venv/lib/python3.12/site-packages/airflow/example_dags/example_setup_teardown.py
[2025-06-29T12:26:15.258+0200] {processor.py:840} INFO - DAG(s) 'example_setup_teardown' retrieved from /home/leoja/airflow/airflow_venv/lib/python3.12/site-packages/airflow/example_dags/example_setup_teardown.py
[2025-06-29T12:26:15.269+0200] {logging_mixin.py:188} INFO - [2025-06-29T12:26:15.269+0200] {dag.py:3096} INFO - Sync 1 DAGs
[2025-06-29T12:26:15.281+0200] {logging_mixin.py:188} INFO - [2025-06-29T12:26:15.281+0200] {dag.py:3954} INFO - Setting next_dagrun for example_setup_teardown to 2025-06-28 00:00:00+00:00, run_after=2025-06-29 00:00:00+00:00
[2025-06-29T12:26:15.300+0200] {processor.py:183} INFO - Processing /home/leoja/airflow/airflow_venv/lib/python3.12/site-packages/airflow/example_dags/example_setup_teardown.py took 0.054 seconds
[2025-06-29T12:27:22.820+0200] {processor.py:161} INFO - Started process (PID=69433) to work on /home/leoja/airflow/airflow_venv/lib/python3.12/site-packages/airflow/example_dags/example_setup_teardown.py
[2025-06-29T12:27:22.821+0200] {processor.py:830} INFO - Processing file /home/leoja/airflow/airflow_venv/lib/python3.12/site-packages/airflow/example_dags/example_setup_teardown.py for tasks to queue
[2025-06-29T12:27:22.822+0200] {logging_mixin.py:188} INFO - [2025-06-29T12:27:22.822+0200] {dagbag.py:540} INFO - Filling up the DagBag from /home/leoja/airflow/airflow_venv/lib/python3.12/site-packages/airflow/example_dags/example_setup_teardown.py
[2025-06-29T12:27:22.827+0200] {processor.py:840} INFO - DAG(s) 'example_setup_teardown' retrieved from /home/leoja/airflow/airflow_venv/lib/python3.12/site-packages/airflow/example_dags/example_setup_teardown.py
[2025-06-29T12:27:22.840+0200] {logging_mixin.py:188} INFO - [2025-06-29T12:27:22.840+0200] {dag.py:3096} INFO - Sync 1 DAGs
[2025-06-29T12:27:22.852+0200] {logging_mixin.py:188} INFO - [2025-06-29T12:27:22.852+0200] {dag.py:3954} INFO - Setting next_dagrun for example_setup_teardown to 2025-06-28 00:00:00+00:00, run_after=2025-06-29 00:00:00+00:00
[2025-06-29T12:27:22.873+0200] {processor.py:183} INFO - Processing /home/leoja/airflow/airflow_venv/lib/python3.12/site-packages/airflow/example_dags/example_setup_teardown.py took 0.057 seconds
[2025-06-29T12:28:31.746+0200] {processor.py:161} INFO - Started process (PID=69815) to work on /home/leoja/airflow/airflow_venv/lib/python3.12/site-packages/airflow/example_dags/example_setup_teardown.py
[2025-06-29T12:28:31.748+0200] {processor.py:830} INFO - Processing file /home/leoja/airflow/airflow_venv/lib/python3.12/site-packages/airflow/example_dags/example_setup_teardown.py for tasks to queue
[2025-06-29T12:28:31.750+0200] {logging_mixin.py:188} INFO - [2025-06-29T12:28:31.749+0200] {dagbag.py:540} INFO - Filling up the DagBag from /home/leoja/airflow/airflow_venv/lib/python3.12/site-packages/airflow/example_dags/example_setup_teardown.py
[2025-06-29T12:28:31.755+0200] {processor.py:840} INFO - DAG(s) 'example_setup_teardown' retrieved from /home/leoja/airflow/airflow_venv/lib/python3.12/site-packages/airflow/example_dags/example_setup_teardown.py
[2025-06-29T12:28:31.857+0200] {logging_mixin.py:188} INFO - [2025-06-29T12:28:31.857+0200] {dag.py:3096} INFO - Sync 1 DAGs
[2025-06-29T12:28:31.867+0200] {logging_mixin.py:188} INFO - [2025-06-29T12:28:31.867+0200] {dag.py:3954} INFO - Setting next_dagrun for example_setup_teardown to 2025-06-28 00:00:00+00:00, run_after=2025-06-29 00:00:00+00:00
[2025-06-29T12:28:31.885+0200] {processor.py:183} INFO - Processing /home/leoja/airflow/airflow_venv/lib/python3.12/site-packages/airflow/example_dags/example_setup_teardown.py took 0.143 seconds
[2025-06-29T12:29:19.369+0200] {processor.py:161} INFO - Started process (PID=70069) to work on /home/leoja/airflow/airflow_venv/lib/python3.12/site-packages/airflow/example_dags/example_setup_teardown.py
[2025-06-29T12:29:19.370+0200] {processor.py:830} INFO - Processing file /home/leoja/airflow/airflow_venv/lib/python3.12/site-packages/airflow/example_dags/example_setup_teardown.py for tasks to queue
[2025-06-29T12:29:19.372+0200] {logging_mixin.py:188} INFO - [2025-06-29T12:29:19.371+0200] {dagbag.py:540} INFO - Filling up the DagBag from /home/leoja/airflow/airflow_venv/lib/python3.12/site-packages/airflow/example_dags/example_setup_teardown.py
[2025-06-29T12:29:19.377+0200] {processor.py:840} INFO - DAG(s) 'example_setup_teardown' retrieved from /home/leoja/airflow/airflow_venv/lib/python3.12/site-packages/airflow/example_dags/example_setup_teardown.py
[2025-06-29T12:29:19.388+0200] {logging_mixin.py:188} INFO - [2025-06-29T12:29:19.388+0200] {dag.py:3096} INFO - Sync 1 DAGs
[2025-06-29T12:29:19.402+0200] {logging_mixin.py:188} INFO - [2025-06-29T12:29:19.402+0200] {dag.py:3954} INFO - Setting next_dagrun for example_setup_teardown to 2025-06-28 00:00:00+00:00, run_after=2025-06-29 00:00:00+00:00
[2025-06-29T12:29:19.426+0200] {processor.py:183} INFO - Processing /home/leoja/airflow/airflow_venv/lib/python3.12/site-packages/airflow/example_dags/example_setup_teardown.py took 0.060 seconds
[2025-06-29T12:30:27.354+0200] {processor.py:161} INFO - Started process (PID=70475) to work on /home/leoja/airflow/airflow_venv/lib/python3.12/site-packages/airflow/example_dags/example_setup_teardown.py
[2025-06-29T12:30:27.356+0200] {processor.py:830} INFO - Processing file /home/leoja/airflow/airflow_venv/lib/python3.12/site-packages/airflow/example_dags/example_setup_teardown.py for tasks to queue
[2025-06-29T12:30:27.357+0200] {logging_mixin.py:188} INFO - [2025-06-29T12:30:27.357+0200] {dagbag.py:540} INFO - Filling up the DagBag from /home/leoja/airflow/airflow_venv/lib/python3.12/site-packages/airflow/example_dags/example_setup_teardown.py
[2025-06-29T12:30:27.362+0200] {processor.py:840} INFO - DAG(s) 'example_setup_teardown' retrieved from /home/leoja/airflow/airflow_venv/lib/python3.12/site-packages/airflow/example_dags/example_setup_teardown.py
[2025-06-29T12:30:27.373+0200] {logging_mixin.py:188} INFO - [2025-06-29T12:30:27.373+0200] {dag.py:3096} INFO - Sync 1 DAGs
[2025-06-29T12:30:27.385+0200] {logging_mixin.py:188} INFO - [2025-06-29T12:30:27.385+0200] {dag.py:3954} INFO - Setting next_dagrun for example_setup_teardown to 2025-06-28 00:00:00+00:00, run_after=2025-06-29 00:00:00+00:00
[2025-06-29T12:30:27.403+0200] {processor.py:183} INFO - Processing /home/leoja/airflow/airflow_venv/lib/python3.12/site-packages/airflow/example_dags/example_setup_teardown.py took 0.052 seconds
[2025-06-29T12:31:30.604+0200] {processor.py:161} INFO - Started process (PID=70831) to work on /home/leoja/airflow/airflow_venv/lib/python3.12/site-packages/airflow/example_dags/example_setup_teardown.py
[2025-06-29T12:31:30.606+0200] {processor.py:830} INFO - Processing file /home/leoja/airflow/airflow_venv/lib/python3.12/site-packages/airflow/example_dags/example_setup_teardown.py for tasks to queue
[2025-06-29T12:31:30.608+0200] {logging_mixin.py:188} INFO - [2025-06-29T12:31:30.607+0200] {dagbag.py:540} INFO - Filling up the DagBag from /home/leoja/airflow/airflow_venv/lib/python3.12/site-packages/airflow/example_dags/example_setup_teardown.py
[2025-06-29T12:31:30.614+0200] {processor.py:840} INFO - DAG(s) 'example_setup_teardown' retrieved from /home/leoja/airflow/airflow_venv/lib/python3.12/site-packages/airflow/example_dags/example_setup_teardown.py
[2025-06-29T12:31:30.627+0200] {logging_mixin.py:188} INFO - [2025-06-29T12:31:30.626+0200] {dag.py:3096} INFO - Sync 1 DAGs
[2025-06-29T12:31:30.641+0200] {logging_mixin.py:188} INFO - [2025-06-29T12:31:30.641+0200] {dag.py:3954} INFO - Setting next_dagrun for example_setup_teardown to 2025-06-28 00:00:00+00:00, run_after=2025-06-29 00:00:00+00:00
[2025-06-29T12:31:30.660+0200] {processor.py:183} INFO - Processing /home/leoja/airflow/airflow_venv/lib/python3.12/site-packages/airflow/example_dags/example_setup_teardown.py took 0.061 seconds
[2025-06-29T12:37:42.221+0200] {processor.py:161} INFO - Started process (PID=71238) to work on /home/leoja/airflow/airflow_venv/lib/python3.12/site-packages/airflow/example_dags/example_setup_teardown.py
[2025-06-29T12:37:42.223+0200] {processor.py:830} INFO - Processing file /home/leoja/airflow/airflow_venv/lib/python3.12/site-packages/airflow/example_dags/example_setup_teardown.py for tasks to queue
[2025-06-29T12:37:42.226+0200] {logging_mixin.py:188} INFO - [2025-06-29T12:37:42.225+0200] {dagbag.py:540} INFO - Filling up the DagBag from /home/leoja/airflow/airflow_venv/lib/python3.12/site-packages/airflow/example_dags/example_setup_teardown.py
[2025-06-29T12:37:42.233+0200] {processor.py:840} INFO - DAG(s) 'example_setup_teardown' retrieved from /home/leoja/airflow/airflow_venv/lib/python3.12/site-packages/airflow/example_dags/example_setup_teardown.py
[2025-06-29T12:37:42.253+0200] {logging_mixin.py:188} INFO - [2025-06-29T12:37:42.253+0200] {dag.py:3096} INFO - Sync 1 DAGs
[2025-06-29T12:37:42.269+0200] {logging_mixin.py:188} INFO - [2025-06-29T12:37:42.269+0200] {dag.py:3954} INFO - Setting next_dagrun for example_setup_teardown to 2025-06-28 00:00:00+00:00, run_after=2025-06-29 00:00:00+00:00
[2025-06-29T12:37:42.297+0200] {processor.py:183} INFO - Processing /home/leoja/airflow/airflow_venv/lib/python3.12/site-packages/airflow/example_dags/example_setup_teardown.py took 0.083 seconds
[2025-06-29T12:38:36.175+0200] {processor.py:161} INFO - Started process (PID=71554) to work on /home/leoja/airflow/airflow_venv/lib/python3.12/site-packages/airflow/example_dags/example_setup_teardown.py
[2025-06-29T12:38:36.176+0200] {processor.py:830} INFO - Processing file /home/leoja/airflow/airflow_venv/lib/python3.12/site-packages/airflow/example_dags/example_setup_teardown.py for tasks to queue
[2025-06-29T12:38:36.177+0200] {logging_mixin.py:188} INFO - [2025-06-29T12:38:36.177+0200] {dagbag.py:540} INFO - Filling up the DagBag from /home/leoja/airflow/airflow_venv/lib/python3.12/site-packages/airflow/example_dags/example_setup_teardown.py
[2025-06-29T12:38:36.182+0200] {processor.py:840} INFO - DAG(s) 'example_setup_teardown' retrieved from /home/leoja/airflow/airflow_venv/lib/python3.12/site-packages/airflow/example_dags/example_setup_teardown.py
[2025-06-29T12:38:36.193+0200] {logging_mixin.py:188} INFO - [2025-06-29T12:38:36.193+0200] {dag.py:3096} INFO - Sync 1 DAGs
[2025-06-29T12:38:36.208+0200] {logging_mixin.py:188} INFO - [2025-06-29T12:38:36.207+0200] {dag.py:3954} INFO - Setting next_dagrun for example_setup_teardown to 2025-06-28 00:00:00+00:00, run_after=2025-06-29 00:00:00+00:00
[2025-06-29T12:38:36.229+0200] {processor.py:183} INFO - Processing /home/leoja/airflow/airflow_venv/lib/python3.12/site-packages/airflow/example_dags/example_setup_teardown.py took 0.058 seconds
[2025-06-29T12:39:42.354+0200] {processor.py:161} INFO - Started process (PID=71940) to work on /home/leoja/airflow/airflow_venv/lib/python3.12/site-packages/airflow/example_dags/example_setup_teardown.py
[2025-06-29T12:39:42.355+0200] {processor.py:830} INFO - Processing file /home/leoja/airflow/airflow_venv/lib/python3.12/site-packages/airflow/example_dags/example_setup_teardown.py for tasks to queue
[2025-06-29T12:39:42.357+0200] {logging_mixin.py:188} INFO - [2025-06-29T12:39:42.356+0200] {dagbag.py:540} INFO - Filling up the DagBag from /home/leoja/airflow/airflow_venv/lib/python3.12/site-packages/airflow/example_dags/example_setup_teardown.py
[2025-06-29T12:39:42.361+0200] {processor.py:840} INFO - DAG(s) 'example_setup_teardown' retrieved from /home/leoja/airflow/airflow_venv/lib/python3.12/site-packages/airflow/example_dags/example_setup_teardown.py
[2025-06-29T12:39:42.373+0200] {logging_mixin.py:188} INFO - [2025-06-29T12:39:42.372+0200] {dag.py:3096} INFO - Sync 1 DAGs
[2025-06-29T12:39:42.385+0200] {logging_mixin.py:188} INFO - [2025-06-29T12:39:42.385+0200] {dag.py:3954} INFO - Setting next_dagrun for example_setup_teardown to 2025-06-28 00:00:00+00:00, run_after=2025-06-29 00:00:00+00:00
[2025-06-29T12:39:42.403+0200] {processor.py:183} INFO - Processing /home/leoja/airflow/airflow_venv/lib/python3.12/site-packages/airflow/example_dags/example_setup_teardown.py took 0.053 seconds
[2025-06-29T12:40:47.047+0200] {processor.py:161} INFO - Started process (PID=72293) to work on /home/leoja/airflow/airflow_venv/lib/python3.12/site-packages/airflow/example_dags/example_setup_teardown.py
[2025-06-29T12:40:47.048+0200] {processor.py:830} INFO - Processing file /home/leoja/airflow/airflow_venv/lib/python3.12/site-packages/airflow/example_dags/example_setup_teardown.py for tasks to queue
[2025-06-29T12:40:47.050+0200] {logging_mixin.py:188} INFO - [2025-06-29T12:40:47.050+0200] {dagbag.py:540} INFO - Filling up the DagBag from /home/leoja/airflow/airflow_venv/lib/python3.12/site-packages/airflow/example_dags/example_setup_teardown.py
[2025-06-29T12:40:47.057+0200] {processor.py:840} INFO - DAG(s) 'example_setup_teardown' retrieved from /home/leoja/airflow/airflow_venv/lib/python3.12/site-packages/airflow/example_dags/example_setup_teardown.py
[2025-06-29T12:40:47.069+0200] {logging_mixin.py:188} INFO - [2025-06-29T12:40:47.069+0200] {dag.py:3096} INFO - Sync 1 DAGs
[2025-06-29T12:40:47.084+0200] {logging_mixin.py:188} INFO - [2025-06-29T12:40:47.083+0200] {dag.py:3954} INFO - Setting next_dagrun for example_setup_teardown to 2025-06-28 00:00:00+00:00, run_after=2025-06-29 00:00:00+00:00
[2025-06-29T12:40:47.105+0200] {processor.py:183} INFO - Processing /home/leoja/airflow/airflow_venv/lib/python3.12/site-packages/airflow/example_dags/example_setup_teardown.py took 0.063 seconds
[2025-06-29T12:41:52.936+0200] {processor.py:161} INFO - Started process (PID=72700) to work on /home/leoja/airflow/airflow_venv/lib/python3.12/site-packages/airflow/example_dags/example_setup_teardown.py
[2025-06-29T12:41:52.937+0200] {processor.py:830} INFO - Processing file /home/leoja/airflow/airflow_venv/lib/python3.12/site-packages/airflow/example_dags/example_setup_teardown.py for tasks to queue
[2025-06-29T12:41:52.939+0200] {logging_mixin.py:188} INFO - [2025-06-29T12:41:52.938+0200] {dagbag.py:540} INFO - Filling up the DagBag from /home/leoja/airflow/airflow_venv/lib/python3.12/site-packages/airflow/example_dags/example_setup_teardown.py
[2025-06-29T12:41:52.944+0200] {processor.py:840} INFO - DAG(s) 'example_setup_teardown' retrieved from /home/leoja/airflow/airflow_venv/lib/python3.12/site-packages/airflow/example_dags/example_setup_teardown.py
[2025-06-29T12:41:52.954+0200] {logging_mixin.py:188} INFO - [2025-06-29T12:41:52.954+0200] {dag.py:3096} INFO - Sync 1 DAGs
[2025-06-29T12:41:52.968+0200] {logging_mixin.py:188} INFO - [2025-06-29T12:41:52.968+0200] {dag.py:3954} INFO - Setting next_dagrun for example_setup_teardown to 2025-06-28 00:00:00+00:00, run_after=2025-06-29 00:00:00+00:00
[2025-06-29T12:41:52.988+0200] {processor.py:183} INFO - Processing /home/leoja/airflow/airflow_venv/lib/python3.12/site-packages/airflow/example_dags/example_setup_teardown.py took 0.057 seconds
[2025-06-29T12:42:56.568+0200] {processor.py:161} INFO - Started process (PID=73048) to work on /home/leoja/airflow/airflow_venv/lib/python3.12/site-packages/airflow/example_dags/example_setup_teardown.py
[2025-06-29T12:42:56.570+0200] {processor.py:830} INFO - Processing file /home/leoja/airflow/airflow_venv/lib/python3.12/site-packages/airflow/example_dags/example_setup_teardown.py for tasks to queue
[2025-06-29T12:42:56.572+0200] {logging_mixin.py:188} INFO - [2025-06-29T12:42:56.571+0200] {dagbag.py:540} INFO - Filling up the DagBag from /home/leoja/airflow/airflow_venv/lib/python3.12/site-packages/airflow/example_dags/example_setup_teardown.py
[2025-06-29T12:42:56.576+0200] {processor.py:840} INFO - DAG(s) 'example_setup_teardown' retrieved from /home/leoja/airflow/airflow_venv/lib/python3.12/site-packages/airflow/example_dags/example_setup_teardown.py
[2025-06-29T12:42:56.587+0200] {logging_mixin.py:188} INFO - [2025-06-29T12:42:56.587+0200] {dag.py:3096} INFO - Sync 1 DAGs
[2025-06-29T12:42:56.600+0200] {logging_mixin.py:188} INFO - [2025-06-29T12:42:56.599+0200] {dag.py:3954} INFO - Setting next_dagrun for example_setup_teardown to 2025-06-28 00:00:00+00:00, run_after=2025-06-29 00:00:00+00:00
[2025-06-29T12:42:56.620+0200] {processor.py:183} INFO - Processing /home/leoja/airflow/airflow_venv/lib/python3.12/site-packages/airflow/example_dags/example_setup_teardown.py took 0.057 seconds
[2025-06-29T12:44:00.839+0200] {processor.py:161} INFO - Started process (PID=73403) to work on /home/leoja/airflow/airflow_venv/lib/python3.12/site-packages/airflow/example_dags/example_setup_teardown.py
[2025-06-29T12:44:00.840+0200] {processor.py:830} INFO - Processing file /home/leoja/airflow/airflow_venv/lib/python3.12/site-packages/airflow/example_dags/example_setup_teardown.py for tasks to queue
[2025-06-29T12:44:00.841+0200] {logging_mixin.py:188} INFO - [2025-06-29T12:44:00.841+0200] {dagbag.py:540} INFO - Filling up the DagBag from /home/leoja/airflow/airflow_venv/lib/python3.12/site-packages/airflow/example_dags/example_setup_teardown.py
[2025-06-29T12:44:00.848+0200] {processor.py:840} INFO - DAG(s) 'example_setup_teardown' retrieved from /home/leoja/airflow/airflow_venv/lib/python3.12/site-packages/airflow/example_dags/example_setup_teardown.py
[2025-06-29T12:44:00.863+0200] {logging_mixin.py:188} INFO - [2025-06-29T12:44:00.863+0200] {dag.py:3096} INFO - Sync 1 DAGs
[2025-06-29T12:44:00.875+0200] {logging_mixin.py:188} INFO - [2025-06-29T12:44:00.875+0200] {dag.py:3954} INFO - Setting next_dagrun for example_setup_teardown to 2025-06-28 00:00:00+00:00, run_after=2025-06-29 00:00:00+00:00
[2025-06-29T12:44:00.898+0200] {processor.py:183} INFO - Processing /home/leoja/airflow/airflow_venv/lib/python3.12/site-packages/airflow/example_dags/example_setup_teardown.py took 0.064 seconds
[2025-06-29T12:45:10.904+0200] {processor.py:161} INFO - Started process (PID=73840) to work on /home/leoja/airflow/airflow_venv/lib/python3.12/site-packages/airflow/example_dags/example_setup_teardown.py
[2025-06-29T12:45:10.905+0200] {processor.py:830} INFO - Processing file /home/leoja/airflow/airflow_venv/lib/python3.12/site-packages/airflow/example_dags/example_setup_teardown.py for tasks to queue
[2025-06-29T12:45:10.907+0200] {logging_mixin.py:188} INFO - [2025-06-29T12:45:10.906+0200] {dagbag.py:540} INFO - Filling up the DagBag from /home/leoja/airflow/airflow_venv/lib/python3.12/site-packages/airflow/example_dags/example_setup_teardown.py
[2025-06-29T12:45:10.914+0200] {processor.py:840} INFO - DAG(s) 'example_setup_teardown' retrieved from /home/leoja/airflow/airflow_venv/lib/python3.12/site-packages/airflow/example_dags/example_setup_teardown.py
[2025-06-29T12:45:10.926+0200] {logging_mixin.py:188} INFO - [2025-06-29T12:45:10.926+0200] {dag.py:3096} INFO - Sync 1 DAGs
[2025-06-29T12:45:10.938+0200] {logging_mixin.py:188} INFO - [2025-06-29T12:45:10.938+0200] {dag.py:3954} INFO - Setting next_dagrun for example_setup_teardown to 2025-06-28 00:00:00+00:00, run_after=2025-06-29 00:00:00+00:00
[2025-06-29T12:45:10.958+0200] {processor.py:183} INFO - Processing /home/leoja/airflow/airflow_venv/lib/python3.12/site-packages/airflow/example_dags/example_setup_teardown.py took 0.061 seconds
[2025-06-29T12:46:00.399+0200] {processor.py:161} INFO - Started process (PID=74115) to work on /home/leoja/airflow/airflow_venv/lib/python3.12/site-packages/airflow/example_dags/example_setup_teardown.py
[2025-06-29T12:46:00.400+0200] {processor.py:830} INFO - Processing file /home/leoja/airflow/airflow_venv/lib/python3.12/site-packages/airflow/example_dags/example_setup_teardown.py for tasks to queue
[2025-06-29T12:46:00.402+0200] {logging_mixin.py:188} INFO - [2025-06-29T12:46:00.401+0200] {dagbag.py:540} INFO - Filling up the DagBag from /home/leoja/airflow/airflow_venv/lib/python3.12/site-packages/airflow/example_dags/example_setup_teardown.py
[2025-06-29T12:46:00.407+0200] {processor.py:840} INFO - DAG(s) 'example_setup_teardown' retrieved from /home/leoja/airflow/airflow_venv/lib/python3.12/site-packages/airflow/example_dags/example_setup_teardown.py
[2025-06-29T12:46:00.417+0200] {logging_mixin.py:188} INFO - [2025-06-29T12:46:00.417+0200] {dag.py:3096} INFO - Sync 1 DAGs
[2025-06-29T12:46:00.430+0200] {logging_mixin.py:188} INFO - [2025-06-29T12:46:00.429+0200] {dag.py:3954} INFO - Setting next_dagrun for example_setup_teardown to 2025-06-28 00:00:00+00:00, run_after=2025-06-29 00:00:00+00:00
[2025-06-29T12:46:00.446+0200] {processor.py:183} INFO - Processing /home/leoja/airflow/airflow_venv/lib/python3.12/site-packages/airflow/example_dags/example_setup_teardown.py took 0.051 seconds
[2025-06-29T12:46:50.700+0200] {processor.py:161} INFO - Started process (PID=74424) to work on /home/leoja/airflow/airflow_venv/lib/python3.12/site-packages/airflow/example_dags/example_setup_teardown.py
[2025-06-29T12:46:50.702+0200] {processor.py:830} INFO - Processing file /home/leoja/airflow/airflow_venv/lib/python3.12/site-packages/airflow/example_dags/example_setup_teardown.py for tasks to queue
[2025-06-29T12:46:50.703+0200] {logging_mixin.py:188} INFO - [2025-06-29T12:46:50.703+0200] {dagbag.py:540} INFO - Filling up the DagBag from /home/leoja/airflow/airflow_venv/lib/python3.12/site-packages/airflow/example_dags/example_setup_teardown.py
[2025-06-29T12:46:50.708+0200] {processor.py:840} INFO - DAG(s) 'example_setup_teardown' retrieved from /home/leoja/airflow/airflow_venv/lib/python3.12/site-packages/airflow/example_dags/example_setup_teardown.py
[2025-06-29T12:46:50.719+0200] {logging_mixin.py:188} INFO - [2025-06-29T12:46:50.719+0200] {dag.py:3096} INFO - Sync 1 DAGs
[2025-06-29T12:46:50.732+0200] {logging_mixin.py:188} INFO - [2025-06-29T12:46:50.732+0200] {dag.py:3954} INFO - Setting next_dagrun for example_setup_teardown to 2025-06-28 00:00:00+00:00, run_after=2025-06-29 00:00:00+00:00
[2025-06-29T12:46:50.754+0200] {processor.py:183} INFO - Processing /home/leoja/airflow/airflow_venv/lib/python3.12/site-packages/airflow/example_dags/example_setup_teardown.py took 0.059 seconds
