[2025-06-29T12:13:32.369+0200] {processor.py:161} INFO - Started process (PID=64626) to work on /home/leoja/airflow/airflow_venv/lib/python3.12/site-packages/airflow/example_dags/example_task_group_decorator.py
[2025-06-29T12:13:32.370+0200] {processor.py:830} INFO - Processing file /home/leoja/airflow/airflow_venv/lib/python3.12/site-packages/airflow/example_dags/example_task_group_decorator.py for tasks to queue
[2025-06-29T12:13:32.373+0200] {logging_mixin.py:188} INFO - [2025-06-29T12:13:32.373+0200] {dagbag.py:540} INFO - Filling up the DagBag from /home/leoja/airflow/airflow_venv/lib/python3.12/site-packages/airflow/example_dags/example_task_group_decorator.py
[2025-06-29T12:13:32.389+0200] {processor.py:840} INFO - DAG(s) 'example_task_group_decorator' retrieved from /home/leoja/airflow/airflow_venv/lib/python3.12/site-packages/airflow/example_dags/example_task_group_decorator.py
[2025-06-29T12:13:32.481+0200] {logging_mixin.py:188} INFO - [2025-06-29T12:13:32.480+0200] {dag.py:3096} INFO - Sync 1 DAGs
[2025-06-29T12:13:32.502+0200] {logging_mixin.py:188} INFO - [2025-06-29T12:13:32.501+0200] {dag.py:3954} INFO - Setting next_dagrun for example_task_group_decorator to 2025-06-28 00:00:00+00:00, run_after=2025-06-29 00:00:00+00:00
[2025-06-29T12:13:32.528+0200] {processor.py:183} INFO - Processing /home/leoja/airflow/airflow_venv/lib/python3.12/site-packages/airflow/example_dags/example_task_group_decorator.py took 0.168 seconds
[2025-06-29T12:14:31.376+0200] {processor.py:161} INFO - Started process (PID=64962) to work on /home/leoja/airflow/airflow_venv/lib/python3.12/site-packages/airflow/example_dags/example_task_group_decorator.py
[2025-06-29T12:14:31.378+0200] {processor.py:830} INFO - Processing file /home/leoja/airflow/airflow_venv/lib/python3.12/site-packages/airflow/example_dags/example_task_group_decorator.py for tasks to queue
[2025-06-29T12:14:31.380+0200] {logging_mixin.py:188} INFO - [2025-06-29T12:14:31.379+0200] {dagbag.py:540} INFO - Filling up the DagBag from /home/leoja/airflow/airflow_venv/lib/python3.12/site-packages/airflow/example_dags/example_task_group_decorator.py
[2025-06-29T12:14:31.395+0200] {processor.py:840} INFO - DAG(s) 'example_task_group_decorator' retrieved from /home/leoja/airflow/airflow_venv/lib/python3.12/site-packages/airflow/example_dags/example_task_group_decorator.py
[2025-06-29T12:14:31.414+0200] {logging_mixin.py:188} INFO - [2025-06-29T12:14:31.414+0200] {dag.py:3096} INFO - Sync 1 DAGs
[2025-06-29T12:14:31.437+0200] {logging_mixin.py:188} INFO - [2025-06-29T12:14:31.437+0200] {dag.py:3954} INFO - Setting next_dagrun for example_task_group_decorator to 2025-06-28 00:00:00+00:00, run_after=2025-06-29 00:00:00+00:00
[2025-06-29T12:14:31.463+0200] {processor.py:183} INFO - Processing /home/leoja/airflow/airflow_venv/lib/python3.12/site-packages/airflow/example_dags/example_task_group_decorator.py took 0.091 seconds
[2025-06-29T12:15:24.904+0200] {processor.py:161} INFO - Started process (PID=65302) to work on /home/leoja/airflow/airflow_venv/lib/python3.12/site-packages/airflow/example_dags/example_task_group_decorator.py
[2025-06-29T12:15:24.905+0200] {processor.py:830} INFO - Processing file /home/leoja/airflow/airflow_venv/lib/python3.12/site-packages/airflow/example_dags/example_task_group_decorator.py for tasks to queue
[2025-06-29T12:15:24.907+0200] {logging_mixin.py:188} INFO - [2025-06-29T12:15:24.906+0200] {dagbag.py:540} INFO - Filling up the DagBag from /home/leoja/airflow/airflow_venv/lib/python3.12/site-packages/airflow/example_dags/example_task_group_decorator.py
[2025-06-29T12:15:24.917+0200] {processor.py:840} INFO - DAG(s) 'example_task_group_decorator' retrieved from /home/leoja/airflow/airflow_venv/lib/python3.12/site-packages/airflow/example_dags/example_task_group_decorator.py
[2025-06-29T12:15:24.934+0200] {logging_mixin.py:188} INFO - [2025-06-29T12:15:24.934+0200] {dag.py:3096} INFO - Sync 1 DAGs
[2025-06-29T12:15:24.948+0200] {logging_mixin.py:188} INFO - [2025-06-29T12:15:24.947+0200] {dag.py:3954} INFO - Setting next_dagrun for example_task_group_decorator to 2025-06-28 00:00:00+00:00, run_after=2025-06-29 00:00:00+00:00
[2025-06-29T12:15:24.972+0200] {processor.py:183} INFO - Processing /home/leoja/airflow/airflow_venv/lib/python3.12/site-packages/airflow/example_dags/example_task_group_decorator.py took 0.074 seconds
[2025-06-29T12:16:17.648+0200] {processor.py:161} INFO - Started process (PID=65615) to work on /home/leoja/airflow/airflow_venv/lib/python3.12/site-packages/airflow/example_dags/example_task_group_decorator.py
[2025-06-29T12:16:17.651+0200] {processor.py:830} INFO - Processing file /home/leoja/airflow/airflow_venv/lib/python3.12/site-packages/airflow/example_dags/example_task_group_decorator.py for tasks to queue
[2025-06-29T12:16:17.652+0200] {logging_mixin.py:188} INFO - [2025-06-29T12:16:17.652+0200] {dagbag.py:540} INFO - Filling up the DagBag from /home/leoja/airflow/airflow_venv/lib/python3.12/site-packages/airflow/example_dags/example_task_group_decorator.py
[2025-06-29T12:16:17.663+0200] {processor.py:840} INFO - DAG(s) 'example_task_group_decorator' retrieved from /home/leoja/airflow/airflow_venv/lib/python3.12/site-packages/airflow/example_dags/example_task_group_decorator.py
[2025-06-29T12:16:17.677+0200] {logging_mixin.py:188} INFO - [2025-06-29T12:16:17.677+0200] {dag.py:3096} INFO - Sync 1 DAGs
[2025-06-29T12:16:17.691+0200] {logging_mixin.py:188} INFO - [2025-06-29T12:16:17.691+0200] {dag.py:3954} INFO - Setting next_dagrun for example_task_group_decorator to 2025-06-28 00:00:00+00:00, run_after=2025-06-29 00:00:00+00:00
[2025-06-29T12:16:17.717+0200] {processor.py:183} INFO - Processing /home/leoja/airflow/airflow_venv/lib/python3.12/site-packages/airflow/example_dags/example_task_group_decorator.py took 0.075 seconds
[2025-06-29T12:17:30.766+0200] {processor.py:161} INFO - Started process (PID=66034) to work on /home/leoja/airflow/airflow_venv/lib/python3.12/site-packages/airflow/example_dags/example_task_group_decorator.py
[2025-06-29T12:17:30.767+0200] {processor.py:830} INFO - Processing file /home/leoja/airflow/airflow_venv/lib/python3.12/site-packages/airflow/example_dags/example_task_group_decorator.py for tasks to queue
[2025-06-29T12:17:30.769+0200] {logging_mixin.py:188} INFO - [2025-06-29T12:17:30.769+0200] {dagbag.py:540} INFO - Filling up the DagBag from /home/leoja/airflow/airflow_venv/lib/python3.12/site-packages/airflow/example_dags/example_task_group_decorator.py
[2025-06-29T12:17:30.782+0200] {processor.py:840} INFO - DAG(s) 'example_task_group_decorator' retrieved from /home/leoja/airflow/airflow_venv/lib/python3.12/site-packages/airflow/example_dags/example_task_group_decorator.py
[2025-06-29T12:17:30.797+0200] {logging_mixin.py:188} INFO - [2025-06-29T12:17:30.797+0200] {dag.py:3096} INFO - Sync 1 DAGs
[2025-06-29T12:17:30.814+0200] {logging_mixin.py:188} INFO - [2025-06-29T12:17:30.814+0200] {dag.py:3954} INFO - Setting next_dagrun for example_task_group_decorator to 2025-06-28 00:00:00+00:00, run_after=2025-06-29 00:00:00+00:00
[2025-06-29T12:17:30.837+0200] {processor.py:183} INFO - Processing /home/leoja/airflow/airflow_venv/lib/python3.12/site-packages/airflow/example_dags/example_task_group_decorator.py took 0.076 seconds
[2025-06-29T12:18:16.360+0200] {processor.py:161} INFO - Started process (PID=66312) to work on /home/leoja/airflow/airflow_venv/lib/python3.12/site-packages/airflow/example_dags/example_task_group_decorator.py
[2025-06-29T12:18:16.361+0200] {processor.py:830} INFO - Processing file /home/leoja/airflow/airflow_venv/lib/python3.12/site-packages/airflow/example_dags/example_task_group_decorator.py for tasks to queue
[2025-06-29T12:18:16.363+0200] {logging_mixin.py:188} INFO - [2025-06-29T12:18:16.362+0200] {dagbag.py:540} INFO - Filling up the DagBag from /home/leoja/airflow/airflow_venv/lib/python3.12/site-packages/airflow/example_dags/example_task_group_decorator.py
[2025-06-29T12:18:16.373+0200] {processor.py:840} INFO - DAG(s) 'example_task_group_decorator' retrieved from /home/leoja/airflow/airflow_venv/lib/python3.12/site-packages/airflow/example_dags/example_task_group_decorator.py
[2025-06-29T12:18:16.397+0200] {logging_mixin.py:188} INFO - [2025-06-29T12:18:16.396+0200] {dag.py:3096} INFO - Sync 1 DAGs
[2025-06-29T12:18:16.427+0200] {logging_mixin.py:188} INFO - [2025-06-29T12:18:16.426+0200] {dag.py:3954} INFO - Setting next_dagrun for example_task_group_decorator to 2025-06-28 00:00:00+00:00, run_after=2025-06-29 00:00:00+00:00
[2025-06-29T12:18:16.464+0200] {processor.py:183} INFO - Processing /home/leoja/airflow/airflow_venv/lib/python3.12/site-packages/airflow/example_dags/example_task_group_decorator.py took 0.108 seconds
[2025-06-29T12:19:02.576+0200] {processor.py:161} INFO - Started process (PID=66552) to work on /home/leoja/airflow/airflow_venv/lib/python3.12/site-packages/airflow/example_dags/example_task_group_decorator.py
[2025-06-29T12:19:02.578+0200] {processor.py:830} INFO - Processing file /home/leoja/airflow/airflow_venv/lib/python3.12/site-packages/airflow/example_dags/example_task_group_decorator.py for tasks to queue
[2025-06-29T12:19:02.579+0200] {logging_mixin.py:188} INFO - [2025-06-29T12:19:02.579+0200] {dagbag.py:540} INFO - Filling up the DagBag from /home/leoja/airflow/airflow_venv/lib/python3.12/site-packages/airflow/example_dags/example_task_group_decorator.py
[2025-06-29T12:19:02.588+0200] {processor.py:840} INFO - DAG(s) 'example_task_group_decorator' retrieved from /home/leoja/airflow/airflow_venv/lib/python3.12/site-packages/airflow/example_dags/example_task_group_decorator.py
[2025-06-29T12:19:02.601+0200] {logging_mixin.py:188} INFO - [2025-06-29T12:19:02.601+0200] {dag.py:3096} INFO - Sync 1 DAGs
[2025-06-29T12:19:02.612+0200] {logging_mixin.py:188} INFO - [2025-06-29T12:19:02.612+0200] {dag.py:3954} INFO - Setting next_dagrun for example_task_group_decorator to 2025-06-28 00:00:00+00:00, run_after=2025-06-29 00:00:00+00:00
[2025-06-29T12:19:02.634+0200] {processor.py:183} INFO - Processing /home/leoja/airflow/airflow_venv/lib/python3.12/site-packages/airflow/example_dags/example_task_group_decorator.py took 0.063 seconds
[2025-06-29T12:19:56.758+0200] {processor.py:161} INFO - Started process (PID=66860) to work on /home/leoja/airflow/airflow_venv/lib/python3.12/site-packages/airflow/example_dags/example_task_group_decorator.py
[2025-06-29T12:19:56.759+0200] {processor.py:830} INFO - Processing file /home/leoja/airflow/airflow_venv/lib/python3.12/site-packages/airflow/example_dags/example_task_group_decorator.py for tasks to queue
[2025-06-29T12:19:56.761+0200] {logging_mixin.py:188} INFO - [2025-06-29T12:19:56.760+0200] {dagbag.py:540} INFO - Filling up the DagBag from /home/leoja/airflow/airflow_venv/lib/python3.12/site-packages/airflow/example_dags/example_task_group_decorator.py
[2025-06-29T12:19:56.769+0200] {processor.py:840} INFO - DAG(s) 'example_task_group_decorator' retrieved from /home/leoja/airflow/airflow_venv/lib/python3.12/site-packages/airflow/example_dags/example_task_group_decorator.py
[2025-06-29T12:19:56.782+0200] {logging_mixin.py:188} INFO - [2025-06-29T12:19:56.782+0200] {dag.py:3096} INFO - Sync 1 DAGs
[2025-06-29T12:19:56.794+0200] {logging_mixin.py:188} INFO - [2025-06-29T12:19:56.794+0200] {dag.py:3954} INFO - Setting next_dagrun for example_task_group_decorator to 2025-06-28 00:00:00+00:00, run_after=2025-06-29 00:00:00+00:00
[2025-06-29T12:19:56.811+0200] {processor.py:183} INFO - Processing /home/leoja/airflow/airflow_venv/lib/python3.12/site-packages/airflow/example_dags/example_task_group_decorator.py took 0.057 seconds
[2025-06-29T12:20:50.776+0200] {processor.py:161} INFO - Started process (PID=67185) to work on /home/leoja/airflow/airflow_venv/lib/python3.12/site-packages/airflow/example_dags/example_task_group_decorator.py
[2025-06-29T12:20:50.777+0200] {processor.py:830} INFO - Processing file /home/leoja/airflow/airflow_venv/lib/python3.12/site-packages/airflow/example_dags/example_task_group_decorator.py for tasks to queue
[2025-06-29T12:20:50.778+0200] {logging_mixin.py:188} INFO - [2025-06-29T12:20:50.778+0200] {dagbag.py:540} INFO - Filling up the DagBag from /home/leoja/airflow/airflow_venv/lib/python3.12/site-packages/airflow/example_dags/example_task_group_decorator.py
[2025-06-29T12:20:50.789+0200] {processor.py:840} INFO - DAG(s) 'example_task_group_decorator' retrieved from /home/leoja/airflow/airflow_venv/lib/python3.12/site-packages/airflow/example_dags/example_task_group_decorator.py
[2025-06-29T12:20:50.802+0200] {logging_mixin.py:188} INFO - [2025-06-29T12:20:50.802+0200] {dag.py:3096} INFO - Sync 1 DAGs
[2025-06-29T12:20:50.814+0200] {logging_mixin.py:188} INFO - [2025-06-29T12:20:50.814+0200] {dag.py:3954} INFO - Setting next_dagrun for example_task_group_decorator to 2025-06-28 00:00:00+00:00, run_after=2025-06-29 00:00:00+00:00
[2025-06-29T12:20:50.834+0200] {processor.py:183} INFO - Processing /home/leoja/airflow/airflow_venv/lib/python3.12/site-packages/airflow/example_dags/example_task_group_decorator.py took 0.062 seconds
[2025-06-29T12:21:37.171+0200] {processor.py:161} INFO - Started process (PID=67460) to work on /home/leoja/airflow/airflow_venv/lib/python3.12/site-packages/airflow/example_dags/example_task_group_decorator.py
[2025-06-29T12:21:37.173+0200] {processor.py:830} INFO - Processing file /home/leoja/airflow/airflow_venv/lib/python3.12/site-packages/airflow/example_dags/example_task_group_decorator.py for tasks to queue
[2025-06-29T12:21:37.174+0200] {logging_mixin.py:188} INFO - [2025-06-29T12:21:37.174+0200] {dagbag.py:540} INFO - Filling up the DagBag from /home/leoja/airflow/airflow_venv/lib/python3.12/site-packages/airflow/example_dags/example_task_group_decorator.py
[2025-06-29T12:21:37.190+0200] {processor.py:840} INFO - DAG(s) 'example_task_group_decorator' retrieved from /home/leoja/airflow/airflow_venv/lib/python3.12/site-packages/airflow/example_dags/example_task_group_decorator.py
[2025-06-29T12:21:37.219+0200] {logging_mixin.py:188} INFO - [2025-06-29T12:21:37.218+0200] {dag.py:3096} INFO - Sync 1 DAGs
[2025-06-29T12:21:37.255+0200] {logging_mixin.py:188} INFO - [2025-06-29T12:21:37.255+0200] {dag.py:3954} INFO - Setting next_dagrun for example_task_group_decorator to 2025-06-28 00:00:00+00:00, run_after=2025-06-29 00:00:00+00:00
[2025-06-29T12:21:37.323+0200] {processor.py:183} INFO - Processing /home/leoja/airflow/airflow_venv/lib/python3.12/site-packages/airflow/example_dags/example_task_group_decorator.py took 0.160 seconds
[2025-06-29T12:22:27.688+0200] {processor.py:161} INFO - Started process (PID=67728) to work on /home/leoja/airflow/airflow_venv/lib/python3.12/site-packages/airflow/example_dags/example_task_group_decorator.py
[2025-06-29T12:22:27.691+0200] {processor.py:830} INFO - Processing file /home/leoja/airflow/airflow_venv/lib/python3.12/site-packages/airflow/example_dags/example_task_group_decorator.py for tasks to queue
[2025-06-29T12:22:27.694+0200] {logging_mixin.py:188} INFO - [2025-06-29T12:22:27.693+0200] {dagbag.py:540} INFO - Filling up the DagBag from /home/leoja/airflow/airflow_venv/lib/python3.12/site-packages/airflow/example_dags/example_task_group_decorator.py
[2025-06-29T12:22:27.704+0200] {processor.py:840} INFO - DAG(s) 'example_task_group_decorator' retrieved from /home/leoja/airflow/airflow_venv/lib/python3.12/site-packages/airflow/example_dags/example_task_group_decorator.py
[2025-06-29T12:22:27.721+0200] {logging_mixin.py:188} INFO - [2025-06-29T12:22:27.720+0200] {dag.py:3096} INFO - Sync 1 DAGs
[2025-06-29T12:22:27.737+0200] {logging_mixin.py:188} INFO - [2025-06-29T12:22:27.737+0200] {dag.py:3954} INFO - Setting next_dagrun for example_task_group_decorator to 2025-06-28 00:00:00+00:00, run_after=2025-06-29 00:00:00+00:00
[2025-06-29T12:22:27.764+0200] {processor.py:183} INFO - Processing /home/leoja/airflow/airflow_venv/lib/python3.12/site-packages/airflow/example_dags/example_task_group_decorator.py took 0.081 seconds
[2025-06-29T12:23:15.783+0200] {processor.py:161} INFO - Started process (PID=67985) to work on /home/leoja/airflow/airflow_venv/lib/python3.12/site-packages/airflow/example_dags/example_task_group_decorator.py
[2025-06-29T12:23:15.784+0200] {processor.py:830} INFO - Processing file /home/leoja/airflow/airflow_venv/lib/python3.12/site-packages/airflow/example_dags/example_task_group_decorator.py for tasks to queue
[2025-06-29T12:23:15.785+0200] {logging_mixin.py:188} INFO - [2025-06-29T12:23:15.785+0200] {dagbag.py:540} INFO - Filling up the DagBag from /home/leoja/airflow/airflow_venv/lib/python3.12/site-packages/airflow/example_dags/example_task_group_decorator.py
[2025-06-29T12:23:15.797+0200] {processor.py:840} INFO - DAG(s) 'example_task_group_decorator' retrieved from /home/leoja/airflow/airflow_venv/lib/python3.12/site-packages/airflow/example_dags/example_task_group_decorator.py
[2025-06-29T12:23:15.812+0200] {logging_mixin.py:188} INFO - [2025-06-29T12:23:15.811+0200] {dag.py:3096} INFO - Sync 1 DAGs
[2025-06-29T12:23:15.825+0200] {logging_mixin.py:188} INFO - [2025-06-29T12:23:15.825+0200] {dag.py:3954} INFO - Setting next_dagrun for example_task_group_decorator to 2025-06-28 00:00:00+00:00, run_after=2025-06-29 00:00:00+00:00
[2025-06-29T12:23:15.849+0200] {processor.py:183} INFO - Processing /home/leoja/airflow/airflow_venv/lib/python3.12/site-packages/airflow/example_dags/example_task_group_decorator.py took 0.072 seconds
[2025-06-29T12:24:04.582+0200] {processor.py:161} INFO - Started process (PID=68290) to work on /home/leoja/airflow/airflow_venv/lib/python3.12/site-packages/airflow/example_dags/example_task_group_decorator.py
[2025-06-29T12:24:04.584+0200] {processor.py:830} INFO - Processing file /home/leoja/airflow/airflow_venv/lib/python3.12/site-packages/airflow/example_dags/example_task_group_decorator.py for tasks to queue
[2025-06-29T12:24:04.586+0200] {logging_mixin.py:188} INFO - [2025-06-29T12:24:04.586+0200] {dagbag.py:540} INFO - Filling up the DagBag from /home/leoja/airflow/airflow_venv/lib/python3.12/site-packages/airflow/example_dags/example_task_group_decorator.py
[2025-06-29T12:24:04.601+0200] {processor.py:840} INFO - DAG(s) 'example_task_group_decorator' retrieved from /home/leoja/airflow/airflow_venv/lib/python3.12/site-packages/airflow/example_dags/example_task_group_decorator.py
[2025-06-29T12:24:04.617+0200] {logging_mixin.py:188} INFO - [2025-06-29T12:24:04.617+0200] {dag.py:3096} INFO - Sync 1 DAGs
[2025-06-29T12:24:04.637+0200] {logging_mixin.py:188} INFO - [2025-06-29T12:24:04.637+0200] {dag.py:3954} INFO - Setting next_dagrun for example_task_group_decorator to 2025-06-28 00:00:00+00:00, run_after=2025-06-29 00:00:00+00:00
[2025-06-29T12:24:04.673+0200] {processor.py:183} INFO - Processing /home/leoja/airflow/airflow_venv/lib/python3.12/site-packages/airflow/example_dags/example_task_group_decorator.py took 0.098 seconds
[2025-06-29T12:24:51.245+0200] {processor.py:161} INFO - Started process (PID=68568) to work on /home/leoja/airflow/airflow_venv/lib/python3.12/site-packages/airflow/example_dags/example_task_group_decorator.py
[2025-06-29T12:24:51.246+0200] {processor.py:830} INFO - Processing file /home/leoja/airflow/airflow_venv/lib/python3.12/site-packages/airflow/example_dags/example_task_group_decorator.py for tasks to queue
[2025-06-29T12:24:51.247+0200] {logging_mixin.py:188} INFO - [2025-06-29T12:24:51.247+0200] {dagbag.py:540} INFO - Filling up the DagBag from /home/leoja/airflow/airflow_venv/lib/python3.12/site-packages/airflow/example_dags/example_task_group_decorator.py
[2025-06-29T12:24:51.261+0200] {processor.py:840} INFO - DAG(s) 'example_task_group_decorator' retrieved from /home/leoja/airflow/airflow_venv/lib/python3.12/site-packages/airflow/example_dags/example_task_group_decorator.py
[2025-06-29T12:24:51.274+0200] {logging_mixin.py:188} INFO - [2025-06-29T12:24:51.273+0200] {dag.py:3096} INFO - Sync 1 DAGs
[2025-06-29T12:24:51.287+0200] {logging_mixin.py:188} INFO - [2025-06-29T12:24:51.286+0200] {dag.py:3954} INFO - Setting next_dagrun for example_task_group_decorator to 2025-06-28 00:00:00+00:00, run_after=2025-06-29 00:00:00+00:00
[2025-06-29T12:24:51.306+0200] {processor.py:183} INFO - Processing /home/leoja/airflow/airflow_venv/lib/python3.12/site-packages/airflow/example_dags/example_task_group_decorator.py took 0.066 seconds
[2025-06-29T12:25:41.200+0200] {processor.py:161} INFO - Started process (PID=68851) to work on /home/leoja/airflow/airflow_venv/lib/python3.12/site-packages/airflow/example_dags/example_task_group_decorator.py
[2025-06-29T12:25:41.201+0200] {processor.py:830} INFO - Processing file /home/leoja/airflow/airflow_venv/lib/python3.12/site-packages/airflow/example_dags/example_task_group_decorator.py for tasks to queue
[2025-06-29T12:25:41.202+0200] {logging_mixin.py:188} INFO - [2025-06-29T12:25:41.202+0200] {dagbag.py:540} INFO - Filling up the DagBag from /home/leoja/airflow/airflow_venv/lib/python3.12/site-packages/airflow/example_dags/example_task_group_decorator.py
[2025-06-29T12:25:41.211+0200] {processor.py:840} INFO - DAG(s) 'example_task_group_decorator' retrieved from /home/leoja/airflow/airflow_venv/lib/python3.12/site-packages/airflow/example_dags/example_task_group_decorator.py
[2025-06-29T12:25:41.224+0200] {logging_mixin.py:188} INFO - [2025-06-29T12:25:41.223+0200] {dag.py:3096} INFO - Sync 1 DAGs
[2025-06-29T12:25:41.236+0200] {logging_mixin.py:188} INFO - [2025-06-29T12:25:41.235+0200] {dag.py:3954} INFO - Setting next_dagrun for example_task_group_decorator to 2025-06-28 00:00:00+00:00, run_after=2025-06-29 00:00:00+00:00
[2025-06-29T12:25:41.252+0200] {processor.py:183} INFO - Processing /home/leoja/airflow/airflow_venv/lib/python3.12/site-packages/airflow/example_dags/example_task_group_decorator.py took 0.057 seconds
[2025-06-29T12:26:24.240+0200] {processor.py:161} INFO - Started process (PID=69099) to work on /home/leoja/airflow/airflow_venv/lib/python3.12/site-packages/airflow/example_dags/example_task_group_decorator.py
[2025-06-29T12:26:24.241+0200] {processor.py:830} INFO - Processing file /home/leoja/airflow/airflow_venv/lib/python3.12/site-packages/airflow/example_dags/example_task_group_decorator.py for tasks to queue
[2025-06-29T12:26:24.243+0200] {logging_mixin.py:188} INFO - [2025-06-29T12:26:24.242+0200] {dagbag.py:540} INFO - Filling up the DagBag from /home/leoja/airflow/airflow_venv/lib/python3.12/site-packages/airflow/example_dags/example_task_group_decorator.py
[2025-06-29T12:26:24.252+0200] {processor.py:840} INFO - DAG(s) 'example_task_group_decorator' retrieved from /home/leoja/airflow/airflow_venv/lib/python3.12/site-packages/airflow/example_dags/example_task_group_decorator.py
[2025-06-29T12:26:24.265+0200] {logging_mixin.py:188} INFO - [2025-06-29T12:26:24.265+0200] {dag.py:3096} INFO - Sync 1 DAGs
[2025-06-29T12:26:24.279+0200] {logging_mixin.py:188} INFO - [2025-06-29T12:26:24.279+0200] {dag.py:3954} INFO - Setting next_dagrun for example_task_group_decorator to 2025-06-28 00:00:00+00:00, run_after=2025-06-29 00:00:00+00:00
[2025-06-29T12:26:24.296+0200] {processor.py:183} INFO - Processing /home/leoja/airflow/airflow_venv/lib/python3.12/site-packages/airflow/example_dags/example_task_group_decorator.py took 0.060 seconds
[2025-06-29T12:27:09.086+0200] {processor.py:161} INFO - Started process (PID=69343) to work on /home/leoja/airflow/airflow_venv/lib/python3.12/site-packages/airflow/example_dags/example_task_group_decorator.py
[2025-06-29T12:27:09.087+0200] {processor.py:830} INFO - Processing file /home/leoja/airflow/airflow_venv/lib/python3.12/site-packages/airflow/example_dags/example_task_group_decorator.py for tasks to queue
[2025-06-29T12:27:09.088+0200] {logging_mixin.py:188} INFO - [2025-06-29T12:27:09.088+0200] {dagbag.py:540} INFO - Filling up the DagBag from /home/leoja/airflow/airflow_venv/lib/python3.12/site-packages/airflow/example_dags/example_task_group_decorator.py
[2025-06-29T12:27:09.098+0200] {processor.py:840} INFO - DAG(s) 'example_task_group_decorator' retrieved from /home/leoja/airflow/airflow_venv/lib/python3.12/site-packages/airflow/example_dags/example_task_group_decorator.py
[2025-06-29T12:27:09.110+0200] {logging_mixin.py:188} INFO - [2025-06-29T12:27:09.110+0200] {dag.py:3096} INFO - Sync 1 DAGs
[2025-06-29T12:27:09.124+0200] {logging_mixin.py:188} INFO - [2025-06-29T12:27:09.124+0200] {dag.py:3954} INFO - Setting next_dagrun for example_task_group_decorator to 2025-06-28 00:00:00+00:00, run_after=2025-06-29 00:00:00+00:00
[2025-06-29T12:27:09.144+0200] {processor.py:183} INFO - Processing /home/leoja/airflow/airflow_venv/lib/python3.12/site-packages/airflow/example_dags/example_task_group_decorator.py took 0.062 seconds
[2025-06-29T12:27:54.978+0200] {processor.py:161} INFO - Started process (PID=69615) to work on /home/leoja/airflow/airflow_venv/lib/python3.12/site-packages/airflow/example_dags/example_task_group_decorator.py
[2025-06-29T12:27:54.979+0200] {processor.py:830} INFO - Processing file /home/leoja/airflow/airflow_venv/lib/python3.12/site-packages/airflow/example_dags/example_task_group_decorator.py for tasks to queue
[2025-06-29T12:27:54.981+0200] {logging_mixin.py:188} INFO - [2025-06-29T12:27:54.980+0200] {dagbag.py:540} INFO - Filling up the DagBag from /home/leoja/airflow/airflow_venv/lib/python3.12/site-packages/airflow/example_dags/example_task_group_decorator.py
[2025-06-29T12:27:54.990+0200] {processor.py:840} INFO - DAG(s) 'example_task_group_decorator' retrieved from /home/leoja/airflow/airflow_venv/lib/python3.12/site-packages/airflow/example_dags/example_task_group_decorator.py
[2025-06-29T12:27:55.002+0200] {logging_mixin.py:188} INFO - [2025-06-29T12:27:55.002+0200] {dag.py:3096} INFO - Sync 1 DAGs
[2025-06-29T12:27:55.016+0200] {logging_mixin.py:188} INFO - [2025-06-29T12:27:55.015+0200] {dag.py:3954} INFO - Setting next_dagrun for example_task_group_decorator to 2025-06-28 00:00:00+00:00, run_after=2025-06-29 00:00:00+00:00
[2025-06-29T12:27:55.034+0200] {processor.py:183} INFO - Processing /home/leoja/airflow/airflow_venv/lib/python3.12/site-packages/airflow/example_dags/example_task_group_decorator.py took 0.061 seconds
[2025-06-29T12:28:45.575+0200] {processor.py:161} INFO - Started process (PID=69892) to work on /home/leoja/airflow/airflow_venv/lib/python3.12/site-packages/airflow/example_dags/example_task_group_decorator.py
[2025-06-29T12:28:45.576+0200] {processor.py:830} INFO - Processing file /home/leoja/airflow/airflow_venv/lib/python3.12/site-packages/airflow/example_dags/example_task_group_decorator.py for tasks to queue
[2025-06-29T12:28:45.577+0200] {logging_mixin.py:188} INFO - [2025-06-29T12:28:45.577+0200] {dagbag.py:540} INFO - Filling up the DagBag from /home/leoja/airflow/airflow_venv/lib/python3.12/site-packages/airflow/example_dags/example_task_group_decorator.py
[2025-06-29T12:28:45.589+0200] {processor.py:840} INFO - DAG(s) 'example_task_group_decorator' retrieved from /home/leoja/airflow/airflow_venv/lib/python3.12/site-packages/airflow/example_dags/example_task_group_decorator.py
[2025-06-29T12:28:45.604+0200] {logging_mixin.py:188} INFO - [2025-06-29T12:28:45.603+0200] {dag.py:3096} INFO - Sync 1 DAGs
[2025-06-29T12:28:45.616+0200] {logging_mixin.py:188} INFO - [2025-06-29T12:28:45.616+0200] {dag.py:3954} INFO - Setting next_dagrun for example_task_group_decorator to 2025-06-28 00:00:00+00:00, run_after=2025-06-29 00:00:00+00:00
[2025-06-29T12:28:45.634+0200] {processor.py:183} INFO - Processing /home/leoja/airflow/airflow_venv/lib/python3.12/site-packages/airflow/example_dags/example_task_group_decorator.py took 0.064 seconds
[2025-06-29T12:29:29.653+0200] {processor.py:161} INFO - Started process (PID=70142) to work on /home/leoja/airflow/airflow_venv/lib/python3.12/site-packages/airflow/example_dags/example_task_group_decorator.py
[2025-06-29T12:29:29.656+0200] {processor.py:830} INFO - Processing file /home/leoja/airflow/airflow_venv/lib/python3.12/site-packages/airflow/example_dags/example_task_group_decorator.py for tasks to queue
[2025-06-29T12:29:29.658+0200] {logging_mixin.py:188} INFO - [2025-06-29T12:29:29.657+0200] {dagbag.py:540} INFO - Filling up the DagBag from /home/leoja/airflow/airflow_venv/lib/python3.12/site-packages/airflow/example_dags/example_task_group_decorator.py
[2025-06-29T12:29:29.668+0200] {processor.py:840} INFO - DAG(s) 'example_task_group_decorator' retrieved from /home/leoja/airflow/airflow_venv/lib/python3.12/site-packages/airflow/example_dags/example_task_group_decorator.py
[2025-06-29T12:29:29.681+0200] {logging_mixin.py:188} INFO - [2025-06-29T12:29:29.681+0200] {dag.py:3096} INFO - Sync 1 DAGs
[2025-06-29T12:29:29.699+0200] {logging_mixin.py:188} INFO - [2025-06-29T12:29:29.699+0200] {dag.py:3954} INFO - Setting next_dagrun for example_task_group_decorator to 2025-06-28 00:00:00+00:00, run_after=2025-06-29 00:00:00+00:00
[2025-06-29T12:29:29.723+0200] {processor.py:183} INFO - Processing /home/leoja/airflow/airflow_venv/lib/python3.12/site-packages/airflow/example_dags/example_task_group_decorator.py took 0.075 seconds
[2025-06-29T12:30:14.753+0200] {processor.py:161} INFO - Started process (PID=70405) to work on /home/leoja/airflow/airflow_venv/lib/python3.12/site-packages/airflow/example_dags/example_task_group_decorator.py
[2025-06-29T12:30:14.755+0200] {processor.py:830} INFO - Processing file /home/leoja/airflow/airflow_venv/lib/python3.12/site-packages/airflow/example_dags/example_task_group_decorator.py for tasks to queue
[2025-06-29T12:30:14.756+0200] {logging_mixin.py:188} INFO - [2025-06-29T12:30:14.756+0200] {dagbag.py:540} INFO - Filling up the DagBag from /home/leoja/airflow/airflow_venv/lib/python3.12/site-packages/airflow/example_dags/example_task_group_decorator.py
[2025-06-29T12:30:14.765+0200] {processor.py:840} INFO - DAG(s) 'example_task_group_decorator' retrieved from /home/leoja/airflow/airflow_venv/lib/python3.12/site-packages/airflow/example_dags/example_task_group_decorator.py
[2025-06-29T12:30:14.778+0200] {logging_mixin.py:188} INFO - [2025-06-29T12:30:14.778+0200] {dag.py:3096} INFO - Sync 1 DAGs
[2025-06-29T12:30:14.793+0200] {logging_mixin.py:188} INFO - [2025-06-29T12:30:14.793+0200] {dag.py:3954} INFO - Setting next_dagrun for example_task_group_decorator to 2025-06-28 00:00:00+00:00, run_after=2025-06-29 00:00:00+00:00
[2025-06-29T12:30:14.812+0200] {processor.py:183} INFO - Processing /home/leoja/airflow/airflow_venv/lib/python3.12/site-packages/airflow/example_dags/example_task_group_decorator.py took 0.063 seconds
[2025-06-29T12:30:59.026+0200] {processor.py:161} INFO - Started process (PID=70654) to work on /home/leoja/airflow/airflow_venv/lib/python3.12/site-packages/airflow/example_dags/example_task_group_decorator.py
[2025-06-29T12:30:59.027+0200] {processor.py:830} INFO - Processing file /home/leoja/airflow/airflow_venv/lib/python3.12/site-packages/airflow/example_dags/example_task_group_decorator.py for tasks to queue
[2025-06-29T12:30:59.029+0200] {logging_mixin.py:188} INFO - [2025-06-29T12:30:59.029+0200] {dagbag.py:540} INFO - Filling up the DagBag from /home/leoja/airflow/airflow_venv/lib/python3.12/site-packages/airflow/example_dags/example_task_group_decorator.py
[2025-06-29T12:30:59.038+0200] {processor.py:840} INFO - DAG(s) 'example_task_group_decorator' retrieved from /home/leoja/airflow/airflow_venv/lib/python3.12/site-packages/airflow/example_dags/example_task_group_decorator.py
[2025-06-29T12:30:59.051+0200] {logging_mixin.py:188} INFO - [2025-06-29T12:30:59.051+0200] {dag.py:3096} INFO - Sync 1 DAGs
[2025-06-29T12:30:59.064+0200] {logging_mixin.py:188} INFO - [2025-06-29T12:30:59.064+0200] {dag.py:3954} INFO - Setting next_dagrun for example_task_group_decorator to 2025-06-28 00:00:00+00:00, run_after=2025-06-29 00:00:00+00:00
[2025-06-29T12:30:59.083+0200] {processor.py:183} INFO - Processing /home/leoja/airflow/airflow_venv/lib/python3.12/site-packages/airflow/example_dags/example_task_group_decorator.py took 0.062 seconds
[2025-06-29T12:31:40.749+0200] {processor.py:161} INFO - Started process (PID=70905) to work on /home/leoja/airflow/airflow_venv/lib/python3.12/site-packages/airflow/example_dags/example_task_group_decorator.py
[2025-06-29T12:31:40.750+0200] {processor.py:830} INFO - Processing file /home/leoja/airflow/airflow_venv/lib/python3.12/site-packages/airflow/example_dags/example_task_group_decorator.py for tasks to queue
[2025-06-29T12:31:40.752+0200] {logging_mixin.py:188} INFO - [2025-06-29T12:31:40.752+0200] {dagbag.py:540} INFO - Filling up the DagBag from /home/leoja/airflow/airflow_venv/lib/python3.12/site-packages/airflow/example_dags/example_task_group_decorator.py
[2025-06-29T12:31:40.761+0200] {processor.py:840} INFO - DAG(s) 'example_task_group_decorator' retrieved from /home/leoja/airflow/airflow_venv/lib/python3.12/site-packages/airflow/example_dags/example_task_group_decorator.py
[2025-06-29T12:31:40.774+0200] {logging_mixin.py:188} INFO - [2025-06-29T12:31:40.773+0200] {dag.py:3096} INFO - Sync 1 DAGs
[2025-06-29T12:31:40.786+0200] {logging_mixin.py:188} INFO - [2025-06-29T12:31:40.786+0200] {dag.py:3954} INFO - Setting next_dagrun for example_task_group_decorator to 2025-06-28 00:00:00+00:00, run_after=2025-06-29 00:00:00+00:00
[2025-06-29T12:31:40.802+0200] {processor.py:183} INFO - Processing /home/leoja/airflow/airflow_venv/lib/python3.12/site-packages/airflow/example_dags/example_task_group_decorator.py took 0.058 seconds
[2025-06-29T12:37:22.769+0200] {processor.py:161} INFO - Started process (PID=71136) to work on /home/leoja/airflow/airflow_venv/lib/python3.12/site-packages/airflow/example_dags/example_task_group_decorator.py
[2025-06-29T12:37:22.771+0200] {processor.py:830} INFO - Processing file /home/leoja/airflow/airflow_venv/lib/python3.12/site-packages/airflow/example_dags/example_task_group_decorator.py for tasks to queue
[2025-06-29T12:37:22.774+0200] {logging_mixin.py:188} INFO - [2025-06-29T12:37:22.773+0200] {dagbag.py:540} INFO - Filling up the DagBag from /home/leoja/airflow/airflow_venv/lib/python3.12/site-packages/airflow/example_dags/example_task_group_decorator.py
[2025-06-29T12:37:22.792+0200] {processor.py:840} INFO - DAG(s) 'example_task_group_decorator' retrieved from /home/leoja/airflow/airflow_venv/lib/python3.12/site-packages/airflow/example_dags/example_task_group_decorator.py
[2025-06-29T12:37:22.805+0200] {logging_mixin.py:188} INFO - [2025-06-29T12:37:22.805+0200] {dag.py:3096} INFO - Sync 1 DAGs
[2025-06-29T12:37:22.818+0200] {logging_mixin.py:188} INFO - [2025-06-29T12:37:22.817+0200] {dag.py:3954} INFO - Setting next_dagrun for example_task_group_decorator to 2025-06-28 00:00:00+00:00, run_after=2025-06-29 00:00:00+00:00
[2025-06-29T12:37:22.842+0200] {processor.py:183} INFO - Processing /home/leoja/airflow/airflow_venv/lib/python3.12/site-packages/airflow/example_dags/example_task_group_decorator.py took 0.083 seconds
[2025-06-29T12:38:09.995+0200] {processor.py:161} INFO - Started process (PID=71416) to work on /home/leoja/airflow/airflow_venv/lib/python3.12/site-packages/airflow/example_dags/example_task_group_decorator.py
[2025-06-29T12:38:09.997+0200] {processor.py:830} INFO - Processing file /home/leoja/airflow/airflow_venv/lib/python3.12/site-packages/airflow/example_dags/example_task_group_decorator.py for tasks to queue
[2025-06-29T12:38:09.999+0200] {logging_mixin.py:188} INFO - [2025-06-29T12:38:09.998+0200] {dagbag.py:540} INFO - Filling up the DagBag from /home/leoja/airflow/airflow_venv/lib/python3.12/site-packages/airflow/example_dags/example_task_group_decorator.py
[2025-06-29T12:38:10.009+0200] {processor.py:840} INFO - DAG(s) 'example_task_group_decorator' retrieved from /home/leoja/airflow/airflow_venv/lib/python3.12/site-packages/airflow/example_dags/example_task_group_decorator.py
[2025-06-29T12:38:10.022+0200] {logging_mixin.py:188} INFO - [2025-06-29T12:38:10.022+0200] {dag.py:3096} INFO - Sync 1 DAGs
[2025-06-29T12:38:10.034+0200] {logging_mixin.py:188} INFO - [2025-06-29T12:38:10.034+0200] {dag.py:3954} INFO - Setting next_dagrun for example_task_group_decorator to 2025-06-28 00:00:00+00:00, run_after=2025-06-29 00:00:00+00:00
[2025-06-29T12:38:10.057+0200] {processor.py:183} INFO - Processing /home/leoja/airflow/airflow_venv/lib/python3.12/site-packages/airflow/example_dags/example_task_group_decorator.py took 0.071 seconds
[2025-06-29T12:38:54.667+0200] {processor.py:161} INFO - Started process (PID=71665) to work on /home/leoja/airflow/airflow_venv/lib/python3.12/site-packages/airflow/example_dags/example_task_group_decorator.py
[2025-06-29T12:38:54.669+0200] {processor.py:830} INFO - Processing file /home/leoja/airflow/airflow_venv/lib/python3.12/site-packages/airflow/example_dags/example_task_group_decorator.py for tasks to queue
[2025-06-29T12:38:54.670+0200] {logging_mixin.py:188} INFO - [2025-06-29T12:38:54.670+0200] {dagbag.py:540} INFO - Filling up the DagBag from /home/leoja/airflow/airflow_venv/lib/python3.12/site-packages/airflow/example_dags/example_task_group_decorator.py
[2025-06-29T12:38:54.679+0200] {processor.py:840} INFO - DAG(s) 'example_task_group_decorator' retrieved from /home/leoja/airflow/airflow_venv/lib/python3.12/site-packages/airflow/example_dags/example_task_group_decorator.py
[2025-06-29T12:38:54.691+0200] {logging_mixin.py:188} INFO - [2025-06-29T12:38:54.691+0200] {dag.py:3096} INFO - Sync 1 DAGs
[2025-06-29T12:38:54.704+0200] {logging_mixin.py:188} INFO - [2025-06-29T12:38:54.703+0200] {dag.py:3954} INFO - Setting next_dagrun for example_task_group_decorator to 2025-06-28 00:00:00+00:00, run_after=2025-06-29 00:00:00+00:00
[2025-06-29T12:38:54.726+0200] {processor.py:183} INFO - Processing /home/leoja/airflow/airflow_venv/lib/python3.12/site-packages/airflow/example_dags/example_task_group_decorator.py took 0.064 seconds
[2025-06-29T12:39:39.755+0200] {processor.py:161} INFO - Started process (PID=71918) to work on /home/leoja/airflow/airflow_venv/lib/python3.12/site-packages/airflow/example_dags/example_task_group_decorator.py
[2025-06-29T12:39:39.757+0200] {processor.py:830} INFO - Processing file /home/leoja/airflow/airflow_venv/lib/python3.12/site-packages/airflow/example_dags/example_task_group_decorator.py for tasks to queue
[2025-06-29T12:39:39.759+0200] {logging_mixin.py:188} INFO - [2025-06-29T12:39:39.758+0200] {dagbag.py:540} INFO - Filling up the DagBag from /home/leoja/airflow/airflow_venv/lib/python3.12/site-packages/airflow/example_dags/example_task_group_decorator.py
[2025-06-29T12:39:39.771+0200] {processor.py:840} INFO - DAG(s) 'example_task_group_decorator' retrieved from /home/leoja/airflow/airflow_venv/lib/python3.12/site-packages/airflow/example_dags/example_task_group_decorator.py
[2025-06-29T12:39:39.785+0200] {logging_mixin.py:188} INFO - [2025-06-29T12:39:39.785+0200] {dag.py:3096} INFO - Sync 1 DAGs
[2025-06-29T12:39:39.799+0200] {logging_mixin.py:188} INFO - [2025-06-29T12:39:39.799+0200] {dag.py:3954} INFO - Setting next_dagrun for example_task_group_decorator to 2025-06-28 00:00:00+00:00, run_after=2025-06-29 00:00:00+00:00
[2025-06-29T12:39:39.821+0200] {processor.py:183} INFO - Processing /home/leoja/airflow/airflow_venv/lib/python3.12/site-packages/airflow/example_dags/example_task_group_decorator.py took 0.072 seconds
[2025-06-29T12:40:31.924+0200] {processor.py:161} INFO - Started process (PID=72221) to work on /home/leoja/airflow/airflow_venv/lib/python3.12/site-packages/airflow/example_dags/example_task_group_decorator.py
[2025-06-29T12:40:31.925+0200] {processor.py:830} INFO - Processing file /home/leoja/airflow/airflow_venv/lib/python3.12/site-packages/airflow/example_dags/example_task_group_decorator.py for tasks to queue
[2025-06-29T12:40:31.927+0200] {logging_mixin.py:188} INFO - [2025-06-29T12:40:31.926+0200] {dagbag.py:540} INFO - Filling up the DagBag from /home/leoja/airflow/airflow_venv/lib/python3.12/site-packages/airflow/example_dags/example_task_group_decorator.py
[2025-06-29T12:40:31.938+0200] {processor.py:840} INFO - DAG(s) 'example_task_group_decorator' retrieved from /home/leoja/airflow/airflow_venv/lib/python3.12/site-packages/airflow/example_dags/example_task_group_decorator.py
[2025-06-29T12:40:31.952+0200] {logging_mixin.py:188} INFO - [2025-06-29T12:40:31.952+0200] {dag.py:3096} INFO - Sync 1 DAGs
[2025-06-29T12:40:31.968+0200] {logging_mixin.py:188} INFO - [2025-06-29T12:40:31.968+0200] {dag.py:3954} INFO - Setting next_dagrun for example_task_group_decorator to 2025-06-28 00:00:00+00:00, run_after=2025-06-29 00:00:00+00:00
[2025-06-29T12:40:31.991+0200] {processor.py:183} INFO - Processing /home/leoja/airflow/airflow_venv/lib/python3.12/site-packages/airflow/example_dags/example_task_group_decorator.py took 0.073 seconds
[2025-06-29T12:41:16.774+0200] {processor.py:161} INFO - Started process (PID=72468) to work on /home/leoja/airflow/airflow_venv/lib/python3.12/site-packages/airflow/example_dags/example_task_group_decorator.py
[2025-06-29T12:41:16.776+0200] {processor.py:830} INFO - Processing file /home/leoja/airflow/airflow_venv/lib/python3.12/site-packages/airflow/example_dags/example_task_group_decorator.py for tasks to queue
[2025-06-29T12:41:16.777+0200] {logging_mixin.py:188} INFO - [2025-06-29T12:41:16.777+0200] {dagbag.py:540} INFO - Filling up the DagBag from /home/leoja/airflow/airflow_venv/lib/python3.12/site-packages/airflow/example_dags/example_task_group_decorator.py
[2025-06-29T12:41:16.786+0200] {processor.py:840} INFO - DAG(s) 'example_task_group_decorator' retrieved from /home/leoja/airflow/airflow_venv/lib/python3.12/site-packages/airflow/example_dags/example_task_group_decorator.py
[2025-06-29T12:41:16.800+0200] {logging_mixin.py:188} INFO - [2025-06-29T12:41:16.800+0200] {dag.py:3096} INFO - Sync 1 DAGs
[2025-06-29T12:41:16.813+0200] {logging_mixin.py:188} INFO - [2025-06-29T12:41:16.813+0200] {dag.py:3954} INFO - Setting next_dagrun for example_task_group_decorator to 2025-06-28 00:00:00+00:00, run_after=2025-06-29 00:00:00+00:00
[2025-06-29T12:41:16.831+0200] {processor.py:183} INFO - Processing /home/leoja/airflow/airflow_venv/lib/python3.12/site-packages/airflow/example_dags/example_task_group_decorator.py took 0.062 seconds
[2025-06-29T12:42:00.385+0200] {processor.py:161} INFO - Started process (PID=72739) to work on /home/leoja/airflow/airflow_venv/lib/python3.12/site-packages/airflow/example_dags/example_task_group_decorator.py
[2025-06-29T12:42:00.386+0200] {processor.py:830} INFO - Processing file /home/leoja/airflow/airflow_venv/lib/python3.12/site-packages/airflow/example_dags/example_task_group_decorator.py for tasks to queue
[2025-06-29T12:42:00.388+0200] {logging_mixin.py:188} INFO - [2025-06-29T12:42:00.387+0200] {dagbag.py:540} INFO - Filling up the DagBag from /home/leoja/airflow/airflow_venv/lib/python3.12/site-packages/airflow/example_dags/example_task_group_decorator.py
[2025-06-29T12:42:00.397+0200] {processor.py:840} INFO - DAG(s) 'example_task_group_decorator' retrieved from /home/leoja/airflow/airflow_venv/lib/python3.12/site-packages/airflow/example_dags/example_task_group_decorator.py
[2025-06-29T12:42:00.409+0200] {logging_mixin.py:188} INFO - [2025-06-29T12:42:00.409+0200] {dag.py:3096} INFO - Sync 1 DAGs
[2025-06-29T12:42:00.424+0200] {logging_mixin.py:188} INFO - [2025-06-29T12:42:00.424+0200] {dag.py:3954} INFO - Setting next_dagrun for example_task_group_decorator to 2025-06-28 00:00:00+00:00, run_after=2025-06-29 00:00:00+00:00
[2025-06-29T12:42:00.444+0200] {processor.py:183} INFO - Processing /home/leoja/airflow/airflow_venv/lib/python3.12/site-packages/airflow/example_dags/example_task_group_decorator.py took 0.064 seconds
[2025-06-29T12:42:44.365+0200] {processor.py:161} INFO - Started process (PID=72981) to work on /home/leoja/airflow/airflow_venv/lib/python3.12/site-packages/airflow/example_dags/example_task_group_decorator.py
[2025-06-29T12:42:44.367+0200] {processor.py:830} INFO - Processing file /home/leoja/airflow/airflow_venv/lib/python3.12/site-packages/airflow/example_dags/example_task_group_decorator.py for tasks to queue
[2025-06-29T12:42:44.368+0200] {logging_mixin.py:188} INFO - [2025-06-29T12:42:44.368+0200] {dagbag.py:540} INFO - Filling up the DagBag from /home/leoja/airflow/airflow_venv/lib/python3.12/site-packages/airflow/example_dags/example_task_group_decorator.py
[2025-06-29T12:42:44.378+0200] {processor.py:840} INFO - DAG(s) 'example_task_group_decorator' retrieved from /home/leoja/airflow/airflow_venv/lib/python3.12/site-packages/airflow/example_dags/example_task_group_decorator.py
[2025-06-29T12:42:44.390+0200] {logging_mixin.py:188} INFO - [2025-06-29T12:42:44.390+0200] {dag.py:3096} INFO - Sync 1 DAGs
[2025-06-29T12:42:44.403+0200] {logging_mixin.py:188} INFO - [2025-06-29T12:42:44.403+0200] {dag.py:3954} INFO - Setting next_dagrun for example_task_group_decorator to 2025-06-28 00:00:00+00:00, run_after=2025-06-29 00:00:00+00:00
[2025-06-29T12:42:44.421+0200] {processor.py:183} INFO - Processing /home/leoja/airflow/airflow_venv/lib/python3.12/site-packages/airflow/example_dags/example_task_group_decorator.py took 0.060 seconds
[2025-06-29T12:43:26.386+0200] {processor.py:161} INFO - Started process (PID=73228) to work on /home/leoja/airflow/airflow_venv/lib/python3.12/site-packages/airflow/example_dags/example_task_group_decorator.py
[2025-06-29T12:43:26.388+0200] {processor.py:830} INFO - Processing file /home/leoja/airflow/airflow_venv/lib/python3.12/site-packages/airflow/example_dags/example_task_group_decorator.py for tasks to queue
[2025-06-29T12:43:26.389+0200] {logging_mixin.py:188} INFO - [2025-06-29T12:43:26.388+0200] {dagbag.py:540} INFO - Filling up the DagBag from /home/leoja/airflow/airflow_venv/lib/python3.12/site-packages/airflow/example_dags/example_task_group_decorator.py
[2025-06-29T12:43:26.398+0200] {processor.py:840} INFO - DAG(s) 'example_task_group_decorator' retrieved from /home/leoja/airflow/airflow_venv/lib/python3.12/site-packages/airflow/example_dags/example_task_group_decorator.py
[2025-06-29T12:43:26.410+0200] {logging_mixin.py:188} INFO - [2025-06-29T12:43:26.410+0200] {dag.py:3096} INFO - Sync 1 DAGs
[2025-06-29T12:43:26.423+0200] {logging_mixin.py:188} INFO - [2025-06-29T12:43:26.423+0200] {dag.py:3954} INFO - Setting next_dagrun for example_task_group_decorator to 2025-06-28 00:00:00+00:00, run_after=2025-06-29 00:00:00+00:00
[2025-06-29T12:43:26.439+0200] {processor.py:183} INFO - Processing /home/leoja/airflow/airflow_venv/lib/python3.12/site-packages/airflow/example_dags/example_task_group_decorator.py took 0.057 seconds
[2025-06-29T12:44:09.259+0200] {processor.py:161} INFO - Started process (PID=73473) to work on /home/leoja/airflow/airflow_venv/lib/python3.12/site-packages/airflow/example_dags/example_task_group_decorator.py
[2025-06-29T12:44:09.260+0200] {processor.py:830} INFO - Processing file /home/leoja/airflow/airflow_venv/lib/python3.12/site-packages/airflow/example_dags/example_task_group_decorator.py for tasks to queue
[2025-06-29T12:44:09.261+0200] {logging_mixin.py:188} INFO - [2025-06-29T12:44:09.261+0200] {dagbag.py:540} INFO - Filling up the DagBag from /home/leoja/airflow/airflow_venv/lib/python3.12/site-packages/airflow/example_dags/example_task_group_decorator.py
[2025-06-29T12:44:09.270+0200] {processor.py:840} INFO - DAG(s) 'example_task_group_decorator' retrieved from /home/leoja/airflow/airflow_venv/lib/python3.12/site-packages/airflow/example_dags/example_task_group_decorator.py
[2025-06-29T12:44:09.283+0200] {logging_mixin.py:188} INFO - [2025-06-29T12:44:09.283+0200] {dag.py:3096} INFO - Sync 1 DAGs
[2025-06-29T12:44:09.296+0200] {logging_mixin.py:188} INFO - [2025-06-29T12:44:09.295+0200] {dag.py:3954} INFO - Setting next_dagrun for example_task_group_decorator to 2025-06-28 00:00:00+00:00, run_after=2025-06-29 00:00:00+00:00
[2025-06-29T12:44:09.311+0200] {processor.py:183} INFO - Processing /home/leoja/airflow/airflow_venv/lib/python3.12/site-packages/airflow/example_dags/example_task_group_decorator.py took 0.057 seconds
[2025-06-29T12:44:54.613+0200] {processor.py:161} INFO - Started process (PID=73769) to work on /home/leoja/airflow/airflow_venv/lib/python3.12/site-packages/airflow/example_dags/example_task_group_decorator.py
[2025-06-29T12:44:54.614+0200] {processor.py:830} INFO - Processing file /home/leoja/airflow/airflow_venv/lib/python3.12/site-packages/airflow/example_dags/example_task_group_decorator.py for tasks to queue
[2025-06-29T12:44:54.616+0200] {logging_mixin.py:188} INFO - [2025-06-29T12:44:54.615+0200] {dagbag.py:540} INFO - Filling up the DagBag from /home/leoja/airflow/airflow_venv/lib/python3.12/site-packages/airflow/example_dags/example_task_group_decorator.py
[2025-06-29T12:44:54.625+0200] {processor.py:840} INFO - DAG(s) 'example_task_group_decorator' retrieved from /home/leoja/airflow/airflow_venv/lib/python3.12/site-packages/airflow/example_dags/example_task_group_decorator.py
[2025-06-29T12:44:54.637+0200] {logging_mixin.py:188} INFO - [2025-06-29T12:44:54.637+0200] {dag.py:3096} INFO - Sync 1 DAGs
[2025-06-29T12:44:54.647+0200] {logging_mixin.py:188} INFO - [2025-06-29T12:44:54.647+0200] {dag.py:3954} INFO - Setting next_dagrun for example_task_group_decorator to 2025-06-28 00:00:00+00:00, run_after=2025-06-29 00:00:00+00:00
[2025-06-29T12:44:54.665+0200] {processor.py:183} INFO - Processing /home/leoja/airflow/airflow_venv/lib/python3.12/site-packages/airflow/example_dags/example_task_group_decorator.py took 0.057 seconds
[2025-06-29T12:45:43.833+0200] {processor.py:161} INFO - Started process (PID=74043) to work on /home/leoja/airflow/airflow_venv/lib/python3.12/site-packages/airflow/example_dags/example_task_group_decorator.py
[2025-06-29T12:45:43.834+0200] {processor.py:830} INFO - Processing file /home/leoja/airflow/airflow_venv/lib/python3.12/site-packages/airflow/example_dags/example_task_group_decorator.py for tasks to queue
[2025-06-29T12:45:43.836+0200] {logging_mixin.py:188} INFO - [2025-06-29T12:45:43.835+0200] {dagbag.py:540} INFO - Filling up the DagBag from /home/leoja/airflow/airflow_venv/lib/python3.12/site-packages/airflow/example_dags/example_task_group_decorator.py
[2025-06-29T12:45:43.845+0200] {processor.py:840} INFO - DAG(s) 'example_task_group_decorator' retrieved from /home/leoja/airflow/airflow_venv/lib/python3.12/site-packages/airflow/example_dags/example_task_group_decorator.py
[2025-06-29T12:45:43.858+0200] {logging_mixin.py:188} INFO - [2025-06-29T12:45:43.857+0200] {dag.py:3096} INFO - Sync 1 DAGs
[2025-06-29T12:45:43.869+0200] {logging_mixin.py:188} INFO - [2025-06-29T12:45:43.869+0200] {dag.py:3954} INFO - Setting next_dagrun for example_task_group_decorator to 2025-06-28 00:00:00+00:00, run_after=2025-06-29 00:00:00+00:00
[2025-06-29T12:45:43.890+0200] {processor.py:183} INFO - Processing /home/leoja/airflow/airflow_venv/lib/python3.12/site-packages/airflow/example_dags/example_task_group_decorator.py took 0.063 seconds
[2025-06-29T12:46:35.253+0200] {processor.py:161} INFO - Started process (PID=74326) to work on /home/leoja/airflow/airflow_venv/lib/python3.12/site-packages/airflow/example_dags/example_task_group_decorator.py
[2025-06-29T12:46:35.255+0200] {processor.py:830} INFO - Processing file /home/leoja/airflow/airflow_venv/lib/python3.12/site-packages/airflow/example_dags/example_task_group_decorator.py for tasks to queue
[2025-06-29T12:46:35.265+0200] {logging_mixin.py:188} INFO - [2025-06-29T12:46:35.264+0200] {dagbag.py:540} INFO - Filling up the DagBag from /home/leoja/airflow/airflow_venv/lib/python3.12/site-packages/airflow/example_dags/example_task_group_decorator.py
[2025-06-29T12:46:35.290+0200] {processor.py:840} INFO - DAG(s) 'example_task_group_decorator' retrieved from /home/leoja/airflow/airflow_venv/lib/python3.12/site-packages/airflow/example_dags/example_task_group_decorator.py
[2025-06-29T12:46:35.315+0200] {logging_mixin.py:188} INFO - [2025-06-29T12:46:35.315+0200] {dag.py:3096} INFO - Sync 1 DAGs
[2025-06-29T12:46:35.332+0200] {logging_mixin.py:188} INFO - [2025-06-29T12:46:35.332+0200] {dag.py:3954} INFO - Setting next_dagrun for example_task_group_decorator to 2025-06-28 00:00:00+00:00, run_after=2025-06-29 00:00:00+00:00
[2025-06-29T12:46:35.353+0200] {processor.py:183} INFO - Processing /home/leoja/airflow/airflow_venv/lib/python3.12/site-packages/airflow/example_dags/example_task_group_decorator.py took 0.115 seconds
                                                                                                                                                                                                                                                                                                                                                                                                                                                                                                                                                                                                                                                                                                                                                    