[2025-06-29T12:13:39.949+0200] {processor.py:161} INFO - Started process (PID=64717) to work on /home/leoja/airflow/airflow_venv/lib/python3.12/site-packages/airflow/example_dags/example_dynamic_task_mapping.py
[2025-06-29T12:13:39.951+0200] {processor.py:830} INFO - Processing file /home/leoja/airflow/airflow_venv/lib/python3.12/site-packages/airflow/example_dags/example_dynamic_task_mapping.py for tasks to queue
[2025-06-29T12:13:39.955+0200] {logging_mixin.py:188} INFO - [2025-06-29T12:13:39.954+0200] {dagbag.py:540} INFO - Filling up the DagBag from /home/leoja/airflow/airflow_venv/lib/python3.12/site-packages/airflow/example_dags/example_dynamic_task_mapping.py
[2025-06-29T12:13:39.973+0200] {processor.py:840} INFO - DAG(s) 'example_dynamic_task_mapping' retrieved from /home/leoja/airflow/airflow_venv/lib/python3.12/site-packages/airflow/example_dags/example_dynamic_task_mapping.py
[2025-06-29T12:13:40.173+0200] {logging_mixin.py:188} INFO - [2025-06-29T12:13:40.173+0200] {dag.py:3096} INFO - Sync 1 DAGs
[2025-06-29T12:13:40.412+0200] {logging_mixin.py:188} INFO - [2025-06-29T12:13:40.411+0200] {dag.py:3954} INFO - Setting next_dagrun for example_dynamic_task_mapping to 2022-03-04 00:00:00+00:00, run_after=2022-03-05 00:00:00+00:00
[2025-06-29T12:13:40.447+0200] {processor.py:183} INFO - Processing /home/leoja/airflow/airflow_venv/lib/python3.12/site-packages/airflow/example_dags/example_dynamic_task_mapping.py took 0.511 seconds
[2025-06-29T12:14:38.170+0200] {processor.py:161} INFO - Started process (PID=64991) to work on /home/leoja/airflow/airflow_venv/lib/python3.12/site-packages/airflow/example_dags/example_dynamic_task_mapping.py
[2025-06-29T12:14:38.171+0200] {processor.py:830} INFO - Processing file /home/leoja/airflow/airflow_venv/lib/python3.12/site-packages/airflow/example_dags/example_dynamic_task_mapping.py for tasks to queue
[2025-06-29T12:14:38.173+0200] {logging_mixin.py:188} INFO - [2025-06-29T12:14:38.172+0200] {dagbag.py:540} INFO - Filling up the DagBag from /home/leoja/airflow/airflow_venv/lib/python3.12/site-packages/airflow/example_dags/example_dynamic_task_mapping.py
[2025-06-29T12:14:38.179+0200] {processor.py:840} INFO - DAG(s) 'example_dynamic_task_mapping' retrieved from /home/leoja/airflow/airflow_venv/lib/python3.12/site-packages/airflow/example_dags/example_dynamic_task_mapping.py
[2025-06-29T12:14:38.195+0200] {logging_mixin.py:188} INFO - [2025-06-29T12:14:38.194+0200] {dag.py:3096} INFO - Sync 1 DAGs
[2025-06-29T12:14:38.213+0200] {logging_mixin.py:188} INFO - [2025-06-29T12:14:38.213+0200] {dag.py:3954} INFO - Setting next_dagrun for example_dynamic_task_mapping to 2022-03-04 00:00:00+00:00, run_after=2022-03-05 00:00:00+00:00
[2025-06-29T12:14:38.235+0200] {processor.py:183} INFO - Processing /home/leoja/airflow/airflow_venv/lib/python3.12/site-packages/airflow/example_dags/example_dynamic_task_mapping.py took 0.070 seconds
[2025-06-29T12:15:32.513+0200] {processor.py:161} INFO - Started process (PID=65342) to work on /home/leoja/airflow/airflow_venv/lib/python3.12/site-packages/airflow/example_dags/example_dynamic_task_mapping.py
[2025-06-29T12:15:32.517+0200] {processor.py:830} INFO - Processing file /home/leoja/airflow/airflow_venv/lib/python3.12/site-packages/airflow/example_dags/example_dynamic_task_mapping.py for tasks to queue
[2025-06-29T12:15:32.519+0200] {logging_mixin.py:188} INFO - [2025-06-29T12:15:32.519+0200] {dagbag.py:540} INFO - Filling up the DagBag from /home/leoja/airflow/airflow_venv/lib/python3.12/site-packages/airflow/example_dags/example_dynamic_task_mapping.py
[2025-06-29T12:15:32.524+0200] {processor.py:840} INFO - DAG(s) 'example_dynamic_task_mapping' retrieved from /home/leoja/airflow/airflow_venv/lib/python3.12/site-packages/airflow/example_dags/example_dynamic_task_mapping.py
[2025-06-29T12:15:32.537+0200] {logging_mixin.py:188} INFO - [2025-06-29T12:15:32.537+0200] {dag.py:3096} INFO - Sync 1 DAGs
[2025-06-29T12:15:32.551+0200] {logging_mixin.py:188} INFO - [2025-06-29T12:15:32.551+0200] {dag.py:3954} INFO - Setting next_dagrun for example_dynamic_task_mapping to 2022-03-04 00:00:00+00:00, run_after=2022-03-05 00:00:00+00:00
[2025-06-29T12:15:32.576+0200] {processor.py:183} INFO - Processing /home/leoja/airflow/airflow_venv/lib/python3.12/site-packages/airflow/example_dags/example_dynamic_task_mapping.py took 0.071 seconds
[2025-06-29T12:16:38.094+0200] {processor.py:161} INFO - Started process (PID=65712) to work on /home/leoja/airflow/airflow_venv/lib/python3.12/site-packages/airflow/example_dags/example_dynamic_task_mapping.py
[2025-06-29T12:16:38.095+0200] {processor.py:830} INFO - Processing file /home/leoja/airflow/airflow_venv/lib/python3.12/site-packages/airflow/example_dags/example_dynamic_task_mapping.py for tasks to queue
[2025-06-29T12:16:38.097+0200] {logging_mixin.py:188} INFO - [2025-06-29T12:16:38.097+0200] {dagbag.py:540} INFO - Filling up the DagBag from /home/leoja/airflow/airflow_venv/lib/python3.12/site-packages/airflow/example_dags/example_dynamic_task_mapping.py
[2025-06-29T12:16:38.103+0200] {processor.py:840} INFO - DAG(s) 'example_dynamic_task_mapping' retrieved from /home/leoja/airflow/airflow_venv/lib/python3.12/site-packages/airflow/example_dags/example_dynamic_task_mapping.py
[2025-06-29T12:16:38.118+0200] {logging_mixin.py:188} INFO - [2025-06-29T12:16:38.118+0200] {dag.py:3096} INFO - Sync 1 DAGs
[2025-06-29T12:16:38.134+0200] {logging_mixin.py:188} INFO - [2025-06-29T12:16:38.134+0200] {dag.py:3954} INFO - Setting next_dagrun for example_dynamic_task_mapping to 2022-03-04 00:00:00+00:00, run_after=2022-03-05 00:00:00+00:00
[2025-06-29T12:16:38.154+0200] {processor.py:183} INFO - Processing /home/leoja/airflow/airflow_venv/lib/python3.12/site-packages/airflow/example_dags/example_dynamic_task_mapping.py took 0.065 seconds
[2025-06-29T12:17:36.261+0200] {processor.py:161} INFO - Started process (PID=66063) to work on /home/leoja/airflow/airflow_venv/lib/python3.12/site-packages/airflow/example_dags/example_dynamic_task_mapping.py
[2025-06-29T12:17:36.262+0200] {processor.py:830} INFO - Processing file /home/leoja/airflow/airflow_venv/lib/python3.12/site-packages/airflow/example_dags/example_dynamic_task_mapping.py for tasks to queue
[2025-06-29T12:17:36.264+0200] {logging_mixin.py:188} INFO - [2025-06-29T12:17:36.263+0200] {dagbag.py:540} INFO - Filling up the DagBag from /home/leoja/airflow/airflow_venv/lib/python3.12/site-packages/airflow/example_dags/example_dynamic_task_mapping.py
[2025-06-29T12:17:36.269+0200] {processor.py:840} INFO - DAG(s) 'example_dynamic_task_mapping' retrieved from /home/leoja/airflow/airflow_venv/lib/python3.12/site-packages/airflow/example_dags/example_dynamic_task_mapping.py
[2025-06-29T12:17:36.281+0200] {logging_mixin.py:188} INFO - [2025-06-29T12:17:36.281+0200] {dag.py:3096} INFO - Sync 1 DAGs
[2025-06-29T12:17:36.298+0200] {logging_mixin.py:188} INFO - [2025-06-29T12:17:36.298+0200] {dag.py:3954} INFO - Setting next_dagrun for example_dynamic_task_mapping to 2022-03-04 00:00:00+00:00, run_after=2022-03-05 00:00:00+00:00
[2025-06-29T12:17:36.320+0200] {processor.py:183} INFO - Processing /home/leoja/airflow/airflow_venv/lib/python3.12/site-packages/airflow/example_dags/example_dynamic_task_mapping.py took 0.065 seconds
[2025-06-29T12:18:32.650+0200] {processor.py:161} INFO - Started process (PID=66383) to work on /home/leoja/airflow/airflow_venv/lib/python3.12/site-packages/airflow/example_dags/example_dynamic_task_mapping.py
[2025-06-29T12:18:32.651+0200] {processor.py:830} INFO - Processing file /home/leoja/airflow/airflow_venv/lib/python3.12/site-packages/airflow/example_dags/example_dynamic_task_mapping.py for tasks to queue
[2025-06-29T12:18:32.653+0200] {logging_mixin.py:188} INFO - [2025-06-29T12:18:32.652+0200] {dagbag.py:540} INFO - Filling up the DagBag from /home/leoja/airflow/airflow_venv/lib/python3.12/site-packages/airflow/example_dags/example_dynamic_task_mapping.py
[2025-06-29T12:18:32.659+0200] {processor.py:840} INFO - DAG(s) 'example_dynamic_task_mapping' retrieved from /home/leoja/airflow/airflow_venv/lib/python3.12/site-packages/airflow/example_dags/example_dynamic_task_mapping.py
[2025-06-29T12:18:32.669+0200] {logging_mixin.py:188} INFO - [2025-06-29T12:18:32.669+0200] {dag.py:3096} INFO - Sync 1 DAGs
[2025-06-29T12:18:32.683+0200] {logging_mixin.py:188} INFO - [2025-06-29T12:18:32.683+0200] {dag.py:3954} INFO - Setting next_dagrun for example_dynamic_task_mapping to 2022-03-04 00:00:00+00:00, run_after=2022-03-05 00:00:00+00:00
[2025-06-29T12:18:32.701+0200] {processor.py:183} INFO - Processing /home/leoja/airflow/airflow_venv/lib/python3.12/site-packages/airflow/example_dags/example_dynamic_task_mapping.py took 0.055 seconds
[2025-06-29T12:19:17.121+0200] {processor.py:161} INFO - Started process (PID=66655) to work on /home/leoja/airflow/airflow_venv/lib/python3.12/site-packages/airflow/example_dags/example_dynamic_task_mapping.py
[2025-06-29T12:19:17.122+0200] {processor.py:830} INFO - Processing file /home/leoja/airflow/airflow_venv/lib/python3.12/site-packages/airflow/example_dags/example_dynamic_task_mapping.py for tasks to queue
[2025-06-29T12:19:17.123+0200] {logging_mixin.py:188} INFO - [2025-06-29T12:19:17.123+0200] {dagbag.py:540} INFO - Filling up the DagBag from /home/leoja/airflow/airflow_venv/lib/python3.12/site-packages/airflow/example_dags/example_dynamic_task_mapping.py
[2025-06-29T12:19:17.128+0200] {processor.py:840} INFO - DAG(s) 'example_dynamic_task_mapping' retrieved from /home/leoja/airflow/airflow_venv/lib/python3.12/site-packages/airflow/example_dags/example_dynamic_task_mapping.py
[2025-06-29T12:19:17.141+0200] {logging_mixin.py:188} INFO - [2025-06-29T12:19:17.140+0200] {dag.py:3096} INFO - Sync 1 DAGs
[2025-06-29T12:19:17.154+0200] {logging_mixin.py:188} INFO - [2025-06-29T12:19:17.153+0200] {dag.py:3954} INFO - Setting next_dagrun for example_dynamic_task_mapping to 2022-03-04 00:00:00+00:00, run_after=2022-03-05 00:00:00+00:00
[2025-06-29T12:19:17.170+0200] {processor.py:183} INFO - Processing /home/leoja/airflow/airflow_venv/lib/python3.12/site-packages/airflow/example_dags/example_dynamic_task_mapping.py took 0.053 seconds
[2025-06-29T12:20:14.624+0200] {processor.py:161} INFO - Started process (PID=66945) to work on /home/leoja/airflow/airflow_venv/lib/python3.12/site-packages/airflow/example_dags/example_dynamic_task_mapping.py
[2025-06-29T12:20:14.625+0200] {processor.py:830} INFO - Processing file /home/leoja/airflow/airflow_venv/lib/python3.12/site-packages/airflow/example_dags/example_dynamic_task_mapping.py for tasks to queue
[2025-06-29T12:20:14.627+0200] {logging_mixin.py:188} INFO - [2025-06-29T12:20:14.627+0200] {dagbag.py:540} INFO - Filling up the DagBag from /home/leoja/airflow/airflow_venv/lib/python3.12/site-packages/airflow/example_dags/example_dynamic_task_mapping.py
[2025-06-29T12:20:14.632+0200] {processor.py:840} INFO - DAG(s) 'example_dynamic_task_mapping' retrieved from /home/leoja/airflow/airflow_venv/lib/python3.12/site-packages/airflow/example_dags/example_dynamic_task_mapping.py
[2025-06-29T12:20:14.642+0200] {logging_mixin.py:188} INFO - [2025-06-29T12:20:14.642+0200] {dag.py:3096} INFO - Sync 1 DAGs
[2025-06-29T12:20:14.654+0200] {logging_mixin.py:188} INFO - [2025-06-29T12:20:14.654+0200] {dag.py:3954} INFO - Setting next_dagrun for example_dynamic_task_mapping to 2022-03-04 00:00:00+00:00, run_after=2022-03-05 00:00:00+00:00
[2025-06-29T12:20:14.673+0200] {processor.py:183} INFO - Processing /home/leoja/airflow/airflow_venv/lib/python3.12/site-packages/airflow/example_dags/example_dynamic_task_mapping.py took 0.052 seconds
[2025-06-29T12:21:05.707+0200] {processor.py:161} INFO - Started process (PID=67258) to work on /home/leoja/airflow/airflow_venv/lib/python3.12/site-packages/airflow/example_dags/example_dynamic_task_mapping.py
[2025-06-29T12:21:05.708+0200] {processor.py:830} INFO - Processing file /home/leoja/airflow/airflow_venv/lib/python3.12/site-packages/airflow/example_dags/example_dynamic_task_mapping.py for tasks to queue
[2025-06-29T12:21:05.710+0200] {logging_mixin.py:188} INFO - [2025-06-29T12:21:05.709+0200] {dagbag.py:540} INFO - Filling up the DagBag from /home/leoja/airflow/airflow_venv/lib/python3.12/site-packages/airflow/example_dags/example_dynamic_task_mapping.py
[2025-06-29T12:21:05.715+0200] {processor.py:840} INFO - DAG(s) 'example_dynamic_task_mapping' retrieved from /home/leoja/airflow/airflow_venv/lib/python3.12/site-packages/airflow/example_dags/example_dynamic_task_mapping.py
[2025-06-29T12:21:05.726+0200] {logging_mixin.py:188} INFO - [2025-06-29T12:21:05.726+0200] {dag.py:3096} INFO - Sync 1 DAGs
[2025-06-29T12:21:05.740+0200] {logging_mixin.py:188} INFO - [2025-06-29T12:21:05.740+0200] {dag.py:3954} INFO - Setting next_dagrun for example_dynamic_task_mapping to 2022-03-04 00:00:00+00:00, run_after=2022-03-05 00:00:00+00:00
[2025-06-29T12:21:05.760+0200] {processor.py:183} INFO - Processing /home/leoja/airflow/airflow_venv/lib/python3.12/site-packages/airflow/example_dags/example_dynamic_task_mapping.py took 0.064 seconds
[2025-06-29T12:21:54.085+0200] {processor.py:161} INFO - Started process (PID=67530) to work on /home/leoja/airflow/airflow_venv/lib/python3.12/site-packages/airflow/example_dags/example_dynamic_task_mapping.py
[2025-06-29T12:21:54.088+0200] {processor.py:830} INFO - Processing file /home/leoja/airflow/airflow_venv/lib/python3.12/site-packages/airflow/example_dags/example_dynamic_task_mapping.py for tasks to queue
[2025-06-29T12:21:54.092+0200] {logging_mixin.py:188} INFO - [2025-06-29T12:21:54.091+0200] {dagbag.py:540} INFO - Filling up the DagBag from /home/leoja/airflow/airflow_venv/lib/python3.12/site-packages/airflow/example_dags/example_dynamic_task_mapping.py
[2025-06-29T12:21:54.105+0200] {processor.py:840} INFO - DAG(s) 'example_dynamic_task_mapping' retrieved from /home/leoja/airflow/airflow_venv/lib/python3.12/site-packages/airflow/example_dags/example_dynamic_task_mapping.py
[2025-06-29T12:21:54.127+0200] {logging_mixin.py:188} INFO - [2025-06-29T12:21:54.126+0200] {dag.py:3096} INFO - Sync 1 DAGs
[2025-06-29T12:21:54.151+0200] {logging_mixin.py:188} INFO - [2025-06-29T12:21:54.151+0200] {dag.py:3954} INFO - Setting next_dagrun for example_dynamic_task_mapping to 2022-03-04 00:00:00+00:00, run_after=2022-03-05 00:00:00+00:00
[2025-06-29T12:21:54.181+0200] {processor.py:183} INFO - Processing /home/leoja/airflow/airflow_venv/lib/python3.12/site-packages/airflow/example_dags/example_dynamic_task_mapping.py took 0.112 seconds
[2025-06-29T12:22:44.688+0200] {processor.py:161} INFO - Started process (PID=67809) to work on /home/leoja/airflow/airflow_venv/lib/python3.12/site-packages/airflow/example_dags/example_dynamic_task_mapping.py
[2025-06-29T12:22:44.689+0200] {processor.py:830} INFO - Processing file /home/leoja/airflow/airflow_venv/lib/python3.12/site-packages/airflow/example_dags/example_dynamic_task_mapping.py for tasks to queue
[2025-06-29T12:22:44.691+0200] {logging_mixin.py:188} INFO - [2025-06-29T12:22:44.691+0200] {dagbag.py:540} INFO - Filling up the DagBag from /home/leoja/airflow/airflow_venv/lib/python3.12/site-packages/airflow/example_dags/example_dynamic_task_mapping.py
[2025-06-29T12:22:44.699+0200] {processor.py:840} INFO - DAG(s) 'example_dynamic_task_mapping' retrieved from /home/leoja/airflow/airflow_venv/lib/python3.12/site-packages/airflow/example_dags/example_dynamic_task_mapping.py
[2025-06-29T12:22:44.713+0200] {logging_mixin.py:188} INFO - [2025-06-29T12:22:44.713+0200] {dag.py:3096} INFO - Sync 1 DAGs
[2025-06-29T12:22:44.728+0200] {logging_mixin.py:188} INFO - [2025-06-29T12:22:44.728+0200] {dag.py:3954} INFO - Setting next_dagrun for example_dynamic_task_mapping to 2022-03-04 00:00:00+00:00, run_after=2022-03-05 00:00:00+00:00
[2025-06-29T12:22:44.750+0200] {processor.py:183} INFO - Processing /home/leoja/airflow/airflow_venv/lib/python3.12/site-packages/airflow/example_dags/example_dynamic_task_mapping.py took 0.073 seconds
[2025-06-29T12:23:30.574+0200] {processor.py:161} INFO - Started process (PID=68084) to work on /home/leoja/airflow/airflow_venv/lib/python3.12/site-packages/airflow/example_dags/example_dynamic_task_mapping.py
[2025-06-29T12:23:30.575+0200] {processor.py:830} INFO - Processing file /home/leoja/airflow/airflow_venv/lib/python3.12/site-packages/airflow/example_dags/example_dynamic_task_mapping.py for tasks to queue
[2025-06-29T12:23:30.579+0200] {logging_mixin.py:188} INFO - [2025-06-29T12:23:30.577+0200] {dagbag.py:540} INFO - Filling up the DagBag from /home/leoja/airflow/airflow_venv/lib/python3.12/site-packages/airflow/example_dags/example_dynamic_task_mapping.py
[2025-06-29T12:23:30.585+0200] {processor.py:840} INFO - DAG(s) 'example_dynamic_task_mapping' retrieved from /home/leoja/airflow/airflow_venv/lib/python3.12/site-packages/airflow/example_dags/example_dynamic_task_mapping.py
[2025-06-29T12:23:30.597+0200] {logging_mixin.py:188} INFO - [2025-06-29T12:23:30.597+0200] {dag.py:3096} INFO - Sync 1 DAGs
[2025-06-29T12:23:30.612+0200] {logging_mixin.py:188} INFO - [2025-06-29T12:23:30.612+0200] {dag.py:3954} INFO - Setting next_dagrun for example_dynamic_task_mapping to 2022-03-04 00:00:00+00:00, run_after=2022-03-05 00:00:00+00:00
[2025-06-29T12:23:30.634+0200] {processor.py:183} INFO - Processing /home/leoja/airflow/airflow_venv/lib/python3.12/site-packages/airflow/example_dags/example_dynamic_task_mapping.py took 0.065 seconds
[2025-06-29T12:24:19.377+0200] {processor.py:161} INFO - Started process (PID=68391) to work on /home/leoja/airflow/airflow_venv/lib/python3.12/site-packages/airflow/example_dags/example_dynamic_task_mapping.py
[2025-06-29T12:24:19.378+0200] {processor.py:830} INFO - Processing file /home/leoja/airflow/airflow_venv/lib/python3.12/site-packages/airflow/example_dags/example_dynamic_task_mapping.py for tasks to queue
[2025-06-29T12:24:19.379+0200] {logging_mixin.py:188} INFO - [2025-06-29T12:24:19.379+0200] {dagbag.py:540} INFO - Filling up the DagBag from /home/leoja/airflow/airflow_venv/lib/python3.12/site-packages/airflow/example_dags/example_dynamic_task_mapping.py
[2025-06-29T12:24:19.386+0200] {processor.py:840} INFO - DAG(s) 'example_dynamic_task_mapping' retrieved from /home/leoja/airflow/airflow_venv/lib/python3.12/site-packages/airflow/example_dags/example_dynamic_task_mapping.py
[2025-06-29T12:24:19.398+0200] {logging_mixin.py:188} INFO - [2025-06-29T12:24:19.397+0200] {dag.py:3096} INFO - Sync 1 DAGs
[2025-06-29T12:24:19.413+0200] {logging_mixin.py:188} INFO - [2025-06-29T12:24:19.412+0200] {dag.py:3954} INFO - Setting next_dagrun for example_dynamic_task_mapping to 2022-03-04 00:00:00+00:00, run_after=2022-03-05 00:00:00+00:00
[2025-06-29T12:24:19.437+0200] {processor.py:183} INFO - Processing /home/leoja/airflow/airflow_venv/lib/python3.12/site-packages/airflow/example_dags/example_dynamic_task_mapping.py took 0.066 seconds
[2025-06-29T12:25:04.365+0200] {processor.py:161} INFO - Started process (PID=68639) to work on /home/leoja/airflow/airflow_venv/lib/python3.12/site-packages/airflow/example_dags/example_dynamic_task_mapping.py
[2025-06-29T12:25:04.367+0200] {processor.py:830} INFO - Processing file /home/leoja/airflow/airflow_venv/lib/python3.12/site-packages/airflow/example_dags/example_dynamic_task_mapping.py for tasks to queue
[2025-06-29T12:25:04.369+0200] {logging_mixin.py:188} INFO - [2025-06-29T12:25:04.368+0200] {dagbag.py:540} INFO - Filling up the DagBag from /home/leoja/airflow/airflow_venv/lib/python3.12/site-packages/airflow/example_dags/example_dynamic_task_mapping.py
[2025-06-29T12:25:04.379+0200] {processor.py:840} INFO - DAG(s) 'example_dynamic_task_mapping' retrieved from /home/leoja/airflow/airflow_venv/lib/python3.12/site-packages/airflow/example_dags/example_dynamic_task_mapping.py
[2025-06-29T12:25:04.400+0200] {logging_mixin.py:188} INFO - [2025-06-29T12:25:04.400+0200] {dag.py:3096} INFO - Sync 1 DAGs
[2025-06-29T12:25:04.419+0200] {logging_mixin.py:188} INFO - [2025-06-29T12:25:04.418+0200] {dag.py:3954} INFO - Setting next_dagrun for example_dynamic_task_mapping to 2022-03-04 00:00:00+00:00, run_after=2022-03-05 00:00:00+00:00
[2025-06-29T12:25:04.445+0200] {processor.py:183} INFO - Processing /home/leoja/airflow/airflow_venv/lib/python3.12/site-packages/airflow/example_dags/example_dynamic_task_mapping.py took 0.088 seconds
[2025-06-29T12:25:48.918+0200] {processor.py:161} INFO - Started process (PID=68912) to work on /home/leoja/airflow/airflow_venv/lib/python3.12/site-packages/airflow/example_dags/example_dynamic_task_mapping.py
[2025-06-29T12:25:48.919+0200] {processor.py:830} INFO - Processing file /home/leoja/airflow/airflow_venv/lib/python3.12/site-packages/airflow/example_dags/example_dynamic_task_mapping.py for tasks to queue
[2025-06-29T12:25:48.921+0200] {logging_mixin.py:188} INFO - [2025-06-29T12:25:48.920+0200] {dagbag.py:540} INFO - Filling up the DagBag from /home/leoja/airflow/airflow_venv/lib/python3.12/site-packages/airflow/example_dags/example_dynamic_task_mapping.py
[2025-06-29T12:25:48.925+0200] {processor.py:840} INFO - DAG(s) 'example_dynamic_task_mapping' retrieved from /home/leoja/airflow/airflow_venv/lib/python3.12/site-packages/airflow/example_dags/example_dynamic_task_mapping.py
[2025-06-29T12:25:48.936+0200] {logging_mixin.py:188} INFO - [2025-06-29T12:25:48.936+0200] {dag.py:3096} INFO - Sync 1 DAGs
[2025-06-29T12:25:48.949+0200] {logging_mixin.py:188} INFO - [2025-06-29T12:25:48.949+0200] {dag.py:3954} INFO - Setting next_dagrun for example_dynamic_task_mapping to 2022-03-04 00:00:00+00:00, run_after=2022-03-05 00:00:00+00:00
[2025-06-29T12:25:49.083+0200] {processor.py:183} INFO - Processing /home/leoja/airflow/airflow_venv/lib/python3.12/site-packages/airflow/example_dags/example_dynamic_task_mapping.py took 0.169 seconds
[2025-06-29T12:26:31.643+0200] {processor.py:161} INFO - Started process (PID=69129) to work on /home/leoja/airflow/airflow_venv/lib/python3.12/site-packages/airflow/example_dags/example_dynamic_task_mapping.py
[2025-06-29T12:26:31.644+0200] {processor.py:830} INFO - Processing file /home/leoja/airflow/airflow_venv/lib/python3.12/site-packages/airflow/example_dags/example_dynamic_task_mapping.py for tasks to queue
[2025-06-29T12:26:31.646+0200] {logging_mixin.py:188} INFO - [2025-06-29T12:26:31.645+0200] {dagbag.py:540} INFO - Filling up the DagBag from /home/leoja/airflow/airflow_venv/lib/python3.12/site-packages/airflow/example_dags/example_dynamic_task_mapping.py
[2025-06-29T12:26:31.650+0200] {processor.py:840} INFO - DAG(s) 'example_dynamic_task_mapping' retrieved from /home/leoja/airflow/airflow_venv/lib/python3.12/site-packages/airflow/example_dags/example_dynamic_task_mapping.py
[2025-06-29T12:26:31.661+0200] {logging_mixin.py:188} INFO - [2025-06-29T12:26:31.661+0200] {dag.py:3096} INFO - Sync 1 DAGs
[2025-06-29T12:26:31.673+0200] {logging_mixin.py:188} INFO - [2025-06-29T12:26:31.673+0200] {dag.py:3954} INFO - Setting next_dagrun for example_dynamic_task_mapping to 2022-03-04 00:00:00+00:00, run_after=2022-03-05 00:00:00+00:00
[2025-06-29T12:26:31.689+0200] {processor.py:183} INFO - Processing /home/leoja/airflow/airflow_venv/lib/python3.12/site-packages/airflow/example_dags/example_dynamic_task_mapping.py took 0.050 seconds
[2025-06-29T12:27:15.986+0200] {processor.py:161} INFO - Started process (PID=69373) to work on /home/leoja/airflow/airflow_venv/lib/python3.12/site-packages/airflow/example_dags/example_dynamic_task_mapping.py
[2025-06-29T12:27:15.987+0200] {processor.py:830} INFO - Processing file /home/leoja/airflow/airflow_venv/lib/python3.12/site-packages/airflow/example_dags/example_dynamic_task_mapping.py for tasks to queue
[2025-06-29T12:27:15.988+0200] {logging_mixin.py:188} INFO - [2025-06-29T12:27:15.988+0200] {dagbag.py:540} INFO - Filling up the DagBag from /home/leoja/airflow/airflow_venv/lib/python3.12/site-packages/airflow/example_dags/example_dynamic_task_mapping.py
[2025-06-29T12:27:15.993+0200] {processor.py:840} INFO - DAG(s) 'example_dynamic_task_mapping' retrieved from /home/leoja/airflow/airflow_venv/lib/python3.12/site-packages/airflow/example_dags/example_dynamic_task_mapping.py
[2025-06-29T12:27:16.004+0200] {logging_mixin.py:188} INFO - [2025-06-29T12:27:16.004+0200] {dag.py:3096} INFO - Sync 1 DAGs
[2025-06-29T12:27:16.016+0200] {logging_mixin.py:188} INFO - [2025-06-29T12:27:16.016+0200] {dag.py:3954} INFO - Setting next_dagrun for example_dynamic_task_mapping to 2022-03-04 00:00:00+00:00, run_after=2022-03-05 00:00:00+00:00
[2025-06-29T12:27:16.031+0200] {processor.py:183} INFO - Processing /home/leoja/airflow/airflow_venv/lib/python3.12/site-packages/airflow/example_dags/example_dynamic_task_mapping.py took 0.050 seconds
[2025-06-29T12:28:02.512+0200] {processor.py:161} INFO - Started process (PID=69645) to work on /home/leoja/airflow/airflow_venv/lib/python3.12/site-packages/airflow/example_dags/example_dynamic_task_mapping.py
[2025-06-29T12:28:02.513+0200] {processor.py:830} INFO - Processing file /home/leoja/airflow/airflow_venv/lib/python3.12/site-packages/airflow/example_dags/example_dynamic_task_mapping.py for tasks to queue
[2025-06-29T12:28:02.514+0200] {logging_mixin.py:188} INFO - [2025-06-29T12:28:02.514+0200] {dagbag.py:540} INFO - Filling up the DagBag from /home/leoja/airflow/airflow_venv/lib/python3.12/site-packages/airflow/example_dags/example_dynamic_task_mapping.py
[2025-06-29T12:28:02.519+0200] {processor.py:840} INFO - DAG(s) 'example_dynamic_task_mapping' retrieved from /home/leoja/airflow/airflow_venv/lib/python3.12/site-packages/airflow/example_dags/example_dynamic_task_mapping.py
[2025-06-29T12:28:02.531+0200] {logging_mixin.py:188} INFO - [2025-06-29T12:28:02.531+0200] {dag.py:3096} INFO - Sync 1 DAGs
[2025-06-29T12:28:02.543+0200] {logging_mixin.py:188} INFO - [2025-06-29T12:28:02.543+0200] {dag.py:3954} INFO - Setting next_dagrun for example_dynamic_task_mapping to 2022-03-04 00:00:00+00:00, run_after=2022-03-05 00:00:00+00:00
[2025-06-29T12:28:02.647+0200] {processor.py:183} INFO - Processing /home/leoja/airflow/airflow_venv/lib/python3.12/site-packages/airflow/example_dags/example_dynamic_task_mapping.py took 0.139 seconds
[2025-06-29T12:28:52.275+0200] {processor.py:161} INFO - Started process (PID=69954) to work on /home/leoja/airflow/airflow_venv/lib/python3.12/site-packages/airflow/example_dags/example_dynamic_task_mapping.py
[2025-06-29T12:28:52.276+0200] {processor.py:830} INFO - Processing file /home/leoja/airflow/airflow_venv/lib/python3.12/site-packages/airflow/example_dags/example_dynamic_task_mapping.py for tasks to queue
[2025-06-29T12:28:52.278+0200] {logging_mixin.py:188} INFO - [2025-06-29T12:28:52.277+0200] {dagbag.py:540} INFO - Filling up the DagBag from /home/leoja/airflow/airflow_venv/lib/python3.12/site-packages/airflow/example_dags/example_dynamic_task_mapping.py
[2025-06-29T12:28:52.284+0200] {processor.py:840} INFO - DAG(s) 'example_dynamic_task_mapping' retrieved from /home/leoja/airflow/airflow_venv/lib/python3.12/site-packages/airflow/example_dags/example_dynamic_task_mapping.py
[2025-06-29T12:28:52.295+0200] {logging_mixin.py:188} INFO - [2025-06-29T12:28:52.295+0200] {dag.py:3096} INFO - Sync 1 DAGs
[2025-06-29T12:28:52.308+0200] {logging_mixin.py:188} INFO - [2025-06-29T12:28:52.308+0200] {dag.py:3954} INFO - Setting next_dagrun for example_dynamic_task_mapping to 2022-03-04 00:00:00+00:00, run_after=2022-03-05 00:00:00+00:00
[2025-06-29T12:28:52.329+0200] {processor.py:183} INFO - Processing /home/leoja/airflow/airflow_venv/lib/python3.12/site-packages/airflow/example_dags/example_dynamic_task_mapping.py took 0.058 seconds
[2025-06-29T12:29:37.204+0200] {processor.py:161} INFO - Started process (PID=70206) to work on /home/leoja/airflow/airflow_venv/lib/python3.12/site-packages/airflow/example_dags/example_dynamic_task_mapping.py
[2025-06-29T12:29:37.206+0200] {processor.py:830} INFO - Processing file /home/leoja/airflow/airflow_venv/lib/python3.12/site-packages/airflow/example_dags/example_dynamic_task_mapping.py for tasks to queue
[2025-06-29T12:29:37.208+0200] {logging_mixin.py:188} INFO - [2025-06-29T12:29:37.207+0200] {dagbag.py:540} INFO - Filling up the DagBag from /home/leoja/airflow/airflow_venv/lib/python3.12/site-packages/airflow/example_dags/example_dynamic_task_mapping.py
[2025-06-29T12:29:37.213+0200] {processor.py:840} INFO - DAG(s) 'example_dynamic_task_mapping' retrieved from /home/leoja/airflow/airflow_venv/lib/python3.12/site-packages/airflow/example_dags/example_dynamic_task_mapping.py
[2025-06-29T12:29:37.223+0200] {logging_mixin.py:188} INFO - [2025-06-29T12:29:37.223+0200] {dag.py:3096} INFO - Sync 1 DAGs
[2025-06-29T12:29:37.238+0200] {logging_mixin.py:188} INFO - [2025-06-29T12:29:37.238+0200] {dag.py:3954} INFO - Setting next_dagrun for example_dynamic_task_mapping to 2022-03-04 00:00:00+00:00, run_after=2022-03-05 00:00:00+00:00
[2025-06-29T12:29:37.259+0200] {processor.py:183} INFO - Processing /home/leoja/airflow/airflow_venv/lib/python3.12/site-packages/airflow/example_dags/example_dynamic_task_mapping.py took 0.059 seconds
[2025-06-29T12:30:21.049+0200] {processor.py:161} INFO - Started process (PID=70468) to work on /home/leoja/airflow/airflow_venv/lib/python3.12/site-packages/airflow/example_dags/example_dynamic_task_mapping.py
[2025-06-29T12:30:21.051+0200] {processor.py:830} INFO - Processing file /home/leoja/airflow/airflow_venv/lib/python3.12/site-packages/airflow/example_dags/example_dynamic_task_mapping.py for tasks to queue
[2025-06-29T12:30:21.052+0200] {logging_mixin.py:188} INFO - [2025-06-29T12:30:21.052+0200] {dagbag.py:540} INFO - Filling up the DagBag from /home/leoja/airflow/airflow_venv/lib/python3.12/site-packages/airflow/example_dags/example_dynamic_task_mapping.py
[2025-06-29T12:30:21.059+0200] {processor.py:840} INFO - DAG(s) 'example_dynamic_task_mapping' retrieved from /home/leoja/airflow/airflow_venv/lib/python3.12/site-packages/airflow/example_dags/example_dynamic_task_mapping.py
[2025-06-29T12:30:21.076+0200] {logging_mixin.py:188} INFO - [2025-06-29T12:30:21.076+0200] {dag.py:3096} INFO - Sync 1 DAGs
[2025-06-29T12:30:21.092+0200] {logging_mixin.py:188} INFO - [2025-06-29T12:30:21.092+0200] {dag.py:3954} INFO - Setting next_dagrun for example_dynamic_task_mapping to 2022-03-04 00:00:00+00:00, run_after=2022-03-05 00:00:00+00:00
[2025-06-29T12:30:21.111+0200] {processor.py:183} INFO - Processing /home/leoja/airflow/airflow_venv/lib/python3.12/site-packages/airflow/example_dags/example_dynamic_task_mapping.py took 0.069 seconds
[2025-06-29T12:31:06.098+0200] {processor.py:161} INFO - Started process (PID=70713) to work on /home/leoja/airflow/airflow_venv/lib/python3.12/site-packages/airflow/example_dags/example_dynamic_task_mapping.py
[2025-06-29T12:31:06.100+0200] {processor.py:830} INFO - Processing file /home/leoja/airflow/airflow_venv/lib/python3.12/site-packages/airflow/example_dags/example_dynamic_task_mapping.py for tasks to queue
[2025-06-29T12:31:06.102+0200] {logging_mixin.py:188} INFO - [2025-06-29T12:31:06.101+0200] {dagbag.py:540} INFO - Filling up the DagBag from /home/leoja/airflow/airflow_venv/lib/python3.12/site-packages/airflow/example_dags/example_dynamic_task_mapping.py
[2025-06-29T12:31:06.117+0200] {processor.py:840} INFO - DAG(s) 'example_dynamic_task_mapping' retrieved from /home/leoja/airflow/airflow_venv/lib/python3.12/site-packages/airflow/example_dags/example_dynamic_task_mapping.py
[2025-06-29T12:31:06.163+0200] {logging_mixin.py:188} INFO - [2025-06-29T12:31:06.162+0200] {dag.py:3096} INFO - Sync 1 DAGs
[2025-06-29T12:31:06.298+0200] {logging_mixin.py:188} INFO - [2025-06-29T12:31:06.297+0200] {dag.py:3954} INFO - Setting next_dagrun for example_dynamic_task_mapping to 2022-03-04 00:00:00+00:00, run_after=2022-03-05 00:00:00+00:00
[2025-06-29T12:31:06.328+0200] {processor.py:183} INFO - Processing /home/leoja/airflow/airflow_venv/lib/python3.12/site-packages/airflow/example_dags/example_dynamic_task_mapping.py took 0.246 seconds
[2025-06-29T12:31:48.177+0200] {processor.py:161} INFO - Started process (PID=70934) to work on /home/leoja/airflow/airflow_venv/lib/python3.12/site-packages/airflow/example_dags/example_dynamic_task_mapping.py
[2025-06-29T12:31:48.179+0200] {processor.py:830} INFO - Processing file /home/leoja/airflow/airflow_venv/lib/python3.12/site-packages/airflow/example_dags/example_dynamic_task_mapping.py for tasks to queue
[2025-06-29T12:31:48.181+0200] {logging_mixin.py:188} INFO - [2025-06-29T12:31:48.180+0200] {dagbag.py:540} INFO - Filling up the DagBag from /home/leoja/airflow/airflow_venv/lib/python3.12/site-packages/airflow/example_dags/example_dynamic_task_mapping.py
[2025-06-29T12:31:48.186+0200] {processor.py:840} INFO - DAG(s) 'example_dynamic_task_mapping' retrieved from /home/leoja/airflow/airflow_venv/lib/python3.12/site-packages/airflow/example_dags/example_dynamic_task_mapping.py
[2025-06-29T12:31:48.211+0200] {logging_mixin.py:188} INFO - [2025-06-29T12:31:48.211+0200] {dag.py:3096} INFO - Sync 1 DAGs
[2025-06-29T12:31:48.230+0200] {logging_mixin.py:188} INFO - [2025-06-29T12:31:48.230+0200] {dag.py:3954} INFO - Setting next_dagrun for example_dynamic_task_mapping to 2022-03-04 00:00:00+00:00, run_after=2022-03-05 00:00:00+00:00
[2025-06-29T12:31:48.249+0200] {processor.py:183} INFO - Processing /home/leoja/airflow/airflow_venv/lib/python3.12/site-packages/airflow/example_dags/example_dynamic_task_mapping.py took 0.077 seconds
[2025-06-29T12:37:28.401+0200] {processor.py:161} INFO - Started process (PID=71145) to work on /home/leoja/airflow/airflow_venv/lib/python3.12/site-packages/airflow/example_dags/example_dynamic_task_mapping.py
[2025-06-29T12:37:28.403+0200] {processor.py:830} INFO - Processing file /home/leoja/airflow/airflow_venv/lib/python3.12/site-packages/airflow/example_dags/example_dynamic_task_mapping.py for tasks to queue
[2025-06-29T12:37:28.406+0200] {logging_mixin.py:188} INFO - [2025-06-29T12:37:28.405+0200] {dagbag.py:540} INFO - Filling up the DagBag from /home/leoja/airflow/airflow_venv/lib/python3.12/site-packages/airflow/example_dags/example_dynamic_task_mapping.py
[2025-06-29T12:37:28.412+0200] {processor.py:840} INFO - DAG(s) 'example_dynamic_task_mapping' retrieved from /home/leoja/airflow/airflow_venv/lib/python3.12/site-packages/airflow/example_dags/example_dynamic_task_mapping.py
[2025-06-29T12:37:28.423+0200] {logging_mixin.py:188} INFO - [2025-06-29T12:37:28.423+0200] {dag.py:3096} INFO - Sync 1 DAGs
[2025-06-29T12:37:28.436+0200] {logging_mixin.py:188} INFO - [2025-06-29T12:37:28.436+0200] {dag.py:3954} INFO - Setting next_dagrun for example_dynamic_task_mapping to 2022-03-04 00:00:00+00:00, run_after=2022-03-05 00:00:00+00:00
[2025-06-29T12:37:28.458+0200] {processor.py:183} INFO - Processing /home/leoja/airflow/airflow_venv/lib/python3.12/site-packages/airflow/example_dags/example_dynamic_task_mapping.py took 0.067 seconds
[2025-06-29T12:38:21.125+0200] {processor.py:161} INFO - Started process (PID=71483) to work on /home/leoja/airflow/airflow_venv/lib/python3.12/site-packages/airflow/example_dags/example_dynamic_task_mapping.py
[2025-06-29T12:38:21.128+0200] {processor.py:830} INFO - Processing file /home/leoja/airflow/airflow_venv/lib/python3.12/site-packages/airflow/example_dags/example_dynamic_task_mapping.py for tasks to queue
[2025-06-29T12:38:21.132+0200] {logging_mixin.py:188} INFO - [2025-06-29T12:38:21.131+0200] {dagbag.py:540} INFO - Filling up the DagBag from /home/leoja/airflow/airflow_venv/lib/python3.12/site-packages/airflow/example_dags/example_dynamic_task_mapping.py
[2025-06-29T12:38:21.143+0200] {processor.py:840} INFO - DAG(s) 'example_dynamic_task_mapping' retrieved from /home/leoja/airflow/airflow_venv/lib/python3.12/site-packages/airflow/example_dags/example_dynamic_task_mapping.py
[2025-06-29T12:38:21.154+0200] {logging_mixin.py:188} INFO - [2025-06-29T12:38:21.154+0200] {dag.py:3096} INFO - Sync 1 DAGs
[2025-06-29T12:38:21.166+0200] {logging_mixin.py:188} INFO - [2025-06-29T12:38:21.166+0200] {dag.py:3954} INFO - Setting next_dagrun for example_dynamic_task_mapping to 2022-03-04 00:00:00+00:00, run_after=2022-03-05 00:00:00+00:00
[2025-06-29T12:38:21.188+0200] {processor.py:183} INFO - Processing /home/leoja/airflow/airflow_venv/lib/python3.12/site-packages/airflow/example_dags/example_dynamic_task_mapping.py took 0.077 seconds
[2025-06-29T12:39:09.621+0200] {processor.py:161} INFO - Started process (PID=71735) to work on /home/leoja/airflow/airflow_venv/lib/python3.12/site-packages/airflow/example_dags/example_dynamic_task_mapping.py
[2025-06-29T12:39:09.622+0200] {processor.py:830} INFO - Processing file /home/leoja/airflow/airflow_venv/lib/python3.12/site-packages/airflow/example_dags/example_dynamic_task_mapping.py for tasks to queue
[2025-06-29T12:39:09.624+0200] {logging_mixin.py:188} INFO - [2025-06-29T12:39:09.623+0200] {dagbag.py:540} INFO - Filling up the DagBag from /home/leoja/airflow/airflow_venv/lib/python3.12/site-packages/airflow/example_dags/example_dynamic_task_mapping.py
[2025-06-29T12:39:09.631+0200] {processor.py:840} INFO - DAG(s) 'example_dynamic_task_mapping' retrieved from /home/leoja/airflow/airflow_venv/lib/python3.12/site-packages/airflow/example_dags/example_dynamic_task_mapping.py
[2025-06-29T12:39:09.645+0200] {logging_mixin.py:188} INFO - [2025-06-29T12:39:09.645+0200] {dag.py:3096} INFO - Sync 1 DAGs
[2025-06-29T12:39:09.661+0200] {logging_mixin.py:188} INFO - [2025-06-29T12:39:09.661+0200] {dag.py:3954} INFO - Setting next_dagrun for example_dynamic_task_mapping to 2022-03-04 00:00:00+00:00, run_after=2022-03-05 00:00:00+00:00
[2025-06-29T12:39:09.681+0200] {processor.py:183} INFO - Processing /home/leoja/airflow/airflow_venv/lib/python3.12/site-packages/airflow/example_dags/example_dynamic_task_mapping.py took 0.067 seconds
[2025-06-29T12:39:52.492+0200] {processor.py:161} INFO - Started process (PID=72014) to work on /home/leoja/airflow/airflow_venv/lib/python3.12/site-packages/airflow/example_dags/example_dynamic_task_mapping.py
[2025-06-29T12:39:52.493+0200] {processor.py:830} INFO - Processing file /home/leoja/airflow/airflow_venv/lib/python3.12/site-packages/airflow/example_dags/example_dynamic_task_mapping.py for tasks to queue
[2025-06-29T12:39:52.494+0200] {logging_mixin.py:188} INFO - [2025-06-29T12:39:52.494+0200] {dagbag.py:540} INFO - Filling up the DagBag from /home/leoja/airflow/airflow_venv/lib/python3.12/site-packages/airflow/example_dags/example_dynamic_task_mapping.py
[2025-06-29T12:39:52.499+0200] {processor.py:840} INFO - DAG(s) 'example_dynamic_task_mapping' retrieved from /home/leoja/airflow/airflow_venv/lib/python3.12/site-packages/airflow/example_dags/example_dynamic_task_mapping.py
[2025-06-29T12:39:52.510+0200] {logging_mixin.py:188} INFO - [2025-06-29T12:39:52.510+0200] {dag.py:3096} INFO - Sync 1 DAGs
[2025-06-29T12:39:52.522+0200] {logging_mixin.py:188} INFO - [2025-06-29T12:39:52.522+0200] {dag.py:3954} INFO - Setting next_dagrun for example_dynamic_task_mapping to 2022-03-04 00:00:00+00:00, run_after=2022-03-05 00:00:00+00:00
[2025-06-29T12:39:52.540+0200] {processor.py:183} INFO - Processing /home/leoja/airflow/airflow_venv/lib/python3.12/site-packages/airflow/example_dags/example_dynamic_task_mapping.py took 0.053 seconds
[2025-06-29T12:40:39.146+0200] {processor.py:161} INFO - Started process (PID=72260) to work on /home/leoja/airflow/airflow_venv/lib/python3.12/site-packages/airflow/example_dags/example_dynamic_task_mapping.py
[2025-06-29T12:40:39.147+0200] {processor.py:830} INFO - Processing file /home/leoja/airflow/airflow_venv/lib/python3.12/site-packages/airflow/example_dags/example_dynamic_task_mapping.py for tasks to queue
[2025-06-29T12:40:39.148+0200] {logging_mixin.py:188} INFO - [2025-06-29T12:40:39.148+0200] {dagbag.py:540} INFO - Filling up the DagBag from /home/leoja/airflow/airflow_venv/lib/python3.12/site-packages/airflow/example_dags/example_dynamic_task_mapping.py
[2025-06-29T12:40:39.153+0200] {processor.py:840} INFO - DAG(s) 'example_dynamic_task_mapping' retrieved from /home/leoja/airflow/airflow_venv/lib/python3.12/site-packages/airflow/example_dags/example_dynamic_task_mapping.py
[2025-06-29T12:40:39.164+0200] {logging_mixin.py:188} INFO - [2025-06-29T12:40:39.164+0200] {dag.py:3096} INFO - Sync 1 DAGs
[2025-06-29T12:40:39.176+0200] {logging_mixin.py:188} INFO - [2025-06-29T12:40:39.176+0200] {dag.py:3954} INFO - Setting next_dagrun for example_dynamic_task_mapping to 2022-03-04 00:00:00+00:00, run_after=2022-03-05 00:00:00+00:00
[2025-06-29T12:40:39.194+0200] {processor.py:183} INFO - Processing /home/leoja/airflow/airflow_venv/lib/python3.12/site-packages/airflow/example_dags/example_dynamic_task_mapping.py took 0.053 seconds
[2025-06-29T12:41:23.079+0200] {processor.py:161} INFO - Started process (PID=72531) to work on /home/leoja/airflow/airflow_venv/lib/python3.12/site-packages/airflow/example_dags/example_dynamic_task_mapping.py
[2025-06-29T12:41:23.081+0200] {processor.py:830} INFO - Processing file /home/leoja/airflow/airflow_venv/lib/python3.12/site-packages/airflow/example_dags/example_dynamic_task_mapping.py for tasks to queue
[2025-06-29T12:41:23.082+0200] {logging_mixin.py:188} INFO - [2025-06-29T12:41:23.082+0200] {dagbag.py:540} INFO - Filling up the DagBag from /home/leoja/airflow/airflow_venv/lib/python3.12/site-packages/airflow/example_dags/example_dynamic_task_mapping.py
[2025-06-29T12:41:23.088+0200] {processor.py:840} INFO - DAG(s) 'example_dynamic_task_mapping' retrieved from /home/leoja/airflow/airflow_venv/lib/python3.12/site-packages/airflow/example_dags/example_dynamic_task_mapping.py
[2025-06-29T12:41:23.099+0200] {logging_mixin.py:188} INFO - [2025-06-29T12:41:23.099+0200] {dag.py:3096} INFO - Sync 1 DAGs
[2025-06-29T12:41:23.111+0200] {logging_mixin.py:188} INFO - [2025-06-29T12:41:23.110+0200] {dag.py:3954} INFO - Setting next_dagrun for example_dynamic_task_mapping to 2022-03-04 00:00:00+00:00, run_after=2022-03-05 00:00:00+00:00
[2025-06-29T12:41:23.132+0200] {processor.py:183} INFO - Processing /home/leoja/airflow/airflow_venv/lib/python3.12/site-packages/airflow/example_dags/example_dynamic_task_mapping.py took 0.057 seconds
[2025-06-29T12:42:07.521+0200] {processor.py:161} INFO - Started process (PID=72780) to work on /home/leoja/airflow/airflow_venv/lib/python3.12/site-packages/airflow/example_dags/example_dynamic_task_mapping.py
[2025-06-29T12:42:07.522+0200] {processor.py:830} INFO - Processing file /home/leoja/airflow/airflow_venv/lib/python3.12/site-packages/airflow/example_dags/example_dynamic_task_mapping.py for tasks to queue
[2025-06-29T12:42:07.523+0200] {logging_mixin.py:188} INFO - [2025-06-29T12:42:07.523+0200] {dagbag.py:540} INFO - Filling up the DagBag from /home/leoja/airflow/airflow_venv/lib/python3.12/site-packages/airflow/example_dags/example_dynamic_task_mapping.py
[2025-06-29T12:42:07.528+0200] {processor.py:840} INFO - DAG(s) 'example_dynamic_task_mapping' retrieved from /home/leoja/airflow/airflow_venv/lib/python3.12/site-packages/airflow/example_dags/example_dynamic_task_mapping.py
[2025-06-29T12:42:07.538+0200] {logging_mixin.py:188} INFO - [2025-06-29T12:42:07.538+0200] {dag.py:3096} INFO - Sync 1 DAGs
[2025-06-29T12:42:07.553+0200] {logging_mixin.py:188} INFO - [2025-06-29T12:42:07.553+0200] {dag.py:3954} INFO - Setting next_dagrun for example_dynamic_task_mapping to 2022-03-04 00:00:00+00:00, run_after=2022-03-05 00:00:00+00:00
[2025-06-29T12:42:07.572+0200] {processor.py:183} INFO - Processing /home/leoja/airflow/airflow_venv/lib/python3.12/site-packages/airflow/example_dags/example_dynamic_task_mapping.py took 0.057 seconds
[2025-06-29T12:42:51.380+0200] {processor.py:161} INFO - Started process (PID=73043) to work on /home/leoja/airflow/airflow_venv/lib/python3.12/site-packages/airflow/example_dags/example_dynamic_task_mapping.py
[2025-06-29T12:42:51.381+0200] {processor.py:830} INFO - Processing file /home/leoja/airflow/airflow_venv/lib/python3.12/site-packages/airflow/example_dags/example_dynamic_task_mapping.py for tasks to queue
[2025-06-29T12:42:51.383+0200] {logging_mixin.py:188} INFO - [2025-06-29T12:42:51.382+0200] {dagbag.py:540} INFO - Filling up the DagBag from /home/leoja/airflow/airflow_venv/lib/python3.12/site-packages/airflow/example_dags/example_dynamic_task_mapping.py
[2025-06-29T12:42:51.388+0200] {processor.py:840} INFO - DAG(s) 'example_dynamic_task_mapping' retrieved from /home/leoja/airflow/airflow_venv/lib/python3.12/site-packages/airflow/example_dags/example_dynamic_task_mapping.py
[2025-06-29T12:42:51.398+0200] {logging_mixin.py:188} INFO - [2025-06-29T12:42:51.398+0200] {dag.py:3096} INFO - Sync 1 DAGs
[2025-06-29T12:42:51.411+0200] {logging_mixin.py:188} INFO - [2025-06-29T12:42:51.411+0200] {dag.py:3954} INFO - Setting next_dagrun for example_dynamic_task_mapping to 2022-03-04 00:00:00+00:00, run_after=2022-03-05 00:00:00+00:00
[2025-06-29T12:42:51.428+0200] {processor.py:183} INFO - Processing /home/leoja/airflow/airflow_venv/lib/python3.12/site-packages/airflow/example_dags/example_dynamic_task_mapping.py took 0.052 seconds
[2025-06-29T12:43:33.830+0200] {processor.py:161} INFO - Started process (PID=73259) to work on /home/leoja/airflow/airflow_venv/lib/python3.12/site-packages/airflow/example_dags/example_dynamic_task_mapping.py
[2025-06-29T12:43:33.831+0200] {processor.py:830} INFO - Processing file /home/leoja/airflow/airflow_venv/lib/python3.12/site-packages/airflow/example_dags/example_dynamic_task_mapping.py for tasks to queue
[2025-06-29T12:43:33.832+0200] {logging_mixin.py:188} INFO - [2025-06-29T12:43:33.832+0200] {dagbag.py:540} INFO - Filling up the DagBag from /home/leoja/airflow/airflow_venv/lib/python3.12/site-packages/airflow/example_dags/example_dynamic_task_mapping.py
[2025-06-29T12:43:33.838+0200] {processor.py:840} INFO - DAG(s) 'example_dynamic_task_mapping' retrieved from /home/leoja/airflow/airflow_venv/lib/python3.12/site-packages/airflow/example_dags/example_dynamic_task_mapping.py
[2025-06-29T12:43:33.848+0200] {logging_mixin.py:188} INFO - [2025-06-29T12:43:33.848+0200] {dag.py:3096} INFO - Sync 1 DAGs
[2025-06-29T12:43:33.861+0200] {logging_mixin.py:188} INFO - [2025-06-29T12:43:33.861+0200] {dag.py:3954} INFO - Setting next_dagrun for example_dynamic_task_mapping to 2022-03-04 00:00:00+00:00, run_after=2022-03-05 00:00:00+00:00
[2025-06-29T12:43:33.877+0200] {processor.py:183} INFO - Processing /home/leoja/airflow/airflow_venv/lib/python3.12/site-packages/airflow/example_dags/example_dynamic_task_mapping.py took 0.052 seconds
[2025-06-29T12:44:15.880+0200] {processor.py:161} INFO - Started process (PID=73503) to work on /home/leoja/airflow/airflow_venv/lib/python3.12/site-packages/airflow/example_dags/example_dynamic_task_mapping.py
[2025-06-29T12:44:15.881+0200] {processor.py:830} INFO - Processing file /home/leoja/airflow/airflow_venv/lib/python3.12/site-packages/airflow/example_dags/example_dynamic_task_mapping.py for tasks to queue
[2025-06-29T12:44:15.882+0200] {logging_mixin.py:188} INFO - [2025-06-29T12:44:15.882+0200] {dagbag.py:540} INFO - Filling up the DagBag from /home/leoja/airflow/airflow_venv/lib/python3.12/site-packages/airflow/example_dags/example_dynamic_task_mapping.py
[2025-06-29T12:44:15.887+0200] {processor.py:840} INFO - DAG(s) 'example_dynamic_task_mapping' retrieved from /home/leoja/airflow/airflow_venv/lib/python3.12/site-packages/airflow/example_dags/example_dynamic_task_mapping.py
[2025-06-29T12:44:15.898+0200] {logging_mixin.py:188} INFO - [2025-06-29T12:44:15.897+0200] {dag.py:3096} INFO - Sync 1 DAGs
[2025-06-29T12:44:15.910+0200] {logging_mixin.py:188} INFO - [2025-06-29T12:44:15.910+0200] {dag.py:3954} INFO - Setting next_dagrun for example_dynamic_task_mapping to 2022-03-04 00:00:00+00:00, run_after=2022-03-05 00:00:00+00:00
[2025-06-29T12:44:15.930+0200] {processor.py:183} INFO - Processing /home/leoja/airflow/airflow_venv/lib/python3.12/site-packages/airflow/example_dags/example_dynamic_task_mapping.py took 0.054 seconds
[2025-06-29T12:45:02.053+0200] {processor.py:161} INFO - Started process (PID=73777) to work on /home/leoja/airflow/airflow_venv/lib/python3.12/site-packages/airflow/example_dags/example_dynamic_task_mapping.py
[2025-06-29T12:45:02.054+0200] {processor.py:830} INFO - Processing file /home/leoja/airflow/airflow_venv/lib/python3.12/site-packages/airflow/example_dags/example_dynamic_task_mapping.py for tasks to queue
[2025-06-29T12:45:02.057+0200] {logging_mixin.py:188} INFO - [2025-06-29T12:45:02.057+0200] {dagbag.py:540} INFO - Filling up the DagBag from /home/leoja/airflow/airflow_venv/lib/python3.12/site-packages/airflow/example_dags/example_dynamic_task_mapping.py
[2025-06-29T12:45:02.066+0200] {processor.py:840} INFO - DAG(s) 'example_dynamic_task_mapping' retrieved from /home/leoja/airflow/airflow_venv/lib/python3.12/site-packages/airflow/example_dags/example_dynamic_task_mapping.py
[2025-06-29T12:45:02.076+0200] {logging_mixin.py:188} INFO - [2025-06-29T12:45:02.076+0200] {dag.py:3096} INFO - Sync 1 DAGs
[2025-06-29T12:45:02.088+0200] {logging_mixin.py:188} INFO - [2025-06-29T12:45:02.088+0200] {dag.py:3954} INFO - Setting next_dagrun for example_dynamic_task_mapping to 2022-03-04 00:00:00+00:00, run_after=2022-03-05 00:00:00+00:00
[2025-06-29T12:45:02.108+0200] {processor.py:183} INFO - Processing /home/leoja/airflow/airflow_venv/lib/python3.12/site-packages/airflow/example_dags/example_dynamic_task_mapping.py took 0.064 seconds
[2025-06-29T12:45:50.755+0200] {processor.py:161} INFO - Started process (PID=74084) to work on /home/leoja/airflow/airflow_venv/lib/python3.12/site-packages/airflow/example_dags/example_dynamic_task_mapping.py
[2025-06-29T12:45:50.757+0200] {processor.py:830} INFO - Processing file /home/leoja/airflow/airflow_venv/lib/python3.12/site-packages/airflow/example_dags/example_dynamic_task_mapping.py for tasks to queue
[2025-06-29T12:45:50.761+0200] {logging_mixin.py:188} INFO - [2025-06-29T12:45:50.760+0200] {dagbag.py:540} INFO - Filling up the DagBag from /home/leoja/airflow/airflow_venv/lib/python3.12/site-packages/airflow/example_dags/example_dynamic_task_mapping.py
[2025-06-29T12:45:50.770+0200] {processor.py:840} INFO - DAG(s) 'example_dynamic_task_mapping' retrieved from /home/leoja/airflow/airflow_venv/lib/python3.12/site-packages/airflow/example_dags/example_dynamic_task_mapping.py
[2025-06-29T12:45:50.780+0200] {logging_mixin.py:188} INFO - [2025-06-29T12:45:50.780+0200] {dag.py:3096} INFO - Sync 1 DAGs
[2025-06-29T12:45:50.791+0200] {logging_mixin.py:188} INFO - [2025-06-29T12:45:50.791+0200] {dag.py:3954} INFO - Setting next_dagrun for example_dynamic_task_mapping to 2022-03-04 00:00:00+00:00, run_after=2022-03-05 00:00:00+00:00
[2025-06-29T12:45:50.810+0200] {processor.py:183} INFO - Processing /home/leoja/airflow/airflow_venv/lib/python3.12/site-packages/airflow/example_dags/example_dynamic_task_mapping.py took 0.064 seconds
[2025-06-29T12:46:40.972+0200] {processor.py:161} INFO - Started process (PID=74359) to work on /home/leoja/airflow/airflow_venv/lib/python3.12/site-packages/airflow/example_dags/example_dynamic_task_mapping.py
[2025-06-29T12:46:40.973+0200] {processor.py:830} INFO - Processing file /home/leoja/airflow/airflow_venv/lib/python3.12/site-packages/airflow/example_dags/example_dynamic_task_mapping.py for tasks to queue
[2025-06-29T12:46:40.974+0200] {logging_mixin.py:188} INFO - [2025-06-29T12:46:40.974+0200] {dagbag.py:540} INFO - Filling up the DagBag from /home/leoja/airflow/airflow_venv/lib/python3.12/site-packages/airflow/example_dags/example_dynamic_task_mapping.py
[2025-06-29T12:46:40.980+0200] {processor.py:840} INFO - DAG(s) 'example_dynamic_task_mapping' retrieved from /home/leoja/airflow/airflow_venv/lib/python3.12/site-packages/airflow/example_dags/example_dynamic_task_mapping.py
[2025-06-29T12:46:40.990+0200] {logging_mixin.py:188} INFO - [2025-06-29T12:46:40.990+0200] {dag.py:3096} INFO - Sync 1 DAGs
[2025-06-29T12:46:41.002+0200] {logging_mixin.py:188} INFO - [2025-06-29T12:46:41.002+0200] {dag.py:3954} INFO - Setting next_dagrun for example_dynamic_task_mapping to 2022-03-04 00:00:00+00:00, run_after=2022-03-05 00:00:00+00:00
[2025-06-29T12:46:41.021+0200] {processor.py:183} INFO - Processing /home/leoja/airflow/airflow_venv/lib/python3.12/site-packages/airflow/example_dags/example_dynamic_task_mapping.py took 0.053 seconds
