[2025-06-29T12:14:08.961+0200] {processor.py:161} INFO - Started process (PID=64889) to work on /home/leoja/airflow/airflow_venv/lib/python3.12/site-packages/airflow/example_dags/example_branch_datetime_operator.py
[2025-06-29T12:14:08.962+0200] {processor.py:830} INFO - Processing file /home/leoja/airflow/airflow_venv/lib/python3.12/site-packages/airflow/example_dags/example_branch_datetime_operator.py for tasks to queue
[2025-06-29T12:14:08.964+0200] {logging_mixin.py:188} INFO - [2025-06-29T12:14:08.963+0200] {dagbag.py:540} INFO - Filling up the DagBag from /home/leoja/airflow/airflow_venv/lib/python3.12/site-packages/airflow/example_dags/example_branch_datetime_operator.py
[2025-06-29T12:14:08.970+0200] {processor.py:840} INFO - DAG(s) 'example_branch_datetime_operator', 'example_branch_datetime_operator_3', 'example_branch_datetime_operator_2' retrieved from /home/leoja/airflow/airflow_venv/lib/python3.12/site-packages/airflow/example_dags/example_branch_datetime_operator.py
[2025-06-29T12:14:09.061+0200] {logging_mixin.py:188} INFO - [2025-06-29T12:14:09.061+0200] {dag.py:3096} INFO - Sync 3 DAGs
[2025-06-29T12:14:09.077+0200] {logging_mixin.py:188} INFO - [2025-06-29T12:14:09.077+0200] {dag.py:3954} INFO - Setting next_dagrun for example_branch_datetime_operator to 2025-06-28 00:00:00+00:00, run_after=2025-06-29 00:00:00+00:00
[2025-06-29T12:14:09.079+0200] {logging_mixin.py:188} INFO - [2025-06-29T12:14:09.079+0200] {dag.py:3954} INFO - Setting next_dagrun for example_branch_datetime_operator_2 to 2025-06-28 00:00:00+00:00, run_after=2025-06-29 00:00:00+00:00
[2025-06-29T12:14:09.081+0200] {logging_mixin.py:188} INFO - [2025-06-29T12:14:09.081+0200] {dag.py:3954} INFO - Setting next_dagrun for example_branch_datetime_operator_3 to 2025-06-28 00:00:00+00:00, run_after=2025-06-29 00:00:00+00:00
[2025-06-29T12:14:09.100+0200] {processor.py:183} INFO - Processing /home/leoja/airflow/airflow_venv/lib/python3.12/site-packages/airflow/example_dags/example_branch_datetime_operator.py took 0.146 seconds
[2025-06-29T12:15:05.525+0200] {processor.py:161} INFO - Started process (PID=65196) to work on /home/leoja/airflow/airflow_venv/lib/python3.12/site-packages/airflow/example_dags/example_branch_datetime_operator.py
[2025-06-29T12:15:05.527+0200] {processor.py:830} INFO - Processing file /home/leoja/airflow/airflow_venv/lib/python3.12/site-packages/airflow/example_dags/example_branch_datetime_operator.py for tasks to queue
[2025-06-29T12:15:05.529+0200] {logging_mixin.py:188} INFO - [2025-06-29T12:15:05.528+0200] {dagbag.py:540} INFO - Filling up the DagBag from /home/leoja/airflow/airflow_venv/lib/python3.12/site-packages/airflow/example_dags/example_branch_datetime_operator.py
[2025-06-29T12:15:05.545+0200] {processor.py:840} INFO - DAG(s) 'example_branch_datetime_operator_2', 'example_branch_datetime_operator_3', 'example_branch_datetime_operator' retrieved from /home/leoja/airflow/airflow_venv/lib/python3.12/site-packages/airflow/example_dags/example_branch_datetime_operator.py
[2025-06-29T12:15:05.564+0200] {logging_mixin.py:188} INFO - [2025-06-29T12:15:05.564+0200] {dag.py:3096} INFO - Sync 3 DAGs
[2025-06-29T12:15:05.584+0200] {logging_mixin.py:188} INFO - [2025-06-29T12:15:05.583+0200] {dag.py:3954} INFO - Setting next_dagrun for example_branch_datetime_operator to 2025-06-28 00:00:00+00:00, run_after=2025-06-29 00:00:00+00:00
[2025-06-29T12:15:05.588+0200] {logging_mixin.py:188} INFO - [2025-06-29T12:15:05.588+0200] {dag.py:3954} INFO - Setting next_dagrun for example_branch_datetime_operator_2 to 2025-06-28 00:00:00+00:00, run_after=2025-06-29 00:00:00+00:00
[2025-06-29T12:15:05.589+0200] {logging_mixin.py:188} INFO - [2025-06-29T12:15:05.589+0200] {dag.py:3954} INFO - Setting next_dagrun for example_branch_datetime_operator_3 to 2025-06-28 00:00:00+00:00, run_after=2025-06-29 00:00:00+00:00
[2025-06-29T12:15:05.612+0200] {processor.py:183} INFO - Processing /home/leoja/airflow/airflow_venv/lib/python3.12/site-packages/airflow/example_dags/example_branch_datetime_operator.py took 0.091 seconds
[2025-06-29T12:16:01.052+0200] {processor.py:161} INFO - Started process (PID=65513) to work on /home/leoja/airflow/airflow_venv/lib/python3.12/site-packages/airflow/example_dags/example_branch_datetime_operator.py
[2025-06-29T12:16:01.054+0200] {processor.py:830} INFO - Processing file /home/leoja/airflow/airflow_venv/lib/python3.12/site-packages/airflow/example_dags/example_branch_datetime_operator.py for tasks to queue
[2025-06-29T12:16:01.056+0200] {logging_mixin.py:188} INFO - [2025-06-29T12:16:01.055+0200] {dagbag.py:540} INFO - Filling up the DagBag from /home/leoja/airflow/airflow_venv/lib/python3.12/site-packages/airflow/example_dags/example_branch_datetime_operator.py
[2025-06-29T12:16:01.063+0200] {processor.py:840} INFO - DAG(s) 'example_branch_datetime_operator', 'example_branch_datetime_operator_3', 'example_branch_datetime_operator_2' retrieved from /home/leoja/airflow/airflow_venv/lib/python3.12/site-packages/airflow/example_dags/example_branch_datetime_operator.py
[2025-06-29T12:16:01.081+0200] {logging_mixin.py:188} INFO - [2025-06-29T12:16:01.081+0200] {dag.py:3096} INFO - Sync 3 DAGs
[2025-06-29T12:16:01.100+0200] {logging_mixin.py:188} INFO - [2025-06-29T12:16:01.100+0200] {dag.py:3954} INFO - Setting next_dagrun for example_branch_datetime_operator to 2025-06-28 00:00:00+00:00, run_after=2025-06-29 00:00:00+00:00
[2025-06-29T12:16:01.103+0200] {logging_mixin.py:188} INFO - [2025-06-29T12:16:01.103+0200] {dag.py:3954} INFO - Setting next_dagrun for example_branch_datetime_operator_2 to 2025-06-28 00:00:00+00:00, run_after=2025-06-29 00:00:00+00:00
[2025-06-29T12:16:01.104+0200] {logging_mixin.py:188} INFO - [2025-06-29T12:16:01.104+0200] {dag.py:3954} INFO - Setting next_dagrun for example_branch_datetime_operator_3 to 2025-06-28 00:00:00+00:00, run_after=2025-06-29 00:00:00+00:00
[2025-06-29T12:16:01.126+0200] {processor.py:183} INFO - Processing /home/leoja/airflow/airflow_venv/lib/python3.12/site-packages/airflow/example_dags/example_branch_datetime_operator.py took 0.080 seconds
[2025-06-29T12:17:15.033+0200] {processor.py:161} INFO - Started process (PID=65934) to work on /home/leoja/airflow/airflow_venv/lib/python3.12/site-packages/airflow/example_dags/example_branch_datetime_operator.py
[2025-06-29T12:17:15.035+0200] {processor.py:830} INFO - Processing file /home/leoja/airflow/airflow_venv/lib/python3.12/site-packages/airflow/example_dags/example_branch_datetime_operator.py for tasks to queue
[2025-06-29T12:17:15.036+0200] {logging_mixin.py:188} INFO - [2025-06-29T12:17:15.035+0200] {dagbag.py:540} INFO - Filling up the DagBag from /home/leoja/airflow/airflow_venv/lib/python3.12/site-packages/airflow/example_dags/example_branch_datetime_operator.py
[2025-06-29T12:17:15.044+0200] {processor.py:840} INFO - DAG(s) 'example_branch_datetime_operator_2', 'example_branch_datetime_operator', 'example_branch_datetime_operator_3' retrieved from /home/leoja/airflow/airflow_venv/lib/python3.12/site-packages/airflow/example_dags/example_branch_datetime_operator.py
[2025-06-29T12:17:15.064+0200] {logging_mixin.py:188} INFO - [2025-06-29T12:17:15.063+0200] {dag.py:3096} INFO - Sync 3 DAGs
[2025-06-29T12:17:15.094+0200] {logging_mixin.py:188} INFO - [2025-06-29T12:17:15.094+0200] {dag.py:3954} INFO - Setting next_dagrun for example_branch_datetime_operator to 2025-06-28 00:00:00+00:00, run_after=2025-06-29 00:00:00+00:00
[2025-06-29T12:17:15.099+0200] {logging_mixin.py:188} INFO - [2025-06-29T12:17:15.099+0200] {dag.py:3954} INFO - Setting next_dagrun for example_branch_datetime_operator_2 to 2025-06-28 00:00:00+00:00, run_after=2025-06-29 00:00:00+00:00
[2025-06-29T12:17:15.101+0200] {logging_mixin.py:188} INFO - [2025-06-29T12:17:15.100+0200] {dag.py:3954} INFO - Setting next_dagrun for example_branch_datetime_operator_3 to 2025-06-28 00:00:00+00:00, run_after=2025-06-29 00:00:00+00:00
[2025-06-29T12:17:15.124+0200] {processor.py:183} INFO - Processing /home/leoja/airflow/airflow_venv/lib/python3.12/site-packages/airflow/example_dags/example_branch_datetime_operator.py took 0.095 seconds
[2025-06-29T12:18:25.367+0200] {processor.py:161} INFO - Started process (PID=66321) to work on /home/leoja/airflow/airflow_venv/lib/python3.12/site-packages/airflow/example_dags/example_branch_datetime_operator.py
[2025-06-29T12:18:25.368+0200] {processor.py:830} INFO - Processing file /home/leoja/airflow/airflow_venv/lib/python3.12/site-packages/airflow/example_dags/example_branch_datetime_operator.py for tasks to queue
[2025-06-29T12:18:25.369+0200] {logging_mixin.py:188} INFO - [2025-06-29T12:18:25.369+0200] {dagbag.py:540} INFO - Filling up the DagBag from /home/leoja/airflow/airflow_venv/lib/python3.12/site-packages/airflow/example_dags/example_branch_datetime_operator.py
[2025-06-29T12:18:25.376+0200] {processor.py:840} INFO - DAG(s) 'example_branch_datetime_operator', 'example_branch_datetime_operator_3', 'example_branch_datetime_operator_2' retrieved from /home/leoja/airflow/airflow_venv/lib/python3.12/site-packages/airflow/example_dags/example_branch_datetime_operator.py
[2025-06-29T12:18:25.398+0200] {logging_mixin.py:188} INFO - [2025-06-29T12:18:25.398+0200] {dag.py:3096} INFO - Sync 3 DAGs
[2025-06-29T12:18:25.416+0200] {logging_mixin.py:188} INFO - [2025-06-29T12:18:25.416+0200] {dag.py:3954} INFO - Setting next_dagrun for example_branch_datetime_operator to 2025-06-28 00:00:00+00:00, run_after=2025-06-29 00:00:00+00:00
[2025-06-29T12:18:25.421+0200] {logging_mixin.py:188} INFO - [2025-06-29T12:18:25.421+0200] {dag.py:3954} INFO - Setting next_dagrun for example_branch_datetime_operator_2 to 2025-06-28 00:00:00+00:00, run_after=2025-06-29 00:00:00+00:00
[2025-06-29T12:18:25.422+0200] {logging_mixin.py:188} INFO - [2025-06-29T12:18:25.422+0200] {dag.py:3954} INFO - Setting next_dagrun for example_branch_datetime_operator_3 to 2025-06-28 00:00:00+00:00, run_after=2025-06-29 00:00:00+00:00
[2025-06-29T12:18:25.444+0200] {processor.py:183} INFO - Processing /home/leoja/airflow/airflow_venv/lib/python3.12/site-packages/airflow/example_dags/example_branch_datetime_operator.py took 0.081 seconds
[2025-06-29T12:19:29.995+0200] {processor.py:161} INFO - Started process (PID=66691) to work on /home/leoja/airflow/airflow_venv/lib/python3.12/site-packages/airflow/example_dags/example_branch_datetime_operator.py
[2025-06-29T12:19:29.996+0200] {processor.py:830} INFO - Processing file /home/leoja/airflow/airflow_venv/lib/python3.12/site-packages/airflow/example_dags/example_branch_datetime_operator.py for tasks to queue
[2025-06-29T12:19:29.998+0200] {logging_mixin.py:188} INFO - [2025-06-29T12:19:29.997+0200] {dagbag.py:540} INFO - Filling up the DagBag from /home/leoja/airflow/airflow_venv/lib/python3.12/site-packages/airflow/example_dags/example_branch_datetime_operator.py
[2025-06-29T12:19:30.006+0200] {processor.py:840} INFO - DAG(s) 'example_branch_datetime_operator', 'example_branch_datetime_operator_2', 'example_branch_datetime_operator_3' retrieved from /home/leoja/airflow/airflow_venv/lib/python3.12/site-packages/airflow/example_dags/example_branch_datetime_operator.py
[2025-06-29T12:19:30.021+0200] {logging_mixin.py:188} INFO - [2025-06-29T12:19:30.021+0200] {dag.py:3096} INFO - Sync 3 DAGs
[2025-06-29T12:19:30.034+0200] {logging_mixin.py:188} INFO - [2025-06-29T12:19:30.034+0200] {dag.py:3954} INFO - Setting next_dagrun for example_branch_datetime_operator to 2025-06-28 00:00:00+00:00, run_after=2025-06-29 00:00:00+00:00
[2025-06-29T12:19:30.037+0200] {logging_mixin.py:188} INFO - [2025-06-29T12:19:30.037+0200] {dag.py:3954} INFO - Setting next_dagrun for example_branch_datetime_operator_2 to 2025-06-28 00:00:00+00:00, run_after=2025-06-29 00:00:00+00:00
[2025-06-29T12:19:30.038+0200] {logging_mixin.py:188} INFO - [2025-06-29T12:19:30.038+0200] {dag.py:3954} INFO - Setting next_dagrun for example_branch_datetime_operator_3 to 2025-06-28 00:00:00+00:00, run_after=2025-06-29 00:00:00+00:00
[2025-06-29T12:19:30.054+0200] {processor.py:183} INFO - Processing /home/leoja/airflow/airflow_venv/lib/python3.12/site-packages/airflow/example_dags/example_branch_datetime_operator.py took 0.063 seconds
[2025-06-29T12:20:34.199+0200] {processor.py:161} INFO - Started process (PID=67084) to work on /home/leoja/airflow/airflow_venv/lib/python3.12/site-packages/airflow/example_dags/example_branch_datetime_operator.py
[2025-06-29T12:20:34.200+0200] {processor.py:830} INFO - Processing file /home/leoja/airflow/airflow_venv/lib/python3.12/site-packages/airflow/example_dags/example_branch_datetime_operator.py for tasks to queue
[2025-06-29T12:20:34.201+0200] {logging_mixin.py:188} INFO - [2025-06-29T12:20:34.201+0200] {dagbag.py:540} INFO - Filling up the DagBag from /home/leoja/airflow/airflow_venv/lib/python3.12/site-packages/airflow/example_dags/example_branch_datetime_operator.py
[2025-06-29T12:20:34.207+0200] {processor.py:840} INFO - DAG(s) 'example_branch_datetime_operator', 'example_branch_datetime_operator_2', 'example_branch_datetime_operator_3' retrieved from /home/leoja/airflow/airflow_venv/lib/python3.12/site-packages/airflow/example_dags/example_branch_datetime_operator.py
[2025-06-29T12:20:34.223+0200] {logging_mixin.py:188} INFO - [2025-06-29T12:20:34.223+0200] {dag.py:3096} INFO - Sync 3 DAGs
[2025-06-29T12:20:34.237+0200] {logging_mixin.py:188} INFO - [2025-06-29T12:20:34.237+0200] {dag.py:3954} INFO - Setting next_dagrun for example_branch_datetime_operator to 2025-06-28 00:00:00+00:00, run_after=2025-06-29 00:00:00+00:00
[2025-06-29T12:20:34.239+0200] {logging_mixin.py:188} INFO - [2025-06-29T12:20:34.239+0200] {dag.py:3954} INFO - Setting next_dagrun for example_branch_datetime_operator_2 to 2025-06-28 00:00:00+00:00, run_after=2025-06-29 00:00:00+00:00
[2025-06-29T12:20:34.240+0200] {logging_mixin.py:188} INFO - [2025-06-29T12:20:34.240+0200] {dag.py:3954} INFO - Setting next_dagrun for example_branch_datetime_operator_3 to 2025-06-28 00:00:00+00:00, run_after=2025-06-29 00:00:00+00:00
[2025-06-29T12:20:34.275+0200] {processor.py:183} INFO - Processing /home/leoja/airflow/airflow_venv/lib/python3.12/site-packages/airflow/example_dags/example_branch_datetime_operator.py took 0.081 seconds
[2025-06-29T12:21:42.753+0200] {processor.py:161} INFO - Started process (PID=67466) to work on /home/leoja/airflow/airflow_venv/lib/python3.12/site-packages/airflow/example_dags/example_branch_datetime_operator.py
[2025-06-29T12:21:42.755+0200] {processor.py:830} INFO - Processing file /home/leoja/airflow/airflow_venv/lib/python3.12/site-packages/airflow/example_dags/example_branch_datetime_operator.py for tasks to queue
[2025-06-29T12:21:42.757+0200] {logging_mixin.py:188} INFO - [2025-06-29T12:21:42.757+0200] {dagbag.py:540} INFO - Filling up the DagBag from /home/leoja/airflow/airflow_venv/lib/python3.12/site-packages/airflow/example_dags/example_branch_datetime_operator.py
[2025-06-29T12:21:42.772+0200] {processor.py:840} INFO - DAG(s) 'example_branch_datetime_operator_2', 'example_branch_datetime_operator', 'example_branch_datetime_operator_3' retrieved from /home/leoja/airflow/airflow_venv/lib/python3.12/site-packages/airflow/example_dags/example_branch_datetime_operator.py
[2025-06-29T12:21:42.804+0200] {logging_mixin.py:188} INFO - [2025-06-29T12:21:42.804+0200] {dag.py:3096} INFO - Sync 3 DAGs
[2025-06-29T12:21:42.837+0200] {logging_mixin.py:188} INFO - [2025-06-29T12:21:42.836+0200] {dag.py:3954} INFO - Setting next_dagrun for example_branch_datetime_operator to 2025-06-28 00:00:00+00:00, run_after=2025-06-29 00:00:00+00:00
[2025-06-29T12:21:42.842+0200] {logging_mixin.py:188} INFO - [2025-06-29T12:21:42.841+0200] {dag.py:3954} INFO - Setting next_dagrun for example_branch_datetime_operator_2 to 2025-06-28 00:00:00+00:00, run_after=2025-06-29 00:00:00+00:00
[2025-06-29T12:21:42.846+0200] {logging_mixin.py:188} INFO - [2025-06-29T12:21:42.845+0200] {dag.py:3954} INFO - Setting next_dagrun for example_branch_datetime_operator_3 to 2025-06-28 00:00:00+00:00, run_after=2025-06-29 00:00:00+00:00
[2025-06-29T12:21:42.882+0200] {processor.py:183} INFO - Processing /home/leoja/airflow/airflow_venv/lib/python3.12/site-packages/airflow/example_dags/example_branch_datetime_operator.py took 0.136 seconds
[2025-06-29T12:22:38.298+0200] {processor.py:161} INFO - Started process (PID=67802) to work on /home/leoja/airflow/airflow_venv/lib/python3.12/site-packages/airflow/example_dags/example_branch_datetime_operator.py
[2025-06-29T12:22:38.299+0200] {processor.py:830} INFO - Processing file /home/leoja/airflow/airflow_venv/lib/python3.12/site-packages/airflow/example_dags/example_branch_datetime_operator.py for tasks to queue
[2025-06-29T12:22:38.302+0200] {logging_mixin.py:188} INFO - [2025-06-29T12:22:38.301+0200] {dagbag.py:540} INFO - Filling up the DagBag from /home/leoja/airflow/airflow_venv/lib/python3.12/site-packages/airflow/example_dags/example_branch_datetime_operator.py
[2025-06-29T12:22:38.312+0200] {processor.py:840} INFO - DAG(s) 'example_branch_datetime_operator_3', 'example_branch_datetime_operator_2', 'example_branch_datetime_operator' retrieved from /home/leoja/airflow/airflow_venv/lib/python3.12/site-packages/airflow/example_dags/example_branch_datetime_operator.py
[2025-06-29T12:22:38.329+0200] {logging_mixin.py:188} INFO - [2025-06-29T12:22:38.329+0200] {dag.py:3096} INFO - Sync 3 DAGs
[2025-06-29T12:22:38.347+0200] {logging_mixin.py:188} INFO - [2025-06-29T12:22:38.347+0200] {dag.py:3954} INFO - Setting next_dagrun for example_branch_datetime_operator to 2025-06-28 00:00:00+00:00, run_after=2025-06-29 00:00:00+00:00
[2025-06-29T12:22:38.350+0200] {logging_mixin.py:188} INFO - [2025-06-29T12:22:38.350+0200] {dag.py:3954} INFO - Setting next_dagrun for example_branch_datetime_operator_2 to 2025-06-28 00:00:00+00:00, run_after=2025-06-29 00:00:00+00:00
[2025-06-29T12:22:38.351+0200] {logging_mixin.py:188} INFO - [2025-06-29T12:22:38.351+0200] {dag.py:3954} INFO - Setting next_dagrun for example_branch_datetime_operator_3 to 2025-06-28 00:00:00+00:00, run_after=2025-06-29 00:00:00+00:00
[2025-06-29T12:22:38.373+0200] {processor.py:183} INFO - Processing /home/leoja/airflow/airflow_venv/lib/python3.12/site-packages/airflow/example_dags/example_branch_datetime_operator.py took 0.081 seconds
[2025-06-29T12:23:47.757+0200] {processor.py:161} INFO - Started process (PID=68212) to work on /home/leoja/airflow/airflow_venv/lib/python3.12/site-packages/airflow/example_dags/example_branch_datetime_operator.py
[2025-06-29T12:23:47.758+0200] {processor.py:830} INFO - Processing file /home/leoja/airflow/airflow_venv/lib/python3.12/site-packages/airflow/example_dags/example_branch_datetime_operator.py for tasks to queue
[2025-06-29T12:23:47.760+0200] {logging_mixin.py:188} INFO - [2025-06-29T12:23:47.759+0200] {dagbag.py:540} INFO - Filling up the DagBag from /home/leoja/airflow/airflow_venv/lib/python3.12/site-packages/airflow/example_dags/example_branch_datetime_operator.py
[2025-06-29T12:23:47.769+0200] {processor.py:840} INFO - DAG(s) 'example_branch_datetime_operator_3', 'example_branch_datetime_operator', 'example_branch_datetime_operator_2' retrieved from /home/leoja/airflow/airflow_venv/lib/python3.12/site-packages/airflow/example_dags/example_branch_datetime_operator.py
[2025-06-29T12:23:47.791+0200] {logging_mixin.py:188} INFO - [2025-06-29T12:23:47.790+0200] {dag.py:3096} INFO - Sync 3 DAGs
[2025-06-29T12:23:47.808+0200] {logging_mixin.py:188} INFO - [2025-06-29T12:23:47.807+0200] {dag.py:3954} INFO - Setting next_dagrun for example_branch_datetime_operator to 2025-06-28 00:00:00+00:00, run_after=2025-06-29 00:00:00+00:00
[2025-06-29T12:23:47.811+0200] {logging_mixin.py:188} INFO - [2025-06-29T12:23:47.811+0200] {dag.py:3954} INFO - Setting next_dagrun for example_branch_datetime_operator_2 to 2025-06-28 00:00:00+00:00, run_after=2025-06-29 00:00:00+00:00
[2025-06-29T12:23:47.813+0200] {logging_mixin.py:188} INFO - [2025-06-29T12:23:47.813+0200] {dag.py:3954} INFO - Setting next_dagrun for example_branch_datetime_operator_3 to 2025-06-28 00:00:00+00:00, run_after=2025-06-29 00:00:00+00:00
[2025-06-29T12:23:47.836+0200] {processor.py:183} INFO - Processing /home/leoja/airflow/airflow_venv/lib/python3.12/site-packages/airflow/example_dags/example_branch_datetime_operator.py took 0.086 seconds
[2025-06-29T12:24:57.486+0200] {processor.py:161} INFO - Started process (PID=68576) to work on /home/leoja/airflow/airflow_venv/lib/python3.12/site-packages/airflow/example_dags/example_branch_datetime_operator.py
[2025-06-29T12:24:57.487+0200] {processor.py:830} INFO - Processing file /home/leoja/airflow/airflow_venv/lib/python3.12/site-packages/airflow/example_dags/example_branch_datetime_operator.py for tasks to queue
[2025-06-29T12:24:57.488+0200] {logging_mixin.py:188} INFO - [2025-06-29T12:24:57.488+0200] {dagbag.py:540} INFO - Filling up the DagBag from /home/leoja/airflow/airflow_venv/lib/python3.12/site-packages/airflow/example_dags/example_branch_datetime_operator.py
[2025-06-29T12:24:57.495+0200] {processor.py:840} INFO - DAG(s) 'example_branch_datetime_operator_2', 'example_branch_datetime_operator_3', 'example_branch_datetime_operator' retrieved from /home/leoja/airflow/airflow_venv/lib/python3.12/site-packages/airflow/example_dags/example_branch_datetime_operator.py
[2025-06-29T12:24:57.509+0200] {logging_mixin.py:188} INFO - [2025-06-29T12:24:57.509+0200] {dag.py:3096} INFO - Sync 3 DAGs
[2025-06-29T12:24:57.524+0200] {logging_mixin.py:188} INFO - [2025-06-29T12:24:57.524+0200] {dag.py:3954} INFO - Setting next_dagrun for example_branch_datetime_operator to 2025-06-28 00:00:00+00:00, run_after=2025-06-29 00:00:00+00:00
[2025-06-29T12:24:57.526+0200] {logging_mixin.py:188} INFO - [2025-06-29T12:24:57.526+0200] {dag.py:3954} INFO - Setting next_dagrun for example_branch_datetime_operator_2 to 2025-06-28 00:00:00+00:00, run_after=2025-06-29 00:00:00+00:00
[2025-06-29T12:24:57.528+0200] {logging_mixin.py:188} INFO - [2025-06-29T12:24:57.528+0200] {dag.py:3954} INFO - Setting next_dagrun for example_branch_datetime_operator_3 to 2025-06-28 00:00:00+00:00, run_after=2025-06-29 00:00:00+00:00
[2025-06-29T12:24:57.544+0200] {processor.py:183} INFO - Processing /home/leoja/airflow/airflow_venv/lib/python3.12/site-packages/airflow/example_dags/example_branch_datetime_operator.py took 0.062 seconds
[2025-06-29T12:25:57.993+0200] {processor.py:161} INFO - Started process (PID=68923) to work on /home/leoja/airflow/airflow_venv/lib/python3.12/site-packages/airflow/example_dags/example_branch_datetime_operator.py
[2025-06-29T12:25:57.994+0200] {processor.py:830} INFO - Processing file /home/leoja/airflow/airflow_venv/lib/python3.12/site-packages/airflow/example_dags/example_branch_datetime_operator.py for tasks to queue
[2025-06-29T12:25:57.995+0200] {logging_mixin.py:188} INFO - [2025-06-29T12:25:57.995+0200] {dagbag.py:540} INFO - Filling up the DagBag from /home/leoja/airflow/airflow_venv/lib/python3.12/site-packages/airflow/example_dags/example_branch_datetime_operator.py
[2025-06-29T12:25:58.002+0200] {processor.py:840} INFO - DAG(s) 'example_branch_datetime_operator_2', 'example_branch_datetime_operator', 'example_branch_datetime_operator_3' retrieved from /home/leoja/airflow/airflow_venv/lib/python3.12/site-packages/airflow/example_dags/example_branch_datetime_operator.py
[2025-06-29T12:25:58.017+0200] {logging_mixin.py:188} INFO - [2025-06-29T12:25:58.017+0200] {dag.py:3096} INFO - Sync 3 DAGs
[2025-06-29T12:25:58.032+0200] {logging_mixin.py:188} INFO - [2025-06-29T12:25:58.031+0200] {dag.py:3954} INFO - Setting next_dagrun for example_branch_datetime_operator to 2025-06-28 00:00:00+00:00, run_after=2025-06-29 00:00:00+00:00
[2025-06-29T12:25:58.034+0200] {logging_mixin.py:188} INFO - [2025-06-29T12:25:58.034+0200] {dag.py:3954} INFO - Setting next_dagrun for example_branch_datetime_operator_2 to 2025-06-28 00:00:00+00:00, run_after=2025-06-29 00:00:00+00:00
[2025-06-29T12:25:58.035+0200] {logging_mixin.py:188} INFO - [2025-06-29T12:25:58.035+0200] {dag.py:3954} INFO - Setting next_dagrun for example_branch_datetime_operator_3 to 2025-06-28 00:00:00+00:00, run_after=2025-06-29 00:00:00+00:00
[2025-06-29T12:25:58.153+0200] {processor.py:183} INFO - Processing /home/leoja/airflow/airflow_venv/lib/python3.12/site-packages/airflow/example_dags/example_branch_datetime_operator.py took 0.164 seconds
[2025-06-29T12:27:04.984+0200] {processor.py:161} INFO - Started process (PID=69337) to work on /home/leoja/airflow/airflow_venv/lib/python3.12/site-packages/airflow/example_dags/example_branch_datetime_operator.py
[2025-06-29T12:27:04.985+0200] {processor.py:830} INFO - Processing file /home/leoja/airflow/airflow_venv/lib/python3.12/site-packages/airflow/example_dags/example_branch_datetime_operator.py for tasks to queue
[2025-06-29T12:27:04.986+0200] {logging_mixin.py:188} INFO - [2025-06-29T12:27:04.986+0200] {dagbag.py:540} INFO - Filling up the DagBag from /home/leoja/airflow/airflow_venv/lib/python3.12/site-packages/airflow/example_dags/example_branch_datetime_operator.py
[2025-06-29T12:27:04.992+0200] {processor.py:840} INFO - DAG(s) 'example_branch_datetime_operator', 'example_branch_datetime_operator_3', 'example_branch_datetime_operator_2' retrieved from /home/leoja/airflow/airflow_venv/lib/python3.12/site-packages/airflow/example_dags/example_branch_datetime_operator.py
[2025-06-29T12:27:05.009+0200] {logging_mixin.py:188} INFO - [2025-06-29T12:27:05.009+0200] {dag.py:3096} INFO - Sync 3 DAGs
[2025-06-29T12:27:05.024+0200] {logging_mixin.py:188} INFO - [2025-06-29T12:27:05.024+0200] {dag.py:3954} INFO - Setting next_dagrun for example_branch_datetime_operator to 2025-06-28 00:00:00+00:00, run_after=2025-06-29 00:00:00+00:00
[2025-06-29T12:27:05.027+0200] {logging_mixin.py:188} INFO - [2025-06-29T12:27:05.026+0200] {dag.py:3954} INFO - Setting next_dagrun for example_branch_datetime_operator_2 to 2025-06-28 00:00:00+00:00, run_after=2025-06-29 00:00:00+00:00
[2025-06-29T12:27:05.028+0200] {logging_mixin.py:188} INFO - [2025-06-29T12:27:05.028+0200] {dag.py:3954} INFO - Setting next_dagrun for example_branch_datetime_operator_3 to 2025-06-28 00:00:00+00:00, run_after=2025-06-29 00:00:00+00:00
[2025-06-29T12:27:05.151+0200] {processor.py:183} INFO - Processing /home/leoja/airflow/airflow_venv/lib/python3.12/site-packages/airflow/example_dags/example_branch_datetime_operator.py took 0.175 seconds
[2025-06-29T12:28:14.368+0200] {processor.py:161} INFO - Started process (PID=69712) to work on /home/leoja/airflow/airflow_venv/lib/python3.12/site-packages/airflow/example_dags/example_branch_datetime_operator.py
[2025-06-29T12:28:14.369+0200] {processor.py:830} INFO - Processing file /home/leoja/airflow/airflow_venv/lib/python3.12/site-packages/airflow/example_dags/example_branch_datetime_operator.py for tasks to queue
[2025-06-29T12:28:14.371+0200] {logging_mixin.py:188} INFO - [2025-06-29T12:28:14.371+0200] {dagbag.py:540} INFO - Filling up the DagBag from /home/leoja/airflow/airflow_venv/lib/python3.12/site-packages/airflow/example_dags/example_branch_datetime_operator.py
[2025-06-29T12:28:14.379+0200] {processor.py:840} INFO - DAG(s) 'example_branch_datetime_operator_2', 'example_branch_datetime_operator', 'example_branch_datetime_operator_3' retrieved from /home/leoja/airflow/airflow_venv/lib/python3.12/site-packages/airflow/example_dags/example_branch_datetime_operator.py
[2025-06-29T12:28:14.393+0200] {logging_mixin.py:188} INFO - [2025-06-29T12:28:14.392+0200] {dag.py:3096} INFO - Sync 3 DAGs
[2025-06-29T12:28:14.502+0200] {logging_mixin.py:188} INFO - [2025-06-29T12:28:14.502+0200] {dag.py:3954} INFO - Setting next_dagrun for example_branch_datetime_operator to 2025-06-28 00:00:00+00:00, run_after=2025-06-29 00:00:00+00:00
[2025-06-29T12:28:14.505+0200] {logging_mixin.py:188} INFO - [2025-06-29T12:28:14.505+0200] {dag.py:3954} INFO - Setting next_dagrun for example_branch_datetime_operator_2 to 2025-06-28 00:00:00+00:00, run_after=2025-06-29 00:00:00+00:00
[2025-06-29T12:28:14.506+0200] {logging_mixin.py:188} INFO - [2025-06-29T12:28:14.506+0200] {dag.py:3954} INFO - Setting next_dagrun for example_branch_datetime_operator_3 to 2025-06-28 00:00:00+00:00, run_after=2025-06-29 00:00:00+00:00
[2025-06-29T12:28:14.521+0200] {processor.py:183} INFO - Processing /home/leoja/airflow/airflow_venv/lib/python3.12/site-packages/airflow/example_dags/example_branch_datetime_operator.py took 0.159 seconds
[2025-06-29T12:29:24.520+0200] {processor.py:161} INFO - Started process (PID=70137) to work on /home/leoja/airflow/airflow_venv/lib/python3.12/site-packages/airflow/example_dags/example_branch_datetime_operator.py
[2025-06-29T12:29:24.522+0200] {processor.py:830} INFO - Processing file /home/leoja/airflow/airflow_venv/lib/python3.12/site-packages/airflow/example_dags/example_branch_datetime_operator.py for tasks to queue
[2025-06-29T12:29:24.523+0200] {logging_mixin.py:188} INFO - [2025-06-29T12:29:24.523+0200] {dagbag.py:540} INFO - Filling up the DagBag from /home/leoja/airflow/airflow_venv/lib/python3.12/site-packages/airflow/example_dags/example_branch_datetime_operator.py
[2025-06-29T12:29:24.532+0200] {processor.py:840} INFO - DAG(s) 'example_branch_datetime_operator_2', 'example_branch_datetime_operator', 'example_branch_datetime_operator_3' retrieved from /home/leoja/airflow/airflow_venv/lib/python3.12/site-packages/airflow/example_dags/example_branch_datetime_operator.py
[2025-06-29T12:29:24.548+0200] {logging_mixin.py:188} INFO - [2025-06-29T12:29:24.548+0200] {dag.py:3096} INFO - Sync 3 DAGs
[2025-06-29T12:29:24.562+0200] {logging_mixin.py:188} INFO - [2025-06-29T12:29:24.562+0200] {dag.py:3954} INFO - Setting next_dagrun for example_branch_datetime_operator to 2025-06-28 00:00:00+00:00, run_after=2025-06-29 00:00:00+00:00
[2025-06-29T12:29:24.565+0200] {logging_mixin.py:188} INFO - [2025-06-29T12:29:24.564+0200] {dag.py:3954} INFO - Setting next_dagrun for example_branch_datetime_operator_2 to 2025-06-28 00:00:00+00:00, run_after=2025-06-29 00:00:00+00:00
[2025-06-29T12:29:24.566+0200] {logging_mixin.py:188} INFO - [2025-06-29T12:29:24.566+0200] {dag.py:3954} INFO - Setting next_dagrun for example_branch_datetime_operator_3 to 2025-06-28 00:00:00+00:00, run_after=2025-06-29 00:00:00+00:00
[2025-06-29T12:29:24.587+0200] {processor.py:183} INFO - Processing /home/leoja/airflow/airflow_venv/lib/python3.12/site-packages/airflow/example_dags/example_branch_datetime_operator.py took 0.071 seconds
[2025-06-29T12:30:32.617+0200] {processor.py:161} INFO - Started process (PID=70511) to work on /home/leoja/airflow/airflow_venv/lib/python3.12/site-packages/airflow/example_dags/example_branch_datetime_operator.py
[2025-06-29T12:30:32.618+0200] {processor.py:830} INFO - Processing file /home/leoja/airflow/airflow_venv/lib/python3.12/site-packages/airflow/example_dags/example_branch_datetime_operator.py for tasks to queue
[2025-06-29T12:30:32.620+0200] {logging_mixin.py:188} INFO - [2025-06-29T12:30:32.619+0200] {dagbag.py:540} INFO - Filling up the DagBag from /home/leoja/airflow/airflow_venv/lib/python3.12/site-packages/airflow/example_dags/example_branch_datetime_operator.py
[2025-06-29T12:30:32.629+0200] {processor.py:840} INFO - DAG(s) 'example_branch_datetime_operator', 'example_branch_datetime_operator_3', 'example_branch_datetime_operator_2' retrieved from /home/leoja/airflow/airflow_venv/lib/python3.12/site-packages/airflow/example_dags/example_branch_datetime_operator.py
[2025-06-29T12:30:32.646+0200] {logging_mixin.py:188} INFO - [2025-06-29T12:30:32.646+0200] {dag.py:3096} INFO - Sync 3 DAGs
[2025-06-29T12:30:32.661+0200] {logging_mixin.py:188} INFO - [2025-06-29T12:30:32.661+0200] {dag.py:3954} INFO - Setting next_dagrun for example_branch_datetime_operator to 2025-06-28 00:00:00+00:00, run_after=2025-06-29 00:00:00+00:00
[2025-06-29T12:30:32.664+0200] {logging_mixin.py:188} INFO - [2025-06-29T12:30:32.663+0200] {dag.py:3954} INFO - Setting next_dagrun for example_branch_datetime_operator_2 to 2025-06-28 00:00:00+00:00, run_after=2025-06-29 00:00:00+00:00
[2025-06-29T12:30:32.665+0200] {logging_mixin.py:188} INFO - [2025-06-29T12:30:32.665+0200] {dag.py:3954} INFO - Setting next_dagrun for example_branch_datetime_operator_3 to 2025-06-28 00:00:00+00:00, run_after=2025-06-29 00:00:00+00:00
[2025-06-29T12:30:32.683+0200] {processor.py:183} INFO - Processing /home/leoja/airflow/airflow_venv/lib/python3.12/site-packages/airflow/example_dags/example_branch_datetime_operator.py took 0.072 seconds
[2025-06-29T12:31:36.632+0200] {processor.py:161} INFO - Started process (PID=70900) to work on /home/leoja/airflow/airflow_venv/lib/python3.12/site-packages/airflow/example_dags/example_branch_datetime_operator.py
[2025-06-29T12:31:36.633+0200] {processor.py:830} INFO - Processing file /home/leoja/airflow/airflow_venv/lib/python3.12/site-packages/airflow/example_dags/example_branch_datetime_operator.py for tasks to queue
[2025-06-29T12:31:36.634+0200] {logging_mixin.py:188} INFO - [2025-06-29T12:31:36.634+0200] {dagbag.py:540} INFO - Filling up the DagBag from /home/leoja/airflow/airflow_venv/lib/python3.12/site-packages/airflow/example_dags/example_branch_datetime_operator.py
[2025-06-29T12:31:36.643+0200] {processor.py:840} INFO - DAG(s) 'example_branch_datetime_operator_3', 'example_branch_datetime_operator', 'example_branch_datetime_operator_2' retrieved from /home/leoja/airflow/airflow_venv/lib/python3.12/site-packages/airflow/example_dags/example_branch_datetime_operator.py
[2025-06-29T12:31:36.665+0200] {logging_mixin.py:188} INFO - [2025-06-29T12:31:36.665+0200] {dag.py:3096} INFO - Sync 3 DAGs
[2025-06-29T12:31:36.681+0200] {logging_mixin.py:188} INFO - [2025-06-29T12:31:36.680+0200] {dag.py:3954} INFO - Setting next_dagrun for example_branch_datetime_operator to 2025-06-28 00:00:00+00:00, run_after=2025-06-29 00:00:00+00:00
[2025-06-29T12:31:36.684+0200] {logging_mixin.py:188} INFO - [2025-06-29T12:31:36.683+0200] {dag.py:3954} INFO - Setting next_dagrun for example_branch_datetime_operator_2 to 2025-06-28 00:00:00+00:00, run_after=2025-06-29 00:00:00+00:00
[2025-06-29T12:31:36.685+0200] {logging_mixin.py:188} INFO - [2025-06-29T12:31:36.685+0200] {dag.py:3954} INFO - Setting next_dagrun for example_branch_datetime_operator_3 to 2025-06-28 00:00:00+00:00, run_after=2025-06-29 00:00:00+00:00
[2025-06-29T12:31:36.706+0200] {processor.py:183} INFO - Processing /home/leoja/airflow/airflow_venv/lib/python3.12/site-packages/airflow/example_dags/example_branch_datetime_operator.py took 0.079 seconds
[2025-06-29T12:37:50.663+0200] {processor.py:161} INFO - Started process (PID=71309) to work on /home/leoja/airflow/airflow_venv/lib/python3.12/site-packages/airflow/example_dags/example_branch_datetime_operator.py
[2025-06-29T12:37:50.666+0200] {processor.py:830} INFO - Processing file /home/leoja/airflow/airflow_venv/lib/python3.12/site-packages/airflow/example_dags/example_branch_datetime_operator.py for tasks to queue
[2025-06-29T12:37:50.669+0200] {logging_mixin.py:188} INFO - [2025-06-29T12:37:50.668+0200] {dagbag.py:540} INFO - Filling up the DagBag from /home/leoja/airflow/airflow_venv/lib/python3.12/site-packages/airflow/example_dags/example_branch_datetime_operator.py
[2025-06-29T12:37:50.681+0200] {processor.py:840} INFO - DAG(s) 'example_branch_datetime_operator', 'example_branch_datetime_operator_2', 'example_branch_datetime_operator_3' retrieved from /home/leoja/airflow/airflow_venv/lib/python3.12/site-packages/airflow/example_dags/example_branch_datetime_operator.py
[2025-06-29T12:37:50.701+0200] {logging_mixin.py:188} INFO - [2025-06-29T12:37:50.701+0200] {dag.py:3096} INFO - Sync 3 DAGs
[2025-06-29T12:37:50.717+0200] {logging_mixin.py:188} INFO - [2025-06-29T12:37:50.717+0200] {dag.py:3954} INFO - Setting next_dagrun for example_branch_datetime_operator to 2025-06-28 00:00:00+00:00, run_after=2025-06-29 00:00:00+00:00
[2025-06-29T12:37:50.720+0200] {logging_mixin.py:188} INFO - [2025-06-29T12:37:50.720+0200] {dag.py:3954} INFO - Setting next_dagrun for example_branch_datetime_operator_2 to 2025-06-28 00:00:00+00:00, run_after=2025-06-29 00:00:00+00:00
[2025-06-29T12:37:50.721+0200] {logging_mixin.py:188} INFO - [2025-06-29T12:37:50.721+0200] {dag.py:3954} INFO - Setting next_dagrun for example_branch_datetime_operator_3 to 2025-06-28 00:00:00+00:00, run_after=2025-06-29 00:00:00+00:00
[2025-06-29T12:37:50.744+0200] {processor.py:183} INFO - Processing /home/leoja/airflow/airflow_venv/lib/python3.12/site-packages/airflow/example_dags/example_branch_datetime_operator.py took 0.092 seconds
[2025-06-29T12:38:59.471+0200] {processor.py:161} INFO - Started process (PID=71670) to work on /home/leoja/airflow/airflow_venv/lib/python3.12/site-packages/airflow/example_dags/example_branch_datetime_operator.py
[2025-06-29T12:38:59.473+0200] {processor.py:830} INFO - Processing file /home/leoja/airflow/airflow_venv/lib/python3.12/site-packages/airflow/example_dags/example_branch_datetime_operator.py for tasks to queue
[2025-06-29T12:38:59.474+0200] {logging_mixin.py:188} INFO - [2025-06-29T12:38:59.474+0200] {dagbag.py:540} INFO - Filling up the DagBag from /home/leoja/airflow/airflow_venv/lib/python3.12/site-packages/airflow/example_dags/example_branch_datetime_operator.py
[2025-06-29T12:38:59.480+0200] {processor.py:840} INFO - DAG(s) 'example_branch_datetime_operator_2', 'example_branch_datetime_operator_3', 'example_branch_datetime_operator' retrieved from /home/leoja/airflow/airflow_venv/lib/python3.12/site-packages/airflow/example_dags/example_branch_datetime_operator.py
[2025-06-29T12:38:59.498+0200] {logging_mixin.py:188} INFO - [2025-06-29T12:38:59.498+0200] {dag.py:3096} INFO - Sync 3 DAGs
[2025-06-29T12:38:59.511+0200] {logging_mixin.py:188} INFO - [2025-06-29T12:38:59.511+0200] {dag.py:3954} INFO - Setting next_dagrun for example_branch_datetime_operator to 2025-06-28 00:00:00+00:00, run_after=2025-06-29 00:00:00+00:00
[2025-06-29T12:38:59.514+0200] {logging_mixin.py:188} INFO - [2025-06-29T12:38:59.514+0200] {dag.py:3954} INFO - Setting next_dagrun for example_branch_datetime_operator_2 to 2025-06-28 00:00:00+00:00, run_after=2025-06-29 00:00:00+00:00
[2025-06-29T12:38:59.515+0200] {logging_mixin.py:188} INFO - [2025-06-29T12:38:59.515+0200] {dag.py:3954} INFO - Setting next_dagrun for example_branch_datetime_operator_3 to 2025-06-28 00:00:00+00:00, run_after=2025-06-29 00:00:00+00:00
[2025-06-29T12:38:59.535+0200] {processor.py:183} INFO - Processing /home/leoja/airflow/airflow_venv/lib/python3.12/site-packages/airflow/example_dags/example_branch_datetime_operator.py took 0.068 seconds
[2025-06-29T12:40:03.575+0200] {processor.py:161} INFO - Started process (PID=72081) to work on /home/leoja/airflow/airflow_venv/lib/python3.12/site-packages/airflow/example_dags/example_branch_datetime_operator.py
[2025-06-29T12:40:03.576+0200] {processor.py:830} INFO - Processing file /home/leoja/airflow/airflow_venv/lib/python3.12/site-packages/airflow/example_dags/example_branch_datetime_operator.py for tasks to queue
[2025-06-29T12:40:03.577+0200] {logging_mixin.py:188} INFO - [2025-06-29T12:40:03.577+0200] {dagbag.py:540} INFO - Filling up the DagBag from /home/leoja/airflow/airflow_venv/lib/python3.12/site-packages/airflow/example_dags/example_branch_datetime_operator.py
[2025-06-29T12:40:03.584+0200] {processor.py:840} INFO - DAG(s) 'example_branch_datetime_operator', 'example_branch_datetime_operator_3', 'example_branch_datetime_operator_2' retrieved from /home/leoja/airflow/airflow_venv/lib/python3.12/site-packages/airflow/example_dags/example_branch_datetime_operator.py
[2025-06-29T12:40:03.599+0200] {logging_mixin.py:188} INFO - [2025-06-29T12:40:03.599+0200] {dag.py:3096} INFO - Sync 3 DAGs
[2025-06-29T12:40:03.621+0200] {logging_mixin.py:188} INFO - [2025-06-29T12:40:03.621+0200] {dag.py:3954} INFO - Setting next_dagrun for example_branch_datetime_operator to 2025-06-28 00:00:00+00:00, run_after=2025-06-29 00:00:00+00:00
[2025-06-29T12:40:03.624+0200] {logging_mixin.py:188} INFO - [2025-06-29T12:40:03.624+0200] {dag.py:3954} INFO - Setting next_dagrun for example_branch_datetime_operator_2 to 2025-06-28 00:00:00+00:00, run_after=2025-06-29 00:00:00+00:00
[2025-06-29T12:40:03.626+0200] {logging_mixin.py:188} INFO - [2025-06-29T12:40:03.625+0200] {dag.py:3954} INFO - Setting next_dagrun for example_branch_datetime_operator_3 to 2025-06-28 00:00:00+00:00, run_after=2025-06-29 00:00:00+00:00
[2025-06-29T12:40:03.648+0200] {processor.py:183} INFO - Processing /home/leoja/airflow/airflow_venv/lib/python3.12/site-packages/airflow/example_dags/example_branch_datetime_operator.py took 0.078 seconds
[2025-06-29T12:41:11.618+0200] {processor.py:161} INFO - Started process (PID=72463) to work on /home/leoja/airflow/airflow_venv/lib/python3.12/site-packages/airflow/example_dags/example_branch_datetime_operator.py
[2025-06-29T12:41:11.620+0200] {processor.py:830} INFO - Processing file /home/leoja/airflow/airflow_venv/lib/python3.12/site-packages/airflow/example_dags/example_branch_datetime_operator.py for tasks to queue
[2025-06-29T12:41:11.621+0200] {logging_mixin.py:188} INFO - [2025-06-29T12:41:11.621+0200] {dagbag.py:540} INFO - Filling up the DagBag from /home/leoja/airflow/airflow_venv/lib/python3.12/site-packages/airflow/example_dags/example_branch_datetime_operator.py
[2025-06-29T12:41:11.628+0200] {processor.py:840} INFO - DAG(s) 'example_branch_datetime_operator_2', 'example_branch_datetime_operator', 'example_branch_datetime_operator_3' retrieved from /home/leoja/airflow/airflow_venv/lib/python3.12/site-packages/airflow/example_dags/example_branch_datetime_operator.py
[2025-06-29T12:41:11.642+0200] {logging_mixin.py:188} INFO - [2025-06-29T12:41:11.642+0200] {dag.py:3096} INFO - Sync 3 DAGs
[2025-06-29T12:41:11.656+0200] {logging_mixin.py:188} INFO - [2025-06-29T12:41:11.655+0200] {dag.py:3954} INFO - Setting next_dagrun for example_branch_datetime_operator to 2025-06-28 00:00:00+00:00, run_after=2025-06-29 00:00:00+00:00
[2025-06-29T12:41:11.658+0200] {logging_mixin.py:188} INFO - [2025-06-29T12:41:11.658+0200] {dag.py:3954} INFO - Setting next_dagrun for example_branch_datetime_operator_2 to 2025-06-28 00:00:00+00:00, run_after=2025-06-29 00:00:00+00:00
[2025-06-29T12:41:11.659+0200] {logging_mixin.py:188} INFO - [2025-06-29T12:41:11.659+0200] {dag.py:3954} INFO - Setting next_dagrun for example_branch_datetime_operator_3 to 2025-06-28 00:00:00+00:00, run_after=2025-06-29 00:00:00+00:00
[2025-06-29T12:41:11.675+0200] {processor.py:183} INFO - Processing /home/leoja/airflow/airflow_venv/lib/python3.12/site-packages/airflow/example_dags/example_branch_datetime_operator.py took 0.061 seconds
[2025-06-29T12:42:16.884+0200] {processor.py:161} INFO - Started process (PID=72812) to work on /home/leoja/airflow/airflow_venv/lib/python3.12/site-packages/airflow/example_dags/example_branch_datetime_operator.py
[2025-06-29T12:42:16.886+0200] {processor.py:830} INFO - Processing file /home/leoja/airflow/airflow_venv/lib/python3.12/site-packages/airflow/example_dags/example_branch_datetime_operator.py for tasks to queue
[2025-06-29T12:42:16.887+0200] {logging_mixin.py:188} INFO - [2025-06-29T12:42:16.887+0200] {dagbag.py:540} INFO - Filling up the DagBag from /home/leoja/airflow/airflow_venv/lib/python3.12/site-packages/airflow/example_dags/example_branch_datetime_operator.py
[2025-06-29T12:42:16.894+0200] {processor.py:840} INFO - DAG(s) 'example_branch_datetime_operator', 'example_branch_datetime_operator_2', 'example_branch_datetime_operator_3' retrieved from /home/leoja/airflow/airflow_venv/lib/python3.12/site-packages/airflow/example_dags/example_branch_datetime_operator.py
[2025-06-29T12:42:16.908+0200] {logging_mixin.py:188} INFO - [2025-06-29T12:42:16.908+0200] {dag.py:3096} INFO - Sync 3 DAGs
[2025-06-29T12:42:16.921+0200] {logging_mixin.py:188} INFO - [2025-06-29T12:42:16.921+0200] {dag.py:3954} INFO - Setting next_dagrun for example_branch_datetime_operator to 2025-06-28 00:00:00+00:00, run_after=2025-06-29 00:00:00+00:00
[2025-06-29T12:42:16.924+0200] {logging_mixin.py:188} INFO - [2025-06-29T12:42:16.924+0200] {dag.py:3954} INFO - Setting next_dagrun for example_branch_datetime_operator_2 to 2025-06-28 00:00:00+00:00, run_after=2025-06-29 00:00:00+00:00
[2025-06-29T12:42:16.925+0200] {logging_mixin.py:188} INFO - [2025-06-29T12:42:16.925+0200] {dag.py:3954} INFO - Setting next_dagrun for example_branch_datetime_operator_3 to 2025-06-28 00:00:00+00:00, run_after=2025-06-29 00:00:00+00:00
[2025-06-29T12:42:16.941+0200] {processor.py:183} INFO - Processing /home/leoja/airflow/airflow_venv/lib/python3.12/site-packages/airflow/example_dags/example_branch_datetime_operator.py took 0.061 seconds
[2025-06-29T12:43:21.243+0200] {processor.py:161} INFO - Started process (PID=73205) to work on /home/leoja/airflow/airflow_venv/lib/python3.12/site-packages/airflow/example_dags/example_branch_datetime_operator.py
[2025-06-29T12:43:21.246+0200] {processor.py:830} INFO - Processing file /home/leoja/airflow/airflow_venv/lib/python3.12/site-packages/airflow/example_dags/example_branch_datetime_operator.py for tasks to queue
[2025-06-29T12:43:21.247+0200] {logging_mixin.py:188} INFO - [2025-06-29T12:43:21.247+0200] {dagbag.py:540} INFO - Filling up the DagBag from /home/leoja/airflow/airflow_venv/lib/python3.12/site-packages/airflow/example_dags/example_branch_datetime_operator.py
[2025-06-29T12:43:21.254+0200] {processor.py:840} INFO - DAG(s) 'example_branch_datetime_operator_2', 'example_branch_datetime_operator_3', 'example_branch_datetime_operator' retrieved from /home/leoja/airflow/airflow_venv/lib/python3.12/site-packages/airflow/example_dags/example_branch_datetime_operator.py
[2025-06-29T12:43:21.272+0200] {logging_mixin.py:188} INFO - [2025-06-29T12:43:21.272+0200] {dag.py:3096} INFO - Sync 3 DAGs
[2025-06-29T12:43:21.292+0200] {logging_mixin.py:188} INFO - [2025-06-29T12:43:21.292+0200] {dag.py:3954} INFO - Setting next_dagrun for example_branch_datetime_operator to 2025-06-28 00:00:00+00:00, run_after=2025-06-29 00:00:00+00:00
[2025-06-29T12:43:21.296+0200] {logging_mixin.py:188} INFO - [2025-06-29T12:43:21.295+0200] {dag.py:3954} INFO - Setting next_dagrun for example_branch_datetime_operator_2 to 2025-06-28 00:00:00+00:00, run_after=2025-06-29 00:00:00+00:00
[2025-06-29T12:43:21.297+0200] {logging_mixin.py:188} INFO - [2025-06-29T12:43:21.297+0200] {dag.py:3954} INFO - Setting next_dagrun for example_branch_datetime_operator_3 to 2025-06-28 00:00:00+00:00, run_after=2025-06-29 00:00:00+00:00
[2025-06-29T12:43:21.317+0200] {processor.py:183} INFO - Processing /home/leoja/airflow/airflow_venv/lib/python3.12/site-packages/airflow/example_dags/example_branch_datetime_operator.py took 0.078 seconds
[2025-06-29T12:44:25.236+0200] {processor.py:161} INFO - Started process (PID=73599) to work on /home/leoja/airflow/airflow_venv/lib/python3.12/site-packages/airflow/example_dags/example_branch_datetime_operator.py
[2025-06-29T12:44:25.237+0200] {processor.py:830} INFO - Processing file /home/leoja/airflow/airflow_venv/lib/python3.12/site-packages/airflow/example_dags/example_branch_datetime_operator.py for tasks to queue
[2025-06-29T12:44:25.238+0200] {logging_mixin.py:188} INFO - [2025-06-29T12:44:25.238+0200] {dagbag.py:540} INFO - Filling up the DagBag from /home/leoja/airflow/airflow_venv/lib/python3.12/site-packages/airflow/example_dags/example_branch_datetime_operator.py
[2025-06-29T12:44:25.244+0200] {processor.py:840} INFO - DAG(s) 'example_branch_datetime_operator_2', 'example_branch_datetime_operator_3', 'example_branch_datetime_operator' retrieved from /home/leoja/airflow/airflow_venv/lib/python3.12/site-packages/airflow/example_dags/example_branch_datetime_operator.py
[2025-06-29T12:44:25.258+0200] {logging_mixin.py:188} INFO - [2025-06-29T12:44:25.258+0200] {dag.py:3096} INFO - Sync 3 DAGs
[2025-06-29T12:44:25.272+0200] {logging_mixin.py:188} INFO - [2025-06-29T12:44:25.272+0200] {dag.py:3954} INFO - Setting next_dagrun for example_branch_datetime_operator to 2025-06-28 00:00:00+00:00, run_after=2025-06-29 00:00:00+00:00
[2025-06-29T12:44:25.275+0200] {logging_mixin.py:188} INFO - [2025-06-29T12:44:25.275+0200] {dag.py:3954} INFO - Setting next_dagrun for example_branch_datetime_operator_2 to 2025-06-28 00:00:00+00:00, run_after=2025-06-29 00:00:00+00:00
[2025-06-29T12:44:25.276+0200] {logging_mixin.py:188} INFO - [2025-06-29T12:44:25.276+0200] {dag.py:3954} INFO - Setting next_dagrun for example_branch_datetime_operator_3 to 2025-06-28 00:00:00+00:00, run_after=2025-06-29 00:00:00+00:00
[2025-06-29T12:44:25.292+0200] {processor.py:183} INFO - Processing /home/leoja/airflow/airflow_venv/lib/python3.12/site-packages/airflow/example_dags/example_branch_datetime_operator.py took 0.061 seconds
[2025-06-29T12:45:37.542+0200] {processor.py:161} INFO - Started process (PID=74015) to work on /home/leoja/airflow/airflow_venv/lib/python3.12/site-packages/airflow/example_dags/example_branch_datetime_operator.py
[2025-06-29T12:45:37.543+0200] {processor.py:830} INFO - Processing file /home/leoja/airflow/airflow_venv/lib/python3.12/site-packages/airflow/example_dags/example_branch_datetime_operator.py for tasks to queue
[2025-06-29T12:45:37.545+0200] {logging_mixin.py:188} INFO - [2025-06-29T12:45:37.544+0200] {dagbag.py:540} INFO - Filling up the DagBag from /home/leoja/airflow/airflow_venv/lib/python3.12/site-packages/airflow/example_dags/example_branch_datetime_operator.py
[2025-06-29T12:45:37.552+0200] {processor.py:840} INFO - DAG(s) 'example_branch_datetime_operator_3', 'example_branch_datetime_operator_2', 'example_branch_datetime_operator' retrieved from /home/leoja/airflow/airflow_venv/lib/python3.12/site-packages/airflow/example_dags/example_branch_datetime_operator.py
[2025-06-29T12:45:37.569+0200] {logging_mixin.py:188} INFO - [2025-06-29T12:45:37.569+0200] {dag.py:3096} INFO - Sync 3 DAGs
[2025-06-29T12:45:37.583+0200] {logging_mixin.py:188} INFO - [2025-06-29T12:45:37.583+0200] {dag.py:3954} INFO - Setting next_dagrun for example_branch_datetime_operator to 2025-06-28 00:00:00+00:00, run_after=2025-06-29 00:00:00+00:00
[2025-06-29T12:45:37.586+0200] {logging_mixin.py:188} INFO - [2025-06-29T12:45:37.586+0200] {dag.py:3954} INFO - Setting next_dagrun for example_branch_datetime_operator_2 to 2025-06-28 00:00:00+00:00, run_after=2025-06-29 00:00:00+00:00
[2025-06-29T12:45:37.587+0200] {logging_mixin.py:188} INFO - [2025-06-29T12:45:37.587+0200] {dag.py:3954} INFO - Setting next_dagrun for example_branch_datetime_operator_3 to 2025-06-28 00:00:00+00:00, run_after=2025-06-29 00:00:00+00:00
[2025-06-29T12:45:37.602+0200] {processor.py:183} INFO - Processing /home/leoja/airflow/airflow_venv/lib/python3.12/site-packages/airflow/example_dags/example_branch_datetime_operator.py took 0.066 seconds
[2025-06-29T12:46:31.840+0200] {processor.py:161} INFO - Started process (PID=74294) to work on /home/leoja/airflow/airflow_venv/lib/python3.12/site-packages/airflow/example_dags/example_branch_datetime_operator.py
[2025-06-29T12:46:31.842+0200] {processor.py:830} INFO - Processing file /home/leoja/airflow/airflow_venv/lib/python3.12/site-packages/airflow/example_dags/example_branch_datetime_operator.py for tasks to queue
[2025-06-29T12:46:31.843+0200] {logging_mixin.py:188} INFO - [2025-06-29T12:46:31.842+0200] {dagbag.py:540} INFO - Filling up the DagBag from /home/leoja/airflow/airflow_venv/lib/python3.12/site-packages/airflow/example_dags/example_branch_datetime_operator.py
[2025-06-29T12:46:31.849+0200] {processor.py:840} INFO - DAG(s) 'example_branch_datetime_operator', 'example_branch_datetime_operator_3', 'example_branch_datetime_operator_2' retrieved from /home/leoja/airflow/airflow_venv/lib/python3.12/site-packages/airflow/example_dags/example_branch_datetime_operator.py
[2025-06-29T12:46:31.865+0200] {logging_mixin.py:188} INFO - [2025-06-29T12:46:31.864+0200] {dag.py:3096} INFO - Sync 3 DAGs
[2025-06-29T12:46:31.879+0200] {logging_mixin.py:188} INFO - [2025-06-29T12:46:31.878+0200] {dag.py:3954} INFO - Setting next_dagrun for example_branch_datetime_operator to 2025-06-28 00:00:00+00:00, run_after=2025-06-29 00:00:00+00:00
[2025-06-29T12:46:31.881+0200] {logging_mixin.py:188} INFO - [2025-06-29T12:46:31.881+0200] {dag.py:3954} INFO - Setting next_dagrun for example_branch_datetime_operator_2 to 2025-06-28 00:00:00+00:00, run_after=2025-06-29 00:00:00+00:00
[2025-06-29T12:46:31.882+0200] {logging_mixin.py:188} INFO - [2025-06-29T12:46:31.882+0200] {dag.py:3954} INFO - Setting next_dagrun for example_branch_datetime_operator_3 to 2025-06-28 00:00:00+00:00, run_after=2025-06-29 00:00:00+00:00
[2025-06-29T12:46:31.900+0200] {processor.py:183} INFO - Processing /home/leoja/airflow/airflow_venv/lib/python3.12/site-packages/airflow/example_dags/example_branch_datetime_operator.py took 0.064 seconds
