[2025-06-29T12:13:25.944+0200] {processor.py:161} INFO - Started process (PID=64560) to work on /home/leoja/airflow/airflow_venv/lib/python3.12/site-packages/airflow/example_dags/example_display_name.py
[2025-06-29T12:13:25.944+0200] {processor.py:830} INFO - Processing file /home/leoja/airflow/airflow_venv/lib/python3.12/site-packages/airflow/example_dags/example_display_name.py for tasks to queue
[2025-06-29T12:13:25.946+0200] {logging_mixin.py:188} INFO - [2025-06-29T12:13:25.945+0200] {dagbag.py:540} INFO - Filling up the DagBag from /home/leoja/airflow/airflow_venv/lib/python3.12/site-packages/airflow/example_dags/example_display_name.py
[2025-06-29T12:13:25.953+0200] {processor.py:840} INFO - DAG(s) 'example_display_name' retrieved from /home/leoja/airflow/airflow_venv/lib/python3.12/site-packages/airflow/example_dags/example_display_name.py
[2025-06-29T12:13:25.959+0200] {logging_mixin.py:188} INFO - [2025-06-29T12:13:25.959+0200] {dag.py:3096} INFO - Sync 1 DAGs
[2025-06-29T12:13:25.969+0200] {logging_mixin.py:188} INFO - [2025-06-29T12:13:25.969+0200] {dag.py:3954} INFO - Setting next_dagrun for example_display_name to None, run_after=None
[2025-06-29T12:13:25.988+0200] {processor.py:183} INFO - Processing /home/leoja/airflow/airflow_venv/lib/python3.12/site-packages/airflow/example_dags/example_display_name.py took 0.049 seconds
[2025-06-29T12:14:23.623+0200] {processor.py:161} INFO - Started process (PID=64933) to work on /home/leoja/airflow/airflow_venv/lib/python3.12/site-packages/airflow/example_dags/example_display_name.py
[2025-06-29T12:14:23.625+0200] {processor.py:830} INFO - Processing file /home/leoja/airflow/airflow_venv/lib/python3.12/site-packages/airflow/example_dags/example_display_name.py for tasks to queue
[2025-06-29T12:14:23.627+0200] {logging_mixin.py:188} INFO - [2025-06-29T12:14:23.626+0200] {dagbag.py:540} INFO - Filling up the DagBag from /home/leoja/airflow/airflow_venv/lib/python3.12/site-packages/airflow/example_dags/example_display_name.py
[2025-06-29T12:14:23.637+0200] {processor.py:840} INFO - DAG(s) 'example_display_name' retrieved from /home/leoja/airflow/airflow_venv/lib/python3.12/site-packages/airflow/example_dags/example_display_name.py
[2025-06-29T12:14:23.708+0200] {logging_mixin.py:188} INFO - [2025-06-29T12:14:23.708+0200] {dag.py:3096} INFO - Sync 1 DAGs
[2025-06-29T12:14:23.715+0200] {logging_mixin.py:188} INFO - [2025-06-29T12:14:23.715+0200] {dag.py:3954} INFO - Setting next_dagrun for example_display_name to None, run_after=None
[2025-06-29T12:14:23.740+0200] {processor.py:183} INFO - Processing /home/leoja/airflow/airflow_venv/lib/python3.12/site-packages/airflow/example_dags/example_display_name.py took 0.122 seconds
[2025-06-29T12:15:19.223+0200] {processor.py:161} INFO - Started process (PID=65271) to work on /home/leoja/airflow/airflow_venv/lib/python3.12/site-packages/airflow/example_dags/example_display_name.py
[2025-06-29T12:15:19.225+0200] {processor.py:830} INFO - Processing file /home/leoja/airflow/airflow_venv/lib/python3.12/site-packages/airflow/example_dags/example_display_name.py for tasks to queue
[2025-06-29T12:15:19.226+0200] {logging_mixin.py:188} INFO - [2025-06-29T12:15:19.226+0200] {dagbag.py:540} INFO - Filling up the DagBag from /home/leoja/airflow/airflow_venv/lib/python3.12/site-packages/airflow/example_dags/example_display_name.py
[2025-06-29T12:15:19.231+0200] {processor.py:840} INFO - DAG(s) 'example_display_name' retrieved from /home/leoja/airflow/airflow_venv/lib/python3.12/site-packages/airflow/example_dags/example_display_name.py
[2025-06-29T12:15:19.244+0200] {logging_mixin.py:188} INFO - [2025-06-29T12:15:19.243+0200] {dag.py:3096} INFO - Sync 1 DAGs
[2025-06-29T12:15:19.260+0200] {logging_mixin.py:188} INFO - [2025-06-29T12:15:19.260+0200] {dag.py:3954} INFO - Setting next_dagrun for example_display_name to None, run_after=None
[2025-06-29T12:15:19.289+0200] {processor.py:183} INFO - Processing /home/leoja/airflow/airflow_venv/lib/python3.12/site-packages/airflow/example_dags/example_display_name.py took 0.073 seconds
[2025-06-29T12:16:10.305+0200] {processor.py:161} INFO - Started process (PID=65552) to work on /home/leoja/airflow/airflow_venv/lib/python3.12/site-packages/airflow/example_dags/example_display_name.py
[2025-06-29T12:16:10.307+0200] {processor.py:830} INFO - Processing file /home/leoja/airflow/airflow_venv/lib/python3.12/site-packages/airflow/example_dags/example_display_name.py for tasks to queue
[2025-06-29T12:16:10.309+0200] {logging_mixin.py:188} INFO - [2025-06-29T12:16:10.309+0200] {dagbag.py:540} INFO - Filling up the DagBag from /home/leoja/airflow/airflow_venv/lib/python3.12/site-packages/airflow/example_dags/example_display_name.py
[2025-06-29T12:16:10.317+0200] {processor.py:840} INFO - DAG(s) 'example_display_name' retrieved from /home/leoja/airflow/airflow_venv/lib/python3.12/site-packages/airflow/example_dags/example_display_name.py
[2025-06-29T12:16:10.329+0200] {logging_mixin.py:188} INFO - [2025-06-29T12:16:10.329+0200] {dag.py:3096} INFO - Sync 1 DAGs
[2025-06-29T12:16:10.338+0200] {logging_mixin.py:188} INFO - [2025-06-29T12:16:10.338+0200] {dag.py:3954} INFO - Setting next_dagrun for example_display_name to None, run_after=None
[2025-06-29T12:16:10.366+0200] {processor.py:183} INFO - Processing /home/leoja/airflow/airflow_venv/lib/python3.12/site-packages/airflow/example_dags/example_display_name.py took 0.065 seconds
[2025-06-29T12:16:49.113+0200] {processor.py:161} INFO - Started process (PID=65786) to work on /home/leoja/airflow/airflow_venv/lib/python3.12/site-packages/airflow/example_dags/example_display_name.py
[2025-06-29T12:16:49.115+0200] {processor.py:830} INFO - Processing file /home/leoja/airflow/airflow_venv/lib/python3.12/site-packages/airflow/example_dags/example_display_name.py for tasks to queue
[2025-06-29T12:16:49.117+0200] {logging_mixin.py:188} INFO - [2025-06-29T12:16:49.116+0200] {dagbag.py:540} INFO - Filling up the DagBag from /home/leoja/airflow/airflow_venv/lib/python3.12/site-packages/airflow/example_dags/example_display_name.py
[2025-06-29T12:16:49.122+0200] {processor.py:840} INFO - DAG(s) 'example_display_name' retrieved from /home/leoja/airflow/airflow_venv/lib/python3.12/site-packages/airflow/example_dags/example_display_name.py
[2025-06-29T12:16:49.135+0200] {logging_mixin.py:188} INFO - [2025-06-29T12:16:49.135+0200] {dag.py:3096} INFO - Sync 1 DAGs
[2025-06-29T12:16:49.146+0200] {logging_mixin.py:188} INFO - [2025-06-29T12:16:49.146+0200] {dag.py:3954} INFO - Setting next_dagrun for example_display_name to None, run_after=None
[2025-06-29T12:16:49.171+0200] {processor.py:183} INFO - Processing /home/leoja/airflow/airflow_venv/lib/python3.12/site-packages/airflow/example_dags/example_display_name.py took 0.064 seconds
[2025-06-29T12:17:41.431+0200] {processor.py:161} INFO - Started process (PID=66068) to work on /home/leoja/airflow/airflow_venv/lib/python3.12/site-packages/airflow/example_dags/example_display_name.py
[2025-06-29T12:17:41.432+0200] {processor.py:830} INFO - Processing file /home/leoja/airflow/airflow_venv/lib/python3.12/site-packages/airflow/example_dags/example_display_name.py for tasks to queue
[2025-06-29T12:17:41.434+0200] {logging_mixin.py:188} INFO - [2025-06-29T12:17:41.433+0200] {dagbag.py:540} INFO - Filling up the DagBag from /home/leoja/airflow/airflow_venv/lib/python3.12/site-packages/airflow/example_dags/example_display_name.py
[2025-06-29T12:17:41.438+0200] {processor.py:840} INFO - DAG(s) 'example_display_name' retrieved from /home/leoja/airflow/airflow_venv/lib/python3.12/site-packages/airflow/example_dags/example_display_name.py
[2025-06-29T12:17:41.451+0200] {logging_mixin.py:188} INFO - [2025-06-29T12:17:41.451+0200] {dag.py:3096} INFO - Sync 1 DAGs
[2025-06-29T12:17:41.463+0200] {logging_mixin.py:188} INFO - [2025-06-29T12:17:41.463+0200] {dag.py:3954} INFO - Setting next_dagrun for example_display_name to None, run_after=None
[2025-06-29T12:17:41.485+0200] {processor.py:183} INFO - Processing /home/leoja/airflow/airflow_venv/lib/python3.12/site-packages/airflow/example_dags/example_display_name.py took 0.059 seconds
[2025-06-29T12:18:29.202+0200] {processor.py:161} INFO - Started process (PID=66349) to work on /home/leoja/airflow/airflow_venv/lib/python3.12/site-packages/airflow/example_dags/example_display_name.py
[2025-06-29T12:18:29.204+0200] {processor.py:830} INFO - Processing file /home/leoja/airflow/airflow_venv/lib/python3.12/site-packages/airflow/example_dags/example_display_name.py for tasks to queue
[2025-06-29T12:18:29.208+0200] {logging_mixin.py:188} INFO - [2025-06-29T12:18:29.207+0200] {dagbag.py:540} INFO - Filling up the DagBag from /home/leoja/airflow/airflow_venv/lib/python3.12/site-packages/airflow/example_dags/example_display_name.py
[2025-06-29T12:18:29.216+0200] {processor.py:840} INFO - DAG(s) 'example_display_name' retrieved from /home/leoja/airflow/airflow_venv/lib/python3.12/site-packages/airflow/example_dags/example_display_name.py
[2025-06-29T12:18:29.238+0200] {logging_mixin.py:188} INFO - [2025-06-29T12:18:29.237+0200] {dag.py:3096} INFO - Sync 1 DAGs
[2025-06-29T12:18:29.252+0200] {logging_mixin.py:188} INFO - [2025-06-29T12:18:29.252+0200] {dag.py:3954} INFO - Setting next_dagrun for example_display_name to None, run_after=None
[2025-06-29T12:18:29.278+0200] {processor.py:183} INFO - Processing /home/leoja/airflow/airflow_venv/lib/python3.12/site-packages/airflow/example_dags/example_display_name.py took 0.084 seconds
[2025-06-29T12:19:13.961+0200] {processor.py:161} INFO - Started process (PID=66595) to work on /home/leoja/airflow/airflow_venv/lib/python3.12/site-packages/airflow/example_dags/example_display_name.py
[2025-06-29T12:19:13.962+0200] {processor.py:830} INFO - Processing file /home/leoja/airflow/airflow_venv/lib/python3.12/site-packages/airflow/example_dags/example_display_name.py for tasks to queue
[2025-06-29T12:19:13.963+0200] {logging_mixin.py:188} INFO - [2025-06-29T12:19:13.963+0200] {dagbag.py:540} INFO - Filling up the DagBag from /home/leoja/airflow/airflow_venv/lib/python3.12/site-packages/airflow/example_dags/example_display_name.py
[2025-06-29T12:19:13.968+0200] {processor.py:840} INFO - DAG(s) 'example_display_name' retrieved from /home/leoja/airflow/airflow_venv/lib/python3.12/site-packages/airflow/example_dags/example_display_name.py
[2025-06-29T12:19:13.978+0200] {logging_mixin.py:188} INFO - [2025-06-29T12:19:13.978+0200] {dag.py:3096} INFO - Sync 1 DAGs
[2025-06-29T12:19:13.985+0200] {logging_mixin.py:188} INFO - [2025-06-29T12:19:13.985+0200] {dag.py:3954} INFO - Setting next_dagrun for example_display_name to None, run_after=None
[2025-06-29T12:19:14.006+0200] {processor.py:183} INFO - Processing /home/leoja/airflow/airflow_venv/lib/python3.12/site-packages/airflow/example_dags/example_display_name.py took 0.050 seconds
[2025-06-29T12:20:06.906+0200] {processor.py:161} INFO - Started process (PID=66937) to work on /home/leoja/airflow/airflow_venv/lib/python3.12/site-packages/airflow/example_dags/example_display_name.py
[2025-06-29T12:20:06.910+0200] {processor.py:830} INFO - Processing file /home/leoja/airflow/airflow_venv/lib/python3.12/site-packages/airflow/example_dags/example_display_name.py for tasks to queue
[2025-06-29T12:20:06.911+0200] {logging_mixin.py:188} INFO - [2025-06-29T12:20:06.911+0200] {dagbag.py:540} INFO - Filling up the DagBag from /home/leoja/airflow/airflow_venv/lib/python3.12/site-packages/airflow/example_dags/example_display_name.py
[2025-06-29T12:20:06.918+0200] {processor.py:840} INFO - DAG(s) 'example_display_name' retrieved from /home/leoja/airflow/airflow_venv/lib/python3.12/site-packages/airflow/example_dags/example_display_name.py
[2025-06-29T12:20:06.931+0200] {logging_mixin.py:188} INFO - [2025-06-29T12:20:06.931+0200] {dag.py:3096} INFO - Sync 1 DAGs
[2025-06-29T12:20:06.940+0200] {logging_mixin.py:188} INFO - [2025-06-29T12:20:06.940+0200] {dag.py:3954} INFO - Setting next_dagrun for example_display_name to None, run_after=None
[2025-06-29T12:20:06.959+0200] {processor.py:183} INFO - Processing /home/leoja/airflow/airflow_venv/lib/python3.12/site-packages/airflow/example_dags/example_display_name.py took 0.058 seconds
[2025-06-29T12:20:44.488+0200] {processor.py:161} INFO - Started process (PID=67124) to work on /home/leoja/airflow/airflow_venv/lib/python3.12/site-packages/airflow/example_dags/example_display_name.py
[2025-06-29T12:20:44.490+0200] {processor.py:830} INFO - Processing file /home/leoja/airflow/airflow_venv/lib/python3.12/site-packages/airflow/example_dags/example_display_name.py for tasks to queue
[2025-06-29T12:20:44.491+0200] {logging_mixin.py:188} INFO - [2025-06-29T12:20:44.491+0200] {dagbag.py:540} INFO - Filling up the DagBag from /home/leoja/airflow/airflow_venv/lib/python3.12/site-packages/airflow/example_dags/example_display_name.py
[2025-06-29T12:20:44.495+0200] {processor.py:840} INFO - DAG(s) 'example_display_name' retrieved from /home/leoja/airflow/airflow_venv/lib/python3.12/site-packages/airflow/example_dags/example_display_name.py
[2025-06-29T12:20:44.506+0200] {logging_mixin.py:188} INFO - [2025-06-29T12:20:44.505+0200] {dag.py:3096} INFO - Sync 1 DAGs
[2025-06-29T12:20:44.514+0200] {logging_mixin.py:188} INFO - [2025-06-29T12:20:44.514+0200] {dag.py:3954} INFO - Setting next_dagrun for example_display_name to None, run_after=None
[2025-06-29T12:20:44.531+0200] {processor.py:183} INFO - Processing /home/leoja/airflow/airflow_venv/lib/python3.12/site-packages/airflow/example_dags/example_display_name.py took 0.047 seconds
[2025-06-29T12:21:29.805+0200] {processor.py:161} INFO - Started process (PID=67395) to work on /home/leoja/airflow/airflow_venv/lib/python3.12/site-packages/airflow/example_dags/example_display_name.py
[2025-06-29T12:21:29.806+0200] {processor.py:830} INFO - Processing file /home/leoja/airflow/airflow_venv/lib/python3.12/site-packages/airflow/example_dags/example_display_name.py for tasks to queue
[2025-06-29T12:21:29.807+0200] {logging_mixin.py:188} INFO - [2025-06-29T12:21:29.807+0200] {dagbag.py:540} INFO - Filling up the DagBag from /home/leoja/airflow/airflow_venv/lib/python3.12/site-packages/airflow/example_dags/example_display_name.py
[2025-06-29T12:21:29.812+0200] {processor.py:840} INFO - DAG(s) 'example_display_name' retrieved from /home/leoja/airflow/airflow_venv/lib/python3.12/site-packages/airflow/example_dags/example_display_name.py
[2025-06-29T12:21:29.823+0200] {logging_mixin.py:188} INFO - [2025-06-29T12:21:29.823+0200] {dag.py:3096} INFO - Sync 1 DAGs
[2025-06-29T12:21:29.831+0200] {logging_mixin.py:188} INFO - [2025-06-29T12:21:29.831+0200] {dag.py:3954} INFO - Setting next_dagrun for example_display_name to None, run_after=None
[2025-06-29T12:21:29.851+0200] {processor.py:183} INFO - Processing /home/leoja/airflow/airflow_venv/lib/python3.12/site-packages/airflow/example_dags/example_display_name.py took 0.050 seconds
[2025-06-29T12:22:20.721+0200] {processor.py:161} INFO - Started process (PID=67699) to work on /home/leoja/airflow/airflow_venv/lib/python3.12/site-packages/airflow/example_dags/example_display_name.py
[2025-06-29T12:22:20.723+0200] {processor.py:830} INFO - Processing file /home/leoja/airflow/airflow_venv/lib/python3.12/site-packages/airflow/example_dags/example_display_name.py for tasks to queue
[2025-06-29T12:22:20.724+0200] {logging_mixin.py:188} INFO - [2025-06-29T12:22:20.724+0200] {dagbag.py:540} INFO - Filling up the DagBag from /home/leoja/airflow/airflow_venv/lib/python3.12/site-packages/airflow/example_dags/example_display_name.py
[2025-06-29T12:22:20.731+0200] {processor.py:840} INFO - DAG(s) 'example_display_name' retrieved from /home/leoja/airflow/airflow_venv/lib/python3.12/site-packages/airflow/example_dags/example_display_name.py
[2025-06-29T12:22:20.742+0200] {logging_mixin.py:188} INFO - [2025-06-29T12:22:20.741+0200] {dag.py:3096} INFO - Sync 1 DAGs
[2025-06-29T12:22:20.752+0200] {logging_mixin.py:188} INFO - [2025-06-29T12:22:20.752+0200] {dag.py:3954} INFO - Setting next_dagrun for example_display_name to None, run_after=None
[2025-06-29T12:22:20.778+0200] {processor.py:183} INFO - Processing /home/leoja/airflow/airflow_venv/lib/python3.12/site-packages/airflow/example_dags/example_display_name.py took 0.061 seconds
[2025-06-29T12:23:08.350+0200] {processor.py:161} INFO - Started process (PID=67977) to work on /home/leoja/airflow/airflow_venv/lib/python3.12/site-packages/airflow/example_dags/example_display_name.py
[2025-06-29T12:23:08.352+0200] {processor.py:830} INFO - Processing file /home/leoja/airflow/airflow_venv/lib/python3.12/site-packages/airflow/example_dags/example_display_name.py for tasks to queue
[2025-06-29T12:23:08.353+0200] {logging_mixin.py:188} INFO - [2025-06-29T12:23:08.353+0200] {dagbag.py:540} INFO - Filling up the DagBag from /home/leoja/airflow/airflow_venv/lib/python3.12/site-packages/airflow/example_dags/example_display_name.py
[2025-06-29T12:23:08.360+0200] {processor.py:840} INFO - DAG(s) 'example_display_name' retrieved from /home/leoja/airflow/airflow_venv/lib/python3.12/site-packages/airflow/example_dags/example_display_name.py
[2025-06-29T12:23:08.372+0200] {logging_mixin.py:188} INFO - [2025-06-29T12:23:08.371+0200] {dag.py:3096} INFO - Sync 1 DAGs
[2025-06-29T12:23:08.381+0200] {logging_mixin.py:188} INFO - [2025-06-29T12:23:08.380+0200] {dag.py:3954} INFO - Setting next_dagrun for example_display_name to None, run_after=None
[2025-06-29T12:23:08.400+0200] {processor.py:183} INFO - Processing /home/leoja/airflow/airflow_venv/lib/python3.12/site-packages/airflow/example_dags/example_display_name.py took 0.054 seconds
[2025-06-29T12:23:57.103+0200] {processor.py:161} INFO - Started process (PID=68228) to work on /home/leoja/airflow/airflow_venv/lib/python3.12/site-packages/airflow/example_dags/example_display_name.py
[2025-06-29T12:23:57.105+0200] {processor.py:830} INFO - Processing file /home/leoja/airflow/airflow_venv/lib/python3.12/site-packages/airflow/example_dags/example_display_name.py for tasks to queue
[2025-06-29T12:23:57.106+0200] {logging_mixin.py:188} INFO - [2025-06-29T12:23:57.106+0200] {dagbag.py:540} INFO - Filling up the DagBag from /home/leoja/airflow/airflow_venv/lib/python3.12/site-packages/airflow/example_dags/example_display_name.py
[2025-06-29T12:23:57.111+0200] {processor.py:840} INFO - DAG(s) 'example_display_name' retrieved from /home/leoja/airflow/airflow_venv/lib/python3.12/site-packages/airflow/example_dags/example_display_name.py
[2025-06-29T12:23:57.122+0200] {logging_mixin.py:188} INFO - [2025-06-29T12:23:57.122+0200] {dag.py:3096} INFO - Sync 1 DAGs
[2025-06-29T12:23:57.131+0200] {logging_mixin.py:188} INFO - [2025-06-29T12:23:57.130+0200] {dag.py:3954} INFO - Setting next_dagrun for example_display_name to None, run_after=None
[2025-06-29T12:23:57.158+0200] {processor.py:183} INFO - Processing /home/leoja/airflow/airflow_venv/lib/python3.12/site-packages/airflow/example_dags/example_display_name.py took 0.060 seconds
[2025-06-29T12:24:44.679+0200] {processor.py:161} INFO - Started process (PID=68507) to work on /home/leoja/airflow/airflow_venv/lib/python3.12/site-packages/airflow/example_dags/example_display_name.py
[2025-06-29T12:24:44.681+0200] {processor.py:830} INFO - Processing file /home/leoja/airflow/airflow_venv/lib/python3.12/site-packages/airflow/example_dags/example_display_name.py for tasks to queue
[2025-06-29T12:24:44.682+0200] {logging_mixin.py:188} INFO - [2025-06-29T12:24:44.682+0200] {dagbag.py:540} INFO - Filling up the DagBag from /home/leoja/airflow/airflow_venv/lib/python3.12/site-packages/airflow/example_dags/example_display_name.py
[2025-06-29T12:24:44.688+0200] {processor.py:840} INFO - DAG(s) 'example_display_name' retrieved from /home/leoja/airflow/airflow_venv/lib/python3.12/site-packages/airflow/example_dags/example_display_name.py
[2025-06-29T12:24:44.699+0200] {logging_mixin.py:188} INFO - [2025-06-29T12:24:44.699+0200] {dag.py:3096} INFO - Sync 1 DAGs
[2025-06-29T12:24:44.706+0200] {logging_mixin.py:188} INFO - [2025-06-29T12:24:44.706+0200] {dag.py:3954} INFO - Setting next_dagrun for example_display_name to None, run_after=None
[2025-06-29T12:24:44.727+0200] {processor.py:183} INFO - Processing /home/leoja/airflow/airflow_venv/lib/python3.12/site-packages/airflow/example_dags/example_display_name.py took 0.051 seconds
[2025-06-29T12:25:25.774+0200] {processor.py:161} INFO - Started process (PID=68757) to work on /home/leoja/airflow/airflow_venv/lib/python3.12/site-packages/airflow/example_dags/example_display_name.py
[2025-06-29T12:25:25.776+0200] {processor.py:830} INFO - Processing file /home/leoja/airflow/airflow_venv/lib/python3.12/site-packages/airflow/example_dags/example_display_name.py for tasks to queue
[2025-06-29T12:25:25.777+0200] {logging_mixin.py:188} INFO - [2025-06-29T12:25:25.777+0200] {dagbag.py:540} INFO - Filling up the DagBag from /home/leoja/airflow/airflow_venv/lib/python3.12/site-packages/airflow/example_dags/example_display_name.py
[2025-06-29T12:25:25.781+0200] {processor.py:840} INFO - DAG(s) 'example_display_name' retrieved from /home/leoja/airflow/airflow_venv/lib/python3.12/site-packages/airflow/example_dags/example_display_name.py
[2025-06-29T12:25:25.792+0200] {logging_mixin.py:188} INFO - [2025-06-29T12:25:25.792+0200] {dag.py:3096} INFO - Sync 1 DAGs
[2025-06-29T12:25:25.801+0200] {logging_mixin.py:188} INFO - [2025-06-29T12:25:25.801+0200] {dag.py:3954} INFO - Setting next_dagrun for example_display_name to None, run_after=None
[2025-06-29T12:25:25.817+0200] {processor.py:183} INFO - Processing /home/leoja/airflow/airflow_venv/lib/python3.12/site-packages/airflow/example_dags/example_display_name.py took 0.047 seconds
[2025-06-29T12:26:07.078+0200] {processor.py:161} INFO - Started process (PID=68994) to work on /home/leoja/airflow/airflow_venv/lib/python3.12/site-packages/airflow/example_dags/example_display_name.py
[2025-06-29T12:26:07.079+0200] {processor.py:830} INFO - Processing file /home/leoja/airflow/airflow_venv/lib/python3.12/site-packages/airflow/example_dags/example_display_name.py for tasks to queue
[2025-06-29T12:26:07.080+0200] {logging_mixin.py:188} INFO - [2025-06-29T12:26:07.080+0200] {dagbag.py:540} INFO - Filling up the DagBag from /home/leoja/airflow/airflow_venv/lib/python3.12/site-packages/airflow/example_dags/example_display_name.py
[2025-06-29T12:26:07.084+0200] {processor.py:840} INFO - DAG(s) 'example_display_name' retrieved from /home/leoja/airflow/airflow_venv/lib/python3.12/site-packages/airflow/example_dags/example_display_name.py
[2025-06-29T12:26:07.095+0200] {logging_mixin.py:188} INFO - [2025-06-29T12:26:07.095+0200] {dag.py:3096} INFO - Sync 1 DAGs
[2025-06-29T12:26:07.102+0200] {logging_mixin.py:188} INFO - [2025-06-29T12:26:07.102+0200] {dag.py:3954} INFO - Setting next_dagrun for example_display_name to None, run_after=None
[2025-06-29T12:26:07.119+0200] {processor.py:183} INFO - Processing /home/leoja/airflow/airflow_venv/lib/python3.12/site-packages/airflow/example_dags/example_display_name.py took 0.047 seconds
[2025-06-29T12:26:51.362+0200] {processor.py:161} INFO - Started process (PID=69268) to work on /home/leoja/airflow/airflow_venv/lib/python3.12/site-packages/airflow/example_dags/example_display_name.py
[2025-06-29T12:26:51.364+0200] {processor.py:830} INFO - Processing file /home/leoja/airflow/airflow_venv/lib/python3.12/site-packages/airflow/example_dags/example_display_name.py for tasks to queue
[2025-06-29T12:26:51.365+0200] {logging_mixin.py:188} INFO - [2025-06-29T12:26:51.364+0200] {dagbag.py:540} INFO - Filling up the DagBag from /home/leoja/airflow/airflow_venv/lib/python3.12/site-packages/airflow/example_dags/example_display_name.py
[2025-06-29T12:26:51.369+0200] {processor.py:840} INFO - DAG(s) 'example_display_name' retrieved from /home/leoja/airflow/airflow_venv/lib/python3.12/site-packages/airflow/example_dags/example_display_name.py
[2025-06-29T12:26:51.379+0200] {logging_mixin.py:188} INFO - [2025-06-29T12:26:51.379+0200] {dag.py:3096} INFO - Sync 1 DAGs
[2025-06-29T12:26:51.387+0200] {logging_mixin.py:188} INFO - [2025-06-29T12:26:51.387+0200] {dag.py:3954} INFO - Setting next_dagrun for example_display_name to None, run_after=None
[2025-06-29T12:26:51.405+0200] {processor.py:183} INFO - Processing /home/leoja/airflow/airflow_venv/lib/python3.12/site-packages/airflow/example_dags/example_display_name.py took 0.047 seconds
[2025-06-29T12:27:36.239+0200] {processor.py:161} INFO - Started process (PID=69517) to work on /home/leoja/airflow/airflow_venv/lib/python3.12/site-packages/airflow/example_dags/example_display_name.py
[2025-06-29T12:27:36.240+0200] {processor.py:830} INFO - Processing file /home/leoja/airflow/airflow_venv/lib/python3.12/site-packages/airflow/example_dags/example_display_name.py for tasks to queue
[2025-06-29T12:27:36.242+0200] {logging_mixin.py:188} INFO - [2025-06-29T12:27:36.241+0200] {dagbag.py:540} INFO - Filling up the DagBag from /home/leoja/airflow/airflow_venv/lib/python3.12/site-packages/airflow/example_dags/example_display_name.py
[2025-06-29T12:27:36.249+0200] {processor.py:840} INFO - DAG(s) 'example_display_name' retrieved from /home/leoja/airflow/airflow_venv/lib/python3.12/site-packages/airflow/example_dags/example_display_name.py
[2025-06-29T12:27:36.263+0200] {logging_mixin.py:188} INFO - [2025-06-29T12:27:36.263+0200] {dag.py:3096} INFO - Sync 1 DAGs
[2025-06-29T12:27:36.273+0200] {logging_mixin.py:188} INFO - [2025-06-29T12:27:36.273+0200] {dag.py:3954} INFO - Setting next_dagrun for example_display_name to None, run_after=None
[2025-06-29T12:27:36.292+0200] {processor.py:183} INFO - Processing /home/leoja/airflow/airflow_venv/lib/python3.12/site-packages/airflow/example_dags/example_display_name.py took 0.059 seconds
[2025-06-29T12:28:23.608+0200] {processor.py:161} INFO - Started process (PID=69785) to work on /home/leoja/airflow/airflow_venv/lib/python3.12/site-packages/airflow/example_dags/example_display_name.py
[2025-06-29T12:28:23.609+0200] {processor.py:830} INFO - Processing file /home/leoja/airflow/airflow_venv/lib/python3.12/site-packages/airflow/example_dags/example_display_name.py for tasks to queue
[2025-06-29T12:28:23.612+0200] {logging_mixin.py:188} INFO - [2025-06-29T12:28:23.611+0200] {dagbag.py:540} INFO - Filling up the DagBag from /home/leoja/airflow/airflow_venv/lib/python3.12/site-packages/airflow/example_dags/example_display_name.py
[2025-06-29T12:28:23.618+0200] {processor.py:840} INFO - DAG(s) 'example_display_name' retrieved from /home/leoja/airflow/airflow_venv/lib/python3.12/site-packages/airflow/example_dags/example_display_name.py
[2025-06-29T12:28:23.629+0200] {logging_mixin.py:188} INFO - [2025-06-29T12:28:23.629+0200] {dag.py:3096} INFO - Sync 1 DAGs
[2025-06-29T12:28:23.736+0200] {logging_mixin.py:188} INFO - [2025-06-29T12:28:23.736+0200] {dag.py:3954} INFO - Setting next_dagrun for example_display_name to None, run_after=None
[2025-06-29T12:28:23.755+0200] {processor.py:183} INFO - Processing /home/leoja/airflow/airflow_venv/lib/python3.12/site-packages/airflow/example_dags/example_display_name.py took 0.153 seconds
[2025-06-29T12:29:11.553+0200] {processor.py:161} INFO - Started process (PID=70060) to work on /home/leoja/airflow/airflow_venv/lib/python3.12/site-packages/airflow/example_dags/example_display_name.py
[2025-06-29T12:29:11.554+0200] {processor.py:830} INFO - Processing file /home/leoja/airflow/airflow_venv/lib/python3.12/site-packages/airflow/example_dags/example_display_name.py for tasks to queue
[2025-06-29T12:29:11.555+0200] {logging_mixin.py:188} INFO - [2025-06-29T12:29:11.555+0200] {dagbag.py:540} INFO - Filling up the DagBag from /home/leoja/airflow/airflow_venv/lib/python3.12/site-packages/airflow/example_dags/example_display_name.py
[2025-06-29T12:29:11.560+0200] {processor.py:840} INFO - DAG(s) 'example_display_name' retrieved from /home/leoja/airflow/airflow_venv/lib/python3.12/site-packages/airflow/example_dags/example_display_name.py
[2025-06-29T12:29:11.572+0200] {logging_mixin.py:188} INFO - [2025-06-29T12:29:11.571+0200] {dag.py:3096} INFO - Sync 1 DAGs
[2025-06-29T12:29:11.581+0200] {logging_mixin.py:188} INFO - [2025-06-29T12:29:11.580+0200] {dag.py:3954} INFO - Setting next_dagrun for example_display_name to None, run_after=None
[2025-06-29T12:29:11.605+0200] {processor.py:183} INFO - Processing /home/leoja/airflow/airflow_venv/lib/python3.12/site-packages/airflow/example_dags/example_display_name.py took 0.057 seconds
[2025-06-29T12:29:55.433+0200] {processor.py:161} INFO - Started process (PID=70310) to work on /home/leoja/airflow/airflow_venv/lib/python3.12/site-packages/airflow/example_dags/example_display_name.py
[2025-06-29T12:29:55.434+0200] {processor.py:830} INFO - Processing file /home/leoja/airflow/airflow_venv/lib/python3.12/site-packages/airflow/example_dags/example_display_name.py for tasks to queue
[2025-06-29T12:29:55.435+0200] {logging_mixin.py:188} INFO - [2025-06-29T12:29:55.435+0200] {dagbag.py:540} INFO - Filling up the DagBag from /home/leoja/airflow/airflow_venv/lib/python3.12/site-packages/airflow/example_dags/example_display_name.py
[2025-06-29T12:29:55.440+0200] {processor.py:840} INFO - DAG(s) 'example_display_name' retrieved from /home/leoja/airflow/airflow_venv/lib/python3.12/site-packages/airflow/example_dags/example_display_name.py
[2025-06-29T12:29:55.452+0200] {logging_mixin.py:188} INFO - [2025-06-29T12:29:55.452+0200] {dag.py:3096} INFO - Sync 1 DAGs
[2025-06-29T12:29:55.460+0200] {logging_mixin.py:188} INFO - [2025-06-29T12:29:55.460+0200] {dag.py:3954} INFO - Setting next_dagrun for example_display_name to None, run_after=None
[2025-06-29T12:29:55.481+0200] {processor.py:183} INFO - Processing /home/leoja/airflow/airflow_venv/lib/python3.12/site-packages/airflow/example_dags/example_display_name.py took 0.052 seconds
[2025-06-29T12:30:41.681+0200] {processor.py:161} INFO - Started process (PID=70582) to work on /home/leoja/airflow/airflow_venv/lib/python3.12/site-packages/airflow/example_dags/example_display_name.py
[2025-06-29T12:30:41.682+0200] {processor.py:830} INFO - Processing file /home/leoja/airflow/airflow_venv/lib/python3.12/site-packages/airflow/example_dags/example_display_name.py for tasks to queue
[2025-06-29T12:30:41.683+0200] {logging_mixin.py:188} INFO - [2025-06-29T12:30:41.683+0200] {dagbag.py:540} INFO - Filling up the DagBag from /home/leoja/airflow/airflow_venv/lib/python3.12/site-packages/airflow/example_dags/example_display_name.py
[2025-06-29T12:30:41.687+0200] {processor.py:840} INFO - DAG(s) 'example_display_name' retrieved from /home/leoja/airflow/airflow_venv/lib/python3.12/site-packages/airflow/example_dags/example_display_name.py
[2025-06-29T12:30:41.700+0200] {logging_mixin.py:188} INFO - [2025-06-29T12:30:41.700+0200] {dag.py:3096} INFO - Sync 1 DAGs
[2025-06-29T12:30:41.709+0200] {logging_mixin.py:188} INFO - [2025-06-29T12:30:41.709+0200] {dag.py:3954} INFO - Setting next_dagrun for example_display_name to None, run_after=None
[2025-06-29T12:30:41.728+0200] {processor.py:183} INFO - Processing /home/leoja/airflow/airflow_venv/lib/python3.12/site-packages/airflow/example_dags/example_display_name.py took 0.052 seconds
[2025-06-29T12:31:24.077+0200] {processor.py:161} INFO - Started process (PID=70824) to work on /home/leoja/airflow/airflow_venv/lib/python3.12/site-packages/airflow/example_dags/example_display_name.py
[2025-06-29T12:31:24.078+0200] {processor.py:830} INFO - Processing file /home/leoja/airflow/airflow_venv/lib/python3.12/site-packages/airflow/example_dags/example_display_name.py for tasks to queue
[2025-06-29T12:31:24.080+0200] {logging_mixin.py:188} INFO - [2025-06-29T12:31:24.079+0200] {dagbag.py:540} INFO - Filling up the DagBag from /home/leoja/airflow/airflow_venv/lib/python3.12/site-packages/airflow/example_dags/example_display_name.py
[2025-06-29T12:31:24.085+0200] {processor.py:840} INFO - DAG(s) 'example_display_name' retrieved from /home/leoja/airflow/airflow_venv/lib/python3.12/site-packages/airflow/example_dags/example_display_name.py
[2025-06-29T12:31:24.096+0200] {logging_mixin.py:188} INFO - [2025-06-29T12:31:24.096+0200] {dag.py:3096} INFO - Sync 1 DAGs
[2025-06-29T12:31:24.104+0200] {logging_mixin.py:188} INFO - [2025-06-29T12:31:24.104+0200] {dag.py:3954} INFO - Setting next_dagrun for example_display_name to None, run_after=None
[2025-06-29T12:31:24.125+0200] {processor.py:183} INFO - Processing /home/leoja/airflow/airflow_venv/lib/python3.12/site-packages/airflow/example_dags/example_display_name.py took 0.053 seconds
[2025-06-29T12:37:15.341+0200] {processor.py:161} INFO - Started process (PID=71076) to work on /home/leoja/airflow/airflow_venv/lib/python3.12/site-packages/airflow/example_dags/example_display_name.py
[2025-06-29T12:37:15.344+0200] {processor.py:830} INFO - Processing file /home/leoja/airflow/airflow_venv/lib/python3.12/site-packages/airflow/example_dags/example_display_name.py for tasks to queue
[2025-06-29T12:37:15.348+0200] {logging_mixin.py:188} INFO - [2025-06-29T12:37:15.347+0200] {dagbag.py:540} INFO - Filling up the DagBag from /home/leoja/airflow/airflow_venv/lib/python3.12/site-packages/airflow/example_dags/example_display_name.py
[2025-06-29T12:37:15.361+0200] {processor.py:840} INFO - DAG(s) 'example_display_name' retrieved from /home/leoja/airflow/airflow_venv/lib/python3.12/site-packages/airflow/example_dags/example_display_name.py
[2025-06-29T12:37:15.388+0200] {logging_mixin.py:188} INFO - [2025-06-29T12:37:15.387+0200] {dag.py:3096} INFO - Sync 1 DAGs
[2025-06-29T12:37:15.404+0200] {logging_mixin.py:188} INFO - [2025-06-29T12:37:15.404+0200] {dag.py:3954} INFO - Setting next_dagrun for example_display_name to None, run_after=None
[2025-06-29T12:37:15.429+0200] {processor.py:183} INFO - Processing /home/leoja/airflow/airflow_venv/lib/python3.12/site-packages/airflow/example_dags/example_display_name.py took 0.101 seconds
[2025-06-29T12:38:02.550+0200] {processor.py:161} INFO - Started process (PID=71385) to work on /home/leoja/airflow/airflow_venv/lib/python3.12/site-packages/airflow/example_dags/example_display_name.py
[2025-06-29T12:38:02.552+0200] {processor.py:830} INFO - Processing file /home/leoja/airflow/airflow_venv/lib/python3.12/site-packages/airflow/example_dags/example_display_name.py for tasks to queue
[2025-06-29T12:38:02.553+0200] {logging_mixin.py:188} INFO - [2025-06-29T12:38:02.553+0200] {dagbag.py:540} INFO - Filling up the DagBag from /home/leoja/airflow/airflow_venv/lib/python3.12/site-packages/airflow/example_dags/example_display_name.py
[2025-06-29T12:38:02.558+0200] {processor.py:840} INFO - DAG(s) 'example_display_name' retrieved from /home/leoja/airflow/airflow_venv/lib/python3.12/site-packages/airflow/example_dags/example_display_name.py
[2025-06-29T12:38:02.570+0200] {logging_mixin.py:188} INFO - [2025-06-29T12:38:02.570+0200] {dag.py:3096} INFO - Sync 1 DAGs
[2025-06-29T12:38:02.579+0200] {logging_mixin.py:188} INFO - [2025-06-29T12:38:02.579+0200] {dag.py:3954} INFO - Setting next_dagrun for example_display_name to None, run_after=None
[2025-06-29T12:38:02.602+0200] {processor.py:183} INFO - Processing /home/leoja/airflow/airflow_venv/lib/python3.12/site-packages/airflow/example_dags/example_display_name.py took 0.063 seconds
[2025-06-29T12:38:47.902+0200] {processor.py:161} INFO - Started process (PID=71636) to work on /home/leoja/airflow/airflow_venv/lib/python3.12/site-packages/airflow/example_dags/example_display_name.py
[2025-06-29T12:38:47.903+0200] {processor.py:830} INFO - Processing file /home/leoja/airflow/airflow_venv/lib/python3.12/site-packages/airflow/example_dags/example_display_name.py for tasks to queue
[2025-06-29T12:38:47.904+0200] {logging_mixin.py:188} INFO - [2025-06-29T12:38:47.904+0200] {dagbag.py:540} INFO - Filling up the DagBag from /home/leoja/airflow/airflow_venv/lib/python3.12/site-packages/airflow/example_dags/example_display_name.py
[2025-06-29T12:38:47.909+0200] {processor.py:840} INFO - DAG(s) 'example_display_name' retrieved from /home/leoja/airflow/airflow_venv/lib/python3.12/site-packages/airflow/example_dags/example_display_name.py
[2025-06-29T12:38:47.922+0200] {logging_mixin.py:188} INFO - [2025-06-29T12:38:47.922+0200] {dag.py:3096} INFO - Sync 1 DAGs
[2025-06-29T12:38:47.932+0200] {logging_mixin.py:188} INFO - [2025-06-29T12:38:47.931+0200] {dag.py:3954} INFO - Setting next_dagrun for example_display_name to None, run_after=None
[2025-06-29T12:38:47.952+0200] {processor.py:183} INFO - Processing /home/leoja/airflow/airflow_venv/lib/python3.12/site-packages/airflow/example_dags/example_display_name.py took 0.055 seconds
[2025-06-29T12:39:33.299+0200] {processor.py:161} INFO - Started process (PID=71906) to work on /home/leoja/airflow/airflow_venv/lib/python3.12/site-packages/airflow/example_dags/example_display_name.py
[2025-06-29T12:39:33.300+0200] {processor.py:830} INFO - Processing file /home/leoja/airflow/airflow_venv/lib/python3.12/site-packages/airflow/example_dags/example_display_name.py for tasks to queue
[2025-06-29T12:39:33.301+0200] {logging_mixin.py:188} INFO - [2025-06-29T12:39:33.301+0200] {dagbag.py:540} INFO - Filling up the DagBag from /home/leoja/airflow/airflow_venv/lib/python3.12/site-packages/airflow/example_dags/example_display_name.py
[2025-06-29T12:39:33.306+0200] {processor.py:840} INFO - DAG(s) 'example_display_name' retrieved from /home/leoja/airflow/airflow_venv/lib/python3.12/site-packages/airflow/example_dags/example_display_name.py
[2025-06-29T12:39:33.317+0200] {logging_mixin.py:188} INFO - [2025-06-29T12:39:33.317+0200] {dag.py:3096} INFO - Sync 1 DAGs
[2025-06-29T12:39:33.328+0200] {logging_mixin.py:188} INFO - [2025-06-29T12:39:33.327+0200] {dag.py:3954} INFO - Setting next_dagrun for example_display_name to None, run_after=None
[2025-06-29T12:39:33.350+0200] {processor.py:183} INFO - Processing /home/leoja/airflow/airflow_venv/lib/python3.12/site-packages/airflow/example_dags/example_display_name.py took 0.057 seconds
[2025-06-29T12:40:16.197+0200] {processor.py:161} INFO - Started process (PID=72122) to work on /home/leoja/airflow/airflow_venv/lib/python3.12/site-packages/airflow/example_dags/example_display_name.py
[2025-06-29T12:40:16.198+0200] {processor.py:830} INFO - Processing file /home/leoja/airflow/airflow_venv/lib/python3.12/site-packages/airflow/example_dags/example_display_name.py for tasks to queue
[2025-06-29T12:40:16.199+0200] {logging_mixin.py:188} INFO - [2025-06-29T12:40:16.199+0200] {dagbag.py:540} INFO - Filling up the DagBag from /home/leoja/airflow/airflow_venv/lib/python3.12/site-packages/airflow/example_dags/example_display_name.py
[2025-06-29T12:40:16.204+0200] {processor.py:840} INFO - DAG(s) 'example_display_name' retrieved from /home/leoja/airflow/airflow_venv/lib/python3.12/site-packages/airflow/example_dags/example_display_name.py
[2025-06-29T12:40:16.215+0200] {logging_mixin.py:188} INFO - [2025-06-29T12:40:16.215+0200] {dag.py:3096} INFO - Sync 1 DAGs
[2025-06-29T12:40:16.223+0200] {logging_mixin.py:188} INFO - [2025-06-29T12:40:16.223+0200] {dag.py:3954} INFO - Setting next_dagrun for example_display_name to None, run_after=None
[2025-06-29T12:40:16.245+0200] {processor.py:183} INFO - Processing /home/leoja/airflow/airflow_venv/lib/python3.12/site-packages/airflow/example_dags/example_display_name.py took 0.053 seconds
[2025-06-29T12:41:01.309+0200] {processor.py:161} INFO - Started process (PID=72397) to work on /home/leoja/airflow/airflow_venv/lib/python3.12/site-packages/airflow/example_dags/example_display_name.py
[2025-06-29T12:41:01.310+0200] {processor.py:830} INFO - Processing file /home/leoja/airflow/airflow_venv/lib/python3.12/site-packages/airflow/example_dags/example_display_name.py for tasks to queue
[2025-06-29T12:41:01.312+0200] {logging_mixin.py:188} INFO - [2025-06-29T12:41:01.311+0200] {dagbag.py:540} INFO - Filling up the DagBag from /home/leoja/airflow/airflow_venv/lib/python3.12/site-packages/airflow/example_dags/example_display_name.py
[2025-06-29T12:41:01.317+0200] {processor.py:840} INFO - DAG(s) 'example_display_name' retrieved from /home/leoja/airflow/airflow_venv/lib/python3.12/site-packages/airflow/example_dags/example_display_name.py
[2025-06-29T12:41:01.332+0200] {logging_mixin.py:188} INFO - [2025-06-29T12:41:01.332+0200] {dag.py:3096} INFO - Sync 1 DAGs
[2025-06-29T12:41:01.341+0200] {logging_mixin.py:188} INFO - [2025-06-29T12:41:01.341+0200] {dag.py:3954} INFO - Setting next_dagrun for example_display_name to None, run_after=None
[2025-06-29T12:41:01.360+0200] {processor.py:183} INFO - Processing /home/leoja/airflow/airflow_venv/lib/python3.12/site-packages/airflow/example_dags/example_display_name.py took 0.055 seconds
[2025-06-29T12:41:45.972+0200] {processor.py:161} INFO - Started process (PID=72639) to work on /home/leoja/airflow/airflow_venv/lib/python3.12/site-packages/airflow/example_dags/example_display_name.py
[2025-06-29T12:41:45.975+0200] {processor.py:830} INFO - Processing file /home/leoja/airflow/airflow_venv/lib/python3.12/site-packages/airflow/example_dags/example_display_name.py for tasks to queue
[2025-06-29T12:41:45.976+0200] {logging_mixin.py:188} INFO - [2025-06-29T12:41:45.976+0200] {dagbag.py:540} INFO - Filling up the DagBag from /home/leoja/airflow/airflow_venv/lib/python3.12/site-packages/airflow/example_dags/example_display_name.py
[2025-06-29T12:41:45.982+0200] {processor.py:840} INFO - DAG(s) 'example_display_name' retrieved from /home/leoja/airflow/airflow_venv/lib/python3.12/site-packages/airflow/example_dags/example_display_name.py
[2025-06-29T12:41:45.996+0200] {logging_mixin.py:188} INFO - [2025-06-29T12:41:45.996+0200] {dag.py:3096} INFO - Sync 1 DAGs
[2025-06-29T12:41:46.013+0200] {logging_mixin.py:188} INFO - [2025-06-29T12:41:46.013+0200] {dag.py:3954} INFO - Setting next_dagrun for example_display_name to None, run_after=None
[2025-06-29T12:41:46.030+0200] {processor.py:183} INFO - Processing /home/leoja/airflow/airflow_venv/lib/python3.12/site-packages/airflow/example_dags/example_display_name.py took 0.063 seconds
[2025-06-29T12:42:27.922+0200] {processor.py:161} INFO - Started process (PID=72886) to work on /home/leoja/airflow/airflow_venv/lib/python3.12/site-packages/airflow/example_dags/example_display_name.py
[2025-06-29T12:42:27.924+0200] {processor.py:830} INFO - Processing file /home/leoja/airflow/airflow_venv/lib/python3.12/site-packages/airflow/example_dags/example_display_name.py for tasks to queue
[2025-06-29T12:42:27.925+0200] {logging_mixin.py:188} INFO - [2025-06-29T12:42:27.925+0200] {dagbag.py:540} INFO - Filling up the DagBag from /home/leoja/airflow/airflow_venv/lib/python3.12/site-packages/airflow/example_dags/example_display_name.py
[2025-06-29T12:42:27.930+0200] {processor.py:840} INFO - DAG(s) 'example_display_name' retrieved from /home/leoja/airflow/airflow_venv/lib/python3.12/site-packages/airflow/example_dags/example_display_name.py
[2025-06-29T12:42:27.941+0200] {logging_mixin.py:188} INFO - [2025-06-29T12:42:27.940+0200] {dag.py:3096} INFO - Sync 1 DAGs
[2025-06-29T12:42:27.949+0200] {logging_mixin.py:188} INFO - [2025-06-29T12:42:27.949+0200] {dag.py:3954} INFO - Setting next_dagrun for example_display_name to None, run_after=None
[2025-06-29T12:42:27.965+0200] {processor.py:183} INFO - Processing /home/leoja/airflow/airflow_venv/lib/python3.12/site-packages/airflow/example_dags/example_display_name.py took 0.047 seconds
[2025-06-29T12:43:11.071+0200] {processor.py:161} INFO - Started process (PID=73134) to work on /home/leoja/airflow/airflow_venv/lib/python3.12/site-packages/airflow/example_dags/example_display_name.py
[2025-06-29T12:43:11.072+0200] {processor.py:830} INFO - Processing file /home/leoja/airflow/airflow_venv/lib/python3.12/site-packages/airflow/example_dags/example_display_name.py for tasks to queue
[2025-06-29T12:43:11.073+0200] {logging_mixin.py:188} INFO - [2025-06-29T12:43:11.073+0200] {dagbag.py:540} INFO - Filling up the DagBag from /home/leoja/airflow/airflow_venv/lib/python3.12/site-packages/airflow/example_dags/example_display_name.py
[2025-06-29T12:43:11.078+0200] {processor.py:840} INFO - DAG(s) 'example_display_name' retrieved from /home/leoja/airflow/airflow_venv/lib/python3.12/site-packages/airflow/example_dags/example_display_name.py
[2025-06-29T12:43:11.088+0200] {logging_mixin.py:188} INFO - [2025-06-29T12:43:11.088+0200] {dag.py:3096} INFO - Sync 1 DAGs
[2025-06-29T12:43:11.096+0200] {logging_mixin.py:188} INFO - [2025-06-29T12:43:11.095+0200] {dag.py:3954} INFO - Setting next_dagrun for example_display_name to None, run_after=None
[2025-06-29T12:43:11.118+0200] {processor.py:183} INFO - Processing /home/leoja/airflow/airflow_venv/lib/python3.12/site-packages/airflow/example_dags/example_display_name.py took 0.051 seconds
[2025-06-29T12:43:53.405+0200] {processor.py:161} INFO - Started process (PID=73396) to work on /home/leoja/airflow/airflow_venv/lib/python3.12/site-packages/airflow/example_dags/example_display_name.py
[2025-06-29T12:43:53.406+0200] {processor.py:830} INFO - Processing file /home/leoja/airflow/airflow_venv/lib/python3.12/site-packages/airflow/example_dags/example_display_name.py for tasks to queue
[2025-06-29T12:43:53.407+0200] {logging_mixin.py:188} INFO - [2025-06-29T12:43:53.407+0200] {dagbag.py:540} INFO - Filling up the DagBag from /home/leoja/airflow/airflow_venv/lib/python3.12/site-packages/airflow/example_dags/example_display_name.py
[2025-06-29T12:43:53.412+0200] {processor.py:840} INFO - DAG(s) 'example_display_name' retrieved from /home/leoja/airflow/airflow_venv/lib/python3.12/site-packages/airflow/example_dags/example_display_name.py
[2025-06-29T12:43:53.425+0200] {logging_mixin.py:188} INFO - [2025-06-29T12:43:53.425+0200] {dag.py:3096} INFO - Sync 1 DAGs
[2025-06-29T12:43:53.433+0200] {logging_mixin.py:188} INFO - [2025-06-29T12:43:53.433+0200] {dag.py:3954} INFO - Setting next_dagrun for example_display_name to None, run_after=None
[2025-06-29T12:43:53.451+0200] {processor.py:183} INFO - Processing /home/leoja/airflow/airflow_venv/lib/python3.12/site-packages/airflow/example_dags/example_display_name.py took 0.051 seconds
[2025-06-29T12:44:36.687+0200] {processor.py:161} INFO - Started process (PID=73673) to work on /home/leoja/airflow/airflow_venv/lib/python3.12/site-packages/airflow/example_dags/example_display_name.py
[2025-06-29T12:44:36.688+0200] {processor.py:830} INFO - Processing file /home/leoja/airflow/airflow_venv/lib/python3.12/site-packages/airflow/example_dags/example_display_name.py for tasks to queue
[2025-06-29T12:44:36.689+0200] {logging_mixin.py:188} INFO - [2025-06-29T12:44:36.689+0200] {dagbag.py:540} INFO - Filling up the DagBag from /home/leoja/airflow/airflow_venv/lib/python3.12/site-packages/airflow/example_dags/example_display_name.py
[2025-06-29T12:44:36.694+0200] {processor.py:840} INFO - DAG(s) 'example_display_name' retrieved from /home/leoja/airflow/airflow_venv/lib/python3.12/site-packages/airflow/example_dags/example_display_name.py
[2025-06-29T12:44:36.704+0200] {logging_mixin.py:188} INFO - [2025-06-29T12:44:36.704+0200] {dag.py:3096} INFO - Sync 1 DAGs
[2025-06-29T12:44:36.712+0200] {logging_mixin.py:188} INFO - [2025-06-29T12:44:36.712+0200] {dag.py:3954} INFO - Setting next_dagrun for example_display_name to None, run_after=None
[2025-06-29T12:44:36.730+0200] {processor.py:183} INFO - Processing /home/leoja/airflow/airflow_venv/lib/python3.12/site-packages/airflow/example_dags/example_display_name.py took 0.047 seconds
[2025-06-29T12:45:25.535+0200] {processor.py:161} INFO - Started process (PID=73947) to work on /home/leoja/airflow/airflow_venv/lib/python3.12/site-packages/airflow/example_dags/example_display_name.py
[2025-06-29T12:45:25.536+0200] {processor.py:830} INFO - Processing file /home/leoja/airflow/airflow_venv/lib/python3.12/site-packages/airflow/example_dags/example_display_name.py for tasks to queue
[2025-06-29T12:45:25.538+0200] {logging_mixin.py:188} INFO - [2025-06-29T12:45:25.537+0200] {dagbag.py:540} INFO - Filling up the DagBag from /home/leoja/airflow/airflow_venv/lib/python3.12/site-packages/airflow/example_dags/example_display_name.py
[2025-06-29T12:45:25.542+0200] {processor.py:840} INFO - DAG(s) 'example_display_name' retrieved from /home/leoja/airflow/airflow_venv/lib/python3.12/site-packages/airflow/example_dags/example_display_name.py
[2025-06-29T12:45:25.555+0200] {logging_mixin.py:188} INFO - [2025-06-29T12:45:25.555+0200] {dag.py:3096} INFO - Sync 1 DAGs
[2025-06-29T12:45:25.563+0200] {logging_mixin.py:188} INFO - [2025-06-29T12:45:25.563+0200] {dag.py:3954} INFO - Setting next_dagrun for example_display_name to None, run_after=None
[2025-06-29T12:45:25.583+0200] {processor.py:183} INFO - Processing /home/leoja/airflow/airflow_venv/lib/python3.12/site-packages/airflow/example_dags/example_display_name.py took 0.052 seconds
[2025-06-29T12:46:15.317+0200] {processor.py:161} INFO - Started process (PID=74215) to work on /home/leoja/airflow/airflow_venv/lib/python3.12/site-packages/airflow/example_dags/example_display_name.py
[2025-06-29T12:46:15.318+0200] {processor.py:830} INFO - Processing file /home/leoja/airflow/airflow_venv/lib/python3.12/site-packages/airflow/example_dags/example_display_name.py for tasks to queue
[2025-06-29T12:46:15.320+0200] {logging_mixin.py:188} INFO - [2025-06-29T12:46:15.319+0200] {dagbag.py:540} INFO - Filling up the DagBag from /home/leoja/airflow/airflow_venv/lib/python3.12/site-packages/airflow/example_dags/example_display_name.py
[2025-06-29T12:46:15.324+0200] {processor.py:840} INFO - DAG(s) 'example_display_name' retrieved from /home/leoja/airflow/airflow_venv/lib/python3.12/site-packages/airflow/example_dags/example_display_name.py
[2025-06-29T12:46:15.335+0200] {logging_mixin.py:188} INFO - [2025-06-29T12:46:15.335+0200] {dag.py:3096} INFO - Sync 1 DAGs
[2025-06-29T12:46:15.343+0200] {logging_mixin.py:188} INFO - [2025-06-29T12:46:15.343+0200] {dag.py:3954} INFO - Setting next_dagrun for example_display_name to None, run_after=None
[2025-06-29T12:46:15.360+0200] {processor.py:183} INFO - Processing /home/leoja/airflow/airflow_venv/lib/python3.12/site-packages/airflow/example_dags/example_display_name.py took 0.046 seconds
[2025-06-29T12:47:04.116+0200] {processor.py:161} INFO - Started process (PID=74470) to work on /home/leoja/airflow/airflow_venv/lib/python3.12/site-packages/airflow/example_dags/example_display_name.py
[2025-06-29T12:47:04.117+0200] {processor.py:830} INFO - Processing file /home/leoja/airflow/airflow_venv/lib/python3.12/site-packages/airflow/example_dags/example_display_name.py for tasks to queue
[2025-06-29T12:47:04.119+0200] {logging_mixin.py:188} INFO - [2025-06-29T12:47:04.119+0200] {dagbag.py:540} INFO - Filling up the DagBag from /home/leoja/airflow/airflow_venv/lib/python3.12/site-packages/airflow/example_dags/example_display_name.py
[2025-06-29T12:47:04.124+0200] {processor.py:840} INFO - DAG(s) 'example_display_name' retrieved from /home/leoja/airflow/airflow_venv/lib/python3.12/site-packages/airflow/example_dags/example_display_name.py
[2025-06-29T12:47:04.135+0200] {logging_mixin.py:188} INFO - [2025-06-29T12:47:04.135+0200] {dag.py:3096} INFO - Sync 1 DAGs
[2025-06-29T12:47:04.144+0200] {logging_mixin.py:188} INFO - [2025-06-29T12:47:04.144+0200] {dag.py:3954} INFO - Setting next_dagrun for example_display_name to None, run_after=None
[2025-06-29T12:47:04.166+0200] {processor.py:183} INFO - Processing /home/leoja/airflow/airflow_venv/lib/python3.12/site-packages/airflow/example_dags/example_display_name.py took 0.054 seconds
