[2025-06-29T12:13:48.224+0200] {processor.py:161} INFO - Started process (PID=64811) to work on /home/leoja/airflow/airflow_venv/lib/python3.12/site-packages/airflow/example_dags/tutorial_dag.py
[2025-06-29T12:13:48.225+0200] {processor.py:830} INFO - Processing file /home/leoja/airflow/airflow_venv/lib/python3.12/site-packages/airflow/example_dags/tutorial_dag.py for tasks to queue
[2025-06-29T12:13:48.227+0200] {logging_mixin.py:188} INFO - [2025-06-29T12:13:48.227+0200] {dagbag.py:540} INFO - Filling up the DagBag from /home/leoja/airflow/airflow_venv/lib/python3.12/site-packages/airflow/example_dags/tutorial_dag.py
[2025-06-29T12:13:48.235+0200] {processor.py:840} INFO - DAG(s) 'tutorial_dag' retrieved from /home/leoja/airflow/airflow_venv/lib/python3.12/site-packages/airflow/example_dags/tutorial_dag.py
[2025-06-29T12:13:48.314+0200] {logging_mixin.py:188} INFO - [2025-06-29T12:13:48.314+0200] {dag.py:3096} INFO - Sync 1 DAGs
[2025-06-29T12:13:48.322+0200] {logging_mixin.py:188} INFO - [2025-06-29T12:13:48.322+0200] {dag.py:3954} INFO - Setting next_dagrun for tutorial_dag to None, run_after=None
[2025-06-29T12:13:48.368+0200] {processor.py:183} INFO - Processing /home/leoja/airflow/airflow_venv/lib/python3.12/site-packages/airflow/example_dags/tutorial_dag.py took 0.150 seconds
[2025-06-29T12:14:45.901+0200] {processor.py:161} INFO - Started process (PID=65085) to work on /home/leoja/airflow/airflow_venv/lib/python3.12/site-packages/airflow/example_dags/tutorial_dag.py
[2025-06-29T12:14:45.902+0200] {processor.py:830} INFO - Processing file /home/leoja/airflow/airflow_venv/lib/python3.12/site-packages/airflow/example_dags/tutorial_dag.py for tasks to queue
[2025-06-29T12:14:45.904+0200] {logging_mixin.py:188} INFO - [2025-06-29T12:14:45.904+0200] {dagbag.py:540} INFO - Filling up the DagBag from /home/leoja/airflow/airflow_venv/lib/python3.12/site-packages/airflow/example_dags/tutorial_dag.py
[2025-06-29T12:14:45.908+0200] {processor.py:840} INFO - DAG(s) 'tutorial_dag' retrieved from /home/leoja/airflow/airflow_venv/lib/python3.12/site-packages/airflow/example_dags/tutorial_dag.py
[2025-06-29T12:14:45.921+0200] {logging_mixin.py:188} INFO - [2025-06-29T12:14:45.920+0200] {dag.py:3096} INFO - Sync 1 DAGs
[2025-06-29T12:14:45.931+0200] {logging_mixin.py:188} INFO - [2025-06-29T12:14:45.931+0200] {dag.py:3954} INFO - Setting next_dagrun for tutorial_dag to None, run_after=None
[2025-06-29T12:14:45.958+0200] {processor.py:183} INFO - Processing /home/leoja/airflow/airflow_venv/lib/python3.12/site-packages/airflow/example_dags/tutorial_dag.py took 0.063 seconds
[2025-06-29T12:15:39.981+0200] {processor.py:161} INFO - Started process (PID=65371) to work on /home/leoja/airflow/airflow_venv/lib/python3.12/site-packages/airflow/example_dags/tutorial_dag.py
[2025-06-29T12:15:39.983+0200] {processor.py:830} INFO - Processing file /home/leoja/airflow/airflow_venv/lib/python3.12/site-packages/airflow/example_dags/tutorial_dag.py for tasks to queue
[2025-06-29T12:15:39.984+0200] {logging_mixin.py:188} INFO - [2025-06-29T12:15:39.984+0200] {dagbag.py:540} INFO - Filling up the DagBag from /home/leoja/airflow/airflow_venv/lib/python3.12/site-packages/airflow/example_dags/tutorial_dag.py
[2025-06-29T12:15:39.989+0200] {processor.py:840} INFO - DAG(s) 'tutorial_dag' retrieved from /home/leoja/airflow/airflow_venv/lib/python3.12/site-packages/airflow/example_dags/tutorial_dag.py
[2025-06-29T12:15:40.001+0200] {logging_mixin.py:188} INFO - [2025-06-29T12:15:40.001+0200] {dag.py:3096} INFO - Sync 1 DAGs
[2025-06-29T12:15:40.011+0200] {logging_mixin.py:188} INFO - [2025-06-29T12:15:40.011+0200] {dag.py:3954} INFO - Setting next_dagrun for tutorial_dag to None, run_after=None
[2025-06-29T12:15:40.036+0200] {processor.py:183} INFO - Processing /home/leoja/airflow/airflow_venv/lib/python3.12/site-packages/airflow/example_dags/tutorial_dag.py took 0.061 seconds
[2025-06-29T12:16:56.622+0200] {processor.py:161} INFO - Started process (PID=65816) to work on /home/leoja/airflow/airflow_venv/lib/python3.12/site-packages/airflow/example_dags/tutorial_dag.py
[2025-06-29T12:16:56.624+0200] {processor.py:830} INFO - Processing file /home/leoja/airflow/airflow_venv/lib/python3.12/site-packages/airflow/example_dags/tutorial_dag.py for tasks to queue
[2025-06-29T12:16:56.625+0200] {logging_mixin.py:188} INFO - [2025-06-29T12:16:56.625+0200] {dagbag.py:540} INFO - Filling up the DagBag from /home/leoja/airflow/airflow_venv/lib/python3.12/site-packages/airflow/example_dags/tutorial_dag.py
[2025-06-29T12:16:56.630+0200] {processor.py:840} INFO - DAG(s) 'tutorial_dag' retrieved from /home/leoja/airflow/airflow_venv/lib/python3.12/site-packages/airflow/example_dags/tutorial_dag.py
[2025-06-29T12:16:56.644+0200] {logging_mixin.py:188} INFO - [2025-06-29T12:16:56.644+0200] {dag.py:3096} INFO - Sync 1 DAGs
[2025-06-29T12:16:56.654+0200] {logging_mixin.py:188} INFO - [2025-06-29T12:16:56.654+0200] {dag.py:3954} INFO - Setting next_dagrun for tutorial_dag to None, run_after=None
[2025-06-29T12:16:56.683+0200] {processor.py:183} INFO - Processing /home/leoja/airflow/airflow_venv/lib/python3.12/site-packages/airflow/example_dags/tutorial_dag.py took 0.065 seconds
[2025-06-29T12:17:48.918+0200] {processor.py:161} INFO - Started process (PID=66133) to work on /home/leoja/airflow/airflow_venv/lib/python3.12/site-packages/airflow/example_dags/tutorial_dag.py
[2025-06-29T12:17:48.920+0200] {processor.py:830} INFO - Processing file /home/leoja/airflow/airflow_venv/lib/python3.12/site-packages/airflow/example_dags/tutorial_dag.py for tasks to queue
[2025-06-29T12:17:48.921+0200] {logging_mixin.py:188} INFO - [2025-06-29T12:17:48.921+0200] {dagbag.py:540} INFO - Filling up the DagBag from /home/leoja/airflow/airflow_venv/lib/python3.12/site-packages/airflow/example_dags/tutorial_dag.py
[2025-06-29T12:17:48.928+0200] {processor.py:840} INFO - DAG(s) 'tutorial_dag' retrieved from /home/leoja/airflow/airflow_venv/lib/python3.12/site-packages/airflow/example_dags/tutorial_dag.py
[2025-06-29T12:17:48.942+0200] {logging_mixin.py:188} INFO - [2025-06-29T12:17:48.942+0200] {dag.py:3096} INFO - Sync 1 DAGs
[2025-06-29T12:17:48.952+0200] {logging_mixin.py:188} INFO - [2025-06-29T12:17:48.951+0200] {dag.py:3954} INFO - Setting next_dagrun for tutorial_dag to None, run_after=None
[2025-06-29T12:17:48.980+0200] {processor.py:183} INFO - Processing /home/leoja/airflow/airflow_venv/lib/python3.12/site-packages/airflow/example_dags/tutorial_dag.py took 0.067 seconds
[2025-06-29T12:18:38.357+0200] {processor.py:161} INFO - Started process (PID=66411) to work on /home/leoja/airflow/airflow_venv/lib/python3.12/site-packages/airflow/example_dags/tutorial_dag.py
[2025-06-29T12:18:38.359+0200] {processor.py:830} INFO - Processing file /home/leoja/airflow/airflow_venv/lib/python3.12/site-packages/airflow/example_dags/tutorial_dag.py for tasks to queue
[2025-06-29T12:18:38.360+0200] {logging_mixin.py:188} INFO - [2025-06-29T12:18:38.360+0200] {dagbag.py:540} INFO - Filling up the DagBag from /home/leoja/airflow/airflow_venv/lib/python3.12/site-packages/airflow/example_dags/tutorial_dag.py
[2025-06-29T12:18:38.364+0200] {processor.py:840} INFO - DAG(s) 'tutorial_dag' retrieved from /home/leoja/airflow/airflow_venv/lib/python3.12/site-packages/airflow/example_dags/tutorial_dag.py
[2025-06-29T12:18:38.375+0200] {logging_mixin.py:188} INFO - [2025-06-29T12:18:38.375+0200] {dag.py:3096} INFO - Sync 1 DAGs
[2025-06-29T12:18:38.383+0200] {logging_mixin.py:188} INFO - [2025-06-29T12:18:38.382+0200] {dag.py:3954} INFO - Setting next_dagrun for tutorial_dag to None, run_after=None
[2025-06-29T12:18:38.401+0200] {processor.py:183} INFO - Processing /home/leoja/airflow/airflow_venv/lib/python3.12/site-packages/airflow/example_dags/tutorial_dag.py took 0.050 seconds
[2025-06-29T12:19:23.142+0200] {processor.py:161} INFO - Started process (PID=66661) to work on /home/leoja/airflow/airflow_venv/lib/python3.12/site-packages/airflow/example_dags/tutorial_dag.py
[2025-06-29T12:19:23.143+0200] {processor.py:830} INFO - Processing file /home/leoja/airflow/airflow_venv/lib/python3.12/site-packages/airflow/example_dags/tutorial_dag.py for tasks to queue
[2025-06-29T12:19:23.144+0200] {logging_mixin.py:188} INFO - [2025-06-29T12:19:23.144+0200] {dagbag.py:540} INFO - Filling up the DagBag from /home/leoja/airflow/airflow_venv/lib/python3.12/site-packages/airflow/example_dags/tutorial_dag.py
[2025-06-29T12:19:23.149+0200] {processor.py:840} INFO - DAG(s) 'tutorial_dag' retrieved from /home/leoja/airflow/airflow_venv/lib/python3.12/site-packages/airflow/example_dags/tutorial_dag.py
[2025-06-29T12:19:23.160+0200] {logging_mixin.py:188} INFO - [2025-06-29T12:19:23.160+0200] {dag.py:3096} INFO - Sync 1 DAGs
[2025-06-29T12:19:23.168+0200] {logging_mixin.py:188} INFO - [2025-06-29T12:19:23.168+0200] {dag.py:3954} INFO - Setting next_dagrun for tutorial_dag to None, run_after=None
[2025-06-29T12:19:23.185+0200] {processor.py:183} INFO - Processing /home/leoja/airflow/airflow_venv/lib/python3.12/site-packages/airflow/example_dags/tutorial_dag.py took 0.047 seconds
[2025-06-29T12:20:19.773+0200] {processor.py:161} INFO - Started process (PID=67005) to work on /home/leoja/airflow/airflow_venv/lib/python3.12/site-packages/airflow/example_dags/tutorial_dag.py
[2025-06-29T12:20:19.774+0200] {processor.py:830} INFO - Processing file /home/leoja/airflow/airflow_venv/lib/python3.12/site-packages/airflow/example_dags/tutorial_dag.py for tasks to queue
[2025-06-29T12:20:19.776+0200] {logging_mixin.py:188} INFO - [2025-06-29T12:20:19.775+0200] {dagbag.py:540} INFO - Filling up the DagBag from /home/leoja/airflow/airflow_venv/lib/python3.12/site-packages/airflow/example_dags/tutorial_dag.py
[2025-06-29T12:20:19.779+0200] {processor.py:840} INFO - DAG(s) 'tutorial_dag' retrieved from /home/leoja/airflow/airflow_venv/lib/python3.12/site-packages/airflow/example_dags/tutorial_dag.py
[2025-06-29T12:20:19.790+0200] {logging_mixin.py:188} INFO - [2025-06-29T12:20:19.790+0200] {dag.py:3096} INFO - Sync 1 DAGs
[2025-06-29T12:20:19.798+0200] {logging_mixin.py:188} INFO - [2025-06-29T12:20:19.798+0200] {dag.py:3954} INFO - Setting next_dagrun for tutorial_dag to None, run_after=None
[2025-06-29T12:20:19.815+0200] {processor.py:183} INFO - Processing /home/leoja/airflow/airflow_venv/lib/python3.12/site-packages/airflow/example_dags/tutorial_dag.py took 0.046 seconds
[2025-06-29T12:21:11.501+0200] {processor.py:161} INFO - Started process (PID=67286) to work on /home/leoja/airflow/airflow_venv/lib/python3.12/site-packages/airflow/example_dags/tutorial_dag.py
[2025-06-29T12:21:11.503+0200] {processor.py:830} INFO - Processing file /home/leoja/airflow/airflow_venv/lib/python3.12/site-packages/airflow/example_dags/tutorial_dag.py for tasks to queue
[2025-06-29T12:21:11.504+0200] {logging_mixin.py:188} INFO - [2025-06-29T12:21:11.504+0200] {dagbag.py:540} INFO - Filling up the DagBag from /home/leoja/airflow/airflow_venv/lib/python3.12/site-packages/airflow/example_dags/tutorial_dag.py
[2025-06-29T12:21:11.508+0200] {processor.py:840} INFO - DAG(s) 'tutorial_dag' retrieved from /home/leoja/airflow/airflow_venv/lib/python3.12/site-packages/airflow/example_dags/tutorial_dag.py
[2025-06-29T12:21:11.520+0200] {logging_mixin.py:188} INFO - [2025-06-29T12:21:11.520+0200] {dag.py:3096} INFO - Sync 1 DAGs
[2025-06-29T12:21:11.528+0200] {logging_mixin.py:188} INFO - [2025-06-29T12:21:11.527+0200] {dag.py:3954} INFO - Setting next_dagrun for tutorial_dag to None, run_after=None
[2025-06-29T12:21:11.546+0200] {processor.py:183} INFO - Processing /home/leoja/airflow/airflow_venv/lib/python3.12/site-packages/airflow/example_dags/tutorial_dag.py took 0.049 seconds
[2025-06-29T12:22:00.682+0200] {processor.py:161} INFO - Started process (PID=67559) to work on /home/leoja/airflow/airflow_venv/lib/python3.12/site-packages/airflow/example_dags/tutorial_dag.py
[2025-06-29T12:22:00.685+0200] {processor.py:830} INFO - Processing file /home/leoja/airflow/airflow_venv/lib/python3.12/site-packages/airflow/example_dags/tutorial_dag.py for tasks to queue
[2025-06-29T12:22:00.686+0200] {logging_mixin.py:188} INFO - [2025-06-29T12:22:00.686+0200] {dagbag.py:540} INFO - Filling up the DagBag from /home/leoja/airflow/airflow_venv/lib/python3.12/site-packages/airflow/example_dags/tutorial_dag.py
[2025-06-29T12:22:00.690+0200] {processor.py:840} INFO - DAG(s) 'tutorial_dag' retrieved from /home/leoja/airflow/airflow_venv/lib/python3.12/site-packages/airflow/example_dags/tutorial_dag.py
[2025-06-29T12:22:00.704+0200] {logging_mixin.py:188} INFO - [2025-06-29T12:22:00.703+0200] {dag.py:3096} INFO - Sync 1 DAGs
[2025-06-29T12:22:00.713+0200] {logging_mixin.py:188} INFO - [2025-06-29T12:22:00.713+0200] {dag.py:3954} INFO - Setting next_dagrun for tutorial_dag to None, run_after=None
[2025-06-29T12:22:00.738+0200] {processor.py:183} INFO - Processing /home/leoja/airflow/airflow_venv/lib/python3.12/site-packages/airflow/example_dags/tutorial_dag.py took 0.061 seconds
[2025-06-29T12:22:50.005+0200] {processor.py:161} INFO - Started process (PID=67872) to work on /home/leoja/airflow/airflow_venv/lib/python3.12/site-packages/airflow/example_dags/tutorial_dag.py
[2025-06-29T12:22:50.007+0200] {processor.py:830} INFO - Processing file /home/leoja/airflow/airflow_venv/lib/python3.12/site-packages/airflow/example_dags/tutorial_dag.py for tasks to queue
[2025-06-29T12:22:50.008+0200] {logging_mixin.py:188} INFO - [2025-06-29T12:22:50.008+0200] {dagbag.py:540} INFO - Filling up the DagBag from /home/leoja/airflow/airflow_venv/lib/python3.12/site-packages/airflow/example_dags/tutorial_dag.py
[2025-06-29T12:22:50.014+0200] {processor.py:840} INFO - DAG(s) 'tutorial_dag' retrieved from /home/leoja/airflow/airflow_venv/lib/python3.12/site-packages/airflow/example_dags/tutorial_dag.py
[2025-06-29T12:22:50.026+0200] {logging_mixin.py:188} INFO - [2025-06-29T12:22:50.026+0200] {dag.py:3096} INFO - Sync 1 DAGs
[2025-06-29T12:22:50.035+0200] {logging_mixin.py:188} INFO - [2025-06-29T12:22:50.034+0200] {dag.py:3954} INFO - Setting next_dagrun for tutorial_dag to None, run_after=None
[2025-06-29T12:22:50.055+0200] {processor.py:183} INFO - Processing /home/leoja/airflow/airflow_venv/lib/python3.12/site-packages/airflow/example_dags/tutorial_dag.py took 0.055 seconds
[2025-06-29T12:23:36.397+0200] {processor.py:161} INFO - Started process (PID=68123) to work on /home/leoja/airflow/airflow_venv/lib/python3.12/site-packages/airflow/example_dags/tutorial_dag.py
[2025-06-29T12:23:36.398+0200] {processor.py:830} INFO - Processing file /home/leoja/airflow/airflow_venv/lib/python3.12/site-packages/airflow/example_dags/tutorial_dag.py for tasks to queue
[2025-06-29T12:23:36.399+0200] {logging_mixin.py:188} INFO - [2025-06-29T12:23:36.399+0200] {dagbag.py:540} INFO - Filling up the DagBag from /home/leoja/airflow/airflow_venv/lib/python3.12/site-packages/airflow/example_dags/tutorial_dag.py
[2025-06-29T12:23:36.403+0200] {processor.py:840} INFO - DAG(s) 'tutorial_dag' retrieved from /home/leoja/airflow/airflow_venv/lib/python3.12/site-packages/airflow/example_dags/tutorial_dag.py
[2025-06-29T12:23:36.417+0200] {logging_mixin.py:188} INFO - [2025-06-29T12:23:36.416+0200] {dag.py:3096} INFO - Sync 1 DAGs
[2025-06-29T12:23:36.427+0200] {logging_mixin.py:188} INFO - [2025-06-29T12:23:36.427+0200] {dag.py:3954} INFO - Setting next_dagrun for tutorial_dag to None, run_after=None
[2025-06-29T12:23:36.448+0200] {processor.py:183} INFO - Processing /home/leoja/airflow/airflow_venv/lib/python3.12/site-packages/airflow/example_dags/tutorial_dag.py took 0.055 seconds
[2025-06-29T12:24:24.643+0200] {processor.py:161} INFO - Started process (PID=68399) to work on /home/leoja/airflow/airflow_venv/lib/python3.12/site-packages/airflow/example_dags/tutorial_dag.py
[2025-06-29T12:24:24.645+0200] {processor.py:830} INFO - Processing file /home/leoja/airflow/airflow_venv/lib/python3.12/site-packages/airflow/example_dags/tutorial_dag.py for tasks to queue
[2025-06-29T12:24:24.646+0200] {logging_mixin.py:188} INFO - [2025-06-29T12:24:24.646+0200] {dagbag.py:540} INFO - Filling up the DagBag from /home/leoja/airflow/airflow_venv/lib/python3.12/site-packages/airflow/example_dags/tutorial_dag.py
[2025-06-29T12:24:24.652+0200] {processor.py:840} INFO - DAG(s) 'tutorial_dag' retrieved from /home/leoja/airflow/airflow_venv/lib/python3.12/site-packages/airflow/example_dags/tutorial_dag.py
[2025-06-29T12:24:24.664+0200] {logging_mixin.py:188} INFO - [2025-06-29T12:24:24.663+0200] {dag.py:3096} INFO - Sync 1 DAGs
[2025-06-29T12:24:24.673+0200] {logging_mixin.py:188} INFO - [2025-06-29T12:24:24.673+0200] {dag.py:3954} INFO - Setting next_dagrun for tutorial_dag to None, run_after=None
[2025-06-29T12:24:24.694+0200] {processor.py:183} INFO - Processing /home/leoja/airflow/airflow_venv/lib/python3.12/site-packages/airflow/example_dags/tutorial_dag.py took 0.056 seconds
[2025-06-29T12:25:09.499+0200] {processor.py:161} INFO - Started process (PID=68668) to work on /home/leoja/airflow/airflow_venv/lib/python3.12/site-packages/airflow/example_dags/tutorial_dag.py
[2025-06-29T12:25:09.500+0200] {processor.py:830} INFO - Processing file /home/leoja/airflow/airflow_venv/lib/python3.12/site-packages/airflow/example_dags/tutorial_dag.py for tasks to queue
[2025-06-29T12:25:09.501+0200] {logging_mixin.py:188} INFO - [2025-06-29T12:25:09.501+0200] {dagbag.py:540} INFO - Filling up the DagBag from /home/leoja/airflow/airflow_venv/lib/python3.12/site-packages/airflow/example_dags/tutorial_dag.py
[2025-06-29T12:25:09.505+0200] {processor.py:840} INFO - DAG(s) 'tutorial_dag' retrieved from /home/leoja/airflow/airflow_venv/lib/python3.12/site-packages/airflow/example_dags/tutorial_dag.py
[2025-06-29T12:25:09.517+0200] {logging_mixin.py:188} INFO - [2025-06-29T12:25:09.516+0200] {dag.py:3096} INFO - Sync 1 DAGs
[2025-06-29T12:25:09.525+0200] {logging_mixin.py:188} INFO - [2025-06-29T12:25:09.525+0200] {dag.py:3954} INFO - Setting next_dagrun for tutorial_dag to None, run_after=None
[2025-06-29T12:25:09.546+0200] {processor.py:183} INFO - Processing /home/leoja/airflow/airflow_venv/lib/python3.12/site-packages/airflow/example_dags/tutorial_dag.py took 0.052 seconds
[2025-06-29T12:26:10.836+0200] {processor.py:161} INFO - Started process (PID=69020) to work on /home/leoja/airflow/airflow_venv/lib/python3.12/site-packages/airflow/example_dags/tutorial_dag.py
[2025-06-29T12:26:10.837+0200] {processor.py:830} INFO - Processing file /home/leoja/airflow/airflow_venv/lib/python3.12/site-packages/airflow/example_dags/tutorial_dag.py for tasks to queue
[2025-06-29T12:26:10.839+0200] {logging_mixin.py:188} INFO - [2025-06-29T12:26:10.838+0200] {dagbag.py:540} INFO - Filling up the DagBag from /home/leoja/airflow/airflow_venv/lib/python3.12/site-packages/airflow/example_dags/tutorial_dag.py
[2025-06-29T12:26:10.843+0200] {processor.py:840} INFO - DAG(s) 'tutorial_dag' retrieved from /home/leoja/airflow/airflow_venv/lib/python3.12/site-packages/airflow/example_dags/tutorial_dag.py
[2025-06-29T12:26:10.853+0200] {logging_mixin.py:188} INFO - [2025-06-29T12:26:10.853+0200] {dag.py:3096} INFO - Sync 1 DAGs
[2025-06-29T12:26:10.862+0200] {logging_mixin.py:188} INFO - [2025-06-29T12:26:10.861+0200] {dag.py:3954} INFO - Setting next_dagrun for tutorial_dag to None, run_after=None
[2025-06-29T12:26:10.880+0200] {processor.py:183} INFO - Processing /home/leoja/airflow/airflow_venv/lib/python3.12/site-packages/airflow/example_dags/tutorial_dag.py took 0.047 seconds
[2025-06-29T12:26:56.825+0200] {processor.py:161} INFO - Started process (PID=69273) to work on /home/leoja/airflow/airflow_venv/lib/python3.12/site-packages/airflow/example_dags/tutorial_dag.py
[2025-06-29T12:26:56.826+0200] {processor.py:830} INFO - Processing file /home/leoja/airflow/airflow_venv/lib/python3.12/site-packages/airflow/example_dags/tutorial_dag.py for tasks to queue
[2025-06-29T12:26:56.827+0200] {logging_mixin.py:188} INFO - [2025-06-29T12:26:56.827+0200] {dagbag.py:540} INFO - Filling up the DagBag from /home/leoja/airflow/airflow_venv/lib/python3.12/site-packages/airflow/example_dags/tutorial_dag.py
[2025-06-29T12:26:56.831+0200] {processor.py:840} INFO - DAG(s) 'tutorial_dag' retrieved from /home/leoja/airflow/airflow_venv/lib/python3.12/site-packages/airflow/example_dags/tutorial_dag.py
[2025-06-29T12:26:56.842+0200] {logging_mixin.py:188} INFO - [2025-06-29T12:26:56.842+0200] {dag.py:3096} INFO - Sync 1 DAGs
[2025-06-29T12:26:56.850+0200] {logging_mixin.py:188} INFO - [2025-06-29T12:26:56.849+0200] {dag.py:3954} INFO - Setting next_dagrun for tutorial_dag to None, run_after=None
[2025-06-29T12:26:56.869+0200] {processor.py:183} INFO - Processing /home/leoja/airflow/airflow_venv/lib/python3.12/site-packages/airflow/example_dags/tutorial_dag.py took 0.049 seconds
[2025-06-29T12:27:40.813+0200] {processor.py:161} INFO - Started process (PID=69544) to work on /home/leoja/airflow/airflow_venv/lib/python3.12/site-packages/airflow/example_dags/tutorial_dag.py
[2025-06-29T12:27:40.814+0200] {processor.py:830} INFO - Processing file /home/leoja/airflow/airflow_venv/lib/python3.12/site-packages/airflow/example_dags/tutorial_dag.py for tasks to queue
[2025-06-29T12:27:40.815+0200] {logging_mixin.py:188} INFO - [2025-06-29T12:27:40.815+0200] {dagbag.py:540} INFO - Filling up the DagBag from /home/leoja/airflow/airflow_venv/lib/python3.12/site-packages/airflow/example_dags/tutorial_dag.py
[2025-06-29T12:27:40.819+0200] {processor.py:840} INFO - DAG(s) 'tutorial_dag' retrieved from /home/leoja/airflow/airflow_venv/lib/python3.12/site-packages/airflow/example_dags/tutorial_dag.py
[2025-06-29T12:27:40.830+0200] {logging_mixin.py:188} INFO - [2025-06-29T12:27:40.830+0200] {dag.py:3096} INFO - Sync 1 DAGs
[2025-06-29T12:27:40.838+0200] {logging_mixin.py:188} INFO - [2025-06-29T12:27:40.838+0200] {dag.py:3954} INFO - Setting next_dagrun for tutorial_dag to None, run_after=None
[2025-06-29T12:27:40.855+0200] {processor.py:183} INFO - Processing /home/leoja/airflow/airflow_venv/lib/python3.12/site-packages/airflow/example_dags/tutorial_dag.py took 0.047 seconds
[2025-06-29T12:28:28.983+0200] {processor.py:161} INFO - Started process (PID=69790) to work on /home/leoja/airflow/airflow_venv/lib/python3.12/site-packages/airflow/example_dags/tutorial_dag.py
[2025-06-29T12:28:28.984+0200] {processor.py:830} INFO - Processing file /home/leoja/airflow/airflow_venv/lib/python3.12/site-packages/airflow/example_dags/tutorial_dag.py for tasks to queue
[2025-06-29T12:28:28.985+0200] {logging_mixin.py:188} INFO - [2025-06-29T12:28:28.985+0200] {dagbag.py:540} INFO - Filling up the DagBag from /home/leoja/airflow/airflow_venv/lib/python3.12/site-packages/airflow/example_dags/tutorial_dag.py
[2025-06-29T12:28:28.989+0200] {processor.py:840} INFO - DAG(s) 'tutorial_dag' retrieved from /home/leoja/airflow/airflow_venv/lib/python3.12/site-packages/airflow/example_dags/tutorial_dag.py
[2025-06-29T12:28:29.001+0200] {logging_mixin.py:188} INFO - [2025-06-29T12:28:29.001+0200] {dag.py:3096} INFO - Sync 1 DAGs
[2025-06-29T12:28:29.109+0200] {logging_mixin.py:188} INFO - [2025-06-29T12:28:29.109+0200] {dag.py:3954} INFO - Setting next_dagrun for tutorial_dag to None, run_after=None
[2025-06-29T12:28:29.132+0200] {processor.py:183} INFO - Processing /home/leoja/airflow/airflow_venv/lib/python3.12/site-packages/airflow/example_dags/tutorial_dag.py took 0.154 seconds
[2025-06-29T12:29:16.487+0200] {processor.py:161} INFO - Started process (PID=70065) to work on /home/leoja/airflow/airflow_venv/lib/python3.12/site-packages/airflow/example_dags/tutorial_dag.py
[2025-06-29T12:29:16.488+0200] {processor.py:830} INFO - Processing file /home/leoja/airflow/airflow_venv/lib/python3.12/site-packages/airflow/example_dags/tutorial_dag.py for tasks to queue
[2025-06-29T12:29:16.490+0200] {logging_mixin.py:188} INFO - [2025-06-29T12:29:16.490+0200] {dagbag.py:540} INFO - Filling up the DagBag from /home/leoja/airflow/airflow_venv/lib/python3.12/site-packages/airflow/example_dags/tutorial_dag.py
[2025-06-29T12:29:16.495+0200] {processor.py:840} INFO - DAG(s) 'tutorial_dag' retrieved from /home/leoja/airflow/airflow_venv/lib/python3.12/site-packages/airflow/example_dags/tutorial_dag.py
[2025-06-29T12:29:16.509+0200] {logging_mixin.py:188} INFO - [2025-06-29T12:29:16.509+0200] {dag.py:3096} INFO - Sync 1 DAGs
[2025-06-29T12:29:16.522+0200] {logging_mixin.py:188} INFO - [2025-06-29T12:29:16.522+0200] {dag.py:3954} INFO - Setting next_dagrun for tutorial_dag to None, run_after=None
[2025-06-29T12:29:16.544+0200] {processor.py:183} INFO - Processing /home/leoja/airflow/airflow_venv/lib/python3.12/site-packages/airflow/example_dags/tutorial_dag.py took 0.064 seconds
[2025-06-29T12:30:00.467+0200] {processor.py:161} INFO - Started process (PID=70315) to work on /home/leoja/airflow/airflow_venv/lib/python3.12/site-packages/airflow/example_dags/tutorial_dag.py
[2025-06-29T12:30:00.468+0200] {processor.py:830} INFO - Processing file /home/leoja/airflow/airflow_venv/lib/python3.12/site-packages/airflow/example_dags/tutorial_dag.py for tasks to queue
[2025-06-29T12:30:00.470+0200] {logging_mixin.py:188} INFO - [2025-06-29T12:30:00.469+0200] {dagbag.py:540} INFO - Filling up the DagBag from /home/leoja/airflow/airflow_venv/lib/python3.12/site-packages/airflow/example_dags/tutorial_dag.py
[2025-06-29T12:30:00.474+0200] {processor.py:840} INFO - DAG(s) 'tutorial_dag' retrieved from /home/leoja/airflow/airflow_venv/lib/python3.12/site-packages/airflow/example_dags/tutorial_dag.py
[2025-06-29T12:30:00.485+0200] {logging_mixin.py:188} INFO - [2025-06-29T12:30:00.485+0200] {dag.py:3096} INFO - Sync 1 DAGs
[2025-06-29T12:30:00.497+0200] {logging_mixin.py:188} INFO - [2025-06-29T12:30:00.497+0200] {dag.py:3954} INFO - Setting next_dagrun for tutorial_dag to None, run_after=None
[2025-06-29T12:30:00.522+0200] {processor.py:183} INFO - Processing /home/leoja/airflow/airflow_venv/lib/python3.12/site-packages/airflow/example_dags/tutorial_dag.py took 0.059 seconds
[2025-06-29T12:30:46.826+0200] {processor.py:161} INFO - Started process (PID=70587) to work on /home/leoja/airflow/airflow_venv/lib/python3.12/site-packages/airflow/example_dags/tutorial_dag.py
[2025-06-29T12:30:46.828+0200] {processor.py:830} INFO - Processing file /home/leoja/airflow/airflow_venv/lib/python3.12/site-packages/airflow/example_dags/tutorial_dag.py for tasks to queue
[2025-06-29T12:30:46.829+0200] {logging_mixin.py:188} INFO - [2025-06-29T12:30:46.829+0200] {dagbag.py:540} INFO - Filling up the DagBag from /home/leoja/airflow/airflow_venv/lib/python3.12/site-packages/airflow/example_dags/tutorial_dag.py
[2025-06-29T12:30:46.833+0200] {processor.py:840} INFO - DAG(s) 'tutorial_dag' retrieved from /home/leoja/airflow/airflow_venv/lib/python3.12/site-packages/airflow/example_dags/tutorial_dag.py
[2025-06-29T12:30:46.844+0200] {logging_mixin.py:188} INFO - [2025-06-29T12:30:46.844+0200] {dag.py:3096} INFO - Sync 1 DAGs
[2025-06-29T12:30:46.853+0200] {logging_mixin.py:188} INFO - [2025-06-29T12:30:46.852+0200] {dag.py:3954} INFO - Setting next_dagrun for tutorial_dag to None, run_after=None
[2025-06-29T12:30:46.873+0200] {processor.py:183} INFO - Processing /home/leoja/airflow/airflow_venv/lib/python3.12/site-packages/airflow/example_dags/tutorial_dag.py took 0.051 seconds
[2025-06-29T12:31:29.045+0200] {processor.py:161} INFO - Started process (PID=70829) to work on /home/leoja/airflow/airflow_venv/lib/python3.12/site-packages/airflow/example_dags/tutorial_dag.py
[2025-06-29T12:31:29.046+0200] {processor.py:830} INFO - Processing file /home/leoja/airflow/airflow_venv/lib/python3.12/site-packages/airflow/example_dags/tutorial_dag.py for tasks to queue
[2025-06-29T12:31:29.047+0200] {logging_mixin.py:188} INFO - [2025-06-29T12:31:29.047+0200] {dagbag.py:540} INFO - Filling up the DagBag from /home/leoja/airflow/airflow_venv/lib/python3.12/site-packages/airflow/example_dags/tutorial_dag.py
[2025-06-29T12:31:29.051+0200] {processor.py:840} INFO - DAG(s) 'tutorial_dag' retrieved from /home/leoja/airflow/airflow_venv/lib/python3.12/site-packages/airflow/example_dags/tutorial_dag.py
[2025-06-29T12:31:29.062+0200] {logging_mixin.py:188} INFO - [2025-06-29T12:31:29.062+0200] {dag.py:3096} INFO - Sync 1 DAGs
[2025-06-29T12:31:29.070+0200] {logging_mixin.py:188} INFO - [2025-06-29T12:31:29.070+0200] {dag.py:3954} INFO - Setting next_dagrun for tutorial_dag to None, run_after=None
[2025-06-29T12:31:29.094+0200] {processor.py:183} INFO - Processing /home/leoja/airflow/airflow_venv/lib/python3.12/site-packages/airflow/example_dags/tutorial_dag.py took 0.053 seconds
[2025-06-29T12:37:33.565+0200] {processor.py:161} INFO - Started process (PID=71208) to work on /home/leoja/airflow/airflow_venv/lib/python3.12/site-packages/airflow/example_dags/tutorial_dag.py
[2025-06-29T12:37:33.567+0200] {processor.py:830} INFO - Processing file /home/leoja/airflow/airflow_venv/lib/python3.12/site-packages/airflow/example_dags/tutorial_dag.py for tasks to queue
[2025-06-29T12:37:33.569+0200] {logging_mixin.py:188} INFO - [2025-06-29T12:37:33.568+0200] {dagbag.py:540} INFO - Filling up the DagBag from /home/leoja/airflow/airflow_venv/lib/python3.12/site-packages/airflow/example_dags/tutorial_dag.py
[2025-06-29T12:37:33.575+0200] {processor.py:840} INFO - DAG(s) 'tutorial_dag' retrieved from /home/leoja/airflow/airflow_venv/lib/python3.12/site-packages/airflow/example_dags/tutorial_dag.py
[2025-06-29T12:37:33.594+0200] {logging_mixin.py:188} INFO - [2025-06-29T12:37:33.594+0200] {dag.py:3096} INFO - Sync 1 DAGs
[2025-06-29T12:37:33.602+0200] {logging_mixin.py:188} INFO - [2025-06-29T12:37:33.602+0200] {dag.py:3954} INFO - Setting next_dagrun for tutorial_dag to None, run_after=None
[2025-06-29T12:37:33.622+0200] {processor.py:183} INFO - Processing /home/leoja/airflow/airflow_venv/lib/python3.12/site-packages/airflow/example_dags/tutorial_dag.py took 0.062 seconds
[2025-06-29T12:38:27.465+0200] {processor.py:161} INFO - Started process (PID=71490) to work on /home/leoja/airflow/airflow_venv/lib/python3.12/site-packages/airflow/example_dags/tutorial_dag.py
[2025-06-29T12:38:27.467+0200] {processor.py:830} INFO - Processing file /home/leoja/airflow/airflow_venv/lib/python3.12/site-packages/airflow/example_dags/tutorial_dag.py for tasks to queue
[2025-06-29T12:38:27.471+0200] {logging_mixin.py:188} INFO - [2025-06-29T12:38:27.469+0200] {dagbag.py:540} INFO - Filling up the DagBag from /home/leoja/airflow/airflow_venv/lib/python3.12/site-packages/airflow/example_dags/tutorial_dag.py
[2025-06-29T12:38:27.476+0200] {processor.py:840} INFO - DAG(s) 'tutorial_dag' retrieved from /home/leoja/airflow/airflow_venv/lib/python3.12/site-packages/airflow/example_dags/tutorial_dag.py
[2025-06-29T12:38:27.487+0200] {logging_mixin.py:188} INFO - [2025-06-29T12:38:27.487+0200] {dag.py:3096} INFO - Sync 1 DAGs
[2025-06-29T12:38:27.497+0200] {logging_mixin.py:188} INFO - [2025-06-29T12:38:27.496+0200] {dag.py:3954} INFO - Setting next_dagrun for tutorial_dag to None, run_after=None
[2025-06-29T12:38:27.523+0200] {processor.py:183} INFO - Processing /home/leoja/airflow/airflow_venv/lib/python3.12/site-packages/airflow/example_dags/tutorial_dag.py took 0.072 seconds
[2025-06-29T12:39:16.287+0200] {processor.py:161} INFO - Started process (PID=71764) to work on /home/leoja/airflow/airflow_venv/lib/python3.12/site-packages/airflow/example_dags/tutorial_dag.py
[2025-06-29T12:39:16.290+0200] {processor.py:830} INFO - Processing file /home/leoja/airflow/airflow_venv/lib/python3.12/site-packages/airflow/example_dags/tutorial_dag.py for tasks to queue
[2025-06-29T12:39:16.292+0200] {logging_mixin.py:188} INFO - [2025-06-29T12:39:16.291+0200] {dagbag.py:540} INFO - Filling up the DagBag from /home/leoja/airflow/airflow_venv/lib/python3.12/site-packages/airflow/example_dags/tutorial_dag.py
[2025-06-29T12:39:16.299+0200] {processor.py:840} INFO - DAG(s) 'tutorial_dag' retrieved from /home/leoja/airflow/airflow_venv/lib/python3.12/site-packages/airflow/example_dags/tutorial_dag.py
[2025-06-29T12:39:16.313+0200] {logging_mixin.py:188} INFO - [2025-06-29T12:39:16.313+0200] {dag.py:3096} INFO - Sync 1 DAGs
[2025-06-29T12:39:16.326+0200] {logging_mixin.py:188} INFO - [2025-06-29T12:39:16.325+0200] {dag.py:3954} INFO - Setting next_dagrun for tutorial_dag to None, run_after=None
[2025-06-29T12:39:16.350+0200] {processor.py:183} INFO - Processing /home/leoja/airflow/airflow_venv/lib/python3.12/site-packages/airflow/example_dags/tutorial_dag.py took 0.070 seconds
[2025-06-29T12:39:59.074+0200] {processor.py:161} INFO - Started process (PID=72020) to work on /home/leoja/airflow/airflow_venv/lib/python3.12/site-packages/airflow/example_dags/tutorial_dag.py
[2025-06-29T12:39:59.075+0200] {processor.py:830} INFO - Processing file /home/leoja/airflow/airflow_venv/lib/python3.12/site-packages/airflow/example_dags/tutorial_dag.py for tasks to queue
[2025-06-29T12:39:59.076+0200] {logging_mixin.py:188} INFO - [2025-06-29T12:39:59.076+0200] {dagbag.py:540} INFO - Filling up the DagBag from /home/leoja/airflow/airflow_venv/lib/python3.12/site-packages/airflow/example_dags/tutorial_dag.py
[2025-06-29T12:39:59.080+0200] {processor.py:840} INFO - DAG(s) 'tutorial_dag' retrieved from /home/leoja/airflow/airflow_venv/lib/python3.12/site-packages/airflow/example_dags/tutorial_dag.py
[2025-06-29T12:39:59.091+0200] {logging_mixin.py:188} INFO - [2025-06-29T12:39:59.091+0200] {dag.py:3096} INFO - Sync 1 DAGs
[2025-06-29T12:39:59.099+0200] {logging_mixin.py:188} INFO - [2025-06-29T12:39:59.098+0200] {dag.py:3954} INFO - Setting next_dagrun for tutorial_dag to None, run_after=None
[2025-06-29T12:39:59.117+0200] {processor.py:183} INFO - Processing /home/leoja/airflow/airflow_venv/lib/python3.12/site-packages/airflow/example_dags/tutorial_dag.py took 0.047 seconds
[2025-06-29T12:40:44.327+0200] {processor.py:161} INFO - Started process (PID=72288) to work on /home/leoja/airflow/airflow_venv/lib/python3.12/site-packages/airflow/example_dags/tutorial_dag.py
[2025-06-29T12:40:44.328+0200] {processor.py:830} INFO - Processing file /home/leoja/airflow/airflow_venv/lib/python3.12/site-packages/airflow/example_dags/tutorial_dag.py for tasks to queue
[2025-06-29T12:40:44.330+0200] {logging_mixin.py:188} INFO - [2025-06-29T12:40:44.329+0200] {dagbag.py:540} INFO - Filling up the DagBag from /home/leoja/airflow/airflow_venv/lib/python3.12/site-packages/airflow/example_dags/tutorial_dag.py
[2025-06-29T12:40:44.334+0200] {processor.py:840} INFO - DAG(s) 'tutorial_dag' retrieved from /home/leoja/airflow/airflow_venv/lib/python3.12/site-packages/airflow/example_dags/tutorial_dag.py
[2025-06-29T12:40:44.345+0200] {logging_mixin.py:188} INFO - [2025-06-29T12:40:44.345+0200] {dag.py:3096} INFO - Sync 1 DAGs
[2025-06-29T12:40:44.352+0200] {logging_mixin.py:188} INFO - [2025-06-29T12:40:44.352+0200] {dag.py:3954} INFO - Setting next_dagrun for tutorial_dag to None, run_after=None
[2025-06-29T12:40:44.371+0200] {processor.py:183} INFO - Processing /home/leoja/airflow/airflow_venv/lib/python3.12/site-packages/airflow/example_dags/tutorial_dag.py took 0.048 seconds
[2025-06-29T12:41:29.360+0200] {processor.py:161} INFO - Started process (PID=72537) to work on /home/leoja/airflow/airflow_venv/lib/python3.12/site-packages/airflow/example_dags/tutorial_dag.py
[2025-06-29T12:41:29.361+0200] {processor.py:830} INFO - Processing file /home/leoja/airflow/airflow_venv/lib/python3.12/site-packages/airflow/example_dags/tutorial_dag.py for tasks to queue
[2025-06-29T12:41:29.363+0200] {logging_mixin.py:188} INFO - [2025-06-29T12:41:29.362+0200] {dagbag.py:540} INFO - Filling up the DagBag from /home/leoja/airflow/airflow_venv/lib/python3.12/site-packages/airflow/example_dags/tutorial_dag.py
[2025-06-29T12:41:29.367+0200] {processor.py:840} INFO - DAG(s) 'tutorial_dag' retrieved from /home/leoja/airflow/airflow_venv/lib/python3.12/site-packages/airflow/example_dags/tutorial_dag.py
[2025-06-29T12:41:29.378+0200] {logging_mixin.py:188} INFO - [2025-06-29T12:41:29.378+0200] {dag.py:3096} INFO - Sync 1 DAGs
[2025-06-29T12:41:29.386+0200] {logging_mixin.py:188} INFO - [2025-06-29T12:41:29.386+0200] {dag.py:3954} INFO - Setting next_dagrun for tutorial_dag to None, run_after=None
[2025-06-29T12:41:29.407+0200] {processor.py:183} INFO - Processing /home/leoja/airflow/airflow_venv/lib/python3.12/site-packages/airflow/example_dags/tutorial_dag.py took 0.052 seconds
[2025-06-29T12:42:33.079+0200] {processor.py:161} INFO - Started process (PID=72913) to work on /home/leoja/airflow/airflow_venv/lib/python3.12/site-packages/airflow/example_dags/tutorial_dag.py
[2025-06-29T12:42:33.080+0200] {processor.py:830} INFO - Processing file /home/leoja/airflow/airflow_venv/lib/python3.12/site-packages/airflow/example_dags/tutorial_dag.py for tasks to queue
[2025-06-29T12:42:33.081+0200] {logging_mixin.py:188} INFO - [2025-06-29T12:42:33.081+0200] {dagbag.py:540} INFO - Filling up the DagBag from /home/leoja/airflow/airflow_venv/lib/python3.12/site-packages/airflow/example_dags/tutorial_dag.py
[2025-06-29T12:42:33.085+0200] {processor.py:840} INFO - DAG(s) 'tutorial_dag' retrieved from /home/leoja/airflow/airflow_venv/lib/python3.12/site-packages/airflow/example_dags/tutorial_dag.py
[2025-06-29T12:42:33.097+0200] {logging_mixin.py:188} INFO - [2025-06-29T12:42:33.097+0200] {dag.py:3096} INFO - Sync 1 DAGs
[2025-06-29T12:42:33.111+0200] {logging_mixin.py:188} INFO - [2025-06-29T12:42:33.111+0200] {dag.py:3954} INFO - Setting next_dagrun for tutorial_dag to None, run_after=None
[2025-06-29T12:42:33.134+0200] {processor.py:183} INFO - Processing /home/leoja/airflow/airflow_venv/lib/python3.12/site-packages/airflow/example_dags/tutorial_dag.py took 0.060 seconds
[2025-06-29T12:43:36.689+0200] {processor.py:161} INFO - Started process (PID=73294) to work on /home/leoja/airflow/airflow_venv/lib/python3.12/site-packages/airflow/example_dags/tutorial_dag.py
[2025-06-29T12:43:36.691+0200] {processor.py:830} INFO - Processing file /home/leoja/airflow/airflow_venv/lib/python3.12/site-packages/airflow/example_dags/tutorial_dag.py for tasks to queue
[2025-06-29T12:43:36.692+0200] {logging_mixin.py:188} INFO - [2025-06-29T12:43:36.692+0200] {dagbag.py:540} INFO - Filling up the DagBag from /home/leoja/airflow/airflow_venv/lib/python3.12/site-packages/airflow/example_dags/tutorial_dag.py
[2025-06-29T12:43:36.696+0200] {processor.py:840} INFO - DAG(s) 'tutorial_dag' retrieved from /home/leoja/airflow/airflow_venv/lib/python3.12/site-packages/airflow/example_dags/tutorial_dag.py
[2025-06-29T12:43:36.708+0200] {logging_mixin.py:188} INFO - [2025-06-29T12:43:36.708+0200] {dag.py:3096} INFO - Sync 1 DAGs
[2025-06-29T12:43:36.716+0200] {logging_mixin.py:188} INFO - [2025-06-29T12:43:36.716+0200] {dag.py:3954} INFO - Setting next_dagrun for tutorial_dag to None, run_after=None
[2025-06-29T12:43:36.732+0200] {processor.py:183} INFO - Processing /home/leoja/airflow/airflow_venv/lib/python3.12/site-packages/airflow/example_dags/tutorial_dag.py took 0.047 seconds
[2025-06-29T12:44:21.231+0200] {processor.py:161} INFO - Started process (PID=73562) to work on /home/leoja/airflow/airflow_venv/lib/python3.12/site-packages/airflow/example_dags/tutorial_dag.py
[2025-06-29T12:44:21.232+0200] {processor.py:830} INFO - Processing file /home/leoja/airflow/airflow_venv/lib/python3.12/site-packages/airflow/example_dags/tutorial_dag.py for tasks to queue
[2025-06-29T12:44:21.233+0200] {logging_mixin.py:188} INFO - [2025-06-29T12:44:21.233+0200] {dagbag.py:540} INFO - Filling up the DagBag from /home/leoja/airflow/airflow_venv/lib/python3.12/site-packages/airflow/example_dags/tutorial_dag.py
[2025-06-29T12:44:21.237+0200] {processor.py:840} INFO - DAG(s) 'tutorial_dag' retrieved from /home/leoja/airflow/airflow_venv/lib/python3.12/site-packages/airflow/example_dags/tutorial_dag.py
[2025-06-29T12:44:21.249+0200] {logging_mixin.py:188} INFO - [2025-06-29T12:44:21.249+0200] {dag.py:3096} INFO - Sync 1 DAGs
[2025-06-29T12:44:21.257+0200] {logging_mixin.py:188} INFO - [2025-06-29T12:44:21.257+0200] {dag.py:3954} INFO - Setting next_dagrun for tutorial_dag to None, run_after=None
[2025-06-29T12:44:21.276+0200] {processor.py:183} INFO - Processing /home/leoja/airflow/airflow_venv/lib/python3.12/site-packages/airflow/example_dags/tutorial_dag.py took 0.050 seconds
[2025-06-29T12:45:06.532+0200] {processor.py:161} INFO - Started process (PID=73835) to work on /home/leoja/airflow/airflow_venv/lib/python3.12/site-packages/airflow/example_dags/tutorial_dag.py
[2025-06-29T12:45:06.533+0200] {processor.py:830} INFO - Processing file /home/leoja/airflow/airflow_venv/lib/python3.12/site-packages/airflow/example_dags/tutorial_dag.py for tasks to queue
[2025-06-29T12:45:06.534+0200] {logging_mixin.py:188} INFO - [2025-06-29T12:45:06.534+0200] {dagbag.py:540} INFO - Filling up the DagBag from /home/leoja/airflow/airflow_venv/lib/python3.12/site-packages/airflow/example_dags/tutorial_dag.py
[2025-06-29T12:45:06.539+0200] {processor.py:840} INFO - DAG(s) 'tutorial_dag' retrieved from /home/leoja/airflow/airflow_venv/lib/python3.12/site-packages/airflow/example_dags/tutorial_dag.py
[2025-06-29T12:45:06.549+0200] {logging_mixin.py:188} INFO - [2025-06-29T12:45:06.549+0200] {dag.py:3096} INFO - Sync 1 DAGs
[2025-06-29T12:45:06.557+0200] {logging_mixin.py:188} INFO - [2025-06-29T12:45:06.557+0200] {dag.py:3954} INFO - Setting next_dagrun for tutorial_dag to None, run_after=None
[2025-06-29T12:45:06.574+0200] {processor.py:183} INFO - Processing /home/leoja/airflow/airflow_venv/lib/python3.12/site-packages/airflow/example_dags/tutorial_dag.py took 0.047 seconds
[2025-06-29T12:45:55.767+0200] {processor.py:161} INFO - Started process (PID=74111) to work on /home/leoja/airflow/airflow_venv/lib/python3.12/site-packages/airflow/example_dags/tutorial_dag.py
[2025-06-29T12:45:55.768+0200] {processor.py:830} INFO - Processing file /home/leoja/airflow/airflow_venv/lib/python3.12/site-packages/airflow/example_dags/tutorial_dag.py for tasks to queue
[2025-06-29T12:45:55.770+0200] {logging_mixin.py:188} INFO - [2025-06-29T12:45:55.769+0200] {dagbag.py:540} INFO - Filling up the DagBag from /home/leoja/airflow/airflow_venv/lib/python3.12/site-packages/airflow/example_dags/tutorial_dag.py
[2025-06-29T12:45:55.775+0200] {processor.py:840} INFO - DAG(s) 'tutorial_dag' retrieved from /home/leoja/airflow/airflow_venv/lib/python3.12/site-packages/airflow/example_dags/tutorial_dag.py
[2025-06-29T12:45:55.788+0200] {logging_mixin.py:188} INFO - [2025-06-29T12:45:55.788+0200] {dag.py:3096} INFO - Sync 1 DAGs
[2025-06-29T12:45:55.796+0200] {logging_mixin.py:188} INFO - [2025-06-29T12:45:55.796+0200] {dag.py:3954} INFO - Setting next_dagrun for tutorial_dag to None, run_after=None
[2025-06-29T12:45:55.814+0200] {processor.py:183} INFO - Processing /home/leoja/airflow/airflow_venv/lib/python3.12/site-packages/airflow/example_dags/tutorial_dag.py took 0.052 seconds
[2025-06-29T12:46:46.116+0200] {processor.py:161} INFO - Started process (PID=74386) to work on /home/leoja/airflow/airflow_venv/lib/python3.12/site-packages/airflow/example_dags/tutorial_dag.py
[2025-06-29T12:46:46.117+0200] {processor.py:830} INFO - Processing file /home/leoja/airflow/airflow_venv/lib/python3.12/site-packages/airflow/example_dags/tutorial_dag.py for tasks to queue
[2025-06-29T12:46:46.118+0200] {logging_mixin.py:188} INFO - [2025-06-29T12:46:46.118+0200] {dagbag.py:540} INFO - Filling up the DagBag from /home/leoja/airflow/airflow_venv/lib/python3.12/site-packages/airflow/example_dags/tutorial_dag.py
[2025-06-29T12:46:46.123+0200] {processor.py:840} INFO - DAG(s) 'tutorial_dag' retrieved from /home/leoja/airflow/airflow_venv/lib/python3.12/site-packages/airflow/example_dags/tutorial_dag.py
[2025-06-29T12:46:46.135+0200] {logging_mixin.py:188} INFO - [2025-06-29T12:46:46.135+0200] {dag.py:3096} INFO - Sync 1 DAGs
[2025-06-29T12:46:46.144+0200] {logging_mixin.py:188} INFO - [2025-06-29T12:46:46.144+0200] {dag.py:3954} INFO - Setting next_dagrun for tutorial_dag to None, run_after=None
[2025-06-29T12:46:46.166+0200] {processor.py:183} INFO - Processing /home/leoja/airflow/airflow_venv/lib/python3.12/site-packages/airflow/example_dags/tutorial_dag.py took 0.054 seconds
