[2025-06-13T20:34:17.494+0200] {local_task_job_runner.py:120} INFO - ::group::Pre task execution logs
[2025-06-13T20:34:17.513+0200] {taskinstance.py:2073} INFO - Dependencies all met for dep_context=non-requeueable deps ti=<TaskInstance: macro_trading_dag.fetch_data manual__2025-06-13T18:34:11.743359+00:00 [queued]>
[2025-06-13T20:34:17.517+0200] {taskinstance.py:2073} INFO - Dependencies all met for dep_context=requeueable deps ti=<TaskInstance: macro_trading_dag.fetch_data manual__2025-06-13T18:34:11.743359+00:00 [queued]>
[2025-06-13T20:34:17.517+0200] {taskinstance.py:2303} INFO - Starting attempt 1 of 3
[2025-06-13T20:34:17.532+0200] {taskinstance.py:2327} INFO - Executing <Task(PythonOperator): fetch_data> on 2025-06-13 18:34:11.743359+00:00
[2025-06-13T20:34:17.543+0200] {standard_task_runner.py:90} INFO - Running: ['airflow', 'tasks', 'run', 'macro_trading_dag', 'fetch_data', 'manual__2025-06-13T18:34:11.743359+00:00', '--job-id', '529', '--raw', '--subdir', 'DAGS_FOLDER/macro_trading_dag.py', '--cfg-path', '/tmp/tmptponyeth']
[2025-06-13T20:34:17.544+0200] {standard_task_runner.py:91} INFO - Job 529: Subtask fetch_data
[2025-06-13T20:34:17.549+0200] {logging_mixin.py:188} WARNING - /home/leoja/airflow/airflow_venv/lib/python3.12/site-packages/airflow/task/task_runner/standard_task_runner.py:61 DeprecationWarning: This process (pid=544595) is multi-threaded, use of fork() may lead to deadlocks in the child.
[2025-06-13T20:34:17.549+0200] {standard_task_runner.py:63} INFO - Started process 544630 to run task
[2025-06-13T20:34:17.651+0200] {task_command.py:426} INFO - Running <TaskInstance: macro_trading_dag.fetch_data manual__2025-06-13T18:34:11.743359+00:00 [running]> on host N15I711-16GR512.localdomain
[2025-06-13T20:34:17.754+0200] {taskinstance.py:2644} INFO - Exporting env vars: AIRFLOW_CTX_DAG_OWNER='airflow' AIRFLOW_CTX_DAG_ID='macro_trading_dag' AIRFLOW_CTX_TASK_ID='fetch_data' AIRFLOW_CTX_EXECUTION_DATE='2025-06-13T18:34:11.743359+00:00' AIRFLOW_CTX_TRY_NUMBER='1' AIRFLOW_CTX_DAG_RUN_ID='manual__2025-06-13T18:34:11.743359+00:00'
[2025-06-13T20:34:17.756+0200] {taskinstance.py:430} INFO - ::endgroup::
[2025-06-13T20:34:18.345+0200] {logging_mixin.py:188} INFO - Données mises à jour pour INFLATION (CPIAUCSL)
[2025-06-13T20:34:18.588+0200] {logging_mixin.py:188} INFO - Données mises à jour pour UNEMPLOYMENT (UNRATE)
[2025-06-13T20:34:18.872+0200] {logging_mixin.py:188} INFO - Aucune nouvelle donnée pour High_Yield_Bond_SPREAD (BAMLH0A0HYM2)
[2025-06-13T20:34:19.102+0200] {logging_mixin.py:188} INFO - Aucune nouvelle donnée pour 10-2Year_Treasury_Yield_Bond (T10Y2Y)
[2025-06-13T20:34:19.335+0200] {logging_mixin.py:188} INFO - Données mises à jour pour CONSUMER_SENTIMENT (UMCSENT)
[2025-06-13T20:34:19.660+0200] {logging_mixin.py:188} INFO - Aucune nouvelle donnée pour BARREL PETROL (DCOILBRENTEU)
[2025-06-13T20:34:19.878+0200] {logging_mixin.py:188} INFO - Données mises à jour pour TAUX_FED (FEDFUNDS)
[2025-06-13T20:34:20.095+0200] {multi.py:184} ERROR - 
1 Failed download:
[2025-06-13T20:34:20.096+0200] {multi.py:197} ERROR - ['^GSPC']: YFPricesMissingError('possibly delisted; no price data found  (1d 2025-06-12 20:34:19.888401 -> 2025-06-12 20:34:19.888401)')
[2025-06-13T20:34:20.113+0200] {logging_mixin.py:188} INFO - Aucune nouvelle donnée pour S&P500(LARGE CAP) (SP500)
[2025-06-13T20:34:20.190+0200] {multi.py:184} ERROR - 
1 Failed download:
[2025-06-13T20:34:20.190+0200] {multi.py:197} ERROR - ['GC=F']: YFPricesMissingError('possibly delisted; no price data found  (1d 2025-06-12 20:34:20.129072 -> 2025-06-12 20:34:20.129072)')
[2025-06-13T20:34:20.192+0200] {logging_mixin.py:188} INFO - Aucune nouvelle donnée pour GOLD_OZ_USD (GOLD_OZ_USD)
[2025-06-13T20:34:20.329+0200] {multi.py:184} ERROR - 
1 Failed download:
[2025-06-13T20:34:20.329+0200] {multi.py:197} ERROR - ['IWM']: YFPricesMissingError('possibly delisted; no price data found  (1d 2025-06-12 20:34:20.207762 -> 2025-06-12 20:34:20.207762)')
[2025-06-13T20:34:20.331+0200] {logging_mixin.py:188} INFO - Aucune nouvelle donnée pour RUSSELL2000(Small CAP) (SmallCAP)
[2025-06-13T20:34:20.436+0200] {multi.py:184} ERROR - 
1 Failed download:
[2025-06-13T20:34:20.436+0200] {multi.py:197} ERROR - ['VNQ']: YFPricesMissingError('possibly delisted; no price data found  (1d 2025-06-12 20:34:20.345052 -> 2025-06-12 20:34:20.345052)')
[2025-06-13T20:34:20.439+0200] {logging_mixin.py:188} INFO - Aucune nouvelle donnée pour REITs(Immobilier US) (US_REIT_VNQ)
[2025-06-13T20:34:20.556+0200] {multi.py:184} ERROR - 
1 Failed download:
[2025-06-13T20:34:20.556+0200] {multi.py:197} ERROR - ['IEF']: YFPricesMissingError('possibly delisted; no price data found  (1d 2025-06-12 20:34:20.454128 -> 2025-06-12 20:34:20.454128)')
[2025-06-13T20:34:20.560+0200] {logging_mixin.py:188} INFO - Aucune nouvelle donnée pour US_TREASURY_10Y (TREASURY_10Y)
[2025-06-13T20:34:20.694+0200] {multi.py:184} ERROR - 
1 Failed download:
[2025-06-13T20:34:20.694+0200] {multi.py:197} ERROR - ['ICOM.L']: YFPricesMissingError('possibly delisted; no price data found  (1d 2025-06-12 20:34:20.571095 -> 2025-06-12 20:34:20.571095)')
[2025-06-13T20:34:20.697+0200] {logging_mixin.py:188} INFO - Aucune nouvelle donnée pour BARREL PETROL (ENERGY)
[2025-06-13T20:34:20.816+0200] {multi.py:184} ERROR - 
1 Failed download:
[2025-06-13T20:34:20.817+0200] {multi.py:197} ERROR - ['LQD']: YFPricesMissingError('possibly delisted; no price data found  (1d 2025-06-12 20:34:20.712404 -> 2025-06-12 20:34:20.712404)')
[2025-06-13T20:34:20.820+0200] {logging_mixin.py:188} INFO - Aucune nouvelle donnée pour OBLIGATION ENTREPRISE (OBLIGATION)
[2025-06-13T20:34:20.821+0200] {python.py:237} INFO - Done. Returned value was: None
[2025-06-13T20:34:20.821+0200] {taskinstance.py:441} INFO - ::group::Post task execution logs
[2025-06-13T20:34:20.833+0200] {taskinstance.py:1205} INFO - Marking task as SUCCESS. dag_id=macro_trading_dag, task_id=fetch_data, execution_date=20250613T183411, start_date=20250613T183417, end_date=20250613T183420
[2025-06-13T20:34:20.893+0200] {local_task_job_runner.py:240} INFO - Task exited with return code 0
[2025-06-13T20:34:20.945+0200] {taskinstance.py:3482} INFO - 2 downstream tasks scheduled from follow-on schedule check
[2025-06-13T20:34:21.821+0200] {local_task_job_runner.py:222} INFO - ::endgroup::
