[2025-08-16T14:16:28.877+0200] {processor.py:161} INFO - Started process (PID=3747) to work on /home/leoja/airflow/airflow_venv/lib/python3.12/site-packages/airflow/example_dags/example_dynamic_task_mapping.py
[2025-08-16T14:16:28.878+0200] {processor.py:830} INFO - Processing file /home/leoja/airflow/airflow_venv/lib/python3.12/site-packages/airflow/example_dags/example_dynamic_task_mapping.py for tasks to queue
[2025-08-16T14:16:28.879+0200] {logging_mixin.py:188} INFO - [2025-08-16T14:16:28.879+0200] {dagbag.py:540} INFO - Filling up the DagBag from /home/leoja/airflow/airflow_venv/lib/python3.12/site-packages/airflow/example_dags/example_dynamic_task_mapping.py
[2025-08-16T14:16:28.895+0200] {processor.py:840} INFO - DAG(s) 'example_dynamic_task_mapping' retrieved from /home/leoja/airflow/airflow_venv/lib/python3.12/site-packages/airflow/example_dags/example_dynamic_task_mapping.py
[2025-08-16T14:16:29.067+0200] {logging_mixin.py:188} INFO - [2025-08-16T14:16:29.066+0200] {dag.py:3096} INFO - Sync 1 DAGs
[2025-08-16T14:16:29.090+0200] {logging_mixin.py:188} INFO - [2025-08-16T14:16:29.089+0200] {dag.py:3954} INFO - Setting next_dagrun for example_dynamic_task_mapping to 2022-03-04 00:00:00+00:00, run_after=2022-03-05 00:00:00+00:00
[2025-08-16T14:16:29.140+0200] {processor.py:183} INFO - Processing /home/leoja/airflow/airflow_venv/lib/python3.12/site-packages/airflow/example_dags/example_dynamic_task_mapping.py took 0.278 seconds
[2025-08-16T14:17:25.523+0200] {processor.py:161} INFO - Started process (PID=4223) to work on /home/leoja/airflow/airflow_venv/lib/python3.12/site-packages/airflow/example_dags/example_dynamic_task_mapping.py
[2025-08-16T14:17:25.525+0200] {processor.py:830} INFO - Processing file /home/leoja/airflow/airflow_venv/lib/python3.12/site-packages/airflow/example_dags/example_dynamic_task_mapping.py for tasks to queue
[2025-08-16T14:17:25.527+0200] {logging_mixin.py:188} INFO - [2025-08-16T14:17:25.526+0200] {dagbag.py:540} INFO - Filling up the DagBag from /home/leoja/airflow/airflow_venv/lib/python3.12/site-packages/airflow/example_dags/example_dynamic_task_mapping.py
[2025-08-16T14:17:25.533+0200] {processor.py:840} INFO - DAG(s) 'example_dynamic_task_mapping' retrieved from /home/leoja/airflow/airflow_venv/lib/python3.12/site-packages/airflow/example_dags/example_dynamic_task_mapping.py
[2025-08-16T14:17:25.547+0200] {logging_mixin.py:188} INFO - [2025-08-16T14:17:25.547+0200] {dag.py:3096} INFO - Sync 1 DAGs
[2025-08-16T14:17:25.562+0200] {logging_mixin.py:188} INFO - [2025-08-16T14:17:25.561+0200] {dag.py:3954} INFO - Setting next_dagrun for example_dynamic_task_mapping to 2022-03-04 00:00:00+00:00, run_after=2022-03-05 00:00:00+00:00
[2025-08-16T14:17:25.588+0200] {processor.py:183} INFO - Processing /home/leoja/airflow/airflow_venv/lib/python3.12/site-packages/airflow/example_dags/example_dynamic_task_mapping.py took 0.071 seconds
[2025-08-16T14:18:17.997+0200] {processor.py:161} INFO - Started process (PID=4406) to work on /home/leoja/airflow/airflow_venv/lib/python3.12/site-packages/airflow/example_dags/example_dynamic_task_mapping.py
[2025-08-16T14:18:17.998+0200] {processor.py:830} INFO - Processing file /home/leoja/airflow/airflow_venv/lib/python3.12/site-packages/airflow/example_dags/example_dynamic_task_mapping.py for tasks to queue
[2025-08-16T14:18:17.999+0200] {logging_mixin.py:188} INFO - [2025-08-16T14:18:17.999+0200] {dagbag.py:540} INFO - Filling up the DagBag from /home/leoja/airflow/airflow_venv/lib/python3.12/site-packages/airflow/example_dags/example_dynamic_task_mapping.py
[2025-08-16T14:18:18.004+0200] {processor.py:840} INFO - DAG(s) 'example_dynamic_task_mapping' retrieved from /home/leoja/airflow/airflow_venv/lib/python3.12/site-packages/airflow/example_dags/example_dynamic_task_mapping.py
[2025-08-16T14:18:18.016+0200] {logging_mixin.py:188} INFO - [2025-08-16T14:18:18.016+0200] {dag.py:3096} INFO - Sync 1 DAGs
[2025-08-16T14:18:18.029+0200] {logging_mixin.py:188} INFO - [2025-08-16T14:18:18.029+0200] {dag.py:3954} INFO - Setting next_dagrun for example_dynamic_task_mapping to 2022-03-04 00:00:00+00:00, run_after=2022-03-05 00:00:00+00:00
[2025-08-16T14:18:18.074+0200] {processor.py:183} INFO - Processing /home/leoja/airflow/airflow_venv/lib/python3.12/site-packages/airflow/example_dags/example_dynamic_task_mapping.py took 0.083 seconds
[2025-08-16T14:19:09.193+0200] {processor.py:161} INFO - Started process (PID=4684) to work on /home/leoja/airflow/airflow_venv/lib/python3.12/site-packages/airflow/example_dags/example_dynamic_task_mapping.py
[2025-08-16T14:19:09.195+0200] {processor.py:830} INFO - Processing file /home/leoja/airflow/airflow_venv/lib/python3.12/site-packages/airflow/example_dags/example_dynamic_task_mapping.py for tasks to queue
[2025-08-16T14:19:09.199+0200] {logging_mixin.py:188} INFO - [2025-08-16T14:19:09.197+0200] {dagbag.py:540} INFO - Filling up the DagBag from /home/leoja/airflow/airflow_venv/lib/python3.12/site-packages/airflow/example_dags/example_dynamic_task_mapping.py
[2025-08-16T14:19:09.204+0200] {processor.py:840} INFO - DAG(s) 'example_dynamic_task_mapping' retrieved from /home/leoja/airflow/airflow_venv/lib/python3.12/site-packages/airflow/example_dags/example_dynamic_task_mapping.py
[2025-08-16T14:19:09.218+0200] {logging_mixin.py:188} INFO - [2025-08-16T14:19:09.218+0200] {dag.py:3096} INFO - Sync 1 DAGs
[2025-08-16T14:19:09.230+0200] {logging_mixin.py:188} INFO - [2025-08-16T14:19:09.230+0200] {dag.py:3954} INFO - Setting next_dagrun for example_dynamic_task_mapping to 2022-03-04 00:00:00+00:00, run_after=2022-03-05 00:00:00+00:00
[2025-08-16T14:19:09.267+0200] {processor.py:183} INFO - Processing /home/leoja/airflow/airflow_venv/lib/python3.12/site-packages/airflow/example_dags/example_dynamic_task_mapping.py took 0.079 seconds
[2025-08-16T14:19:55.512+0200] {processor.py:161} INFO - Started process (PID=4958) to work on /home/leoja/airflow/airflow_venv/lib/python3.12/site-packages/airflow/example_dags/example_dynamic_task_mapping.py
[2025-08-16T14:19:55.513+0200] {processor.py:830} INFO - Processing file /home/leoja/airflow/airflow_venv/lib/python3.12/site-packages/airflow/example_dags/example_dynamic_task_mapping.py for tasks to queue
[2025-08-16T14:19:55.514+0200] {logging_mixin.py:188} INFO - [2025-08-16T14:19:55.513+0200] {dagbag.py:540} INFO - Filling up the DagBag from /home/leoja/airflow/airflow_venv/lib/python3.12/site-packages/airflow/example_dags/example_dynamic_task_mapping.py
[2025-08-16T14:19:55.518+0200] {processor.py:840} INFO - DAG(s) 'example_dynamic_task_mapping' retrieved from /home/leoja/airflow/airflow_venv/lib/python3.12/site-packages/airflow/example_dags/example_dynamic_task_mapping.py
[2025-08-16T14:19:55.531+0200] {logging_mixin.py:188} INFO - [2025-08-16T14:19:55.531+0200] {dag.py:3096} INFO - Sync 1 DAGs
[2025-08-16T14:19:55.543+0200] {logging_mixin.py:188} INFO - [2025-08-16T14:19:55.543+0200] {dag.py:3954} INFO - Setting next_dagrun for example_dynamic_task_mapping to 2022-03-04 00:00:00+00:00, run_after=2022-03-05 00:00:00+00:00
[2025-08-16T14:19:55.565+0200] {processor.py:183} INFO - Processing /home/leoja/airflow/airflow_venv/lib/python3.12/site-packages/airflow/example_dags/example_dynamic_task_mapping.py took 0.057 seconds
[2025-08-16T14:20:41.991+0200] {processor.py:161} INFO - Started process (PID=5224) to work on /home/leoja/airflow/airflow_venv/lib/python3.12/site-packages/airflow/example_dags/example_dynamic_task_mapping.py
[2025-08-16T14:20:41.994+0200] {processor.py:830} INFO - Processing file /home/leoja/airflow/airflow_venv/lib/python3.12/site-packages/airflow/example_dags/example_dynamic_task_mapping.py for tasks to queue
[2025-08-16T14:20:41.995+0200] {logging_mixin.py:188} INFO - [2025-08-16T14:20:41.995+0200] {dagbag.py:540} INFO - Filling up the DagBag from /home/leoja/airflow/airflow_venv/lib/python3.12/site-packages/airflow/example_dags/example_dynamic_task_mapping.py
[2025-08-16T14:20:42.010+0200] {processor.py:840} INFO - DAG(s) 'example_dynamic_task_mapping' retrieved from /home/leoja/airflow/airflow_venv/lib/python3.12/site-packages/airflow/example_dags/example_dynamic_task_mapping.py
[2025-08-16T14:20:42.041+0200] {logging_mixin.py:188} INFO - [2025-08-16T14:20:42.041+0200] {dag.py:3096} INFO - Sync 1 DAGs
[2025-08-16T14:20:42.074+0200] {logging_mixin.py:188} INFO - [2025-08-16T14:20:42.074+0200] {dag.py:3954} INFO - Setting next_dagrun for example_dynamic_task_mapping to 2022-03-04 00:00:00+00:00, run_after=2022-03-05 00:00:00+00:00
[2025-08-16T14:20:42.110+0200] {processor.py:183} INFO - Processing /home/leoja/airflow/airflow_venv/lib/python3.12/site-packages/airflow/example_dags/example_dynamic_task_mapping.py took 0.133 seconds
[2025-08-16T14:21:34.534+0200] {processor.py:161} INFO - Started process (PID=5559) to work on /home/leoja/airflow/airflow_venv/lib/python3.12/site-packages/airflow/example_dags/example_dynamic_task_mapping.py
[2025-08-16T14:21:34.535+0200] {processor.py:830} INFO - Processing file /home/leoja/airflow/airflow_venv/lib/python3.12/site-packages/airflow/example_dags/example_dynamic_task_mapping.py for tasks to queue
[2025-08-16T14:21:34.536+0200] {logging_mixin.py:188} INFO - [2025-08-16T14:21:34.535+0200] {dagbag.py:540} INFO - Filling up the DagBag from /home/leoja/airflow/airflow_venv/lib/python3.12/site-packages/airflow/example_dags/example_dynamic_task_mapping.py
[2025-08-16T14:21:34.543+0200] {processor.py:840} INFO - DAG(s) 'example_dynamic_task_mapping' retrieved from /home/leoja/airflow/airflow_venv/lib/python3.12/site-packages/airflow/example_dags/example_dynamic_task_mapping.py
[2025-08-16T14:21:34.555+0200] {logging_mixin.py:188} INFO - [2025-08-16T14:21:34.554+0200] {dag.py:3096} INFO - Sync 1 DAGs
[2025-08-16T14:21:34.566+0200] {logging_mixin.py:188} INFO - [2025-08-16T14:21:34.566+0200] {dag.py:3954} INFO - Setting next_dagrun for example_dynamic_task_mapping to 2022-03-04 00:00:00+00:00, run_after=2022-03-05 00:00:00+00:00
[2025-08-16T14:21:34.583+0200] {processor.py:183} INFO - Processing /home/leoja/airflow/airflow_venv/lib/python3.12/site-packages/airflow/example_dags/example_dynamic_task_mapping.py took 0.054 seconds
[2025-08-16T14:22:25.200+0200] {processor.py:161} INFO - Started process (PID=5835) to work on /home/leoja/airflow/airflow_venv/lib/python3.12/site-packages/airflow/example_dags/example_dynamic_task_mapping.py
[2025-08-16T14:22:25.202+0200] {processor.py:830} INFO - Processing file /home/leoja/airflow/airflow_venv/lib/python3.12/site-packages/airflow/example_dags/example_dynamic_task_mapping.py for tasks to queue
[2025-08-16T14:22:25.203+0200] {logging_mixin.py:188} INFO - [2025-08-16T14:22:25.202+0200] {dagbag.py:540} INFO - Filling up the DagBag from /home/leoja/airflow/airflow_venv/lib/python3.12/site-packages/airflow/example_dags/example_dynamic_task_mapping.py
[2025-08-16T14:22:25.208+0200] {processor.py:840} INFO - DAG(s) 'example_dynamic_task_mapping' retrieved from /home/leoja/airflow/airflow_venv/lib/python3.12/site-packages/airflow/example_dags/example_dynamic_task_mapping.py
[2025-08-16T14:22:25.221+0200] {logging_mixin.py:188} INFO - [2025-08-16T14:22:25.221+0200] {dag.py:3096} INFO - Sync 1 DAGs
[2025-08-16T14:22:25.236+0200] {logging_mixin.py:188} INFO - [2025-08-16T14:22:25.236+0200] {dag.py:3954} INFO - Setting next_dagrun for example_dynamic_task_mapping to 2022-03-04 00:00:00+00:00, run_after=2022-03-05 00:00:00+00:00
[2025-08-16T14:22:25.286+0200] {processor.py:183} INFO - Processing /home/leoja/airflow/airflow_venv/lib/python3.12/site-packages/airflow/example_dags/example_dynamic_task_mapping.py took 0.092 seconds
[2025-08-16T14:23:11.860+0200] {processor.py:161} INFO - Started process (PID=6080) to work on /home/leoja/airflow/airflow_venv/lib/python3.12/site-packages/airflow/example_dags/example_dynamic_task_mapping.py
[2025-08-16T14:23:11.861+0200] {processor.py:830} INFO - Processing file /home/leoja/airflow/airflow_venv/lib/python3.12/site-packages/airflow/example_dags/example_dynamic_task_mapping.py for tasks to queue
[2025-08-16T14:23:11.863+0200] {logging_mixin.py:188} INFO - [2025-08-16T14:23:11.862+0200] {dagbag.py:540} INFO - Filling up the DagBag from /home/leoja/airflow/airflow_venv/lib/python3.12/site-packages/airflow/example_dags/example_dynamic_task_mapping.py
[2025-08-16T14:23:11.869+0200] {processor.py:840} INFO - DAG(s) 'example_dynamic_task_mapping' retrieved from /home/leoja/airflow/airflow_venv/lib/python3.12/site-packages/airflow/example_dags/example_dynamic_task_mapping.py
[2025-08-16T14:23:11.888+0200] {logging_mixin.py:188} INFO - [2025-08-16T14:23:11.887+0200] {dag.py:3096} INFO - Sync 1 DAGs
[2025-08-16T14:23:11.907+0200] {logging_mixin.py:188} INFO - [2025-08-16T14:23:11.907+0200] {dag.py:3954} INFO - Setting next_dagrun for example_dynamic_task_mapping to 2022-03-04 00:00:00+00:00, run_after=2022-03-05 00:00:00+00:00
[2025-08-16T14:23:11.932+0200] {processor.py:183} INFO - Processing /home/leoja/airflow/airflow_venv/lib/python3.12/site-packages/airflow/example_dags/example_dynamic_task_mapping.py took 0.077 seconds
[2025-08-16T14:24:00.866+0200] {processor.py:161} INFO - Started process (PID=6354) to work on /home/leoja/airflow/airflow_venv/lib/python3.12/site-packages/airflow/example_dags/example_dynamic_task_mapping.py
[2025-08-16T14:24:00.868+0200] {processor.py:830} INFO - Processing file /home/leoja/airflow/airflow_venv/lib/python3.12/site-packages/airflow/example_dags/example_dynamic_task_mapping.py for tasks to queue
[2025-08-16T14:24:00.869+0200] {logging_mixin.py:188} INFO - [2025-08-16T14:24:00.869+0200] {dagbag.py:540} INFO - Filling up the DagBag from /home/leoja/airflow/airflow_venv/lib/python3.12/site-packages/airflow/example_dags/example_dynamic_task_mapping.py
[2025-08-16T14:24:00.874+0200] {processor.py:840} INFO - DAG(s) 'example_dynamic_task_mapping' retrieved from /home/leoja/airflow/airflow_venv/lib/python3.12/site-packages/airflow/example_dags/example_dynamic_task_mapping.py
[2025-08-16T14:24:00.889+0200] {logging_mixin.py:188} INFO - [2025-08-16T14:24:00.889+0200] {dag.py:3096} INFO - Sync 1 DAGs
[2025-08-16T14:24:00.905+0200] {logging_mixin.py:188} INFO - [2025-08-16T14:24:00.905+0200] {dag.py:3954} INFO - Setting next_dagrun for example_dynamic_task_mapping to 2022-03-04 00:00:00+00:00, run_after=2022-03-05 00:00:00+00:00
[2025-08-16T14:24:00.928+0200] {processor.py:183} INFO - Processing /home/leoja/airflow/airflow_venv/lib/python3.12/site-packages/airflow/example_dags/example_dynamic_task_mapping.py took 0.069 seconds
[2025-08-16T14:24:50.216+0200] {processor.py:161} INFO - Started process (PID=6625) to work on /home/leoja/airflow/airflow_venv/lib/python3.12/site-packages/airflow/example_dags/example_dynamic_task_mapping.py
[2025-08-16T14:24:50.219+0200] {processor.py:830} INFO - Processing file /home/leoja/airflow/airflow_venv/lib/python3.12/site-packages/airflow/example_dags/example_dynamic_task_mapping.py for tasks to queue
[2025-08-16T14:24:50.220+0200] {logging_mixin.py:188} INFO - [2025-08-16T14:24:50.219+0200] {dagbag.py:540} INFO - Filling up the DagBag from /home/leoja/airflow/airflow_venv/lib/python3.12/site-packages/airflow/example_dags/example_dynamic_task_mapping.py
[2025-08-16T14:24:50.226+0200] {processor.py:840} INFO - DAG(s) 'example_dynamic_task_mapping' retrieved from /home/leoja/airflow/airflow_venv/lib/python3.12/site-packages/airflow/example_dags/example_dynamic_task_mapping.py
[2025-08-16T14:24:50.238+0200] {logging_mixin.py:188} INFO - [2025-08-16T14:24:50.238+0200] {dag.py:3096} INFO - Sync 1 DAGs
[2025-08-16T14:24:50.251+0200] {logging_mixin.py:188} INFO - [2025-08-16T14:24:50.251+0200] {dag.py:3954} INFO - Setting next_dagrun for example_dynamic_task_mapping to 2022-03-04 00:00:00+00:00, run_after=2022-03-05 00:00:00+00:00
[2025-08-16T14:24:50.278+0200] {processor.py:183} INFO - Processing /home/leoja/airflow/airflow_venv/lib/python3.12/site-packages/airflow/example_dags/example_dynamic_task_mapping.py took 0.067 seconds
[2025-08-16T14:25:35.287+0200] {processor.py:161} INFO - Started process (PID=6893) to work on /home/leoja/airflow/airflow_venv/lib/python3.12/site-packages/airflow/example_dags/example_dynamic_task_mapping.py
[2025-08-16T14:25:35.300+0200] {processor.py:830} INFO - Processing file /home/leoja/airflow/airflow_venv/lib/python3.12/site-packages/airflow/example_dags/example_dynamic_task_mapping.py for tasks to queue
[2025-08-16T14:25:35.301+0200] {logging_mixin.py:188} INFO - [2025-08-16T14:25:35.301+0200] {dagbag.py:540} INFO - Filling up the DagBag from /home/leoja/airflow/airflow_venv/lib/python3.12/site-packages/airflow/example_dags/example_dynamic_task_mapping.py
[2025-08-16T14:25:35.308+0200] {processor.py:840} INFO - DAG(s) 'example_dynamic_task_mapping' retrieved from /home/leoja/airflow/airflow_venv/lib/python3.12/site-packages/airflow/example_dags/example_dynamic_task_mapping.py
[2025-08-16T14:25:35.322+0200] {logging_mixin.py:188} INFO - [2025-08-16T14:25:35.322+0200] {dag.py:3096} INFO - Sync 1 DAGs
[2025-08-16T14:25:35.337+0200] {logging_mixin.py:188} INFO - [2025-08-16T14:25:35.337+0200] {dag.py:3954} INFO - Setting next_dagrun for example_dynamic_task_mapping to 2022-03-04 00:00:00+00:00, run_after=2022-03-05 00:00:00+00:00
[2025-08-16T14:25:35.391+0200] {processor.py:183} INFO - Processing /home/leoja/airflow/airflow_venv/lib/python3.12/site-packages/airflow/example_dags/example_dynamic_task_mapping.py took 0.112 seconds
[2025-08-16T14:26:24.400+0200] {processor.py:161} INFO - Started process (PID=7219) to work on /home/leoja/airflow/airflow_venv/lib/python3.12/site-packages/airflow/example_dags/example_dynamic_task_mapping.py
[2025-08-16T14:26:24.402+0200] {processor.py:830} INFO - Processing file /home/leoja/airflow/airflow_venv/lib/python3.12/site-packages/airflow/example_dags/example_dynamic_task_mapping.py for tasks to queue
[2025-08-16T14:26:24.402+0200] {logging_mixin.py:188} INFO - [2025-08-16T14:26:24.402+0200] {dagbag.py:540} INFO - Filling up the DagBag from /home/leoja/airflow/airflow_venv/lib/python3.12/site-packages/airflow/example_dags/example_dynamic_task_mapping.py
[2025-08-16T14:26:24.408+0200] {processor.py:840} INFO - DAG(s) 'example_dynamic_task_mapping' retrieved from /home/leoja/airflow/airflow_venv/lib/python3.12/site-packages/airflow/example_dags/example_dynamic_task_mapping.py
[2025-08-16T14:26:24.420+0200] {logging_mixin.py:188} INFO - [2025-08-16T14:26:24.420+0200] {dag.py:3096} INFO - Sync 1 DAGs
[2025-08-16T14:26:24.436+0200] {logging_mixin.py:188} INFO - [2025-08-16T14:26:24.436+0200] {dag.py:3954} INFO - Setting next_dagrun for example_dynamic_task_mapping to 2022-03-04 00:00:00+00:00, run_after=2022-03-05 00:00:00+00:00
[2025-08-16T14:26:24.459+0200] {processor.py:183} INFO - Processing /home/leoja/airflow/airflow_venv/lib/python3.12/site-packages/airflow/example_dags/example_dynamic_task_mapping.py took 0.065 seconds
[2025-08-16T14:27:17.308+0200] {processor.py:161} INFO - Started process (PID=7516) to work on /home/leoja/airflow/airflow_venv/lib/python3.12/site-packages/airflow/example_dags/example_dynamic_task_mapping.py
[2025-08-16T14:27:17.310+0200] {processor.py:830} INFO - Processing file /home/leoja/airflow/airflow_venv/lib/python3.12/site-packages/airflow/example_dags/example_dynamic_task_mapping.py for tasks to queue
[2025-08-16T14:27:17.311+0200] {logging_mixin.py:188} INFO - [2025-08-16T14:27:17.310+0200] {dagbag.py:540} INFO - Filling up the DagBag from /home/leoja/airflow/airflow_venv/lib/python3.12/site-packages/airflow/example_dags/example_dynamic_task_mapping.py
[2025-08-16T14:27:17.317+0200] {processor.py:840} INFO - DAG(s) 'example_dynamic_task_mapping' retrieved from /home/leoja/airflow/airflow_venv/lib/python3.12/site-packages/airflow/example_dags/example_dynamic_task_mapping.py
[2025-08-16T14:27:17.333+0200] {logging_mixin.py:188} INFO - [2025-08-16T14:27:17.333+0200] {dag.py:3096} INFO - Sync 1 DAGs
[2025-08-16T14:27:17.360+0200] {logging_mixin.py:188} INFO - [2025-08-16T14:27:17.359+0200] {dag.py:3954} INFO - Setting next_dagrun for example_dynamic_task_mapping to 2022-03-04 00:00:00+00:00, run_after=2022-03-05 00:00:00+00:00
[2025-08-16T14:27:17.384+0200] {processor.py:183} INFO - Processing /home/leoja/airflow/airflow_venv/lib/python3.12/site-packages/airflow/example_dags/example_dynamic_task_mapping.py took 0.083 seconds
[2025-08-16T14:28:05.729+0200] {processor.py:161} INFO - Started process (PID=7770) to work on /home/leoja/airflow/airflow_venv/lib/python3.12/site-packages/airflow/example_dags/example_dynamic_task_mapping.py
[2025-08-16T14:28:05.731+0200] {processor.py:830} INFO - Processing file /home/leoja/airflow/airflow_venv/lib/python3.12/site-packages/airflow/example_dags/example_dynamic_task_mapping.py for tasks to queue
[2025-08-16T14:28:05.732+0200] {logging_mixin.py:188} INFO - [2025-08-16T14:28:05.731+0200] {dagbag.py:540} INFO - Filling up the DagBag from /home/leoja/airflow/airflow_venv/lib/python3.12/site-packages/airflow/example_dags/example_dynamic_task_mapping.py
[2025-08-16T14:28:05.738+0200] {processor.py:840} INFO - DAG(s) 'example_dynamic_task_mapping' retrieved from /home/leoja/airflow/airflow_venv/lib/python3.12/site-packages/airflow/example_dags/example_dynamic_task_mapping.py
[2025-08-16T14:28:05.757+0200] {logging_mixin.py:188} INFO - [2025-08-16T14:28:05.756+0200] {dag.py:3096} INFO - Sync 1 DAGs
[2025-08-16T14:28:05.769+0200] {logging_mixin.py:188} INFO - [2025-08-16T14:28:05.769+0200] {dag.py:3954} INFO - Setting next_dagrun for example_dynamic_task_mapping to 2022-03-04 00:00:00+00:00, run_after=2022-03-05 00:00:00+00:00
[2025-08-16T14:28:05.791+0200] {processor.py:183} INFO - Processing /home/leoja/airflow/airflow_venv/lib/python3.12/site-packages/airflow/example_dags/example_dynamic_task_mapping.py took 0.070 seconds
[2025-08-16T14:28:52.895+0200] {processor.py:161} INFO - Started process (PID=8074) to work on /home/leoja/airflow/airflow_venv/lib/python3.12/site-packages/airflow/example_dags/example_dynamic_task_mapping.py
[2025-08-16T14:28:52.903+0200] {processor.py:830} INFO - Processing file /home/leoja/airflow/airflow_venv/lib/python3.12/site-packages/airflow/example_dags/example_dynamic_task_mapping.py for tasks to queue
[2025-08-16T14:28:52.905+0200] {logging_mixin.py:188} INFO - [2025-08-16T14:28:52.903+0200] {dagbag.py:540} INFO - Filling up the DagBag from /home/leoja/airflow/airflow_venv/lib/python3.12/site-packages/airflow/example_dags/example_dynamic_task_mapping.py
[2025-08-16T14:28:52.914+0200] {processor.py:840} INFO - DAG(s) 'example_dynamic_task_mapping' retrieved from /home/leoja/airflow/airflow_venv/lib/python3.12/site-packages/airflow/example_dags/example_dynamic_task_mapping.py
[2025-08-16T14:28:52.944+0200] {logging_mixin.py:188} INFO - [2025-08-16T14:28:52.943+0200] {dag.py:3096} INFO - Sync 1 DAGs
[2025-08-16T14:28:52.959+0200] {logging_mixin.py:188} INFO - [2025-08-16T14:28:52.958+0200] {dag.py:3954} INFO - Setting next_dagrun for example_dynamic_task_mapping to 2022-03-04 00:00:00+00:00, run_after=2022-03-05 00:00:00+00:00
[2025-08-16T14:28:52.985+0200] {processor.py:183} INFO - Processing /home/leoja/airflow/airflow_venv/lib/python3.12/site-packages/airflow/example_dags/example_dynamic_task_mapping.py took 0.098 seconds
[2025-08-16T14:29:42.222+0200] {processor.py:161} INFO - Started process (PID=8393) to work on /home/leoja/airflow/airflow_venv/lib/python3.12/site-packages/airflow/example_dags/example_dynamic_task_mapping.py
[2025-08-16T14:29:42.225+0200] {processor.py:830} INFO - Processing file /home/leoja/airflow/airflow_venv/lib/python3.12/site-packages/airflow/example_dags/example_dynamic_task_mapping.py for tasks to queue
[2025-08-16T14:29:42.226+0200] {logging_mixin.py:188} INFO - [2025-08-16T14:29:42.225+0200] {dagbag.py:540} INFO - Filling up the DagBag from /home/leoja/airflow/airflow_venv/lib/python3.12/site-packages/airflow/example_dags/example_dynamic_task_mapping.py
[2025-08-16T14:29:42.232+0200] {processor.py:840} INFO - DAG(s) 'example_dynamic_task_mapping' retrieved from /home/leoja/airflow/airflow_venv/lib/python3.12/site-packages/airflow/example_dags/example_dynamic_task_mapping.py
[2025-08-16T14:29:42.245+0200] {logging_mixin.py:188} INFO - [2025-08-16T14:29:42.245+0200] {dag.py:3096} INFO - Sync 1 DAGs
[2025-08-16T14:29:42.258+0200] {logging_mixin.py:188} INFO - [2025-08-16T14:29:42.258+0200] {dag.py:3954} INFO - Setting next_dagrun for example_dynamic_task_mapping to 2022-03-04 00:00:00+00:00, run_after=2022-03-05 00:00:00+00:00
[2025-08-16T14:29:42.301+0200] {processor.py:183} INFO - Processing /home/leoja/airflow/airflow_venv/lib/python3.12/site-packages/airflow/example_dags/example_dynamic_task_mapping.py took 0.086 seconds
[2025-08-16T14:30:28.294+0200] {processor.py:161} INFO - Started process (PID=8634) to work on /home/leoja/airflow/airflow_venv/lib/python3.12/site-packages/airflow/example_dags/example_dynamic_task_mapping.py
[2025-08-16T14:30:28.297+0200] {processor.py:830} INFO - Processing file /home/leoja/airflow/airflow_venv/lib/python3.12/site-packages/airflow/example_dags/example_dynamic_task_mapping.py for tasks to queue
[2025-08-16T14:30:28.299+0200] {logging_mixin.py:188} INFO - [2025-08-16T14:30:28.299+0200] {dagbag.py:540} INFO - Filling up the DagBag from /home/leoja/airflow/airflow_venv/lib/python3.12/site-packages/airflow/example_dags/example_dynamic_task_mapping.py
[2025-08-16T14:30:28.314+0200] {processor.py:840} INFO - DAG(s) 'example_dynamic_task_mapping' retrieved from /home/leoja/airflow/airflow_venv/lib/python3.12/site-packages/airflow/example_dags/example_dynamic_task_mapping.py
[2025-08-16T14:30:28.340+0200] {logging_mixin.py:188} INFO - [2025-08-16T14:30:28.340+0200] {dag.py:3096} INFO - Sync 1 DAGs
[2025-08-16T14:30:28.368+0200] {logging_mixin.py:188} INFO - [2025-08-16T14:30:28.368+0200] {dag.py:3954} INFO - Setting next_dagrun for example_dynamic_task_mapping to 2022-03-04 00:00:00+00:00, run_after=2022-03-05 00:00:00+00:00
[2025-08-16T14:30:28.406+0200] {processor.py:183} INFO - Processing /home/leoja/airflow/airflow_venv/lib/python3.12/site-packages/airflow/example_dags/example_dynamic_task_mapping.py took 0.121 seconds
[2025-08-16T14:31:24.298+0200] {processor.py:161} INFO - Started process (PID=8997) to work on /home/leoja/airflow/airflow_venv/lib/python3.12/site-packages/airflow/example_dags/example_dynamic_task_mapping.py
[2025-08-16T14:31:24.302+0200] {processor.py:830} INFO - Processing file /home/leoja/airflow/airflow_venv/lib/python3.12/site-packages/airflow/example_dags/example_dynamic_task_mapping.py for tasks to queue
[2025-08-16T14:31:24.303+0200] {logging_mixin.py:188} INFO - [2025-08-16T14:31:24.302+0200] {dagbag.py:540} INFO - Filling up the DagBag from /home/leoja/airflow/airflow_venv/lib/python3.12/site-packages/airflow/example_dags/example_dynamic_task_mapping.py
[2025-08-16T14:31:24.311+0200] {processor.py:840} INFO - DAG(s) 'example_dynamic_task_mapping' retrieved from /home/leoja/airflow/airflow_venv/lib/python3.12/site-packages/airflow/example_dags/example_dynamic_task_mapping.py
[2025-08-16T14:31:24.330+0200] {logging_mixin.py:188} INFO - [2025-08-16T14:31:24.330+0200] {dag.py:3096} INFO - Sync 1 DAGs
[2025-08-16T14:31:24.351+0200] {logging_mixin.py:188} INFO - [2025-08-16T14:31:24.351+0200] {dag.py:3954} INFO - Setting next_dagrun for example_dynamic_task_mapping to 2022-03-04 00:00:00+00:00, run_after=2022-03-05 00:00:00+00:00
[2025-08-16T14:31:24.408+0200] {processor.py:183} INFO - Processing /home/leoja/airflow/airflow_venv/lib/python3.12/site-packages/airflow/example_dags/example_dynamic_task_mapping.py took 0.122 seconds
[2025-08-16T14:32:16.530+0200] {processor.py:161} INFO - Started process (PID=9273) to work on /home/leoja/airflow/airflow_venv/lib/python3.12/site-packages/airflow/example_dags/example_dynamic_task_mapping.py
[2025-08-16T14:32:16.532+0200] {processor.py:830} INFO - Processing file /home/leoja/airflow/airflow_venv/lib/python3.12/site-packages/airflow/example_dags/example_dynamic_task_mapping.py for tasks to queue
[2025-08-16T14:32:16.534+0200] {logging_mixin.py:188} INFO - [2025-08-16T14:32:16.533+0200] {dagbag.py:540} INFO - Filling up the DagBag from /home/leoja/airflow/airflow_venv/lib/python3.12/site-packages/airflow/example_dags/example_dynamic_task_mapping.py
[2025-08-16T14:32:16.544+0200] {processor.py:840} INFO - DAG(s) 'example_dynamic_task_mapping' retrieved from /home/leoja/airflow/airflow_venv/lib/python3.12/site-packages/airflow/example_dags/example_dynamic_task_mapping.py
[2025-08-16T14:32:16.571+0200] {logging_mixin.py:188} INFO - [2025-08-16T14:32:16.571+0200] {dag.py:3096} INFO - Sync 1 DAGs
[2025-08-16T14:32:16.587+0200] {logging_mixin.py:188} INFO - [2025-08-16T14:32:16.587+0200] {dag.py:3954} INFO - Setting next_dagrun for example_dynamic_task_mapping to 2022-03-04 00:00:00+00:00, run_after=2022-03-05 00:00:00+00:00
[2025-08-16T14:32:16.649+0200] {processor.py:183} INFO - Processing /home/leoja/airflow/airflow_venv/lib/python3.12/site-packages/airflow/example_dags/example_dynamic_task_mapping.py took 0.127 seconds
[2025-08-16T14:33:06.294+0200] {processor.py:161} INFO - Started process (PID=9541) to work on /home/leoja/airflow/airflow_venv/lib/python3.12/site-packages/airflow/example_dags/example_dynamic_task_mapping.py
[2025-08-16T14:33:06.295+0200] {processor.py:830} INFO - Processing file /home/leoja/airflow/airflow_venv/lib/python3.12/site-packages/airflow/example_dags/example_dynamic_task_mapping.py for tasks to queue
[2025-08-16T14:33:06.296+0200] {logging_mixin.py:188} INFO - [2025-08-16T14:33:06.296+0200] {dagbag.py:540} INFO - Filling up the DagBag from /home/leoja/airflow/airflow_venv/lib/python3.12/site-packages/airflow/example_dags/example_dynamic_task_mapping.py
[2025-08-16T14:33:06.302+0200] {processor.py:840} INFO - DAG(s) 'example_dynamic_task_mapping' retrieved from /home/leoja/airflow/airflow_venv/lib/python3.12/site-packages/airflow/example_dags/example_dynamic_task_mapping.py
[2025-08-16T14:33:06.319+0200] {logging_mixin.py:188} INFO - [2025-08-16T14:33:06.319+0200] {dag.py:3096} INFO - Sync 1 DAGs
[2025-08-16T14:33:06.337+0200] {logging_mixin.py:188} INFO - [2025-08-16T14:33:06.337+0200] {dag.py:3954} INFO - Setting next_dagrun for example_dynamic_task_mapping to 2022-03-04 00:00:00+00:00, run_after=2022-03-05 00:00:00+00:00
[2025-08-16T14:33:06.362+0200] {processor.py:183} INFO - Processing /home/leoja/airflow/airflow_venv/lib/python3.12/site-packages/airflow/example_dags/example_dynamic_task_mapping.py took 0.072 seconds
[2025-08-16T14:34:01.136+0200] {processor.py:161} INFO - Started process (PID=9848) to work on /home/leoja/airflow/airflow_venv/lib/python3.12/site-packages/airflow/example_dags/example_dynamic_task_mapping.py
[2025-08-16T14:34:01.139+0200] {processor.py:830} INFO - Processing file /home/leoja/airflow/airflow_venv/lib/python3.12/site-packages/airflow/example_dags/example_dynamic_task_mapping.py for tasks to queue
[2025-08-16T14:34:01.141+0200] {logging_mixin.py:188} INFO - [2025-08-16T14:34:01.140+0200] {dagbag.py:540} INFO - Filling up the DagBag from /home/leoja/airflow/airflow_venv/lib/python3.12/site-packages/airflow/example_dags/example_dynamic_task_mapping.py
[2025-08-16T14:34:01.148+0200] {processor.py:840} INFO - DAG(s) 'example_dynamic_task_mapping' retrieved from /home/leoja/airflow/airflow_venv/lib/python3.12/site-packages/airflow/example_dags/example_dynamic_task_mapping.py
[2025-08-16T14:34:01.167+0200] {logging_mixin.py:188} INFO - [2025-08-16T14:34:01.167+0200] {dag.py:3096} INFO - Sync 1 DAGs
[2025-08-16T14:34:01.187+0200] {logging_mixin.py:188} INFO - [2025-08-16T14:34:01.187+0200] {dag.py:3954} INFO - Setting next_dagrun for example_dynamic_task_mapping to 2022-03-04 00:00:00+00:00, run_after=2022-03-05 00:00:00+00:00
[2025-08-16T14:34:01.213+0200] {processor.py:183} INFO - Processing /home/leoja/airflow/airflow_venv/lib/python3.12/site-packages/airflow/example_dags/example_dynamic_task_mapping.py took 0.088 seconds
[2025-08-16T14:34:58.847+0200] {processor.py:161} INFO - Started process (PID=10182) to work on /home/leoja/airflow/airflow_venv/lib/python3.12/site-packages/airflow/example_dags/example_dynamic_task_mapping.py
[2025-08-16T14:34:58.849+0200] {processor.py:830} INFO - Processing file /home/leoja/airflow/airflow_venv/lib/python3.12/site-packages/airflow/example_dags/example_dynamic_task_mapping.py for tasks to queue
[2025-08-16T14:34:58.850+0200] {logging_mixin.py:188} INFO - [2025-08-16T14:34:58.850+0200] {dagbag.py:540} INFO - Filling up the DagBag from /home/leoja/airflow/airflow_venv/lib/python3.12/site-packages/airflow/example_dags/example_dynamic_task_mapping.py
[2025-08-16T14:34:58.856+0200] {processor.py:840} INFO - DAG(s) 'example_dynamic_task_mapping' retrieved from /home/leoja/airflow/airflow_venv/lib/python3.12/site-packages/airflow/example_dags/example_dynamic_task_mapping.py
[2025-08-16T14:34:58.871+0200] {logging_mixin.py:188} INFO - [2025-08-16T14:34:58.871+0200] {dag.py:3096} INFO - Sync 1 DAGs
[2025-08-16T14:34:58.885+0200] {logging_mixin.py:188} INFO - [2025-08-16T14:34:58.885+0200] {dag.py:3954} INFO - Setting next_dagrun for example_dynamic_task_mapping to 2022-03-04 00:00:00+00:00, run_after=2022-03-05 00:00:00+00:00
[2025-08-16T14:34:58.929+0200] {processor.py:183} INFO - Processing /home/leoja/airflow/airflow_venv/lib/python3.12/site-packages/airflow/example_dags/example_dynamic_task_mapping.py took 0.090 seconds
[2025-08-16T14:35:51.024+0200] {processor.py:161} INFO - Started process (PID=10455) to work on /home/leoja/airflow/airflow_venv/lib/python3.12/site-packages/airflow/example_dags/example_dynamic_task_mapping.py
[2025-08-16T14:35:51.025+0200] {processor.py:830} INFO - Processing file /home/leoja/airflow/airflow_venv/lib/python3.12/site-packages/airflow/example_dags/example_dynamic_task_mapping.py for tasks to queue
[2025-08-16T14:35:51.027+0200] {logging_mixin.py:188} INFO - [2025-08-16T14:35:51.026+0200] {dagbag.py:540} INFO - Filling up the DagBag from /home/leoja/airflow/airflow_venv/lib/python3.12/site-packages/airflow/example_dags/example_dynamic_task_mapping.py
[2025-08-16T14:35:51.032+0200] {processor.py:840} INFO - DAG(s) 'example_dynamic_task_mapping' retrieved from /home/leoja/airflow/airflow_venv/lib/python3.12/site-packages/airflow/example_dags/example_dynamic_task_mapping.py
[2025-08-16T14:35:51.043+0200] {logging_mixin.py:188} INFO - [2025-08-16T14:35:51.042+0200] {dag.py:3096} INFO - Sync 1 DAGs
[2025-08-16T14:35:51.054+0200] {logging_mixin.py:188} INFO - [2025-08-16T14:35:51.054+0200] {dag.py:3954} INFO - Setting next_dagrun for example_dynamic_task_mapping to 2022-03-04 00:00:00+00:00, run_after=2022-03-05 00:00:00+00:00
[2025-08-16T14:35:51.093+0200] {processor.py:183} INFO - Processing /home/leoja/airflow/airflow_venv/lib/python3.12/site-packages/airflow/example_dags/example_dynamic_task_mapping.py took 0.073 seconds
[2025-08-16T14:36:40.944+0200] {processor.py:161} INFO - Started process (PID=10731) to work on /home/leoja/airflow/airflow_venv/lib/python3.12/site-packages/airflow/example_dags/example_dynamic_task_mapping.py
[2025-08-16T14:36:40.946+0200] {processor.py:830} INFO - Processing file /home/leoja/airflow/airflow_venv/lib/python3.12/site-packages/airflow/example_dags/example_dynamic_task_mapping.py for tasks to queue
[2025-08-16T14:36:40.947+0200] {logging_mixin.py:188} INFO - [2025-08-16T14:36:40.946+0200] {dagbag.py:540} INFO - Filling up the DagBag from /home/leoja/airflow/airflow_venv/lib/python3.12/site-packages/airflow/example_dags/example_dynamic_task_mapping.py
[2025-08-16T14:36:40.953+0200] {processor.py:840} INFO - DAG(s) 'example_dynamic_task_mapping' retrieved from /home/leoja/airflow/airflow_venv/lib/python3.12/site-packages/airflow/example_dags/example_dynamic_task_mapping.py
[2025-08-16T14:36:40.972+0200] {logging_mixin.py:188} INFO - [2025-08-16T14:36:40.972+0200] {dag.py:3096} INFO - Sync 1 DAGs
[2025-08-16T14:36:40.990+0200] {logging_mixin.py:188} INFO - [2025-08-16T14:36:40.990+0200] {dag.py:3954} INFO - Setting next_dagrun for example_dynamic_task_mapping to 2022-03-04 00:00:00+00:00, run_after=2022-03-05 00:00:00+00:00
[2025-08-16T14:36:41.054+0200] {processor.py:183} INFO - Processing /home/leoja/airflow/airflow_venv/lib/python3.12/site-packages/airflow/example_dags/example_dynamic_task_mapping.py took 0.115 seconds
[2025-08-16T14:37:33.842+0200] {processor.py:161} INFO - Started process (PID=11084) to work on /home/leoja/airflow/airflow_venv/lib/python3.12/site-packages/airflow/example_dags/example_dynamic_task_mapping.py
[2025-08-16T14:37:33.858+0200] {processor.py:830} INFO - Processing file /home/leoja/airflow/airflow_venv/lib/python3.12/site-packages/airflow/example_dags/example_dynamic_task_mapping.py for tasks to queue
[2025-08-16T14:37:33.859+0200] {logging_mixin.py:188} INFO - [2025-08-16T14:37:33.859+0200] {dagbag.py:540} INFO - Filling up the DagBag from /home/leoja/airflow/airflow_venv/lib/python3.12/site-packages/airflow/example_dags/example_dynamic_task_mapping.py
[2025-08-16T14:37:33.865+0200] {processor.py:840} INFO - DAG(s) 'example_dynamic_task_mapping' retrieved from /home/leoja/airflow/airflow_venv/lib/python3.12/site-packages/airflow/example_dags/example_dynamic_task_mapping.py
[2025-08-16T14:37:33.879+0200] {logging_mixin.py:188} INFO - [2025-08-16T14:37:33.879+0200] {dag.py:3096} INFO - Sync 1 DAGs
[2025-08-16T14:37:33.893+0200] {logging_mixin.py:188} INFO - [2025-08-16T14:37:33.893+0200] {dag.py:3954} INFO - Setting next_dagrun for example_dynamic_task_mapping to 2022-03-04 00:00:00+00:00, run_after=2022-03-05 00:00:00+00:00
[2025-08-16T14:37:33.945+0200] {processor.py:183} INFO - Processing /home/leoja/airflow/airflow_venv/lib/python3.12/site-packages/airflow/example_dags/example_dynamic_task_mapping.py took 0.108 seconds
[2025-08-16T14:38:20.950+0200] {processor.py:161} INFO - Started process (PID=11352) to work on /home/leoja/airflow/airflow_venv/lib/python3.12/site-packages/airflow/example_dags/example_dynamic_task_mapping.py
[2025-08-16T14:38:20.963+0200] {processor.py:830} INFO - Processing file /home/leoja/airflow/airflow_venv/lib/python3.12/site-packages/airflow/example_dags/example_dynamic_task_mapping.py for tasks to queue
[2025-08-16T14:38:20.963+0200] {logging_mixin.py:188} INFO - [2025-08-16T14:38:20.963+0200] {dagbag.py:540} INFO - Filling up the DagBag from /home/leoja/airflow/airflow_venv/lib/python3.12/site-packages/airflow/example_dags/example_dynamic_task_mapping.py
[2025-08-16T14:38:20.969+0200] {processor.py:840} INFO - DAG(s) 'example_dynamic_task_mapping' retrieved from /home/leoja/airflow/airflow_venv/lib/python3.12/site-packages/airflow/example_dags/example_dynamic_task_mapping.py
[2025-08-16T14:38:20.985+0200] {logging_mixin.py:188} INFO - [2025-08-16T14:38:20.985+0200] {dag.py:3096} INFO - Sync 1 DAGs
[2025-08-16T14:38:20.999+0200] {logging_mixin.py:188} INFO - [2025-08-16T14:38:20.999+0200] {dag.py:3954} INFO - Setting next_dagrun for example_dynamic_task_mapping to 2022-03-04 00:00:00+00:00, run_after=2022-03-05 00:00:00+00:00
[2025-08-16T14:38:21.038+0200] {processor.py:183} INFO - Processing /home/leoja/airflow/airflow_venv/lib/python3.12/site-packages/airflow/example_dags/example_dynamic_task_mapping.py took 0.092 seconds
[2025-08-16T14:39:04.252+0200] {processor.py:161} INFO - Started process (PID=11601) to work on /home/leoja/airflow/airflow_venv/lib/python3.12/site-packages/airflow/example_dags/example_dynamic_task_mapping.py
[2025-08-16T14:39:04.255+0200] {processor.py:830} INFO - Processing file /home/leoja/airflow/airflow_venv/lib/python3.12/site-packages/airflow/example_dags/example_dynamic_task_mapping.py for tasks to queue
[2025-08-16T14:39:04.256+0200] {logging_mixin.py:188} INFO - [2025-08-16T14:39:04.256+0200] {dagbag.py:540} INFO - Filling up the DagBag from /home/leoja/airflow/airflow_venv/lib/python3.12/site-packages/airflow/example_dags/example_dynamic_task_mapping.py
[2025-08-16T14:39:04.261+0200] {processor.py:840} INFO - DAG(s) 'example_dynamic_task_mapping' retrieved from /home/leoja/airflow/airflow_venv/lib/python3.12/site-packages/airflow/example_dags/example_dynamic_task_mapping.py
[2025-08-16T14:39:04.273+0200] {logging_mixin.py:188} INFO - [2025-08-16T14:39:04.273+0200] {dag.py:3096} INFO - Sync 1 DAGs
[2025-08-16T14:39:04.287+0200] {logging_mixin.py:188} INFO - [2025-08-16T14:39:04.286+0200] {dag.py:3954} INFO - Setting next_dagrun for example_dynamic_task_mapping to 2022-03-04 00:00:00+00:00, run_after=2022-03-05 00:00:00+00:00
[2025-08-16T14:39:04.315+0200] {processor.py:183} INFO - Processing /home/leoja/airflow/airflow_venv/lib/python3.12/site-packages/airflow/example_dags/example_dynamic_task_mapping.py took 0.068 seconds
[2025-08-16T14:39:50.000+0200] {processor.py:161} INFO - Started process (PID=11863) to work on /home/leoja/airflow/airflow_venv/lib/python3.12/site-packages/airflow/example_dags/example_dynamic_task_mapping.py
[2025-08-16T14:39:50.001+0200] {processor.py:830} INFO - Processing file /home/leoja/airflow/airflow_venv/lib/python3.12/site-packages/airflow/example_dags/example_dynamic_task_mapping.py for tasks to queue
[2025-08-16T14:39:50.002+0200] {logging_mixin.py:188} INFO - [2025-08-16T14:39:50.002+0200] {dagbag.py:540} INFO - Filling up the DagBag from /home/leoja/airflow/airflow_venv/lib/python3.12/site-packages/airflow/example_dags/example_dynamic_task_mapping.py
[2025-08-16T14:39:50.007+0200] {processor.py:840} INFO - DAG(s) 'example_dynamic_task_mapping' retrieved from /home/leoja/airflow/airflow_venv/lib/python3.12/site-packages/airflow/example_dags/example_dynamic_task_mapping.py
[2025-08-16T14:39:50.022+0200] {logging_mixin.py:188} INFO - [2025-08-16T14:39:50.021+0200] {dag.py:3096} INFO - Sync 1 DAGs
[2025-08-16T14:39:50.035+0200] {logging_mixin.py:188} INFO - [2025-08-16T14:39:50.034+0200] {dag.py:3954} INFO - Setting next_dagrun for example_dynamic_task_mapping to 2022-03-04 00:00:00+00:00, run_after=2022-03-05 00:00:00+00:00
[2025-08-16T14:39:50.058+0200] {processor.py:183} INFO - Processing /home/leoja/airflow/airflow_venv/lib/python3.12/site-packages/airflow/example_dags/example_dynamic_task_mapping.py took 0.063 seconds
[2025-08-16T14:40:38.644+0200] {processor.py:161} INFO - Started process (PID=12138) to work on /home/leoja/airflow/airflow_venv/lib/python3.12/site-packages/airflow/example_dags/example_dynamic_task_mapping.py
[2025-08-16T14:40:38.645+0200] {processor.py:830} INFO - Processing file /home/leoja/airflow/airflow_venv/lib/python3.12/site-packages/airflow/example_dags/example_dynamic_task_mapping.py for tasks to queue
[2025-08-16T14:40:38.646+0200] {logging_mixin.py:188} INFO - [2025-08-16T14:40:38.646+0200] {dagbag.py:540} INFO - Filling up the DagBag from /home/leoja/airflow/airflow_venv/lib/python3.12/site-packages/airflow/example_dags/example_dynamic_task_mapping.py
[2025-08-16T14:40:38.652+0200] {processor.py:840} INFO - DAG(s) 'example_dynamic_task_mapping' retrieved from /home/leoja/airflow/airflow_venv/lib/python3.12/site-packages/airflow/example_dags/example_dynamic_task_mapping.py
[2025-08-16T14:40:38.667+0200] {logging_mixin.py:188} INFO - [2025-08-16T14:40:38.666+0200] {dag.py:3096} INFO - Sync 1 DAGs
[2025-08-16T14:40:38.680+0200] {logging_mixin.py:188} INFO - [2025-08-16T14:40:38.680+0200] {dag.py:3954} INFO - Setting next_dagrun for example_dynamic_task_mapping to 2022-03-04 00:00:00+00:00, run_after=2022-03-05 00:00:00+00:00
[2025-08-16T14:40:38.706+0200] {processor.py:183} INFO - Processing /home/leoja/airflow/airflow_venv/lib/python3.12/site-packages/airflow/example_dags/example_dynamic_task_mapping.py took 0.069 seconds
[2025-08-16T14:41:22.901+0200] {processor.py:161} INFO - Started process (PID=12430) to work on /home/leoja/airflow/airflow_venv/lib/python3.12/site-packages/airflow/example_dags/example_dynamic_task_mapping.py
[2025-08-16T14:41:22.903+0200] {processor.py:830} INFO - Processing file /home/leoja/airflow/airflow_venv/lib/python3.12/site-packages/airflow/example_dags/example_dynamic_task_mapping.py for tasks to queue
[2025-08-16T14:41:22.904+0200] {logging_mixin.py:188} INFO - [2025-08-16T14:41:22.903+0200] {dagbag.py:540} INFO - Filling up the DagBag from /home/leoja/airflow/airflow_venv/lib/python3.12/site-packages/airflow/example_dags/example_dynamic_task_mapping.py
[2025-08-16T14:41:22.909+0200] {processor.py:840} INFO - DAG(s) 'example_dynamic_task_mapping' retrieved from /home/leoja/airflow/airflow_venv/lib/python3.12/site-packages/airflow/example_dags/example_dynamic_task_mapping.py
[2025-08-16T14:41:22.921+0200] {logging_mixin.py:188} INFO - [2025-08-16T14:41:22.921+0200] {dag.py:3096} INFO - Sync 1 DAGs
[2025-08-16T14:41:22.933+0200] {logging_mixin.py:188} INFO - [2025-08-16T14:41:22.933+0200] {dag.py:3954} INFO - Setting next_dagrun for example_dynamic_task_mapping to 2022-03-04 00:00:00+00:00, run_after=2022-03-05 00:00:00+00:00
[2025-08-16T14:41:22.956+0200] {processor.py:183} INFO - Processing /home/leoja/airflow/airflow_venv/lib/python3.12/site-packages/airflow/example_dags/example_dynamic_task_mapping.py took 0.060 seconds
[2025-08-16T14:42:09.151+0200] {processor.py:161} INFO - Started process (PID=12720) to work on /home/leoja/airflow/airflow_venv/lib/python3.12/site-packages/airflow/example_dags/example_dynamic_task_mapping.py
[2025-08-16T14:42:09.153+0200] {processor.py:830} INFO - Processing file /home/leoja/airflow/airflow_venv/lib/python3.12/site-packages/airflow/example_dags/example_dynamic_task_mapping.py for tasks to queue
[2025-08-16T14:42:09.154+0200] {logging_mixin.py:188} INFO - [2025-08-16T14:42:09.153+0200] {dagbag.py:540} INFO - Filling up the DagBag from /home/leoja/airflow/airflow_venv/lib/python3.12/site-packages/airflow/example_dags/example_dynamic_task_mapping.py
[2025-08-16T14:42:09.158+0200] {processor.py:840} INFO - DAG(s) 'example_dynamic_task_mapping' retrieved from /home/leoja/airflow/airflow_venv/lib/python3.12/site-packages/airflow/example_dags/example_dynamic_task_mapping.py
[2025-08-16T14:42:09.170+0200] {logging_mixin.py:188} INFO - [2025-08-16T14:42:09.170+0200] {dag.py:3096} INFO - Sync 1 DAGs
[2025-08-16T14:42:09.183+0200] {logging_mixin.py:188} INFO - [2025-08-16T14:42:09.183+0200] {dag.py:3954} INFO - Setting next_dagrun for example_dynamic_task_mapping to 2022-03-04 00:00:00+00:00, run_after=2022-03-05 00:00:00+00:00
[2025-08-16T14:42:09.201+0200] {processor.py:183} INFO - Processing /home/leoja/airflow/airflow_venv/lib/python3.12/site-packages/airflow/example_dags/example_dynamic_task_mapping.py took 0.055 seconds
[2025-08-16T14:42:54.738+0200] {processor.py:161} INFO - Started process (PID=12992) to work on /home/leoja/airflow/airflow_venv/lib/python3.12/site-packages/airflow/example_dags/example_dynamic_task_mapping.py
[2025-08-16T14:42:54.740+0200] {processor.py:830} INFO - Processing file /home/leoja/airflow/airflow_venv/lib/python3.12/site-packages/airflow/example_dags/example_dynamic_task_mapping.py for tasks to queue
[2025-08-16T14:42:54.741+0200] {logging_mixin.py:188} INFO - [2025-08-16T14:42:54.740+0200] {dagbag.py:540} INFO - Filling up the DagBag from /home/leoja/airflow/airflow_venv/lib/python3.12/site-packages/airflow/example_dags/example_dynamic_task_mapping.py
[2025-08-16T14:42:54.746+0200] {processor.py:840} INFO - DAG(s) 'example_dynamic_task_mapping' retrieved from /home/leoja/airflow/airflow_venv/lib/python3.12/site-packages/airflow/example_dags/example_dynamic_task_mapping.py
[2025-08-16T14:42:54.759+0200] {logging_mixin.py:188} INFO - [2025-08-16T14:42:54.759+0200] {dag.py:3096} INFO - Sync 1 DAGs
[2025-08-16T14:42:54.772+0200] {logging_mixin.py:188} INFO - [2025-08-16T14:42:54.772+0200] {dag.py:3954} INFO - Setting next_dagrun for example_dynamic_task_mapping to 2022-03-04 00:00:00+00:00, run_after=2022-03-05 00:00:00+00:00
[2025-08-16T14:42:54.794+0200] {processor.py:183} INFO - Processing /home/leoja/airflow/airflow_venv/lib/python3.12/site-packages/airflow/example_dags/example_dynamic_task_mapping.py took 0.062 seconds
[2025-08-16T14:43:38.015+0200] {processor.py:161} INFO - Started process (PID=13274) to work on /home/leoja/airflow/airflow_venv/lib/python3.12/site-packages/airflow/example_dags/example_dynamic_task_mapping.py
[2025-08-16T14:43:38.017+0200] {processor.py:830} INFO - Processing file /home/leoja/airflow/airflow_venv/lib/python3.12/site-packages/airflow/example_dags/example_dynamic_task_mapping.py for tasks to queue
[2025-08-16T14:43:38.018+0200] {logging_mixin.py:188} INFO - [2025-08-16T14:43:38.018+0200] {dagbag.py:540} INFO - Filling up the DagBag from /home/leoja/airflow/airflow_venv/lib/python3.12/site-packages/airflow/example_dags/example_dynamic_task_mapping.py
[2025-08-16T14:43:38.024+0200] {processor.py:840} INFO - DAG(s) 'example_dynamic_task_mapping' retrieved from /home/leoja/airflow/airflow_venv/lib/python3.12/site-packages/airflow/example_dags/example_dynamic_task_mapping.py
[2025-08-16T14:43:38.039+0200] {logging_mixin.py:188} INFO - [2025-08-16T14:43:38.039+0200] {dag.py:3096} INFO - Sync 1 DAGs
[2025-08-16T14:43:38.057+0200] {logging_mixin.py:188} INFO - [2025-08-16T14:43:38.057+0200] {dag.py:3954} INFO - Setting next_dagrun for example_dynamic_task_mapping to 2022-03-04 00:00:00+00:00, run_after=2022-03-05 00:00:00+00:00
[2025-08-16T14:43:38.089+0200] {processor.py:183} INFO - Processing /home/leoja/airflow/airflow_venv/lib/python3.12/site-packages/airflow/example_dags/example_dynamic_task_mapping.py took 0.078 seconds
[2025-08-16T14:44:26.862+0200] {processor.py:161} INFO - Started process (PID=13548) to work on /home/leoja/airflow/airflow_venv/lib/python3.12/site-packages/airflow/example_dags/example_dynamic_task_mapping.py
[2025-08-16T14:44:26.863+0200] {processor.py:830} INFO - Processing file /home/leoja/airflow/airflow_venv/lib/python3.12/site-packages/airflow/example_dags/example_dynamic_task_mapping.py for tasks to queue
[2025-08-16T14:44:26.864+0200] {logging_mixin.py:188} INFO - [2025-08-16T14:44:26.864+0200] {dagbag.py:540} INFO - Filling up the DagBag from /home/leoja/airflow/airflow_venv/lib/python3.12/site-packages/airflow/example_dags/example_dynamic_task_mapping.py
[2025-08-16T14:44:26.869+0200] {processor.py:840} INFO - DAG(s) 'example_dynamic_task_mapping' retrieved from /home/leoja/airflow/airflow_venv/lib/python3.12/site-packages/airflow/example_dags/example_dynamic_task_mapping.py
[2025-08-16T14:44:26.880+0200] {logging_mixin.py:188} INFO - [2025-08-16T14:44:26.880+0200] {dag.py:3096} INFO - Sync 1 DAGs
[2025-08-16T14:44:26.894+0200] {logging_mixin.py:188} INFO - [2025-08-16T14:44:26.893+0200] {dag.py:3954} INFO - Setting next_dagrun for example_dynamic_task_mapping to 2022-03-04 00:00:00+00:00, run_after=2022-03-05 00:00:00+00:00
[2025-08-16T14:44:26.919+0200] {processor.py:183} INFO - Processing /home/leoja/airflow/airflow_venv/lib/python3.12/site-packages/airflow/example_dags/example_dynamic_task_mapping.py took 0.061 seconds
[2025-08-16T14:45:18.531+0200] {processor.py:161} INFO - Started process (PID=13854) to work on /home/leoja/airflow/airflow_venv/lib/python3.12/site-packages/airflow/example_dags/example_dynamic_task_mapping.py
[2025-08-16T14:45:18.533+0200] {processor.py:830} INFO - Processing file /home/leoja/airflow/airflow_venv/lib/python3.12/site-packages/airflow/example_dags/example_dynamic_task_mapping.py for tasks to queue
[2025-08-16T14:45:18.534+0200] {logging_mixin.py:188} INFO - [2025-08-16T14:45:18.533+0200] {dagbag.py:540} INFO - Filling up the DagBag from /home/leoja/airflow/airflow_venv/lib/python3.12/site-packages/airflow/example_dags/example_dynamic_task_mapping.py
[2025-08-16T14:45:18.539+0200] {processor.py:840} INFO - DAG(s) 'example_dynamic_task_mapping' retrieved from /home/leoja/airflow/airflow_venv/lib/python3.12/site-packages/airflow/example_dags/example_dynamic_task_mapping.py
[2025-08-16T14:45:18.552+0200] {logging_mixin.py:188} INFO - [2025-08-16T14:45:18.551+0200] {dag.py:3096} INFO - Sync 1 DAGs
[2025-08-16T14:45:18.563+0200] {logging_mixin.py:188} INFO - [2025-08-16T14:45:18.563+0200] {dag.py:3954} INFO - Setting next_dagrun for example_dynamic_task_mapping to 2022-03-04 00:00:00+00:00, run_after=2022-03-05 00:00:00+00:00
[2025-08-16T14:45:18.602+0200] {processor.py:183} INFO - Processing /home/leoja/airflow/airflow_venv/lib/python3.12/site-packages/airflow/example_dags/example_dynamic_task_mapping.py took 0.076 seconds
[2025-08-16T14:46:06.220+0200] {processor.py:161} INFO - Started process (PID=14103) to work on /home/leoja/airflow/airflow_venv/lib/python3.12/site-packages/airflow/example_dags/example_dynamic_task_mapping.py
[2025-08-16T14:46:06.222+0200] {processor.py:830} INFO - Processing file /home/leoja/airflow/airflow_venv/lib/python3.12/site-packages/airflow/example_dags/example_dynamic_task_mapping.py for tasks to queue
[2025-08-16T14:46:06.223+0200] {logging_mixin.py:188} INFO - [2025-08-16T14:46:06.223+0200] {dagbag.py:540} INFO - Filling up the DagBag from /home/leoja/airflow/airflow_venv/lib/python3.12/site-packages/airflow/example_dags/example_dynamic_task_mapping.py
[2025-08-16T14:46:06.233+0200] {processor.py:840} INFO - DAG(s) 'example_dynamic_task_mapping' retrieved from /home/leoja/airflow/airflow_venv/lib/python3.12/site-packages/airflow/example_dags/example_dynamic_task_mapping.py
[2025-08-16T14:46:06.248+0200] {logging_mixin.py:188} INFO - [2025-08-16T14:46:06.248+0200] {dag.py:3096} INFO - Sync 1 DAGs
[2025-08-16T14:46:06.263+0200] {logging_mixin.py:188} INFO - [2025-08-16T14:46:06.263+0200] {dag.py:3954} INFO - Setting next_dagrun for example_dynamic_task_mapping to 2022-03-04 00:00:00+00:00, run_after=2022-03-05 00:00:00+00:00
[2025-08-16T14:46:06.305+0200] {processor.py:183} INFO - Processing /home/leoja/airflow/airflow_venv/lib/python3.12/site-packages/airflow/example_dags/example_dynamic_task_mapping.py took 0.090 seconds
[2025-08-16T14:46:53.477+0200] {processor.py:161} INFO - Started process (PID=14379) to work on /home/leoja/airflow/airflow_venv/lib/python3.12/site-packages/airflow/example_dags/example_dynamic_task_mapping.py
[2025-08-16T14:46:53.478+0200] {processor.py:830} INFO - Processing file /home/leoja/airflow/airflow_venv/lib/python3.12/site-packages/airflow/example_dags/example_dynamic_task_mapping.py for tasks to queue
[2025-08-16T14:46:53.479+0200] {logging_mixin.py:188} INFO - [2025-08-16T14:46:53.478+0200] {dagbag.py:540} INFO - Filling up the DagBag from /home/leoja/airflow/airflow_venv/lib/python3.12/site-packages/airflow/example_dags/example_dynamic_task_mapping.py
[2025-08-16T14:46:53.483+0200] {processor.py:840} INFO - DAG(s) 'example_dynamic_task_mapping' retrieved from /home/leoja/airflow/airflow_venv/lib/python3.12/site-packages/airflow/example_dags/example_dynamic_task_mapping.py
[2025-08-16T14:46:53.496+0200] {logging_mixin.py:188} INFO - [2025-08-16T14:46:53.496+0200] {dag.py:3096} INFO - Sync 1 DAGs
[2025-08-16T14:46:53.508+0200] {logging_mixin.py:188} INFO - [2025-08-16T14:46:53.507+0200] {dag.py:3954} INFO - Setting next_dagrun for example_dynamic_task_mapping to 2022-03-04 00:00:00+00:00, run_after=2022-03-05 00:00:00+00:00
[2025-08-16T14:46:53.526+0200] {processor.py:183} INFO - Processing /home/leoja/airflow/airflow_venv/lib/python3.12/site-packages/airflow/example_dags/example_dynamic_task_mapping.py took 0.055 seconds
[2025-08-16T14:47:38.829+0200] {processor.py:161} INFO - Started process (PID=14640) to work on /home/leoja/airflow/airflow_venv/lib/python3.12/site-packages/airflow/example_dags/example_dynamic_task_mapping.py
[2025-08-16T14:47:38.833+0200] {processor.py:830} INFO - Processing file /home/leoja/airflow/airflow_venv/lib/python3.12/site-packages/airflow/example_dags/example_dynamic_task_mapping.py for tasks to queue
[2025-08-16T14:47:38.834+0200] {logging_mixin.py:188} INFO - [2025-08-16T14:47:38.833+0200] {dagbag.py:540} INFO - Filling up the DagBag from /home/leoja/airflow/airflow_venv/lib/python3.12/site-packages/airflow/example_dags/example_dynamic_task_mapping.py
[2025-08-16T14:47:38.838+0200] {processor.py:840} INFO - DAG(s) 'example_dynamic_task_mapping' retrieved from /home/leoja/airflow/airflow_venv/lib/python3.12/site-packages/airflow/example_dags/example_dynamic_task_mapping.py
[2025-08-16T14:47:38.851+0200] {logging_mixin.py:188} INFO - [2025-08-16T14:47:38.851+0200] {dag.py:3096} INFO - Sync 1 DAGs
[2025-08-16T14:47:38.866+0200] {logging_mixin.py:188} INFO - [2025-08-16T14:47:38.865+0200] {dag.py:3954} INFO - Setting next_dagrun for example_dynamic_task_mapping to 2022-03-04 00:00:00+00:00, run_after=2022-03-05 00:00:00+00:00
[2025-08-16T14:47:38.888+0200] {processor.py:183} INFO - Processing /home/leoja/airflow/airflow_venv/lib/python3.12/site-packages/airflow/example_dags/example_dynamic_task_mapping.py took 0.064 seconds
[2025-08-16T14:48:25.761+0200] {processor.py:161} INFO - Started process (PID=14889) to work on /home/leoja/airflow/airflow_venv/lib/python3.12/site-packages/airflow/example_dags/example_dynamic_task_mapping.py
[2025-08-16T14:48:25.763+0200] {processor.py:830} INFO - Processing file /home/leoja/airflow/airflow_venv/lib/python3.12/site-packages/airflow/example_dags/example_dynamic_task_mapping.py for tasks to queue
[2025-08-16T14:48:25.764+0200] {logging_mixin.py:188} INFO - [2025-08-16T14:48:25.763+0200] {dagbag.py:540} INFO - Filling up the DagBag from /home/leoja/airflow/airflow_venv/lib/python3.12/site-packages/airflow/example_dags/example_dynamic_task_mapping.py
[2025-08-16T14:48:25.770+0200] {processor.py:840} INFO - DAG(s) 'example_dynamic_task_mapping' retrieved from /home/leoja/airflow/airflow_venv/lib/python3.12/site-packages/airflow/example_dags/example_dynamic_task_mapping.py
[2025-08-16T14:48:25.782+0200] {logging_mixin.py:188} INFO - [2025-08-16T14:48:25.782+0200] {dag.py:3096} INFO - Sync 1 DAGs
[2025-08-16T14:48:25.794+0200] {logging_mixin.py:188} INFO - [2025-08-16T14:48:25.794+0200] {dag.py:3954} INFO - Setting next_dagrun for example_dynamic_task_mapping to 2022-03-04 00:00:00+00:00, run_after=2022-03-05 00:00:00+00:00
[2025-08-16T14:48:25.817+0200] {processor.py:183} INFO - Processing /home/leoja/airflow/airflow_venv/lib/python3.12/site-packages/airflow/example_dags/example_dynamic_task_mapping.py took 0.061 seconds
[2025-08-16T14:49:09.259+0200] {processor.py:161} INFO - Started process (PID=15136) to work on /home/leoja/airflow/airflow_venv/lib/python3.12/site-packages/airflow/example_dags/example_dynamic_task_mapping.py
[2025-08-16T14:49:09.261+0200] {processor.py:830} INFO - Processing file /home/leoja/airflow/airflow_venv/lib/python3.12/site-packages/airflow/example_dags/example_dynamic_task_mapping.py for tasks to queue
[2025-08-16T14:49:09.262+0200] {logging_mixin.py:188} INFO - [2025-08-16T14:49:09.261+0200] {dagbag.py:540} INFO - Filling up the DagBag from /home/leoja/airflow/airflow_venv/lib/python3.12/site-packages/airflow/example_dags/example_dynamic_task_mapping.py
[2025-08-16T14:49:09.267+0200] {processor.py:840} INFO - DAG(s) 'example_dynamic_task_mapping' retrieved from /home/leoja/airflow/airflow_venv/lib/python3.12/site-packages/airflow/example_dags/example_dynamic_task_mapping.py
[2025-08-16T14:49:09.279+0200] {logging_mixin.py:188} INFO - [2025-08-16T14:49:09.279+0200] {dag.py:3096} INFO - Sync 1 DAGs
[2025-08-16T14:49:09.296+0200] {logging_mixin.py:188} INFO - [2025-08-16T14:49:09.296+0200] {dag.py:3954} INFO - Setting next_dagrun for example_dynamic_task_mapping to 2022-03-04 00:00:00+00:00, run_after=2022-03-05 00:00:00+00:00
[2025-08-16T14:49:09.317+0200] {processor.py:183} INFO - Processing /home/leoja/airflow/airflow_venv/lib/python3.12/site-packages/airflow/example_dags/example_dynamic_task_mapping.py took 0.064 seconds
[2025-08-16T14:49:54.109+0200] {processor.py:161} INFO - Started process (PID=15399) to work on /home/leoja/airflow/airflow_venv/lib/python3.12/site-packages/airflow/example_dags/example_dynamic_task_mapping.py
[2025-08-16T14:49:54.120+0200] {processor.py:830} INFO - Processing file /home/leoja/airflow/airflow_venv/lib/python3.12/site-packages/airflow/example_dags/example_dynamic_task_mapping.py for tasks to queue
[2025-08-16T14:49:54.121+0200] {logging_mixin.py:188} INFO - [2025-08-16T14:49:54.121+0200] {dagbag.py:540} INFO - Filling up the DagBag from /home/leoja/airflow/airflow_venv/lib/python3.12/site-packages/airflow/example_dags/example_dynamic_task_mapping.py
[2025-08-16T14:49:54.127+0200] {processor.py:840} INFO - DAG(s) 'example_dynamic_task_mapping' retrieved from /home/leoja/airflow/airflow_venv/lib/python3.12/site-packages/airflow/example_dags/example_dynamic_task_mapping.py
[2025-08-16T14:49:54.139+0200] {logging_mixin.py:188} INFO - [2025-08-16T14:49:54.139+0200] {dag.py:3096} INFO - Sync 1 DAGs
[2025-08-16T14:49:54.152+0200] {logging_mixin.py:188} INFO - [2025-08-16T14:49:54.152+0200] {dag.py:3954} INFO - Setting next_dagrun for example_dynamic_task_mapping to 2022-03-04 00:00:00+00:00, run_after=2022-03-05 00:00:00+00:00
[2025-08-16T14:49:54.217+0200] {processor.py:183} INFO - Processing /home/leoja/airflow/airflow_venv/lib/python3.12/site-packages/airflow/example_dags/example_dynamic_task_mapping.py took 0.114 seconds
[2025-08-16T14:50:40.273+0200] {processor.py:161} INFO - Started process (PID=15647) to work on /home/leoja/airflow/airflow_venv/lib/python3.12/site-packages/airflow/example_dags/example_dynamic_task_mapping.py
[2025-08-16T14:50:40.278+0200] {processor.py:830} INFO - Processing file /home/leoja/airflow/airflow_venv/lib/python3.12/site-packages/airflow/example_dags/example_dynamic_task_mapping.py for tasks to queue
[2025-08-16T14:50:40.279+0200] {logging_mixin.py:188} INFO - [2025-08-16T14:50:40.278+0200] {dagbag.py:540} INFO - Filling up the DagBag from /home/leoja/airflow/airflow_venv/lib/python3.12/site-packages/airflow/example_dags/example_dynamic_task_mapping.py
[2025-08-16T14:50:40.285+0200] {processor.py:840} INFO - DAG(s) 'example_dynamic_task_mapping' retrieved from /home/leoja/airflow/airflow_venv/lib/python3.12/site-packages/airflow/example_dags/example_dynamic_task_mapping.py
[2025-08-16T14:50:40.297+0200] {logging_mixin.py:188} INFO - [2025-08-16T14:50:40.297+0200] {dag.py:3096} INFO - Sync 1 DAGs
[2025-08-16T14:50:40.310+0200] {logging_mixin.py:188} INFO - [2025-08-16T14:50:40.310+0200] {dag.py:3954} INFO - Setting next_dagrun for example_dynamic_task_mapping to 2022-03-04 00:00:00+00:00, run_after=2022-03-05 00:00:00+00:00
[2025-08-16T14:50:40.335+0200] {processor.py:183} INFO - Processing /home/leoja/airflow/airflow_venv/lib/python3.12/site-packages/airflow/example_dags/example_dynamic_task_mapping.py took 0.067 seconds
[2025-08-16T14:51:25.424+0200] {processor.py:161} INFO - Started process (PID=15917) to work on /home/leoja/airflow/airflow_venv/lib/python3.12/site-packages/airflow/example_dags/example_dynamic_task_mapping.py
[2025-08-16T14:51:25.425+0200] {processor.py:830} INFO - Processing file /home/leoja/airflow/airflow_venv/lib/python3.12/site-packages/airflow/example_dags/example_dynamic_task_mapping.py for tasks to queue
[2025-08-16T14:51:25.426+0200] {logging_mixin.py:188} INFO - [2025-08-16T14:51:25.426+0200] {dagbag.py:540} INFO - Filling up the DagBag from /home/leoja/airflow/airflow_venv/lib/python3.12/site-packages/airflow/example_dags/example_dynamic_task_mapping.py
[2025-08-16T14:51:25.433+0200] {processor.py:840} INFO - DAG(s) 'example_dynamic_task_mapping' retrieved from /home/leoja/airflow/airflow_venv/lib/python3.12/site-packages/airflow/example_dags/example_dynamic_task_mapping.py
[2025-08-16T14:51:25.448+0200] {logging_mixin.py:188} INFO - [2025-08-16T14:51:25.448+0200] {dag.py:3096} INFO - Sync 1 DAGs
[2025-08-16T14:51:25.464+0200] {logging_mixin.py:188} INFO - [2025-08-16T14:51:25.464+0200] {dag.py:3954} INFO - Setting next_dagrun for example_dynamic_task_mapping to 2022-03-04 00:00:00+00:00, run_after=2022-03-05 00:00:00+00:00
[2025-08-16T14:51:25.495+0200] {processor.py:183} INFO - Processing /home/leoja/airflow/airflow_venv/lib/python3.12/site-packages/airflow/example_dags/example_dynamic_task_mapping.py took 0.077 seconds
[2025-08-16T14:52:14.787+0200] {processor.py:161} INFO - Started process (PID=16158) to work on /home/leoja/airflow/airflow_venv/lib/python3.12/site-packages/airflow/example_dags/example_dynamic_task_mapping.py
[2025-08-16T14:52:14.789+0200] {processor.py:830} INFO - Processing file /home/leoja/airflow/airflow_venv/lib/python3.12/site-packages/airflow/example_dags/example_dynamic_task_mapping.py for tasks to queue
[2025-08-16T14:52:14.790+0200] {logging_mixin.py:188} INFO - [2025-08-16T14:52:14.789+0200] {dagbag.py:540} INFO - Filling up the DagBag from /home/leoja/airflow/airflow_venv/lib/python3.12/site-packages/airflow/example_dags/example_dynamic_task_mapping.py
[2025-08-16T14:52:14.796+0200] {processor.py:840} INFO - DAG(s) 'example_dynamic_task_mapping' retrieved from /home/leoja/airflow/airflow_venv/lib/python3.12/site-packages/airflow/example_dags/example_dynamic_task_mapping.py
[2025-08-16T14:52:14.809+0200] {logging_mixin.py:188} INFO - [2025-08-16T14:52:14.809+0200] {dag.py:3096} INFO - Sync 1 DAGs
[2025-08-16T14:52:14.824+0200] {logging_mixin.py:188} INFO - [2025-08-16T14:52:14.823+0200] {dag.py:3954} INFO - Setting next_dagrun for example_dynamic_task_mapping to 2022-03-04 00:00:00+00:00, run_after=2022-03-05 00:00:00+00:00
[2025-08-16T14:52:14.848+0200] {processor.py:183} INFO - Processing /home/leoja/airflow/airflow_venv/lib/python3.12/site-packages/airflow/example_dags/example_dynamic_task_mapping.py took 0.066 seconds
[2025-08-16T14:53:01.697+0200] {processor.py:161} INFO - Started process (PID=16431) to work on /home/leoja/airflow/airflow_venv/lib/python3.12/site-packages/airflow/example_dags/example_dynamic_task_mapping.py
[2025-08-16T14:53:01.701+0200] {processor.py:830} INFO - Processing file /home/leoja/airflow/airflow_venv/lib/python3.12/site-packages/airflow/example_dags/example_dynamic_task_mapping.py for tasks to queue
[2025-08-16T14:53:01.701+0200] {logging_mixin.py:188} INFO - [2025-08-16T14:53:01.701+0200] {dagbag.py:540} INFO - Filling up the DagBag from /home/leoja/airflow/airflow_venv/lib/python3.12/site-packages/airflow/example_dags/example_dynamic_task_mapping.py
[2025-08-16T14:53:01.706+0200] {processor.py:840} INFO - DAG(s) 'example_dynamic_task_mapping' retrieved from /home/leoja/airflow/airflow_venv/lib/python3.12/site-packages/airflow/example_dags/example_dynamic_task_mapping.py
[2025-08-16T14:53:01.718+0200] {logging_mixin.py:188} INFO - [2025-08-16T14:53:01.718+0200] {dag.py:3096} INFO - Sync 1 DAGs
[2025-08-16T14:53:01.732+0200] {logging_mixin.py:188} INFO - [2025-08-16T14:53:01.732+0200] {dag.py:3954} INFO - Setting next_dagrun for example_dynamic_task_mapping to 2022-03-04 00:00:00+00:00, run_after=2022-03-05 00:00:00+00:00
[2025-08-16T14:53:01.785+0200] {processor.py:183} INFO - Processing /home/leoja/airflow/airflow_venv/lib/python3.12/site-packages/airflow/example_dags/example_dynamic_task_mapping.py took 0.093 seconds
[2025-08-16T14:53:48.318+0200] {processor.py:161} INFO - Started process (PID=16702) to work on /home/leoja/airflow/airflow_venv/lib/python3.12/site-packages/airflow/example_dags/example_dynamic_task_mapping.py
[2025-08-16T14:53:48.319+0200] {processor.py:830} INFO - Processing file /home/leoja/airflow/airflow_venv/lib/python3.12/site-packages/airflow/example_dags/example_dynamic_task_mapping.py for tasks to queue
[2025-08-16T14:53:48.320+0200] {logging_mixin.py:188} INFO - [2025-08-16T14:53:48.320+0200] {dagbag.py:540} INFO - Filling up the DagBag from /home/leoja/airflow/airflow_venv/lib/python3.12/site-packages/airflow/example_dags/example_dynamic_task_mapping.py
[2025-08-16T14:53:48.326+0200] {processor.py:840} INFO - DAG(s) 'example_dynamic_task_mapping' retrieved from /home/leoja/airflow/airflow_venv/lib/python3.12/site-packages/airflow/example_dags/example_dynamic_task_mapping.py
[2025-08-16T14:53:48.339+0200] {logging_mixin.py:188} INFO - [2025-08-16T14:53:48.339+0200] {dag.py:3096} INFO - Sync 1 DAGs
[2025-08-16T14:53:48.351+0200] {logging_mixin.py:188} INFO - [2025-08-16T14:53:48.351+0200] {dag.py:3954} INFO - Setting next_dagrun for example_dynamic_task_mapping to 2022-03-04 00:00:00+00:00, run_after=2022-03-05 00:00:00+00:00
[2025-08-16T14:53:48.396+0200] {processor.py:183} INFO - Processing /home/leoja/airflow/airflow_venv/lib/python3.12/site-packages/airflow/example_dags/example_dynamic_task_mapping.py took 0.084 seconds
[2025-08-16T14:54:36.688+0200] {processor.py:161} INFO - Started process (PID=16924) to work on /home/leoja/airflow/airflow_venv/lib/python3.12/site-packages/airflow/example_dags/example_dynamic_task_mapping.py
[2025-08-16T14:54:36.690+0200] {processor.py:830} INFO - Processing file /home/leoja/airflow/airflow_venv/lib/python3.12/site-packages/airflow/example_dags/example_dynamic_task_mapping.py for tasks to queue
[2025-08-16T14:54:36.691+0200] {logging_mixin.py:188} INFO - [2025-08-16T14:54:36.691+0200] {dagbag.py:540} INFO - Filling up the DagBag from /home/leoja/airflow/airflow_venv/lib/python3.12/site-packages/airflow/example_dags/example_dynamic_task_mapping.py
[2025-08-16T14:54:36.697+0200] {processor.py:840} INFO - DAG(s) 'example_dynamic_task_mapping' retrieved from /home/leoja/airflow/airflow_venv/lib/python3.12/site-packages/airflow/example_dags/example_dynamic_task_mapping.py
[2025-08-16T14:54:36.712+0200] {logging_mixin.py:188} INFO - [2025-08-16T14:54:36.712+0200] {dag.py:3096} INFO - Sync 1 DAGs
[2025-08-16T14:54:36.730+0200] {logging_mixin.py:188} INFO - [2025-08-16T14:54:36.730+0200] {dag.py:3954} INFO - Setting next_dagrun for example_dynamic_task_mapping to 2022-03-04 00:00:00+00:00, run_after=2022-03-05 00:00:00+00:00
[2025-08-16T14:54:36.754+0200] {processor.py:183} INFO - Processing /home/leoja/airflow/airflow_venv/lib/python3.12/site-packages/airflow/example_dags/example_dynamic_task_mapping.py took 0.072 seconds
[2025-08-16T14:55:21.152+0200] {processor.py:161} INFO - Started process (PID=17097) to work on /home/leoja/airflow/airflow_venv/lib/python3.12/site-packages/airflow/example_dags/example_dynamic_task_mapping.py
[2025-08-16T14:55:21.153+0200] {processor.py:830} INFO - Processing file /home/leoja/airflow/airflow_venv/lib/python3.12/site-packages/airflow/example_dags/example_dynamic_task_mapping.py for tasks to queue
[2025-08-16T14:55:21.154+0200] {logging_mixin.py:188} INFO - [2025-08-16T14:55:21.154+0200] {dagbag.py:540} INFO - Filling up the DagBag from /home/leoja/airflow/airflow_venv/lib/python3.12/site-packages/airflow/example_dags/example_dynamic_task_mapping.py
[2025-08-16T14:55:21.158+0200] {processor.py:840} INFO - DAG(s) 'example_dynamic_task_mapping' retrieved from /home/leoja/airflow/airflow_venv/lib/python3.12/site-packages/airflow/example_dags/example_dynamic_task_mapping.py
[2025-08-16T14:55:21.171+0200] {logging_mixin.py:188} INFO - [2025-08-16T14:55:21.171+0200] {dag.py:3096} INFO - Sync 1 DAGs
[2025-08-16T14:55:21.185+0200] {logging_mixin.py:188} INFO - [2025-08-16T14:55:21.185+0200] {dag.py:3954} INFO - Setting next_dagrun for example_dynamic_task_mapping to 2022-03-04 00:00:00+00:00, run_after=2022-03-05 00:00:00+00:00
[2025-08-16T14:55:21.202+0200] {processor.py:183} INFO - Processing /home/leoja/airflow/airflow_venv/lib/python3.12/site-packages/airflow/example_dags/example_dynamic_task_mapping.py took 0.057 seconds
[2025-08-16T14:56:09.366+0200] {processor.py:161} INFO - Started process (PID=17294) to work on /home/leoja/airflow/airflow_venv/lib/python3.12/site-packages/airflow/example_dags/example_dynamic_task_mapping.py
[2025-08-16T14:56:09.368+0200] {processor.py:830} INFO - Processing file /home/leoja/airflow/airflow_venv/lib/python3.12/site-packages/airflow/example_dags/example_dynamic_task_mapping.py for tasks to queue
[2025-08-16T14:56:09.368+0200] {logging_mixin.py:188} INFO - [2025-08-16T14:56:09.368+0200] {dagbag.py:540} INFO - Filling up the DagBag from /home/leoja/airflow/airflow_venv/lib/python3.12/site-packages/airflow/example_dags/example_dynamic_task_mapping.py
[2025-08-16T14:56:09.378+0200] {processor.py:840} INFO - DAG(s) 'example_dynamic_task_mapping' retrieved from /home/leoja/airflow/airflow_venv/lib/python3.12/site-packages/airflow/example_dags/example_dynamic_task_mapping.py
[2025-08-16T14:56:09.397+0200] {logging_mixin.py:188} INFO - [2025-08-16T14:56:09.397+0200] {dag.py:3096} INFO - Sync 1 DAGs
[2025-08-16T14:56:09.410+0200] {logging_mixin.py:188} INFO - [2025-08-16T14:56:09.410+0200] {dag.py:3954} INFO - Setting next_dagrun for example_dynamic_task_mapping to 2022-03-04 00:00:00+00:00, run_after=2022-03-05 00:00:00+00:00
[2025-08-16T14:56:09.432+0200] {processor.py:183} INFO - Processing /home/leoja/airflow/airflow_venv/lib/python3.12/site-packages/airflow/example_dags/example_dynamic_task_mapping.py took 0.070 seconds
[2025-08-16T14:56:57.605+0200] {processor.py:161} INFO - Started process (PID=17571) to work on /home/leoja/airflow/airflow_venv/lib/python3.12/site-packages/airflow/example_dags/example_dynamic_task_mapping.py
[2025-08-16T14:56:57.608+0200] {processor.py:830} INFO - Processing file /home/leoja/airflow/airflow_venv/lib/python3.12/site-packages/airflow/example_dags/example_dynamic_task_mapping.py for tasks to queue
[2025-08-16T14:56:57.609+0200] {logging_mixin.py:188} INFO - [2025-08-16T14:56:57.609+0200] {dagbag.py:540} INFO - Filling up the DagBag from /home/leoja/airflow/airflow_venv/lib/python3.12/site-packages/airflow/example_dags/example_dynamic_task_mapping.py
[2025-08-16T14:56:57.616+0200] {processor.py:840} INFO - DAG(s) 'example_dynamic_task_mapping' retrieved from /home/leoja/airflow/airflow_venv/lib/python3.12/site-packages/airflow/example_dags/example_dynamic_task_mapping.py
[2025-08-16T14:56:57.631+0200] {logging_mixin.py:188} INFO - [2025-08-16T14:56:57.631+0200] {dag.py:3096} INFO - Sync 1 DAGs
[2025-08-16T14:56:57.650+0200] {logging_mixin.py:188} INFO - [2025-08-16T14:56:57.650+0200] {dag.py:3954} INFO - Setting next_dagrun for example_dynamic_task_mapping to 2022-03-04 00:00:00+00:00, run_after=2022-03-05 00:00:00+00:00
[2025-08-16T14:56:57.684+0200] {processor.py:183} INFO - Processing /home/leoja/airflow/airflow_venv/lib/python3.12/site-packages/airflow/example_dags/example_dynamic_task_mapping.py took 0.088 seconds
[2025-08-16T16:00:40.581+0200] {processor.py:161} INFO - Started process (PID=17903) to work on /home/leoja/airflow/airflow_venv/lib/python3.12/site-packages/airflow/example_dags/example_dynamic_task_mapping.py
[2025-08-16T16:00:40.582+0200] {processor.py:830} INFO - Processing file /home/leoja/airflow/airflow_venv/lib/python3.12/site-packages/airflow/example_dags/example_dynamic_task_mapping.py for tasks to queue
[2025-08-16T16:00:40.583+0200] {logging_mixin.py:188} INFO - [2025-08-16T16:00:40.583+0200] {dagbag.py:540} INFO - Filling up the DagBag from /home/leoja/airflow/airflow_venv/lib/python3.12/site-packages/airflow/example_dags/example_dynamic_task_mapping.py
[2025-08-16T16:00:40.589+0200] {processor.py:840} INFO - DAG(s) 'example_dynamic_task_mapping' retrieved from /home/leoja/airflow/airflow_venv/lib/python3.12/site-packages/airflow/example_dags/example_dynamic_task_mapping.py
[2025-08-16T16:00:40.603+0200] {logging_mixin.py:188} INFO - [2025-08-16T16:00:40.602+0200] {dag.py:3096} INFO - Sync 1 DAGs
[2025-08-16T16:00:40.616+0200] {logging_mixin.py:188} INFO - [2025-08-16T16:00:40.616+0200] {dag.py:3954} INFO - Setting next_dagrun for example_dynamic_task_mapping to 2022-03-04 00:00:00+00:00, run_after=2022-03-05 00:00:00+00:00
[2025-08-16T16:00:40.640+0200] {processor.py:183} INFO - Processing /home/leoja/airflow/airflow_venv/lib/python3.12/site-packages/airflow/example_dags/example_dynamic_task_mapping.py took 0.063 seconds
[2025-08-16T16:01:35.845+0200] {processor.py:161} INFO - Started process (PID=18643) to work on /home/leoja/airflow/airflow_venv/lib/python3.12/site-packages/airflow/example_dags/example_dynamic_task_mapping.py
[2025-08-16T16:01:35.860+0200] {processor.py:830} INFO - Processing file /home/leoja/airflow/airflow_venv/lib/python3.12/site-packages/airflow/example_dags/example_dynamic_task_mapping.py for tasks to queue
[2025-08-16T16:01:35.861+0200] {logging_mixin.py:188} INFO - [2025-08-16T16:01:35.860+0200] {dagbag.py:540} INFO - Filling up the DagBag from /home/leoja/airflow/airflow_venv/lib/python3.12/site-packages/airflow/example_dags/example_dynamic_task_mapping.py
[2025-08-16T16:01:35.866+0200] {processor.py:840} INFO - DAG(s) 'example_dynamic_task_mapping' retrieved from /home/leoja/airflow/airflow_venv/lib/python3.12/site-packages/airflow/example_dags/example_dynamic_task_mapping.py
[2025-08-16T16:01:35.879+0200] {logging_mixin.py:188} INFO - [2025-08-16T16:01:35.879+0200] {dag.py:3096} INFO - Sync 1 DAGs
[2025-08-16T16:01:35.890+0200] {logging_mixin.py:188} INFO - [2025-08-16T16:01:35.890+0200] {dag.py:3954} INFO - Setting next_dagrun for example_dynamic_task_mapping to 2022-03-04 00:00:00+00:00, run_after=2022-03-05 00:00:00+00:00
[2025-08-16T16:01:35.957+0200] {processor.py:183} INFO - Processing /home/leoja/airflow/airflow_venv/lib/python3.12/site-packages/airflow/example_dags/example_dynamic_task_mapping.py took 0.117 seconds
[2025-08-16T16:02:30.611+0200] {processor.py:161} INFO - Started process (PID=19056) to work on /home/leoja/airflow/airflow_venv/lib/python3.12/site-packages/airflow/example_dags/example_dynamic_task_mapping.py
[2025-08-16T16:02:30.613+0200] {processor.py:830} INFO - Processing file /home/leoja/airflow/airflow_venv/lib/python3.12/site-packages/airflow/example_dags/example_dynamic_task_mapping.py for tasks to queue
[2025-08-16T16:02:30.614+0200] {logging_mixin.py:188} INFO - [2025-08-16T16:02:30.613+0200] {dagbag.py:540} INFO - Filling up the DagBag from /home/leoja/airflow/airflow_venv/lib/python3.12/site-packages/airflow/example_dags/example_dynamic_task_mapping.py
[2025-08-16T16:02:30.623+0200] {processor.py:840} INFO - DAG(s) 'example_dynamic_task_mapping' retrieved from /home/leoja/airflow/airflow_venv/lib/python3.12/site-packages/airflow/example_dags/example_dynamic_task_mapping.py
[2025-08-16T16:02:30.639+0200] {logging_mixin.py:188} INFO - [2025-08-16T16:02:30.639+0200] {dag.py:3096} INFO - Sync 1 DAGs
[2025-08-16T16:02:30.660+0200] {logging_mixin.py:188} INFO - [2025-08-16T16:02:30.660+0200] {dag.py:3954} INFO - Setting next_dagrun for example_dynamic_task_mapping to 2022-03-04 00:00:00+00:00, run_after=2022-03-05 00:00:00+00:00
[2025-08-16T16:02:30.703+0200] {processor.py:183} INFO - Processing /home/leoja/airflow/airflow_venv/lib/python3.12/site-packages/airflow/example_dags/example_dynamic_task_mapping.py took 0.099 seconds
[2025-08-16T16:03:25.820+0200] {processor.py:161} INFO - Started process (PID=19373) to work on /home/leoja/airflow/airflow_venv/lib/python3.12/site-packages/airflow/example_dags/example_dynamic_task_mapping.py
[2025-08-16T16:03:25.821+0200] {processor.py:830} INFO - Processing file /home/leoja/airflow/airflow_venv/lib/python3.12/site-packages/airflow/example_dags/example_dynamic_task_mapping.py for tasks to queue
[2025-08-16T16:03:25.822+0200] {logging_mixin.py:188} INFO - [2025-08-16T16:03:25.822+0200] {dagbag.py:540} INFO - Filling up the DagBag from /home/leoja/airflow/airflow_venv/lib/python3.12/site-packages/airflow/example_dags/example_dynamic_task_mapping.py
[2025-08-16T16:03:25.827+0200] {processor.py:840} INFO - DAG(s) 'example_dynamic_task_mapping' retrieved from /home/leoja/airflow/airflow_venv/lib/python3.12/site-packages/airflow/example_dags/example_dynamic_task_mapping.py
[2025-08-16T16:03:25.843+0200] {logging_mixin.py:188} INFO - [2025-08-16T16:03:25.843+0200] {dag.py:3096} INFO - Sync 1 DAGs
[2025-08-16T16:03:25.859+0200] {logging_mixin.py:188} INFO - [2025-08-16T16:03:25.859+0200] {dag.py:3954} INFO - Setting next_dagrun for example_dynamic_task_mapping to 2022-03-04 00:00:00+00:00, run_after=2022-03-05 00:00:00+00:00
[2025-08-16T16:03:25.887+0200] {processor.py:183} INFO - Processing /home/leoja/airflow/airflow_venv/lib/python3.12/site-packages/airflow/example_dags/example_dynamic_task_mapping.py took 0.073 seconds
[2025-08-16T16:04:16.815+0200] {processor.py:161} INFO - Started process (PID=19845) to work on /home/leoja/airflow/airflow_venv/lib/python3.12/site-packages/airflow/example_dags/example_dynamic_task_mapping.py
[2025-08-16T16:04:16.817+0200] {processor.py:830} INFO - Processing file /home/leoja/airflow/airflow_venv/lib/python3.12/site-packages/airflow/example_dags/example_dynamic_task_mapping.py for tasks to queue
[2025-08-16T16:04:16.818+0200] {logging_mixin.py:188} INFO - [2025-08-16T16:04:16.818+0200] {dagbag.py:540} INFO - Filling up the DagBag from /home/leoja/airflow/airflow_venv/lib/python3.12/site-packages/airflow/example_dags/example_dynamic_task_mapping.py
[2025-08-16T16:04:16.824+0200] {processor.py:840} INFO - DAG(s) 'example_dynamic_task_mapping' retrieved from /home/leoja/airflow/airflow_venv/lib/python3.12/site-packages/airflow/example_dags/example_dynamic_task_mapping.py
[2025-08-16T16:04:16.837+0200] {logging_mixin.py:188} INFO - [2025-08-16T16:04:16.836+0200] {dag.py:3096} INFO - Sync 1 DAGs
[2025-08-16T16:04:16.848+0200] {logging_mixin.py:188} INFO - [2025-08-16T16:04:16.848+0200] {dag.py:3954} INFO - Setting next_dagrun for example_dynamic_task_mapping to 2022-03-04 00:00:00+00:00, run_after=2022-03-05 00:00:00+00:00
[2025-08-16T16:04:16.883+0200] {processor.py:183} INFO - Processing /home/leoja/airflow/airflow_venv/lib/python3.12/site-packages/airflow/example_dags/example_dynamic_task_mapping.py took 0.073 seconds
[2025-08-16T16:05:10.939+0200] {processor.py:161} INFO - Started process (PID=20409) to work on /home/leoja/airflow/airflow_venv/lib/python3.12/site-packages/airflow/example_dags/example_dynamic_task_mapping.py
[2025-08-16T16:05:10.941+0200] {processor.py:830} INFO - Processing file /home/leoja/airflow/airflow_venv/lib/python3.12/site-packages/airflow/example_dags/example_dynamic_task_mapping.py for tasks to queue
[2025-08-16T16:05:10.942+0200] {logging_mixin.py:188} INFO - [2025-08-16T16:05:10.941+0200] {dagbag.py:540} INFO - Filling up the DagBag from /home/leoja/airflow/airflow_venv/lib/python3.12/site-packages/airflow/example_dags/example_dynamic_task_mapping.py
[2025-08-16T16:05:10.948+0200] {processor.py:840} INFO - DAG(s) 'example_dynamic_task_mapping' retrieved from /home/leoja/airflow/airflow_venv/lib/python3.12/site-packages/airflow/example_dags/example_dynamic_task_mapping.py
[2025-08-16T16:05:10.965+0200] {logging_mixin.py:188} INFO - [2025-08-16T16:05:10.965+0200] {dag.py:3096} INFO - Sync 1 DAGs
[2025-08-16T16:05:10.989+0200] {logging_mixin.py:188} INFO - [2025-08-16T16:05:10.989+0200] {dag.py:3954} INFO - Setting next_dagrun for example_dynamic_task_mapping to 2022-03-04 00:00:00+00:00, run_after=2022-03-05 00:00:00+00:00
[2025-08-16T16:05:11.049+0200] {processor.py:183} INFO - Processing /home/leoja/airflow/airflow_venv/lib/python3.12/site-packages/airflow/example_dags/example_dynamic_task_mapping.py took 0.116 seconds
[2025-08-16T16:05:59.213+0200] {processor.py:161} INFO - Started process (PID=20726) to work on /home/leoja/airflow/airflow_venv/lib/python3.12/site-packages/airflow/example_dags/example_dynamic_task_mapping.py
[2025-08-16T16:05:59.215+0200] {processor.py:830} INFO - Processing file /home/leoja/airflow/airflow_venv/lib/python3.12/site-packages/airflow/example_dags/example_dynamic_task_mapping.py for tasks to queue
[2025-08-16T16:05:59.215+0200] {logging_mixin.py:188} INFO - [2025-08-16T16:05:59.215+0200] {dagbag.py:540} INFO - Filling up the DagBag from /home/leoja/airflow/airflow_venv/lib/python3.12/site-packages/airflow/example_dags/example_dynamic_task_mapping.py
[2025-08-16T16:05:59.220+0200] {processor.py:840} INFO - DAG(s) 'example_dynamic_task_mapping' retrieved from /home/leoja/airflow/airflow_venv/lib/python3.12/site-packages/airflow/example_dags/example_dynamic_task_mapping.py
[2025-08-16T16:05:59.232+0200] {logging_mixin.py:188} INFO - [2025-08-16T16:05:59.232+0200] {dag.py:3096} INFO - Sync 1 DAGs
[2025-08-16T16:05:59.243+0200] {logging_mixin.py:188} INFO - [2025-08-16T16:05:59.243+0200] {dag.py:3954} INFO - Setting next_dagrun for example_dynamic_task_mapping to 2022-03-04 00:00:00+00:00, run_after=2022-03-05 00:00:00+00:00
[2025-08-16T16:05:59.277+0200] {processor.py:183} INFO - Processing /home/leoja/airflow/airflow_venv/lib/python3.12/site-packages/airflow/example_dags/example_dynamic_task_mapping.py took 0.069 seconds
[2025-08-16T16:06:44.892+0200] {processor.py:161} INFO - Started process (PID=21001) to work on /home/leoja/airflow/airflow_venv/lib/python3.12/site-packages/airflow/example_dags/example_dynamic_task_mapping.py
[2025-08-16T16:06:44.893+0200] {processor.py:830} INFO - Processing file /home/leoja/airflow/airflow_venv/lib/python3.12/site-packages/airflow/example_dags/example_dynamic_task_mapping.py for tasks to queue
[2025-08-16T16:06:44.894+0200] {logging_mixin.py:188} INFO - [2025-08-16T16:06:44.894+0200] {dagbag.py:540} INFO - Filling up the DagBag from /home/leoja/airflow/airflow_venv/lib/python3.12/site-packages/airflow/example_dags/example_dynamic_task_mapping.py
[2025-08-16T16:06:44.901+0200] {processor.py:840} INFO - DAG(s) 'example_dynamic_task_mapping' retrieved from /home/leoja/airflow/airflow_venv/lib/python3.12/site-packages/airflow/example_dags/example_dynamic_task_mapping.py
[2025-08-16T16:06:44.914+0200] {logging_mixin.py:188} INFO - [2025-08-16T16:06:44.913+0200] {dag.py:3096} INFO - Sync 1 DAGs
[2025-08-16T16:06:44.928+0200] {logging_mixin.py:188} INFO - [2025-08-16T16:06:44.928+0200] {dag.py:3954} INFO - Setting next_dagrun for example_dynamic_task_mapping to 2022-03-04 00:00:00+00:00, run_after=2022-03-05 00:00:00+00:00
[2025-08-16T16:06:44.951+0200] {processor.py:183} INFO - Processing /home/leoja/airflow/airflow_venv/lib/python3.12/site-packages/airflow/example_dags/example_dynamic_task_mapping.py took 0.064 seconds
[2025-08-16T16:07:30.351+0200] {processor.py:161} INFO - Started process (PID=21267) to work on /home/leoja/airflow/airflow_venv/lib/python3.12/site-packages/airflow/example_dags/example_dynamic_task_mapping.py
[2025-08-16T16:07:30.352+0200] {processor.py:830} INFO - Processing file /home/leoja/airflow/airflow_venv/lib/python3.12/site-packages/airflow/example_dags/example_dynamic_task_mapping.py for tasks to queue
[2025-08-16T16:07:30.353+0200] {logging_mixin.py:188} INFO - [2025-08-16T16:07:30.352+0200] {dagbag.py:540} INFO - Filling up the DagBag from /home/leoja/airflow/airflow_venv/lib/python3.12/site-packages/airflow/example_dags/example_dynamic_task_mapping.py
[2025-08-16T16:07:30.360+0200] {processor.py:840} INFO - DAG(s) 'example_dynamic_task_mapping' retrieved from /home/leoja/airflow/airflow_venv/lib/python3.12/site-packages/airflow/example_dags/example_dynamic_task_mapping.py
[2025-08-16T16:07:30.374+0200] {logging_mixin.py:188} INFO - [2025-08-16T16:07:30.374+0200] {dag.py:3096} INFO - Sync 1 DAGs
[2025-08-16T16:07:30.389+0200] {logging_mixin.py:188} INFO - [2025-08-16T16:07:30.389+0200] {dag.py:3954} INFO - Setting next_dagrun for example_dynamic_task_mapping to 2022-03-04 00:00:00+00:00, run_after=2022-03-05 00:00:00+00:00
[2025-08-16T16:07:30.415+0200] {processor.py:183} INFO - Processing /home/leoja/airflow/airflow_venv/lib/python3.12/site-packages/airflow/example_dags/example_dynamic_task_mapping.py took 0.069 seconds
[2025-08-16T16:08:24.341+0200] {processor.py:161} INFO - Started process (PID=21539) to work on /home/leoja/airflow/airflow_venv/lib/python3.12/site-packages/airflow/example_dags/example_dynamic_task_mapping.py
[2025-08-16T16:08:24.343+0200] {processor.py:830} INFO - Processing file /home/leoja/airflow/airflow_venv/lib/python3.12/site-packages/airflow/example_dags/example_dynamic_task_mapping.py for tasks to queue
[2025-08-16T16:08:24.345+0200] {logging_mixin.py:188} INFO - [2025-08-16T16:08:24.345+0200] {dagbag.py:540} INFO - Filling up the DagBag from /home/leoja/airflow/airflow_venv/lib/python3.12/site-packages/airflow/example_dags/example_dynamic_task_mapping.py
[2025-08-16T16:08:24.355+0200] {processor.py:840} INFO - DAG(s) 'example_dynamic_task_mapping' retrieved from /home/leoja/airflow/airflow_venv/lib/python3.12/site-packages/airflow/example_dags/example_dynamic_task_mapping.py
[2025-08-16T16:08:24.385+0200] {logging_mixin.py:188} INFO - [2025-08-16T16:08:24.384+0200] {dag.py:3096} INFO - Sync 1 DAGs
[2025-08-16T16:08:24.416+0200] {logging_mixin.py:188} INFO - [2025-08-16T16:08:24.416+0200] {dag.py:3954} INFO - Setting next_dagrun for example_dynamic_task_mapping to 2022-03-04 00:00:00+00:00, run_after=2022-03-05 00:00:00+00:00
[2025-08-16T16:08:24.455+0200] {processor.py:183} INFO - Processing /home/leoja/airflow/airflow_venv/lib/python3.12/site-packages/airflow/example_dags/example_dynamic_task_mapping.py took 0.123 seconds
[2025-08-16T16:09:30.993+0200] {processor.py:161} INFO - Started process (PID=21937) to work on /home/leoja/airflow/airflow_venv/lib/python3.12/site-packages/airflow/example_dags/example_dynamic_task_mapping.py
[2025-08-16T16:09:30.995+0200] {processor.py:830} INFO - Processing file /home/leoja/airflow/airflow_venv/lib/python3.12/site-packages/airflow/example_dags/example_dynamic_task_mapping.py for tasks to queue
[2025-08-16T16:09:30.995+0200] {logging_mixin.py:188} INFO - [2025-08-16T16:09:30.995+0200] {dagbag.py:540} INFO - Filling up the DagBag from /home/leoja/airflow/airflow_venv/lib/python3.12/site-packages/airflow/example_dags/example_dynamic_task_mapping.py
[2025-08-16T16:09:31.003+0200] {processor.py:840} INFO - DAG(s) 'example_dynamic_task_mapping' retrieved from /home/leoja/airflow/airflow_venv/lib/python3.12/site-packages/airflow/example_dags/example_dynamic_task_mapping.py
[2025-08-16T16:09:31.018+0200] {logging_mixin.py:188} INFO - [2025-08-16T16:09:31.018+0200] {dag.py:3096} INFO - Sync 1 DAGs
[2025-08-16T16:09:31.039+0200] {logging_mixin.py:188} INFO - [2025-08-16T16:09:31.039+0200] {dag.py:3954} INFO - Setting next_dagrun for example_dynamic_task_mapping to 2022-03-04 00:00:00+00:00, run_after=2022-03-05 00:00:00+00:00
[2025-08-16T16:09:31.074+0200] {processor.py:183} INFO - Processing /home/leoja/airflow/airflow_venv/lib/python3.12/site-packages/airflow/example_dags/example_dynamic_task_mapping.py took 0.086 seconds
[2025-08-16T16:10:30.940+0200] {processor.py:161} INFO - Started process (PID=22242) to work on /home/leoja/airflow/airflow_venv/lib/python3.12/site-packages/airflow/example_dags/example_dynamic_task_mapping.py
[2025-08-16T16:10:30.942+0200] {processor.py:830} INFO - Processing file /home/leoja/airflow/airflow_venv/lib/python3.12/site-packages/airflow/example_dags/example_dynamic_task_mapping.py for tasks to queue
[2025-08-16T16:10:30.944+0200] {logging_mixin.py:188} INFO - [2025-08-16T16:10:30.943+0200] {dagbag.py:540} INFO - Filling up the DagBag from /home/leoja/airflow/airflow_venv/lib/python3.12/site-packages/airflow/example_dags/example_dynamic_task_mapping.py
[2025-08-16T16:10:30.956+0200] {processor.py:840} INFO - DAG(s) 'example_dynamic_task_mapping' retrieved from /home/leoja/airflow/airflow_venv/lib/python3.12/site-packages/airflow/example_dags/example_dynamic_task_mapping.py
[2025-08-16T16:10:30.988+0200] {logging_mixin.py:188} INFO - [2025-08-16T16:10:30.987+0200] {dag.py:3096} INFO - Sync 1 DAGs
[2025-08-16T16:10:31.020+0200] {logging_mixin.py:188} INFO - [2025-08-16T16:10:31.020+0200] {dag.py:3954} INFO - Setting next_dagrun for example_dynamic_task_mapping to 2022-03-04 00:00:00+00:00, run_after=2022-03-05 00:00:00+00:00
[2025-08-16T16:10:31.074+0200] {processor.py:183} INFO - Processing /home/leoja/airflow/airflow_venv/lib/python3.12/site-packages/airflow/example_dags/example_dynamic_task_mapping.py took 0.152 seconds
[2025-08-16T16:11:40.842+0200] {processor.py:161} INFO - Started process (PID=22616) to work on /home/leoja/airflow/airflow_venv/lib/python3.12/site-packages/airflow/example_dags/example_dynamic_task_mapping.py
[2025-08-16T16:11:40.845+0200] {processor.py:830} INFO - Processing file /home/leoja/airflow/airflow_venv/lib/python3.12/site-packages/airflow/example_dags/example_dynamic_task_mapping.py for tasks to queue
[2025-08-16T16:11:40.847+0200] {logging_mixin.py:188} INFO - [2025-08-16T16:11:40.846+0200] {dagbag.py:540} INFO - Filling up the DagBag from /home/leoja/airflow/airflow_venv/lib/python3.12/site-packages/airflow/example_dags/example_dynamic_task_mapping.py
[2025-08-16T16:11:40.864+0200] {processor.py:840} INFO - DAG(s) 'example_dynamic_task_mapping' retrieved from /home/leoja/airflow/airflow_venv/lib/python3.12/site-packages/airflow/example_dags/example_dynamic_task_mapping.py
[2025-08-16T16:11:40.894+0200] {logging_mixin.py:188} INFO - [2025-08-16T16:11:40.894+0200] {dag.py:3096} INFO - Sync 1 DAGs
[2025-08-16T16:11:40.932+0200] {logging_mixin.py:188} INFO - [2025-08-16T16:11:40.931+0200] {dag.py:3954} INFO - Setting next_dagrun for example_dynamic_task_mapping to 2022-03-04 00:00:00+00:00, run_after=2022-03-05 00:00:00+00:00
[2025-08-16T16:11:40.986+0200] {processor.py:183} INFO - Processing /home/leoja/airflow/airflow_venv/lib/python3.12/site-packages/airflow/example_dags/example_dynamic_task_mapping.py took 0.157 seconds
[2025-08-16T16:12:56.819+0200] {processor.py:161} INFO - Started process (PID=23042) to work on /home/leoja/airflow/airflow_venv/lib/python3.12/site-packages/airflow/example_dags/example_dynamic_task_mapping.py
[2025-08-16T16:12:56.822+0200] {processor.py:830} INFO - Processing file /home/leoja/airflow/airflow_venv/lib/python3.12/site-packages/airflow/example_dags/example_dynamic_task_mapping.py for tasks to queue
[2025-08-16T16:12:56.824+0200] {logging_mixin.py:188} INFO - [2025-08-16T16:12:56.823+0200] {dagbag.py:540} INFO - Filling up the DagBag from /home/leoja/airflow/airflow_venv/lib/python3.12/site-packages/airflow/example_dags/example_dynamic_task_mapping.py
[2025-08-16T16:12:56.836+0200] {processor.py:840} INFO - DAG(s) 'example_dynamic_task_mapping' retrieved from /home/leoja/airflow/airflow_venv/lib/python3.12/site-packages/airflow/example_dags/example_dynamic_task_mapping.py
[2025-08-16T16:12:56.873+0200] {logging_mixin.py:188} INFO - [2025-08-16T16:12:56.873+0200] {dag.py:3096} INFO - Sync 1 DAGs
[2025-08-16T16:12:57.080+0200] {logging_mixin.py:188} INFO - [2025-08-16T16:12:57.080+0200] {dag.py:3954} INFO - Setting next_dagrun for example_dynamic_task_mapping to 2022-03-04 00:00:00+00:00, run_after=2022-03-05 00:00:00+00:00
[2025-08-16T16:12:57.117+0200] {processor.py:183} INFO - Processing /home/leoja/airflow/airflow_venv/lib/python3.12/site-packages/airflow/example_dags/example_dynamic_task_mapping.py took 0.309 seconds
[2025-08-16T16:14:19.542+0200] {processor.py:161} INFO - Started process (PID=23469) to work on /home/leoja/airflow/airflow_venv/lib/python3.12/site-packages/airflow/example_dags/example_dynamic_task_mapping.py
[2025-08-16T16:14:19.571+0200] {processor.py:830} INFO - Processing file /home/leoja/airflow/airflow_venv/lib/python3.12/site-packages/airflow/example_dags/example_dynamic_task_mapping.py for tasks to queue
[2025-08-16T16:14:19.572+0200] {logging_mixin.py:188} INFO - [2025-08-16T16:14:19.572+0200] {dagbag.py:540} INFO - Filling up the DagBag from /home/leoja/airflow/airflow_venv/lib/python3.12/site-packages/airflow/example_dags/example_dynamic_task_mapping.py
[2025-08-16T16:14:19.582+0200] {processor.py:840} INFO - DAG(s) 'example_dynamic_task_mapping' retrieved from /home/leoja/airflow/airflow_venv/lib/python3.12/site-packages/airflow/example_dags/example_dynamic_task_mapping.py
[2025-08-16T16:14:19.597+0200] {logging_mixin.py:188} INFO - [2025-08-16T16:14:19.597+0200] {dag.py:3096} INFO - Sync 1 DAGs
[2025-08-16T16:14:19.614+0200] {logging_mixin.py:188} INFO - [2025-08-16T16:14:19.613+0200] {dag.py:3954} INFO - Setting next_dagrun for example_dynamic_task_mapping to 2022-03-04 00:00:00+00:00, run_after=2022-03-05 00:00:00+00:00
[2025-08-16T16:14:19.906+0200] {processor.py:183} INFO - Processing /home/leoja/airflow/airflow_venv/lib/python3.12/site-packages/airflow/example_dags/example_dynamic_task_mapping.py took 0.381 seconds
