[2025-08-16T14:16:40.286+0200] {processor.py:161} INFO - Started process (PID=3989) to work on /home/leoja/airflow/airflow_venv/lib/python3.12/site-packages/airflow/example_dags/example_python_operator.py
[2025-08-16T14:16:40.287+0200] {processor.py:830} INFO - Processing file /home/leoja/airflow/airflow_venv/lib/python3.12/site-packages/airflow/example_dags/example_python_operator.py for tasks to queue
[2025-08-16T14:16:40.289+0200] {logging_mixin.py:188} INFO - [2025-08-16T14:16:40.288+0200] {dagbag.py:540} INFO - Filling up the DagBag from /home/leoja/airflow/airflow_venv/lib/python3.12/site-packages/airflow/example_dags/example_python_operator.py
[2025-08-16T14:16:40.354+0200] {logging_mixin.py:188} INFO - [2025-08-16T14:16:40.354+0200] {example_python_operator.py:93} WARNING - The virtalenv_python example task requires virtualenv, please install it.
[2025-08-16T14:16:40.355+0200] {processor.py:840} INFO - DAG(s) 'example_python_operator' retrieved from /home/leoja/airflow/airflow_venv/lib/python3.12/site-packages/airflow/example_dags/example_python_operator.py
[2025-08-16T14:16:40.550+0200] {logging_mixin.py:188} INFO - [2025-08-16T14:16:40.550+0200] {dag.py:3096} INFO - Sync 1 DAGs
[2025-08-16T14:16:40.568+0200] {logging_mixin.py:188} INFO - [2025-08-16T14:16:40.568+0200] {dag.py:3954} INFO - Setting next_dagrun for example_python_operator to None, run_after=None
[2025-08-16T14:16:40.602+0200] {processor.py:183} INFO - Processing /home/leoja/airflow/airflow_venv/lib/python3.12/site-packages/airflow/example_dags/example_python_operator.py took 0.332 seconds
[2025-08-16T14:17:35.809+0200] {processor.py:161} INFO - Started process (PID=4258) to work on /home/leoja/airflow/airflow_venv/lib/python3.12/site-packages/airflow/example_dags/example_python_operator.py
[2025-08-16T14:17:35.811+0200] {processor.py:830} INFO - Processing file /home/leoja/airflow/airflow_venv/lib/python3.12/site-packages/airflow/example_dags/example_python_operator.py for tasks to queue
[2025-08-16T14:17:35.813+0200] {logging_mixin.py:188} INFO - [2025-08-16T14:17:35.812+0200] {dagbag.py:540} INFO - Filling up the DagBag from /home/leoja/airflow/airflow_venv/lib/python3.12/site-packages/airflow/example_dags/example_python_operator.py
[2025-08-16T14:17:35.873+0200] {logging_mixin.py:188} INFO - [2025-08-16T14:17:35.873+0200] {example_python_operator.py:93} WARNING - The virtalenv_python example task requires virtualenv, please install it.
[2025-08-16T14:17:35.874+0200] {processor.py:840} INFO - DAG(s) 'example_python_operator' retrieved from /home/leoja/airflow/airflow_venv/lib/python3.12/site-packages/airflow/example_dags/example_python_operator.py
[2025-08-16T14:17:35.897+0200] {logging_mixin.py:188} INFO - [2025-08-16T14:17:35.897+0200] {dag.py:3096} INFO - Sync 1 DAGs
[2025-08-16T14:17:35.908+0200] {logging_mixin.py:188} INFO - [2025-08-16T14:17:35.907+0200] {dag.py:3954} INFO - Setting next_dagrun for example_python_operator to None, run_after=None
[2025-08-16T14:17:35.931+0200] {processor.py:183} INFO - Processing /home/leoja/airflow/airflow_venv/lib/python3.12/site-packages/airflow/example_dags/example_python_operator.py took 0.130 seconds
[2025-08-16T14:18:27.912+0200] {processor.py:161} INFO - Started process (PID=4442) to work on /home/leoja/airflow/airflow_venv/lib/python3.12/site-packages/airflow/example_dags/example_python_operator.py
[2025-08-16T14:18:27.918+0200] {processor.py:830} INFO - Processing file /home/leoja/airflow/airflow_venv/lib/python3.12/site-packages/airflow/example_dags/example_python_operator.py for tasks to queue
[2025-08-16T14:18:27.919+0200] {logging_mixin.py:188} INFO - [2025-08-16T14:18:27.919+0200] {dagbag.py:540} INFO - Filling up the DagBag from /home/leoja/airflow/airflow_venv/lib/python3.12/site-packages/airflow/example_dags/example_python_operator.py
[2025-08-16T14:18:28.033+0200] {logging_mixin.py:188} INFO - [2025-08-16T14:18:28.033+0200] {example_python_operator.py:93} WARNING - The virtalenv_python example task requires virtualenv, please install it.
[2025-08-16T14:18:28.034+0200] {processor.py:840} INFO - DAG(s) 'example_python_operator' retrieved from /home/leoja/airflow/airflow_venv/lib/python3.12/site-packages/airflow/example_dags/example_python_operator.py
[2025-08-16T14:18:28.059+0200] {logging_mixin.py:188} INFO - [2025-08-16T14:18:28.059+0200] {dag.py:3096} INFO - Sync 1 DAGs
[2025-08-16T14:18:28.071+0200] {logging_mixin.py:188} INFO - [2025-08-16T14:18:28.071+0200] {dag.py:3954} INFO - Setting next_dagrun for example_python_operator to None, run_after=None
[2025-08-16T14:18:28.127+0200] {processor.py:183} INFO - Processing /home/leoja/airflow/airflow_venv/lib/python3.12/site-packages/airflow/example_dags/example_python_operator.py took 0.220 seconds
[2025-08-16T14:19:18.125+0200] {processor.py:161} INFO - Started process (PID=4752) to work on /home/leoja/airflow/airflow_venv/lib/python3.12/site-packages/airflow/example_dags/example_python_operator.py
[2025-08-16T14:19:18.137+0200] {processor.py:830} INFO - Processing file /home/leoja/airflow/airflow_venv/lib/python3.12/site-packages/airflow/example_dags/example_python_operator.py for tasks to queue
[2025-08-16T14:19:18.138+0200] {logging_mixin.py:188} INFO - [2025-08-16T14:19:18.138+0200] {dagbag.py:540} INFO - Filling up the DagBag from /home/leoja/airflow/airflow_venv/lib/python3.12/site-packages/airflow/example_dags/example_python_operator.py
[2025-08-16T14:19:18.230+0200] {logging_mixin.py:188} INFO - [2025-08-16T14:19:18.230+0200] {example_python_operator.py:93} WARNING - The virtalenv_python example task requires virtualenv, please install it.
[2025-08-16T14:19:18.231+0200] {processor.py:840} INFO - DAG(s) 'example_python_operator' retrieved from /home/leoja/airflow/airflow_venv/lib/python3.12/site-packages/airflow/example_dags/example_python_operator.py
[2025-08-16T14:19:18.246+0200] {logging_mixin.py:188} INFO - [2025-08-16T14:19:18.245+0200] {dag.py:3096} INFO - Sync 1 DAGs
[2025-08-16T14:19:18.254+0200] {logging_mixin.py:188} INFO - [2025-08-16T14:19:18.254+0200] {dag.py:3954} INFO - Setting next_dagrun for example_python_operator to None, run_after=None
[2025-08-16T14:19:18.287+0200] {processor.py:183} INFO - Processing /home/leoja/airflow/airflow_venv/lib/python3.12/site-packages/airflow/example_dags/example_python_operator.py took 0.169 seconds
[2025-08-16T14:20:05.501+0200] {processor.py:161} INFO - Started process (PID=5024) to work on /home/leoja/airflow/airflow_venv/lib/python3.12/site-packages/airflow/example_dags/example_python_operator.py
[2025-08-16T14:20:05.512+0200] {processor.py:830} INFO - Processing file /home/leoja/airflow/airflow_venv/lib/python3.12/site-packages/airflow/example_dags/example_python_operator.py for tasks to queue
[2025-08-16T14:20:05.514+0200] {logging_mixin.py:188} INFO - [2025-08-16T14:20:05.513+0200] {dagbag.py:540} INFO - Filling up the DagBag from /home/leoja/airflow/airflow_venv/lib/python3.12/site-packages/airflow/example_dags/example_python_operator.py
[2025-08-16T14:20:05.585+0200] {logging_mixin.py:188} INFO - [2025-08-16T14:20:05.584+0200] {example_python_operator.py:93} WARNING - The virtalenv_python example task requires virtualenv, please install it.
[2025-08-16T14:20:05.585+0200] {processor.py:840} INFO - DAG(s) 'example_python_operator' retrieved from /home/leoja/airflow/airflow_venv/lib/python3.12/site-packages/airflow/example_dags/example_python_operator.py
[2025-08-16T14:20:05.599+0200] {logging_mixin.py:188} INFO - [2025-08-16T14:20:05.599+0200] {dag.py:3096} INFO - Sync 1 DAGs
[2025-08-16T14:20:05.608+0200] {logging_mixin.py:188} INFO - [2025-08-16T14:20:05.607+0200] {dag.py:3954} INFO - Setting next_dagrun for example_python_operator to None, run_after=None
[2025-08-16T14:20:05.632+0200] {processor.py:183} INFO - Processing /home/leoja/airflow/airflow_venv/lib/python3.12/site-packages/airflow/example_dags/example_python_operator.py took 0.135 seconds
[2025-08-16T14:21:15.687+0200] {processor.py:161} INFO - Started process (PID=5436) to work on /home/leoja/airflow/airflow_venv/lib/python3.12/site-packages/airflow/example_dags/example_python_operator.py
[2025-08-16T14:21:15.688+0200] {processor.py:830} INFO - Processing file /home/leoja/airflow/airflow_venv/lib/python3.12/site-packages/airflow/example_dags/example_python_operator.py for tasks to queue
[2025-08-16T14:21:15.689+0200] {logging_mixin.py:188} INFO - [2025-08-16T14:21:15.689+0200] {dagbag.py:540} INFO - Filling up the DagBag from /home/leoja/airflow/airflow_venv/lib/python3.12/site-packages/airflow/example_dags/example_python_operator.py
[2025-08-16T14:21:15.769+0200] {logging_mixin.py:188} INFO - [2025-08-16T14:21:15.769+0200] {example_python_operator.py:93} WARNING - The virtalenv_python example task requires virtualenv, please install it.
[2025-08-16T14:21:15.770+0200] {processor.py:840} INFO - DAG(s) 'example_python_operator' retrieved from /home/leoja/airflow/airflow_venv/lib/python3.12/site-packages/airflow/example_dags/example_python_operator.py
[2025-08-16T14:21:15.785+0200] {logging_mixin.py:188} INFO - [2025-08-16T14:21:15.785+0200] {dag.py:3096} INFO - Sync 1 DAGs
[2025-08-16T14:21:15.908+0200] {logging_mixin.py:188} INFO - [2025-08-16T14:21:15.908+0200] {dag.py:3954} INFO - Setting next_dagrun for example_python_operator to None, run_after=None
[2025-08-16T14:21:15.936+0200] {processor.py:183} INFO - Processing /home/leoja/airflow/airflow_venv/lib/python3.12/site-packages/airflow/example_dags/example_python_operator.py took 0.254 seconds
[2025-08-16T14:22:11.146+0200] {processor.py:161} INFO - Started process (PID=5744) to work on /home/leoja/airflow/airflow_venv/lib/python3.12/site-packages/airflow/example_dags/example_python_operator.py
[2025-08-16T14:22:11.147+0200] {processor.py:830} INFO - Processing file /home/leoja/airflow/airflow_venv/lib/python3.12/site-packages/airflow/example_dags/example_python_operator.py for tasks to queue
[2025-08-16T14:22:11.148+0200] {logging_mixin.py:188} INFO - [2025-08-16T14:22:11.148+0200] {dagbag.py:540} INFO - Filling up the DagBag from /home/leoja/airflow/airflow_venv/lib/python3.12/site-packages/airflow/example_dags/example_python_operator.py
[2025-08-16T14:22:11.233+0200] {logging_mixin.py:188} INFO - [2025-08-16T14:22:11.233+0200] {example_python_operator.py:93} WARNING - The virtalenv_python example task requires virtualenv, please install it.
[2025-08-16T14:22:11.234+0200] {processor.py:840} INFO - DAG(s) 'example_python_operator' retrieved from /home/leoja/airflow/airflow_venv/lib/python3.12/site-packages/airflow/example_dags/example_python_operator.py
[2025-08-16T14:22:11.248+0200] {logging_mixin.py:188} INFO - [2025-08-16T14:22:11.248+0200] {dag.py:3096} INFO - Sync 1 DAGs
[2025-08-16T14:22:11.256+0200] {logging_mixin.py:188} INFO - [2025-08-16T14:22:11.256+0200] {dag.py:3954} INFO - Setting next_dagrun for example_python_operator to None, run_after=None
[2025-08-16T14:22:11.292+0200] {processor.py:183} INFO - Processing /home/leoja/airflow/airflow_venv/lib/python3.12/site-packages/airflow/example_dags/example_python_operator.py took 0.152 seconds
[2025-08-16T14:23:18.952+0200] {processor.py:161} INFO - Started process (PID=6110) to work on /home/leoja/airflow/airflow_venv/lib/python3.12/site-packages/airflow/example_dags/example_python_operator.py
[2025-08-16T14:23:18.954+0200] {processor.py:830} INFO - Processing file /home/leoja/airflow/airflow_venv/lib/python3.12/site-packages/airflow/example_dags/example_python_operator.py for tasks to queue
[2025-08-16T14:23:18.955+0200] {logging_mixin.py:188} INFO - [2025-08-16T14:23:18.954+0200] {dagbag.py:540} INFO - Filling up the DagBag from /home/leoja/airflow/airflow_venv/lib/python3.12/site-packages/airflow/example_dags/example_python_operator.py
[2025-08-16T14:23:19.050+0200] {logging_mixin.py:188} INFO - [2025-08-16T14:23:19.050+0200] {example_python_operator.py:93} WARNING - The virtalenv_python example task requires virtualenv, please install it.
[2025-08-16T14:23:19.050+0200] {processor.py:840} INFO - DAG(s) 'example_python_operator' retrieved from /home/leoja/airflow/airflow_venv/lib/python3.12/site-packages/airflow/example_dags/example_python_operator.py
[2025-08-16T14:23:19.065+0200] {logging_mixin.py:188} INFO - [2025-08-16T14:23:19.064+0200] {dag.py:3096} INFO - Sync 1 DAGs
[2025-08-16T14:23:19.073+0200] {logging_mixin.py:188} INFO - [2025-08-16T14:23:19.073+0200] {dag.py:3954} INFO - Setting next_dagrun for example_python_operator to None, run_after=None
[2025-08-16T14:23:19.106+0200] {processor.py:183} INFO - Processing /home/leoja/airflow/airflow_venv/lib/python3.12/site-packages/airflow/example_dags/example_python_operator.py took 0.161 seconds
[2025-08-16T14:24:08.772+0200] {processor.py:161} INFO - Started process (PID=6417) to work on /home/leoja/airflow/airflow_venv/lib/python3.12/site-packages/airflow/example_dags/example_python_operator.py
[2025-08-16T14:24:08.774+0200] {processor.py:830} INFO - Processing file /home/leoja/airflow/airflow_venv/lib/python3.12/site-packages/airflow/example_dags/example_python_operator.py for tasks to queue
[2025-08-16T14:24:08.775+0200] {logging_mixin.py:188} INFO - [2025-08-16T14:24:08.774+0200] {dagbag.py:540} INFO - Filling up the DagBag from /home/leoja/airflow/airflow_venv/lib/python3.12/site-packages/airflow/example_dags/example_python_operator.py
[2025-08-16T14:24:08.890+0200] {logging_mixin.py:188} INFO - [2025-08-16T14:24:08.889+0200] {example_python_operator.py:93} WARNING - The virtalenv_python example task requires virtualenv, please install it.
[2025-08-16T14:24:08.892+0200] {processor.py:840} INFO - DAG(s) 'example_python_operator' retrieved from /home/leoja/airflow/airflow_venv/lib/python3.12/site-packages/airflow/example_dags/example_python_operator.py
[2025-08-16T14:24:08.927+0200] {logging_mixin.py:188} INFO - [2025-08-16T14:24:08.926+0200] {dag.py:3096} INFO - Sync 1 DAGs
[2025-08-16T14:24:08.938+0200] {logging_mixin.py:188} INFO - [2025-08-16T14:24:08.938+0200] {dag.py:3954} INFO - Setting next_dagrun for example_python_operator to None, run_after=None
[2025-08-16T14:24:08.986+0200] {processor.py:183} INFO - Processing /home/leoja/airflow/airflow_venv/lib/python3.12/site-packages/airflow/example_dags/example_python_operator.py took 0.223 seconds
[2025-08-16T14:24:58.380+0200] {processor.py:161} INFO - Started process (PID=6688) to work on /home/leoja/airflow/airflow_venv/lib/python3.12/site-packages/airflow/example_dags/example_python_operator.py
[2025-08-16T14:24:58.382+0200] {processor.py:830} INFO - Processing file /home/leoja/airflow/airflow_venv/lib/python3.12/site-packages/airflow/example_dags/example_python_operator.py for tasks to queue
[2025-08-16T14:24:58.383+0200] {logging_mixin.py:188} INFO - [2025-08-16T14:24:58.382+0200] {dagbag.py:540} INFO - Filling up the DagBag from /home/leoja/airflow/airflow_venv/lib/python3.12/site-packages/airflow/example_dags/example_python_operator.py
[2025-08-16T14:24:58.484+0200] {logging_mixin.py:188} INFO - [2025-08-16T14:24:58.484+0200] {example_python_operator.py:93} WARNING - The virtalenv_python example task requires virtualenv, please install it.
[2025-08-16T14:24:58.485+0200] {processor.py:840} INFO - DAG(s) 'example_python_operator' retrieved from /home/leoja/airflow/airflow_venv/lib/python3.12/site-packages/airflow/example_dags/example_python_operator.py
[2025-08-16T14:24:58.499+0200] {logging_mixin.py:188} INFO - [2025-08-16T14:24:58.499+0200] {dag.py:3096} INFO - Sync 1 DAGs
[2025-08-16T14:24:58.507+0200] {logging_mixin.py:188} INFO - [2025-08-16T14:24:58.507+0200] {dag.py:3954} INFO - Setting next_dagrun for example_python_operator to None, run_after=None
[2025-08-16T14:24:58.537+0200] {processor.py:183} INFO - Processing /home/leoja/airflow/airflow_venv/lib/python3.12/site-packages/airflow/example_dags/example_python_operator.py took 0.164 seconds
[2025-08-16T14:26:09.267+0200] {processor.py:161} INFO - Started process (PID=7147) to work on /home/leoja/airflow/airflow_venv/lib/python3.12/site-packages/airflow/example_dags/example_python_operator.py
[2025-08-16T14:26:09.281+0200] {processor.py:830} INFO - Processing file /home/leoja/airflow/airflow_venv/lib/python3.12/site-packages/airflow/example_dags/example_python_operator.py for tasks to queue
[2025-08-16T14:26:09.282+0200] {logging_mixin.py:188} INFO - [2025-08-16T14:26:09.281+0200] {dagbag.py:540} INFO - Filling up the DagBag from /home/leoja/airflow/airflow_venv/lib/python3.12/site-packages/airflow/example_dags/example_python_operator.py
[2025-08-16T14:26:09.379+0200] {logging_mixin.py:188} INFO - [2025-08-16T14:26:09.378+0200] {example_python_operator.py:93} WARNING - The virtalenv_python example task requires virtualenv, please install it.
[2025-08-16T14:26:09.379+0200] {processor.py:840} INFO - DAG(s) 'example_python_operator' retrieved from /home/leoja/airflow/airflow_venv/lib/python3.12/site-packages/airflow/example_dags/example_python_operator.py
[2025-08-16T14:26:09.394+0200] {logging_mixin.py:188} INFO - [2025-08-16T14:26:09.394+0200] {dag.py:3096} INFO - Sync 1 DAGs
[2025-08-16T14:26:09.401+0200] {logging_mixin.py:188} INFO - [2025-08-16T14:26:09.401+0200] {dag.py:3954} INFO - Setting next_dagrun for example_python_operator to None, run_after=None
[2025-08-16T14:26:09.442+0200] {processor.py:183} INFO - Processing /home/leoja/airflow/airflow_venv/lib/python3.12/site-packages/airflow/example_dags/example_python_operator.py took 0.180 seconds
[2025-08-16T14:27:01.417+0200] {processor.py:161} INFO - Started process (PID=7425) to work on /home/leoja/airflow/airflow_venv/lib/python3.12/site-packages/airflow/example_dags/example_python_operator.py
[2025-08-16T14:27:01.421+0200] {processor.py:830} INFO - Processing file /home/leoja/airflow/airflow_venv/lib/python3.12/site-packages/airflow/example_dags/example_python_operator.py for tasks to queue
[2025-08-16T14:27:01.423+0200] {logging_mixin.py:188} INFO - [2025-08-16T14:27:01.422+0200] {dagbag.py:540} INFO - Filling up the DagBag from /home/leoja/airflow/airflow_venv/lib/python3.12/site-packages/airflow/example_dags/example_python_operator.py
[2025-08-16T14:27:01.505+0200] {logging_mixin.py:188} INFO - [2025-08-16T14:27:01.504+0200] {example_python_operator.py:93} WARNING - The virtalenv_python example task requires virtualenv, please install it.
[2025-08-16T14:27:01.507+0200] {processor.py:840} INFO - DAG(s) 'example_python_operator' retrieved from /home/leoja/airflow/airflow_venv/lib/python3.12/site-packages/airflow/example_dags/example_python_operator.py
[2025-08-16T14:27:01.532+0200] {logging_mixin.py:188} INFO - [2025-08-16T14:27:01.532+0200] {dag.py:3096} INFO - Sync 1 DAGs
[2025-08-16T14:27:01.541+0200] {logging_mixin.py:188} INFO - [2025-08-16T14:27:01.541+0200] {dag.py:3954} INFO - Setting next_dagrun for example_python_operator to None, run_after=None
[2025-08-16T14:27:01.567+0200] {processor.py:183} INFO - Processing /home/leoja/airflow/airflow_venv/lib/python3.12/site-packages/airflow/example_dags/example_python_operator.py took 0.167 seconds
[2025-08-16T14:27:51.679+0200] {processor.py:161} INFO - Started process (PID=7701) to work on /home/leoja/airflow/airflow_venv/lib/python3.12/site-packages/airflow/example_dags/example_python_operator.py
[2025-08-16T14:27:51.681+0200] {processor.py:830} INFO - Processing file /home/leoja/airflow/airflow_venv/lib/python3.12/site-packages/airflow/example_dags/example_python_operator.py for tasks to queue
[2025-08-16T14:27:51.681+0200] {logging_mixin.py:188} INFO - [2025-08-16T14:27:51.681+0200] {dagbag.py:540} INFO - Filling up the DagBag from /home/leoja/airflow/airflow_venv/lib/python3.12/site-packages/airflow/example_dags/example_python_operator.py
[2025-08-16T14:27:51.771+0200] {logging_mixin.py:188} INFO - [2025-08-16T14:27:51.771+0200] {example_python_operator.py:93} WARNING - The virtalenv_python example task requires virtualenv, please install it.
[2025-08-16T14:27:51.772+0200] {processor.py:840} INFO - DAG(s) 'example_python_operator' retrieved from /home/leoja/airflow/airflow_venv/lib/python3.12/site-packages/airflow/example_dags/example_python_operator.py
[2025-08-16T14:27:51.787+0200] {logging_mixin.py:188} INFO - [2025-08-16T14:27:51.786+0200] {dag.py:3096} INFO - Sync 1 DAGs
[2025-08-16T14:27:51.796+0200] {logging_mixin.py:188} INFO - [2025-08-16T14:27:51.796+0200] {dag.py:3954} INFO - Setting next_dagrun for example_python_operator to None, run_after=None
[2025-08-16T14:27:51.816+0200] {processor.py:183} INFO - Processing /home/leoja/airflow/airflow_venv/lib/python3.12/site-packages/airflow/example_dags/example_python_operator.py took 0.142 seconds
[2025-08-16T14:29:00.905+0200] {processor.py:161} INFO - Started process (PID=8105) to work on /home/leoja/airflow/airflow_venv/lib/python3.12/site-packages/airflow/example_dags/example_python_operator.py
[2025-08-16T14:29:00.907+0200] {processor.py:830} INFO - Processing file /home/leoja/airflow/airflow_venv/lib/python3.12/site-packages/airflow/example_dags/example_python_operator.py for tasks to queue
[2025-08-16T14:29:00.908+0200] {logging_mixin.py:188} INFO - [2025-08-16T14:29:00.907+0200] {dagbag.py:540} INFO - Filling up the DagBag from /home/leoja/airflow/airflow_venv/lib/python3.12/site-packages/airflow/example_dags/example_python_operator.py
[2025-08-16T14:29:01.035+0200] {logging_mixin.py:188} INFO - [2025-08-16T14:29:01.034+0200] {example_python_operator.py:93} WARNING - The virtalenv_python example task requires virtualenv, please install it.
[2025-08-16T14:29:01.036+0200] {processor.py:840} INFO - DAG(s) 'example_python_operator' retrieved from /home/leoja/airflow/airflow_venv/lib/python3.12/site-packages/airflow/example_dags/example_python_operator.py
[2025-08-16T14:29:01.053+0200] {logging_mixin.py:188} INFO - [2025-08-16T14:29:01.053+0200] {dag.py:3096} INFO - Sync 1 DAGs
[2025-08-16T14:29:01.064+0200] {logging_mixin.py:188} INFO - [2025-08-16T14:29:01.063+0200] {dag.py:3954} INFO - Setting next_dagrun for example_python_operator to None, run_after=None
[2025-08-16T14:29:01.090+0200] {processor.py:183} INFO - Processing /home/leoja/airflow/airflow_venv/lib/python3.12/site-packages/airflow/example_dags/example_python_operator.py took 0.190 seconds
[2025-08-16T14:29:48.865+0200] {processor.py:161} INFO - Started process (PID=8402) to work on /home/leoja/airflow/airflow_venv/lib/python3.12/site-packages/airflow/example_dags/example_python_operator.py
[2025-08-16T14:29:48.867+0200] {processor.py:830} INFO - Processing file /home/leoja/airflow/airflow_venv/lib/python3.12/site-packages/airflow/example_dags/example_python_operator.py for tasks to queue
[2025-08-16T14:29:48.868+0200] {logging_mixin.py:188} INFO - [2025-08-16T14:29:48.868+0200] {dagbag.py:540} INFO - Filling up the DagBag from /home/leoja/airflow/airflow_venv/lib/python3.12/site-packages/airflow/example_dags/example_python_operator.py
[2025-08-16T14:29:48.994+0200] {logging_mixin.py:188} INFO - [2025-08-16T14:29:48.994+0200] {example_python_operator.py:93} WARNING - The virtalenv_python example task requires virtualenv, please install it.
[2025-08-16T14:29:48.995+0200] {processor.py:840} INFO - DAG(s) 'example_python_operator' retrieved from /home/leoja/airflow/airflow_venv/lib/python3.12/site-packages/airflow/example_dags/example_python_operator.py
[2025-08-16T14:29:49.010+0200] {logging_mixin.py:188} INFO - [2025-08-16T14:29:49.010+0200] {dag.py:3096} INFO - Sync 1 DAGs
[2025-08-16T14:29:49.019+0200] {logging_mixin.py:188} INFO - [2025-08-16T14:29:49.018+0200] {dag.py:3954} INFO - Setting next_dagrun for example_python_operator to None, run_after=None
[2025-08-16T14:29:49.046+0200] {processor.py:183} INFO - Processing /home/leoja/airflow/airflow_venv/lib/python3.12/site-packages/airflow/example_dags/example_python_operator.py took 0.186 seconds
[2025-08-16T14:30:36.230+0200] {processor.py:161} INFO - Started process (PID=8665) to work on /home/leoja/airflow/airflow_venv/lib/python3.12/site-packages/airflow/example_dags/example_python_operator.py
[2025-08-16T14:30:36.234+0200] {processor.py:830} INFO - Processing file /home/leoja/airflow/airflow_venv/lib/python3.12/site-packages/airflow/example_dags/example_python_operator.py for tasks to queue
[2025-08-16T14:30:36.236+0200] {logging_mixin.py:188} INFO - [2025-08-16T14:30:36.235+0200] {dagbag.py:540} INFO - Filling up the DagBag from /home/leoja/airflow/airflow_venv/lib/python3.12/site-packages/airflow/example_dags/example_python_operator.py
[2025-08-16T14:30:36.453+0200] {logging_mixin.py:188} INFO - [2025-08-16T14:30:36.453+0200] {example_python_operator.py:93} WARNING - The virtalenv_python example task requires virtualenv, please install it.
[2025-08-16T14:30:36.455+0200] {processor.py:840} INFO - DAG(s) 'example_python_operator' retrieved from /home/leoja/airflow/airflow_venv/lib/python3.12/site-packages/airflow/example_dags/example_python_operator.py
[2025-08-16T14:30:36.492+0200] {logging_mixin.py:188} INFO - [2025-08-16T14:30:36.492+0200] {dag.py:3096} INFO - Sync 1 DAGs
[2025-08-16T14:30:36.510+0200] {logging_mixin.py:188} INFO - [2025-08-16T14:30:36.509+0200] {dag.py:3954} INFO - Setting next_dagrun for example_python_operator to None, run_after=None
[2025-08-16T14:30:36.567+0200] {processor.py:183} INFO - Processing /home/leoja/airflow/airflow_venv/lib/python3.12/site-packages/airflow/example_dags/example_python_operator.py took 0.353 seconds
[2025-08-16T14:31:32.565+0200] {processor.py:161} INFO - Started process (PID=9027) to work on /home/leoja/airflow/airflow_venv/lib/python3.12/site-packages/airflow/example_dags/example_python_operator.py
[2025-08-16T14:31:32.573+0200] {processor.py:830} INFO - Processing file /home/leoja/airflow/airflow_venv/lib/python3.12/site-packages/airflow/example_dags/example_python_operator.py for tasks to queue
[2025-08-16T14:31:32.575+0200] {logging_mixin.py:188} INFO - [2025-08-16T14:31:32.574+0200] {dagbag.py:540} INFO - Filling up the DagBag from /home/leoja/airflow/airflow_venv/lib/python3.12/site-packages/airflow/example_dags/example_python_operator.py
[2025-08-16T14:31:32.647+0200] {logging_mixin.py:188} INFO - [2025-08-16T14:31:32.647+0200] {example_python_operator.py:93} WARNING - The virtalenv_python example task requires virtualenv, please install it.
[2025-08-16T14:31:32.648+0200] {processor.py:840} INFO - DAG(s) 'example_python_operator' retrieved from /home/leoja/airflow/airflow_venv/lib/python3.12/site-packages/airflow/example_dags/example_python_operator.py
[2025-08-16T14:31:32.667+0200] {logging_mixin.py:188} INFO - [2025-08-16T14:31:32.666+0200] {dag.py:3096} INFO - Sync 1 DAGs
[2025-08-16T14:31:32.676+0200] {logging_mixin.py:188} INFO - [2025-08-16T14:31:32.676+0200] {dag.py:3954} INFO - Setting next_dagrun for example_python_operator to None, run_after=None
[2025-08-16T14:31:32.729+0200] {processor.py:183} INFO - Processing /home/leoja/airflow/airflow_venv/lib/python3.12/site-packages/airflow/example_dags/example_python_operator.py took 0.174 seconds
[2025-08-16T14:32:24.321+0200] {processor.py:161} INFO - Started process (PID=9334) to work on /home/leoja/airflow/airflow_venv/lib/python3.12/site-packages/airflow/example_dags/example_python_operator.py
[2025-08-16T14:32:24.332+0200] {processor.py:830} INFO - Processing file /home/leoja/airflow/airflow_venv/lib/python3.12/site-packages/airflow/example_dags/example_python_operator.py for tasks to queue
[2025-08-16T14:32:24.334+0200] {logging_mixin.py:188} INFO - [2025-08-16T14:32:24.333+0200] {dagbag.py:540} INFO - Filling up the DagBag from /home/leoja/airflow/airflow_venv/lib/python3.12/site-packages/airflow/example_dags/example_python_operator.py
[2025-08-16T14:32:24.400+0200] {logging_mixin.py:188} INFO - [2025-08-16T14:32:24.400+0200] {example_python_operator.py:93} WARNING - The virtalenv_python example task requires virtualenv, please install it.
[2025-08-16T14:32:24.401+0200] {processor.py:840} INFO - DAG(s) 'example_python_operator' retrieved from /home/leoja/airflow/airflow_venv/lib/python3.12/site-packages/airflow/example_dags/example_python_operator.py
[2025-08-16T14:32:24.421+0200] {logging_mixin.py:188} INFO - [2025-08-16T14:32:24.420+0200] {dag.py:3096} INFO - Sync 1 DAGs
[2025-08-16T14:32:24.433+0200] {logging_mixin.py:188} INFO - [2025-08-16T14:32:24.432+0200] {dag.py:3954} INFO - Setting next_dagrun for example_python_operator to None, run_after=None
[2025-08-16T14:32:24.467+0200] {processor.py:183} INFO - Processing /home/leoja/airflow/airflow_venv/lib/python3.12/site-packages/airflow/example_dags/example_python_operator.py took 0.155 seconds
[2025-08-16T14:33:14.850+0200] {processor.py:161} INFO - Started process (PID=9605) to work on /home/leoja/airflow/airflow_venv/lib/python3.12/site-packages/airflow/example_dags/example_python_operator.py
[2025-08-16T14:33:14.852+0200] {processor.py:830} INFO - Processing file /home/leoja/airflow/airflow_venv/lib/python3.12/site-packages/airflow/example_dags/example_python_operator.py for tasks to queue
[2025-08-16T14:33:14.853+0200] {logging_mixin.py:188} INFO - [2025-08-16T14:33:14.852+0200] {dagbag.py:540} INFO - Filling up the DagBag from /home/leoja/airflow/airflow_venv/lib/python3.12/site-packages/airflow/example_dags/example_python_operator.py
[2025-08-16T14:33:14.917+0200] {logging_mixin.py:188} INFO - [2025-08-16T14:33:14.916+0200] {example_python_operator.py:93} WARNING - The virtalenv_python example task requires virtualenv, please install it.
[2025-08-16T14:33:14.917+0200] {processor.py:840} INFO - DAG(s) 'example_python_operator' retrieved from /home/leoja/airflow/airflow_venv/lib/python3.12/site-packages/airflow/example_dags/example_python_operator.py
[2025-08-16T14:33:14.932+0200] {logging_mixin.py:188} INFO - [2025-08-16T14:33:14.932+0200] {dag.py:3096} INFO - Sync 1 DAGs
[2025-08-16T14:33:14.941+0200] {logging_mixin.py:188} INFO - [2025-08-16T14:33:14.941+0200] {dag.py:3954} INFO - Setting next_dagrun for example_python_operator to None, run_after=None
[2025-08-16T14:33:14.962+0200] {processor.py:183} INFO - Processing /home/leoja/airflow/airflow_venv/lib/python3.12/site-packages/airflow/example_dags/example_python_operator.py took 0.118 seconds
[2025-08-16T14:34:10.585+0200] {processor.py:161} INFO - Started process (PID=9880) to work on /home/leoja/airflow/airflow_venv/lib/python3.12/site-packages/airflow/example_dags/example_python_operator.py
[2025-08-16T14:34:10.586+0200] {processor.py:830} INFO - Processing file /home/leoja/airflow/airflow_venv/lib/python3.12/site-packages/airflow/example_dags/example_python_operator.py for tasks to queue
[2025-08-16T14:34:10.588+0200] {logging_mixin.py:188} INFO - [2025-08-16T14:34:10.587+0200] {dagbag.py:540} INFO - Filling up the DagBag from /home/leoja/airflow/airflow_venv/lib/python3.12/site-packages/airflow/example_dags/example_python_operator.py
[2025-08-16T14:34:10.681+0200] {logging_mixin.py:188} INFO - [2025-08-16T14:34:10.681+0200] {example_python_operator.py:93} WARNING - The virtalenv_python example task requires virtualenv, please install it.
[2025-08-16T14:34:10.682+0200] {processor.py:840} INFO - DAG(s) 'example_python_operator' retrieved from /home/leoja/airflow/airflow_venv/lib/python3.12/site-packages/airflow/example_dags/example_python_operator.py
[2025-08-16T14:34:10.702+0200] {logging_mixin.py:188} INFO - [2025-08-16T14:34:10.701+0200] {dag.py:3096} INFO - Sync 1 DAGs
[2025-08-16T14:34:10.714+0200] {logging_mixin.py:188} INFO - [2025-08-16T14:34:10.714+0200] {dag.py:3954} INFO - Setting next_dagrun for example_python_operator to None, run_after=None
[2025-08-16T14:34:10.750+0200] {processor.py:183} INFO - Processing /home/leoja/airflow/airflow_venv/lib/python3.12/site-packages/airflow/example_dags/example_python_operator.py took 0.177 seconds
[2025-08-16T14:35:06.572+0200] {processor.py:161} INFO - Started process (PID=10212) to work on /home/leoja/airflow/airflow_venv/lib/python3.12/site-packages/airflow/example_dags/example_python_operator.py
[2025-08-16T14:35:06.578+0200] {processor.py:830} INFO - Processing file /home/leoja/airflow/airflow_venv/lib/python3.12/site-packages/airflow/example_dags/example_python_operator.py for tasks to queue
[2025-08-16T14:35:06.579+0200] {logging_mixin.py:188} INFO - [2025-08-16T14:35:06.578+0200] {dagbag.py:540} INFO - Filling up the DagBag from /home/leoja/airflow/airflow_venv/lib/python3.12/site-packages/airflow/example_dags/example_python_operator.py
[2025-08-16T14:35:06.674+0200] {logging_mixin.py:188} INFO - [2025-08-16T14:35:06.673+0200] {example_python_operator.py:93} WARNING - The virtalenv_python example task requires virtualenv, please install it.
[2025-08-16T14:35:06.675+0200] {processor.py:840} INFO - DAG(s) 'example_python_operator' retrieved from /home/leoja/airflow/airflow_venv/lib/python3.12/site-packages/airflow/example_dags/example_python_operator.py
[2025-08-16T14:35:06.694+0200] {logging_mixin.py:188} INFO - [2025-08-16T14:35:06.694+0200] {dag.py:3096} INFO - Sync 1 DAGs
[2025-08-16T14:35:06.703+0200] {logging_mixin.py:188} INFO - [2025-08-16T14:35:06.703+0200] {dag.py:3954} INFO - Setting next_dagrun for example_python_operator to None, run_after=None
[2025-08-16T14:35:06.737+0200] {processor.py:183} INFO - Processing /home/leoja/airflow/airflow_venv/lib/python3.12/site-packages/airflow/example_dags/example_python_operator.py took 0.170 seconds
[2025-08-16T14:35:58.469+0200] {processor.py:161} INFO - Started process (PID=10518) to work on /home/leoja/airflow/airflow_venv/lib/python3.12/site-packages/airflow/example_dags/example_python_operator.py
[2025-08-16T14:35:58.471+0200] {processor.py:830} INFO - Processing file /home/leoja/airflow/airflow_venv/lib/python3.12/site-packages/airflow/example_dags/example_python_operator.py for tasks to queue
[2025-08-16T14:35:58.472+0200] {logging_mixin.py:188} INFO - [2025-08-16T14:35:58.471+0200] {dagbag.py:540} INFO - Filling up the DagBag from /home/leoja/airflow/airflow_venv/lib/python3.12/site-packages/airflow/example_dags/example_python_operator.py
[2025-08-16T14:35:58.539+0200] {logging_mixin.py:188} INFO - [2025-08-16T14:35:58.539+0200] {example_python_operator.py:93} WARNING - The virtalenv_python example task requires virtualenv, please install it.
[2025-08-16T14:35:58.540+0200] {processor.py:840} INFO - DAG(s) 'example_python_operator' retrieved from /home/leoja/airflow/airflow_venv/lib/python3.12/site-packages/airflow/example_dags/example_python_operator.py
[2025-08-16T14:35:58.554+0200] {logging_mixin.py:188} INFO - [2025-08-16T14:35:58.554+0200] {dag.py:3096} INFO - Sync 1 DAGs
[2025-08-16T14:35:58.562+0200] {logging_mixin.py:188} INFO - [2025-08-16T14:35:58.561+0200] {dag.py:3954} INFO - Setting next_dagrun for example_python_operator to None, run_after=None
[2025-08-16T14:35:58.591+0200] {processor.py:183} INFO - Processing /home/leoja/airflow/airflow_venv/lib/python3.12/site-packages/airflow/example_dags/example_python_operator.py took 0.128 seconds
[2025-08-16T14:36:50.044+0200] {processor.py:161} INFO - Started process (PID=10814) to work on /home/leoja/airflow/airflow_venv/lib/python3.12/site-packages/airflow/example_dags/example_python_operator.py
[2025-08-16T14:36:50.046+0200] {processor.py:830} INFO - Processing file /home/leoja/airflow/airflow_venv/lib/python3.12/site-packages/airflow/example_dags/example_python_operator.py for tasks to queue
[2025-08-16T14:36:50.046+0200] {logging_mixin.py:188} INFO - [2025-08-16T14:36:50.046+0200] {dagbag.py:540} INFO - Filling up the DagBag from /home/leoja/airflow/airflow_venv/lib/python3.12/site-packages/airflow/example_dags/example_python_operator.py
[2025-08-16T14:36:50.134+0200] {logging_mixin.py:188} INFO - [2025-08-16T14:36:50.134+0200] {example_python_operator.py:93} WARNING - The virtalenv_python example task requires virtualenv, please install it.
[2025-08-16T14:36:50.135+0200] {processor.py:840} INFO - DAG(s) 'example_python_operator' retrieved from /home/leoja/airflow/airflow_venv/lib/python3.12/site-packages/airflow/example_dags/example_python_operator.py
[2025-08-16T14:36:50.151+0200] {logging_mixin.py:188} INFO - [2025-08-16T14:36:50.151+0200] {dag.py:3096} INFO - Sync 1 DAGs
[2025-08-16T14:36:50.162+0200] {logging_mixin.py:188} INFO - [2025-08-16T14:36:50.162+0200] {dag.py:3954} INFO - Setting next_dagrun for example_python_operator to None, run_after=None
[2025-08-16T14:36:50.213+0200] {processor.py:183} INFO - Processing /home/leoja/airflow/airflow_venv/lib/python3.12/site-packages/airflow/example_dags/example_python_operator.py took 0.175 seconds
[2025-08-16T14:37:41.531+0200] {processor.py:161} INFO - Started process (PID=11114) to work on /home/leoja/airflow/airflow_venv/lib/python3.12/site-packages/airflow/example_dags/example_python_operator.py
[2025-08-16T14:37:41.532+0200] {processor.py:830} INFO - Processing file /home/leoja/airflow/airflow_venv/lib/python3.12/site-packages/airflow/example_dags/example_python_operator.py for tasks to queue
[2025-08-16T14:37:41.533+0200] {logging_mixin.py:188} INFO - [2025-08-16T14:37:41.533+0200] {dagbag.py:540} INFO - Filling up the DagBag from /home/leoja/airflow/airflow_venv/lib/python3.12/site-packages/airflow/example_dags/example_python_operator.py
[2025-08-16T14:37:41.595+0200] {logging_mixin.py:188} INFO - [2025-08-16T14:37:41.595+0200] {example_python_operator.py:93} WARNING - The virtalenv_python example task requires virtualenv, please install it.
[2025-08-16T14:37:41.596+0200] {processor.py:840} INFO - DAG(s) 'example_python_operator' retrieved from /home/leoja/airflow/airflow_venv/lib/python3.12/site-packages/airflow/example_dags/example_python_operator.py
[2025-08-16T14:37:41.611+0200] {logging_mixin.py:188} INFO - [2025-08-16T14:37:41.610+0200] {dag.py:3096} INFO - Sync 1 DAGs
[2025-08-16T14:37:41.620+0200] {logging_mixin.py:188} INFO - [2025-08-16T14:37:41.619+0200] {dag.py:3954} INFO - Setting next_dagrun for example_python_operator to None, run_after=None
[2025-08-16T14:37:41.651+0200] {processor.py:183} INFO - Processing /home/leoja/airflow/airflow_venv/lib/python3.12/site-packages/airflow/example_dags/example_python_operator.py took 0.125 seconds
[2025-08-16T14:38:27.731+0200] {processor.py:161} INFO - Started process (PID=11393) to work on /home/leoja/airflow/airflow_venv/lib/python3.12/site-packages/airflow/example_dags/example_python_operator.py
[2025-08-16T14:38:27.745+0200] {processor.py:830} INFO - Processing file /home/leoja/airflow/airflow_venv/lib/python3.12/site-packages/airflow/example_dags/example_python_operator.py for tasks to queue
[2025-08-16T14:38:27.746+0200] {logging_mixin.py:188} INFO - [2025-08-16T14:38:27.745+0200] {dagbag.py:540} INFO - Filling up the DagBag from /home/leoja/airflow/airflow_venv/lib/python3.12/site-packages/airflow/example_dags/example_python_operator.py
[2025-08-16T14:38:27.808+0200] {logging_mixin.py:188} INFO - [2025-08-16T14:38:27.807+0200] {example_python_operator.py:93} WARNING - The virtalenv_python example task requires virtualenv, please install it.
[2025-08-16T14:38:27.808+0200] {processor.py:840} INFO - DAG(s) 'example_python_operator' retrieved from /home/leoja/airflow/airflow_venv/lib/python3.12/site-packages/airflow/example_dags/example_python_operator.py
[2025-08-16T14:38:27.824+0200] {logging_mixin.py:188} INFO - [2025-08-16T14:38:27.823+0200] {dag.py:3096} INFO - Sync 1 DAGs
[2025-08-16T14:38:27.834+0200] {logging_mixin.py:188} INFO - [2025-08-16T14:38:27.834+0200] {dag.py:3954} INFO - Setting next_dagrun for example_python_operator to None, run_after=None
[2025-08-16T14:38:27.857+0200] {processor.py:183} INFO - Processing /home/leoja/airflow/airflow_venv/lib/python3.12/site-packages/airflow/example_dags/example_python_operator.py took 0.131 seconds
[2025-08-16T14:39:13.908+0200] {processor.py:161} INFO - Started process (PID=11664) to work on /home/leoja/airflow/airflow_venv/lib/python3.12/site-packages/airflow/example_dags/example_python_operator.py
[2025-08-16T14:39:13.910+0200] {processor.py:830} INFO - Processing file /home/leoja/airflow/airflow_venv/lib/python3.12/site-packages/airflow/example_dags/example_python_operator.py for tasks to queue
[2025-08-16T14:39:13.910+0200] {logging_mixin.py:188} INFO - [2025-08-16T14:39:13.910+0200] {dagbag.py:540} INFO - Filling up the DagBag from /home/leoja/airflow/airflow_venv/lib/python3.12/site-packages/airflow/example_dags/example_python_operator.py
[2025-08-16T14:39:13.964+0200] {logging_mixin.py:188} INFO - [2025-08-16T14:39:13.964+0200] {example_python_operator.py:93} WARNING - The virtalenv_python example task requires virtualenv, please install it.
[2025-08-16T14:39:13.965+0200] {processor.py:840} INFO - DAG(s) 'example_python_operator' retrieved from /home/leoja/airflow/airflow_venv/lib/python3.12/site-packages/airflow/example_dags/example_python_operator.py
[2025-08-16T14:39:13.978+0200] {logging_mixin.py:188} INFO - [2025-08-16T14:39:13.977+0200] {dag.py:3096} INFO - Sync 1 DAGs
[2025-08-16T14:39:13.985+0200] {logging_mixin.py:188} INFO - [2025-08-16T14:39:13.985+0200] {dag.py:3954} INFO - Setting next_dagrun for example_python_operator to None, run_after=None
[2025-08-16T14:39:14.016+0200] {processor.py:183} INFO - Processing /home/leoja/airflow/airflow_venv/lib/python3.12/site-packages/airflow/example_dags/example_python_operator.py took 0.113 seconds
[2025-08-16T14:40:22.168+0200] {processor.py:161} INFO - Started process (PID=12039) to work on /home/leoja/airflow/airflow_venv/lib/python3.12/site-packages/airflow/example_dags/example_python_operator.py
[2025-08-16T14:40:22.170+0200] {processor.py:830} INFO - Processing file /home/leoja/airflow/airflow_venv/lib/python3.12/site-packages/airflow/example_dags/example_python_operator.py for tasks to queue
[2025-08-16T14:40:22.171+0200] {logging_mixin.py:188} INFO - [2025-08-16T14:40:22.171+0200] {dagbag.py:540} INFO - Filling up the DagBag from /home/leoja/airflow/airflow_venv/lib/python3.12/site-packages/airflow/example_dags/example_python_operator.py
[2025-08-16T14:40:22.272+0200] {logging_mixin.py:188} INFO - [2025-08-16T14:40:22.272+0200] {example_python_operator.py:93} WARNING - The virtalenv_python example task requires virtualenv, please install it.
[2025-08-16T14:40:22.273+0200] {processor.py:840} INFO - DAG(s) 'example_python_operator' retrieved from /home/leoja/airflow/airflow_venv/lib/python3.12/site-packages/airflow/example_dags/example_python_operator.py
[2025-08-16T14:40:22.294+0200] {logging_mixin.py:188} INFO - [2025-08-16T14:40:22.293+0200] {dag.py:3096} INFO - Sync 1 DAGs
[2025-08-16T14:40:22.311+0200] {logging_mixin.py:188} INFO - [2025-08-16T14:40:22.311+0200] {dag.py:3954} INFO - Setting next_dagrun for example_python_operator to None, run_after=None
[2025-08-16T14:40:22.350+0200] {processor.py:183} INFO - Processing /home/leoja/airflow/airflow_venv/lib/python3.12/site-packages/airflow/example_dags/example_python_operator.py took 0.191 seconds
[2025-08-16T14:41:09.878+0200] {processor.py:161} INFO - Started process (PID=12338) to work on /home/leoja/airflow/airflow_venv/lib/python3.12/site-packages/airflow/example_dags/example_python_operator.py
[2025-08-16T14:41:09.880+0200] {processor.py:830} INFO - Processing file /home/leoja/airflow/airflow_venv/lib/python3.12/site-packages/airflow/example_dags/example_python_operator.py for tasks to queue
[2025-08-16T14:41:09.881+0200] {logging_mixin.py:188} INFO - [2025-08-16T14:41:09.880+0200] {dagbag.py:540} INFO - Filling up the DagBag from /home/leoja/airflow/airflow_venv/lib/python3.12/site-packages/airflow/example_dags/example_python_operator.py
[2025-08-16T14:41:09.934+0200] {logging_mixin.py:188} INFO - [2025-08-16T14:41:09.933+0200] {example_python_operator.py:93} WARNING - The virtalenv_python example task requires virtualenv, please install it.
[2025-08-16T14:41:09.934+0200] {processor.py:840} INFO - DAG(s) 'example_python_operator' retrieved from /home/leoja/airflow/airflow_venv/lib/python3.12/site-packages/airflow/example_dags/example_python_operator.py
[2025-08-16T14:41:09.950+0200] {logging_mixin.py:188} INFO - [2025-08-16T14:41:09.949+0200] {dag.py:3096} INFO - Sync 1 DAGs
[2025-08-16T14:41:09.958+0200] {logging_mixin.py:188} INFO - [2025-08-16T14:41:09.958+0200] {dag.py:3954} INFO - Setting next_dagrun for example_python_operator to None, run_after=None
[2025-08-16T14:41:09.979+0200] {processor.py:183} INFO - Processing /home/leoja/airflow/airflow_venv/lib/python3.12/site-packages/airflow/example_dags/example_python_operator.py took 0.105 seconds
[2025-08-16T14:42:18.769+0200] {processor.py:161} INFO - Started process (PID=12784) to work on /home/leoja/airflow/airflow_venv/lib/python3.12/site-packages/airflow/example_dags/example_python_operator.py
[2025-08-16T14:42:18.770+0200] {processor.py:830} INFO - Processing file /home/leoja/airflow/airflow_venv/lib/python3.12/site-packages/airflow/example_dags/example_python_operator.py for tasks to queue
[2025-08-16T14:42:18.771+0200] {logging_mixin.py:188} INFO - [2025-08-16T14:42:18.770+0200] {dagbag.py:540} INFO - Filling up the DagBag from /home/leoja/airflow/airflow_venv/lib/python3.12/site-packages/airflow/example_dags/example_python_operator.py
[2025-08-16T14:42:18.827+0200] {logging_mixin.py:188} INFO - [2025-08-16T14:42:18.827+0200] {example_python_operator.py:93} WARNING - The virtalenv_python example task requires virtualenv, please install it.
[2025-08-16T14:42:18.828+0200] {processor.py:840} INFO - DAG(s) 'example_python_operator' retrieved from /home/leoja/airflow/airflow_venv/lib/python3.12/site-packages/airflow/example_dags/example_python_operator.py
[2025-08-16T14:42:18.843+0200] {logging_mixin.py:188} INFO - [2025-08-16T14:42:18.842+0200] {dag.py:3096} INFO - Sync 1 DAGs
[2025-08-16T14:42:18.854+0200] {logging_mixin.py:188} INFO - [2025-08-16T14:42:18.853+0200] {dag.py:3954} INFO - Setting next_dagrun for example_python_operator to None, run_after=None
[2025-08-16T14:42:18.873+0200] {processor.py:183} INFO - Processing /home/leoja/airflow/airflow_venv/lib/python3.12/site-packages/airflow/example_dags/example_python_operator.py took 0.109 seconds
[2025-08-16T14:43:24.999+0200] {processor.py:161} INFO - Started process (PID=13184) to work on /home/leoja/airflow/airflow_venv/lib/python3.12/site-packages/airflow/example_dags/example_python_operator.py
[2025-08-16T14:43:25.001+0200] {processor.py:830} INFO - Processing file /home/leoja/airflow/airflow_venv/lib/python3.12/site-packages/airflow/example_dags/example_python_operator.py for tasks to queue
[2025-08-16T14:43:25.002+0200] {logging_mixin.py:188} INFO - [2025-08-16T14:43:25.002+0200] {dagbag.py:540} INFO - Filling up the DagBag from /home/leoja/airflow/airflow_venv/lib/python3.12/site-packages/airflow/example_dags/example_python_operator.py
[2025-08-16T14:43:25.093+0200] {logging_mixin.py:188} INFO - [2025-08-16T14:43:25.092+0200] {example_python_operator.py:93} WARNING - The virtalenv_python example task requires virtualenv, please install it.
[2025-08-16T14:43:25.094+0200] {processor.py:840} INFO - DAG(s) 'example_python_operator' retrieved from /home/leoja/airflow/airflow_venv/lib/python3.12/site-packages/airflow/example_dags/example_python_operator.py
[2025-08-16T14:43:25.111+0200] {logging_mixin.py:188} INFO - [2025-08-16T14:43:25.111+0200] {dag.py:3096} INFO - Sync 1 DAGs
[2025-08-16T14:43:25.121+0200] {logging_mixin.py:188} INFO - [2025-08-16T14:43:25.120+0200] {dag.py:3954} INFO - Setting next_dagrun for example_python_operator to None, run_after=None
[2025-08-16T14:43:25.147+0200] {processor.py:183} INFO - Processing /home/leoja/airflow/airflow_venv/lib/python3.12/site-packages/airflow/example_dags/example_python_operator.py took 0.155 seconds
[2025-08-16T14:44:34.302+0200] {processor.py:161} INFO - Started process (PID=13602) to work on /home/leoja/airflow/airflow_venv/lib/python3.12/site-packages/airflow/example_dags/example_python_operator.py
[2025-08-16T14:44:34.304+0200] {processor.py:830} INFO - Processing file /home/leoja/airflow/airflow_venv/lib/python3.12/site-packages/airflow/example_dags/example_python_operator.py for tasks to queue
[2025-08-16T14:44:34.305+0200] {logging_mixin.py:188} INFO - [2025-08-16T14:44:34.305+0200] {dagbag.py:540} INFO - Filling up the DagBag from /home/leoja/airflow/airflow_venv/lib/python3.12/site-packages/airflow/example_dags/example_python_operator.py
[2025-08-16T14:44:34.393+0200] {logging_mixin.py:188} INFO - [2025-08-16T14:44:34.392+0200] {example_python_operator.py:93} WARNING - The virtalenv_python example task requires virtualenv, please install it.
[2025-08-16T14:44:34.394+0200] {processor.py:840} INFO - DAG(s) 'example_python_operator' retrieved from /home/leoja/airflow/airflow_venv/lib/python3.12/site-packages/airflow/example_dags/example_python_operator.py
[2025-08-16T14:44:34.418+0200] {logging_mixin.py:188} INFO - [2025-08-16T14:44:34.417+0200] {dag.py:3096} INFO - Sync 1 DAGs
[2025-08-16T14:44:34.430+0200] {logging_mixin.py:188} INFO - [2025-08-16T14:44:34.429+0200] {dag.py:3954} INFO - Setting next_dagrun for example_python_operator to None, run_after=None
[2025-08-16T14:44:34.464+0200] {processor.py:183} INFO - Processing /home/leoja/airflow/airflow_venv/lib/python3.12/site-packages/airflow/example_dags/example_python_operator.py took 0.172 seconds
[2025-08-16T14:45:24.164+0200] {processor.py:161} INFO - Started process (PID=13861) to work on /home/leoja/airflow/airflow_venv/lib/python3.12/site-packages/airflow/example_dags/example_python_operator.py
[2025-08-16T14:45:24.170+0200] {processor.py:830} INFO - Processing file /home/leoja/airflow/airflow_venv/lib/python3.12/site-packages/airflow/example_dags/example_python_operator.py for tasks to queue
[2025-08-16T14:45:24.171+0200] {logging_mixin.py:188} INFO - [2025-08-16T14:45:24.170+0200] {dagbag.py:540} INFO - Filling up the DagBag from /home/leoja/airflow/airflow_venv/lib/python3.12/site-packages/airflow/example_dags/example_python_operator.py
[2025-08-16T14:45:24.234+0200] {logging_mixin.py:188} INFO - [2025-08-16T14:45:24.233+0200] {example_python_operator.py:93} WARNING - The virtalenv_python example task requires virtualenv, please install it.
[2025-08-16T14:45:24.234+0200] {processor.py:840} INFO - DAG(s) 'example_python_operator' retrieved from /home/leoja/airflow/airflow_venv/lib/python3.12/site-packages/airflow/example_dags/example_python_operator.py
[2025-08-16T14:45:24.254+0200] {logging_mixin.py:188} INFO - [2025-08-16T14:45:24.254+0200] {dag.py:3096} INFO - Sync 1 DAGs
[2025-08-16T14:45:24.264+0200] {logging_mixin.py:188} INFO - [2025-08-16T14:45:24.264+0200] {dag.py:3954} INFO - Setting next_dagrun for example_python_operator to None, run_after=None
[2025-08-16T14:45:24.296+0200] {processor.py:183} INFO - Processing /home/leoja/airflow/airflow_venv/lib/python3.12/site-packages/airflow/example_dags/example_python_operator.py took 0.139 seconds
[2025-08-16T14:46:11.707+0200] {processor.py:161} INFO - Started process (PID=14133) to work on /home/leoja/airflow/airflow_venv/lib/python3.12/site-packages/airflow/example_dags/example_python_operator.py
[2025-08-16T14:46:11.708+0200] {processor.py:830} INFO - Processing file /home/leoja/airflow/airflow_venv/lib/python3.12/site-packages/airflow/example_dags/example_python_operator.py for tasks to queue
[2025-08-16T14:46:11.709+0200] {logging_mixin.py:188} INFO - [2025-08-16T14:46:11.709+0200] {dagbag.py:540} INFO - Filling up the DagBag from /home/leoja/airflow/airflow_venv/lib/python3.12/site-packages/airflow/example_dags/example_python_operator.py
[2025-08-16T14:46:11.810+0200] {logging_mixin.py:188} INFO - [2025-08-16T14:46:11.809+0200] {example_python_operator.py:93} WARNING - The virtalenv_python example task requires virtualenv, please install it.
[2025-08-16T14:46:11.810+0200] {processor.py:840} INFO - DAG(s) 'example_python_operator' retrieved from /home/leoja/airflow/airflow_venv/lib/python3.12/site-packages/airflow/example_dags/example_python_operator.py
[2025-08-16T14:46:11.824+0200] {logging_mixin.py:188} INFO - [2025-08-16T14:46:11.823+0200] {dag.py:3096} INFO - Sync 1 DAGs
[2025-08-16T14:46:11.832+0200] {logging_mixin.py:188} INFO - [2025-08-16T14:46:11.831+0200] {dag.py:3954} INFO - Setting next_dagrun for example_python_operator to None, run_after=None
[2025-08-16T14:46:11.855+0200] {processor.py:183} INFO - Processing /home/leoja/airflow/airflow_venv/lib/python3.12/site-packages/airflow/example_dags/example_python_operator.py took 0.154 seconds
[2025-08-16T14:47:00.305+0200] {processor.py:161} INFO - Started process (PID=14408) to work on /home/leoja/airflow/airflow_venv/lib/python3.12/site-packages/airflow/example_dags/example_python_operator.py
[2025-08-16T14:47:00.307+0200] {processor.py:830} INFO - Processing file /home/leoja/airflow/airflow_venv/lib/python3.12/site-packages/airflow/example_dags/example_python_operator.py for tasks to queue
[2025-08-16T14:47:00.308+0200] {logging_mixin.py:188} INFO - [2025-08-16T14:47:00.307+0200] {dagbag.py:540} INFO - Filling up the DagBag from /home/leoja/airflow/airflow_venv/lib/python3.12/site-packages/airflow/example_dags/example_python_operator.py
[2025-08-16T14:47:00.369+0200] {logging_mixin.py:188} INFO - [2025-08-16T14:47:00.369+0200] {example_python_operator.py:93} WARNING - The virtalenv_python example task requires virtualenv, please install it.
[2025-08-16T14:47:00.370+0200] {processor.py:840} INFO - DAG(s) 'example_python_operator' retrieved from /home/leoja/airflow/airflow_venv/lib/python3.12/site-packages/airflow/example_dags/example_python_operator.py
[2025-08-16T14:47:00.386+0200] {logging_mixin.py:188} INFO - [2025-08-16T14:47:00.386+0200] {dag.py:3096} INFO - Sync 1 DAGs
[2025-08-16T14:47:00.394+0200] {logging_mixin.py:188} INFO - [2025-08-16T14:47:00.394+0200] {dag.py:3954} INFO - Setting next_dagrun for example_python_operator to None, run_after=None
[2025-08-16T14:47:00.416+0200] {processor.py:183} INFO - Processing /home/leoja/airflow/airflow_venv/lib/python3.12/site-packages/airflow/example_dags/example_python_operator.py took 0.117 seconds
[2025-08-16T14:47:46.595+0200] {processor.py:161} INFO - Started process (PID=14648) to work on /home/leoja/airflow/airflow_venv/lib/python3.12/site-packages/airflow/example_dags/example_python_operator.py
[2025-08-16T14:47:46.596+0200] {processor.py:830} INFO - Processing file /home/leoja/airflow/airflow_venv/lib/python3.12/site-packages/airflow/example_dags/example_python_operator.py for tasks to queue
[2025-08-16T14:47:46.597+0200] {logging_mixin.py:188} INFO - [2025-08-16T14:47:46.597+0200] {dagbag.py:540} INFO - Filling up the DagBag from /home/leoja/airflow/airflow_venv/lib/python3.12/site-packages/airflow/example_dags/example_python_operator.py
[2025-08-16T14:47:46.669+0200] {logging_mixin.py:188} INFO - [2025-08-16T14:47:46.669+0200] {example_python_operator.py:93} WARNING - The virtalenv_python example task requires virtualenv, please install it.
[2025-08-16T14:47:46.671+0200] {processor.py:840} INFO - DAG(s) 'example_python_operator' retrieved from /home/leoja/airflow/airflow_venv/lib/python3.12/site-packages/airflow/example_dags/example_python_operator.py
[2025-08-16T14:47:46.695+0200] {logging_mixin.py:188} INFO - [2025-08-16T14:47:46.695+0200] {dag.py:3096} INFO - Sync 1 DAGs
[2025-08-16T14:47:46.704+0200] {logging_mixin.py:188} INFO - [2025-08-16T14:47:46.704+0200] {dag.py:3954} INFO - Setting next_dagrun for example_python_operator to None, run_after=None
[2025-08-16T14:47:46.733+0200] {processor.py:183} INFO - Processing /home/leoja/airflow/airflow_venv/lib/python3.12/site-packages/airflow/example_dags/example_python_operator.py took 0.144 seconds
[2025-08-16T14:48:33.194+0200] {processor.py:161} INFO - Started process (PID=14950) to work on /home/leoja/airflow/airflow_venv/lib/python3.12/site-packages/airflow/example_dags/example_python_operator.py
[2025-08-16T14:48:33.196+0200] {processor.py:830} INFO - Processing file /home/leoja/airflow/airflow_venv/lib/python3.12/site-packages/airflow/example_dags/example_python_operator.py for tasks to queue
[2025-08-16T14:48:33.197+0200] {logging_mixin.py:188} INFO - [2025-08-16T14:48:33.197+0200] {dagbag.py:540} INFO - Filling up the DagBag from /home/leoja/airflow/airflow_venv/lib/python3.12/site-packages/airflow/example_dags/example_python_operator.py
[2025-08-16T14:48:33.272+0200] {logging_mixin.py:188} INFO - [2025-08-16T14:48:33.271+0200] {example_python_operator.py:93} WARNING - The virtalenv_python example task requires virtualenv, please install it.
[2025-08-16T14:48:33.272+0200] {processor.py:840} INFO - DAG(s) 'example_python_operator' retrieved from /home/leoja/airflow/airflow_venv/lib/python3.12/site-packages/airflow/example_dags/example_python_operator.py
[2025-08-16T14:48:33.286+0200] {logging_mixin.py:188} INFO - [2025-08-16T14:48:33.285+0200] {dag.py:3096} INFO - Sync 1 DAGs
[2025-08-16T14:48:33.295+0200] {logging_mixin.py:188} INFO - [2025-08-16T14:48:33.295+0200] {dag.py:3954} INFO - Setting next_dagrun for example_python_operator to None, run_after=None
[2025-08-16T14:48:33.321+0200] {processor.py:183} INFO - Processing /home/leoja/airflow/airflow_venv/lib/python3.12/site-packages/airflow/example_dags/example_python_operator.py took 0.133 seconds
[2025-08-16T14:49:40.392+0200] {processor.py:161} INFO - Started process (PID=15307) to work on /home/leoja/airflow/airflow_venv/lib/python3.12/site-packages/airflow/example_dags/example_python_operator.py
[2025-08-16T14:49:40.393+0200] {processor.py:830} INFO - Processing file /home/leoja/airflow/airflow_venv/lib/python3.12/site-packages/airflow/example_dags/example_python_operator.py for tasks to queue
[2025-08-16T14:49:40.394+0200] {logging_mixin.py:188} INFO - [2025-08-16T14:49:40.394+0200] {dagbag.py:540} INFO - Filling up the DagBag from /home/leoja/airflow/airflow_venv/lib/python3.12/site-packages/airflow/example_dags/example_python_operator.py
[2025-08-16T14:49:40.458+0200] {logging_mixin.py:188} INFO - [2025-08-16T14:49:40.458+0200] {example_python_operator.py:93} WARNING - The virtalenv_python example task requires virtualenv, please install it.
[2025-08-16T14:49:40.459+0200] {processor.py:840} INFO - DAG(s) 'example_python_operator' retrieved from /home/leoja/airflow/airflow_venv/lib/python3.12/site-packages/airflow/example_dags/example_python_operator.py
[2025-08-16T14:49:40.471+0200] {logging_mixin.py:188} INFO - [2025-08-16T14:49:40.471+0200] {dag.py:3096} INFO - Sync 1 DAGs
[2025-08-16T14:49:40.479+0200] {logging_mixin.py:188} INFO - [2025-08-16T14:49:40.479+0200] {dag.py:3954} INFO - Setting next_dagrun for example_python_operator to None, run_after=None
[2025-08-16T14:49:40.498+0200] {processor.py:183} INFO - Processing /home/leoja/airflow/airflow_venv/lib/python3.12/site-packages/airflow/example_dags/example_python_operator.py took 0.112 seconds
[2025-08-16T14:50:46.075+0200] {processor.py:161} INFO - Started process (PID=15677) to work on /home/leoja/airflow/airflow_venv/lib/python3.12/site-packages/airflow/example_dags/example_python_operator.py
[2025-08-16T14:50:46.077+0200] {processor.py:830} INFO - Processing file /home/leoja/airflow/airflow_venv/lib/python3.12/site-packages/airflow/example_dags/example_python_operator.py for tasks to queue
[2025-08-16T14:50:46.077+0200] {logging_mixin.py:188} INFO - [2025-08-16T14:50:46.077+0200] {dagbag.py:540} INFO - Filling up the DagBag from /home/leoja/airflow/airflow_venv/lib/python3.12/site-packages/airflow/example_dags/example_python_operator.py
[2025-08-16T14:50:46.129+0200] {logging_mixin.py:188} INFO - [2025-08-16T14:50:46.128+0200] {example_python_operator.py:93} WARNING - The virtalenv_python example task requires virtualenv, please install it.
[2025-08-16T14:50:46.129+0200] {processor.py:840} INFO - DAG(s) 'example_python_operator' retrieved from /home/leoja/airflow/airflow_venv/lib/python3.12/site-packages/airflow/example_dags/example_python_operator.py
[2025-08-16T14:50:46.142+0200] {logging_mixin.py:188} INFO - [2025-08-16T14:50:46.142+0200] {dag.py:3096} INFO - Sync 1 DAGs
[2025-08-16T14:50:46.150+0200] {logging_mixin.py:188} INFO - [2025-08-16T14:50:46.150+0200] {dag.py:3954} INFO - Setting next_dagrun for example_python_operator to None, run_after=None
[2025-08-16T14:50:46.176+0200] {processor.py:183} INFO - Processing /home/leoja/airflow/airflow_venv/lib/python3.12/site-packages/airflow/example_dags/example_python_operator.py took 0.105 seconds
[2025-08-16T14:51:34.608+0200] {processor.py:161} INFO - Started process (PID=15978) to work on /home/leoja/airflow/airflow_venv/lib/python3.12/site-packages/airflow/example_dags/example_python_operator.py
[2025-08-16T14:51:34.615+0200] {processor.py:830} INFO - Processing file /home/leoja/airflow/airflow_venv/lib/python3.12/site-packages/airflow/example_dags/example_python_operator.py for tasks to queue
[2025-08-16T14:51:34.616+0200] {logging_mixin.py:188} INFO - [2025-08-16T14:51:34.615+0200] {dagbag.py:540} INFO - Filling up the DagBag from /home/leoja/airflow/airflow_venv/lib/python3.12/site-packages/airflow/example_dags/example_python_operator.py
[2025-08-16T14:51:34.693+0200] {logging_mixin.py:188} INFO - [2025-08-16T14:51:34.693+0200] {example_python_operator.py:93} WARNING - The virtalenv_python example task requires virtualenv, please install it.
[2025-08-16T14:51:34.694+0200] {processor.py:840} INFO - DAG(s) 'example_python_operator' retrieved from /home/leoja/airflow/airflow_venv/lib/python3.12/site-packages/airflow/example_dags/example_python_operator.py
[2025-08-16T14:51:34.706+0200] {logging_mixin.py:188} INFO - [2025-08-16T14:51:34.706+0200] {dag.py:3096} INFO - Sync 1 DAGs
[2025-08-16T14:51:34.715+0200] {logging_mixin.py:188} INFO - [2025-08-16T14:51:34.715+0200] {dag.py:3954} INFO - Setting next_dagrun for example_python_operator to None, run_after=None
[2025-08-16T14:51:34.743+0200] {processor.py:183} INFO - Processing /home/leoja/airflow/airflow_venv/lib/python3.12/site-packages/airflow/example_dags/example_python_operator.py took 0.142 seconds
[2025-08-16T14:52:22.062+0200] {processor.py:161} INFO - Started process (PID=16220) to work on /home/leoja/airflow/airflow_venv/lib/python3.12/site-packages/airflow/example_dags/example_python_operator.py
[2025-08-16T14:52:22.064+0200] {processor.py:830} INFO - Processing file /home/leoja/airflow/airflow_venv/lib/python3.12/site-packages/airflow/example_dags/example_python_operator.py for tasks to queue
[2025-08-16T14:52:22.065+0200] {logging_mixin.py:188} INFO - [2025-08-16T14:52:22.064+0200] {dagbag.py:540} INFO - Filling up the DagBag from /home/leoja/airflow/airflow_venv/lib/python3.12/site-packages/airflow/example_dags/example_python_operator.py
[2025-08-16T14:52:22.150+0200] {logging_mixin.py:188} INFO - [2025-08-16T14:52:22.150+0200] {example_python_operator.py:93} WARNING - The virtalenv_python example task requires virtualenv, please install it.
[2025-08-16T14:52:22.151+0200] {processor.py:840} INFO - DAG(s) 'example_python_operator' retrieved from /home/leoja/airflow/airflow_venv/lib/python3.12/site-packages/airflow/example_dags/example_python_operator.py
[2025-08-16T14:52:22.166+0200] {logging_mixin.py:188} INFO - [2025-08-16T14:52:22.165+0200] {dag.py:3096} INFO - Sync 1 DAGs
[2025-08-16T14:52:22.173+0200] {logging_mixin.py:188} INFO - [2025-08-16T14:52:22.173+0200] {dag.py:3954} INFO - Setting next_dagrun for example_python_operator to None, run_after=None
[2025-08-16T14:52:22.193+0200] {processor.py:183} INFO - Processing /home/leoja/airflow/airflow_venv/lib/python3.12/site-packages/airflow/example_dags/example_python_operator.py took 0.137 seconds
[2025-08-16T14:53:08.844+0200] {processor.py:161} INFO - Started process (PID=16492) to work on /home/leoja/airflow/airflow_venv/lib/python3.12/site-packages/airflow/example_dags/example_python_operator.py
[2025-08-16T14:53:08.846+0200] {processor.py:830} INFO - Processing file /home/leoja/airflow/airflow_venv/lib/python3.12/site-packages/airflow/example_dags/example_python_operator.py for tasks to queue
[2025-08-16T14:53:08.847+0200] {logging_mixin.py:188} INFO - [2025-08-16T14:53:08.847+0200] {dagbag.py:540} INFO - Filling up the DagBag from /home/leoja/airflow/airflow_venv/lib/python3.12/site-packages/airflow/example_dags/example_python_operator.py
[2025-08-16T14:53:08.930+0200] {logging_mixin.py:188} INFO - [2025-08-16T14:53:08.929+0200] {example_python_operator.py:93} WARNING - The virtalenv_python example task requires virtualenv, please install it.
[2025-08-16T14:53:08.930+0200] {processor.py:840} INFO - DAG(s) 'example_python_operator' retrieved from /home/leoja/airflow/airflow_venv/lib/python3.12/site-packages/airflow/example_dags/example_python_operator.py
[2025-08-16T14:53:08.951+0200] {logging_mixin.py:188} INFO - [2025-08-16T14:53:08.951+0200] {dag.py:3096} INFO - Sync 1 DAGs
[2025-08-16T14:53:08.961+0200] {logging_mixin.py:188} INFO - [2025-08-16T14:53:08.961+0200] {dag.py:3954} INFO - Setting next_dagrun for example_python_operator to None, run_after=None
[2025-08-16T14:53:09.003+0200] {processor.py:183} INFO - Processing /home/leoja/airflow/airflow_venv/lib/python3.12/site-packages/airflow/example_dags/example_python_operator.py took 0.164 seconds
[2025-08-16T14:53:55.761+0200] {processor.py:161} INFO - Started process (PID=16742) to work on /home/leoja/airflow/airflow_venv/lib/python3.12/site-packages/airflow/example_dags/example_python_operator.py
[2025-08-16T14:53:55.763+0200] {processor.py:830} INFO - Processing file /home/leoja/airflow/airflow_venv/lib/python3.12/site-packages/airflow/example_dags/example_python_operator.py for tasks to queue
[2025-08-16T14:53:55.765+0200] {logging_mixin.py:188} INFO - [2025-08-16T14:53:55.764+0200] {dagbag.py:540} INFO - Filling up the DagBag from /home/leoja/airflow/airflow_venv/lib/python3.12/site-packages/airflow/example_dags/example_python_operator.py
[2025-08-16T14:53:55.832+0200] {logging_mixin.py:188} INFO - [2025-08-16T14:53:55.832+0200] {example_python_operator.py:93} WARNING - The virtalenv_python example task requires virtualenv, please install it.
[2025-08-16T14:53:55.833+0200] {processor.py:840} INFO - DAG(s) 'example_python_operator' retrieved from /home/leoja/airflow/airflow_venv/lib/python3.12/site-packages/airflow/example_dags/example_python_operator.py
[2025-08-16T14:53:55.852+0200] {logging_mixin.py:188} INFO - [2025-08-16T14:53:55.852+0200] {dag.py:3096} INFO - Sync 1 DAGs
[2025-08-16T14:53:55.861+0200] {logging_mixin.py:188} INFO - [2025-08-16T14:53:55.861+0200] {dag.py:3954} INFO - Setting next_dagrun for example_python_operator to None, run_after=None
[2025-08-16T14:53:55.898+0200] {processor.py:183} INFO - Processing /home/leoja/airflow/airflow_venv/lib/python3.12/site-packages/airflow/example_dags/example_python_operator.py took 0.141 seconds
[2025-08-16T14:54:44.418+0200] {processor.py:161} INFO - Started process (PID=16954) to work on /home/leoja/airflow/airflow_venv/lib/python3.12/site-packages/airflow/example_dags/example_python_operator.py
[2025-08-16T14:54:44.420+0200] {processor.py:830} INFO - Processing file /home/leoja/airflow/airflow_venv/lib/python3.12/site-packages/airflow/example_dags/example_python_operator.py for tasks to queue
[2025-08-16T14:54:44.421+0200] {logging_mixin.py:188} INFO - [2025-08-16T14:54:44.420+0200] {dagbag.py:540} INFO - Filling up the DagBag from /home/leoja/airflow/airflow_venv/lib/python3.12/site-packages/airflow/example_dags/example_python_operator.py
[2025-08-16T14:54:44.495+0200] {logging_mixin.py:188} INFO - [2025-08-16T14:54:44.495+0200] {example_python_operator.py:93} WARNING - The virtalenv_python example task requires virtualenv, please install it.
[2025-08-16T14:54:44.496+0200] {processor.py:840} INFO - DAG(s) 'example_python_operator' retrieved from /home/leoja/airflow/airflow_venv/lib/python3.12/site-packages/airflow/example_dags/example_python_operator.py
[2025-08-16T14:54:44.510+0200] {logging_mixin.py:188} INFO - [2025-08-16T14:54:44.510+0200] {dag.py:3096} INFO - Sync 1 DAGs
[2025-08-16T14:54:44.519+0200] {logging_mixin.py:188} INFO - [2025-08-16T14:54:44.518+0200] {dag.py:3954} INFO - Setting next_dagrun for example_python_operator to None, run_after=None
[2025-08-16T14:54:44.543+0200] {processor.py:183} INFO - Processing /home/leoja/airflow/airflow_venv/lib/python3.12/site-packages/airflow/example_dags/example_python_operator.py took 0.131 seconds
[2025-08-16T14:55:52.256+0200] {processor.py:161} INFO - Started process (PID=17204) to work on /home/leoja/airflow/airflow_venv/lib/python3.12/site-packages/airflow/example_dags/example_python_operator.py
[2025-08-16T14:55:52.258+0200] {processor.py:830} INFO - Processing file /home/leoja/airflow/airflow_venv/lib/python3.12/site-packages/airflow/example_dags/example_python_operator.py for tasks to queue
[2025-08-16T14:55:52.259+0200] {logging_mixin.py:188} INFO - [2025-08-16T14:55:52.258+0200] {dagbag.py:540} INFO - Filling up the DagBag from /home/leoja/airflow/airflow_venv/lib/python3.12/site-packages/airflow/example_dags/example_python_operator.py
[2025-08-16T14:55:52.383+0200] {logging_mixin.py:188} INFO - [2025-08-16T14:55:52.382+0200] {example_python_operator.py:93} WARNING - The virtalenv_python example task requires virtualenv, please install it.
[2025-08-16T14:55:52.383+0200] {processor.py:840} INFO - DAG(s) 'example_python_operator' retrieved from /home/leoja/airflow/airflow_venv/lib/python3.12/site-packages/airflow/example_dags/example_python_operator.py
[2025-08-16T14:55:52.404+0200] {logging_mixin.py:188} INFO - [2025-08-16T14:55:52.404+0200] {dag.py:3096} INFO - Sync 1 DAGs
[2025-08-16T14:55:52.414+0200] {logging_mixin.py:188} INFO - [2025-08-16T14:55:52.413+0200] {dag.py:3954} INFO - Setting next_dagrun for example_python_operator to None, run_after=None
[2025-08-16T14:55:52.435+0200] {processor.py:183} INFO - Processing /home/leoja/airflow/airflow_venv/lib/python3.12/site-packages/airflow/example_dags/example_python_operator.py took 0.192 seconds
[2025-08-16T14:56:42.532+0200] {processor.py:161} INFO - Started process (PID=17490) to work on /home/leoja/airflow/airflow_venv/lib/python3.12/site-packages/airflow/example_dags/example_python_operator.py
[2025-08-16T14:56:42.535+0200] {processor.py:830} INFO - Processing file /home/leoja/airflow/airflow_venv/lib/python3.12/site-packages/airflow/example_dags/example_python_operator.py for tasks to queue
[2025-08-16T14:56:42.536+0200] {logging_mixin.py:188} INFO - [2025-08-16T14:56:42.536+0200] {dagbag.py:540} INFO - Filling up the DagBag from /home/leoja/airflow/airflow_venv/lib/python3.12/site-packages/airflow/example_dags/example_python_operator.py
[2025-08-16T14:56:42.667+0200] {logging_mixin.py:188} INFO - [2025-08-16T14:56:42.667+0200] {example_python_operator.py:93} WARNING - The virtalenv_python example task requires virtualenv, please install it.
[2025-08-16T14:56:42.669+0200] {processor.py:840} INFO - DAG(s) 'example_python_operator' retrieved from /home/leoja/airflow/airflow_venv/lib/python3.12/site-packages/airflow/example_dags/example_python_operator.py
[2025-08-16T14:56:42.710+0200] {logging_mixin.py:188} INFO - [2025-08-16T14:56:42.710+0200] {dag.py:3096} INFO - Sync 1 DAGs
[2025-08-16T14:56:42.730+0200] {logging_mixin.py:188} INFO - [2025-08-16T14:56:42.730+0200] {dag.py:3954} INFO - Setting next_dagrun for example_python_operator to None, run_after=None
[2025-08-16T14:56:42.766+0200] {processor.py:183} INFO - Processing /home/leoja/airflow/airflow_venv/lib/python3.12/site-packages/airflow/example_dags/example_python_operator.py took 0.243 seconds
[2025-08-16T16:00:47.983+0200] {processor.py:161} INFO - Started process (PID=17933) to work on /home/leoja/airflow/airflow_venv/lib/python3.12/site-packages/airflow/example_dags/example_python_operator.py
[2025-08-16T16:00:47.987+0200] {processor.py:830} INFO - Processing file /home/leoja/airflow/airflow_venv/lib/python3.12/site-packages/airflow/example_dags/example_python_operator.py for tasks to queue
[2025-08-16T16:00:47.988+0200] {logging_mixin.py:188} INFO - [2025-08-16T16:00:47.988+0200] {dagbag.py:540} INFO - Filling up the DagBag from /home/leoja/airflow/airflow_venv/lib/python3.12/site-packages/airflow/example_dags/example_python_operator.py
[2025-08-16T16:00:48.040+0200] {logging_mixin.py:188} INFO - [2025-08-16T16:00:48.040+0200] {example_python_operator.py:93} WARNING - The virtalenv_python example task requires virtualenv, please install it.
[2025-08-16T16:00:48.041+0200] {processor.py:840} INFO - DAG(s) 'example_python_operator' retrieved from /home/leoja/airflow/airflow_venv/lib/python3.12/site-packages/airflow/example_dags/example_python_operator.py
[2025-08-16T16:00:48.062+0200] {logging_mixin.py:188} INFO - [2025-08-16T16:00:48.062+0200] {dag.py:3096} INFO - Sync 1 DAGs
[2025-08-16T16:00:48.073+0200] {logging_mixin.py:188} INFO - [2025-08-16T16:00:48.073+0200] {dag.py:3954} INFO - Setting next_dagrun for example_python_operator to None, run_after=None
[2025-08-16T16:00:48.109+0200] {processor.py:183} INFO - Processing /home/leoja/airflow/airflow_venv/lib/python3.12/site-packages/airflow/example_dags/example_python_operator.py took 0.132 seconds
[2025-08-16T16:01:43.979+0200] {processor.py:161} INFO - Started process (PID=18652) to work on /home/leoja/airflow/airflow_venv/lib/python3.12/site-packages/airflow/example_dags/example_python_operator.py
[2025-08-16T16:01:43.984+0200] {processor.py:830} INFO - Processing file /home/leoja/airflow/airflow_venv/lib/python3.12/site-packages/airflow/example_dags/example_python_operator.py for tasks to queue
[2025-08-16T16:01:43.984+0200] {logging_mixin.py:188} INFO - [2025-08-16T16:01:43.984+0200] {dagbag.py:540} INFO - Filling up the DagBag from /home/leoja/airflow/airflow_venv/lib/python3.12/site-packages/airflow/example_dags/example_python_operator.py
[2025-08-16T16:01:44.018+0200] {logging_mixin.py:188} INFO - [2025-08-16T16:01:44.018+0200] {example_python_operator.py:93} WARNING - The virtalenv_python example task requires virtualenv, please install it.
[2025-08-16T16:01:44.019+0200] {processor.py:840} INFO - DAG(s) 'example_python_operator' retrieved from /home/leoja/airflow/airflow_venv/lib/python3.12/site-packages/airflow/example_dags/example_python_operator.py
[2025-08-16T16:01:44.033+0200] {logging_mixin.py:188} INFO - [2025-08-16T16:01:44.033+0200] {dag.py:3096} INFO - Sync 1 DAGs
[2025-08-16T16:01:44.040+0200] {logging_mixin.py:188} INFO - [2025-08-16T16:01:44.040+0200] {dag.py:3954} INFO - Setting next_dagrun for example_python_operator to None, run_after=None
[2025-08-16T16:01:44.124+0200] {processor.py:183} INFO - Processing /home/leoja/airflow/airflow_venv/lib/python3.12/site-packages/airflow/example_dags/example_python_operator.py took 0.151 seconds
[2025-08-16T16:02:39.039+0200] {processor.py:161} INFO - Started process (PID=19086) to work on /home/leoja/airflow/airflow_venv/lib/python3.12/site-packages/airflow/example_dags/example_python_operator.py
[2025-08-16T16:02:39.041+0200] {processor.py:830} INFO - Processing file /home/leoja/airflow/airflow_venv/lib/python3.12/site-packages/airflow/example_dags/example_python_operator.py for tasks to queue
[2025-08-16T16:02:39.042+0200] {logging_mixin.py:188} INFO - [2025-08-16T16:02:39.042+0200] {dagbag.py:540} INFO - Filling up the DagBag from /home/leoja/airflow/airflow_venv/lib/python3.12/site-packages/airflow/example_dags/example_python_operator.py
[2025-08-16T16:02:39.077+0200] {logging_mixin.py:188} INFO - [2025-08-16T16:02:39.076+0200] {example_python_operator.py:93} WARNING - The virtalenv_python example task requires virtualenv, please install it.
[2025-08-16T16:02:39.085+0200] {processor.py:840} INFO - DAG(s) 'example_python_operator' retrieved from /home/leoja/airflow/airflow_venv/lib/python3.12/site-packages/airflow/example_dags/example_python_operator.py
[2025-08-16T16:02:39.101+0200] {logging_mixin.py:188} INFO - [2025-08-16T16:02:39.101+0200] {dag.py:3096} INFO - Sync 1 DAGs
[2025-08-16T16:02:39.113+0200] {logging_mixin.py:188} INFO - [2025-08-16T16:02:39.113+0200] {dag.py:3954} INFO - Setting next_dagrun for example_python_operator to None, run_after=None
[2025-08-16T16:02:39.138+0200] {processor.py:183} INFO - Processing /home/leoja/airflow/airflow_venv/lib/python3.12/site-packages/airflow/example_dags/example_python_operator.py took 0.106 seconds
[2025-08-16T16:03:33.576+0200] {processor.py:161} INFO - Started process (PID=19465) to work on /home/leoja/airflow/airflow_venv/lib/python3.12/site-packages/airflow/example_dags/example_python_operator.py
[2025-08-16T16:03:33.578+0200] {processor.py:830} INFO - Processing file /home/leoja/airflow/airflow_venv/lib/python3.12/site-packages/airflow/example_dags/example_python_operator.py for tasks to queue
[2025-08-16T16:03:33.578+0200] {logging_mixin.py:188} INFO - [2025-08-16T16:03:33.578+0200] {dagbag.py:540} INFO - Filling up the DagBag from /home/leoja/airflow/airflow_venv/lib/python3.12/site-packages/airflow/example_dags/example_python_operator.py
[2025-08-16T16:03:33.630+0200] {logging_mixin.py:188} INFO - [2025-08-16T16:03:33.630+0200] {example_python_operator.py:93} WARNING - The virtalenv_python example task requires virtualenv, please install it.
[2025-08-16T16:03:33.631+0200] {processor.py:840} INFO - DAG(s) 'example_python_operator' retrieved from /home/leoja/airflow/airflow_venv/lib/python3.12/site-packages/airflow/example_dags/example_python_operator.py
[2025-08-16T16:03:33.649+0200] {logging_mixin.py:188} INFO - [2025-08-16T16:03:33.649+0200] {dag.py:3096} INFO - Sync 1 DAGs
[2025-08-16T16:03:33.661+0200] {logging_mixin.py:188} INFO - [2025-08-16T16:03:33.660+0200] {dag.py:3954} INFO - Setting next_dagrun for example_python_operator to None, run_after=None
[2025-08-16T16:03:33.712+0200] {processor.py:183} INFO - Processing /home/leoja/airflow/airflow_venv/lib/python3.12/site-packages/airflow/example_dags/example_python_operator.py took 0.145 seconds
[2025-08-16T16:04:25.869+0200] {processor.py:161} INFO - Started process (PID=19876) to work on /home/leoja/airflow/airflow_venv/lib/python3.12/site-packages/airflow/example_dags/example_python_operator.py
[2025-08-16T16:04:25.870+0200] {processor.py:830} INFO - Processing file /home/leoja/airflow/airflow_venv/lib/python3.12/site-packages/airflow/example_dags/example_python_operator.py for tasks to queue
[2025-08-16T16:04:25.871+0200] {logging_mixin.py:188} INFO - [2025-08-16T16:04:25.871+0200] {dagbag.py:540} INFO - Filling up the DagBag from /home/leoja/airflow/airflow_venv/lib/python3.12/site-packages/airflow/example_dags/example_python_operator.py
[2025-08-16T16:04:25.904+0200] {logging_mixin.py:188} INFO - [2025-08-16T16:04:25.903+0200] {example_python_operator.py:93} WARNING - The virtalenv_python example task requires virtualenv, please install it.
[2025-08-16T16:04:25.904+0200] {processor.py:840} INFO - DAG(s) 'example_python_operator' retrieved from /home/leoja/airflow/airflow_venv/lib/python3.12/site-packages/airflow/example_dags/example_python_operator.py
[2025-08-16T16:04:25.925+0200] {logging_mixin.py:188} INFO - [2025-08-16T16:04:25.924+0200] {dag.py:3096} INFO - Sync 1 DAGs
[2025-08-16T16:04:25.935+0200] {logging_mixin.py:188} INFO - [2025-08-16T16:04:25.935+0200] {dag.py:3954} INFO - Setting next_dagrun for example_python_operator to None, run_after=None
[2025-08-16T16:04:25.971+0200] {processor.py:183} INFO - Processing /home/leoja/airflow/airflow_venv/lib/python3.12/site-packages/airflow/example_dags/example_python_operator.py took 0.108 seconds
[2025-08-16T16:05:19.378+0200] {processor.py:161} INFO - Started process (PID=20421) to work on /home/leoja/airflow/airflow_venv/lib/python3.12/site-packages/airflow/example_dags/example_python_operator.py
[2025-08-16T16:05:19.380+0200] {processor.py:830} INFO - Processing file /home/leoja/airflow/airflow_venv/lib/python3.12/site-packages/airflow/example_dags/example_python_operator.py for tasks to queue
[2025-08-16T16:05:19.380+0200] {logging_mixin.py:188} INFO - [2025-08-16T16:05:19.380+0200] {dagbag.py:540} INFO - Filling up the DagBag from /home/leoja/airflow/airflow_venv/lib/python3.12/site-packages/airflow/example_dags/example_python_operator.py
[2025-08-16T16:05:19.421+0200] {logging_mixin.py:188} INFO - [2025-08-16T16:05:19.421+0200] {example_python_operator.py:93} WARNING - The virtalenv_python example task requires virtualenv, please install it.
[2025-08-16T16:05:19.422+0200] {processor.py:840} INFO - DAG(s) 'example_python_operator' retrieved from /home/leoja/airflow/airflow_venv/lib/python3.12/site-packages/airflow/example_dags/example_python_operator.py
[2025-08-16T16:05:19.437+0200] {logging_mixin.py:188} INFO - [2025-08-16T16:05:19.437+0200] {dag.py:3096} INFO - Sync 1 DAGs
[2025-08-16T16:05:19.447+0200] {logging_mixin.py:188} INFO - [2025-08-16T16:05:19.447+0200] {dag.py:3954} INFO - Setting next_dagrun for example_python_operator to None, run_after=None
[2025-08-16T16:05:19.473+0200] {processor.py:183} INFO - Processing /home/leoja/airflow/airflow_venv/lib/python3.12/site-packages/airflow/example_dags/example_python_operator.py took 0.100 seconds
[2025-08-16T16:06:25.759+0200] {processor.py:161} INFO - Started process (PID=20873) to work on /home/leoja/airflow/airflow_venv/lib/python3.12/site-packages/airflow/example_dags/example_python_operator.py
[2025-08-16T16:06:25.760+0200] {processor.py:830} INFO - Processing file /home/leoja/airflow/airflow_venv/lib/python3.12/site-packages/airflow/example_dags/example_python_operator.py for tasks to queue
[2025-08-16T16:06:25.761+0200] {logging_mixin.py:188} INFO - [2025-08-16T16:06:25.761+0200] {dagbag.py:540} INFO - Filling up the DagBag from /home/leoja/airflow/airflow_venv/lib/python3.12/site-packages/airflow/example_dags/example_python_operator.py
[2025-08-16T16:06:25.794+0200] {logging_mixin.py:188} INFO - [2025-08-16T16:06:25.793+0200] {example_python_operator.py:93} WARNING - The virtalenv_python example task requires virtualenv, please install it.
[2025-08-16T16:06:25.794+0200] {processor.py:840} INFO - DAG(s) 'example_python_operator' retrieved from /home/leoja/airflow/airflow_venv/lib/python3.12/site-packages/airflow/example_dags/example_python_operator.py
[2025-08-16T16:06:25.811+0200] {logging_mixin.py:188} INFO - [2025-08-16T16:06:25.810+0200] {dag.py:3096} INFO - Sync 1 DAGs
[2025-08-16T16:06:25.821+0200] {logging_mixin.py:188} INFO - [2025-08-16T16:06:25.821+0200] {dag.py:3954} INFO - Setting next_dagrun for example_python_operator to None, run_after=None
[2025-08-16T16:06:25.851+0200] {processor.py:183} INFO - Processing /home/leoja/airflow/airflow_venv/lib/python3.12/site-packages/airflow/example_dags/example_python_operator.py took 0.098 seconds
[2025-08-16T16:07:11.851+0200] {processor.py:161} INFO - Started process (PID=21120) to work on /home/leoja/airflow/airflow_venv/lib/python3.12/site-packages/airflow/example_dags/example_python_operator.py
[2025-08-16T16:07:11.852+0200] {processor.py:830} INFO - Processing file /home/leoja/airflow/airflow_venv/lib/python3.12/site-packages/airflow/example_dags/example_python_operator.py for tasks to queue
[2025-08-16T16:07:11.854+0200] {logging_mixin.py:188} INFO - [2025-08-16T16:07:11.853+0200] {dagbag.py:540} INFO - Filling up the DagBag from /home/leoja/airflow/airflow_venv/lib/python3.12/site-packages/airflow/example_dags/example_python_operator.py
[2025-08-16T16:07:11.889+0200] {logging_mixin.py:188} INFO - [2025-08-16T16:07:11.888+0200] {example_python_operator.py:93} WARNING - The virtalenv_python example task requires virtualenv, please install it.
[2025-08-16T16:07:11.889+0200] {processor.py:840} INFO - DAG(s) 'example_python_operator' retrieved from /home/leoja/airflow/airflow_venv/lib/python3.12/site-packages/airflow/example_dags/example_python_operator.py
[2025-08-16T16:07:11.901+0200] {logging_mixin.py:188} INFO - [2025-08-16T16:07:11.901+0200] {dag.py:3096} INFO - Sync 1 DAGs
[2025-08-16T16:07:11.908+0200] {logging_mixin.py:188} INFO - [2025-08-16T16:07:11.908+0200] {dag.py:3954} INFO - Setting next_dagrun for example_python_operator to None, run_after=None
[2025-08-16T16:07:11.928+0200] {processor.py:183} INFO - Processing /home/leoja/airflow/airflow_venv/lib/python3.12/site-packages/airflow/example_dags/example_python_operator.py took 0.082 seconds
[2025-08-16T16:08:00.036+0200] {processor.py:161} INFO - Started process (PID=21436) to work on /home/leoja/airflow/airflow_venv/lib/python3.12/site-packages/airflow/example_dags/example_python_operator.py
[2025-08-16T16:08:00.046+0200] {processor.py:830} INFO - Processing file /home/leoja/airflow/airflow_venv/lib/python3.12/site-packages/airflow/example_dags/example_python_operator.py for tasks to queue
[2025-08-16T16:08:00.047+0200] {logging_mixin.py:188} INFO - [2025-08-16T16:08:00.047+0200] {dagbag.py:540} INFO - Filling up the DagBag from /home/leoja/airflow/airflow_venv/lib/python3.12/site-packages/airflow/example_dags/example_python_operator.py
[2025-08-16T16:08:00.211+0200] {logging_mixin.py:188} INFO - [2025-08-16T16:08:00.210+0200] {example_python_operator.py:93} WARNING - The virtalenv_python example task requires virtualenv, please install it.
[2025-08-16T16:08:00.212+0200] {processor.py:840} INFO - DAG(s) 'example_python_operator' retrieved from /home/leoja/airflow/airflow_venv/lib/python3.12/site-packages/airflow/example_dags/example_python_operator.py
[2025-08-16T16:08:00.254+0200] {logging_mixin.py:188} INFO - [2025-08-16T16:08:00.254+0200] {dag.py:3096} INFO - Sync 1 DAGs
[2025-08-16T16:08:00.296+0200] {logging_mixin.py:188} INFO - [2025-08-16T16:08:00.296+0200] {dag.py:3954} INFO - Setting next_dagrun for example_python_operator to None, run_after=None
[2025-08-16T16:08:00.509+0200] {processor.py:183} INFO - Processing /home/leoja/airflow/airflow_venv/lib/python3.12/site-packages/airflow/example_dags/example_python_operator.py took 0.474 seconds
[2025-08-16T16:09:14.603+0200] {processor.py:161} INFO - Started process (PID=21798) to work on /home/leoja/airflow/airflow_venv/lib/python3.12/site-packages/airflow/example_dags/example_python_operator.py
[2025-08-16T16:09:14.606+0200] {processor.py:830} INFO - Processing file /home/leoja/airflow/airflow_venv/lib/python3.12/site-packages/airflow/example_dags/example_python_operator.py for tasks to queue
[2025-08-16T16:09:14.607+0200] {logging_mixin.py:188} INFO - [2025-08-16T16:09:14.607+0200] {dagbag.py:540} INFO - Filling up the DagBag from /home/leoja/airflow/airflow_venv/lib/python3.12/site-packages/airflow/example_dags/example_python_operator.py
[2025-08-16T16:09:14.671+0200] {logging_mixin.py:188} INFO - [2025-08-16T16:09:14.670+0200] {example_python_operator.py:93} WARNING - The virtalenv_python example task requires virtualenv, please install it.
[2025-08-16T16:09:14.671+0200] {processor.py:840} INFO - DAG(s) 'example_python_operator' retrieved from /home/leoja/airflow/airflow_venv/lib/python3.12/site-packages/airflow/example_dags/example_python_operator.py
[2025-08-16T16:09:14.688+0200] {logging_mixin.py:188} INFO - [2025-08-16T16:09:14.688+0200] {dag.py:3096} INFO - Sync 1 DAGs
[2025-08-16T16:09:14.698+0200] {logging_mixin.py:188} INFO - [2025-08-16T16:09:14.698+0200] {dag.py:3954} INFO - Setting next_dagrun for example_python_operator to None, run_after=None
[2025-08-16T16:09:14.728+0200] {processor.py:183} INFO - Processing /home/leoja/airflow/airflow_venv/lib/python3.12/site-packages/airflow/example_dags/example_python_operator.py took 0.134 seconds
[2025-08-16T16:10:12.725+0200] {processor.py:161} INFO - Started process (PID=22131) to work on /home/leoja/airflow/airflow_venv/lib/python3.12/site-packages/airflow/example_dags/example_python_operator.py
[2025-08-16T16:10:12.727+0200] {processor.py:830} INFO - Processing file /home/leoja/airflow/airflow_venv/lib/python3.12/site-packages/airflow/example_dags/example_python_operator.py for tasks to queue
[2025-08-16T16:10:12.729+0200] {logging_mixin.py:188} INFO - [2025-08-16T16:10:12.728+0200] {dagbag.py:540} INFO - Filling up the DagBag from /home/leoja/airflow/airflow_venv/lib/python3.12/site-packages/airflow/example_dags/example_python_operator.py
[2025-08-16T16:10:12.906+0200] {logging_mixin.py:188} INFO - [2025-08-16T16:10:12.905+0200] {example_python_operator.py:93} WARNING - The virtalenv_python example task requires virtualenv, please install it.
[2025-08-16T16:10:12.907+0200] {processor.py:840} INFO - DAG(s) 'example_python_operator' retrieved from /home/leoja/airflow/airflow_venv/lib/python3.12/site-packages/airflow/example_dags/example_python_operator.py
[2025-08-16T16:10:12.952+0200] {logging_mixin.py:188} INFO - [2025-08-16T16:10:12.952+0200] {dag.py:3096} INFO - Sync 1 DAGs
[2025-08-16T16:10:12.988+0200] {logging_mixin.py:188} INFO - [2025-08-16T16:10:12.988+0200] {dag.py:3954} INFO - Setting next_dagrun for example_python_operator to None, run_after=None
[2025-08-16T16:10:13.090+0200] {processor.py:183} INFO - Processing /home/leoja/airflow/airflow_venv/lib/python3.12/site-packages/airflow/example_dags/example_python_operator.py took 0.385 seconds
[2025-08-16T16:11:12.465+0200] {processor.py:161} INFO - Started process (PID=22464) to work on /home/leoja/airflow/airflow_venv/lib/python3.12/site-packages/airflow/example_dags/example_python_operator.py
[2025-08-16T16:11:12.469+0200] {processor.py:830} INFO - Processing file /home/leoja/airflow/airflow_venv/lib/python3.12/site-packages/airflow/example_dags/example_python_operator.py for tasks to queue
[2025-08-16T16:11:12.472+0200] {logging_mixin.py:188} INFO - [2025-08-16T16:11:12.471+0200] {dagbag.py:540} INFO - Filling up the DagBag from /home/leoja/airflow/airflow_venv/lib/python3.12/site-packages/airflow/example_dags/example_python_operator.py
[2025-08-16T16:11:13.388+0200] {logging_mixin.py:188} INFO - [2025-08-16T16:11:13.388+0200] {example_python_operator.py:93} WARNING - The virtalenv_python example task requires virtualenv, please install it.
[2025-08-16T16:11:13.390+0200] {processor.py:840} INFO - DAG(s) 'example_python_operator' retrieved from /home/leoja/airflow/airflow_venv/lib/python3.12/site-packages/airflow/example_dags/example_python_operator.py
[2025-08-16T16:11:13.437+0200] {logging_mixin.py:188} INFO - [2025-08-16T16:11:13.436+0200] {dag.py:3096} INFO - Sync 1 DAGs
[2025-08-16T16:11:13.466+0200] {logging_mixin.py:188} INFO - [2025-08-16T16:11:13.466+0200] {dag.py:3954} INFO - Setting next_dagrun for example_python_operator to None, run_after=None
[2025-08-16T16:11:13.608+0200] {processor.py:183} INFO - Processing /home/leoja/airflow/airflow_venv/lib/python3.12/site-packages/airflow/example_dags/example_python_operator.py took 1.173 seconds
[2025-08-16T16:12:28.758+0200] {processor.py:161} INFO - Started process (PID=22870) to work on /home/leoja/airflow/airflow_venv/lib/python3.12/site-packages/airflow/example_dags/example_python_operator.py
[2025-08-16T16:12:28.759+0200] {processor.py:830} INFO - Processing file /home/leoja/airflow/airflow_venv/lib/python3.12/site-packages/airflow/example_dags/example_python_operator.py for tasks to queue
[2025-08-16T16:12:28.761+0200] {logging_mixin.py:188} INFO - [2025-08-16T16:12:28.760+0200] {dagbag.py:540} INFO - Filling up the DagBag from /home/leoja/airflow/airflow_venv/lib/python3.12/site-packages/airflow/example_dags/example_python_operator.py
[2025-08-16T16:12:28.941+0200] {logging_mixin.py:188} INFO - [2025-08-16T16:12:28.940+0200] {example_python_operator.py:93} WARNING - The virtalenv_python example task requires virtualenv, please install it.
[2025-08-16T16:12:28.942+0200] {processor.py:840} INFO - DAG(s) 'example_python_operator' retrieved from /home/leoja/airflow/airflow_venv/lib/python3.12/site-packages/airflow/example_dags/example_python_operator.py
[2025-08-16T16:12:28.981+0200] {logging_mixin.py:188} INFO - [2025-08-16T16:12:28.980+0200] {dag.py:3096} INFO - Sync 1 DAGs
[2025-08-16T16:12:29.004+0200] {logging_mixin.py:188} INFO - [2025-08-16T16:12:29.003+0200] {dag.py:3954} INFO - Setting next_dagrun for example_python_operator to None, run_after=None
[2025-08-16T16:12:29.055+0200] {processor.py:183} INFO - Processing /home/leoja/airflow/airflow_venv/lib/python3.12/site-packages/airflow/example_dags/example_python_operator.py took 0.316 seconds
[2025-08-16T16:13:40.364+0200] {processor.py:161} INFO - Started process (PID=23273) to work on /home/leoja/airflow/airflow_venv/lib/python3.12/site-packages/airflow/example_dags/example_python_operator.py
[2025-08-16T16:13:40.366+0200] {processor.py:830} INFO - Processing file /home/leoja/airflow/airflow_venv/lib/python3.12/site-packages/airflow/example_dags/example_python_operator.py for tasks to queue
[2025-08-16T16:13:40.371+0200] {logging_mixin.py:188} INFO - [2025-08-16T16:13:40.369+0200] {dagbag.py:540} INFO - Filling up the DagBag from /home/leoja/airflow/airflow_venv/lib/python3.12/site-packages/airflow/example_dags/example_python_operator.py
[2025-08-16T16:13:40.462+0200] {logging_mixin.py:188} INFO - [2025-08-16T16:13:40.462+0200] {example_python_operator.py:93} WARNING - The virtalenv_python example task requires virtualenv, please install it.
[2025-08-16T16:13:40.463+0200] {processor.py:840} INFO - DAG(s) 'example_python_operator' retrieved from /home/leoja/airflow/airflow_venv/lib/python3.12/site-packages/airflow/example_dags/example_python_operator.py
[2025-08-16T16:13:40.498+0200] {logging_mixin.py:188} INFO - [2025-08-16T16:13:40.497+0200] {dag.py:3096} INFO - Sync 1 DAGs
[2025-08-16T16:13:40.524+0200] {logging_mixin.py:188} INFO - [2025-08-16T16:13:40.523+0200] {dag.py:3954} INFO - Setting next_dagrun for example_python_operator to None, run_after=None
[2025-08-16T16:13:40.576+0200] {processor.py:183} INFO - Processing /home/leoja/airflow/airflow_venv/lib/python3.12/site-packages/airflow/example_dags/example_python_operator.py took 0.226 seconds
[2025-08-16T16:15:15.958+0200] {processor.py:161} INFO - Started process (PID=23736) to work on /home/leoja/airflow/airflow_venv/lib/python3.12/site-packages/airflow/example_dags/example_python_operator.py
[2025-08-16T16:15:15.992+0200] {processor.py:830} INFO - Processing file /home/leoja/airflow/airflow_venv/lib/python3.12/site-packages/airflow/example_dags/example_python_operator.py for tasks to queue
[2025-08-16T16:15:15.994+0200] {logging_mixin.py:188} INFO - [2025-08-16T16:15:15.993+0200] {dagbag.py:540} INFO - Filling up the DagBag from /home/leoja/airflow/airflow_venv/lib/python3.12/site-packages/airflow/example_dags/example_python_operator.py
[2025-08-16T16:15:16.360+0200] {logging_mixin.py:188} INFO - [2025-08-16T16:15:16.359+0200] {example_python_operator.py:93} WARNING - The virtalenv_python example task requires virtualenv, please install it.
[2025-08-16T16:15:16.361+0200] {processor.py:840} INFO - DAG(s) 'example_python_operator' retrieved from /home/leoja/airflow/airflow_venv/lib/python3.12/site-packages/airflow/example_dags/example_python_operator.py
[2025-08-16T16:15:16.461+0200] {logging_mixin.py:188} INFO - [2025-08-16T16:15:16.460+0200] {dag.py:3096} INFO - Sync 1 DAGs
[2025-08-16T16:15:16.497+0200] {logging_mixin.py:188} INFO - [2025-08-16T16:15:16.496+0200] {dag.py:3954} INFO - Setting next_dagrun for example_python_operator to None, run_after=None
[2025-08-16T16:15:16.736+0200] {processor.py:183} INFO - Processing /home/leoja/airflow/airflow_venv/lib/python3.12/site-packages/airflow/example_dags/example_python_operator.py took 0.785 seconds
