[2025-08-16T14:16:46.515+0200] {processor.py:161} INFO - Started process (PID=4074) to work on /home/leoja/airflow/airflow_venv/lib/python3.12/site-packages/airflow/example_dags/example_trigger_controller_dag.py
[2025-08-16T14:16:46.515+0200] {processor.py:830} INFO - Processing file /home/leoja/airflow/airflow_venv/lib/python3.12/site-packages/airflow/example_dags/example_trigger_controller_dag.py for tasks to queue
[2025-08-16T14:16:46.516+0200] {logging_mixin.py:188} INFO - [2025-08-16T14:16:46.516+0200] {dagbag.py:540} INFO - Filling up the DagBag from /home/leoja/airflow/airflow_venv/lib/python3.12/site-packages/airflow/example_dags/example_trigger_controller_dag.py
[2025-08-16T14:16:46.522+0200] {processor.py:840} INFO - DAG(s) 'example_trigger_controller_dag' retrieved from /home/leoja/airflow/airflow_venv/lib/python3.12/site-packages/airflow/example_dags/example_trigger_controller_dag.py
[2025-08-16T14:16:46.598+0200] {logging_mixin.py:188} INFO - [2025-08-16T14:16:46.598+0200] {dag.py:3096} INFO - Sync 1 DAGs
[2025-08-16T14:16:46.608+0200] {logging_mixin.py:188} INFO - [2025-08-16T14:16:46.607+0200] {dag.py:3954} INFO - Setting next_dagrun for example_trigger_controller_dag to 2021-01-01 00:00:00+00:00, run_after=2021-01-01 00:00:00+00:00
[2025-08-16T14:16:46.635+0200] {processor.py:183} INFO - Processing /home/leoja/airflow/airflow_venv/lib/python3.12/site-packages/airflow/example_dags/example_trigger_controller_dag.py took 0.125 seconds
[2025-08-16T14:17:39.943+0200] {processor.py:161} INFO - Started process (PID=4286) to work on /home/leoja/airflow/airflow_venv/lib/python3.12/site-packages/airflow/example_dags/example_trigger_controller_dag.py
[2025-08-16T14:17:39.945+0200] {processor.py:830} INFO - Processing file /home/leoja/airflow/airflow_venv/lib/python3.12/site-packages/airflow/example_dags/example_trigger_controller_dag.py for tasks to queue
[2025-08-16T14:17:39.946+0200] {logging_mixin.py:188} INFO - [2025-08-16T14:17:39.945+0200] {dagbag.py:540} INFO - Filling up the DagBag from /home/leoja/airflow/airflow_venv/lib/python3.12/site-packages/airflow/example_dags/example_trigger_controller_dag.py
[2025-08-16T14:17:39.949+0200] {processor.py:840} INFO - DAG(s) 'example_trigger_controller_dag' retrieved from /home/leoja/airflow/airflow_venv/lib/python3.12/site-packages/airflow/example_dags/example_trigger_controller_dag.py
[2025-08-16T14:17:39.962+0200] {logging_mixin.py:188} INFO - [2025-08-16T14:17:39.962+0200] {dag.py:3096} INFO - Sync 1 DAGs
[2025-08-16T14:17:39.976+0200] {logging_mixin.py:188} INFO - [2025-08-16T14:17:39.976+0200] {dag.py:3954} INFO - Setting next_dagrun for example_trigger_controller_dag to 2021-01-01 00:00:00+00:00, run_after=2021-01-01 00:00:00+00:00
[2025-08-16T14:17:40.000+0200] {processor.py:183} INFO - Processing /home/leoja/airflow/airflow_venv/lib/python3.12/site-packages/airflow/example_dags/example_trigger_controller_dag.py took 0.061 seconds
[2025-08-16T14:18:33.566+0200] {processor.py:161} INFO - Started process (PID=4469) to work on /home/leoja/airflow/airflow_venv/lib/python3.12/site-packages/airflow/example_dags/example_trigger_controller_dag.py
[2025-08-16T14:18:33.585+0200] {processor.py:830} INFO - Processing file /home/leoja/airflow/airflow_venv/lib/python3.12/site-packages/airflow/example_dags/example_trigger_controller_dag.py for tasks to queue
[2025-08-16T14:18:33.587+0200] {logging_mixin.py:188} INFO - [2025-08-16T14:18:33.586+0200] {dagbag.py:540} INFO - Filling up the DagBag from /home/leoja/airflow/airflow_venv/lib/python3.12/site-packages/airflow/example_dags/example_trigger_controller_dag.py
[2025-08-16T14:18:33.593+0200] {processor.py:840} INFO - DAG(s) 'example_trigger_controller_dag' retrieved from /home/leoja/airflow/airflow_venv/lib/python3.12/site-packages/airflow/example_dags/example_trigger_controller_dag.py
[2025-08-16T14:18:33.606+0200] {logging_mixin.py:188} INFO - [2025-08-16T14:18:33.606+0200] {dag.py:3096} INFO - Sync 1 DAGs
[2025-08-16T14:18:33.620+0200] {logging_mixin.py:188} INFO - [2025-08-16T14:18:33.620+0200] {dag.py:3954} INFO - Setting next_dagrun for example_trigger_controller_dag to 2021-01-01 00:00:00+00:00, run_after=2021-01-01 00:00:00+00:00
[2025-08-16T14:18:33.662+0200] {processor.py:183} INFO - Processing /home/leoja/airflow/airflow_venv/lib/python3.12/site-packages/airflow/example_dags/example_trigger_controller_dag.py took 0.101 seconds
[2025-08-16T14:19:23.379+0200] {processor.py:161} INFO - Started process (PID=4779) to work on /home/leoja/airflow/airflow_venv/lib/python3.12/site-packages/airflow/example_dags/example_trigger_controller_dag.py
[2025-08-16T14:19:23.388+0200] {processor.py:830} INFO - Processing file /home/leoja/airflow/airflow_venv/lib/python3.12/site-packages/airflow/example_dags/example_trigger_controller_dag.py for tasks to queue
[2025-08-16T14:19:23.389+0200] {logging_mixin.py:188} INFO - [2025-08-16T14:19:23.389+0200] {dagbag.py:540} INFO - Filling up the DagBag from /home/leoja/airflow/airflow_venv/lib/python3.12/site-packages/airflow/example_dags/example_trigger_controller_dag.py
[2025-08-16T14:19:23.392+0200] {processor.py:840} INFO - DAG(s) 'example_trigger_controller_dag' retrieved from /home/leoja/airflow/airflow_venv/lib/python3.12/site-packages/airflow/example_dags/example_trigger_controller_dag.py
[2025-08-16T14:19:23.407+0200] {logging_mixin.py:188} INFO - [2025-08-16T14:19:23.406+0200] {dag.py:3096} INFO - Sync 1 DAGs
[2025-08-16T14:19:23.420+0200] {logging_mixin.py:188} INFO - [2025-08-16T14:19:23.420+0200] {dag.py:3954} INFO - Setting next_dagrun for example_trigger_controller_dag to 2021-01-01 00:00:00+00:00, run_after=2021-01-01 00:00:00+00:00
[2025-08-16T14:19:23.455+0200] {processor.py:183} INFO - Processing /home/leoja/airflow/airflow_venv/lib/python3.12/site-packages/airflow/example_dags/example_trigger_controller_dag.py took 0.082 seconds
[2025-08-16T14:20:29.087+0200] {processor.py:161} INFO - Started process (PID=5134) to work on /home/leoja/airflow/airflow_venv/lib/python3.12/site-packages/airflow/example_dags/example_trigger_controller_dag.py
[2025-08-16T14:20:29.090+0200] {processor.py:830} INFO - Processing file /home/leoja/airflow/airflow_venv/lib/python3.12/site-packages/airflow/example_dags/example_trigger_controller_dag.py for tasks to queue
[2025-08-16T14:20:29.091+0200] {logging_mixin.py:188} INFO - [2025-08-16T14:20:29.090+0200] {dagbag.py:540} INFO - Filling up the DagBag from /home/leoja/airflow/airflow_venv/lib/python3.12/site-packages/airflow/example_dags/example_trigger_controller_dag.py
[2025-08-16T14:20:29.097+0200] {processor.py:840} INFO - DAG(s) 'example_trigger_controller_dag' retrieved from /home/leoja/airflow/airflow_venv/lib/python3.12/site-packages/airflow/example_dags/example_trigger_controller_dag.py
[2025-08-16T14:20:29.119+0200] {logging_mixin.py:188} INFO - [2025-08-16T14:20:29.118+0200] {dag.py:3096} INFO - Sync 1 DAGs
[2025-08-16T14:20:29.137+0200] {logging_mixin.py:188} INFO - [2025-08-16T14:20:29.136+0200] {dag.py:3954} INFO - Setting next_dagrun for example_trigger_controller_dag to 2021-01-01 00:00:00+00:00, run_after=2021-01-01 00:00:00+00:00
[2025-08-16T14:20:29.160+0200] {processor.py:183} INFO - Processing /home/leoja/airflow/airflow_venv/lib/python3.12/site-packages/airflow/example_dags/example_trigger_controller_dag.py took 0.081 seconds
[2025-08-16T14:21:43.118+0200] {processor.py:161} INFO - Started process (PID=5592) to work on /home/leoja/airflow/airflow_venv/lib/python3.12/site-packages/airflow/example_dags/example_trigger_controller_dag.py
[2025-08-16T14:21:43.131+0200] {processor.py:830} INFO - Processing file /home/leoja/airflow/airflow_venv/lib/python3.12/site-packages/airflow/example_dags/example_trigger_controller_dag.py for tasks to queue
[2025-08-16T14:21:43.132+0200] {logging_mixin.py:188} INFO - [2025-08-16T14:21:43.131+0200] {dagbag.py:540} INFO - Filling up the DagBag from /home/leoja/airflow/airflow_venv/lib/python3.12/site-packages/airflow/example_dags/example_trigger_controller_dag.py
[2025-08-16T14:21:43.136+0200] {processor.py:840} INFO - DAG(s) 'example_trigger_controller_dag' retrieved from /home/leoja/airflow/airflow_venv/lib/python3.12/site-packages/airflow/example_dags/example_trigger_controller_dag.py
[2025-08-16T14:21:43.150+0200] {logging_mixin.py:188} INFO - [2025-08-16T14:21:43.150+0200] {dag.py:3096} INFO - Sync 1 DAGs
[2025-08-16T14:21:43.162+0200] {logging_mixin.py:188} INFO - [2025-08-16T14:21:43.162+0200] {dag.py:3954} INFO - Setting next_dagrun for example_trigger_controller_dag to 2021-01-01 00:00:00+00:00, run_after=2021-01-01 00:00:00+00:00
[2025-08-16T14:21:43.196+0200] {processor.py:183} INFO - Processing /home/leoja/airflow/airflow_venv/lib/python3.12/site-packages/airflow/example_dags/example_trigger_controller_dag.py took 0.083 seconds
[2025-08-16T14:22:33.139+0200] {processor.py:161} INFO - Started process (PID=5866) to work on /home/leoja/airflow/airflow_venv/lib/python3.12/site-packages/airflow/example_dags/example_trigger_controller_dag.py
[2025-08-16T14:22:33.141+0200] {processor.py:830} INFO - Processing file /home/leoja/airflow/airflow_venv/lib/python3.12/site-packages/airflow/example_dags/example_trigger_controller_dag.py for tasks to queue
[2025-08-16T14:22:33.142+0200] {logging_mixin.py:188} INFO - [2025-08-16T14:22:33.141+0200] {dagbag.py:540} INFO - Filling up the DagBag from /home/leoja/airflow/airflow_venv/lib/python3.12/site-packages/airflow/example_dags/example_trigger_controller_dag.py
[2025-08-16T14:22:33.146+0200] {processor.py:840} INFO - DAG(s) 'example_trigger_controller_dag' retrieved from /home/leoja/airflow/airflow_venv/lib/python3.12/site-packages/airflow/example_dags/example_trigger_controller_dag.py
[2025-08-16T14:22:33.160+0200] {logging_mixin.py:188} INFO - [2025-08-16T14:22:33.160+0200] {dag.py:3096} INFO - Sync 1 DAGs
[2025-08-16T14:22:33.175+0200] {logging_mixin.py:188} INFO - [2025-08-16T14:22:33.175+0200] {dag.py:3954} INFO - Setting next_dagrun for example_trigger_controller_dag to 2021-01-01 00:00:00+00:00, run_after=2021-01-01 00:00:00+00:00
[2025-08-16T14:22:33.224+0200] {processor.py:183} INFO - Processing /home/leoja/airflow/airflow_venv/lib/python3.12/site-packages/airflow/example_dags/example_trigger_controller_dag.py took 0.090 seconds
[2025-08-16T14:23:44.118+0200] {processor.py:161} INFO - Started process (PID=6273) to work on /home/leoja/airflow/airflow_venv/lib/python3.12/site-packages/airflow/example_dags/example_trigger_controller_dag.py
[2025-08-16T14:23:44.126+0200] {processor.py:830} INFO - Processing file /home/leoja/airflow/airflow_venv/lib/python3.12/site-packages/airflow/example_dags/example_trigger_controller_dag.py for tasks to queue
[2025-08-16T14:23:44.126+0200] {logging_mixin.py:188} INFO - [2025-08-16T14:23:44.126+0200] {dagbag.py:540} INFO - Filling up the DagBag from /home/leoja/airflow/airflow_venv/lib/python3.12/site-packages/airflow/example_dags/example_trigger_controller_dag.py
[2025-08-16T14:23:44.131+0200] {processor.py:840} INFO - DAG(s) 'example_trigger_controller_dag' retrieved from /home/leoja/airflow/airflow_venv/lib/python3.12/site-packages/airflow/example_dags/example_trigger_controller_dag.py
[2025-08-16T14:23:44.143+0200] {logging_mixin.py:188} INFO - [2025-08-16T14:23:44.143+0200] {dag.py:3096} INFO - Sync 1 DAGs
[2025-08-16T14:23:44.155+0200] {logging_mixin.py:188} INFO - [2025-08-16T14:23:44.155+0200] {dag.py:3954} INFO - Setting next_dagrun for example_trigger_controller_dag to 2021-01-01 00:00:00+00:00, run_after=2021-01-01 00:00:00+00:00
[2025-08-16T14:23:44.185+0200] {processor.py:183} INFO - Processing /home/leoja/airflow/airflow_venv/lib/python3.12/site-packages/airflow/example_dags/example_trigger_controller_dag.py took 0.074 seconds
[2025-08-16T14:24:35.728+0200] {processor.py:161} INFO - Started process (PID=6580) to work on /home/leoja/airflow/airflow_venv/lib/python3.12/site-packages/airflow/example_dags/example_trigger_controller_dag.py
[2025-08-16T14:24:35.729+0200] {processor.py:830} INFO - Processing file /home/leoja/airflow/airflow_venv/lib/python3.12/site-packages/airflow/example_dags/example_trigger_controller_dag.py for tasks to queue
[2025-08-16T14:24:35.730+0200] {logging_mixin.py:188} INFO - [2025-08-16T14:24:35.730+0200] {dagbag.py:540} INFO - Filling up the DagBag from /home/leoja/airflow/airflow_venv/lib/python3.12/site-packages/airflow/example_dags/example_trigger_controller_dag.py
[2025-08-16T14:24:35.736+0200] {processor.py:840} INFO - DAG(s) 'example_trigger_controller_dag' retrieved from /home/leoja/airflow/airflow_venv/lib/python3.12/site-packages/airflow/example_dags/example_trigger_controller_dag.py
[2025-08-16T14:24:35.751+0200] {logging_mixin.py:188} INFO - [2025-08-16T14:24:35.750+0200] {dag.py:3096} INFO - Sync 1 DAGs
[2025-08-16T14:24:35.763+0200] {logging_mixin.py:188} INFO - [2025-08-16T14:24:35.763+0200] {dag.py:3954} INFO - Setting next_dagrun for example_trigger_controller_dag to 2021-01-01 00:00:00+00:00, run_after=2021-01-01 00:00:00+00:00
[2025-08-16T14:24:35.792+0200] {processor.py:183} INFO - Processing /home/leoja/airflow/airflow_venv/lib/python3.12/site-packages/airflow/example_dags/example_trigger_controller_dag.py took 0.069 seconds
[2025-08-16T14:25:44.238+0200] {processor.py:161} INFO - Started process (PID=6931) to work on /home/leoja/airflow/airflow_venv/lib/python3.12/site-packages/airflow/example_dags/example_trigger_controller_dag.py
[2025-08-16T14:25:44.241+0200] {processor.py:830} INFO - Processing file /home/leoja/airflow/airflow_venv/lib/python3.12/site-packages/airflow/example_dags/example_trigger_controller_dag.py for tasks to queue
[2025-08-16T14:25:44.242+0200] {logging_mixin.py:188} INFO - [2025-08-16T14:25:44.242+0200] {dagbag.py:540} INFO - Filling up the DagBag from /home/leoja/airflow/airflow_venv/lib/python3.12/site-packages/airflow/example_dags/example_trigger_controller_dag.py
[2025-08-16T14:25:44.246+0200] {processor.py:840} INFO - DAG(s) 'example_trigger_controller_dag' retrieved from /home/leoja/airflow/airflow_venv/lib/python3.12/site-packages/airflow/example_dags/example_trigger_controller_dag.py
[2025-08-16T14:25:44.258+0200] {logging_mixin.py:188} INFO - [2025-08-16T14:25:44.258+0200] {dag.py:3096} INFO - Sync 1 DAGs
[2025-08-16T14:25:44.270+0200] {logging_mixin.py:188} INFO - [2025-08-16T14:25:44.270+0200] {dag.py:3954} INFO - Setting next_dagrun for example_trigger_controller_dag to 2021-01-01 00:00:00+00:00, run_after=2021-01-01 00:00:00+00:00
[2025-08-16T14:25:44.308+0200] {processor.py:183} INFO - Processing /home/leoja/airflow/airflow_venv/lib/python3.12/site-packages/airflow/example_dags/example_trigger_controller_dag.py took 0.075 seconds
[2025-08-16T14:26:34.496+0200] {processor.py:161} INFO - Started process (PID=7252) to work on /home/leoja/airflow/airflow_venv/lib/python3.12/site-packages/airflow/example_dags/example_trigger_controller_dag.py
[2025-08-16T14:26:34.498+0200] {processor.py:830} INFO - Processing file /home/leoja/airflow/airflow_venv/lib/python3.12/site-packages/airflow/example_dags/example_trigger_controller_dag.py for tasks to queue
[2025-08-16T14:26:34.498+0200] {logging_mixin.py:188} INFO - [2025-08-16T14:26:34.498+0200] {dagbag.py:540} INFO - Filling up the DagBag from /home/leoja/airflow/airflow_venv/lib/python3.12/site-packages/airflow/example_dags/example_trigger_controller_dag.py
[2025-08-16T14:26:34.503+0200] {processor.py:840} INFO - DAG(s) 'example_trigger_controller_dag' retrieved from /home/leoja/airflow/airflow_venv/lib/python3.12/site-packages/airflow/example_dags/example_trigger_controller_dag.py
[2025-08-16T14:26:34.519+0200] {logging_mixin.py:188} INFO - [2025-08-16T14:26:34.518+0200] {dag.py:3096} INFO - Sync 1 DAGs
[2025-08-16T14:26:34.531+0200] {logging_mixin.py:188} INFO - [2025-08-16T14:26:34.531+0200] {dag.py:3954} INFO - Setting next_dagrun for example_trigger_controller_dag to 2021-01-01 00:00:00+00:00, run_after=2021-01-01 00:00:00+00:00
[2025-08-16T14:26:34.551+0200] {processor.py:183} INFO - Processing /home/leoja/airflow/airflow_venv/lib/python3.12/site-packages/airflow/example_dags/example_trigger_controller_dag.py took 0.061 seconds
[2025-08-16T14:27:25.709+0200] {processor.py:161} INFO - Started process (PID=7560) to work on /home/leoja/airflow/airflow_venv/lib/python3.12/site-packages/airflow/example_dags/example_trigger_controller_dag.py
[2025-08-16T14:27:25.710+0200] {processor.py:830} INFO - Processing file /home/leoja/airflow/airflow_venv/lib/python3.12/site-packages/airflow/example_dags/example_trigger_controller_dag.py for tasks to queue
[2025-08-16T14:27:25.711+0200] {logging_mixin.py:188} INFO - [2025-08-16T14:27:25.711+0200] {dagbag.py:540} INFO - Filling up the DagBag from /home/leoja/airflow/airflow_venv/lib/python3.12/site-packages/airflow/example_dags/example_trigger_controller_dag.py
[2025-08-16T14:27:25.716+0200] {processor.py:840} INFO - DAG(s) 'example_trigger_controller_dag' retrieved from /home/leoja/airflow/airflow_venv/lib/python3.12/site-packages/airflow/example_dags/example_trigger_controller_dag.py
[2025-08-16T14:27:25.729+0200] {logging_mixin.py:188} INFO - [2025-08-16T14:27:25.728+0200] {dag.py:3096} INFO - Sync 1 DAGs
[2025-08-16T14:27:25.744+0200] {logging_mixin.py:188} INFO - [2025-08-16T14:27:25.743+0200] {dag.py:3954} INFO - Setting next_dagrun for example_trigger_controller_dag to 2021-01-01 00:00:00+00:00, run_after=2021-01-01 00:00:00+00:00
[2025-08-16T14:27:25.768+0200] {processor.py:183} INFO - Processing /home/leoja/airflow/airflow_venv/lib/python3.12/site-packages/airflow/example_dags/example_trigger_controller_dag.py took 0.065 seconds
[2025-08-16T14:28:13.742+0200] {processor.py:161} INFO - Started process (PID=7833) to work on /home/leoja/airflow/airflow_venv/lib/python3.12/site-packages/airflow/example_dags/example_trigger_controller_dag.py
[2025-08-16T14:28:13.743+0200] {processor.py:830} INFO - Processing file /home/leoja/airflow/airflow_venv/lib/python3.12/site-packages/airflow/example_dags/example_trigger_controller_dag.py for tasks to queue
[2025-08-16T14:28:13.745+0200] {logging_mixin.py:188} INFO - [2025-08-16T14:28:13.744+0200] {dagbag.py:540} INFO - Filling up the DagBag from /home/leoja/airflow/airflow_venv/lib/python3.12/site-packages/airflow/example_dags/example_trigger_controller_dag.py
[2025-08-16T14:28:13.749+0200] {processor.py:840} INFO - DAG(s) 'example_trigger_controller_dag' retrieved from /home/leoja/airflow/airflow_venv/lib/python3.12/site-packages/airflow/example_dags/example_trigger_controller_dag.py
[2025-08-16T14:28:13.761+0200] {logging_mixin.py:188} INFO - [2025-08-16T14:28:13.760+0200] {dag.py:3096} INFO - Sync 1 DAGs
[2025-08-16T14:28:13.775+0200] {logging_mixin.py:188} INFO - [2025-08-16T14:28:13.774+0200] {dag.py:3954} INFO - Setting next_dagrun for example_trigger_controller_dag to 2021-01-01 00:00:00+00:00, run_after=2021-01-01 00:00:00+00:00
[2025-08-16T14:28:13.798+0200] {processor.py:183} INFO - Processing /home/leoja/airflow/airflow_venv/lib/python3.12/site-packages/airflow/example_dags/example_trigger_controller_dag.py took 0.060 seconds
[2025-08-16T14:29:06.168+0200] {processor.py:161} INFO - Started process (PID=8111) to work on /home/leoja/airflow/airflow_venv/lib/python3.12/site-packages/airflow/example_dags/example_trigger_controller_dag.py
[2025-08-16T14:29:06.169+0200] {processor.py:830} INFO - Processing file /home/leoja/airflow/airflow_venv/lib/python3.12/site-packages/airflow/example_dags/example_trigger_controller_dag.py for tasks to queue
[2025-08-16T14:29:06.170+0200] {logging_mixin.py:188} INFO - [2025-08-16T14:29:06.169+0200] {dagbag.py:540} INFO - Filling up the DagBag from /home/leoja/airflow/airflow_venv/lib/python3.12/site-packages/airflow/example_dags/example_trigger_controller_dag.py
[2025-08-16T14:29:06.173+0200] {processor.py:840} INFO - DAG(s) 'example_trigger_controller_dag' retrieved from /home/leoja/airflow/airflow_venv/lib/python3.12/site-packages/airflow/example_dags/example_trigger_controller_dag.py
[2025-08-16T14:29:06.192+0200] {logging_mixin.py:188} INFO - [2025-08-16T14:29:06.191+0200] {dag.py:3096} INFO - Sync 1 DAGs
[2025-08-16T14:29:06.209+0200] {logging_mixin.py:188} INFO - [2025-08-16T14:29:06.208+0200] {dag.py:3954} INFO - Setting next_dagrun for example_trigger_controller_dag to 2021-01-01 00:00:00+00:00, run_after=2021-01-01 00:00:00+00:00
[2025-08-16T14:29:06.231+0200] {processor.py:183} INFO - Processing /home/leoja/airflow/airflow_venv/lib/python3.12/site-packages/airflow/example_dags/example_trigger_controller_dag.py took 0.071 seconds
[2025-08-16T14:30:16.335+0200] {processor.py:161} INFO - Started process (PID=8568) to work on /home/leoja/airflow/airflow_venv/lib/python3.12/site-packages/airflow/example_dags/example_trigger_controller_dag.py
[2025-08-16T14:30:16.337+0200] {processor.py:830} INFO - Processing file /home/leoja/airflow/airflow_venv/lib/python3.12/site-packages/airflow/example_dags/example_trigger_controller_dag.py for tasks to queue
[2025-08-16T14:30:16.338+0200] {logging_mixin.py:188} INFO - [2025-08-16T14:30:16.338+0200] {dagbag.py:540} INFO - Filling up the DagBag from /home/leoja/airflow/airflow_venv/lib/python3.12/site-packages/airflow/example_dags/example_trigger_controller_dag.py
[2025-08-16T14:30:16.343+0200] {processor.py:840} INFO - DAG(s) 'example_trigger_controller_dag' retrieved from /home/leoja/airflow/airflow_venv/lib/python3.12/site-packages/airflow/example_dags/example_trigger_controller_dag.py
[2025-08-16T14:30:16.362+0200] {logging_mixin.py:188} INFO - [2025-08-16T14:30:16.362+0200] {dag.py:3096} INFO - Sync 1 DAGs
[2025-08-16T14:30:16.377+0200] {logging_mixin.py:188} INFO - [2025-08-16T14:30:16.376+0200] {dag.py:3954} INFO - Setting next_dagrun for example_trigger_controller_dag to 2021-01-01 00:00:00+00:00, run_after=2021-01-01 00:00:00+00:00
[2025-08-16T14:30:16.401+0200] {processor.py:183} INFO - Processing /home/leoja/airflow/airflow_venv/lib/python3.12/site-packages/airflow/example_dags/example_trigger_controller_dag.py took 0.071 seconds
[2025-08-16T14:31:10.170+0200] {processor.py:161} INFO - Started process (PID=8904) to work on /home/leoja/airflow/airflow_venv/lib/python3.12/site-packages/airflow/example_dags/example_trigger_controller_dag.py
[2025-08-16T14:31:10.172+0200] {processor.py:830} INFO - Processing file /home/leoja/airflow/airflow_venv/lib/python3.12/site-packages/airflow/example_dags/example_trigger_controller_dag.py for tasks to queue
[2025-08-16T14:31:10.173+0200] {logging_mixin.py:188} INFO - [2025-08-16T14:31:10.172+0200] {dagbag.py:540} INFO - Filling up the DagBag from /home/leoja/airflow/airflow_venv/lib/python3.12/site-packages/airflow/example_dags/example_trigger_controller_dag.py
[2025-08-16T14:31:10.179+0200] {processor.py:840} INFO - DAG(s) 'example_trigger_controller_dag' retrieved from /home/leoja/airflow/airflow_venv/lib/python3.12/site-packages/airflow/example_dags/example_trigger_controller_dag.py
[2025-08-16T14:31:10.195+0200] {logging_mixin.py:188} INFO - [2025-08-16T14:31:10.194+0200] {dag.py:3096} INFO - Sync 1 DAGs
[2025-08-16T14:31:10.209+0200] {logging_mixin.py:188} INFO - [2025-08-16T14:31:10.209+0200] {dag.py:3954} INFO - Setting next_dagrun for example_trigger_controller_dag to 2021-01-01 00:00:00+00:00, run_after=2021-01-01 00:00:00+00:00
[2025-08-16T14:31:10.241+0200] {processor.py:183} INFO - Processing /home/leoja/airflow/airflow_venv/lib/python3.12/site-packages/airflow/example_dags/example_trigger_controller_dag.py took 0.077 seconds
[2025-08-16T14:32:03.471+0200] {processor.py:161} INFO - Started process (PID=9204) to work on /home/leoja/airflow/airflow_venv/lib/python3.12/site-packages/airflow/example_dags/example_trigger_controller_dag.py
[2025-08-16T14:32:03.483+0200] {processor.py:830} INFO - Processing file /home/leoja/airflow/airflow_venv/lib/python3.12/site-packages/airflow/example_dags/example_trigger_controller_dag.py for tasks to queue
[2025-08-16T14:32:03.484+0200] {logging_mixin.py:188} INFO - [2025-08-16T14:32:03.484+0200] {dagbag.py:540} INFO - Filling up the DagBag from /home/leoja/airflow/airflow_venv/lib/python3.12/site-packages/airflow/example_dags/example_trigger_controller_dag.py
[2025-08-16T14:32:03.489+0200] {processor.py:840} INFO - DAG(s) 'example_trigger_controller_dag' retrieved from /home/leoja/airflow/airflow_venv/lib/python3.12/site-packages/airflow/example_dags/example_trigger_controller_dag.py
[2025-08-16T14:32:03.503+0200] {logging_mixin.py:188} INFO - [2025-08-16T14:32:03.502+0200] {dag.py:3096} INFO - Sync 1 DAGs
[2025-08-16T14:32:03.515+0200] {logging_mixin.py:188} INFO - [2025-08-16T14:32:03.515+0200] {dag.py:3954} INFO - Setting next_dagrun for example_trigger_controller_dag to 2021-01-01 00:00:00+00:00, run_after=2021-01-01 00:00:00+00:00
[2025-08-16T14:32:03.539+0200] {processor.py:183} INFO - Processing /home/leoja/airflow/airflow_venv/lib/python3.12/site-packages/airflow/example_dags/example_trigger_controller_dag.py took 0.073 seconds
[2025-08-16T14:33:16.594+0200] {processor.py:161} INFO - Started process (PID=9607) to work on /home/leoja/airflow/airflow_venv/lib/python3.12/site-packages/airflow/example_dags/example_trigger_controller_dag.py
[2025-08-16T14:33:16.596+0200] {processor.py:830} INFO - Processing file /home/leoja/airflow/airflow_venv/lib/python3.12/site-packages/airflow/example_dags/example_trigger_controller_dag.py for tasks to queue
[2025-08-16T14:33:16.596+0200] {logging_mixin.py:188} INFO - [2025-08-16T14:33:16.596+0200] {dagbag.py:540} INFO - Filling up the DagBag from /home/leoja/airflow/airflow_venv/lib/python3.12/site-packages/airflow/example_dags/example_trigger_controller_dag.py
[2025-08-16T14:33:16.602+0200] {processor.py:840} INFO - DAG(s) 'example_trigger_controller_dag' retrieved from /home/leoja/airflow/airflow_venv/lib/python3.12/site-packages/airflow/example_dags/example_trigger_controller_dag.py
[2025-08-16T14:33:16.616+0200] {logging_mixin.py:188} INFO - [2025-08-16T14:33:16.616+0200] {dag.py:3096} INFO - Sync 1 DAGs
[2025-08-16T14:33:16.629+0200] {logging_mixin.py:188} INFO - [2025-08-16T14:33:16.629+0200] {dag.py:3954} INFO - Setting next_dagrun for example_trigger_controller_dag to 2021-01-01 00:00:00+00:00, run_after=2021-01-01 00:00:00+00:00
[2025-08-16T14:33:16.659+0200] {processor.py:183} INFO - Processing /home/leoja/airflow/airflow_venv/lib/python3.12/site-packages/airflow/example_dags/example_trigger_controller_dag.py took 0.072 seconds
[2025-08-16T14:34:12.973+0200] {processor.py:161} INFO - Started process (PID=9913) to work on /home/leoja/airflow/airflow_venv/lib/python3.12/site-packages/airflow/example_dags/example_trigger_controller_dag.py
[2025-08-16T14:34:12.981+0200] {processor.py:830} INFO - Processing file /home/leoja/airflow/airflow_venv/lib/python3.12/site-packages/airflow/example_dags/example_trigger_controller_dag.py for tasks to queue
[2025-08-16T14:34:12.983+0200] {logging_mixin.py:188} INFO - [2025-08-16T14:34:12.982+0200] {dagbag.py:540} INFO - Filling up the DagBag from /home/leoja/airflow/airflow_venv/lib/python3.12/site-packages/airflow/example_dags/example_trigger_controller_dag.py
[2025-08-16T14:34:12.992+0200] {processor.py:840} INFO - DAG(s) 'example_trigger_controller_dag' retrieved from /home/leoja/airflow/airflow_venv/lib/python3.12/site-packages/airflow/example_dags/example_trigger_controller_dag.py
[2025-08-16T14:34:13.019+0200] {logging_mixin.py:188} INFO - [2025-08-16T14:34:13.019+0200] {dag.py:3096} INFO - Sync 1 DAGs
[2025-08-16T14:34:13.041+0200] {logging_mixin.py:188} INFO - [2025-08-16T14:34:13.041+0200] {dag.py:3954} INFO - Setting next_dagrun for example_trigger_controller_dag to 2021-01-01 00:00:00+00:00, run_after=2021-01-01 00:00:00+00:00
[2025-08-16T14:34:13.090+0200] {processor.py:183} INFO - Processing /home/leoja/airflow/airflow_venv/lib/python3.12/site-packages/airflow/example_dags/example_trigger_controller_dag.py took 0.137 seconds
[2025-08-16T14:35:08.980+0200] {processor.py:161} INFO - Started process (PID=10214) to work on /home/leoja/airflow/airflow_venv/lib/python3.12/site-packages/airflow/example_dags/example_trigger_controller_dag.py
[2025-08-16T14:35:08.981+0200] {processor.py:830} INFO - Processing file /home/leoja/airflow/airflow_venv/lib/python3.12/site-packages/airflow/example_dags/example_trigger_controller_dag.py for tasks to queue
[2025-08-16T14:35:08.982+0200] {logging_mixin.py:188} INFO - [2025-08-16T14:35:08.982+0200] {dagbag.py:540} INFO - Filling up the DagBag from /home/leoja/airflow/airflow_venv/lib/python3.12/site-packages/airflow/example_dags/example_trigger_controller_dag.py
[2025-08-16T14:35:08.985+0200] {processor.py:840} INFO - DAG(s) 'example_trigger_controller_dag' retrieved from /home/leoja/airflow/airflow_venv/lib/python3.12/site-packages/airflow/example_dags/example_trigger_controller_dag.py
[2025-08-16T14:35:08.998+0200] {logging_mixin.py:188} INFO - [2025-08-16T14:35:08.998+0200] {dag.py:3096} INFO - Sync 1 DAGs
[2025-08-16T14:35:09.011+0200] {logging_mixin.py:188} INFO - [2025-08-16T14:35:09.011+0200] {dag.py:3954} INFO - Setting next_dagrun for example_trigger_controller_dag to 2021-01-01 00:00:00+00:00, run_after=2021-01-01 00:00:00+00:00
[2025-08-16T14:35:09.049+0200] {processor.py:183} INFO - Processing /home/leoja/airflow/airflow_venv/lib/python3.12/site-packages/airflow/example_dags/example_trigger_controller_dag.py took 0.074 seconds
[2025-08-16T14:36:00.306+0200] {processor.py:161} INFO - Started process (PID=10520) to work on /home/leoja/airflow/airflow_venv/lib/python3.12/site-packages/airflow/example_dags/example_trigger_controller_dag.py
[2025-08-16T14:36:00.307+0200] {processor.py:830} INFO - Processing file /home/leoja/airflow/airflow_venv/lib/python3.12/site-packages/airflow/example_dags/example_trigger_controller_dag.py for tasks to queue
[2025-08-16T14:36:00.308+0200] {logging_mixin.py:188} INFO - [2025-08-16T14:36:00.308+0200] {dagbag.py:540} INFO - Filling up the DagBag from /home/leoja/airflow/airflow_venv/lib/python3.12/site-packages/airflow/example_dags/example_trigger_controller_dag.py
[2025-08-16T14:36:00.312+0200] {processor.py:840} INFO - DAG(s) 'example_trigger_controller_dag' retrieved from /home/leoja/airflow/airflow_venv/lib/python3.12/site-packages/airflow/example_dags/example_trigger_controller_dag.py
[2025-08-16T14:36:00.325+0200] {logging_mixin.py:188} INFO - [2025-08-16T14:36:00.324+0200] {dag.py:3096} INFO - Sync 1 DAGs
[2025-08-16T14:36:00.337+0200] {logging_mixin.py:188} INFO - [2025-08-16T14:36:00.337+0200] {dag.py:3954} INFO - Setting next_dagrun for example_trigger_controller_dag to 2021-01-01 00:00:00+00:00, run_after=2021-01-01 00:00:00+00:00
[2025-08-16T14:36:00.363+0200] {processor.py:183} INFO - Processing /home/leoja/airflow/airflow_venv/lib/python3.12/site-packages/airflow/example_dags/example_trigger_controller_dag.py took 0.062 seconds
[2025-08-16T14:36:52.527+0200] {processor.py:161} INFO - Started process (PID=10816) to work on /home/leoja/airflow/airflow_venv/lib/python3.12/site-packages/airflow/example_dags/example_trigger_controller_dag.py
[2025-08-16T14:36:52.528+0200] {processor.py:830} INFO - Processing file /home/leoja/airflow/airflow_venv/lib/python3.12/site-packages/airflow/example_dags/example_trigger_controller_dag.py for tasks to queue
[2025-08-16T14:36:52.529+0200] {logging_mixin.py:188} INFO - [2025-08-16T14:36:52.529+0200] {dagbag.py:540} INFO - Filling up the DagBag from /home/leoja/airflow/airflow_venv/lib/python3.12/site-packages/airflow/example_dags/example_trigger_controller_dag.py
[2025-08-16T14:36:52.536+0200] {processor.py:840} INFO - DAG(s) 'example_trigger_controller_dag' retrieved from /home/leoja/airflow/airflow_venv/lib/python3.12/site-packages/airflow/example_dags/example_trigger_controller_dag.py
[2025-08-16T14:36:52.557+0200] {logging_mixin.py:188} INFO - [2025-08-16T14:36:52.557+0200] {dag.py:3096} INFO - Sync 1 DAGs
[2025-08-16T14:36:52.573+0200] {logging_mixin.py:188} INFO - [2025-08-16T14:36:52.573+0200] {dag.py:3954} INFO - Setting next_dagrun for example_trigger_controller_dag to 2021-01-01 00:00:00+00:00, run_after=2021-01-01 00:00:00+00:00
[2025-08-16T14:36:52.614+0200] {processor.py:183} INFO - Processing /home/leoja/airflow/airflow_venv/lib/python3.12/site-packages/airflow/example_dags/example_trigger_controller_dag.py took 0.099 seconds
[2025-08-16T14:37:44.017+0200] {processor.py:161} INFO - Started process (PID=11147) to work on /home/leoja/airflow/airflow_venv/lib/python3.12/site-packages/airflow/example_dags/example_trigger_controller_dag.py
[2025-08-16T14:37:44.019+0200] {processor.py:830} INFO - Processing file /home/leoja/airflow/airflow_venv/lib/python3.12/site-packages/airflow/example_dags/example_trigger_controller_dag.py for tasks to queue
[2025-08-16T14:37:44.021+0200] {logging_mixin.py:188} INFO - [2025-08-16T14:37:44.020+0200] {dagbag.py:540} INFO - Filling up the DagBag from /home/leoja/airflow/airflow_venv/lib/python3.12/site-packages/airflow/example_dags/example_trigger_controller_dag.py
[2025-08-16T14:37:44.028+0200] {processor.py:840} INFO - DAG(s) 'example_trigger_controller_dag' retrieved from /home/leoja/airflow/airflow_venv/lib/python3.12/site-packages/airflow/example_dags/example_trigger_controller_dag.py
[2025-08-16T14:37:44.047+0200] {logging_mixin.py:188} INFO - [2025-08-16T14:37:44.046+0200] {dag.py:3096} INFO - Sync 1 DAGs
[2025-08-16T14:37:44.061+0200] {logging_mixin.py:188} INFO - [2025-08-16T14:37:44.061+0200] {dag.py:3954} INFO - Setting next_dagrun for example_trigger_controller_dag to 2021-01-01 00:00:00+00:00, run_after=2021-01-01 00:00:00+00:00
[2025-08-16T14:37:44.109+0200] {processor.py:183} INFO - Processing /home/leoja/airflow/airflow_venv/lib/python3.12/site-packages/airflow/example_dags/example_trigger_controller_dag.py took 0.103 seconds
[2025-08-16T14:38:31.262+0200] {processor.py:161} INFO - Started process (PID=11418) to work on /home/leoja/airflow/airflow_venv/lib/python3.12/site-packages/airflow/example_dags/example_trigger_controller_dag.py
[2025-08-16T14:38:31.303+0200] {processor.py:830} INFO - Processing file /home/leoja/airflow/airflow_venv/lib/python3.12/site-packages/airflow/example_dags/example_trigger_controller_dag.py for tasks to queue
[2025-08-16T14:38:31.305+0200] {logging_mixin.py:188} INFO - [2025-08-16T14:38:31.304+0200] {dagbag.py:540} INFO - Filling up the DagBag from /home/leoja/airflow/airflow_venv/lib/python3.12/site-packages/airflow/example_dags/example_trigger_controller_dag.py
[2025-08-16T14:38:31.313+0200] {processor.py:840} INFO - DAG(s) 'example_trigger_controller_dag' retrieved from /home/leoja/airflow/airflow_venv/lib/python3.12/site-packages/airflow/example_dags/example_trigger_controller_dag.py
[2025-08-16T14:38:31.330+0200] {logging_mixin.py:188} INFO - [2025-08-16T14:38:31.329+0200] {dag.py:3096} INFO - Sync 1 DAGs
[2025-08-16T14:38:31.342+0200] {logging_mixin.py:188} INFO - [2025-08-16T14:38:31.342+0200] {dag.py:3954} INFO - Setting next_dagrun for example_trigger_controller_dag to 2021-01-01 00:00:00+00:00, run_after=2021-01-01 00:00:00+00:00
[2025-08-16T14:38:31.455+0200] {processor.py:183} INFO - Processing /home/leoja/airflow/airflow_venv/lib/python3.12/site-packages/airflow/example_dags/example_trigger_controller_dag.py took 0.201 seconds
[2025-08-16T14:39:35.626+0200] {processor.py:161} INFO - Started process (PID=11772) to work on /home/leoja/airflow/airflow_venv/lib/python3.12/site-packages/airflow/example_dags/example_trigger_controller_dag.py
[2025-08-16T14:39:35.627+0200] {processor.py:830} INFO - Processing file /home/leoja/airflow/airflow_venv/lib/python3.12/site-packages/airflow/example_dags/example_trigger_controller_dag.py for tasks to queue
[2025-08-16T14:39:35.628+0200] {logging_mixin.py:188} INFO - [2025-08-16T14:39:35.628+0200] {dagbag.py:540} INFO - Filling up the DagBag from /home/leoja/airflow/airflow_venv/lib/python3.12/site-packages/airflow/example_dags/example_trigger_controller_dag.py
[2025-08-16T14:39:35.632+0200] {processor.py:840} INFO - DAG(s) 'example_trigger_controller_dag' retrieved from /home/leoja/airflow/airflow_venv/lib/python3.12/site-packages/airflow/example_dags/example_trigger_controller_dag.py
[2025-08-16T14:39:35.643+0200] {logging_mixin.py:188} INFO - [2025-08-16T14:39:35.643+0200] {dag.py:3096} INFO - Sync 1 DAGs
[2025-08-16T14:39:35.654+0200] {logging_mixin.py:188} INFO - [2025-08-16T14:39:35.653+0200] {dag.py:3954} INFO - Setting next_dagrun for example_trigger_controller_dag to 2021-01-01 00:00:00+00:00, run_after=2021-01-01 00:00:00+00:00
[2025-08-16T14:39:35.676+0200] {processor.py:183} INFO - Processing /home/leoja/airflow/airflow_venv/lib/python3.12/site-packages/airflow/example_dags/example_trigger_controller_dag.py took 0.055 seconds
[2025-08-16T14:40:27.789+0200] {processor.py:161} INFO - Started process (PID=12045) to work on /home/leoja/airflow/airflow_venv/lib/python3.12/site-packages/airflow/example_dags/example_trigger_controller_dag.py
[2025-08-16T14:40:27.791+0200] {processor.py:830} INFO - Processing file /home/leoja/airflow/airflow_venv/lib/python3.12/site-packages/airflow/example_dags/example_trigger_controller_dag.py for tasks to queue
[2025-08-16T14:40:27.791+0200] {logging_mixin.py:188} INFO - [2025-08-16T14:40:27.791+0200] {dagbag.py:540} INFO - Filling up the DagBag from /home/leoja/airflow/airflow_venv/lib/python3.12/site-packages/airflow/example_dags/example_trigger_controller_dag.py
[2025-08-16T14:40:27.795+0200] {processor.py:840} INFO - DAG(s) 'example_trigger_controller_dag' retrieved from /home/leoja/airflow/airflow_venv/lib/python3.12/site-packages/airflow/example_dags/example_trigger_controller_dag.py
[2025-08-16T14:40:27.807+0200] {logging_mixin.py:188} INFO - [2025-08-16T14:40:27.807+0200] {dag.py:3096} INFO - Sync 1 DAGs
[2025-08-16T14:40:27.827+0200] {logging_mixin.py:188} INFO - [2025-08-16T14:40:27.826+0200] {dag.py:3954} INFO - Setting next_dagrun for example_trigger_controller_dag to 2021-01-01 00:00:00+00:00, run_after=2021-01-01 00:00:00+00:00
[2025-08-16T14:40:27.859+0200] {processor.py:183} INFO - Processing /home/leoja/airflow/airflow_venv/lib/python3.12/site-packages/airflow/example_dags/example_trigger_controller_dag.py took 0.075 seconds
[2025-08-16T14:41:33.039+0200] {processor.py:161} INFO - Started process (PID=12495) to work on /home/leoja/airflow/airflow_venv/lib/python3.12/site-packages/airflow/example_dags/example_trigger_controller_dag.py
[2025-08-16T14:41:33.041+0200] {processor.py:830} INFO - Processing file /home/leoja/airflow/airflow_venv/lib/python3.12/site-packages/airflow/example_dags/example_trigger_controller_dag.py for tasks to queue
[2025-08-16T14:41:33.042+0200] {logging_mixin.py:188} INFO - [2025-08-16T14:41:33.041+0200] {dagbag.py:540} INFO - Filling up the DagBag from /home/leoja/airflow/airflow_venv/lib/python3.12/site-packages/airflow/example_dags/example_trigger_controller_dag.py
[2025-08-16T14:41:33.045+0200] {processor.py:840} INFO - DAG(s) 'example_trigger_controller_dag' retrieved from /home/leoja/airflow/airflow_venv/lib/python3.12/site-packages/airflow/example_dags/example_trigger_controller_dag.py
[2025-08-16T14:41:33.058+0200] {logging_mixin.py:188} INFO - [2025-08-16T14:41:33.057+0200] {dag.py:3096} INFO - Sync 1 DAGs
[2025-08-16T14:41:33.074+0200] {logging_mixin.py:188} INFO - [2025-08-16T14:41:33.074+0200] {dag.py:3954} INFO - Setting next_dagrun for example_trigger_controller_dag to 2021-01-01 00:00:00+00:00, run_after=2021-01-01 00:00:00+00:00
[2025-08-16T14:41:33.097+0200] {processor.py:183} INFO - Processing /home/leoja/airflow/airflow_venv/lib/python3.12/site-packages/airflow/example_dags/example_trigger_controller_dag.py took 0.065 seconds
[2025-08-16T14:42:40.165+0200] {processor.py:161} INFO - Started process (PID=12894) to work on /home/leoja/airflow/airflow_venv/lib/python3.12/site-packages/airflow/example_dags/example_trigger_controller_dag.py
[2025-08-16T14:42:40.167+0200] {processor.py:830} INFO - Processing file /home/leoja/airflow/airflow_venv/lib/python3.12/site-packages/airflow/example_dags/example_trigger_controller_dag.py for tasks to queue
[2025-08-16T14:42:40.169+0200] {logging_mixin.py:188} INFO - [2025-08-16T14:42:40.168+0200] {dagbag.py:540} INFO - Filling up the DagBag from /home/leoja/airflow/airflow_venv/lib/python3.12/site-packages/airflow/example_dags/example_trigger_controller_dag.py
[2025-08-16T14:42:40.178+0200] {processor.py:840} INFO - DAG(s) 'example_trigger_controller_dag' retrieved from /home/leoja/airflow/airflow_venv/lib/python3.12/site-packages/airflow/example_dags/example_trigger_controller_dag.py
[2025-08-16T14:42:40.200+0200] {logging_mixin.py:188} INFO - [2025-08-16T14:42:40.200+0200] {dag.py:3096} INFO - Sync 1 DAGs
[2025-08-16T14:42:40.213+0200] {logging_mixin.py:188} INFO - [2025-08-16T14:42:40.213+0200] {dag.py:3954} INFO - Setting next_dagrun for example_trigger_controller_dag to 2021-01-01 00:00:00+00:00, run_after=2021-01-01 00:00:00+00:00
[2025-08-16T14:42:40.235+0200] {processor.py:183} INFO - Processing /home/leoja/airflow/airflow_venv/lib/python3.12/site-packages/airflow/example_dags/example_trigger_controller_dag.py took 0.080 seconds
[2025-08-16T14:43:47.672+0200] {processor.py:161} INFO - Started process (PID=13341) to work on /home/leoja/airflow/airflow_venv/lib/python3.12/site-packages/airflow/example_dags/example_trigger_controller_dag.py
[2025-08-16T14:43:47.674+0200] {processor.py:830} INFO - Processing file /home/leoja/airflow/airflow_venv/lib/python3.12/site-packages/airflow/example_dags/example_trigger_controller_dag.py for tasks to queue
[2025-08-16T14:43:47.675+0200] {logging_mixin.py:188} INFO - [2025-08-16T14:43:47.674+0200] {dagbag.py:540} INFO - Filling up the DagBag from /home/leoja/airflow/airflow_venv/lib/python3.12/site-packages/airflow/example_dags/example_trigger_controller_dag.py
[2025-08-16T14:43:47.680+0200] {processor.py:840} INFO - DAG(s) 'example_trigger_controller_dag' retrieved from /home/leoja/airflow/airflow_venv/lib/python3.12/site-packages/airflow/example_dags/example_trigger_controller_dag.py
[2025-08-16T14:43:47.698+0200] {logging_mixin.py:188} INFO - [2025-08-16T14:43:47.697+0200] {dag.py:3096} INFO - Sync 1 DAGs
[2025-08-16T14:43:47.712+0200] {logging_mixin.py:188} INFO - [2025-08-16T14:43:47.712+0200] {dag.py:3954} INFO - Setting next_dagrun for example_trigger_controller_dag to 2021-01-01 00:00:00+00:00, run_after=2021-01-01 00:00:00+00:00
[2025-08-16T14:43:47.740+0200] {processor.py:183} INFO - Processing /home/leoja/airflow/airflow_venv/lib/python3.12/site-packages/airflow/example_dags/example_trigger_controller_dag.py took 0.074 seconds
[2025-08-16T14:44:39.337+0200] {processor.py:161} INFO - Started process (PID=13616) to work on /home/leoja/airflow/airflow_venv/lib/python3.12/site-packages/airflow/example_dags/example_trigger_controller_dag.py
[2025-08-16T14:44:39.341+0200] {processor.py:830} INFO - Processing file /home/leoja/airflow/airflow_venv/lib/python3.12/site-packages/airflow/example_dags/example_trigger_controller_dag.py for tasks to queue
[2025-08-16T14:44:39.343+0200] {logging_mixin.py:188} INFO - [2025-08-16T14:44:39.342+0200] {dagbag.py:540} INFO - Filling up the DagBag from /home/leoja/airflow/airflow_venv/lib/python3.12/site-packages/airflow/example_dags/example_trigger_controller_dag.py
[2025-08-16T14:44:39.349+0200] {processor.py:840} INFO - DAG(s) 'example_trigger_controller_dag' retrieved from /home/leoja/airflow/airflow_venv/lib/python3.12/site-packages/airflow/example_dags/example_trigger_controller_dag.py
[2025-08-16T14:44:39.368+0200] {logging_mixin.py:188} INFO - [2025-08-16T14:44:39.368+0200] {dag.py:3096} INFO - Sync 1 DAGs
[2025-08-16T14:44:39.383+0200] {logging_mixin.py:188} INFO - [2025-08-16T14:44:39.382+0200] {dag.py:3954} INFO - Setting next_dagrun for example_trigger_controller_dag to 2021-01-01 00:00:00+00:00, run_after=2021-01-01 00:00:00+00:00
[2025-08-16T14:44:39.417+0200] {processor.py:183} INFO - Processing /home/leoja/airflow/airflow_venv/lib/python3.12/site-packages/airflow/example_dags/example_trigger_controller_dag.py took 0.089 seconds
[2025-08-16T14:45:29.352+0200] {processor.py:161} INFO - Started process (PID=13888) to work on /home/leoja/airflow/airflow_venv/lib/python3.12/site-packages/airflow/example_dags/example_trigger_controller_dag.py
[2025-08-16T14:45:29.359+0200] {processor.py:830} INFO - Processing file /home/leoja/airflow/airflow_venv/lib/python3.12/site-packages/airflow/example_dags/example_trigger_controller_dag.py for tasks to queue
[2025-08-16T14:45:29.360+0200] {logging_mixin.py:188} INFO - [2025-08-16T14:45:29.359+0200] {dagbag.py:540} INFO - Filling up the DagBag from /home/leoja/airflow/airflow_venv/lib/python3.12/site-packages/airflow/example_dags/example_trigger_controller_dag.py
[2025-08-16T14:45:29.363+0200] {processor.py:840} INFO - DAG(s) 'example_trigger_controller_dag' retrieved from /home/leoja/airflow/airflow_venv/lib/python3.12/site-packages/airflow/example_dags/example_trigger_controller_dag.py
[2025-08-16T14:45:29.375+0200] {logging_mixin.py:188} INFO - [2025-08-16T14:45:29.375+0200] {dag.py:3096} INFO - Sync 1 DAGs
[2025-08-16T14:45:29.386+0200] {logging_mixin.py:188} INFO - [2025-08-16T14:45:29.386+0200] {dag.py:3954} INFO - Setting next_dagrun for example_trigger_controller_dag to 2021-01-01 00:00:00+00:00, run_after=2021-01-01 00:00:00+00:00
[2025-08-16T14:45:29.408+0200] {processor.py:183} INFO - Processing /home/leoja/airflow/airflow_venv/lib/python3.12/site-packages/airflow/example_dags/example_trigger_controller_dag.py took 0.061 seconds
[2025-08-16T14:46:39.718+0200] {processor.py:161} INFO - Started process (PID=14301) to work on /home/leoja/airflow/airflow_venv/lib/python3.12/site-packages/airflow/example_dags/example_trigger_controller_dag.py
[2025-08-16T14:46:39.726+0200] {processor.py:830} INFO - Processing file /home/leoja/airflow/airflow_venv/lib/python3.12/site-packages/airflow/example_dags/example_trigger_controller_dag.py for tasks to queue
[2025-08-16T14:46:39.726+0200] {logging_mixin.py:188} INFO - [2025-08-16T14:46:39.726+0200] {dagbag.py:540} INFO - Filling up the DagBag from /home/leoja/airflow/airflow_venv/lib/python3.12/site-packages/airflow/example_dags/example_trigger_controller_dag.py
[2025-08-16T14:46:39.730+0200] {processor.py:840} INFO - DAG(s) 'example_trigger_controller_dag' retrieved from /home/leoja/airflow/airflow_venv/lib/python3.12/site-packages/airflow/example_dags/example_trigger_controller_dag.py
[2025-08-16T14:46:39.742+0200] {logging_mixin.py:188} INFO - [2025-08-16T14:46:39.742+0200] {dag.py:3096} INFO - Sync 1 DAGs
[2025-08-16T14:46:39.753+0200] {logging_mixin.py:188} INFO - [2025-08-16T14:46:39.753+0200] {dag.py:3954} INFO - Setting next_dagrun for example_trigger_controller_dag to 2021-01-01 00:00:00+00:00, run_after=2021-01-01 00:00:00+00:00
[2025-08-16T14:46:39.782+0200] {processor.py:183} INFO - Processing /home/leoja/airflow/airflow_venv/lib/python3.12/site-packages/airflow/example_dags/example_trigger_controller_dag.py took 0.068 seconds
[2025-08-16T14:47:49.000+0200] {processor.py:161} INFO - Started process (PID=14705) to work on /home/leoja/airflow/airflow_venv/lib/python3.12/site-packages/airflow/example_dags/example_trigger_controller_dag.py
[2025-08-16T14:47:49.002+0200] {processor.py:830} INFO - Processing file /home/leoja/airflow/airflow_venv/lib/python3.12/site-packages/airflow/example_dags/example_trigger_controller_dag.py for tasks to queue
[2025-08-16T14:47:49.002+0200] {logging_mixin.py:188} INFO - [2025-08-16T14:47:49.002+0200] {dagbag.py:540} INFO - Filling up the DagBag from /home/leoja/airflow/airflow_venv/lib/python3.12/site-packages/airflow/example_dags/example_trigger_controller_dag.py
[2025-08-16T14:47:49.006+0200] {processor.py:840} INFO - DAG(s) 'example_trigger_controller_dag' retrieved from /home/leoja/airflow/airflow_venv/lib/python3.12/site-packages/airflow/example_dags/example_trigger_controller_dag.py
[2025-08-16T14:47:49.018+0200] {logging_mixin.py:188} INFO - [2025-08-16T14:47:49.017+0200] {dag.py:3096} INFO - Sync 1 DAGs
[2025-08-16T14:47:49.029+0200] {logging_mixin.py:188} INFO - [2025-08-16T14:47:49.029+0200] {dag.py:3954} INFO - Setting next_dagrun for example_trigger_controller_dag to 2021-01-01 00:00:00+00:00, run_after=2021-01-01 00:00:00+00:00
[2025-08-16T14:47:49.048+0200] {processor.py:183} INFO - Processing /home/leoja/airflow/airflow_venv/lib/python3.12/site-packages/airflow/example_dags/example_trigger_controller_dag.py took 0.053 seconds
[2025-08-16T14:48:55.704+0200] {processor.py:161} INFO - Started process (PID=15060) to work on /home/leoja/airflow/airflow_venv/lib/python3.12/site-packages/airflow/example_dags/example_trigger_controller_dag.py
[2025-08-16T14:48:55.705+0200] {processor.py:830} INFO - Processing file /home/leoja/airflow/airflow_venv/lib/python3.12/site-packages/airflow/example_dags/example_trigger_controller_dag.py for tasks to queue
[2025-08-16T14:48:55.706+0200] {logging_mixin.py:188} INFO - [2025-08-16T14:48:55.706+0200] {dagbag.py:540} INFO - Filling up the DagBag from /home/leoja/airflow/airflow_venv/lib/python3.12/site-packages/airflow/example_dags/example_trigger_controller_dag.py
[2025-08-16T14:48:55.711+0200] {processor.py:840} INFO - DAG(s) 'example_trigger_controller_dag' retrieved from /home/leoja/airflow/airflow_venv/lib/python3.12/site-packages/airflow/example_dags/example_trigger_controller_dag.py
[2025-08-16T14:48:55.725+0200] {logging_mixin.py:188} INFO - [2025-08-16T14:48:55.725+0200] {dag.py:3096} INFO - Sync 1 DAGs
[2025-08-16T14:48:55.739+0200] {logging_mixin.py:188} INFO - [2025-08-16T14:48:55.739+0200] {dag.py:3954} INFO - Setting next_dagrun for example_trigger_controller_dag to 2021-01-01 00:00:00+00:00, run_after=2021-01-01 00:00:00+00:00
[2025-08-16T14:48:55.759+0200] {processor.py:183} INFO - Processing /home/leoja/airflow/airflow_venv/lib/python3.12/site-packages/airflow/example_dags/example_trigger_controller_dag.py took 0.060 seconds
[2025-08-16T14:50:03.418+0200] {processor.py:161} INFO - Started process (PID=15462) to work on /home/leoja/airflow/airflow_venv/lib/python3.12/site-packages/airflow/example_dags/example_trigger_controller_dag.py
[2025-08-16T14:50:03.420+0200] {processor.py:830} INFO - Processing file /home/leoja/airflow/airflow_venv/lib/python3.12/site-packages/airflow/example_dags/example_trigger_controller_dag.py for tasks to queue
[2025-08-16T14:50:03.420+0200] {logging_mixin.py:188} INFO - [2025-08-16T14:50:03.420+0200] {dagbag.py:540} INFO - Filling up the DagBag from /home/leoja/airflow/airflow_venv/lib/python3.12/site-packages/airflow/example_dags/example_trigger_controller_dag.py
[2025-08-16T14:50:03.425+0200] {processor.py:840} INFO - DAG(s) 'example_trigger_controller_dag' retrieved from /home/leoja/airflow/airflow_venv/lib/python3.12/site-packages/airflow/example_dags/example_trigger_controller_dag.py
[2025-08-16T14:50:03.437+0200] {logging_mixin.py:188} INFO - [2025-08-16T14:50:03.437+0200] {dag.py:3096} INFO - Sync 1 DAGs
[2025-08-16T14:50:03.450+0200] {logging_mixin.py:188} INFO - [2025-08-16T14:50:03.450+0200] {dag.py:3954} INFO - Setting next_dagrun for example_trigger_controller_dag to 2021-01-01 00:00:00+00:00, run_after=2021-01-01 00:00:00+00:00
[2025-08-16T14:50:03.486+0200] {processor.py:183} INFO - Processing /home/leoja/airflow/airflow_venv/lib/python3.12/site-packages/airflow/example_dags/example_trigger_controller_dag.py took 0.076 seconds
[2025-08-16T14:51:12.572+0200] {processor.py:161} INFO - Started process (PID=15817) to work on /home/leoja/airflow/airflow_venv/lib/python3.12/site-packages/airflow/example_dags/example_trigger_controller_dag.py
[2025-08-16T14:51:12.573+0200] {processor.py:830} INFO - Processing file /home/leoja/airflow/airflow_venv/lib/python3.12/site-packages/airflow/example_dags/example_trigger_controller_dag.py for tasks to queue
[2025-08-16T14:51:12.575+0200] {logging_mixin.py:188} INFO - [2025-08-16T14:51:12.575+0200] {dagbag.py:540} INFO - Filling up the DagBag from /home/leoja/airflow/airflow_venv/lib/python3.12/site-packages/airflow/example_dags/example_trigger_controller_dag.py
[2025-08-16T14:51:12.579+0200] {processor.py:840} INFO - DAG(s) 'example_trigger_controller_dag' retrieved from /home/leoja/airflow/airflow_venv/lib/python3.12/site-packages/airflow/example_dags/example_trigger_controller_dag.py
[2025-08-16T14:51:12.593+0200] {logging_mixin.py:188} INFO - [2025-08-16T14:51:12.592+0200] {dag.py:3096} INFO - Sync 1 DAGs
[2025-08-16T14:51:12.605+0200] {logging_mixin.py:188} INFO - [2025-08-16T14:51:12.605+0200] {dag.py:3954} INFO - Setting next_dagrun for example_trigger_controller_dag to 2021-01-01 00:00:00+00:00, run_after=2021-01-01 00:00:00+00:00
[2025-08-16T14:51:12.627+0200] {processor.py:183} INFO - Processing /home/leoja/airflow/airflow_venv/lib/python3.12/site-packages/airflow/example_dags/example_trigger_controller_dag.py took 0.060 seconds
[2025-08-16T14:52:00.295+0200] {processor.py:161} INFO - Started process (PID=16090) to work on /home/leoja/airflow/airflow_venv/lib/python3.12/site-packages/airflow/example_dags/example_trigger_controller_dag.py
[2025-08-16T14:52:00.296+0200] {processor.py:830} INFO - Processing file /home/leoja/airflow/airflow_venv/lib/python3.12/site-packages/airflow/example_dags/example_trigger_controller_dag.py for tasks to queue
[2025-08-16T14:52:00.297+0200] {logging_mixin.py:188} INFO - [2025-08-16T14:52:00.297+0200] {dagbag.py:540} INFO - Filling up the DagBag from /home/leoja/airflow/airflow_venv/lib/python3.12/site-packages/airflow/example_dags/example_trigger_controller_dag.py
[2025-08-16T14:52:00.301+0200] {processor.py:840} INFO - DAG(s) 'example_trigger_controller_dag' retrieved from /home/leoja/airflow/airflow_venv/lib/python3.12/site-packages/airflow/example_dags/example_trigger_controller_dag.py
[2025-08-16T14:52:00.313+0200] {logging_mixin.py:188} INFO - [2025-08-16T14:52:00.313+0200] {dag.py:3096} INFO - Sync 1 DAGs
[2025-08-16T14:52:00.327+0200] {logging_mixin.py:188} INFO - [2025-08-16T14:52:00.326+0200] {dag.py:3954} INFO - Setting next_dagrun for example_trigger_controller_dag to 2021-01-01 00:00:00+00:00, run_after=2021-01-01 00:00:00+00:00
[2025-08-16T14:52:00.363+0200] {processor.py:183} INFO - Processing /home/leoja/airflow/airflow_venv/lib/python3.12/site-packages/airflow/example_dags/example_trigger_controller_dag.py took 0.073 seconds
[2025-08-16T14:52:48.666+0200] {processor.py:161} INFO - Started process (PID=16362) to work on /home/leoja/airflow/airflow_venv/lib/python3.12/site-packages/airflow/example_dags/example_trigger_controller_dag.py
[2025-08-16T14:52:48.673+0200] {processor.py:830} INFO - Processing file /home/leoja/airflow/airflow_venv/lib/python3.12/site-packages/airflow/example_dags/example_trigger_controller_dag.py for tasks to queue
[2025-08-16T14:52:48.673+0200] {logging_mixin.py:188} INFO - [2025-08-16T14:52:48.673+0200] {dagbag.py:540} INFO - Filling up the DagBag from /home/leoja/airflow/airflow_venv/lib/python3.12/site-packages/airflow/example_dags/example_trigger_controller_dag.py
[2025-08-16T14:52:48.678+0200] {processor.py:840} INFO - DAG(s) 'example_trigger_controller_dag' retrieved from /home/leoja/airflow/airflow_venv/lib/python3.12/site-packages/airflow/example_dags/example_trigger_controller_dag.py
[2025-08-16T14:52:48.692+0200] {logging_mixin.py:188} INFO - [2025-08-16T14:52:48.691+0200] {dag.py:3096} INFO - Sync 1 DAGs
[2025-08-16T14:52:48.705+0200] {logging_mixin.py:188} INFO - [2025-08-16T14:52:48.705+0200] {dag.py:3954} INFO - Setting next_dagrun for example_trigger_controller_dag to 2021-01-01 00:00:00+00:00, run_after=2021-01-01 00:00:00+00:00
[2025-08-16T14:52:48.731+0200] {processor.py:183} INFO - Processing /home/leoja/airflow/airflow_venv/lib/python3.12/site-packages/airflow/example_dags/example_trigger_controller_dag.py took 0.071 seconds
[2025-08-16T14:53:57.495+0200] {processor.py:161} INFO - Started process (PID=16766) to work on /home/leoja/airflow/airflow_venv/lib/python3.12/site-packages/airflow/example_dags/example_trigger_controller_dag.py
[2025-08-16T14:53:57.497+0200] {processor.py:830} INFO - Processing file /home/leoja/airflow/airflow_venv/lib/python3.12/site-packages/airflow/example_dags/example_trigger_controller_dag.py for tasks to queue
[2025-08-16T14:53:57.498+0200] {logging_mixin.py:188} INFO - [2025-08-16T14:53:57.498+0200] {dagbag.py:540} INFO - Filling up the DagBag from /home/leoja/airflow/airflow_venv/lib/python3.12/site-packages/airflow/example_dags/example_trigger_controller_dag.py
[2025-08-16T14:53:57.503+0200] {processor.py:840} INFO - DAG(s) 'example_trigger_controller_dag' retrieved from /home/leoja/airflow/airflow_venv/lib/python3.12/site-packages/airflow/example_dags/example_trigger_controller_dag.py
[2025-08-16T14:53:57.516+0200] {logging_mixin.py:188} INFO - [2025-08-16T14:53:57.516+0200] {dag.py:3096} INFO - Sync 1 DAGs
[2025-08-16T14:53:57.530+0200] {logging_mixin.py:188} INFO - [2025-08-16T14:53:57.530+0200] {dag.py:3954} INFO - Setting next_dagrun for example_trigger_controller_dag to 2021-01-01 00:00:00+00:00, run_after=2021-01-01 00:00:00+00:00
[2025-08-16T14:53:57.568+0200] {processor.py:183} INFO - Processing /home/leoja/airflow/airflow_venv/lib/python3.12/site-packages/airflow/example_dags/example_trigger_controller_dag.py took 0.077 seconds
[2025-08-16T14:54:45.835+0200] {processor.py:161} INFO - Started process (PID=16957) to work on /home/leoja/airflow/airflow_venv/lib/python3.12/site-packages/airflow/example_dags/example_trigger_controller_dag.py
[2025-08-16T14:54:45.837+0200] {processor.py:830} INFO - Processing file /home/leoja/airflow/airflow_venv/lib/python3.12/site-packages/airflow/example_dags/example_trigger_controller_dag.py for tasks to queue
[2025-08-16T14:54:45.838+0200] {logging_mixin.py:188} INFO - [2025-08-16T14:54:45.838+0200] {dagbag.py:540} INFO - Filling up the DagBag from /home/leoja/airflow/airflow_venv/lib/python3.12/site-packages/airflow/example_dags/example_trigger_controller_dag.py
[2025-08-16T14:54:45.842+0200] {processor.py:840} INFO - DAG(s) 'example_trigger_controller_dag' retrieved from /home/leoja/airflow/airflow_venv/lib/python3.12/site-packages/airflow/example_dags/example_trigger_controller_dag.py
[2025-08-16T14:54:45.854+0200] {logging_mixin.py:188} INFO - [2025-08-16T14:54:45.854+0200] {dag.py:3096} INFO - Sync 1 DAGs
[2025-08-16T14:54:45.867+0200] {logging_mixin.py:188} INFO - [2025-08-16T14:54:45.867+0200] {dag.py:3954} INFO - Setting next_dagrun for example_trigger_controller_dag to 2021-01-01 00:00:00+00:00, run_after=2021-01-01 00:00:00+00:00
[2025-08-16T14:54:45.889+0200] {processor.py:183} INFO - Processing /home/leoja/airflow/airflow_venv/lib/python3.12/site-packages/airflow/example_dags/example_trigger_controller_dag.py took 0.060 seconds
[2025-08-16T14:55:53.718+0200] {processor.py:161} INFO - Started process (PID=17206) to work on /home/leoja/airflow/airflow_venv/lib/python3.12/site-packages/airflow/example_dags/example_trigger_controller_dag.py
[2025-08-16T14:55:53.720+0200] {processor.py:830} INFO - Processing file /home/leoja/airflow/airflow_venv/lib/python3.12/site-packages/airflow/example_dags/example_trigger_controller_dag.py for tasks to queue
[2025-08-16T14:55:53.721+0200] {logging_mixin.py:188} INFO - [2025-08-16T14:55:53.720+0200] {dagbag.py:540} INFO - Filling up the DagBag from /home/leoja/airflow/airflow_venv/lib/python3.12/site-packages/airflow/example_dags/example_trigger_controller_dag.py
[2025-08-16T14:55:53.725+0200] {processor.py:840} INFO - DAG(s) 'example_trigger_controller_dag' retrieved from /home/leoja/airflow/airflow_venv/lib/python3.12/site-packages/airflow/example_dags/example_trigger_controller_dag.py
[2025-08-16T14:55:53.740+0200] {logging_mixin.py:188} INFO - [2025-08-16T14:55:53.740+0200] {dag.py:3096} INFO - Sync 1 DAGs
[2025-08-16T14:55:53.756+0200] {logging_mixin.py:188} INFO - [2025-08-16T14:55:53.756+0200] {dag.py:3954} INFO - Setting next_dagrun for example_trigger_controller_dag to 2021-01-01 00:00:00+00:00, run_after=2021-01-01 00:00:00+00:00
[2025-08-16T14:55:53.777+0200] {processor.py:183} INFO - Processing /home/leoja/airflow/airflow_venv/lib/python3.12/site-packages/airflow/example_dags/example_trigger_controller_dag.py took 0.067 seconds
[2025-08-16T14:56:44.018+0200] {processor.py:161} INFO - Started process (PID=17523) to work on /home/leoja/airflow/airflow_venv/lib/python3.12/site-packages/airflow/example_dags/example_trigger_controller_dag.py
[2025-08-16T14:56:44.030+0200] {processor.py:830} INFO - Processing file /home/leoja/airflow/airflow_venv/lib/python3.12/site-packages/airflow/example_dags/example_trigger_controller_dag.py for tasks to queue
[2025-08-16T14:56:44.031+0200] {logging_mixin.py:188} INFO - [2025-08-16T14:56:44.031+0200] {dagbag.py:540} INFO - Filling up the DagBag from /home/leoja/airflow/airflow_venv/lib/python3.12/site-packages/airflow/example_dags/example_trigger_controller_dag.py
[2025-08-16T14:56:44.036+0200] {processor.py:840} INFO - DAG(s) 'example_trigger_controller_dag' retrieved from /home/leoja/airflow/airflow_venv/lib/python3.12/site-packages/airflow/example_dags/example_trigger_controller_dag.py
[2025-08-16T14:56:44.049+0200] {logging_mixin.py:188} INFO - [2025-08-16T14:56:44.049+0200] {dag.py:3096} INFO - Sync 1 DAGs
[2025-08-16T14:56:44.061+0200] {logging_mixin.py:188} INFO - [2025-08-16T14:56:44.061+0200] {dag.py:3954} INFO - Setting next_dagrun for example_trigger_controller_dag to 2021-01-01 00:00:00+00:00, run_after=2021-01-01 00:00:00+00:00
[2025-08-16T14:56:44.085+0200] {processor.py:183} INFO - Processing /home/leoja/airflow/airflow_venv/lib/python3.12/site-packages/airflow/example_dags/example_trigger_controller_dag.py took 0.072 seconds
[2025-08-16T16:00:49.585+0200] {processor.py:161} INFO - Started process (PID=17936) to work on /home/leoja/airflow/airflow_venv/lib/python3.12/site-packages/airflow/example_dags/example_trigger_controller_dag.py
[2025-08-16T16:00:49.595+0200] {processor.py:830} INFO - Processing file /home/leoja/airflow/airflow_venv/lib/python3.12/site-packages/airflow/example_dags/example_trigger_controller_dag.py for tasks to queue
[2025-08-16T16:00:49.596+0200] {logging_mixin.py:188} INFO - [2025-08-16T16:00:49.595+0200] {dagbag.py:540} INFO - Filling up the DagBag from /home/leoja/airflow/airflow_venv/lib/python3.12/site-packages/airflow/example_dags/example_trigger_controller_dag.py
[2025-08-16T16:00:49.601+0200] {processor.py:840} INFO - DAG(s) 'example_trigger_controller_dag' retrieved from /home/leoja/airflow/airflow_venv/lib/python3.12/site-packages/airflow/example_dags/example_trigger_controller_dag.py
[2025-08-16T16:00:49.616+0200] {logging_mixin.py:188} INFO - [2025-08-16T16:00:49.616+0200] {dag.py:3096} INFO - Sync 1 DAGs
[2025-08-16T16:00:49.636+0200] {logging_mixin.py:188} INFO - [2025-08-16T16:00:49.636+0200] {dag.py:3954} INFO - Setting next_dagrun for example_trigger_controller_dag to 2021-01-01 00:00:00+00:00, run_after=2021-01-01 00:00:00+00:00
[2025-08-16T16:00:49.671+0200] {processor.py:183} INFO - Processing /home/leoja/airflow/airflow_venv/lib/python3.12/site-packages/airflow/example_dags/example_trigger_controller_dag.py took 0.094 seconds
[2025-08-16T16:01:45.801+0200] {processor.py:161} INFO - Started process (PID=18676) to work on /home/leoja/airflow/airflow_venv/lib/python3.12/site-packages/airflow/example_dags/example_trigger_controller_dag.py
[2025-08-16T16:01:45.803+0200] {processor.py:830} INFO - Processing file /home/leoja/airflow/airflow_venv/lib/python3.12/site-packages/airflow/example_dags/example_trigger_controller_dag.py for tasks to queue
[2025-08-16T16:01:45.804+0200] {logging_mixin.py:188} INFO - [2025-08-16T16:01:45.803+0200] {dagbag.py:540} INFO - Filling up the DagBag from /home/leoja/airflow/airflow_venv/lib/python3.12/site-packages/airflow/example_dags/example_trigger_controller_dag.py
[2025-08-16T16:01:45.807+0200] {processor.py:840} INFO - DAG(s) 'example_trigger_controller_dag' retrieved from /home/leoja/airflow/airflow_venv/lib/python3.12/site-packages/airflow/example_dags/example_trigger_controller_dag.py
[2025-08-16T16:01:45.819+0200] {logging_mixin.py:188} INFO - [2025-08-16T16:01:45.819+0200] {dag.py:3096} INFO - Sync 1 DAGs
[2025-08-16T16:01:45.829+0200] {logging_mixin.py:188} INFO - [2025-08-16T16:01:45.829+0200] {dag.py:3954} INFO - Setting next_dagrun for example_trigger_controller_dag to 2021-01-01 00:00:00+00:00, run_after=2021-01-01 00:00:00+00:00
[2025-08-16T16:01:45.866+0200] {processor.py:183} INFO - Processing /home/leoja/airflow/airflow_venv/lib/python3.12/site-packages/airflow/example_dags/example_trigger_controller_dag.py took 0.070 seconds
[2025-08-16T16:02:41.397+0200] {processor.py:161} INFO - Started process (PID=19088) to work on /home/leoja/airflow/airflow_venv/lib/python3.12/site-packages/airflow/example_dags/example_trigger_controller_dag.py
[2025-08-16T16:02:41.406+0200] {processor.py:830} INFO - Processing file /home/leoja/airflow/airflow_venv/lib/python3.12/site-packages/airflow/example_dags/example_trigger_controller_dag.py for tasks to queue
[2025-08-16T16:02:41.407+0200] {logging_mixin.py:188} INFO - [2025-08-16T16:02:41.406+0200] {dagbag.py:540} INFO - Filling up the DagBag from /home/leoja/airflow/airflow_venv/lib/python3.12/site-packages/airflow/example_dags/example_trigger_controller_dag.py
[2025-08-16T16:02:41.410+0200] {processor.py:840} INFO - DAG(s) 'example_trigger_controller_dag' retrieved from /home/leoja/airflow/airflow_venv/lib/python3.12/site-packages/airflow/example_dags/example_trigger_controller_dag.py
[2025-08-16T16:02:41.423+0200] {logging_mixin.py:188} INFO - [2025-08-16T16:02:41.423+0200] {dag.py:3096} INFO - Sync 1 DAGs
[2025-08-16T16:02:41.438+0200] {logging_mixin.py:188} INFO - [2025-08-16T16:02:41.438+0200] {dag.py:3954} INFO - Setting next_dagrun for example_trigger_controller_dag to 2021-01-01 00:00:00+00:00, run_after=2021-01-01 00:00:00+00:00
[2025-08-16T16:02:41.465+0200] {processor.py:183} INFO - Processing /home/leoja/airflow/airflow_venv/lib/python3.12/site-packages/airflow/example_dags/example_trigger_controller_dag.py took 0.073 seconds
[2025-08-16T16:03:35.950+0200] {processor.py:161} INFO - Started process (PID=19467) to work on /home/leoja/airflow/airflow_venv/lib/python3.12/site-packages/airflow/example_dags/example_trigger_controller_dag.py
[2025-08-16T16:03:35.951+0200] {processor.py:830} INFO - Processing file /home/leoja/airflow/airflow_venv/lib/python3.12/site-packages/airflow/example_dags/example_trigger_controller_dag.py for tasks to queue
[2025-08-16T16:03:35.952+0200] {logging_mixin.py:188} INFO - [2025-08-16T16:03:35.952+0200] {dagbag.py:540} INFO - Filling up the DagBag from /home/leoja/airflow/airflow_venv/lib/python3.12/site-packages/airflow/example_dags/example_trigger_controller_dag.py
[2025-08-16T16:03:35.956+0200] {processor.py:840} INFO - DAG(s) 'example_trigger_controller_dag' retrieved from /home/leoja/airflow/airflow_venv/lib/python3.12/site-packages/airflow/example_dags/example_trigger_controller_dag.py
[2025-08-16T16:03:35.969+0200] {logging_mixin.py:188} INFO - [2025-08-16T16:03:35.968+0200] {dag.py:3096} INFO - Sync 1 DAGs
[2025-08-16T16:03:35.982+0200] {logging_mixin.py:188} INFO - [2025-08-16T16:03:35.982+0200] {dag.py:3954} INFO - Setting next_dagrun for example_trigger_controller_dag to 2021-01-01 00:00:00+00:00, run_after=2021-01-01 00:00:00+00:00
[2025-08-16T16:03:36.009+0200] {processor.py:183} INFO - Processing /home/leoja/airflow/airflow_venv/lib/python3.12/site-packages/airflow/example_dags/example_trigger_controller_dag.py took 0.064 seconds
[2025-08-16T16:04:50.303+0200] {processor.py:161} INFO - Started process (PID=20173) to work on /home/leoja/airflow/airflow_venv/lib/python3.12/site-packages/airflow/example_dags/example_trigger_controller_dag.py
[2025-08-16T16:04:50.305+0200] {processor.py:830} INFO - Processing file /home/leoja/airflow/airflow_venv/lib/python3.12/site-packages/airflow/example_dags/example_trigger_controller_dag.py for tasks to queue
[2025-08-16T16:04:50.306+0200] {logging_mixin.py:188} INFO - [2025-08-16T16:04:50.305+0200] {dagbag.py:540} INFO - Filling up the DagBag from /home/leoja/airflow/airflow_venv/lib/python3.12/site-packages/airflow/example_dags/example_trigger_controller_dag.py
[2025-08-16T16:04:50.311+0200] {processor.py:840} INFO - DAG(s) 'example_trigger_controller_dag' retrieved from /home/leoja/airflow/airflow_venv/lib/python3.12/site-packages/airflow/example_dags/example_trigger_controller_dag.py
[2025-08-16T16:04:50.327+0200] {logging_mixin.py:188} INFO - [2025-08-16T16:04:50.326+0200] {dag.py:3096} INFO - Sync 1 DAGs
[2025-08-16T16:04:50.339+0200] {logging_mixin.py:188} INFO - [2025-08-16T16:04:50.339+0200] {dag.py:3954} INFO - Setting next_dagrun for example_trigger_controller_dag to 2021-01-01 00:00:00+00:00, run_after=2021-01-01 00:00:00+00:00
[2025-08-16T16:04:50.359+0200] {processor.py:183} INFO - Processing /home/leoja/airflow/airflow_venv/lib/python3.12/site-packages/airflow/example_dags/example_trigger_controller_dag.py took 0.062 seconds
[2025-08-16T16:05:43.100+0200] {processor.py:161} INFO - Started process (PID=20676) to work on /home/leoja/airflow/airflow_venv/lib/python3.12/site-packages/airflow/example_dags/example_trigger_controller_dag.py
[2025-08-16T16:05:43.106+0200] {processor.py:830} INFO - Processing file /home/leoja/airflow/airflow_venv/lib/python3.12/site-packages/airflow/example_dags/example_trigger_controller_dag.py for tasks to queue
[2025-08-16T16:05:43.107+0200] {logging_mixin.py:188} INFO - [2025-08-16T16:05:43.106+0200] {dagbag.py:540} INFO - Filling up the DagBag from /home/leoja/airflow/airflow_venv/lib/python3.12/site-packages/airflow/example_dags/example_trigger_controller_dag.py
[2025-08-16T16:05:43.110+0200] {processor.py:840} INFO - DAG(s) 'example_trigger_controller_dag' retrieved from /home/leoja/airflow/airflow_venv/lib/python3.12/site-packages/airflow/example_dags/example_trigger_controller_dag.py
[2025-08-16T16:05:43.122+0200] {logging_mixin.py:188} INFO - [2025-08-16T16:05:43.122+0200] {dag.py:3096} INFO - Sync 1 DAGs
[2025-08-16T16:05:43.133+0200] {logging_mixin.py:188} INFO - [2025-08-16T16:05:43.133+0200] {dag.py:3954} INFO - Setting next_dagrun for example_trigger_controller_dag to 2021-01-01 00:00:00+00:00, run_after=2021-01-01 00:00:00+00:00
[2025-08-16T16:05:43.159+0200] {processor.py:183} INFO - Processing /home/leoja/airflow/airflow_venv/lib/python3.12/site-packages/airflow/example_dags/example_trigger_controller_dag.py took 0.064 seconds
[2025-08-16T16:06:51.177+0200] {processor.py:161} INFO - Started process (PID=21007) to work on /home/leoja/airflow/airflow_venv/lib/python3.12/site-packages/airflow/example_dags/example_trigger_controller_dag.py
[2025-08-16T16:06:51.178+0200] {processor.py:830} INFO - Processing file /home/leoja/airflow/airflow_venv/lib/python3.12/site-packages/airflow/example_dags/example_trigger_controller_dag.py for tasks to queue
[2025-08-16T16:06:51.179+0200] {logging_mixin.py:188} INFO - [2025-08-16T16:06:51.179+0200] {dagbag.py:540} INFO - Filling up the DagBag from /home/leoja/airflow/airflow_venv/lib/python3.12/site-packages/airflow/example_dags/example_trigger_controller_dag.py
[2025-08-16T16:06:51.183+0200] {processor.py:840} INFO - DAG(s) 'example_trigger_controller_dag' retrieved from /home/leoja/airflow/airflow_venv/lib/python3.12/site-packages/airflow/example_dags/example_trigger_controller_dag.py
[2025-08-16T16:06:51.195+0200] {logging_mixin.py:188} INFO - [2025-08-16T16:06:51.195+0200] {dag.py:3096} INFO - Sync 1 DAGs
[2025-08-16T16:06:51.207+0200] {logging_mixin.py:188} INFO - [2025-08-16T16:06:51.207+0200] {dag.py:3954} INFO - Setting next_dagrun for example_trigger_controller_dag to 2021-01-01 00:00:00+00:00, run_after=2021-01-01 00:00:00+00:00
[2025-08-16T16:06:51.229+0200] {processor.py:183} INFO - Processing /home/leoja/airflow/airflow_venv/lib/python3.12/site-packages/airflow/example_dags/example_trigger_controller_dag.py took 0.057 seconds
[2025-08-16T16:08:02.278+0200] {processor.py:161} INFO - Started process (PID=21437) to work on /home/leoja/airflow/airflow_venv/lib/python3.12/site-packages/airflow/example_dags/example_trigger_controller_dag.py
[2025-08-16T16:08:02.282+0200] {processor.py:830} INFO - Processing file /home/leoja/airflow/airflow_venv/lib/python3.12/site-packages/airflow/example_dags/example_trigger_controller_dag.py for tasks to queue
[2025-08-16T16:08:02.283+0200] {logging_mixin.py:188} INFO - [2025-08-16T16:08:02.282+0200] {dagbag.py:540} INFO - Filling up the DagBag from /home/leoja/airflow/airflow_venv/lib/python3.12/site-packages/airflow/example_dags/example_trigger_controller_dag.py
[2025-08-16T16:08:02.291+0200] {processor.py:840} INFO - DAG(s) 'example_trigger_controller_dag' retrieved from /home/leoja/airflow/airflow_venv/lib/python3.12/site-packages/airflow/example_dags/example_trigger_controller_dag.py
[2025-08-16T16:08:02.312+0200] {logging_mixin.py:188} INFO - [2025-08-16T16:08:02.312+0200] {dag.py:3096} INFO - Sync 1 DAGs
[2025-08-16T16:08:02.332+0200] {logging_mixin.py:188} INFO - [2025-08-16T16:08:02.331+0200] {dag.py:3954} INFO - Setting next_dagrun for example_trigger_controller_dag to 2021-01-01 00:00:00+00:00, run_after=2021-01-01 00:00:00+00:00
[2025-08-16T16:08:02.511+0200] {processor.py:183} INFO - Processing /home/leoja/airflow/airflow_venv/lib/python3.12/site-packages/airflow/example_dags/example_trigger_controller_dag.py took 0.240 seconds
[2025-08-16T16:09:15.468+0200] {processor.py:161} INFO - Started process (PID=21831) to work on /home/leoja/airflow/airflow_venv/lib/python3.12/site-packages/airflow/example_dags/example_trigger_controller_dag.py
[2025-08-16T16:09:15.469+0200] {processor.py:830} INFO - Processing file /home/leoja/airflow/airflow_venv/lib/python3.12/site-packages/airflow/example_dags/example_trigger_controller_dag.py for tasks to queue
[2025-08-16T16:09:15.470+0200] {logging_mixin.py:188} INFO - [2025-08-16T16:09:15.470+0200] {dagbag.py:540} INFO - Filling up the DagBag from /home/leoja/airflow/airflow_venv/lib/python3.12/site-packages/airflow/example_dags/example_trigger_controller_dag.py
[2025-08-16T16:09:15.474+0200] {processor.py:840} INFO - DAG(s) 'example_trigger_controller_dag' retrieved from /home/leoja/airflow/airflow_venv/lib/python3.12/site-packages/airflow/example_dags/example_trigger_controller_dag.py
[2025-08-16T16:09:15.488+0200] {logging_mixin.py:188} INFO - [2025-08-16T16:09:15.488+0200] {dag.py:3096} INFO - Sync 1 DAGs
[2025-08-16T16:09:15.505+0200] {logging_mixin.py:188} INFO - [2025-08-16T16:09:15.504+0200] {dag.py:3954} INFO - Setting next_dagrun for example_trigger_controller_dag to 2021-01-01 00:00:00+00:00, run_after=2021-01-01 00:00:00+00:00
[2025-08-16T16:09:15.530+0200] {processor.py:183} INFO - Processing /home/leoja/airflow/airflow_venv/lib/python3.12/site-packages/airflow/example_dags/example_trigger_controller_dag.py took 0.068 seconds
[2025-08-16T16:10:13.296+0200] {processor.py:161} INFO - Started process (PID=22132) to work on /home/leoja/airflow/airflow_venv/lib/python3.12/site-packages/airflow/example_dags/example_trigger_controller_dag.py
[2025-08-16T16:10:13.298+0200] {processor.py:830} INFO - Processing file /home/leoja/airflow/airflow_venv/lib/python3.12/site-packages/airflow/example_dags/example_trigger_controller_dag.py for tasks to queue
[2025-08-16T16:10:13.300+0200] {logging_mixin.py:188} INFO - [2025-08-16T16:10:13.299+0200] {dagbag.py:540} INFO - Filling up the DagBag from /home/leoja/airflow/airflow_venv/lib/python3.12/site-packages/airflow/example_dags/example_trigger_controller_dag.py
[2025-08-16T16:10:13.311+0200] {processor.py:840} INFO - DAG(s) 'example_trigger_controller_dag' retrieved from /home/leoja/airflow/airflow_venv/lib/python3.12/site-packages/airflow/example_dags/example_trigger_controller_dag.py
[2025-08-16T16:10:13.352+0200] {logging_mixin.py:188} INFO - [2025-08-16T16:10:13.352+0200] {dag.py:3096} INFO - Sync 1 DAGs
[2025-08-16T16:10:13.404+0200] {logging_mixin.py:188} INFO - [2025-08-16T16:10:13.403+0200] {dag.py:3954} INFO - Setting next_dagrun for example_trigger_controller_dag to 2021-01-01 00:00:00+00:00, run_after=2021-01-01 00:00:00+00:00
[2025-08-16T16:10:13.462+0200] {processor.py:183} INFO - Processing /home/leoja/airflow/airflow_venv/lib/python3.12/site-packages/airflow/example_dags/example_trigger_controller_dag.py took 0.180 seconds
[2025-08-16T16:11:14.827+0200] {processor.py:161} INFO - Started process (PID=22465) to work on /home/leoja/airflow/airflow_venv/lib/python3.12/site-packages/airflow/example_dags/example_trigger_controller_dag.py
[2025-08-16T16:11:14.829+0200] {processor.py:830} INFO - Processing file /home/leoja/airflow/airflow_venv/lib/python3.12/site-packages/airflow/example_dags/example_trigger_controller_dag.py for tasks to queue
[2025-08-16T16:11:14.831+0200] {logging_mixin.py:188} INFO - [2025-08-16T16:11:14.830+0200] {dagbag.py:540} INFO - Filling up the DagBag from /home/leoja/airflow/airflow_venv/lib/python3.12/site-packages/airflow/example_dags/example_trigger_controller_dag.py
[2025-08-16T16:11:14.846+0200] {processor.py:840} INFO - DAG(s) 'example_trigger_controller_dag' retrieved from /home/leoja/airflow/airflow_venv/lib/python3.12/site-packages/airflow/example_dags/example_trigger_controller_dag.py
[2025-08-16T16:11:14.870+0200] {logging_mixin.py:188} INFO - [2025-08-16T16:11:14.870+0200] {dag.py:3096} INFO - Sync 1 DAGs
[2025-08-16T16:11:14.903+0200] {logging_mixin.py:188} INFO - [2025-08-16T16:11:14.903+0200] {dag.py:3954} INFO - Setting next_dagrun for example_trigger_controller_dag to 2021-01-01 00:00:00+00:00, run_after=2021-01-01 00:00:00+00:00
[2025-08-16T16:11:15.224+0200] {processor.py:183} INFO - Processing /home/leoja/airflow/airflow_venv/lib/python3.12/site-packages/airflow/example_dags/example_trigger_controller_dag.py took 0.412 seconds
[2025-08-16T16:12:30.202+0200] {processor.py:161} INFO - Started process (PID=22871) to work on /home/leoja/airflow/airflow_venv/lib/python3.12/site-packages/airflow/example_dags/example_trigger_controller_dag.py
[2025-08-16T16:12:30.204+0200] {processor.py:830} INFO - Processing file /home/leoja/airflow/airflow_venv/lib/python3.12/site-packages/airflow/example_dags/example_trigger_controller_dag.py for tasks to queue
[2025-08-16T16:12:30.206+0200] {logging_mixin.py:188} INFO - [2025-08-16T16:12:30.205+0200] {dagbag.py:540} INFO - Filling up the DagBag from /home/leoja/airflow/airflow_venv/lib/python3.12/site-packages/airflow/example_dags/example_trigger_controller_dag.py
[2025-08-16T16:12:30.213+0200] {processor.py:840} INFO - DAG(s) 'example_trigger_controller_dag' retrieved from /home/leoja/airflow/airflow_venv/lib/python3.12/site-packages/airflow/example_dags/example_trigger_controller_dag.py
[2025-08-16T16:12:30.242+0200] {logging_mixin.py:188} INFO - [2025-08-16T16:12:30.241+0200] {dag.py:3096} INFO - Sync 1 DAGs
[2025-08-16T16:12:30.268+0200] {logging_mixin.py:188} INFO - [2025-08-16T16:12:30.267+0200] {dag.py:3954} INFO - Setting next_dagrun for example_trigger_controller_dag to 2021-01-01 00:00:00+00:00, run_after=2021-01-01 00:00:00+00:00
[2025-08-16T16:12:30.327+0200] {processor.py:183} INFO - Processing /home/leoja/airflow/airflow_venv/lib/python3.12/site-packages/airflow/example_dags/example_trigger_controller_dag.py took 0.137 seconds
[2025-08-16T16:13:41.721+0200] {processor.py:161} INFO - Started process (PID=23276) to work on /home/leoja/airflow/airflow_venv/lib/python3.12/site-packages/airflow/example_dags/example_trigger_controller_dag.py
[2025-08-16T16:13:41.724+0200] {processor.py:830} INFO - Processing file /home/leoja/airflow/airflow_venv/lib/python3.12/site-packages/airflow/example_dags/example_trigger_controller_dag.py for tasks to queue
[2025-08-16T16:13:41.725+0200] {logging_mixin.py:188} INFO - [2025-08-16T16:13:41.725+0200] {dagbag.py:540} INFO - Filling up the DagBag from /home/leoja/airflow/airflow_venv/lib/python3.12/site-packages/airflow/example_dags/example_trigger_controller_dag.py
[2025-08-16T16:13:41.739+0200] {processor.py:840} INFO - DAG(s) 'example_trigger_controller_dag' retrieved from /home/leoja/airflow/airflow_venv/lib/python3.12/site-packages/airflow/example_dags/example_trigger_controller_dag.py
[2025-08-16T16:13:41.779+0200] {logging_mixin.py:188} INFO - [2025-08-16T16:13:41.778+0200] {dag.py:3096} INFO - Sync 1 DAGs
[2025-08-16T16:13:41.833+0200] {logging_mixin.py:188} INFO - [2025-08-16T16:13:41.833+0200] {dag.py:3954} INFO - Setting next_dagrun for example_trigger_controller_dag to 2021-01-01 00:00:00+00:00, run_after=2021-01-01 00:00:00+00:00
[2025-08-16T16:13:41.974+0200] {processor.py:183} INFO - Processing /home/leoja/airflow/airflow_venv/lib/python3.12/site-packages/airflow/example_dags/example_trigger_controller_dag.py took 0.273 seconds
