[2025-08-16T14:16:36.837+0200] {processor.py:161} INFO - Started process (PID=3925) to work on /home/leoja/airflow/airflow_venv/lib/python3.12/site-packages/airflow/example_dags/example_sensors.py
[2025-08-16T14:16:36.839+0200] {processor.py:830} INFO - Processing file /home/leoja/airflow/airflow_venv/lib/python3.12/site-packages/airflow/example_dags/example_sensors.py for tasks to queue
[2025-08-16T14:16:36.840+0200] {logging_mixin.py:188} INFO - [2025-08-16T14:16:36.840+0200] {dagbag.py:540} INFO - Filling up the DagBag from /home/leoja/airflow/airflow_venv/lib/python3.12/site-packages/airflow/example_dags/example_sensors.py
[2025-08-16T14:16:36.859+0200] {processor.py:840} INFO - DAG(s) 'example_sensors' retrieved from /home/leoja/airflow/airflow_venv/lib/python3.12/site-packages/airflow/example_dags/example_sensors.py
[2025-08-16T14:16:37.040+0200] {logging_mixin.py:188} INFO - [2025-08-16T14:16:37.040+0200] {dag.py:3096} INFO - Sync 1 DAGs
[2025-08-16T14:16:37.050+0200] {logging_mixin.py:188} INFO - [2025-08-16T14:16:37.050+0200] {dag.py:3954} INFO - Setting next_dagrun for example_sensors to None, run_after=None
[2025-08-16T14:16:37.105+0200] {processor.py:183} INFO - Processing /home/leoja/airflow/airflow_venv/lib/python3.12/site-packages/airflow/example_dags/example_sensors.py took 0.276 seconds
[2025-08-16T14:17:32.777+0200] {processor.py:161} INFO - Started process (PID=4254) to work on /home/leoja/airflow/airflow_venv/lib/python3.12/site-packages/airflow/example_dags/example_sensors.py
[2025-08-16T14:17:32.779+0200] {processor.py:830} INFO - Processing file /home/leoja/airflow/airflow_venv/lib/python3.12/site-packages/airflow/example_dags/example_sensors.py for tasks to queue
[2025-08-16T14:17:32.780+0200] {logging_mixin.py:188} INFO - [2025-08-16T14:17:32.780+0200] {dagbag.py:540} INFO - Filling up the DagBag from /home/leoja/airflow/airflow_venv/lib/python3.12/site-packages/airflow/example_dags/example_sensors.py
[2025-08-16T14:17:32.790+0200] {processor.py:840} INFO - DAG(s) 'example_sensors' retrieved from /home/leoja/airflow/airflow_venv/lib/python3.12/site-packages/airflow/example_dags/example_sensors.py
[2025-08-16T14:17:32.812+0200] {logging_mixin.py:188} INFO - [2025-08-16T14:17:32.812+0200] {dag.py:3096} INFO - Sync 1 DAGs
[2025-08-16T14:17:32.821+0200] {logging_mixin.py:188} INFO - [2025-08-16T14:17:32.821+0200] {dag.py:3954} INFO - Setting next_dagrun for example_sensors to None, run_after=None
[2025-08-16T14:17:32.847+0200] {processor.py:183} INFO - Processing /home/leoja/airflow/airflow_venv/lib/python3.12/site-packages/airflow/example_dags/example_sensors.py took 0.076 seconds
[2025-08-16T14:18:24.853+0200] {processor.py:161} INFO - Started process (PID=4436) to work on /home/leoja/airflow/airflow_venv/lib/python3.12/site-packages/airflow/example_dags/example_sensors.py
[2025-08-16T14:18:24.869+0200] {processor.py:830} INFO - Processing file /home/leoja/airflow/airflow_venv/lib/python3.12/site-packages/airflow/example_dags/example_sensors.py for tasks to queue
[2025-08-16T14:18:24.871+0200] {logging_mixin.py:188} INFO - [2025-08-16T14:18:24.870+0200] {dagbag.py:540} INFO - Filling up the DagBag from /home/leoja/airflow/airflow_venv/lib/python3.12/site-packages/airflow/example_dags/example_sensors.py
[2025-08-16T14:18:24.882+0200] {processor.py:840} INFO - DAG(s) 'example_sensors' retrieved from /home/leoja/airflow/airflow_venv/lib/python3.12/site-packages/airflow/example_dags/example_sensors.py
[2025-08-16T14:18:24.899+0200] {logging_mixin.py:188} INFO - [2025-08-16T14:18:24.899+0200] {dag.py:3096} INFO - Sync 1 DAGs
[2025-08-16T14:18:24.907+0200] {logging_mixin.py:188} INFO - [2025-08-16T14:18:24.907+0200] {dag.py:3954} INFO - Setting next_dagrun for example_sensors to None, run_after=None
[2025-08-16T14:18:24.945+0200] {processor.py:183} INFO - Processing /home/leoja/airflow/airflow_venv/lib/python3.12/site-packages/airflow/example_dags/example_sensors.py took 0.098 seconds
[2025-08-16T14:19:15.124+0200] {processor.py:161} INFO - Started process (PID=4715) to work on /home/leoja/airflow/airflow_venv/lib/python3.12/site-packages/airflow/example_dags/example_sensors.py
[2025-08-16T14:19:15.139+0200] {processor.py:830} INFO - Processing file /home/leoja/airflow/airflow_venv/lib/python3.12/site-packages/airflow/example_dags/example_sensors.py for tasks to queue
[2025-08-16T14:19:15.140+0200] {logging_mixin.py:188} INFO - [2025-08-16T14:19:15.139+0200] {dagbag.py:540} INFO - Filling up the DagBag from /home/leoja/airflow/airflow_venv/lib/python3.12/site-packages/airflow/example_dags/example_sensors.py
[2025-08-16T14:19:15.149+0200] {processor.py:840} INFO - DAG(s) 'example_sensors' retrieved from /home/leoja/airflow/airflow_venv/lib/python3.12/site-packages/airflow/example_dags/example_sensors.py
[2025-08-16T14:19:15.168+0200] {logging_mixin.py:188} INFO - [2025-08-16T14:19:15.168+0200] {dag.py:3096} INFO - Sync 1 DAGs
[2025-08-16T14:19:15.178+0200] {logging_mixin.py:188} INFO - [2025-08-16T14:19:15.178+0200] {dag.py:3954} INFO - Setting next_dagrun for example_sensors to None, run_after=None
[2025-08-16T14:19:15.216+0200] {processor.py:183} INFO - Processing /home/leoja/airflow/airflow_venv/lib/python3.12/site-packages/airflow/example_dags/example_sensors.py took 0.096 seconds
[2025-08-16T14:20:02.943+0200] {processor.py:161} INFO - Started process (PID=4991) to work on /home/leoja/airflow/airflow_venv/lib/python3.12/site-packages/airflow/example_dags/example_sensors.py
[2025-08-16T14:20:02.951+0200] {processor.py:830} INFO - Processing file /home/leoja/airflow/airflow_venv/lib/python3.12/site-packages/airflow/example_dags/example_sensors.py for tasks to queue
[2025-08-16T14:20:02.951+0200] {logging_mixin.py:188} INFO - [2025-08-16T14:20:02.951+0200] {dagbag.py:540} INFO - Filling up the DagBag from /home/leoja/airflow/airflow_venv/lib/python3.12/site-packages/airflow/example_dags/example_sensors.py
[2025-08-16T14:20:02.959+0200] {processor.py:840} INFO - DAG(s) 'example_sensors' retrieved from /home/leoja/airflow/airflow_venv/lib/python3.12/site-packages/airflow/example_dags/example_sensors.py
[2025-08-16T14:20:02.978+0200] {logging_mixin.py:188} INFO - [2025-08-16T14:20:02.978+0200] {dag.py:3096} INFO - Sync 1 DAGs
[2025-08-16T14:20:02.989+0200] {logging_mixin.py:188} INFO - [2025-08-16T14:20:02.989+0200] {dag.py:3954} INFO - Setting next_dagrun for example_sensors to None, run_after=None
[2025-08-16T14:20:03.038+0200] {processor.py:183} INFO - Processing /home/leoja/airflow/airflow_venv/lib/python3.12/site-packages/airflow/example_dags/example_sensors.py took 0.102 seconds
[2025-08-16T14:20:48.817+0200] {processor.py:161} INFO - Started process (PID=5254) to work on /home/leoja/airflow/airflow_venv/lib/python3.12/site-packages/airflow/example_dags/example_sensors.py
[2025-08-16T14:20:48.819+0200] {processor.py:830} INFO - Processing file /home/leoja/airflow/airflow_venv/lib/python3.12/site-packages/airflow/example_dags/example_sensors.py for tasks to queue
[2025-08-16T14:20:48.820+0200] {logging_mixin.py:188} INFO - [2025-08-16T14:20:48.819+0200] {dagbag.py:540} INFO - Filling up the DagBag from /home/leoja/airflow/airflow_venv/lib/python3.12/site-packages/airflow/example_dags/example_sensors.py
[2025-08-16T14:20:48.836+0200] {processor.py:840} INFO - DAG(s) 'example_sensors' retrieved from /home/leoja/airflow/airflow_venv/lib/python3.12/site-packages/airflow/example_dags/example_sensors.py
[2025-08-16T14:20:48.857+0200] {logging_mixin.py:188} INFO - [2025-08-16T14:20:48.857+0200] {dag.py:3096} INFO - Sync 1 DAGs
[2025-08-16T14:20:48.868+0200] {logging_mixin.py:188} INFO - [2025-08-16T14:20:48.868+0200] {dag.py:3954} INFO - Setting next_dagrun for example_sensors to None, run_after=None
[2025-08-16T14:20:48.906+0200] {processor.py:183} INFO - Processing /home/leoja/airflow/airflow_venv/lib/python3.12/site-packages/airflow/example_dags/example_sensors.py took 0.101 seconds
[2025-08-16T14:21:40.855+0200] {processor.py:161} INFO - Started process (PID=5568) to work on /home/leoja/airflow/airflow_venv/lib/python3.12/site-packages/airflow/example_dags/example_sensors.py
[2025-08-16T14:21:40.857+0200] {processor.py:830} INFO - Processing file /home/leoja/airflow/airflow_venv/lib/python3.12/site-packages/airflow/example_dags/example_sensors.py for tasks to queue
[2025-08-16T14:21:40.858+0200] {logging_mixin.py:188} INFO - [2025-08-16T14:21:40.857+0200] {dagbag.py:540} INFO - Filling up the DagBag from /home/leoja/airflow/airflow_venv/lib/python3.12/site-packages/airflow/example_dags/example_sensors.py
[2025-08-16T14:21:40.865+0200] {processor.py:840} INFO - DAG(s) 'example_sensors' retrieved from /home/leoja/airflow/airflow_venv/lib/python3.12/site-packages/airflow/example_dags/example_sensors.py
[2025-08-16T14:21:40.881+0200] {logging_mixin.py:188} INFO - [2025-08-16T14:21:40.880+0200] {dag.py:3096} INFO - Sync 1 DAGs
[2025-08-16T14:21:40.890+0200] {logging_mixin.py:188} INFO - [2025-08-16T14:21:40.889+0200] {dag.py:3954} INFO - Setting next_dagrun for example_sensors to None, run_after=None
[2025-08-16T14:21:40.920+0200] {processor.py:183} INFO - Processing /home/leoja/airflow/airflow_venv/lib/python3.12/site-packages/airflow/example_dags/example_sensors.py took 0.070 seconds
[2025-08-16T14:22:31.750+0200] {processor.py:161} INFO - Started process (PID=5864) to work on /home/leoja/airflow/airflow_venv/lib/python3.12/site-packages/airflow/example_dags/example_sensors.py
[2025-08-16T14:22:31.753+0200] {processor.py:830} INFO - Processing file /home/leoja/airflow/airflow_venv/lib/python3.12/site-packages/airflow/example_dags/example_sensors.py for tasks to queue
[2025-08-16T14:22:31.754+0200] {logging_mixin.py:188} INFO - [2025-08-16T14:22:31.753+0200] {dagbag.py:540} INFO - Filling up the DagBag from /home/leoja/airflow/airflow_venv/lib/python3.12/site-packages/airflow/example_dags/example_sensors.py
[2025-08-16T14:22:31.761+0200] {processor.py:840} INFO - DAG(s) 'example_sensors' retrieved from /home/leoja/airflow/airflow_venv/lib/python3.12/site-packages/airflow/example_dags/example_sensors.py
[2025-08-16T14:22:31.780+0200] {logging_mixin.py:188} INFO - [2025-08-16T14:22:31.779+0200] {dag.py:3096} INFO - Sync 1 DAGs
[2025-08-16T14:22:31.787+0200] {logging_mixin.py:188} INFO - [2025-08-16T14:22:31.787+0200] {dag.py:3954} INFO - Setting next_dagrun for example_sensors to None, run_after=None
[2025-08-16T14:22:31.811+0200] {processor.py:183} INFO - Processing /home/leoja/airflow/airflow_venv/lib/python3.12/site-packages/airflow/example_dags/example_sensors.py took 0.066 seconds
[2025-08-16T14:23:17.875+0200] {processor.py:161} INFO - Started process (PID=6109) to work on /home/leoja/airflow/airflow_venv/lib/python3.12/site-packages/airflow/example_dags/example_sensors.py
[2025-08-16T14:23:17.878+0200] {processor.py:830} INFO - Processing file /home/leoja/airflow/airflow_venv/lib/python3.12/site-packages/airflow/example_dags/example_sensors.py for tasks to queue
[2025-08-16T14:23:17.879+0200] {logging_mixin.py:188} INFO - [2025-08-16T14:23:17.878+0200] {dagbag.py:540} INFO - Filling up the DagBag from /home/leoja/airflow/airflow_venv/lib/python3.12/site-packages/airflow/example_dags/example_sensors.py
[2025-08-16T14:23:17.890+0200] {processor.py:840} INFO - DAG(s) 'example_sensors' retrieved from /home/leoja/airflow/airflow_venv/lib/python3.12/site-packages/airflow/example_dags/example_sensors.py
[2025-08-16T14:23:17.910+0200] {logging_mixin.py:188} INFO - [2025-08-16T14:23:17.910+0200] {dag.py:3096} INFO - Sync 1 DAGs
[2025-08-16T14:23:17.922+0200] {logging_mixin.py:188} INFO - [2025-08-16T14:23:17.922+0200] {dag.py:3954} INFO - Setting next_dagrun for example_sensors to None, run_after=None
[2025-08-16T14:23:17.960+0200] {processor.py:183} INFO - Processing /home/leoja/airflow/airflow_venv/lib/python3.12/site-packages/airflow/example_dags/example_sensors.py took 0.091 seconds
[2025-08-16T14:24:07.517+0200] {processor.py:161} INFO - Started process (PID=6416) to work on /home/leoja/airflow/airflow_venv/lib/python3.12/site-packages/airflow/example_dags/example_sensors.py
[2025-08-16T14:24:07.520+0200] {processor.py:830} INFO - Processing file /home/leoja/airflow/airflow_venv/lib/python3.12/site-packages/airflow/example_dags/example_sensors.py for tasks to queue
[2025-08-16T14:24:07.522+0200] {logging_mixin.py:188} INFO - [2025-08-16T14:24:07.521+0200] {dagbag.py:540} INFO - Filling up the DagBag from /home/leoja/airflow/airflow_venv/lib/python3.12/site-packages/airflow/example_dags/example_sensors.py
[2025-08-16T14:24:07.537+0200] {processor.py:840} INFO - DAG(s) 'example_sensors' retrieved from /home/leoja/airflow/airflow_venv/lib/python3.12/site-packages/airflow/example_dags/example_sensors.py
[2025-08-16T14:24:07.560+0200] {logging_mixin.py:188} INFO - [2025-08-16T14:24:07.560+0200] {dag.py:3096} INFO - Sync 1 DAGs
[2025-08-16T14:24:07.569+0200] {logging_mixin.py:188} INFO - [2025-08-16T14:24:07.569+0200] {dag.py:3954} INFO - Setting next_dagrun for example_sensors to None, run_after=None
[2025-08-16T14:24:07.601+0200] {processor.py:183} INFO - Processing /home/leoja/airflow/airflow_venv/lib/python3.12/site-packages/airflow/example_dags/example_sensors.py took 0.096 seconds
[2025-08-16T14:24:57.243+0200] {processor.py:161} INFO - Started process (PID=6687) to work on /home/leoja/airflow/airflow_venv/lib/python3.12/site-packages/airflow/example_dags/example_sensors.py
[2025-08-16T14:24:57.244+0200] {processor.py:830} INFO - Processing file /home/leoja/airflow/airflow_venv/lib/python3.12/site-packages/airflow/example_dags/example_sensors.py for tasks to queue
[2025-08-16T14:24:57.246+0200] {logging_mixin.py:188} INFO - [2025-08-16T14:24:57.245+0200] {dagbag.py:540} INFO - Filling up the DagBag from /home/leoja/airflow/airflow_venv/lib/python3.12/site-packages/airflow/example_dags/example_sensors.py
[2025-08-16T14:24:57.254+0200] {processor.py:840} INFO - DAG(s) 'example_sensors' retrieved from /home/leoja/airflow/airflow_venv/lib/python3.12/site-packages/airflow/example_dags/example_sensors.py
[2025-08-16T14:24:57.271+0200] {logging_mixin.py:188} INFO - [2025-08-16T14:24:57.271+0200] {dag.py:3096} INFO - Sync 1 DAGs
[2025-08-16T14:24:57.280+0200] {logging_mixin.py:188} INFO - [2025-08-16T14:24:57.280+0200] {dag.py:3954} INFO - Setting next_dagrun for example_sensors to None, run_after=None
[2025-08-16T14:24:57.314+0200] {processor.py:183} INFO - Processing /home/leoja/airflow/airflow_venv/lib/python3.12/site-packages/airflow/example_dags/example_sensors.py took 0.079 seconds
[2025-08-16T14:25:43.010+0200] {processor.py:161} INFO - Started process (PID=6930) to work on /home/leoja/airflow/airflow_venv/lib/python3.12/site-packages/airflow/example_dags/example_sensors.py
[2025-08-16T14:25:43.015+0200] {processor.py:830} INFO - Processing file /home/leoja/airflow/airflow_venv/lib/python3.12/site-packages/airflow/example_dags/example_sensors.py for tasks to queue
[2025-08-16T14:25:43.016+0200] {logging_mixin.py:188} INFO - [2025-08-16T14:25:43.015+0200] {dagbag.py:540} INFO - Filling up the DagBag from /home/leoja/airflow/airflow_venv/lib/python3.12/site-packages/airflow/example_dags/example_sensors.py
[2025-08-16T14:25:43.027+0200] {processor.py:840} INFO - DAG(s) 'example_sensors' retrieved from /home/leoja/airflow/airflow_venv/lib/python3.12/site-packages/airflow/example_dags/example_sensors.py
[2025-08-16T14:25:43.049+0200] {logging_mixin.py:188} INFO - [2025-08-16T14:25:43.049+0200] {dag.py:3096} INFO - Sync 1 DAGs
[2025-08-16T14:25:43.064+0200] {logging_mixin.py:188} INFO - [2025-08-16T14:25:43.064+0200] {dag.py:3954} INFO - Setting next_dagrun for example_sensors to None, run_after=None
[2025-08-16T14:25:43.106+0200] {processor.py:183} INFO - Processing /home/leoja/airflow/airflow_venv/lib/python3.12/site-packages/airflow/example_dags/example_sensors.py took 0.106 seconds
[2025-08-16T14:26:32.746+0200] {processor.py:161} INFO - Started process (PID=7250) to work on /home/leoja/airflow/airflow_venv/lib/python3.12/site-packages/airflow/example_dags/example_sensors.py
[2025-08-16T14:26:32.748+0200] {processor.py:830} INFO - Processing file /home/leoja/airflow/airflow_venv/lib/python3.12/site-packages/airflow/example_dags/example_sensors.py for tasks to queue
[2025-08-16T14:26:32.749+0200] {logging_mixin.py:188} INFO - [2025-08-16T14:26:32.749+0200] {dagbag.py:540} INFO - Filling up the DagBag from /home/leoja/airflow/airflow_venv/lib/python3.12/site-packages/airflow/example_dags/example_sensors.py
[2025-08-16T14:26:32.759+0200] {processor.py:840} INFO - DAG(s) 'example_sensors' retrieved from /home/leoja/airflow/airflow_venv/lib/python3.12/site-packages/airflow/example_dags/example_sensors.py
[2025-08-16T14:26:32.791+0200] {logging_mixin.py:188} INFO - [2025-08-16T14:26:32.791+0200] {dag.py:3096} INFO - Sync 1 DAGs
[2025-08-16T14:26:32.802+0200] {logging_mixin.py:188} INFO - [2025-08-16T14:26:32.802+0200] {dag.py:3954} INFO - Setting next_dagrun for example_sensors to None, run_after=None
[2025-08-16T14:26:32.828+0200] {processor.py:183} INFO - Processing /home/leoja/airflow/airflow_venv/lib/python3.12/site-packages/airflow/example_dags/example_sensors.py took 0.087 seconds
[2025-08-16T14:27:24.060+0200] {processor.py:161} INFO - Started process (PID=7558) to work on /home/leoja/airflow/airflow_venv/lib/python3.12/site-packages/airflow/example_dags/example_sensors.py
[2025-08-16T14:27:24.061+0200] {processor.py:830} INFO - Processing file /home/leoja/airflow/airflow_venv/lib/python3.12/site-packages/airflow/example_dags/example_sensors.py for tasks to queue
[2025-08-16T14:27:24.062+0200] {logging_mixin.py:188} INFO - [2025-08-16T14:27:24.062+0200] {dagbag.py:540} INFO - Filling up the DagBag from /home/leoja/airflow/airflow_venv/lib/python3.12/site-packages/airflow/example_dags/example_sensors.py
[2025-08-16T14:27:24.072+0200] {processor.py:840} INFO - DAG(s) 'example_sensors' retrieved from /home/leoja/airflow/airflow_venv/lib/python3.12/site-packages/airflow/example_dags/example_sensors.py
[2025-08-16T14:27:24.092+0200] {logging_mixin.py:188} INFO - [2025-08-16T14:27:24.092+0200] {dag.py:3096} INFO - Sync 1 DAGs
[2025-08-16T14:27:24.103+0200] {logging_mixin.py:188} INFO - [2025-08-16T14:27:24.102+0200] {dag.py:3954} INFO - Setting next_dagrun for example_sensors to None, run_after=None
[2025-08-16T14:27:24.125+0200] {processor.py:183} INFO - Processing /home/leoja/airflow/airflow_venv/lib/python3.12/site-packages/airflow/example_dags/example_sensors.py took 0.071 seconds
[2025-08-16T14:28:12.074+0200] {processor.py:161} INFO - Started process (PID=7831) to work on /home/leoja/airflow/airflow_venv/lib/python3.12/site-packages/airflow/example_dags/example_sensors.py
[2025-08-16T14:28:12.076+0200] {processor.py:830} INFO - Processing file /home/leoja/airflow/airflow_venv/lib/python3.12/site-packages/airflow/example_dags/example_sensors.py for tasks to queue
[2025-08-16T14:28:12.077+0200] {logging_mixin.py:188} INFO - [2025-08-16T14:28:12.077+0200] {dagbag.py:540} INFO - Filling up the DagBag from /home/leoja/airflow/airflow_venv/lib/python3.12/site-packages/airflow/example_dags/example_sensors.py
[2025-08-16T14:28:12.085+0200] {processor.py:840} INFO - DAG(s) 'example_sensors' retrieved from /home/leoja/airflow/airflow_venv/lib/python3.12/site-packages/airflow/example_dags/example_sensors.py
[2025-08-16T14:28:12.102+0200] {logging_mixin.py:188} INFO - [2025-08-16T14:28:12.101+0200] {dag.py:3096} INFO - Sync 1 DAGs
[2025-08-16T14:28:12.111+0200] {logging_mixin.py:188} INFO - [2025-08-16T14:28:12.110+0200] {dag.py:3954} INFO - Setting next_dagrun for example_sensors to None, run_after=None
[2025-08-16T14:28:12.132+0200] {processor.py:183} INFO - Processing /home/leoja/airflow/airflow_venv/lib/python3.12/site-packages/airflow/example_dags/example_sensors.py took 0.064 seconds
[2025-08-16T14:29:00.157+0200] {processor.py:161} INFO - Started process (PID=8104) to work on /home/leoja/airflow/airflow_venv/lib/python3.12/site-packages/airflow/example_dags/example_sensors.py
[2025-08-16T14:29:00.160+0200] {processor.py:830} INFO - Processing file /home/leoja/airflow/airflow_venv/lib/python3.12/site-packages/airflow/example_dags/example_sensors.py for tasks to queue
[2025-08-16T14:29:00.160+0200] {logging_mixin.py:188} INFO - [2025-08-16T14:29:00.160+0200] {dagbag.py:540} INFO - Filling up the DagBag from /home/leoja/airflow/airflow_venv/lib/python3.12/site-packages/airflow/example_dags/example_sensors.py
[2025-08-16T14:29:00.171+0200] {processor.py:840} INFO - DAG(s) 'example_sensors' retrieved from /home/leoja/airflow/airflow_venv/lib/python3.12/site-packages/airflow/example_dags/example_sensors.py
[2025-08-16T14:29:00.190+0200] {logging_mixin.py:188} INFO - [2025-08-16T14:29:00.189+0200] {dag.py:3096} INFO - Sync 1 DAGs
[2025-08-16T14:29:00.200+0200] {logging_mixin.py:188} INFO - [2025-08-16T14:29:00.199+0200] {dag.py:3954} INFO - Setting next_dagrun for example_sensors to None, run_after=None
[2025-08-16T14:29:00.244+0200] {processor.py:183} INFO - Processing /home/leoja/airflow/airflow_venv/lib/python3.12/site-packages/airflow/example_dags/example_sensors.py took 0.093 seconds
[2025-08-16T14:29:48.400+0200] {processor.py:161} INFO - Started process (PID=8401) to work on /home/leoja/airflow/airflow_venv/lib/python3.12/site-packages/airflow/example_dags/example_sensors.py
[2025-08-16T14:29:48.402+0200] {processor.py:830} INFO - Processing file /home/leoja/airflow/airflow_venv/lib/python3.12/site-packages/airflow/example_dags/example_sensors.py for tasks to queue
[2025-08-16T14:29:48.403+0200] {logging_mixin.py:188} INFO - [2025-08-16T14:29:48.403+0200] {dagbag.py:540} INFO - Filling up the DagBag from /home/leoja/airflow/airflow_venv/lib/python3.12/site-packages/airflow/example_dags/example_sensors.py
[2025-08-16T14:29:48.416+0200] {processor.py:840} INFO - DAG(s) 'example_sensors' retrieved from /home/leoja/airflow/airflow_venv/lib/python3.12/site-packages/airflow/example_dags/example_sensors.py
[2025-08-16T14:29:48.435+0200] {logging_mixin.py:188} INFO - [2025-08-16T14:29:48.435+0200] {dag.py:3096} INFO - Sync 1 DAGs
[2025-08-16T14:29:48.446+0200] {logging_mixin.py:188} INFO - [2025-08-16T14:29:48.445+0200] {dag.py:3954} INFO - Setting next_dagrun for example_sensors to None, run_after=None
[2025-08-16T14:29:48.493+0200] {processor.py:183} INFO - Processing /home/leoja/airflow/airflow_venv/lib/python3.12/site-packages/airflow/example_dags/example_sensors.py took 0.105 seconds
[2025-08-16T14:30:35.597+0200] {processor.py:161} INFO - Started process (PID=8664) to work on /home/leoja/airflow/airflow_venv/lib/python3.12/site-packages/airflow/example_dags/example_sensors.py
[2025-08-16T14:30:35.599+0200] {processor.py:830} INFO - Processing file /home/leoja/airflow/airflow_venv/lib/python3.12/site-packages/airflow/example_dags/example_sensors.py for tasks to queue
[2025-08-16T14:30:35.600+0200] {logging_mixin.py:188} INFO - [2025-08-16T14:30:35.600+0200] {dagbag.py:540} INFO - Filling up the DagBag from /home/leoja/airflow/airflow_venv/lib/python3.12/site-packages/airflow/example_dags/example_sensors.py
[2025-08-16T14:30:35.610+0200] {processor.py:840} INFO - DAG(s) 'example_sensors' retrieved from /home/leoja/airflow/airflow_venv/lib/python3.12/site-packages/airflow/example_dags/example_sensors.py
[2025-08-16T14:30:35.630+0200] {logging_mixin.py:188} INFO - [2025-08-16T14:30:35.630+0200] {dag.py:3096} INFO - Sync 1 DAGs
[2025-08-16T14:30:35.641+0200] {logging_mixin.py:188} INFO - [2025-08-16T14:30:35.641+0200] {dag.py:3954} INFO - Setting next_dagrun for example_sensors to None, run_after=None
[2025-08-16T14:30:35.670+0200] {processor.py:183} INFO - Processing /home/leoja/airflow/airflow_venv/lib/python3.12/site-packages/airflow/example_dags/example_sensors.py took 0.079 seconds
[2025-08-16T14:31:31.288+0200] {processor.py:161} INFO - Started process (PID=9004) to work on /home/leoja/airflow/airflow_venv/lib/python3.12/site-packages/airflow/example_dags/example_sensors.py
[2025-08-16T14:31:31.293+0200] {processor.py:830} INFO - Processing file /home/leoja/airflow/airflow_venv/lib/python3.12/site-packages/airflow/example_dags/example_sensors.py for tasks to queue
[2025-08-16T14:31:31.296+0200] {logging_mixin.py:188} INFO - [2025-08-16T14:31:31.295+0200] {dagbag.py:540} INFO - Filling up the DagBag from /home/leoja/airflow/airflow_venv/lib/python3.12/site-packages/airflow/example_dags/example_sensors.py
[2025-08-16T14:31:31.316+0200] {processor.py:840} INFO - DAG(s) 'example_sensors' retrieved from /home/leoja/airflow/airflow_venv/lib/python3.12/site-packages/airflow/example_dags/example_sensors.py
[2025-08-16T14:31:31.346+0200] {logging_mixin.py:188} INFO - [2025-08-16T14:31:31.346+0200] {dag.py:3096} INFO - Sync 1 DAGs
[2025-08-16T14:31:31.357+0200] {logging_mixin.py:188} INFO - [2025-08-16T14:31:31.356+0200] {dag.py:3954} INFO - Setting next_dagrun for example_sensors to None, run_after=None
[2025-08-16T14:31:31.424+0200] {processor.py:183} INFO - Processing /home/leoja/airflow/airflow_venv/lib/python3.12/site-packages/airflow/example_dags/example_sensors.py took 0.148 seconds
[2025-08-16T14:32:23.161+0200] {processor.py:161} INFO - Started process (PID=9302) to work on /home/leoja/airflow/airflow_venv/lib/python3.12/site-packages/airflow/example_dags/example_sensors.py
[2025-08-16T14:32:23.163+0200] {processor.py:830} INFO - Processing file /home/leoja/airflow/airflow_venv/lib/python3.12/site-packages/airflow/example_dags/example_sensors.py for tasks to queue
[2025-08-16T14:32:23.164+0200] {logging_mixin.py:188} INFO - [2025-08-16T14:32:23.163+0200] {dagbag.py:540} INFO - Filling up the DagBag from /home/leoja/airflow/airflow_venv/lib/python3.12/site-packages/airflow/example_dags/example_sensors.py
[2025-08-16T14:32:23.173+0200] {processor.py:840} INFO - DAG(s) 'example_sensors' retrieved from /home/leoja/airflow/airflow_venv/lib/python3.12/site-packages/airflow/example_dags/example_sensors.py
[2025-08-16T14:32:23.195+0200] {logging_mixin.py:188} INFO - [2025-08-16T14:32:23.195+0200] {dag.py:3096} INFO - Sync 1 DAGs
[2025-08-16T14:32:23.204+0200] {logging_mixin.py:188} INFO - [2025-08-16T14:32:23.204+0200] {dag.py:3954} INFO - Setting next_dagrun for example_sensors to None, run_after=None
[2025-08-16T14:32:23.235+0200] {processor.py:183} INFO - Processing /home/leoja/airflow/airflow_venv/lib/python3.12/site-packages/airflow/example_dags/example_sensors.py took 0.081 seconds
[2025-08-16T14:33:13.715+0200] {processor.py:161} INFO - Started process (PID=9604) to work on /home/leoja/airflow/airflow_venv/lib/python3.12/site-packages/airflow/example_dags/example_sensors.py
[2025-08-16T14:33:13.717+0200] {processor.py:830} INFO - Processing file /home/leoja/airflow/airflow_venv/lib/python3.12/site-packages/airflow/example_dags/example_sensors.py for tasks to queue
[2025-08-16T14:33:13.719+0200] {logging_mixin.py:188} INFO - [2025-08-16T14:33:13.718+0200] {dagbag.py:540} INFO - Filling up the DagBag from /home/leoja/airflow/airflow_venv/lib/python3.12/site-packages/airflow/example_dags/example_sensors.py
[2025-08-16T14:33:13.729+0200] {processor.py:840} INFO - DAG(s) 'example_sensors' retrieved from /home/leoja/airflow/airflow_venv/lib/python3.12/site-packages/airflow/example_dags/example_sensors.py
[2025-08-16T14:33:13.746+0200] {logging_mixin.py:188} INFO - [2025-08-16T14:33:13.746+0200] {dag.py:3096} INFO - Sync 1 DAGs
[2025-08-16T14:33:13.756+0200] {logging_mixin.py:188} INFO - [2025-08-16T14:33:13.756+0200] {dag.py:3954} INFO - Setting next_dagrun for example_sensors to None, run_after=None
[2025-08-16T14:33:13.782+0200] {processor.py:183} INFO - Processing /home/leoja/airflow/airflow_venv/lib/python3.12/site-packages/airflow/example_dags/example_sensors.py took 0.072 seconds
[2025-08-16T14:34:09.625+0200] {processor.py:161} INFO - Started process (PID=9877) to work on /home/leoja/airflow/airflow_venv/lib/python3.12/site-packages/airflow/example_dags/example_sensors.py
[2025-08-16T14:34:09.627+0200] {processor.py:830} INFO - Processing file /home/leoja/airflow/airflow_venv/lib/python3.12/site-packages/airflow/example_dags/example_sensors.py for tasks to queue
[2025-08-16T14:34:09.628+0200] {logging_mixin.py:188} INFO - [2025-08-16T14:34:09.627+0200] {dagbag.py:540} INFO - Filling up the DagBag from /home/leoja/airflow/airflow_venv/lib/python3.12/site-packages/airflow/example_dags/example_sensors.py
[2025-08-16T14:34:09.641+0200] {processor.py:840} INFO - DAG(s) 'example_sensors' retrieved from /home/leoja/airflow/airflow_venv/lib/python3.12/site-packages/airflow/example_dags/example_sensors.py
[2025-08-16T14:34:09.668+0200] {logging_mixin.py:188} INFO - [2025-08-16T14:34:09.668+0200] {dag.py:3096} INFO - Sync 1 DAGs
[2025-08-16T14:34:09.681+0200] {logging_mixin.py:188} INFO - [2025-08-16T14:34:09.681+0200] {dag.py:3954} INFO - Setting next_dagrun for example_sensors to None, run_after=None
[2025-08-16T14:34:09.708+0200] {processor.py:183} INFO - Processing /home/leoja/airflow/airflow_venv/lib/python3.12/site-packages/airflow/example_dags/example_sensors.py took 0.094 seconds
[2025-08-16T14:35:05.438+0200] {processor.py:161} INFO - Started process (PID=10211) to work on /home/leoja/airflow/airflow_venv/lib/python3.12/site-packages/airflow/example_dags/example_sensors.py
[2025-08-16T14:35:05.440+0200] {processor.py:830} INFO - Processing file /home/leoja/airflow/airflow_venv/lib/python3.12/site-packages/airflow/example_dags/example_sensors.py for tasks to queue
[2025-08-16T14:35:05.441+0200] {logging_mixin.py:188} INFO - [2025-08-16T14:35:05.441+0200] {dagbag.py:540} INFO - Filling up the DagBag from /home/leoja/airflow/airflow_venv/lib/python3.12/site-packages/airflow/example_dags/example_sensors.py
[2025-08-16T14:35:05.450+0200] {processor.py:840} INFO - DAG(s) 'example_sensors' retrieved from /home/leoja/airflow/airflow_venv/lib/python3.12/site-packages/airflow/example_dags/example_sensors.py
[2025-08-16T14:35:05.470+0200] {logging_mixin.py:188} INFO - [2025-08-16T14:35:05.470+0200] {dag.py:3096} INFO - Sync 1 DAGs
[2025-08-16T14:35:05.478+0200] {logging_mixin.py:188} INFO - [2025-08-16T14:35:05.478+0200] {dag.py:3954} INFO - Setting next_dagrun for example_sensors to None, run_after=None
[2025-08-16T14:35:05.522+0200] {processor.py:183} INFO - Processing /home/leoja/airflow/airflow_venv/lib/python3.12/site-packages/airflow/example_dags/example_sensors.py took 0.090 seconds
[2025-08-16T14:35:57.329+0200] {processor.py:161} INFO - Started process (PID=10516) to work on /home/leoja/airflow/airflow_venv/lib/python3.12/site-packages/airflow/example_dags/example_sensors.py
[2025-08-16T14:35:57.331+0200] {processor.py:830} INFO - Processing file /home/leoja/airflow/airflow_venv/lib/python3.12/site-packages/airflow/example_dags/example_sensors.py for tasks to queue
[2025-08-16T14:35:57.333+0200] {logging_mixin.py:188} INFO - [2025-08-16T14:35:57.332+0200] {dagbag.py:540} INFO - Filling up the DagBag from /home/leoja/airflow/airflow_venv/lib/python3.12/site-packages/airflow/example_dags/example_sensors.py
[2025-08-16T14:35:57.341+0200] {processor.py:840} INFO - DAG(s) 'example_sensors' retrieved from /home/leoja/airflow/airflow_venv/lib/python3.12/site-packages/airflow/example_dags/example_sensors.py
[2025-08-16T14:35:57.357+0200] {logging_mixin.py:188} INFO - [2025-08-16T14:35:57.357+0200] {dag.py:3096} INFO - Sync 1 DAGs
[2025-08-16T14:35:57.367+0200] {logging_mixin.py:188} INFO - [2025-08-16T14:35:57.367+0200] {dag.py:3954} INFO - Setting next_dagrun for example_sensors to None, run_after=None
[2025-08-16T14:35:57.388+0200] {processor.py:183} INFO - Processing /home/leoja/airflow/airflow_venv/lib/python3.12/site-packages/airflow/example_dags/example_sensors.py took 0.065 seconds
[2025-08-16T14:36:48.809+0200] {processor.py:161} INFO - Started process (PID=10813) to work on /home/leoja/airflow/airflow_venv/lib/python3.12/site-packages/airflow/example_dags/example_sensors.py
[2025-08-16T14:36:48.823+0200] {processor.py:830} INFO - Processing file /home/leoja/airflow/airflow_venv/lib/python3.12/site-packages/airflow/example_dags/example_sensors.py for tasks to queue
[2025-08-16T14:36:48.824+0200] {logging_mixin.py:188} INFO - [2025-08-16T14:36:48.824+0200] {dagbag.py:540} INFO - Filling up the DagBag from /home/leoja/airflow/airflow_venv/lib/python3.12/site-packages/airflow/example_dags/example_sensors.py
[2025-08-16T14:36:48.834+0200] {processor.py:840} INFO - DAG(s) 'example_sensors' retrieved from /home/leoja/airflow/airflow_venv/lib/python3.12/site-packages/airflow/example_dags/example_sensors.py
[2025-08-16T14:36:48.855+0200] {logging_mixin.py:188} INFO - [2025-08-16T14:36:48.854+0200] {dag.py:3096} INFO - Sync 1 DAGs
[2025-08-16T14:36:48.865+0200] {logging_mixin.py:188} INFO - [2025-08-16T14:36:48.865+0200] {dag.py:3954} INFO - Setting next_dagrun for example_sensors to None, run_after=None
[2025-08-16T14:36:48.941+0200] {processor.py:183} INFO - Processing /home/leoja/airflow/airflow_venv/lib/python3.12/site-packages/airflow/example_dags/example_sensors.py took 0.138 seconds
[2025-08-16T14:37:40.348+0200] {processor.py:161} INFO - Started process (PID=11113) to work on /home/leoja/airflow/airflow_venv/lib/python3.12/site-packages/airflow/example_dags/example_sensors.py
[2025-08-16T14:37:40.349+0200] {processor.py:830} INFO - Processing file /home/leoja/airflow/airflow_venv/lib/python3.12/site-packages/airflow/example_dags/example_sensors.py for tasks to queue
[2025-08-16T14:37:40.350+0200] {logging_mixin.py:188} INFO - [2025-08-16T14:37:40.350+0200] {dagbag.py:540} INFO - Filling up the DagBag from /home/leoja/airflow/airflow_venv/lib/python3.12/site-packages/airflow/example_dags/example_sensors.py
[2025-08-16T14:37:40.358+0200] {processor.py:840} INFO - DAG(s) 'example_sensors' retrieved from /home/leoja/airflow/airflow_venv/lib/python3.12/site-packages/airflow/example_dags/example_sensors.py
[2025-08-16T14:37:40.375+0200] {logging_mixin.py:188} INFO - [2025-08-16T14:37:40.375+0200] {dag.py:3096} INFO - Sync 1 DAGs
[2025-08-16T14:37:40.383+0200] {logging_mixin.py:188} INFO - [2025-08-16T14:37:40.382+0200] {dag.py:3954} INFO - Setting next_dagrun for example_sensors to None, run_after=None
[2025-08-16T14:37:40.440+0200] {processor.py:183} INFO - Processing /home/leoja/airflow/airflow_venv/lib/python3.12/site-packages/airflow/example_dags/example_sensors.py took 0.098 seconds
[2025-08-16T14:38:27.294+0200] {processor.py:161} INFO - Started process (PID=11362) to work on /home/leoja/airflow/airflow_venv/lib/python3.12/site-packages/airflow/example_dags/example_sensors.py
[2025-08-16T14:38:27.296+0200] {processor.py:830} INFO - Processing file /home/leoja/airflow/airflow_venv/lib/python3.12/site-packages/airflow/example_dags/example_sensors.py for tasks to queue
[2025-08-16T14:38:27.297+0200] {logging_mixin.py:188} INFO - [2025-08-16T14:38:27.297+0200] {dagbag.py:540} INFO - Filling up the DagBag from /home/leoja/airflow/airflow_venv/lib/python3.12/site-packages/airflow/example_dags/example_sensors.py
[2025-08-16T14:38:27.304+0200] {processor.py:840} INFO - DAG(s) 'example_sensors' retrieved from /home/leoja/airflow/airflow_venv/lib/python3.12/site-packages/airflow/example_dags/example_sensors.py
[2025-08-16T14:38:27.321+0200] {logging_mixin.py:188} INFO - [2025-08-16T14:38:27.321+0200] {dag.py:3096} INFO - Sync 1 DAGs
[2025-08-16T14:38:27.330+0200] {logging_mixin.py:188} INFO - [2025-08-16T14:38:27.330+0200] {dag.py:3954} INFO - Setting next_dagrun for example_sensors to None, run_after=None
[2025-08-16T14:38:27.358+0200] {processor.py:183} INFO - Processing /home/leoja/airflow/airflow_venv/lib/python3.12/site-packages/airflow/example_dags/example_sensors.py took 0.071 seconds
[2025-08-16T14:39:10.570+0200] {processor.py:161} INFO - Started process (PID=11630) to work on /home/leoja/airflow/airflow_venv/lib/python3.12/site-packages/airflow/example_dags/example_sensors.py
[2025-08-16T14:39:10.581+0200] {processor.py:830} INFO - Processing file /home/leoja/airflow/airflow_venv/lib/python3.12/site-packages/airflow/example_dags/example_sensors.py for tasks to queue
[2025-08-16T14:39:10.582+0200] {logging_mixin.py:188} INFO - [2025-08-16T14:39:10.582+0200] {dagbag.py:540} INFO - Filling up the DagBag from /home/leoja/airflow/airflow_venv/lib/python3.12/site-packages/airflow/example_dags/example_sensors.py
[2025-08-16T14:39:10.590+0200] {processor.py:840} INFO - DAG(s) 'example_sensors' retrieved from /home/leoja/airflow/airflow_venv/lib/python3.12/site-packages/airflow/example_dags/example_sensors.py
[2025-08-16T14:39:10.608+0200] {logging_mixin.py:188} INFO - [2025-08-16T14:39:10.607+0200] {dag.py:3096} INFO - Sync 1 DAGs
[2025-08-16T14:39:10.615+0200] {logging_mixin.py:188} INFO - [2025-08-16T14:39:10.615+0200] {dag.py:3954} INFO - Setting next_dagrun for example_sensors to None, run_after=None
[2025-08-16T14:39:10.651+0200] {processor.py:183} INFO - Processing /home/leoja/airflow/airflow_venv/lib/python3.12/site-packages/airflow/example_dags/example_sensors.py took 0.088 seconds
[2025-08-16T14:39:57.052+0200] {processor.py:161} INFO - Started process (PID=11870) to work on /home/leoja/airflow/airflow_venv/lib/python3.12/site-packages/airflow/example_dags/example_sensors.py
[2025-08-16T14:39:57.054+0200] {processor.py:830} INFO - Processing file /home/leoja/airflow/airflow_venv/lib/python3.12/site-packages/airflow/example_dags/example_sensors.py for tasks to queue
[2025-08-16T14:39:57.055+0200] {logging_mixin.py:188} INFO - [2025-08-16T14:39:57.055+0200] {dagbag.py:540} INFO - Filling up the DagBag from /home/leoja/airflow/airflow_venv/lib/python3.12/site-packages/airflow/example_dags/example_sensors.py
[2025-08-16T14:39:57.064+0200] {processor.py:840} INFO - DAG(s) 'example_sensors' retrieved from /home/leoja/airflow/airflow_venv/lib/python3.12/site-packages/airflow/example_dags/example_sensors.py
[2025-08-16T14:39:57.083+0200] {logging_mixin.py:188} INFO - [2025-08-16T14:39:57.083+0200] {dag.py:3096} INFO - Sync 1 DAGs
[2025-08-16T14:39:57.093+0200] {logging_mixin.py:188} INFO - [2025-08-16T14:39:57.093+0200] {dag.py:3954} INFO - Setting next_dagrun for example_sensors to None, run_after=None
[2025-08-16T14:39:57.118+0200] {processor.py:183} INFO - Processing /home/leoja/airflow/airflow_venv/lib/python3.12/site-packages/airflow/example_dags/example_sensors.py took 0.072 seconds
[2025-08-16T14:40:44.958+0200] {processor.py:161} INFO - Started process (PID=12220) to work on /home/leoja/airflow/airflow_venv/lib/python3.12/site-packages/airflow/example_dags/example_sensors.py
[2025-08-16T14:40:44.960+0200] {processor.py:830} INFO - Processing file /home/leoja/airflow/airflow_venv/lib/python3.12/site-packages/airflow/example_dags/example_sensors.py for tasks to queue
[2025-08-16T14:40:44.961+0200] {logging_mixin.py:188} INFO - [2025-08-16T14:40:44.960+0200] {dagbag.py:540} INFO - Filling up the DagBag from /home/leoja/airflow/airflow_venv/lib/python3.12/site-packages/airflow/example_dags/example_sensors.py
[2025-08-16T14:40:44.971+0200] {processor.py:840} INFO - DAG(s) 'example_sensors' retrieved from /home/leoja/airflow/airflow_venv/lib/python3.12/site-packages/airflow/example_dags/example_sensors.py
[2025-08-16T14:40:44.988+0200] {logging_mixin.py:188} INFO - [2025-08-16T14:40:44.988+0200] {dag.py:3096} INFO - Sync 1 DAGs
[2025-08-16T14:40:44.997+0200] {logging_mixin.py:188} INFO - [2025-08-16T14:40:44.997+0200] {dag.py:3954} INFO - Setting next_dagrun for example_sensors to None, run_after=None
[2025-08-16T14:40:45.021+0200] {processor.py:183} INFO - Processing /home/leoja/airflow/airflow_venv/lib/python3.12/site-packages/airflow/example_dags/example_sensors.py took 0.068 seconds
[2025-08-16T14:41:30.275+0200] {processor.py:161} INFO - Started process (PID=12490) to work on /home/leoja/airflow/airflow_venv/lib/python3.12/site-packages/airflow/example_dags/example_sensors.py
[2025-08-16T14:41:30.278+0200] {processor.py:830} INFO - Processing file /home/leoja/airflow/airflow_venv/lib/python3.12/site-packages/airflow/example_dags/example_sensors.py for tasks to queue
[2025-08-16T14:41:30.279+0200] {logging_mixin.py:188} INFO - [2025-08-16T14:41:30.279+0200] {dagbag.py:540} INFO - Filling up the DagBag from /home/leoja/airflow/airflow_venv/lib/python3.12/site-packages/airflow/example_dags/example_sensors.py
[2025-08-16T14:41:30.289+0200] {processor.py:840} INFO - DAG(s) 'example_sensors' retrieved from /home/leoja/airflow/airflow_venv/lib/python3.12/site-packages/airflow/example_dags/example_sensors.py
[2025-08-16T14:41:30.310+0200] {logging_mixin.py:188} INFO - [2025-08-16T14:41:30.310+0200] {dag.py:3096} INFO - Sync 1 DAGs
[2025-08-16T14:41:30.327+0200] {logging_mixin.py:188} INFO - [2025-08-16T14:41:30.327+0200] {dag.py:3954} INFO - Setting next_dagrun for example_sensors to None, run_after=None
[2025-08-16T14:41:30.357+0200] {processor.py:183} INFO - Processing /home/leoja/airflow/airflow_venv/lib/python3.12/site-packages/airflow/example_dags/example_sensors.py took 0.089 seconds
[2025-08-16T14:42:15.513+0200] {processor.py:161} INFO - Started process (PID=12781) to work on /home/leoja/airflow/airflow_venv/lib/python3.12/site-packages/airflow/example_dags/example_sensors.py
[2025-08-16T14:42:15.515+0200] {processor.py:830} INFO - Processing file /home/leoja/airflow/airflow_venv/lib/python3.12/site-packages/airflow/example_dags/example_sensors.py for tasks to queue
[2025-08-16T14:42:15.516+0200] {logging_mixin.py:188} INFO - [2025-08-16T14:42:15.515+0200] {dagbag.py:540} INFO - Filling up the DagBag from /home/leoja/airflow/airflow_venv/lib/python3.12/site-packages/airflow/example_dags/example_sensors.py
[2025-08-16T14:42:15.523+0200] {processor.py:840} INFO - DAG(s) 'example_sensors' retrieved from /home/leoja/airflow/airflow_venv/lib/python3.12/site-packages/airflow/example_dags/example_sensors.py
[2025-08-16T14:42:15.539+0200] {logging_mixin.py:188} INFO - [2025-08-16T14:42:15.539+0200] {dag.py:3096} INFO - Sync 1 DAGs
[2025-08-16T14:42:15.548+0200] {logging_mixin.py:188} INFO - [2025-08-16T14:42:15.548+0200] {dag.py:3954} INFO - Setting next_dagrun for example_sensors to None, run_after=None
[2025-08-16T14:42:15.569+0200] {processor.py:183} INFO - Processing /home/leoja/airflow/airflow_venv/lib/python3.12/site-packages/airflow/example_dags/example_sensors.py took 0.062 seconds
[2025-08-16T14:43:01.347+0200] {processor.py:161} INFO - Started process (PID=13030) to work on /home/leoja/airflow/airflow_venv/lib/python3.12/site-packages/airflow/example_dags/example_sensors.py
[2025-08-16T14:43:01.348+0200] {processor.py:830} INFO - Processing file /home/leoja/airflow/airflow_venv/lib/python3.12/site-packages/airflow/example_dags/example_sensors.py for tasks to queue
[2025-08-16T14:43:01.350+0200] {logging_mixin.py:188} INFO - [2025-08-16T14:43:01.349+0200] {dagbag.py:540} INFO - Filling up the DagBag from /home/leoja/airflow/airflow_venv/lib/python3.12/site-packages/airflow/example_dags/example_sensors.py
[2025-08-16T14:43:01.357+0200] {processor.py:840} INFO - DAG(s) 'example_sensors' retrieved from /home/leoja/airflow/airflow_venv/lib/python3.12/site-packages/airflow/example_dags/example_sensors.py
[2025-08-16T14:43:01.376+0200] {logging_mixin.py:188} INFO - [2025-08-16T14:43:01.376+0200] {dag.py:3096} INFO - Sync 1 DAGs
[2025-08-16T14:43:01.385+0200] {logging_mixin.py:188} INFO - [2025-08-16T14:43:01.385+0200] {dag.py:3954} INFO - Setting next_dagrun for example_sensors to None, run_after=None
[2025-08-16T14:43:01.407+0200] {processor.py:183} INFO - Processing /home/leoja/airflow/airflow_venv/lib/python3.12/site-packages/airflow/example_dags/example_sensors.py took 0.064 seconds
[2025-08-16T14:44:09.092+0200] {processor.py:161} INFO - Started process (PID=13451) to work on /home/leoja/airflow/airflow_venv/lib/python3.12/site-packages/airflow/example_dags/example_sensors.py
[2025-08-16T14:44:09.094+0200] {processor.py:830} INFO - Processing file /home/leoja/airflow/airflow_venv/lib/python3.12/site-packages/airflow/example_dags/example_sensors.py for tasks to queue
[2025-08-16T14:44:09.095+0200] {logging_mixin.py:188} INFO - [2025-08-16T14:44:09.095+0200] {dagbag.py:540} INFO - Filling up the DagBag from /home/leoja/airflow/airflow_venv/lib/python3.12/site-packages/airflow/example_dags/example_sensors.py
[2025-08-16T14:44:09.104+0200] {processor.py:840} INFO - DAG(s) 'example_sensors' retrieved from /home/leoja/airflow/airflow_venv/lib/python3.12/site-packages/airflow/example_dags/example_sensors.py
[2025-08-16T14:44:09.120+0200] {logging_mixin.py:188} INFO - [2025-08-16T14:44:09.120+0200] {dag.py:3096} INFO - Sync 1 DAGs
[2025-08-16T14:44:09.128+0200] {logging_mixin.py:188} INFO - [2025-08-16T14:44:09.128+0200] {dag.py:3954} INFO - Setting next_dagrun for example_sensors to None, run_after=None
[2025-08-16T14:44:09.164+0200] {processor.py:183} INFO - Processing /home/leoja/airflow/airflow_venv/lib/python3.12/site-packages/airflow/example_dags/example_sensors.py took 0.077 seconds
[2025-08-16T14:44:58.958+0200] {processor.py:161} INFO - Started process (PID=13717) to work on /home/leoja/airflow/airflow_venv/lib/python3.12/site-packages/airflow/example_dags/example_sensors.py
[2025-08-16T14:44:58.966+0200] {processor.py:830} INFO - Processing file /home/leoja/airflow/airflow_venv/lib/python3.12/site-packages/airflow/example_dags/example_sensors.py for tasks to queue
[2025-08-16T14:44:58.967+0200] {logging_mixin.py:188} INFO - [2025-08-16T14:44:58.967+0200] {dagbag.py:540} INFO - Filling up the DagBag from /home/leoja/airflow/airflow_venv/lib/python3.12/site-packages/airflow/example_dags/example_sensors.py
[2025-08-16T14:44:58.975+0200] {processor.py:840} INFO - DAG(s) 'example_sensors' retrieved from /home/leoja/airflow/airflow_venv/lib/python3.12/site-packages/airflow/example_dags/example_sensors.py
[2025-08-16T14:44:58.997+0200] {logging_mixin.py:188} INFO - [2025-08-16T14:44:58.997+0200] {dag.py:3096} INFO - Sync 1 DAGs
[2025-08-16T14:44:59.008+0200] {logging_mixin.py:188} INFO - [2025-08-16T14:44:59.008+0200] {dag.py:3954} INFO - Setting next_dagrun for example_sensors to None, run_after=None
[2025-08-16T14:44:59.036+0200] {processor.py:183} INFO - Processing /home/leoja/airflow/airflow_venv/lib/python3.12/site-packages/airflow/example_dags/example_sensors.py took 0.084 seconds
[2025-08-16T14:45:46.850+0200] {processor.py:161} INFO - Started process (PID=14024) to work on /home/leoja/airflow/airflow_venv/lib/python3.12/site-packages/airflow/example_dags/example_sensors.py
[2025-08-16T14:45:46.852+0200] {processor.py:830} INFO - Processing file /home/leoja/airflow/airflow_venv/lib/python3.12/site-packages/airflow/example_dags/example_sensors.py for tasks to queue
[2025-08-16T14:45:46.853+0200] {logging_mixin.py:188} INFO - [2025-08-16T14:45:46.852+0200] {dagbag.py:540} INFO - Filling up the DagBag from /home/leoja/airflow/airflow_venv/lib/python3.12/site-packages/airflow/example_dags/example_sensors.py
[2025-08-16T14:45:46.861+0200] {processor.py:840} INFO - DAG(s) 'example_sensors' retrieved from /home/leoja/airflow/airflow_venv/lib/python3.12/site-packages/airflow/example_dags/example_sensors.py
[2025-08-16T14:45:46.878+0200] {logging_mixin.py:188} INFO - [2025-08-16T14:45:46.878+0200] {dag.py:3096} INFO - Sync 1 DAGs
[2025-08-16T14:45:46.889+0200] {logging_mixin.py:188} INFO - [2025-08-16T14:45:46.889+0200] {dag.py:3954} INFO - Setting next_dagrun for example_sensors to None, run_after=None
[2025-08-16T14:45:46.942+0200] {processor.py:183} INFO - Processing /home/leoja/airflow/airflow_venv/lib/python3.12/site-packages/airflow/example_dags/example_sensors.py took 0.099 seconds
[2025-08-16T14:46:35.028+0200] {processor.py:161} INFO - Started process (PID=14271) to work on /home/leoja/airflow/airflow_venv/lib/python3.12/site-packages/airflow/example_dags/example_sensors.py
[2025-08-16T14:46:35.035+0200] {processor.py:830} INFO - Processing file /home/leoja/airflow/airflow_venv/lib/python3.12/site-packages/airflow/example_dags/example_sensors.py for tasks to queue
[2025-08-16T14:46:35.036+0200] {logging_mixin.py:188} INFO - [2025-08-16T14:46:35.035+0200] {dagbag.py:540} INFO - Filling up the DagBag from /home/leoja/airflow/airflow_venv/lib/python3.12/site-packages/airflow/example_dags/example_sensors.py
[2025-08-16T14:46:35.045+0200] {processor.py:840} INFO - DAG(s) 'example_sensors' retrieved from /home/leoja/airflow/airflow_venv/lib/python3.12/site-packages/airflow/example_dags/example_sensors.py
[2025-08-16T14:46:35.061+0200] {logging_mixin.py:188} INFO - [2025-08-16T14:46:35.061+0200] {dag.py:3096} INFO - Sync 1 DAGs
[2025-08-16T14:46:35.069+0200] {logging_mixin.py:188} INFO - [2025-08-16T14:46:35.069+0200] {dag.py:3954} INFO - Setting next_dagrun for example_sensors to None, run_after=None
[2025-08-16T14:46:35.094+0200] {processor.py:183} INFO - Processing /home/leoja/airflow/airflow_venv/lib/python3.12/site-packages/airflow/example_dags/example_sensors.py took 0.072 seconds
[2025-08-16T14:47:22.767+0200] {processor.py:161} INFO - Started process (PID=14545) to work on /home/leoja/airflow/airflow_venv/lib/python3.12/site-packages/airflow/example_dags/example_sensors.py
[2025-08-16T14:47:22.768+0200] {processor.py:830} INFO - Processing file /home/leoja/airflow/airflow_venv/lib/python3.12/site-packages/airflow/example_dags/example_sensors.py for tasks to queue
[2025-08-16T14:47:22.769+0200] {logging_mixin.py:188} INFO - [2025-08-16T14:47:22.769+0200] {dagbag.py:540} INFO - Filling up the DagBag from /home/leoja/airflow/airflow_venv/lib/python3.12/site-packages/airflow/example_dags/example_sensors.py
[2025-08-16T14:47:22.777+0200] {processor.py:840} INFO - DAG(s) 'example_sensors' retrieved from /home/leoja/airflow/airflow_venv/lib/python3.12/site-packages/airflow/example_dags/example_sensors.py
[2025-08-16T14:47:22.791+0200] {logging_mixin.py:188} INFO - [2025-08-16T14:47:22.791+0200] {dag.py:3096} INFO - Sync 1 DAGs
[2025-08-16T14:47:22.800+0200] {logging_mixin.py:188} INFO - [2025-08-16T14:47:22.800+0200] {dag.py:3954} INFO - Setting next_dagrun for example_sensors to None, run_after=None
[2025-08-16T14:47:22.820+0200] {processor.py:183} INFO - Processing /home/leoja/airflow/airflow_venv/lib/python3.12/site-packages/airflow/example_dags/example_sensors.py took 0.058 seconds
[2025-08-16T14:48:07.307+0200] {processor.py:161} INFO - Started process (PID=14794) to work on /home/leoja/airflow/airflow_venv/lib/python3.12/site-packages/airflow/example_dags/example_sensors.py
[2025-08-16T14:48:07.309+0200] {processor.py:830} INFO - Processing file /home/leoja/airflow/airflow_venv/lib/python3.12/site-packages/airflow/example_dags/example_sensors.py for tasks to queue
[2025-08-16T14:48:07.309+0200] {logging_mixin.py:188} INFO - [2025-08-16T14:48:07.309+0200] {dagbag.py:540} INFO - Filling up the DagBag from /home/leoja/airflow/airflow_venv/lib/python3.12/site-packages/airflow/example_dags/example_sensors.py
[2025-08-16T14:48:07.318+0200] {processor.py:840} INFO - DAG(s) 'example_sensors' retrieved from /home/leoja/airflow/airflow_venv/lib/python3.12/site-packages/airflow/example_dags/example_sensors.py
[2025-08-16T14:48:07.334+0200] {logging_mixin.py:188} INFO - [2025-08-16T14:48:07.333+0200] {dag.py:3096} INFO - Sync 1 DAGs
[2025-08-16T14:48:07.342+0200] {logging_mixin.py:188} INFO - [2025-08-16T14:48:07.341+0200] {dag.py:3954} INFO - Setting next_dagrun for example_sensors to None, run_after=None
[2025-08-16T14:48:07.360+0200] {processor.py:183} INFO - Processing /home/leoja/airflow/airflow_venv/lib/python3.12/site-packages/airflow/example_dags/example_sensors.py took 0.059 seconds
[2025-08-16T14:48:52.835+0200] {processor.py:161} INFO - Started process (PID=15057) to work on /home/leoja/airflow/airflow_venv/lib/python3.12/site-packages/airflow/example_dags/example_sensors.py
[2025-08-16T14:48:52.837+0200] {processor.py:830} INFO - Processing file /home/leoja/airflow/airflow_venv/lib/python3.12/site-packages/airflow/example_dags/example_sensors.py for tasks to queue
[2025-08-16T14:48:52.837+0200] {logging_mixin.py:188} INFO - [2025-08-16T14:48:52.837+0200] {dagbag.py:540} INFO - Filling up the DagBag from /home/leoja/airflow/airflow_venv/lib/python3.12/site-packages/airflow/example_dags/example_sensors.py
[2025-08-16T14:48:52.845+0200] {processor.py:840} INFO - DAG(s) 'example_sensors' retrieved from /home/leoja/airflow/airflow_venv/lib/python3.12/site-packages/airflow/example_dags/example_sensors.py
[2025-08-16T14:48:52.861+0200] {logging_mixin.py:188} INFO - [2025-08-16T14:48:52.861+0200] {dag.py:3096} INFO - Sync 1 DAGs
[2025-08-16T14:48:52.869+0200] {logging_mixin.py:188} INFO - [2025-08-16T14:48:52.869+0200] {dag.py:3954} INFO - Setting next_dagrun for example_sensors to None, run_after=None
[2025-08-16T14:48:52.892+0200] {processor.py:183} INFO - Processing /home/leoja/airflow/airflow_venv/lib/python3.12/site-packages/airflow/example_dags/example_sensors.py took 0.063 seconds
[2025-08-16T14:49:39.017+0200] {processor.py:161} INFO - Started process (PID=15305) to work on /home/leoja/airflow/airflow_venv/lib/python3.12/site-packages/airflow/example_dags/example_sensors.py
[2025-08-16T14:49:39.019+0200] {processor.py:830} INFO - Processing file /home/leoja/airflow/airflow_venv/lib/python3.12/site-packages/airflow/example_dags/example_sensors.py for tasks to queue
[2025-08-16T14:49:39.020+0200] {logging_mixin.py:188} INFO - [2025-08-16T14:49:39.020+0200] {dagbag.py:540} INFO - Filling up the DagBag from /home/leoja/airflow/airflow_venv/lib/python3.12/site-packages/airflow/example_dags/example_sensors.py
[2025-08-16T14:49:39.031+0200] {processor.py:840} INFO - DAG(s) 'example_sensors' retrieved from /home/leoja/airflow/airflow_venv/lib/python3.12/site-packages/airflow/example_dags/example_sensors.py
[2025-08-16T14:49:39.046+0200] {logging_mixin.py:188} INFO - [2025-08-16T14:49:39.046+0200] {dag.py:3096} INFO - Sync 1 DAGs
[2025-08-16T14:49:39.053+0200] {logging_mixin.py:188} INFO - [2025-08-16T14:49:39.053+0200] {dag.py:3954} INFO - Setting next_dagrun for example_sensors to None, run_after=None
[2025-08-16T14:49:39.078+0200] {processor.py:183} INFO - Processing /home/leoja/airflow/airflow_venv/lib/python3.12/site-packages/airflow/example_dags/example_sensors.py took 0.066 seconds
[2025-08-16T14:50:25.452+0200] {processor.py:161} INFO - Started process (PID=15576) to work on /home/leoja/airflow/airflow_venv/lib/python3.12/site-packages/airflow/example_dags/example_sensors.py
[2025-08-16T14:50:25.453+0200] {processor.py:830} INFO - Processing file /home/leoja/airflow/airflow_venv/lib/python3.12/site-packages/airflow/example_dags/example_sensors.py for tasks to queue
[2025-08-16T14:50:25.454+0200] {logging_mixin.py:188} INFO - [2025-08-16T14:50:25.454+0200] {dagbag.py:540} INFO - Filling up the DagBag from /home/leoja/airflow/airflow_venv/lib/python3.12/site-packages/airflow/example_dags/example_sensors.py
[2025-08-16T14:50:25.462+0200] {processor.py:840} INFO - DAG(s) 'example_sensors' retrieved from /home/leoja/airflow/airflow_venv/lib/python3.12/site-packages/airflow/example_dags/example_sensors.py
[2025-08-16T14:50:25.477+0200] {logging_mixin.py:188} INFO - [2025-08-16T14:50:25.477+0200] {dag.py:3096} INFO - Sync 1 DAGs
[2025-08-16T14:50:25.485+0200] {logging_mixin.py:188} INFO - [2025-08-16T14:50:25.484+0200] {dag.py:3954} INFO - Setting next_dagrun for example_sensors to None, run_after=None
[2025-08-16T14:50:25.507+0200] {processor.py:183} INFO - Processing /home/leoja/airflow/airflow_venv/lib/python3.12/site-packages/airflow/example_dags/example_sensors.py took 0.060 seconds
[2025-08-16T14:51:30.586+0200] {processor.py:161} INFO - Started process (PID=15922) to work on /home/leoja/airflow/airflow_venv/lib/python3.12/site-packages/airflow/example_dags/example_sensors.py
[2025-08-16T14:51:30.587+0200] {processor.py:830} INFO - Processing file /home/leoja/airflow/airflow_venv/lib/python3.12/site-packages/airflow/example_dags/example_sensors.py for tasks to queue
[2025-08-16T14:51:30.588+0200] {logging_mixin.py:188} INFO - [2025-08-16T14:51:30.588+0200] {dagbag.py:540} INFO - Filling up the DagBag from /home/leoja/airflow/airflow_venv/lib/python3.12/site-packages/airflow/example_dags/example_sensors.py
[2025-08-16T14:51:30.595+0200] {processor.py:840} INFO - DAG(s) 'example_sensors' retrieved from /home/leoja/airflow/airflow_venv/lib/python3.12/site-packages/airflow/example_dags/example_sensors.py
[2025-08-16T14:51:30.611+0200] {logging_mixin.py:188} INFO - [2025-08-16T14:51:30.611+0200] {dag.py:3096} INFO - Sync 1 DAGs
[2025-08-16T14:51:30.621+0200] {logging_mixin.py:188} INFO - [2025-08-16T14:51:30.621+0200] {dag.py:3954} INFO - Setting next_dagrun for example_sensors to None, run_after=None
[2025-08-16T14:51:30.641+0200] {processor.py:183} INFO - Processing /home/leoja/airflow/airflow_venv/lib/python3.12/site-packages/airflow/example_dags/example_sensors.py took 0.061 seconds
[2025-08-16T14:52:18.552+0200] {processor.py:161} INFO - Started process (PID=16185) to work on /home/leoja/airflow/airflow_venv/lib/python3.12/site-packages/airflow/example_dags/example_sensors.py
[2025-08-16T14:52:18.554+0200] {processor.py:830} INFO - Processing file /home/leoja/airflow/airflow_venv/lib/python3.12/site-packages/airflow/example_dags/example_sensors.py for tasks to queue
[2025-08-16T14:52:18.554+0200] {logging_mixin.py:188} INFO - [2025-08-16T14:52:18.554+0200] {dagbag.py:540} INFO - Filling up the DagBag from /home/leoja/airflow/airflow_venv/lib/python3.12/site-packages/airflow/example_dags/example_sensors.py
[2025-08-16T14:52:18.561+0200] {processor.py:840} INFO - DAG(s) 'example_sensors' retrieved from /home/leoja/airflow/airflow_venv/lib/python3.12/site-packages/airflow/example_dags/example_sensors.py
[2025-08-16T14:52:18.578+0200] {logging_mixin.py:188} INFO - [2025-08-16T14:52:18.578+0200] {dag.py:3096} INFO - Sync 1 DAGs
[2025-08-16T14:52:18.588+0200] {logging_mixin.py:188} INFO - [2025-08-16T14:52:18.588+0200] {dag.py:3954} INFO - Setting next_dagrun for example_sensors to None, run_after=None
[2025-08-16T14:52:18.623+0200] {processor.py:183} INFO - Processing /home/leoja/airflow/airflow_venv/lib/python3.12/site-packages/airflow/example_dags/example_sensors.py took 0.077 seconds
[2025-08-16T14:53:05.903+0200] {processor.py:161} INFO - Started process (PID=16489) to work on /home/leoja/airflow/airflow_venv/lib/python3.12/site-packages/airflow/example_dags/example_sensors.py
[2025-08-16T14:53:05.905+0200] {processor.py:830} INFO - Processing file /home/leoja/airflow/airflow_venv/lib/python3.12/site-packages/airflow/example_dags/example_sensors.py for tasks to queue
[2025-08-16T14:53:05.905+0200] {logging_mixin.py:188} INFO - [2025-08-16T14:53:05.905+0200] {dagbag.py:540} INFO - Filling up the DagBag from /home/leoja/airflow/airflow_venv/lib/python3.12/site-packages/airflow/example_dags/example_sensors.py
[2025-08-16T14:53:05.915+0200] {processor.py:840} INFO - DAG(s) 'example_sensors' retrieved from /home/leoja/airflow/airflow_venv/lib/python3.12/site-packages/airflow/example_dags/example_sensors.py
[2025-08-16T14:53:05.931+0200] {logging_mixin.py:188} INFO - [2025-08-16T14:53:05.931+0200] {dag.py:3096} INFO - Sync 1 DAGs
[2025-08-16T14:53:05.939+0200] {logging_mixin.py:188} INFO - [2025-08-16T14:53:05.938+0200] {dag.py:3954} INFO - Setting next_dagrun for example_sensors to None, run_after=None
[2025-08-16T14:53:05.975+0200] {processor.py:183} INFO - Processing /home/leoja/airflow/airflow_venv/lib/python3.12/site-packages/airflow/example_dags/example_sensors.py took 0.077 seconds
[2025-08-16T14:53:52.322+0200] {processor.py:161} INFO - Started process (PID=16739) to work on /home/leoja/airflow/airflow_venv/lib/python3.12/site-packages/airflow/example_dags/example_sensors.py
[2025-08-16T14:53:52.324+0200] {processor.py:830} INFO - Processing file /home/leoja/airflow/airflow_venv/lib/python3.12/site-packages/airflow/example_dags/example_sensors.py for tasks to queue
[2025-08-16T14:53:52.325+0200] {logging_mixin.py:188} INFO - [2025-08-16T14:53:52.325+0200] {dagbag.py:540} INFO - Filling up the DagBag from /home/leoja/airflow/airflow_venv/lib/python3.12/site-packages/airflow/example_dags/example_sensors.py
[2025-08-16T14:53:52.333+0200] {processor.py:840} INFO - DAG(s) 'example_sensors' retrieved from /home/leoja/airflow/airflow_venv/lib/python3.12/site-packages/airflow/example_dags/example_sensors.py
[2025-08-16T14:53:52.351+0200] {logging_mixin.py:188} INFO - [2025-08-16T14:53:52.351+0200] {dag.py:3096} INFO - Sync 1 DAGs
[2025-08-16T14:53:52.361+0200] {logging_mixin.py:188} INFO - [2025-08-16T14:53:52.360+0200] {dag.py:3954} INFO - Setting next_dagrun for example_sensors to None, run_after=None
[2025-08-16T14:53:52.391+0200] {processor.py:183} INFO - Processing /home/leoja/airflow/airflow_venv/lib/python3.12/site-packages/airflow/example_dags/example_sensors.py took 0.075 seconds
[2025-08-16T14:54:41.016+0200] {processor.py:161} INFO - Started process (PID=16951) to work on /home/leoja/airflow/airflow_venv/lib/python3.12/site-packages/airflow/example_dags/example_sensors.py
[2025-08-16T14:54:41.018+0200] {processor.py:830} INFO - Processing file /home/leoja/airflow/airflow_venv/lib/python3.12/site-packages/airflow/example_dags/example_sensors.py for tasks to queue
[2025-08-16T14:54:41.019+0200] {logging_mixin.py:188} INFO - [2025-08-16T14:54:41.018+0200] {dagbag.py:540} INFO - Filling up the DagBag from /home/leoja/airflow/airflow_venv/lib/python3.12/site-packages/airflow/example_dags/example_sensors.py
[2025-08-16T14:54:41.027+0200] {processor.py:840} INFO - DAG(s) 'example_sensors' retrieved from /home/leoja/airflow/airflow_venv/lib/python3.12/site-packages/airflow/example_dags/example_sensors.py
[2025-08-16T14:54:41.043+0200] {logging_mixin.py:188} INFO - [2025-08-16T14:54:41.043+0200] {dag.py:3096} INFO - Sync 1 DAGs
[2025-08-16T14:54:41.052+0200] {logging_mixin.py:188} INFO - [2025-08-16T14:54:41.052+0200] {dag.py:3954} INFO - Setting next_dagrun for example_sensors to None, run_after=None
[2025-08-16T14:54:41.073+0200] {processor.py:183} INFO - Processing /home/leoja/airflow/airflow_venv/lib/python3.12/site-packages/airflow/example_dags/example_sensors.py took 0.063 seconds
[2025-08-16T14:55:26.298+0200] {processor.py:161} INFO - Started process (PID=17102) to work on /home/leoja/airflow/airflow_venv/lib/python3.12/site-packages/airflow/example_dags/example_sensors.py
[2025-08-16T14:55:26.300+0200] {processor.py:830} INFO - Processing file /home/leoja/airflow/airflow_venv/lib/python3.12/site-packages/airflow/example_dags/example_sensors.py for tasks to queue
[2025-08-16T14:55:26.301+0200] {logging_mixin.py:188} INFO - [2025-08-16T14:55:26.300+0200] {dagbag.py:540} INFO - Filling up the DagBag from /home/leoja/airflow/airflow_venv/lib/python3.12/site-packages/airflow/example_dags/example_sensors.py
[2025-08-16T14:55:26.310+0200] {processor.py:840} INFO - DAG(s) 'example_sensors' retrieved from /home/leoja/airflow/airflow_venv/lib/python3.12/site-packages/airflow/example_dags/example_sensors.py
[2025-08-16T14:55:26.329+0200] {logging_mixin.py:188} INFO - [2025-08-16T14:55:26.328+0200] {dag.py:3096} INFO - Sync 1 DAGs
[2025-08-16T14:55:26.337+0200] {logging_mixin.py:188} INFO - [2025-08-16T14:55:26.336+0200] {dag.py:3954} INFO - Setting next_dagrun for example_sensors to None, run_after=None
[2025-08-16T14:55:26.365+0200] {processor.py:183} INFO - Processing /home/leoja/airflow/airflow_venv/lib/python3.12/site-packages/airflow/example_dags/example_sensors.py took 0.073 seconds
[2025-08-16T14:56:14.529+0200] {processor.py:161} INFO - Started process (PID=17354) to work on /home/leoja/airflow/airflow_venv/lib/python3.12/site-packages/airflow/example_dags/example_sensors.py
[2025-08-16T14:56:14.532+0200] {processor.py:830} INFO - Processing file /home/leoja/airflow/airflow_venv/lib/python3.12/site-packages/airflow/example_dags/example_sensors.py for tasks to queue
[2025-08-16T14:56:14.534+0200] {logging_mixin.py:188} INFO - [2025-08-16T14:56:14.533+0200] {dagbag.py:540} INFO - Filling up the DagBag from /home/leoja/airflow/airflow_venv/lib/python3.12/site-packages/airflow/example_dags/example_sensors.py
[2025-08-16T14:56:14.549+0200] {processor.py:840} INFO - DAG(s) 'example_sensors' retrieved from /home/leoja/airflow/airflow_venv/lib/python3.12/site-packages/airflow/example_dags/example_sensors.py
[2025-08-16T14:56:14.572+0200] {logging_mixin.py:188} INFO - [2025-08-16T14:56:14.571+0200] {dag.py:3096} INFO - Sync 1 DAGs
[2025-08-16T14:56:14.587+0200] {logging_mixin.py:188} INFO - [2025-08-16T14:56:14.587+0200] {dag.py:3954} INFO - Setting next_dagrun for example_sensors to None, run_after=None
[2025-08-16T14:56:14.628+0200] {processor.py:183} INFO - Processing /home/leoja/airflow/airflow_venv/lib/python3.12/site-packages/airflow/example_dags/example_sensors.py took 0.111 seconds
[2025-08-16T14:57:04.701+0200] {processor.py:161} INFO - Started process (PID=17629) to work on /home/leoja/airflow/airflow_venv/lib/python3.12/site-packages/airflow/example_dags/example_sensors.py
[2025-08-16T14:57:04.704+0200] {processor.py:830} INFO - Processing file /home/leoja/airflow/airflow_venv/lib/python3.12/site-packages/airflow/example_dags/example_sensors.py for tasks to queue
[2025-08-16T14:57:04.705+0200] {logging_mixin.py:188} INFO - [2025-08-16T14:57:04.705+0200] {dagbag.py:540} INFO - Filling up the DagBag from /home/leoja/airflow/airflow_venv/lib/python3.12/site-packages/airflow/example_dags/example_sensors.py
[2025-08-16T14:57:04.738+0200] {processor.py:840} INFO - DAG(s) 'example_sensors' retrieved from /home/leoja/airflow/airflow_venv/lib/python3.12/site-packages/airflow/example_dags/example_sensors.py
[2025-08-16T14:57:04.802+0200] {logging_mixin.py:188} INFO - [2025-08-16T14:57:04.802+0200] {dag.py:3096} INFO - Sync 1 DAGs
[2025-08-16T14:57:04.840+0200] {logging_mixin.py:188} INFO - [2025-08-16T14:57:04.840+0200] {dag.py:3954} INFO - Setting next_dagrun for example_sensors to None, run_after=None
[2025-08-16T16:00:05.789+0200] {processor.py:183} INFO - Processing /home/leoja/airflow/airflow_venv/lib/python3.12/site-packages/airflow/example_dags/example_sensors.py took 1.385 seconds
[2025-08-16T16:01:11.738+0200] {processor.py:161} INFO - Started process (PID=18314) to work on /home/leoja/airflow/airflow_venv/lib/python3.12/site-packages/airflow/example_dags/example_sensors.py
[2025-08-16T16:01:11.740+0200] {processor.py:830} INFO - Processing file /home/leoja/airflow/airflow_venv/lib/python3.12/site-packages/airflow/example_dags/example_sensors.py for tasks to queue
[2025-08-16T16:01:11.761+0200] {logging_mixin.py:188} INFO - [2025-08-16T16:01:11.741+0200] {dagbag.py:540} INFO - Filling up the DagBag from /home/leoja/airflow/airflow_venv/lib/python3.12/site-packages/airflow/example_dags/example_sensors.py
[2025-08-16T16:01:12.034+0200] {processor.py:840} INFO - DAG(s) 'example_sensors' retrieved from /home/leoja/airflow/airflow_venv/lib/python3.12/site-packages/airflow/example_dags/example_sensors.py
[2025-08-16T16:01:12.627+0200] {logging_mixin.py:188} INFO - [2025-08-16T16:01:12.627+0200] {dag.py:3096} INFO - Sync 1 DAGs
[2025-08-16T16:01:12.720+0200] {logging_mixin.py:188} INFO - [2025-08-16T16:01:12.719+0200] {dag.py:3954} INFO - Setting next_dagrun for example_sensors to None, run_after=None
[2025-08-16T16:01:12.907+0200] {processor.py:183} INFO - Processing /home/leoja/airflow/airflow_venv/lib/python3.12/site-packages/airflow/example_dags/example_sensors.py took 1.191 seconds
