[2025-06-14T11:21:09.629+0200] {local_task_job_runner.py:120} INFO - ::group::Pre task execution logs
[2025-06-14T11:21:09.640+0200] {taskinstance.py:2073} INFO - Dependencies all met for dep_context=non-requeueable deps ti=<TaskInstance: macro_trading_dag.compute_economic_quadrants scheduled__2025-06-13T08:00:00+00:00 [queued]>
[2025-06-14T11:21:09.643+0200] {taskinstance.py:2073} INFO - Dependencies all met for dep_context=requeueable deps ti=<TaskInstance: macro_trading_dag.compute_economic_quadrants scheduled__2025-06-13T08:00:00+00:00 [queued]>
[2025-06-14T11:21:09.644+0200] {taskinstance.py:2303} INFO - Starting attempt 1 of 3
[2025-06-14T11:21:09.658+0200] {taskinstance.py:2327} INFO - Executing <Task(SparkSubmitOperator): compute_economic_quadrants> on 2025-06-13 08:00:00+00:00
[2025-06-14T11:21:09.665+0200] {standard_task_runner.py:90} INFO - Running: ['airflow', 'tasks', 'run', 'macro_trading_dag', 'compute_economic_quadrants', 'scheduled__2025-06-13T08:00:00+00:00', '--job-id', '544', '--raw', '--subdir', 'DAGS_FOLDER/macro_trading_dag.py', '--cfg-path', '/tmp/tmpi9teyqs4']
[2025-06-14T11:21:09.666+0200] {standard_task_runner.py:91} INFO - Job 544: Subtask compute_economic_quadrants
[2025-06-14T11:21:09.671+0200] {logging_mixin.py:188} WARNING - /home/leoja/airflow/airflow_venv/lib/python3.12/site-packages/airflow/task/task_runner/standard_task_runner.py:61 DeprecationWarning: This process (pid=548552) is multi-threaded, use of fork() may lead to deadlocks in the child.
[2025-06-14T11:21:09.672+0200] {standard_task_runner.py:63} INFO - Started process 548562 to run task
[2025-06-14T11:21:09.702+0200] {task_command.py:426} INFO - Running <TaskInstance: macro_trading_dag.compute_economic_quadrants scheduled__2025-06-13T08:00:00+00:00 [running]> on host N15I711-16GR512.localdomain
[2025-06-14T11:21:09.773+0200] {taskinstance.py:2644} INFO - Exporting env vars: AIRFLOW_CTX_DAG_OWNER='airflow' AIRFLOW_CTX_DAG_ID='macro_trading_dag' AIRFLOW_CTX_TASK_ID='compute_economic_quadrants' AIRFLOW_CTX_EXECUTION_DATE='2025-06-13T08:00:00+00:00' AIRFLOW_CTX_TRY_NUMBER='1' AIRFLOW_CTX_DAG_RUN_ID='scheduled__2025-06-13T08:00:00+00:00'
[2025-06-14T11:21:09.774+0200] {taskinstance.py:430} INFO - ::endgroup::
[2025-06-14T11:21:09.778+0200] {base.py:84} INFO - Using connection ID 'spark_local' for task execution.
[2025-06-14T11:21:09.779+0200] {spark_submit.py:351} INFO - Spark-Submit cmd: spark-submit --master local[*] --conf spark.pyspark.python=/home/leoja/airflow_venv/bin/python --conf spark.pyspark.driver.python=/home/leoja/airflow_venv/bin/python --name compute_economic_quadrants /home/leoja/airflow/spark_jobs/compute_quadrants.py /home/leoja/airflow/data/Indicators.parquet /home/leoja/airflow/data/quadrants.parquet /home/leoja/airflow/data/quadrants.csv
[2025-06-14T11:21:11.270+0200] {spark_submit.py:521} INFO - 25/06/14 11:21:11 WARN Utils: Your hostname, N15I711-16GR512 resolves to a loopback address: 127.0.1.1; using 10.255.255.254 instead (on interface lo)
[2025-06-14T11:21:11.272+0200] {spark_submit.py:521} INFO - 25/06/14 11:21:11 WARN Utils: Set SPARK_LOCAL_IP if you need to bind to another address
[2025-06-14T11:21:12.476+0200] {spark_submit.py:521} INFO - 25/06/14 11:21:12 INFO SparkContext: Running Spark version 3.5.5
[2025-06-14T11:21:12.477+0200] {spark_submit.py:521} INFO - 25/06/14 11:21:12 INFO SparkContext: OS info Linux, 6.6.87.1-microsoft-standard-WSL2, amd64
[2025-06-14T11:21:12.477+0200] {spark_submit.py:521} INFO - 25/06/14 11:21:12 INFO SparkContext: Java version 17.0.15
[2025-06-14T11:21:12.538+0200] {spark_submit.py:521} INFO - 25/06/14 11:21:12 WARN NativeCodeLoader: Unable to load native-hadoop library for your platform... using builtin-java classes where applicable
[2025-06-14T11:21:12.624+0200] {spark_submit.py:521} INFO - 25/06/14 11:21:12 INFO ResourceUtils: ==============================================================
[2025-06-14T11:21:12.624+0200] {spark_submit.py:521} INFO - 25/06/14 11:21:12 INFO ResourceUtils: No custom resources configured for spark.driver.
[2025-06-14T11:21:12.624+0200] {spark_submit.py:521} INFO - 25/06/14 11:21:12 INFO ResourceUtils: ==============================================================
[2025-06-14T11:21:12.625+0200] {spark_submit.py:521} INFO - 25/06/14 11:21:12 INFO SparkContext: Submitted application: ComputeEconomicQuadrants
[2025-06-14T11:21:12.642+0200] {spark_submit.py:521} INFO - 25/06/14 11:21:12 INFO ResourceProfile: Default ResourceProfile created, executor resources: Map(cores -> name: cores, amount: 1, script: , vendor: , memory -> name: memory, amount: 1024, script: , vendor: , offHeap -> name: offHeap, amount: 0, script: , vendor: ), task resources: Map(cpus -> name: cpus, amount: 1.0)
[2025-06-14T11:21:12.648+0200] {spark_submit.py:521} INFO - 25/06/14 11:21:12 INFO ResourceProfile: Limiting resource is cpu
[2025-06-14T11:21:12.648+0200] {spark_submit.py:521} INFO - 25/06/14 11:21:12 INFO ResourceProfileManager: Added ResourceProfile id: 0
[2025-06-14T11:21:12.703+0200] {spark_submit.py:521} INFO - 25/06/14 11:21:12 INFO SecurityManager: Changing view acls to: leoja
[2025-06-14T11:21:12.703+0200] {spark_submit.py:521} INFO - 25/06/14 11:21:12 INFO SecurityManager: Changing modify acls to: leoja
[2025-06-14T11:21:12.704+0200] {spark_submit.py:521} INFO - 25/06/14 11:21:12 INFO SecurityManager: Changing view acls groups to:
[2025-06-14T11:21:12.704+0200] {spark_submit.py:521} INFO - 25/06/14 11:21:12 INFO SecurityManager: Changing modify acls groups to:
[2025-06-14T11:21:12.704+0200] {spark_submit.py:521} INFO - 25/06/14 11:21:12 INFO SecurityManager: SecurityManager: authentication disabled; ui acls disabled; users with view permissions: leoja; groups with view permissions: EMPTY; users with modify permissions: leoja; groups with modify permissions: EMPTY
[2025-06-14T11:21:12.964+0200] {spark_submit.py:521} INFO - 25/06/14 11:21:12 INFO Utils: Successfully started service 'sparkDriver' on port 46425.
[2025-06-14T11:21:12.990+0200] {spark_submit.py:521} INFO - 25/06/14 11:21:12 INFO SparkEnv: Registering MapOutputTracker
[2025-06-14T11:21:13.024+0200] {spark_submit.py:521} INFO - 25/06/14 11:21:13 INFO SparkEnv: Registering BlockManagerMaster
[2025-06-14T11:21:13.047+0200] {spark_submit.py:521} INFO - 25/06/14 11:21:13 INFO BlockManagerMasterEndpoint: Using org.apache.spark.storage.DefaultTopologyMapper for getting topology information
[2025-06-14T11:21:13.048+0200] {spark_submit.py:521} INFO - 25/06/14 11:21:13 INFO BlockManagerMasterEndpoint: BlockManagerMasterEndpoint up
[2025-06-14T11:21:13.055+0200] {spark_submit.py:521} INFO - 25/06/14 11:21:13 INFO SparkEnv: Registering BlockManagerMasterHeartbeat
[2025-06-14T11:21:13.074+0200] {spark_submit.py:521} INFO - 25/06/14 11:21:13 INFO DiskBlockManager: Created local directory at /tmp/blockmgr-59d5ee66-c217-4cca-b312-f032d9ec18d7
[2025-06-14T11:21:13.089+0200] {spark_submit.py:521} INFO - 25/06/14 11:21:13 INFO MemoryStore: MemoryStore started with capacity 434.4 MiB
[2025-06-14T11:21:13.104+0200] {spark_submit.py:521} INFO - 25/06/14 11:21:13 INFO SparkEnv: Registering OutputCommitCoordinator
[2025-06-14T11:21:13.235+0200] {spark_submit.py:521} INFO - 25/06/14 11:21:13 INFO JettyUtils: Start Jetty 0.0.0.0:4040 for SparkUI
[2025-06-14T11:21:13.318+0200] {spark_submit.py:521} INFO - 25/06/14 11:21:13 INFO Utils: Successfully started service 'SparkUI' on port 4040.
[2025-06-14T11:21:13.444+0200] {spark_submit.py:521} INFO - 25/06/14 11:21:13 INFO Executor: Starting executor ID driver on host 10.255.255.254
[2025-06-14T11:21:13.445+0200] {spark_submit.py:521} INFO - 25/06/14 11:21:13 INFO Executor: OS info Linux, 6.6.87.1-microsoft-standard-WSL2, amd64
[2025-06-14T11:21:13.445+0200] {spark_submit.py:521} INFO - 25/06/14 11:21:13 INFO Executor: Java version 17.0.15
[2025-06-14T11:21:13.452+0200] {spark_submit.py:521} INFO - 25/06/14 11:21:13 INFO Executor: Starting executor with user classpath (userClassPathFirst = false): ''
[2025-06-14T11:21:13.452+0200] {spark_submit.py:521} INFO - 25/06/14 11:21:13 INFO Executor: Created or updated repl class loader org.apache.spark.util.MutableURLClassLoader@2074c0e5 for default.
[2025-06-14T11:21:13.476+0200] {spark_submit.py:521} INFO - 25/06/14 11:21:13 INFO Utils: Successfully started service 'org.apache.spark.network.netty.NettyBlockTransferService' on port 43307.
[2025-06-14T11:21:13.477+0200] {spark_submit.py:521} INFO - 25/06/14 11:21:13 INFO NettyBlockTransferService: Server created on 10.255.255.254:43307
[2025-06-14T11:21:13.478+0200] {spark_submit.py:521} INFO - 25/06/14 11:21:13 INFO BlockManager: Using org.apache.spark.storage.RandomBlockReplicationPolicy for block replication policy
[2025-06-14T11:21:13.485+0200] {spark_submit.py:521} INFO - 25/06/14 11:21:13 INFO BlockManagerMaster: Registering BlockManager BlockManagerId(driver, 10.255.255.254, 43307, None)
[2025-06-14T11:21:13.489+0200] {spark_submit.py:521} INFO - 25/06/14 11:21:13 INFO BlockManagerMasterEndpoint: Registering block manager 10.255.255.254:43307 with 434.4 MiB RAM, BlockManagerId(driver, 10.255.255.254, 43307, None)
[2025-06-14T11:21:13.491+0200] {spark_submit.py:521} INFO - 25/06/14 11:21:13 INFO BlockManagerMaster: Registered BlockManager BlockManagerId(driver, 10.255.255.254, 43307, None)
[2025-06-14T11:21:13.492+0200] {spark_submit.py:521} INFO - 25/06/14 11:21:13 INFO BlockManager: Initialized BlockManager: BlockManagerId(driver, 10.255.255.254, 43307, None)
[2025-06-14T11:21:13.915+0200] {spark_submit.py:521} INFO - 25/06/14 11:21:13 INFO SharedState: Setting hive.metastore.warehouse.dir ('null') to the value of spark.sql.warehouse.dir.
[2025-06-14T11:21:13.925+0200] {spark_submit.py:521} INFO - 25/06/14 11:21:13 INFO SharedState: Warehouse path is 'file:/home/leoja/airflow/airflow_venv/spark-warehouse'.
[2025-06-14T11:21:14.621+0200] {spark_submit.py:521} INFO - 25/06/14 11:21:14 INFO InMemoryFileIndex: It took 42 ms to list leaf files for 1 paths.
[2025-06-14T11:21:15.022+0200] {spark_submit.py:521} INFO - 25/06/14 11:21:15 INFO SparkContext: Starting job: parquet at NativeMethodAccessorImpl.java:0
[2025-06-14T11:21:15.036+0200] {spark_submit.py:521} INFO - 25/06/14 11:21:15 INFO DAGScheduler: Got job 0 (parquet at NativeMethodAccessorImpl.java:0) with 1 output partitions
[2025-06-14T11:21:15.036+0200] {spark_submit.py:521} INFO - 25/06/14 11:21:15 INFO DAGScheduler: Final stage: ResultStage 0 (parquet at NativeMethodAccessorImpl.java:0)
[2025-06-14T11:21:15.037+0200] {spark_submit.py:521} INFO - 25/06/14 11:21:15 INFO DAGScheduler: Parents of final stage: List()
[2025-06-14T11:21:15.038+0200] {spark_submit.py:521} INFO - 25/06/14 11:21:15 INFO DAGScheduler: Missing parents: List()
[2025-06-14T11:21:15.040+0200] {spark_submit.py:521} INFO - 25/06/14 11:21:15 INFO DAGScheduler: Submitting ResultStage 0 (MapPartitionsRDD[1] at parquet at NativeMethodAccessorImpl.java:0), which has no missing parents
[2025-06-14T11:21:15.100+0200] {spark_submit.py:521} INFO - 25/06/14 11:21:15 INFO MemoryStore: Block broadcast_0 stored as values in memory (estimated size 103.5 KiB, free 434.3 MiB)
[2025-06-14T11:21:15.130+0200] {spark_submit.py:521} INFO - 25/06/14 11:21:15 INFO MemoryStore: Block broadcast_0_piece0 stored as bytes in memory (estimated size 37.3 KiB, free 434.3 MiB)
[2025-06-14T11:21:15.135+0200] {spark_submit.py:521} INFO - 25/06/14 11:21:15 INFO BlockManagerInfo: Added broadcast_0_piece0 in memory on 10.255.255.254:43307 (size: 37.3 KiB, free: 434.4 MiB)
[2025-06-14T11:21:15.140+0200] {spark_submit.py:521} INFO - 25/06/14 11:21:15 INFO SparkContext: Created broadcast 0 from broadcast at DAGScheduler.scala:1585
[2025-06-14T11:21:15.167+0200] {spark_submit.py:521} INFO - 25/06/14 11:21:15 INFO DAGScheduler: Submitting 1 missing tasks from ResultStage 0 (MapPartitionsRDD[1] at parquet at NativeMethodAccessorImpl.java:0) (first 15 tasks are for partitions Vector(0))
[2025-06-14T11:21:15.168+0200] {spark_submit.py:521} INFO - 25/06/14 11:21:15 INFO TaskSchedulerImpl: Adding task set 0.0 with 1 tasks resource profile 0
[2025-06-14T11:21:15.229+0200] {spark_submit.py:521} INFO - 25/06/14 11:21:15 INFO TaskSetManager: Starting task 0.0 in stage 0.0 (TID 0) (10.255.255.254, executor driver, partition 0, PROCESS_LOCAL, 9142 bytes)
[2025-06-14T11:21:15.247+0200] {spark_submit.py:521} INFO - 25/06/14 11:21:15 INFO Executor: Running task 0.0 in stage 0.0 (TID 0)
[2025-06-14T11:21:15.619+0200] {spark_submit.py:521} INFO - 25/06/14 11:21:15 INFO Executor: Finished task 0.0 in stage 0.0 (TID 0). 1931 bytes result sent to driver
[2025-06-14T11:21:15.631+0200] {spark_submit.py:521} INFO - 25/06/14 11:21:15 INFO TaskSetManager: Finished task 0.0 in stage 0.0 (TID 0) in 423 ms on 10.255.255.254 (executor driver) (1/1)
[2025-06-14T11:21:15.633+0200] {spark_submit.py:521} INFO - 25/06/14 11:21:15 INFO TaskSchedulerImpl: Removed TaskSet 0.0, whose tasks have all completed, from pool
[2025-06-14T11:21:15.638+0200] {spark_submit.py:521} INFO - 25/06/14 11:21:15 INFO DAGScheduler: ResultStage 0 (parquet at NativeMethodAccessorImpl.java:0) finished in 0.586 s
[2025-06-14T11:21:15.641+0200] {spark_submit.py:521} INFO - 25/06/14 11:21:15 INFO DAGScheduler: Job 0 is finished. Cancelling potential speculative or zombie tasks for this job
[2025-06-14T11:21:15.642+0200] {spark_submit.py:521} INFO - 25/06/14 11:21:15 INFO TaskSchedulerImpl: Killing all running tasks in stage 0: Stage finished
[2025-06-14T11:21:15.644+0200] {spark_submit.py:521} INFO - 25/06/14 11:21:15 INFO DAGScheduler: Job 0 finished: parquet at NativeMethodAccessorImpl.java:0, took 0.622225 s
[2025-06-14T11:21:16.761+0200] {spark_submit.py:521} INFO - 25/06/14 11:21:16 INFO BlockManagerInfo: Removed broadcast_0_piece0 on 10.255.255.254:43307 in memory (size: 37.3 KiB, free: 434.4 MiB)
[2025-06-14T11:21:17.187+0200] {spark_submit.py:521} INFO - 25/06/14 11:21:17 INFO InMemoryFileIndex: It took 2 ms to list leaf files for 1 paths.
[2025-06-14T11:21:17.229+0200] {spark_submit.py:521} INFO - 25/06/14 11:21:17 INFO SparkContext: Starting job: parquet at NativeMethodAccessorImpl.java:0
[2025-06-14T11:21:17.231+0200] {spark_submit.py:521} INFO - 25/06/14 11:21:17 INFO DAGScheduler: Got job 1 (parquet at NativeMethodAccessorImpl.java:0) with 1 output partitions
[2025-06-14T11:21:17.231+0200] {spark_submit.py:521} INFO - 25/06/14 11:21:17 INFO DAGScheduler: Final stage: ResultStage 1 (parquet at NativeMethodAccessorImpl.java:0)
[2025-06-14T11:21:17.232+0200] {spark_submit.py:521} INFO - 25/06/14 11:21:17 INFO DAGScheduler: Parents of final stage: List()
[2025-06-14T11:21:17.232+0200] {spark_submit.py:521} INFO - 25/06/14 11:21:17 INFO DAGScheduler: Missing parents: List()
[2025-06-14T11:21:17.232+0200] {spark_submit.py:521} INFO - 25/06/14 11:21:17 INFO DAGScheduler: Submitting ResultStage 1 (MapPartitionsRDD[3] at parquet at NativeMethodAccessorImpl.java:0), which has no missing parents
[2025-06-14T11:21:17.242+0200] {spark_submit.py:521} INFO - 25/06/14 11:21:17 INFO MemoryStore: Block broadcast_1 stored as values in memory (estimated size 103.5 KiB, free 434.3 MiB)
[2025-06-14T11:21:17.245+0200] {spark_submit.py:521} INFO - 25/06/14 11:21:17 INFO MemoryStore: Block broadcast_1_piece0 stored as bytes in memory (estimated size 37.3 KiB, free 434.3 MiB)
[2025-06-14T11:21:17.246+0200] {spark_submit.py:521} INFO - 25/06/14 11:21:17 INFO BlockManagerInfo: Added broadcast_1_piece0 in memory on 10.255.255.254:43307 (size: 37.3 KiB, free: 434.4 MiB)
[2025-06-14T11:21:17.247+0200] {spark_submit.py:521} INFO - 25/06/14 11:21:17 INFO SparkContext: Created broadcast 1 from broadcast at DAGScheduler.scala:1585
[2025-06-14T11:21:17.249+0200] {spark_submit.py:521} INFO - 25/06/14 11:21:17 INFO DAGScheduler: Submitting 1 missing tasks from ResultStage 1 (MapPartitionsRDD[3] at parquet at NativeMethodAccessorImpl.java:0) (first 15 tasks are for partitions Vector(0))
[2025-06-14T11:21:17.249+0200] {spark_submit.py:521} INFO - 25/06/14 11:21:17 INFO TaskSchedulerImpl: Adding task set 1.0 with 1 tasks resource profile 0
[2025-06-14T11:21:17.251+0200] {spark_submit.py:521} INFO - 25/06/14 11:21:17 INFO TaskSetManager: Starting task 0.0 in stage 1.0 (TID 1) (10.255.255.254, executor driver, partition 0, PROCESS_LOCAL, 9141 bytes)
[2025-06-14T11:21:17.252+0200] {spark_submit.py:521} INFO - 25/06/14 11:21:17 INFO Executor: Running task 0.0 in stage 1.0 (TID 1)
[2025-06-14T11:21:17.297+0200] {spark_submit.py:521} INFO - 25/06/14 11:21:17 INFO Executor: Finished task 0.0 in stage 1.0 (TID 1). 3927 bytes result sent to driver
[2025-06-14T11:21:17.301+0200] {spark_submit.py:521} INFO - 25/06/14 11:21:17 INFO TaskSetManager: Finished task 0.0 in stage 1.0 (TID 1) in 51 ms on 10.255.255.254 (executor driver) (1/1)
[2025-06-14T11:21:17.302+0200] {spark_submit.py:521} INFO - 25/06/14 11:21:17 INFO TaskSchedulerImpl: Removed TaskSet 1.0, whose tasks have all completed, from pool
[2025-06-14T11:21:17.302+0200] {spark_submit.py:521} INFO - 25/06/14 11:21:17 INFO DAGScheduler: ResultStage 1 (parquet at NativeMethodAccessorImpl.java:0) finished in 0.069 s
[2025-06-14T11:21:17.303+0200] {spark_submit.py:521} INFO - 25/06/14 11:21:17 INFO DAGScheduler: Job 1 is finished. Cancelling potential speculative or zombie tasks for this job
[2025-06-14T11:21:17.303+0200] {spark_submit.py:521} INFO - 25/06/14 11:21:17 INFO TaskSchedulerImpl: Killing all running tasks in stage 1: Stage finished
[2025-06-14T11:21:17.304+0200] {spark_submit.py:521} INFO - 25/06/14 11:21:17 INFO DAGScheduler: Job 1 finished: parquet at NativeMethodAccessorImpl.java:0, took 0.074470 s
[2025-06-14T11:21:17.454+0200] {spark_submit.py:521} INFO - 25/06/14 11:21:17 INFO BlockManagerInfo: Removed broadcast_1_piece0 on 10.255.255.254:43307 in memory (size: 37.3 KiB, free: 434.4 MiB)
[2025-06-14T11:21:17.693+0200] {spark_submit.py:521} INFO - 25/06/14 11:21:17 INFO FileSourceStrategy: Pushed Filters:
[2025-06-14T11:21:17.694+0200] {spark_submit.py:521} INFO - 25/06/14 11:21:17 INFO FileSourceStrategy: Post-Scan Filters:
[2025-06-14T11:21:18.054+0200] {spark_submit.py:521} INFO - 25/06/14 11:21:18 INFO CodeGenerator: Code generated in 177.903599 ms
[2025-06-14T11:21:18.072+0200] {spark_submit.py:521} INFO - 25/06/14 11:21:18 INFO MemoryStore: Block broadcast_2 stored as values in memory (estimated size 201.2 KiB, free 434.2 MiB)
[2025-06-14T11:21:18.079+0200] {spark_submit.py:521} INFO - 25/06/14 11:21:18 INFO MemoryStore: Block broadcast_2_piece0 stored as bytes in memory (estimated size 35.0 KiB, free 434.2 MiB)
[2025-06-14T11:21:18.082+0200] {spark_submit.py:521} INFO - 25/06/14 11:21:18 INFO BlockManagerInfo: Added broadcast_2_piece0 in memory on 10.255.255.254:43307 (size: 35.0 KiB, free: 434.4 MiB)
[2025-06-14T11:21:18.083+0200] {spark_submit.py:521} INFO - 25/06/14 11:21:18 INFO SparkContext: Created broadcast 2 from collect at /home/leoja/airflow/spark_jobs/compute_quadrants.py:99
[2025-06-14T11:21:18.095+0200] {spark_submit.py:521} INFO - 25/06/14 11:21:18 INFO FileSourceScanExec: Planning scan with bin packing, max size: 4194304 bytes, open cost is considered as scanning 4194304 bytes.
[2025-06-14T11:21:18.143+0200] {spark_submit.py:521} INFO - 25/06/14 11:21:18 INFO DAGScheduler: Registering RDD 7 (collect at /home/leoja/airflow/spark_jobs/compute_quadrants.py:99) as input to shuffle 0
[2025-06-14T11:21:18.146+0200] {spark_submit.py:521} INFO - 25/06/14 11:21:18 INFO DAGScheduler: Got map stage job 2 (collect at /home/leoja/airflow/spark_jobs/compute_quadrants.py:99) with 1 output partitions
[2025-06-14T11:21:18.147+0200] {spark_submit.py:521} INFO - 25/06/14 11:21:18 INFO DAGScheduler: Final stage: ShuffleMapStage 2 (collect at /home/leoja/airflow/spark_jobs/compute_quadrants.py:99)
[2025-06-14T11:21:18.147+0200] {spark_submit.py:521} INFO - 25/06/14 11:21:18 INFO DAGScheduler: Parents of final stage: List()
[2025-06-14T11:21:18.148+0200] {spark_submit.py:521} INFO - 25/06/14 11:21:18 INFO DAGScheduler: Missing parents: List()
[2025-06-14T11:21:18.149+0200] {spark_submit.py:521} INFO - 25/06/14 11:21:18 INFO DAGScheduler: Submitting ShuffleMapStage 2 (MapPartitionsRDD[7] at collect at /home/leoja/airflow/spark_jobs/compute_quadrants.py:99), which has no missing parents
[2025-06-14T11:21:18.202+0200] {spark_submit.py:521} INFO - 25/06/14 11:21:18 INFO MemoryStore: Block broadcast_3 stored as values in memory (estimated size 18.6 KiB, free 434.2 MiB)
[2025-06-14T11:21:18.204+0200] {spark_submit.py:521} INFO - 25/06/14 11:21:18 INFO MemoryStore: Block broadcast_3_piece0 stored as bytes in memory (estimated size 8.3 KiB, free 434.1 MiB)
[2025-06-14T11:21:18.205+0200] {spark_submit.py:521} INFO - 25/06/14 11:21:18 INFO BlockManagerInfo: Added broadcast_3_piece0 in memory on 10.255.255.254:43307 (size: 8.3 KiB, free: 434.4 MiB)
[2025-06-14T11:21:18.206+0200] {spark_submit.py:521} INFO - 25/06/14 11:21:18 INFO SparkContext: Created broadcast 3 from broadcast at DAGScheduler.scala:1585
[2025-06-14T11:21:18.208+0200] {spark_submit.py:521} INFO - 25/06/14 11:21:18 INFO DAGScheduler: Submitting 1 missing tasks from ShuffleMapStage 2 (MapPartitionsRDD[7] at collect at /home/leoja/airflow/spark_jobs/compute_quadrants.py:99) (first 15 tasks are for partitions Vector(0))
[2025-06-14T11:21:18.208+0200] {spark_submit.py:521} INFO - 25/06/14 11:21:18 INFO TaskSchedulerImpl: Adding task set 2.0 with 1 tasks resource profile 0
[2025-06-14T11:21:18.218+0200] {spark_submit.py:521} INFO - 25/06/14 11:21:18 INFO TaskSetManager: Starting task 0.0 in stage 2.0 (TID 2) (10.255.255.254, executor driver, partition 0, PROCESS_LOCAL, 9600 bytes)
[2025-06-14T11:21:18.219+0200] {spark_submit.py:521} INFO - 25/06/14 11:21:18 INFO Executor: Running task 0.0 in stage 2.0 (TID 2)
[2025-06-14T11:21:18.271+0200] {spark_submit.py:521} INFO - 25/06/14 11:21:18 INFO CodeGenerator: Code generated in 16.433182 ms
[2025-06-14T11:21:18.280+0200] {spark_submit.py:521} INFO - 25/06/14 11:21:18 INFO FileScanRDD: Reading File path: file:///home/leoja/airflow/data/quadrants.parquet, range: 0-44072, partition values: [empty row]
[2025-06-14T11:21:18.378+0200] {spark_submit.py:521} INFO - 25/06/14 11:21:18 INFO CodecPool: Got brand-new decompressor [.snappy]
[2025-06-14T11:21:18.520+0200] {spark_submit.py:521} INFO - 25/06/14 11:21:18 INFO Executor: Finished task 0.0 in stage 2.0 (TID 2). 2181 bytes result sent to driver
[2025-06-14T11:21:18.524+0200] {spark_submit.py:521} INFO - 25/06/14 11:21:18 INFO TaskSetManager: Finished task 0.0 in stage 2.0 (TID 2) in 314 ms on 10.255.255.254 (executor driver) (1/1)
[2025-06-14T11:21:18.524+0200] {spark_submit.py:521} INFO - 25/06/14 11:21:18 INFO TaskSchedulerImpl: Removed TaskSet 2.0, whose tasks have all completed, from pool
[2025-06-14T11:21:18.526+0200] {spark_submit.py:521} INFO - 25/06/14 11:21:18 INFO DAGScheduler: ShuffleMapStage 2 (collect at /home/leoja/airflow/spark_jobs/compute_quadrants.py:99) finished in 0.374 s
[2025-06-14T11:21:18.527+0200] {spark_submit.py:521} INFO - 25/06/14 11:21:18 INFO DAGScheduler: looking for newly runnable stages
[2025-06-14T11:21:18.527+0200] {spark_submit.py:521} INFO - 25/06/14 11:21:18 INFO DAGScheduler: running: Set()
[2025-06-14T11:21:18.527+0200] {spark_submit.py:521} INFO - 25/06/14 11:21:18 INFO DAGScheduler: waiting: Set()
[2025-06-14T11:21:18.528+0200] {spark_submit.py:521} INFO - 25/06/14 11:21:18 INFO DAGScheduler: failed: Set()
[2025-06-14T11:21:18.568+0200] {spark_submit.py:521} INFO - 25/06/14 11:21:18 INFO CodeGenerator: Code generated in 11.725972 ms
[2025-06-14T11:21:18.590+0200] {spark_submit.py:521} INFO - 25/06/14 11:21:18 INFO SparkContext: Starting job: collect at /home/leoja/airflow/spark_jobs/compute_quadrants.py:99
[2025-06-14T11:21:18.592+0200] {spark_submit.py:521} INFO - 25/06/14 11:21:18 INFO DAGScheduler: Got job 3 (collect at /home/leoja/airflow/spark_jobs/compute_quadrants.py:99) with 1 output partitions
[2025-06-14T11:21:18.592+0200] {spark_submit.py:521} INFO - 25/06/14 11:21:18 INFO DAGScheduler: Final stage: ResultStage 4 (collect at /home/leoja/airflow/spark_jobs/compute_quadrants.py:99)
[2025-06-14T11:21:18.593+0200] {spark_submit.py:521} INFO - 25/06/14 11:21:18 INFO DAGScheduler: Parents of final stage: List(ShuffleMapStage 3)
[2025-06-14T11:21:18.593+0200] {spark_submit.py:521} INFO - 25/06/14 11:21:18 INFO DAGScheduler: Missing parents: List()
[2025-06-14T11:21:18.593+0200] {spark_submit.py:521} INFO - 25/06/14 11:21:18 INFO DAGScheduler: Submitting ResultStage 4 (MapPartitionsRDD[10] at collect at /home/leoja/airflow/spark_jobs/compute_quadrants.py:99), which has no missing parents
[2025-06-14T11:21:18.602+0200] {spark_submit.py:521} INFO - 25/06/14 11:21:18 INFO MemoryStore: Block broadcast_4 stored as values in memory (estimated size 13.1 KiB, free 434.1 MiB)
[2025-06-14T11:21:18.610+0200] {spark_submit.py:521} INFO - 25/06/14 11:21:18 INFO MemoryStore: Block broadcast_4_piece0 stored as bytes in memory (estimated size 6.1 KiB, free 434.1 MiB)
[2025-06-14T11:21:18.611+0200] {spark_submit.py:521} INFO - 25/06/14 11:21:18 INFO BlockManagerInfo: Added broadcast_4_piece0 in memory on 10.255.255.254:43307 (size: 6.1 KiB, free: 434.4 MiB)
[2025-06-14T11:21:18.611+0200] {spark_submit.py:521} INFO - 25/06/14 11:21:18 INFO BlockManagerInfo: Removed broadcast_3_piece0 on 10.255.255.254:43307 in memory (size: 8.3 KiB, free: 434.4 MiB)
[2025-06-14T11:21:18.611+0200] {spark_submit.py:521} INFO - 25/06/14 11:21:18 INFO SparkContext: Created broadcast 4 from broadcast at DAGScheduler.scala:1585
[2025-06-14T11:21:18.612+0200] {spark_submit.py:521} INFO - 25/06/14 11:21:18 INFO DAGScheduler: Submitting 1 missing tasks from ResultStage 4 (MapPartitionsRDD[10] at collect at /home/leoja/airflow/spark_jobs/compute_quadrants.py:99) (first 15 tasks are for partitions Vector(0))
[2025-06-14T11:21:18.612+0200] {spark_submit.py:521} INFO - 25/06/14 11:21:18 INFO TaskSchedulerImpl: Adding task set 4.0 with 1 tasks resource profile 0
[2025-06-14T11:21:18.619+0200] {spark_submit.py:521} INFO - 25/06/14 11:21:18 INFO TaskSetManager: Starting task 0.0 in stage 4.0 (TID 3) (10.255.255.254, executor driver, partition 0, NODE_LOCAL, 8999 bytes)
[2025-06-14T11:21:18.620+0200] {spark_submit.py:521} INFO - 25/06/14 11:21:18 INFO Executor: Running task 0.0 in stage 4.0 (TID 3)
[2025-06-14T11:21:18.652+0200] {spark_submit.py:521} INFO - 25/06/14 11:21:18 INFO ShuffleBlockFetcherIterator: Getting 1 (60.0 B) non-empty blocks including 1 (60.0 B) local and 0 (0.0 B) host-local and 0 (0.0 B) push-merged-local and 0 (0.0 B) remote blocks
[2025-06-14T11:21:18.653+0200] {spark_submit.py:521} INFO - 25/06/14 11:21:18 INFO ShuffleBlockFetcherIterator: Started 0 remote fetches in 8 ms
[2025-06-14T11:21:18.665+0200] {spark_submit.py:521} INFO - 25/06/14 11:21:18 INFO CodeGenerator: Code generated in 9.837235 ms
[2025-06-14T11:21:18.678+0200] {spark_submit.py:521} INFO - 25/06/14 11:21:18 INFO Executor: Finished task 0.0 in stage 4.0 (TID 3). 4038 bytes result sent to driver
[2025-06-14T11:21:18.681+0200] {spark_submit.py:521} INFO - 25/06/14 11:21:18 INFO TaskSetManager: Finished task 0.0 in stage 4.0 (TID 3) in 63 ms on 10.255.255.254 (executor driver) (1/1)
[2025-06-14T11:21:18.681+0200] {spark_submit.py:521} INFO - 25/06/14 11:21:18 INFO TaskSchedulerImpl: Removed TaskSet 4.0, whose tasks have all completed, from pool
[2025-06-14T11:21:18.683+0200] {spark_submit.py:521} INFO - 25/06/14 11:21:18 INFO DAGScheduler: ResultStage 4 (collect at /home/leoja/airflow/spark_jobs/compute_quadrants.py:99) finished in 0.082 s
[2025-06-14T11:21:18.683+0200] {spark_submit.py:521} INFO - 25/06/14 11:21:18 INFO DAGScheduler: Job 3 is finished. Cancelling potential speculative or zombie tasks for this job
[2025-06-14T11:21:18.683+0200] {spark_submit.py:521} INFO - 25/06/14 11:21:18 INFO TaskSchedulerImpl: Killing all running tasks in stage 4: Stage finished
[2025-06-14T11:21:18.684+0200] {spark_submit.py:521} INFO - 25/06/14 11:21:18 INFO DAGScheduler: Job 3 finished: collect at /home/leoja/airflow/spark_jobs/compute_quadrants.py:99, took 0.093831 s
[2025-06-14T11:21:19.038+0200] {spark_submit.py:521} INFO - 25/06/14 11:21:19 INFO FileSourceStrategy: Pushed Filters:
[2025-06-14T11:21:19.041+0200] {spark_submit.py:521} INFO - 25/06/14 11:21:19 INFO FileSourceStrategy: Post-Scan Filters: (gettimestamp(date#0, yyyy-MM-dd, TimestampType, Some(Europe/Paris), false) >= 2025-07-01 00:00:00)
[2025-06-14T11:21:19.146+0200] {spark_submit.py:521} INFO - 25/06/14 11:21:19 INFO CodeGenerator: Code generated in 53.042167 ms
[2025-06-14T11:21:19.154+0200] {spark_submit.py:521} INFO - 25/06/14 11:21:19 INFO MemoryStore: Block broadcast_5 stored as values in memory (estimated size 202.1 KiB, free 434.0 MiB)
[2025-06-14T11:21:19.173+0200] {spark_submit.py:521} INFO - 25/06/14 11:21:19 INFO BlockManagerInfo: Removed broadcast_4_piece0 on 10.255.255.254:43307 in memory (size: 6.1 KiB, free: 434.4 MiB)
[2025-06-14T11:21:19.177+0200] {spark_submit.py:521} INFO - 25/06/14 11:21:19 INFO MemoryStore: Block broadcast_5_piece0 stored as bytes in memory (estimated size 35.3 KiB, free 433.9 MiB)
[2025-06-14T11:21:19.178+0200] {spark_submit.py:521} INFO - 25/06/14 11:21:19 INFO BlockManagerInfo: Added broadcast_5_piece0 in memory on 10.255.255.254:43307 (size: 35.3 KiB, free: 434.3 MiB)
[2025-06-14T11:21:19.179+0200] {spark_submit.py:521} INFO - 25/06/14 11:21:19 INFO SparkContext: Created broadcast 5 from javaToPython at NativeMethodAccessorImpl.java:0
[2025-06-14T11:21:19.182+0200] {spark_submit.py:521} INFO - 25/06/14 11:21:19 INFO FileSourceScanExec: Planning scan with bin packing, max size: 4194304 bytes, open cost is considered as scanning 4194304 bytes.
[2025-06-14T11:21:19.237+0200] {spark_submit.py:521} INFO - 25/06/14 11:21:19 INFO CodeGenerator: Code generated in 27.405913 ms
[2025-06-14T11:21:19.272+0200] {spark_submit.py:521} INFO - 25/06/14 11:21:19 INFO SparkContext: Starting job: javaToPython at NativeMethodAccessorImpl.java:0
[2025-06-14T11:21:19.273+0200] {spark_submit.py:521} INFO - 25/06/14 11:21:19 INFO DAGScheduler: Got job 4 (javaToPython at NativeMethodAccessorImpl.java:0) with 1 output partitions
[2025-06-14T11:21:19.274+0200] {spark_submit.py:521} INFO - 25/06/14 11:21:19 INFO DAGScheduler: Final stage: ResultStage 5 (javaToPython at NativeMethodAccessorImpl.java:0)
[2025-06-14T11:21:19.274+0200] {spark_submit.py:521} INFO - 25/06/14 11:21:19 INFO DAGScheduler: Parents of final stage: List()
[2025-06-14T11:21:19.274+0200] {spark_submit.py:521} INFO - 25/06/14 11:21:19 INFO DAGScheduler: Missing parents: List()
[2025-06-14T11:21:19.275+0200] {spark_submit.py:521} INFO - 25/06/14 11:21:19 INFO DAGScheduler: Submitting ResultStage 5 (MapPartitionsRDD[16] at javaToPython at NativeMethodAccessorImpl.java:0), which has no missing parents
[2025-06-14T11:21:19.278+0200] {spark_submit.py:521} INFO - 25/06/14 11:21:19 INFO MemoryStore: Block broadcast_6 stored as values in memory (estimated size 23.7 KiB, free 433.9 MiB)
[2025-06-14T11:21:19.288+0200] {spark_submit.py:521} INFO - 25/06/14 11:21:19 INFO MemoryStore: Block broadcast_6_piece0 stored as bytes in memory (estimated size 9.5 KiB, free 433.9 MiB)
[2025-06-14T11:21:19.289+0200] {spark_submit.py:521} INFO - 25/06/14 11:21:19 INFO BlockManagerInfo: Added broadcast_6_piece0 in memory on 10.255.255.254:43307 (size: 9.5 KiB, free: 434.3 MiB)
[2025-06-14T11:21:19.290+0200] {spark_submit.py:521} INFO - 25/06/14 11:21:19 INFO SparkContext: Created broadcast 6 from broadcast at DAGScheduler.scala:1585
[2025-06-14T11:21:19.291+0200] {spark_submit.py:521} INFO - 25/06/14 11:21:19 INFO DAGScheduler: Submitting 1 missing tasks from ResultStage 5 (MapPartitionsRDD[16] at javaToPython at NativeMethodAccessorImpl.java:0) (first 15 tasks are for partitions Vector(0))
[2025-06-14T11:21:19.291+0200] {spark_submit.py:521} INFO - 25/06/14 11:21:19 INFO TaskSchedulerImpl: Adding task set 5.0 with 1 tasks resource profile 0
[2025-06-14T11:21:19.295+0200] {spark_submit.py:521} INFO - 25/06/14 11:21:19 INFO TaskSetManager: Starting task 0.0 in stage 5.0 (TID 4) (10.255.255.254, executor driver, partition 0, PROCESS_LOCAL, 9612 bytes)
[2025-06-14T11:21:19.296+0200] {spark_submit.py:521} INFO - 25/06/14 11:21:19 INFO Executor: Running task 0.0 in stage 5.0 (TID 4)
[2025-06-14T11:21:19.324+0200] {spark_submit.py:521} INFO - 25/06/14 11:21:19 INFO CodeGenerator: Code generated in 18.555533 ms
[2025-06-14T11:21:19.342+0200] {spark_submit.py:521} INFO - 25/06/14 11:21:19 INFO CodeGenerator: Code generated in 7.727509 ms
[2025-06-14T11:21:19.344+0200] {spark_submit.py:521} INFO - 25/06/14 11:21:19 INFO FileScanRDD: Reading File path: file:///home/leoja/airflow/data/Indicators.parquet, range: 0-13100, partition values: [empty row]
[2025-06-14T11:21:19.382+0200] {spark_submit.py:521} INFO - 25/06/14 11:21:19 INFO Executor: Finished task 0.0 in stage 5.0 (TID 4). 1804 bytes result sent to driver
[2025-06-14T11:21:19.384+0200] {spark_submit.py:521} INFO - 25/06/14 11:21:19 INFO TaskSetManager: Finished task 0.0 in stage 5.0 (TID 4) in 91 ms on 10.255.255.254 (executor driver) (1/1)
[2025-06-14T11:21:19.384+0200] {spark_submit.py:521} INFO - 25/06/14 11:21:19 INFO TaskSchedulerImpl: Removed TaskSet 5.0, whose tasks have all completed, from pool
[2025-06-14T11:21:19.385+0200] {spark_submit.py:521} INFO - 25/06/14 11:21:19 INFO DAGScheduler: ResultStage 5 (javaToPython at NativeMethodAccessorImpl.java:0) finished in 0.109 s
[2025-06-14T11:21:19.385+0200] {spark_submit.py:521} INFO - 25/06/14 11:21:19 INFO DAGScheduler: Job 4 is finished. Cancelling potential speculative or zombie tasks for this job
[2025-06-14T11:21:19.385+0200] {spark_submit.py:521} INFO - 25/06/14 11:21:19 INFO TaskSchedulerImpl: Killing all running tasks in stage 5: Stage finished
[2025-06-14T11:21:19.386+0200] {spark_submit.py:521} INFO - 25/06/14 11:21:19 INFO DAGScheduler: Job 4 finished: javaToPython at NativeMethodAccessorImpl.java:0, took 0.113440 s
[2025-06-14T11:21:19.391+0200] {spark_submit.py:521} INFO - 25/06/14 11:21:19 INFO DAGScheduler: Registering RDD 17 (javaToPython at NativeMethodAccessorImpl.java:0) as input to shuffle 1
[2025-06-14T11:21:19.391+0200] {spark_submit.py:521} INFO - 25/06/14 11:21:19 INFO DAGScheduler: Got map stage job 5 (javaToPython at NativeMethodAccessorImpl.java:0) with 1 output partitions
[2025-06-14T11:21:19.391+0200] {spark_submit.py:521} INFO - 25/06/14 11:21:19 INFO DAGScheduler: Final stage: ShuffleMapStage 6 (javaToPython at NativeMethodAccessorImpl.java:0)
[2025-06-14T11:21:19.391+0200] {spark_submit.py:521} INFO - 25/06/14 11:21:19 INFO DAGScheduler: Parents of final stage: List()
[2025-06-14T11:21:19.391+0200] {spark_submit.py:521} INFO - 25/06/14 11:21:19 INFO DAGScheduler: Missing parents: List()
[2025-06-14T11:21:19.392+0200] {spark_submit.py:521} INFO - 25/06/14 11:21:19 INFO DAGScheduler: Submitting ShuffleMapStage 6 (MapPartitionsRDD[17] at javaToPython at NativeMethodAccessorImpl.java:0), which has no missing parents
[2025-06-14T11:21:19.407+0200] {spark_submit.py:521} INFO - 25/06/14 11:21:19 INFO MemoryStore: Block broadcast_7 stored as values in memory (estimated size 25.5 KiB, free 433.9 MiB)
[2025-06-14T11:21:19.413+0200] {spark_submit.py:521} INFO - 25/06/14 11:21:19 INFO MemoryStore: Block broadcast_7_piece0 stored as bytes in memory (estimated size 10.4 KiB, free 433.9 MiB)
[2025-06-14T11:21:19.417+0200] {spark_submit.py:521} INFO - 25/06/14 11:21:19 INFO BlockManagerInfo: Added broadcast_7_piece0 in memory on 10.255.255.254:43307 (size: 10.4 KiB, free: 434.3 MiB)
[2025-06-14T11:21:19.417+0200] {spark_submit.py:521} INFO - 25/06/14 11:21:19 INFO BlockManagerInfo: Removed broadcast_6_piece0 on 10.255.255.254:43307 in memory (size: 9.5 KiB, free: 434.3 MiB)
[2025-06-14T11:21:19.418+0200] {spark_submit.py:521} INFO - 25/06/14 11:21:19 INFO SparkContext: Created broadcast 7 from broadcast at DAGScheduler.scala:1585
[2025-06-14T11:21:19.418+0200] {spark_submit.py:521} INFO - 25/06/14 11:21:19 INFO DAGScheduler: Submitting 1 missing tasks from ShuffleMapStage 6 (MapPartitionsRDD[17] at javaToPython at NativeMethodAccessorImpl.java:0) (first 15 tasks are for partitions Vector(0))
[2025-06-14T11:21:19.419+0200] {spark_submit.py:521} INFO - 25/06/14 11:21:19 INFO TaskSchedulerImpl: Adding task set 6.0 with 1 tasks resource profile 0
[2025-06-14T11:21:19.420+0200] {spark_submit.py:521} INFO - 25/06/14 11:21:19 INFO TaskSetManager: Starting task 0.0 in stage 6.0 (TID 5) (10.255.255.254, executor driver, partition 0, PROCESS_LOCAL, 9601 bytes)
[2025-06-14T11:21:19.421+0200] {spark_submit.py:521} INFO - 25/06/14 11:21:19 INFO Executor: Running task 0.0 in stage 6.0 (TID 5)
[2025-06-14T11:21:19.439+0200] {spark_submit.py:521} INFO - 25/06/14 11:21:19 INFO CodeGenerator: Code generated in 5.196492 ms
[2025-06-14T11:21:19.449+0200] {spark_submit.py:521} INFO - 25/06/14 11:21:19 INFO FileScanRDD: Reading File path: file:///home/leoja/airflow/data/Indicators.parquet, range: 0-13100, partition values: [empty row]
[2025-06-14T11:21:19.470+0200] {spark_submit.py:521} INFO - 25/06/14 11:21:19 INFO Executor: Finished task 0.0 in stage 6.0 (TID 5). 1924 bytes result sent to driver
[2025-06-14T11:21:19.471+0200] {spark_submit.py:521} INFO - 25/06/14 11:21:19 INFO TaskSetManager: Finished task 0.0 in stage 6.0 (TID 5) in 51 ms on 10.255.255.254 (executor driver) (1/1)
[2025-06-14T11:21:19.471+0200] {spark_submit.py:521} INFO - 25/06/14 11:21:19 INFO TaskSchedulerImpl: Removed TaskSet 6.0, whose tasks have all completed, from pool
[2025-06-14T11:21:19.472+0200] {spark_submit.py:521} INFO - 25/06/14 11:21:19 INFO DAGScheduler: ShuffleMapStage 6 (javaToPython at NativeMethodAccessorImpl.java:0) finished in 0.079 s
[2025-06-14T11:21:19.473+0200] {spark_submit.py:521} INFO - 25/06/14 11:21:19 INFO DAGScheduler: looking for newly runnable stages
[2025-06-14T11:21:19.473+0200] {spark_submit.py:521} INFO - 25/06/14 11:21:19 INFO DAGScheduler: running: Set()
[2025-06-14T11:21:19.473+0200] {spark_submit.py:521} INFO - 25/06/14 11:21:19 INFO DAGScheduler: waiting: Set()
[2025-06-14T11:21:19.473+0200] {spark_submit.py:521} INFO - 25/06/14 11:21:19 INFO DAGScheduler: failed: Set()
[2025-06-14T11:21:19.503+0200] {spark_submit.py:521} INFO - Aucune nouvelle donnée après 2025-06-30. Pas de réécriture.
[2025-06-14T11:21:19.504+0200] {spark_submit.py:521} INFO - 25/06/14 11:21:19 INFO SparkContext: SparkContext is stopping with exitCode 0.
[2025-06-14T11:21:19.517+0200] {spark_submit.py:521} INFO - 25/06/14 11:21:19 INFO SparkUI: Stopped Spark web UI at http://10.255.255.254:4040
[2025-06-14T11:21:19.527+0200] {spark_submit.py:521} INFO - 25/06/14 11:21:19 INFO MapOutputTrackerMasterEndpoint: MapOutputTrackerMasterEndpoint stopped!
[2025-06-14T11:21:19.550+0200] {spark_submit.py:521} INFO - 25/06/14 11:21:19 INFO MemoryStore: MemoryStore cleared
[2025-06-14T11:21:19.551+0200] {spark_submit.py:521} INFO - 25/06/14 11:21:19 INFO BlockManager: BlockManager stopped
[2025-06-14T11:21:19.554+0200] {spark_submit.py:521} INFO - 25/06/14 11:21:19 INFO BlockManagerMaster: BlockManagerMaster stopped
[2025-06-14T11:21:19.556+0200] {spark_submit.py:521} INFO - 25/06/14 11:21:19 INFO OutputCommitCoordinator$OutputCommitCoordinatorEndpoint: OutputCommitCoordinator stopped!
[2025-06-14T11:21:19.571+0200] {spark_submit.py:521} INFO - 25/06/14 11:21:19 INFO SparkContext: Successfully stopped SparkContext
[2025-06-14T11:21:19.778+0200] {spark_submit.py:521} INFO - 25/06/14 11:21:19 INFO ShutdownHookManager: Shutdown hook called
[2025-06-14T11:21:19.779+0200] {spark_submit.py:521} INFO - 25/06/14 11:21:19 INFO ShutdownHookManager: Deleting directory /tmp/spark-43d01c60-8bcc-4b29-8925-adcc91c24518
[2025-06-14T11:21:19.788+0200] {spark_submit.py:521} INFO - 25/06/14 11:21:19 INFO ShutdownHookManager: Deleting directory /tmp/spark-8846f04a-46a1-4add-bb3b-6aa029eff72c
[2025-06-14T11:21:19.800+0200] {spark_submit.py:521} INFO - 25/06/14 11:21:19 INFO ShutdownHookManager: Deleting directory /tmp/spark-8846f04a-46a1-4add-bb3b-6aa029eff72c/pyspark-3234ea9b-e74a-40c1-a56b-d47e06b4ed30
[2025-06-14T11:21:19.835+0200] {taskinstance.py:441} INFO - ::group::Post task execution logs
[2025-06-14T11:21:19.840+0200] {taskinstance.py:1205} INFO - Marking task as SUCCESS. dag_id=macro_trading_dag, task_id=compute_economic_quadrants, execution_date=20250613T080000, start_date=20250614T092109, end_date=20250614T092119
[2025-06-14T11:21:19.882+0200] {local_task_job_runner.py:240} INFO - Task exited with return code 0
[2025-06-14T11:21:19.905+0200] {taskinstance.py:3482} INFO - 1 downstream tasks scheduled from follow-on schedule check
[2025-06-14T11:21:19.914+0200] {local_task_job_runner.py:222} INFO - ::endgroup::
