[2025-07-27T19:41:25.480+0200] {processor.py:161} INFO - Started process (PID=2730) to work on /home/leoja/airflow/airflow_venv/lib/python3.12/site-packages/airflow/example_dags/example_bash_decorator.py
[2025-07-27T19:41:25.483+0200] {processor.py:830} INFO - Processing file /home/leoja/airflow/airflow_venv/lib/python3.12/site-packages/airflow/example_dags/example_bash_decorator.py for tasks to queue
[2025-07-27T19:41:25.485+0200] {logging_mixin.py:188} INFO - [2025-07-27T19:41:25.485+0200] {dagbag.py:540} INFO - Filling up the DagBag from /home/leoja/airflow/airflow_venv/lib/python3.12/site-packages/airflow/example_dags/example_bash_decorator.py
[2025-07-27T19:41:25.510+0200] {processor.py:840} INFO - DAG(s) 'example_bash_decorator' retrieved from /home/leoja/airflow/airflow_venv/lib/python3.12/site-packages/airflow/example_dags/example_bash_decorator.py
[2025-07-27T19:41:25.678+0200] {logging_mixin.py:188} INFO - [2025-07-27T19:41:25.677+0200] {dag.py:3096} INFO - Sync 1 DAGs
[2025-07-27T19:41:25.688+0200] {logging_mixin.py:188} INFO - [2025-07-27T19:41:25.688+0200] {dag.py:3954} INFO - Setting next_dagrun for example_bash_decorator to None, run_after=None
[2025-07-27T19:41:25.726+0200] {processor.py:183} INFO - Processing /home/leoja/airflow/airflow_venv/lib/python3.12/site-packages/airflow/example_dags/example_bash_decorator.py took 0.254 seconds
[2025-07-27T19:42:23.455+0200] {processor.py:161} INFO - Started process (PID=3306) to work on /home/leoja/airflow/airflow_venv/lib/python3.12/site-packages/airflow/example_dags/example_bash_decorator.py
[2025-07-27T19:42:23.456+0200] {processor.py:830} INFO - Processing file /home/leoja/airflow/airflow_venv/lib/python3.12/site-packages/airflow/example_dags/example_bash_decorator.py for tasks to queue
[2025-07-27T19:42:23.458+0200] {logging_mixin.py:188} INFO - [2025-07-27T19:42:23.458+0200] {dagbag.py:540} INFO - Filling up the DagBag from /home/leoja/airflow/airflow_venv/lib/python3.12/site-packages/airflow/example_dags/example_bash_decorator.py
[2025-07-27T19:42:23.470+0200] {processor.py:840} INFO - DAG(s) 'example_bash_decorator' retrieved from /home/leoja/airflow/airflow_venv/lib/python3.12/site-packages/airflow/example_dags/example_bash_decorator.py
[2025-07-27T19:42:23.486+0200] {logging_mixin.py:188} INFO - [2025-07-27T19:42:23.486+0200] {dag.py:3096} INFO - Sync 1 DAGs
[2025-07-27T19:42:23.499+0200] {logging_mixin.py:188} INFO - [2025-07-27T19:42:23.499+0200] {dag.py:3954} INFO - Setting next_dagrun for example_bash_decorator to None, run_after=None
[2025-07-27T19:42:23.528+0200] {processor.py:183} INFO - Processing /home/leoja/airflow/airflow_venv/lib/python3.12/site-packages/airflow/example_dags/example_bash_decorator.py took 0.078 seconds
[2025-07-27T19:43:38.271+0200] {processor.py:161} INFO - Started process (PID=3712) to work on /home/leoja/airflow/airflow_venv/lib/python3.12/site-packages/airflow/example_dags/example_bash_decorator.py
[2025-07-27T19:43:38.272+0200] {processor.py:830} INFO - Processing file /home/leoja/airflow/airflow_venv/lib/python3.12/site-packages/airflow/example_dags/example_bash_decorator.py for tasks to queue
[2025-07-27T19:43:38.274+0200] {logging_mixin.py:188} INFO - [2025-07-27T19:43:38.273+0200] {dagbag.py:540} INFO - Filling up the DagBag from /home/leoja/airflow/airflow_venv/lib/python3.12/site-packages/airflow/example_dags/example_bash_decorator.py
[2025-07-27T19:43:38.288+0200] {processor.py:840} INFO - DAG(s) 'example_bash_decorator' retrieved from /home/leoja/airflow/airflow_venv/lib/python3.12/site-packages/airflow/example_dags/example_bash_decorator.py
[2025-07-27T19:43:38.310+0200] {logging_mixin.py:188} INFO - [2025-07-27T19:43:38.309+0200] {dag.py:3096} INFO - Sync 1 DAGs
[2025-07-27T19:43:38.326+0200] {logging_mixin.py:188} INFO - [2025-07-27T19:43:38.326+0200] {dag.py:3954} INFO - Setting next_dagrun for example_bash_decorator to None, run_after=None
[2025-07-27T19:43:38.379+0200] {processor.py:183} INFO - Processing /home/leoja/airflow/airflow_venv/lib/python3.12/site-packages/airflow/example_dags/example_bash_decorator.py took 0.115 seconds
[2025-07-27T19:44:33.807+0200] {processor.py:161} INFO - Started process (PID=4032) to work on /home/leoja/airflow/airflow_venv/lib/python3.12/site-packages/airflow/example_dags/example_bash_decorator.py
[2025-07-27T19:44:33.808+0200] {processor.py:830} INFO - Processing file /home/leoja/airflow/airflow_venv/lib/python3.12/site-packages/airflow/example_dags/example_bash_decorator.py for tasks to queue
[2025-07-27T19:44:33.810+0200] {logging_mixin.py:188} INFO - [2025-07-27T19:44:33.810+0200] {dagbag.py:540} INFO - Filling up the DagBag from /home/leoja/airflow/airflow_venv/lib/python3.12/site-packages/airflow/example_dags/example_bash_decorator.py
[2025-07-27T19:44:33.826+0200] {processor.py:840} INFO - DAG(s) 'example_bash_decorator' retrieved from /home/leoja/airflow/airflow_venv/lib/python3.12/site-packages/airflow/example_dags/example_bash_decorator.py
[2025-07-27T19:44:33.844+0200] {logging_mixin.py:188} INFO - [2025-07-27T19:44:33.844+0200] {dag.py:3096} INFO - Sync 1 DAGs
[2025-07-27T19:44:33.857+0200] {logging_mixin.py:188} INFO - [2025-07-27T19:44:33.857+0200] {dag.py:3954} INFO - Setting next_dagrun for example_bash_decorator to None, run_after=None
[2025-07-27T19:44:33.884+0200] {processor.py:183} INFO - Processing /home/leoja/airflow/airflow_venv/lib/python3.12/site-packages/airflow/example_dags/example_bash_decorator.py took 0.087 seconds
[2025-07-27T19:45:46.264+0200] {processor.py:161} INFO - Started process (PID=4460) to work on /home/leoja/airflow/airflow_venv/lib/python3.12/site-packages/airflow/example_dags/example_bash_decorator.py
[2025-07-27T19:45:46.265+0200] {processor.py:830} INFO - Processing file /home/leoja/airflow/airflow_venv/lib/python3.12/site-packages/airflow/example_dags/example_bash_decorator.py for tasks to queue
[2025-07-27T19:45:46.267+0200] {logging_mixin.py:188} INFO - [2025-07-27T19:45:46.267+0200] {dagbag.py:540} INFO - Filling up the DagBag from /home/leoja/airflow/airflow_venv/lib/python3.12/site-packages/airflow/example_dags/example_bash_decorator.py
[2025-07-27T19:45:46.280+0200] {processor.py:840} INFO - DAG(s) 'example_bash_decorator' retrieved from /home/leoja/airflow/airflow_venv/lib/python3.12/site-packages/airflow/example_dags/example_bash_decorator.py
[2025-07-27T19:45:46.300+0200] {logging_mixin.py:188} INFO - [2025-07-27T19:45:46.300+0200] {dag.py:3096} INFO - Sync 1 DAGs
[2025-07-27T19:45:46.310+0200] {logging_mixin.py:188} INFO - [2025-07-27T19:45:46.310+0200] {dag.py:3954} INFO - Setting next_dagrun for example_bash_decorator to None, run_after=None
[2025-07-27T19:45:46.332+0200] {processor.py:183} INFO - Processing /home/leoja/airflow/airflow_venv/lib/python3.12/site-packages/airflow/example_dags/example_bash_decorator.py took 0.072 seconds
[2025-07-27T19:46:58.668+0200] {processor.py:161} INFO - Started process (PID=4876) to work on /home/leoja/airflow/airflow_venv/lib/python3.12/site-packages/airflow/example_dags/example_bash_decorator.py
[2025-07-27T19:46:58.670+0200] {processor.py:830} INFO - Processing file /home/leoja/airflow/airflow_venv/lib/python3.12/site-packages/airflow/example_dags/example_bash_decorator.py for tasks to queue
[2025-07-27T19:46:58.673+0200] {logging_mixin.py:188} INFO - [2025-07-27T19:46:58.672+0200] {dagbag.py:540} INFO - Filling up the DagBag from /home/leoja/airflow/airflow_venv/lib/python3.12/site-packages/airflow/example_dags/example_bash_decorator.py
[2025-07-27T19:46:58.686+0200] {processor.py:840} INFO - DAG(s) 'example_bash_decorator' retrieved from /home/leoja/airflow/airflow_venv/lib/python3.12/site-packages/airflow/example_dags/example_bash_decorator.py
[2025-07-27T19:46:58.708+0200] {logging_mixin.py:188} INFO - [2025-07-27T19:46:58.708+0200] {dag.py:3096} INFO - Sync 1 DAGs
[2025-07-27T19:46:58.718+0200] {logging_mixin.py:188} INFO - [2025-07-27T19:46:58.717+0200] {dag.py:3954} INFO - Setting next_dagrun for example_bash_decorator to None, run_after=None
[2025-07-27T19:46:58.746+0200] {processor.py:183} INFO - Processing /home/leoja/airflow/airflow_venv/lib/python3.12/site-packages/airflow/example_dags/example_bash_decorator.py took 0.084 seconds
[2025-07-27T19:48:07.558+0200] {processor.py:161} INFO - Started process (PID=5284) to work on /home/leoja/airflow/airflow_venv/lib/python3.12/site-packages/airflow/example_dags/example_bash_decorator.py
[2025-07-27T19:48:07.560+0200] {processor.py:830} INFO - Processing file /home/leoja/airflow/airflow_venv/lib/python3.12/site-packages/airflow/example_dags/example_bash_decorator.py for tasks to queue
[2025-07-27T19:48:07.563+0200] {logging_mixin.py:188} INFO - [2025-07-27T19:48:07.562+0200] {dagbag.py:540} INFO - Filling up the DagBag from /home/leoja/airflow/airflow_venv/lib/python3.12/site-packages/airflow/example_dags/example_bash_decorator.py
[2025-07-27T19:48:07.576+0200] {processor.py:840} INFO - DAG(s) 'example_bash_decorator' retrieved from /home/leoja/airflow/airflow_venv/lib/python3.12/site-packages/airflow/example_dags/example_bash_decorator.py
[2025-07-27T19:48:07.591+0200] {logging_mixin.py:188} INFO - [2025-07-27T19:48:07.591+0200] {dag.py:3096} INFO - Sync 1 DAGs
[2025-07-27T19:48:07.600+0200] {logging_mixin.py:188} INFO - [2025-07-27T19:48:07.600+0200] {dag.py:3954} INFO - Setting next_dagrun for example_bash_decorator to None, run_after=None
[2025-07-27T19:48:07.625+0200] {processor.py:183} INFO - Processing /home/leoja/airflow/airflow_venv/lib/python3.12/site-packages/airflow/example_dags/example_bash_decorator.py took 0.075 seconds
[2025-07-27T19:49:24.185+0200] {processor.py:161} INFO - Started process (PID=5707) to work on /home/leoja/airflow/airflow_venv/lib/python3.12/site-packages/airflow/example_dags/example_bash_decorator.py
[2025-07-27T19:49:24.186+0200] {processor.py:830} INFO - Processing file /home/leoja/airflow/airflow_venv/lib/python3.12/site-packages/airflow/example_dags/example_bash_decorator.py for tasks to queue
[2025-07-27T19:49:24.188+0200] {logging_mixin.py:188} INFO - [2025-07-27T19:49:24.188+0200] {dagbag.py:540} INFO - Filling up the DagBag from /home/leoja/airflow/airflow_venv/lib/python3.12/site-packages/airflow/example_dags/example_bash_decorator.py
[2025-07-27T19:49:24.205+0200] {processor.py:840} INFO - DAG(s) 'example_bash_decorator' retrieved from /home/leoja/airflow/airflow_venv/lib/python3.12/site-packages/airflow/example_dags/example_bash_decorator.py
[2025-07-27T19:49:24.222+0200] {logging_mixin.py:188} INFO - [2025-07-27T19:49:24.221+0200] {dag.py:3096} INFO - Sync 1 DAGs
[2025-07-27T19:49:24.233+0200] {logging_mixin.py:188} INFO - [2025-07-27T19:49:24.233+0200] {dag.py:3954} INFO - Setting next_dagrun for example_bash_decorator to None, run_after=None
[2025-07-27T19:49:24.258+0200] {processor.py:183} INFO - Processing /home/leoja/airflow/airflow_venv/lib/python3.12/site-packages/airflow/example_dags/example_bash_decorator.py took 0.079 seconds
[2025-07-27T19:50:36.361+0200] {processor.py:161} INFO - Started process (PID=6081) to work on /home/leoja/airflow/airflow_venv/lib/python3.12/site-packages/airflow/example_dags/example_bash_decorator.py
[2025-07-27T19:50:36.363+0200] {processor.py:830} INFO - Processing file /home/leoja/airflow/airflow_venv/lib/python3.12/site-packages/airflow/example_dags/example_bash_decorator.py for tasks to queue
[2025-07-27T19:50:36.365+0200] {logging_mixin.py:188} INFO - [2025-07-27T19:50:36.364+0200] {dagbag.py:540} INFO - Filling up the DagBag from /home/leoja/airflow/airflow_venv/lib/python3.12/site-packages/airflow/example_dags/example_bash_decorator.py
[2025-07-27T19:50:36.376+0200] {processor.py:840} INFO - DAG(s) 'example_bash_decorator' retrieved from /home/leoja/airflow/airflow_venv/lib/python3.12/site-packages/airflow/example_dags/example_bash_decorator.py
[2025-07-27T19:50:36.393+0200] {logging_mixin.py:188} INFO - [2025-07-27T19:50:36.393+0200] {dag.py:3096} INFO - Sync 1 DAGs
[2025-07-27T19:50:36.405+0200] {logging_mixin.py:188} INFO - [2025-07-27T19:50:36.404+0200] {dag.py:3954} INFO - Setting next_dagrun for example_bash_decorator to None, run_after=None
[2025-07-27T19:50:36.426+0200] {processor.py:183} INFO - Processing /home/leoja/airflow/airflow_venv/lib/python3.12/site-packages/airflow/example_dags/example_bash_decorator.py took 0.071 seconds
[2025-07-27T19:51:53.830+0200] {processor.py:161} INFO - Started process (PID=6560) to work on /home/leoja/airflow/airflow_venv/lib/python3.12/site-packages/airflow/example_dags/example_bash_decorator.py
[2025-07-27T19:51:53.831+0200] {processor.py:830} INFO - Processing file /home/leoja/airflow/airflow_venv/lib/python3.12/site-packages/airflow/example_dags/example_bash_decorator.py for tasks to queue
[2025-07-27T19:51:53.833+0200] {logging_mixin.py:188} INFO - [2025-07-27T19:51:53.833+0200] {dagbag.py:540} INFO - Filling up the DagBag from /home/leoja/airflow/airflow_venv/lib/python3.12/site-packages/airflow/example_dags/example_bash_decorator.py
[2025-07-27T19:51:53.848+0200] {processor.py:840} INFO - DAG(s) 'example_bash_decorator' retrieved from /home/leoja/airflow/airflow_venv/lib/python3.12/site-packages/airflow/example_dags/example_bash_decorator.py
[2025-07-27T19:51:53.864+0200] {logging_mixin.py:188} INFO - [2025-07-27T19:51:53.864+0200] {dag.py:3096} INFO - Sync 1 DAGs
[2025-07-27T19:51:53.875+0200] {logging_mixin.py:188} INFO - [2025-07-27T19:51:53.875+0200] {dag.py:3954} INFO - Setting next_dagrun for example_bash_decorator to None, run_after=None
[2025-07-27T19:51:53.896+0200] {processor.py:183} INFO - Processing /home/leoja/airflow/airflow_venv/lib/python3.12/site-packages/airflow/example_dags/example_bash_decorator.py took 0.071 seconds
[2025-07-27T19:53:02.379+0200] {processor.py:161} INFO - Started process (PID=6938) to work on /home/leoja/airflow/airflow_venv/lib/python3.12/site-packages/airflow/example_dags/example_bash_decorator.py
[2025-07-27T19:53:02.381+0200] {processor.py:830} INFO - Processing file /home/leoja/airflow/airflow_venv/lib/python3.12/site-packages/airflow/example_dags/example_bash_decorator.py for tasks to queue
[2025-07-27T19:53:02.384+0200] {logging_mixin.py:188} INFO - [2025-07-27T19:53:02.383+0200] {dagbag.py:540} INFO - Filling up the DagBag from /home/leoja/airflow/airflow_venv/lib/python3.12/site-packages/airflow/example_dags/example_bash_decorator.py
[2025-07-27T19:53:02.396+0200] {processor.py:840} INFO - DAG(s) 'example_bash_decorator' retrieved from /home/leoja/airflow/airflow_venv/lib/python3.12/site-packages/airflow/example_dags/example_bash_decorator.py
[2025-07-27T19:53:02.412+0200] {logging_mixin.py:188} INFO - [2025-07-27T19:53:02.412+0200] {dag.py:3096} INFO - Sync 1 DAGs
[2025-07-27T19:53:02.420+0200] {logging_mixin.py:188} INFO - [2025-07-27T19:53:02.420+0200] {dag.py:3954} INFO - Setting next_dagrun for example_bash_decorator to None, run_after=None
[2025-07-27T19:53:02.448+0200] {processor.py:183} INFO - Processing /home/leoja/airflow/airflow_venv/lib/python3.12/site-packages/airflow/example_dags/example_bash_decorator.py took 0.077 seconds
[2025-07-27T19:54:11.567+0200] {processor.py:161} INFO - Started process (PID=7356) to work on /home/leoja/airflow/airflow_venv/lib/python3.12/site-packages/airflow/example_dags/example_bash_decorator.py
[2025-07-27T19:54:11.569+0200] {processor.py:830} INFO - Processing file /home/leoja/airflow/airflow_venv/lib/python3.12/site-packages/airflow/example_dags/example_bash_decorator.py for tasks to queue
[2025-07-27T19:54:11.573+0200] {logging_mixin.py:188} INFO - [2025-07-27T19:54:11.572+0200] {dagbag.py:540} INFO - Filling up the DagBag from /home/leoja/airflow/airflow_venv/lib/python3.12/site-packages/airflow/example_dags/example_bash_decorator.py
[2025-07-27T19:54:11.586+0200] {processor.py:840} INFO - DAG(s) 'example_bash_decorator' retrieved from /home/leoja/airflow/airflow_venv/lib/python3.12/site-packages/airflow/example_dags/example_bash_decorator.py
[2025-07-27T19:54:11.607+0200] {logging_mixin.py:188} INFO - [2025-07-27T19:54:11.607+0200] {dag.py:3096} INFO - Sync 1 DAGs
[2025-07-27T19:54:11.618+0200] {logging_mixin.py:188} INFO - [2025-07-27T19:54:11.618+0200] {dag.py:3954} INFO - Setting next_dagrun for example_bash_decorator to None, run_after=None
[2025-07-27T19:54:11.643+0200] {processor.py:183} INFO - Processing /home/leoja/airflow/airflow_venv/lib/python3.12/site-packages/airflow/example_dags/example_bash_decorator.py took 0.084 seconds
[2025-07-27T19:55:25.710+0200] {processor.py:161} INFO - Started process (PID=7762) to work on /home/leoja/airflow/airflow_venv/lib/python3.12/site-packages/airflow/example_dags/example_bash_decorator.py
[2025-07-27T19:55:25.711+0200] {processor.py:830} INFO - Processing file /home/leoja/airflow/airflow_venv/lib/python3.12/site-packages/airflow/example_dags/example_bash_decorator.py for tasks to queue
[2025-07-27T19:55:25.713+0200] {logging_mixin.py:188} INFO - [2025-07-27T19:55:25.712+0200] {dagbag.py:540} INFO - Filling up the DagBag from /home/leoja/airflow/airflow_venv/lib/python3.12/site-packages/airflow/example_dags/example_bash_decorator.py
[2025-07-27T19:55:25.724+0200] {processor.py:840} INFO - DAG(s) 'example_bash_decorator' retrieved from /home/leoja/airflow/airflow_venv/lib/python3.12/site-packages/airflow/example_dags/example_bash_decorator.py
[2025-07-27T19:55:25.740+0200] {logging_mixin.py:188} INFO - [2025-07-27T19:55:25.740+0200] {dag.py:3096} INFO - Sync 1 DAGs
[2025-07-27T19:55:25.756+0200] {logging_mixin.py:188} INFO - [2025-07-27T19:55:25.755+0200] {dag.py:3954} INFO - Setting next_dagrun for example_bash_decorator to None, run_after=None
[2025-07-27T19:55:25.783+0200] {processor.py:183} INFO - Processing /home/leoja/airflow/airflow_venv/lib/python3.12/site-packages/airflow/example_dags/example_bash_decorator.py took 0.078 seconds
[2025-07-27T19:56:41.731+0200] {processor.py:161} INFO - Started process (PID=8175) to work on /home/leoja/airflow/airflow_venv/lib/python3.12/site-packages/airflow/example_dags/example_bash_decorator.py
[2025-07-27T19:56:41.733+0200] {processor.py:830} INFO - Processing file /home/leoja/airflow/airflow_venv/lib/python3.12/site-packages/airflow/example_dags/example_bash_decorator.py for tasks to queue
[2025-07-27T19:56:41.734+0200] {logging_mixin.py:188} INFO - [2025-07-27T19:56:41.734+0200] {dagbag.py:540} INFO - Filling up the DagBag from /home/leoja/airflow/airflow_venv/lib/python3.12/site-packages/airflow/example_dags/example_bash_decorator.py
[2025-07-27T19:56:41.746+0200] {processor.py:840} INFO - DAG(s) 'example_bash_decorator' retrieved from /home/leoja/airflow/airflow_venv/lib/python3.12/site-packages/airflow/example_dags/example_bash_decorator.py
[2025-07-27T19:56:41.760+0200] {logging_mixin.py:188} INFO - [2025-07-27T19:56:41.760+0200] {dag.py:3096} INFO - Sync 1 DAGs
[2025-07-27T19:56:41.768+0200] {logging_mixin.py:188} INFO - [2025-07-27T19:56:41.768+0200] {dag.py:3954} INFO - Setting next_dagrun for example_bash_decorator to None, run_after=None
[2025-07-27T19:56:41.788+0200] {processor.py:183} INFO - Processing /home/leoja/airflow/airflow_venv/lib/python3.12/site-packages/airflow/example_dags/example_bash_decorator.py took 0.062 seconds
[2025-07-27T19:58:01.369+0200] {processor.py:161} INFO - Started process (PID=8612) to work on /home/leoja/airflow/airflow_venv/lib/python3.12/site-packages/airflow/example_dags/example_bash_decorator.py
[2025-07-27T19:58:01.371+0200] {processor.py:830} INFO - Processing file /home/leoja/airflow/airflow_venv/lib/python3.12/site-packages/airflow/example_dags/example_bash_decorator.py for tasks to queue
[2025-07-27T19:58:01.373+0200] {logging_mixin.py:188} INFO - [2025-07-27T19:58:01.372+0200] {dagbag.py:540} INFO - Filling up the DagBag from /home/leoja/airflow/airflow_venv/lib/python3.12/site-packages/airflow/example_dags/example_bash_decorator.py
[2025-07-27T19:58:01.385+0200] {processor.py:840} INFO - DAG(s) 'example_bash_decorator' retrieved from /home/leoja/airflow/airflow_venv/lib/python3.12/site-packages/airflow/example_dags/example_bash_decorator.py
[2025-07-27T19:58:01.398+0200] {logging_mixin.py:188} INFO - [2025-07-27T19:58:01.398+0200] {dag.py:3096} INFO - Sync 1 DAGs
[2025-07-27T19:58:01.407+0200] {logging_mixin.py:188} INFO - [2025-07-27T19:58:01.407+0200] {dag.py:3954} INFO - Setting next_dagrun for example_bash_decorator to None, run_after=None
[2025-07-27T19:58:01.427+0200] {processor.py:183} INFO - Processing /home/leoja/airflow/airflow_venv/lib/python3.12/site-packages/airflow/example_dags/example_bash_decorator.py took 0.062 seconds
[2025-07-27T19:59:12.974+0200] {processor.py:161} INFO - Started process (PID=9024) to work on /home/leoja/airflow/airflow_venv/lib/python3.12/site-packages/airflow/example_dags/example_bash_decorator.py
[2025-07-27T19:59:12.975+0200] {processor.py:830} INFO - Processing file /home/leoja/airflow/airflow_venv/lib/python3.12/site-packages/airflow/example_dags/example_bash_decorator.py for tasks to queue
[2025-07-27T19:59:12.977+0200] {logging_mixin.py:188} INFO - [2025-07-27T19:59:12.976+0200] {dagbag.py:540} INFO - Filling up the DagBag from /home/leoja/airflow/airflow_venv/lib/python3.12/site-packages/airflow/example_dags/example_bash_decorator.py
[2025-07-27T19:59:12.986+0200] {processor.py:840} INFO - DAG(s) 'example_bash_decorator' retrieved from /home/leoja/airflow/airflow_venv/lib/python3.12/site-packages/airflow/example_dags/example_bash_decorator.py
[2025-07-27T19:59:12.997+0200] {logging_mixin.py:188} INFO - [2025-07-27T19:59:12.997+0200] {dag.py:3096} INFO - Sync 1 DAGs
[2025-07-27T19:59:13.005+0200] {logging_mixin.py:188} INFO - [2025-07-27T19:59:13.005+0200] {dag.py:3954} INFO - Setting next_dagrun for example_bash_decorator to None, run_after=None
[2025-07-27T19:59:13.130+0200] {processor.py:183} INFO - Processing /home/leoja/airflow/airflow_venv/lib/python3.12/site-packages/airflow/example_dags/example_bash_decorator.py took 0.160 seconds
[2025-07-27T20:00:31.804+0200] {processor.py:161} INFO - Started process (PID=9433) to work on /home/leoja/airflow/airflow_venv/lib/python3.12/site-packages/airflow/example_dags/example_bash_decorator.py
[2025-07-27T20:00:31.807+0200] {processor.py:830} INFO - Processing file /home/leoja/airflow/airflow_venv/lib/python3.12/site-packages/airflow/example_dags/example_bash_decorator.py for tasks to queue
[2025-07-27T20:00:31.810+0200] {logging_mixin.py:188} INFO - [2025-07-27T20:00:31.810+0200] {dagbag.py:540} INFO - Filling up the DagBag from /home/leoja/airflow/airflow_venv/lib/python3.12/site-packages/airflow/example_dags/example_bash_decorator.py
[2025-07-27T20:00:31.822+0200] {processor.py:840} INFO - DAG(s) 'example_bash_decorator' retrieved from /home/leoja/airflow/airflow_venv/lib/python3.12/site-packages/airflow/example_dags/example_bash_decorator.py
[2025-07-27T20:00:31.839+0200] {logging_mixin.py:188} INFO - [2025-07-27T20:00:31.839+0200] {dag.py:3096} INFO - Sync 1 DAGs
[2025-07-27T20:00:31.972+0200] {logging_mixin.py:188} INFO - [2025-07-27T20:00:31.972+0200] {dag.py:3954} INFO - Setting next_dagrun for example_bash_decorator to None, run_after=None
[2025-07-27T20:00:31.997+0200] {processor.py:183} INFO - Processing /home/leoja/airflow/airflow_venv/lib/python3.12/site-packages/airflow/example_dags/example_bash_decorator.py took 0.200 seconds
[2025-07-27T20:01:27.799+0200] {processor.py:161} INFO - Started process (PID=9763) to work on /home/leoja/airflow/airflow_venv/lib/python3.12/site-packages/airflow/example_dags/example_bash_decorator.py
[2025-07-27T20:01:27.801+0200] {processor.py:830} INFO - Processing file /home/leoja/airflow/airflow_venv/lib/python3.12/site-packages/airflow/example_dags/example_bash_decorator.py for tasks to queue
[2025-07-27T20:01:27.802+0200] {logging_mixin.py:188} INFO - [2025-07-27T20:01:27.802+0200] {dagbag.py:540} INFO - Filling up the DagBag from /home/leoja/airflow/airflow_venv/lib/python3.12/site-packages/airflow/example_dags/example_bash_decorator.py
[2025-07-27T20:01:27.816+0200] {processor.py:840} INFO - DAG(s) 'example_bash_decorator' retrieved from /home/leoja/airflow/airflow_venv/lib/python3.12/site-packages/airflow/example_dags/example_bash_decorator.py
[2025-07-27T20:01:27.832+0200] {logging_mixin.py:188} INFO - [2025-07-27T20:01:27.832+0200] {dag.py:3096} INFO - Sync 1 DAGs
[2025-07-27T20:01:27.845+0200] {logging_mixin.py:188} INFO - [2025-07-27T20:01:27.845+0200] {dag.py:3954} INFO - Setting next_dagrun for example_bash_decorator to None, run_after=None
[2025-07-27T20:01:27.994+0200] {processor.py:183} INFO - Processing /home/leoja/airflow/airflow_venv/lib/python3.12/site-packages/airflow/example_dags/example_bash_decorator.py took 0.202 seconds
[2025-07-27T20:02:54.077+0200] {processor.py:161} INFO - Started process (PID=10210) to work on /home/leoja/airflow/airflow_venv/lib/python3.12/site-packages/airflow/example_dags/example_bash_decorator.py
[2025-07-27T20:02:54.078+0200] {processor.py:830} INFO - Processing file /home/leoja/airflow/airflow_venv/lib/python3.12/site-packages/airflow/example_dags/example_bash_decorator.py for tasks to queue
[2025-07-27T20:02:54.080+0200] {logging_mixin.py:188} INFO - [2025-07-27T20:02:54.080+0200] {dagbag.py:540} INFO - Filling up the DagBag from /home/leoja/airflow/airflow_venv/lib/python3.12/site-packages/airflow/example_dags/example_bash_decorator.py
[2025-07-27T20:02:54.096+0200] {processor.py:840} INFO - DAG(s) 'example_bash_decorator' retrieved from /home/leoja/airflow/airflow_venv/lib/python3.12/site-packages/airflow/example_dags/example_bash_decorator.py
[2025-07-27T20:02:54.120+0200] {logging_mixin.py:188} INFO - [2025-07-27T20:02:54.120+0200] {dag.py:3096} INFO - Sync 1 DAGs
[2025-07-27T20:02:54.257+0200] {logging_mixin.py:188} INFO - [2025-07-27T20:02:54.257+0200] {dag.py:3954} INFO - Setting next_dagrun for example_bash_decorator to None, run_after=None
[2025-07-27T20:02:54.279+0200] {processor.py:183} INFO - Processing /home/leoja/airflow/airflow_venv/lib/python3.12/site-packages/airflow/example_dags/example_bash_decorator.py took 0.212 seconds
[2025-07-27T20:03:57.427+0200] {processor.py:161} INFO - Started process (PID=10545) to work on /home/leoja/airflow/airflow_venv/lib/python3.12/site-packages/airflow/example_dags/example_bash_decorator.py
[2025-07-27T20:03:57.429+0200] {processor.py:830} INFO - Processing file /home/leoja/airflow/airflow_venv/lib/python3.12/site-packages/airflow/example_dags/example_bash_decorator.py for tasks to queue
[2025-07-27T20:03:57.432+0200] {logging_mixin.py:188} INFO - [2025-07-27T20:03:57.432+0200] {dagbag.py:540} INFO - Filling up the DagBag from /home/leoja/airflow/airflow_venv/lib/python3.12/site-packages/airflow/example_dags/example_bash_decorator.py
[2025-07-27T20:03:57.452+0200] {processor.py:840} INFO - DAG(s) 'example_bash_decorator' retrieved from /home/leoja/airflow/airflow_venv/lib/python3.12/site-packages/airflow/example_dags/example_bash_decorator.py
[2025-07-27T20:03:57.470+0200] {logging_mixin.py:188} INFO - [2025-07-27T20:03:57.469+0200] {dag.py:3096} INFO - Sync 1 DAGs
[2025-07-27T20:03:57.484+0200] {logging_mixin.py:188} INFO - [2025-07-27T20:03:57.483+0200] {dag.py:3954} INFO - Setting next_dagrun for example_bash_decorator to None, run_after=None
[2025-07-27T20:03:57.507+0200] {processor.py:183} INFO - Processing /home/leoja/airflow/airflow_venv/lib/python3.12/site-packages/airflow/example_dags/example_bash_decorator.py took 0.094 seconds
[2025-07-27T20:04:52.871+0200] {processor.py:161} INFO - Started process (PID=10856) to work on /home/leoja/airflow/airflow_venv/lib/python3.12/site-packages/airflow/example_dags/example_bash_decorator.py
[2025-07-27T20:04:52.873+0200] {processor.py:830} INFO - Processing file /home/leoja/airflow/airflow_venv/lib/python3.12/site-packages/airflow/example_dags/example_bash_decorator.py for tasks to queue
[2025-07-27T20:04:52.877+0200] {logging_mixin.py:188} INFO - [2025-07-27T20:04:52.876+0200] {dagbag.py:540} INFO - Filling up the DagBag from /home/leoja/airflow/airflow_venv/lib/python3.12/site-packages/airflow/example_dags/example_bash_decorator.py
[2025-07-27T20:04:52.891+0200] {processor.py:840} INFO - DAG(s) 'example_bash_decorator' retrieved from /home/leoja/airflow/airflow_venv/lib/python3.12/site-packages/airflow/example_dags/example_bash_decorator.py
[2025-07-27T20:04:52.911+0200] {logging_mixin.py:188} INFO - [2025-07-27T20:04:52.911+0200] {dag.py:3096} INFO - Sync 1 DAGs
[2025-07-27T20:04:52.928+0200] {logging_mixin.py:188} INFO - [2025-07-27T20:04:52.927+0200] {dag.py:3954} INFO - Setting next_dagrun for example_bash_decorator to None, run_after=None
[2025-07-27T20:04:52.964+0200] {processor.py:183} INFO - Processing /home/leoja/airflow/airflow_venv/lib/python3.12/site-packages/airflow/example_dags/example_bash_decorator.py took 0.104 seconds
[2025-07-27T20:06:10.981+0200] {processor.py:161} INFO - Started process (PID=11291) to work on /home/leoja/airflow/airflow_venv/lib/python3.12/site-packages/airflow/example_dags/example_bash_decorator.py
[2025-07-27T20:06:10.983+0200] {processor.py:830} INFO - Processing file /home/leoja/airflow/airflow_venv/lib/python3.12/site-packages/airflow/example_dags/example_bash_decorator.py for tasks to queue
[2025-07-27T20:06:10.987+0200] {logging_mixin.py:188} INFO - [2025-07-27T20:06:10.986+0200] {dagbag.py:540} INFO - Filling up the DagBag from /home/leoja/airflow/airflow_venv/lib/python3.12/site-packages/airflow/example_dags/example_bash_decorator.py
[2025-07-27T20:06:11.008+0200] {processor.py:840} INFO - DAG(s) 'example_bash_decorator' retrieved from /home/leoja/airflow/airflow_venv/lib/python3.12/site-packages/airflow/example_dags/example_bash_decorator.py
[2025-07-27T20:06:11.028+0200] {logging_mixin.py:188} INFO - [2025-07-27T20:06:11.028+0200] {dag.py:3096} INFO - Sync 1 DAGs
[2025-07-27T20:06:11.043+0200] {logging_mixin.py:188} INFO - [2025-07-27T20:06:11.043+0200] {dag.py:3954} INFO - Setting next_dagrun for example_bash_decorator to None, run_after=None
[2025-07-27T20:06:11.079+0200] {processor.py:183} INFO - Processing /home/leoja/airflow/airflow_venv/lib/python3.12/site-packages/airflow/example_dags/example_bash_decorator.py took 0.105 seconds
[2025-07-27T20:07:33.490+0200] {processor.py:161} INFO - Started process (PID=11763) to work on /home/leoja/airflow/airflow_venv/lib/python3.12/site-packages/airflow/example_dags/example_bash_decorator.py
[2025-07-27T20:07:33.491+0200] {processor.py:830} INFO - Processing file /home/leoja/airflow/airflow_venv/lib/python3.12/site-packages/airflow/example_dags/example_bash_decorator.py for tasks to queue
[2025-07-27T20:07:33.493+0200] {logging_mixin.py:188} INFO - [2025-07-27T20:07:33.493+0200] {dagbag.py:540} INFO - Filling up the DagBag from /home/leoja/airflow/airflow_venv/lib/python3.12/site-packages/airflow/example_dags/example_bash_decorator.py
[2025-07-27T20:07:33.510+0200] {processor.py:840} INFO - DAG(s) 'example_bash_decorator' retrieved from /home/leoja/airflow/airflow_venv/lib/python3.12/site-packages/airflow/example_dags/example_bash_decorator.py
[2025-07-27T20:07:33.529+0200] {logging_mixin.py:188} INFO - [2025-07-27T20:07:33.529+0200] {dag.py:3096} INFO - Sync 1 DAGs
[2025-07-27T20:07:33.542+0200] {logging_mixin.py:188} INFO - [2025-07-27T20:07:33.542+0200] {dag.py:3954} INFO - Setting next_dagrun for example_bash_decorator to None, run_after=None
[2025-07-27T20:07:33.567+0200] {processor.py:183} INFO - Processing /home/leoja/airflow/airflow_venv/lib/python3.12/site-packages/airflow/example_dags/example_bash_decorator.py took 0.088 seconds
[2025-07-27T20:08:55.823+0200] {processor.py:161} INFO - Started process (PID=12248) to work on /home/leoja/airflow/airflow_venv/lib/python3.12/site-packages/airflow/example_dags/example_bash_decorator.py
[2025-07-27T20:08:55.825+0200] {processor.py:830} INFO - Processing file /home/leoja/airflow/airflow_venv/lib/python3.12/site-packages/airflow/example_dags/example_bash_decorator.py for tasks to queue
[2025-07-27T20:08:55.828+0200] {logging_mixin.py:188} INFO - [2025-07-27T20:08:55.827+0200] {dagbag.py:540} INFO - Filling up the DagBag from /home/leoja/airflow/airflow_venv/lib/python3.12/site-packages/airflow/example_dags/example_bash_decorator.py
[2025-07-27T20:08:55.846+0200] {processor.py:840} INFO - DAG(s) 'example_bash_decorator' retrieved from /home/leoja/airflow/airflow_venv/lib/python3.12/site-packages/airflow/example_dags/example_bash_decorator.py
[2025-07-27T20:08:55.871+0200] {logging_mixin.py:188} INFO - [2025-07-27T20:08:55.871+0200] {dag.py:3096} INFO - Sync 1 DAGs
[2025-07-27T20:08:55.884+0200] {logging_mixin.py:188} INFO - [2025-07-27T20:08:55.883+0200] {dag.py:3954} INFO - Setting next_dagrun for example_bash_decorator to None, run_after=None
[2025-07-27T20:08:55.911+0200] {processor.py:183} INFO - Processing /home/leoja/airflow/airflow_venv/lib/python3.12/site-packages/airflow/example_dags/example_bash_decorator.py took 0.102 seconds
[2025-07-27T20:09:53.400+0200] {processor.py:161} INFO - Started process (PID=12561) to work on /home/leoja/airflow/airflow_venv/lib/python3.12/site-packages/airflow/example_dags/example_bash_decorator.py
[2025-07-27T20:09:53.403+0200] {processor.py:830} INFO - Processing file /home/leoja/airflow/airflow_venv/lib/python3.12/site-packages/airflow/example_dags/example_bash_decorator.py for tasks to queue
[2025-07-27T20:09:53.407+0200] {logging_mixin.py:188} INFO - [2025-07-27T20:09:53.406+0200] {dagbag.py:540} INFO - Filling up the DagBag from /home/leoja/airflow/airflow_venv/lib/python3.12/site-packages/airflow/example_dags/example_bash_decorator.py
[2025-07-27T20:09:53.435+0200] {processor.py:840} INFO - DAG(s) 'example_bash_decorator' retrieved from /home/leoja/airflow/airflow_venv/lib/python3.12/site-packages/airflow/example_dags/example_bash_decorator.py
[2025-07-27T20:09:53.454+0200] {logging_mixin.py:188} INFO - [2025-07-27T20:09:53.454+0200] {dag.py:3096} INFO - Sync 1 DAGs
[2025-07-27T20:09:53.466+0200] {logging_mixin.py:188} INFO - [2025-07-27T20:09:53.466+0200] {dag.py:3954} INFO - Setting next_dagrun for example_bash_decorator to None, run_after=None
[2025-07-27T20:09:53.491+0200] {processor.py:183} INFO - Processing /home/leoja/airflow/airflow_venv/lib/python3.12/site-packages/airflow/example_dags/example_bash_decorator.py took 0.106 seconds
[2025-07-27T20:11:17.912+0200] {processor.py:161} INFO - Started process (PID=13034) to work on /home/leoja/airflow/airflow_venv/lib/python3.12/site-packages/airflow/example_dags/example_bash_decorator.py
[2025-07-27T20:11:17.914+0200] {processor.py:830} INFO - Processing file /home/leoja/airflow/airflow_venv/lib/python3.12/site-packages/airflow/example_dags/example_bash_decorator.py for tasks to queue
[2025-07-27T20:11:17.916+0200] {logging_mixin.py:188} INFO - [2025-07-27T20:11:17.916+0200] {dagbag.py:540} INFO - Filling up the DagBag from /home/leoja/airflow/airflow_venv/lib/python3.12/site-packages/airflow/example_dags/example_bash_decorator.py
[2025-07-27T20:11:17.937+0200] {processor.py:840} INFO - DAG(s) 'example_bash_decorator' retrieved from /home/leoja/airflow/airflow_venv/lib/python3.12/site-packages/airflow/example_dags/example_bash_decorator.py
[2025-07-27T20:11:17.959+0200] {logging_mixin.py:188} INFO - [2025-07-27T20:11:17.959+0200] {dag.py:3096} INFO - Sync 1 DAGs
[2025-07-27T20:11:17.978+0200] {logging_mixin.py:188} INFO - [2025-07-27T20:11:17.978+0200] {dag.py:3954} INFO - Setting next_dagrun for example_bash_decorator to None, run_after=None
[2025-07-27T20:11:18.010+0200] {processor.py:183} INFO - Processing /home/leoja/airflow/airflow_venv/lib/python3.12/site-packages/airflow/example_dags/example_bash_decorator.py took 0.108 seconds
[2025-07-27T20:12:37.945+0200] {processor.py:161} INFO - Started process (PID=13473) to work on /home/leoja/airflow/airflow_venv/lib/python3.12/site-packages/airflow/example_dags/example_bash_decorator.py
[2025-07-27T20:12:37.947+0200] {processor.py:830} INFO - Processing file /home/leoja/airflow/airflow_venv/lib/python3.12/site-packages/airflow/example_dags/example_bash_decorator.py for tasks to queue
[2025-07-27T20:12:37.949+0200] {logging_mixin.py:188} INFO - [2025-07-27T20:12:37.949+0200] {dagbag.py:540} INFO - Filling up the DagBag from /home/leoja/airflow/airflow_venv/lib/python3.12/site-packages/airflow/example_dags/example_bash_decorator.py
[2025-07-27T20:12:37.968+0200] {processor.py:840} INFO - DAG(s) 'example_bash_decorator' retrieved from /home/leoja/airflow/airflow_venv/lib/python3.12/site-packages/airflow/example_dags/example_bash_decorator.py
[2025-07-27T20:12:37.987+0200] {logging_mixin.py:188} INFO - [2025-07-27T20:12:37.987+0200] {dag.py:3096} INFO - Sync 1 DAGs
[2025-07-27T20:12:38.000+0200] {logging_mixin.py:188} INFO - [2025-07-27T20:12:38.000+0200] {dag.py:3954} INFO - Setting next_dagrun for example_bash_decorator to None, run_after=None
[2025-07-27T20:12:38.031+0200] {processor.py:183} INFO - Processing /home/leoja/airflow/airflow_venv/lib/python3.12/site-packages/airflow/example_dags/example_bash_decorator.py took 0.094 seconds
[2025-07-27T20:13:34.954+0200] {processor.py:161} INFO - Started process (PID=13783) to work on /home/leoja/airflow/airflow_venv/lib/python3.12/site-packages/airflow/example_dags/example_bash_decorator.py
[2025-07-27T20:13:34.956+0200] {processor.py:830} INFO - Processing file /home/leoja/airflow/airflow_venv/lib/python3.12/site-packages/airflow/example_dags/example_bash_decorator.py for tasks to queue
[2025-07-27T20:13:34.958+0200] {logging_mixin.py:188} INFO - [2025-07-27T20:13:34.958+0200] {dagbag.py:540} INFO - Filling up the DagBag from /home/leoja/airflow/airflow_venv/lib/python3.12/site-packages/airflow/example_dags/example_bash_decorator.py
[2025-07-27T20:13:34.978+0200] {processor.py:840} INFO - DAG(s) 'example_bash_decorator' retrieved from /home/leoja/airflow/airflow_venv/lib/python3.12/site-packages/airflow/example_dags/example_bash_decorator.py
[2025-07-27T20:13:34.999+0200] {logging_mixin.py:188} INFO - [2025-07-27T20:13:34.999+0200] {dag.py:3096} INFO - Sync 1 DAGs
[2025-07-27T20:13:35.014+0200] {logging_mixin.py:188} INFO - [2025-07-27T20:13:35.014+0200] {dag.py:3954} INFO - Setting next_dagrun for example_bash_decorator to None, run_after=None
[2025-07-27T20:13:35.038+0200] {processor.py:183} INFO - Processing /home/leoja/airflow/airflow_venv/lib/python3.12/site-packages/airflow/example_dags/example_bash_decorator.py took 0.093 seconds
[2025-07-27T20:14:36.197+0200] {processor.py:161} INFO - Started process (PID=14116) to work on /home/leoja/airflow/airflow_venv/lib/python3.12/site-packages/airflow/example_dags/example_bash_decorator.py
[2025-07-27T20:14:36.199+0200] {processor.py:830} INFO - Processing file /home/leoja/airflow/airflow_venv/lib/python3.12/site-packages/airflow/example_dags/example_bash_decorator.py for tasks to queue
[2025-07-27T20:14:36.200+0200] {logging_mixin.py:188} INFO - [2025-07-27T20:14:36.200+0200] {dagbag.py:540} INFO - Filling up the DagBag from /home/leoja/airflow/airflow_venv/lib/python3.12/site-packages/airflow/example_dags/example_bash_decorator.py
[2025-07-27T20:14:36.215+0200] {processor.py:840} INFO - DAG(s) 'example_bash_decorator' retrieved from /home/leoja/airflow/airflow_venv/lib/python3.12/site-packages/airflow/example_dags/example_bash_decorator.py
[2025-07-27T20:14:36.232+0200] {logging_mixin.py:188} INFO - [2025-07-27T20:14:36.232+0200] {dag.py:3096} INFO - Sync 1 DAGs
[2025-07-27T20:14:36.243+0200] {logging_mixin.py:188} INFO - [2025-07-27T20:14:36.243+0200] {dag.py:3954} INFO - Setting next_dagrun for example_bash_decorator to None, run_after=None
[2025-07-27T20:14:36.267+0200] {processor.py:183} INFO - Processing /home/leoja/airflow/airflow_venv/lib/python3.12/site-packages/airflow/example_dags/example_bash_decorator.py took 0.080 seconds
[2025-07-27T20:15:33.419+0200] {processor.py:161} INFO - Started process (PID=14419) to work on /home/leoja/airflow/airflow_venv/lib/python3.12/site-packages/airflow/example_dags/example_bash_decorator.py
[2025-07-27T20:15:33.421+0200] {processor.py:830} INFO - Processing file /home/leoja/airflow/airflow_venv/lib/python3.12/site-packages/airflow/example_dags/example_bash_decorator.py for tasks to queue
[2025-07-27T20:15:33.425+0200] {logging_mixin.py:188} INFO - [2025-07-27T20:15:33.423+0200] {dagbag.py:540} INFO - Filling up the DagBag from /home/leoja/airflow/airflow_venv/lib/python3.12/site-packages/airflow/example_dags/example_bash_decorator.py
[2025-07-27T20:15:33.449+0200] {processor.py:840} INFO - DAG(s) 'example_bash_decorator' retrieved from /home/leoja/airflow/airflow_venv/lib/python3.12/site-packages/airflow/example_dags/example_bash_decorator.py
[2025-07-27T20:15:33.484+0200] {logging_mixin.py:188} INFO - [2025-07-27T20:15:33.484+0200] {dag.py:3096} INFO - Sync 1 DAGs
[2025-07-27T20:15:33.497+0200] {logging_mixin.py:188} INFO - [2025-07-27T20:15:33.496+0200] {dag.py:3954} INFO - Setting next_dagrun for example_bash_decorator to None, run_after=None
[2025-07-27T20:15:33.522+0200] {processor.py:183} INFO - Processing /home/leoja/airflow/airflow_venv/lib/python3.12/site-packages/airflow/example_dags/example_bash_decorator.py took 0.116 seconds
[2025-07-27T20:16:54.538+0200] {processor.py:161} INFO - Started process (PID=14875) to work on /home/leoja/airflow/airflow_venv/lib/python3.12/site-packages/airflow/example_dags/example_bash_decorator.py
[2025-07-27T20:16:54.540+0200] {processor.py:830} INFO - Processing file /home/leoja/airflow/airflow_venv/lib/python3.12/site-packages/airflow/example_dags/example_bash_decorator.py for tasks to queue
[2025-07-27T20:16:54.542+0200] {logging_mixin.py:188} INFO - [2025-07-27T20:16:54.541+0200] {dagbag.py:540} INFO - Filling up the DagBag from /home/leoja/airflow/airflow_venv/lib/python3.12/site-packages/airflow/example_dags/example_bash_decorator.py
[2025-07-27T20:16:54.555+0200] {processor.py:840} INFO - DAG(s) 'example_bash_decorator' retrieved from /home/leoja/airflow/airflow_venv/lib/python3.12/site-packages/airflow/example_dags/example_bash_decorator.py
[2025-07-27T20:16:54.573+0200] {logging_mixin.py:188} INFO - [2025-07-27T20:16:54.573+0200] {dag.py:3096} INFO - Sync 1 DAGs
[2025-07-27T20:16:54.586+0200] {logging_mixin.py:188} INFO - [2025-07-27T20:16:54.586+0200] {dag.py:3954} INFO - Setting next_dagrun for example_bash_decorator to None, run_after=None
[2025-07-27T20:16:54.609+0200] {processor.py:183} INFO - Processing /home/leoja/airflow/airflow_venv/lib/python3.12/site-packages/airflow/example_dags/example_bash_decorator.py took 0.081 seconds
[2025-07-27T20:18:14.613+0200] {processor.py:161} INFO - Started process (PID=15310) to work on /home/leoja/airflow/airflow_venv/lib/python3.12/site-packages/airflow/example_dags/example_bash_decorator.py
[2025-07-27T20:18:14.615+0200] {processor.py:830} INFO - Processing file /home/leoja/airflow/airflow_venv/lib/python3.12/site-packages/airflow/example_dags/example_bash_decorator.py for tasks to queue
[2025-07-27T20:18:14.617+0200] {logging_mixin.py:188} INFO - [2025-07-27T20:18:14.616+0200] {dagbag.py:540} INFO - Filling up the DagBag from /home/leoja/airflow/airflow_venv/lib/python3.12/site-packages/airflow/example_dags/example_bash_decorator.py
[2025-07-27T20:18:14.630+0200] {processor.py:840} INFO - DAG(s) 'example_bash_decorator' retrieved from /home/leoja/airflow/airflow_venv/lib/python3.12/site-packages/airflow/example_dags/example_bash_decorator.py
[2025-07-27T20:18:14.647+0200] {logging_mixin.py:188} INFO - [2025-07-27T20:18:14.647+0200] {dag.py:3096} INFO - Sync 1 DAGs
[2025-07-27T20:18:14.657+0200] {logging_mixin.py:188} INFO - [2025-07-27T20:18:14.657+0200] {dag.py:3954} INFO - Setting next_dagrun for example_bash_decorator to None, run_after=None
[2025-07-27T20:18:14.681+0200] {processor.py:183} INFO - Processing /home/leoja/airflow/airflow_venv/lib/python3.12/site-packages/airflow/example_dags/example_bash_decorator.py took 0.077 seconds
[2025-07-27T20:19:33.220+0200] {processor.py:161} INFO - Started process (PID=15726) to work on /home/leoja/airflow/airflow_venv/lib/python3.12/site-packages/airflow/example_dags/example_bash_decorator.py
[2025-07-27T20:19:33.222+0200] {processor.py:830} INFO - Processing file /home/leoja/airflow/airflow_venv/lib/python3.12/site-packages/airflow/example_dags/example_bash_decorator.py for tasks to queue
[2025-07-27T20:19:33.224+0200] {logging_mixin.py:188} INFO - [2025-07-27T20:19:33.223+0200] {dagbag.py:540} INFO - Filling up the DagBag from /home/leoja/airflow/airflow_venv/lib/python3.12/site-packages/airflow/example_dags/example_bash_decorator.py
[2025-07-27T20:19:33.239+0200] {processor.py:840} INFO - DAG(s) 'example_bash_decorator' retrieved from /home/leoja/airflow/airflow_venv/lib/python3.12/site-packages/airflow/example_dags/example_bash_decorator.py
[2025-07-27T20:19:33.261+0200] {logging_mixin.py:188} INFO - [2025-07-27T20:19:33.260+0200] {dag.py:3096} INFO - Sync 1 DAGs
[2025-07-27T20:19:33.273+0200] {logging_mixin.py:188} INFO - [2025-07-27T20:19:33.273+0200] {dag.py:3954} INFO - Setting next_dagrun for example_bash_decorator to None, run_after=None
[2025-07-27T20:19:33.297+0200] {processor.py:183} INFO - Processing /home/leoja/airflow/airflow_venv/lib/python3.12/site-packages/airflow/example_dags/example_bash_decorator.py took 0.086 seconds
[2025-07-27T20:20:56.609+0200] {processor.py:161} INFO - Started process (PID=16197) to work on /home/leoja/airflow/airflow_venv/lib/python3.12/site-packages/airflow/example_dags/example_bash_decorator.py
[2025-07-27T20:20:56.611+0200] {processor.py:830} INFO - Processing file /home/leoja/airflow/airflow_venv/lib/python3.12/site-packages/airflow/example_dags/example_bash_decorator.py for tasks to queue
[2025-07-27T20:20:56.614+0200] {logging_mixin.py:188} INFO - [2025-07-27T20:20:56.613+0200] {dagbag.py:540} INFO - Filling up the DagBag from /home/leoja/airflow/airflow_venv/lib/python3.12/site-packages/airflow/example_dags/example_bash_decorator.py
[2025-07-27T20:20:56.637+0200] {processor.py:840} INFO - DAG(s) 'example_bash_decorator' retrieved from /home/leoja/airflow/airflow_venv/lib/python3.12/site-packages/airflow/example_dags/example_bash_decorator.py
[2025-07-27T20:20:56.656+0200] {logging_mixin.py:188} INFO - [2025-07-27T20:20:56.655+0200] {dag.py:3096} INFO - Sync 1 DAGs
[2025-07-27T20:20:56.669+0200] {logging_mixin.py:188} INFO - [2025-07-27T20:20:56.669+0200] {dag.py:3954} INFO - Setting next_dagrun for example_bash_decorator to None, run_after=None
[2025-07-27T20:20:56.693+0200] {processor.py:183} INFO - Processing /home/leoja/airflow/airflow_venv/lib/python3.12/site-packages/airflow/example_dags/example_bash_decorator.py took 0.094 seconds
[2025-07-27T20:21:55.963+0200] {processor.py:161} INFO - Started process (PID=16529) to work on /home/leoja/airflow/airflow_venv/lib/python3.12/site-packages/airflow/example_dags/example_bash_decorator.py
[2025-07-27T20:21:55.965+0200] {processor.py:830} INFO - Processing file /home/leoja/airflow/airflow_venv/lib/python3.12/site-packages/airflow/example_dags/example_bash_decorator.py for tasks to queue
[2025-07-27T20:21:55.968+0200] {logging_mixin.py:188} INFO - [2025-07-27T20:21:55.967+0200] {dagbag.py:540} INFO - Filling up the DagBag from /home/leoja/airflow/airflow_venv/lib/python3.12/site-packages/airflow/example_dags/example_bash_decorator.py
[2025-07-27T20:21:55.982+0200] {processor.py:840} INFO - DAG(s) 'example_bash_decorator' retrieved from /home/leoja/airflow/airflow_venv/lib/python3.12/site-packages/airflow/example_dags/example_bash_decorator.py
[2025-07-27T20:21:56.000+0200] {logging_mixin.py:188} INFO - [2025-07-27T20:21:55.999+0200] {dag.py:3096} INFO - Sync 1 DAGs
[2025-07-27T20:21:56.013+0200] {logging_mixin.py:188} INFO - [2025-07-27T20:21:56.012+0200] {dag.py:3954} INFO - Setting next_dagrun for example_bash_decorator to None, run_after=None
[2025-07-27T20:21:56.038+0200] {processor.py:183} INFO - Processing /home/leoja/airflow/airflow_venv/lib/python3.12/site-packages/airflow/example_dags/example_bash_decorator.py took 0.089 seconds
[2025-07-27T20:22:55.578+0200] {processor.py:161} INFO - Started process (PID=16857) to work on /home/leoja/airflow/airflow_venv/lib/python3.12/site-packages/airflow/example_dags/example_bash_decorator.py
[2025-07-27T20:22:55.581+0200] {processor.py:830} INFO - Processing file /home/leoja/airflow/airflow_venv/lib/python3.12/site-packages/airflow/example_dags/example_bash_decorator.py for tasks to queue
[2025-07-27T20:22:55.585+0200] {logging_mixin.py:188} INFO - [2025-07-27T20:22:55.584+0200] {dagbag.py:540} INFO - Filling up the DagBag from /home/leoja/airflow/airflow_venv/lib/python3.12/site-packages/airflow/example_dags/example_bash_decorator.py
[2025-07-27T20:22:55.604+0200] {processor.py:840} INFO - DAG(s) 'example_bash_decorator' retrieved from /home/leoja/airflow/airflow_venv/lib/python3.12/site-packages/airflow/example_dags/example_bash_decorator.py
[2025-07-27T20:22:55.628+0200] {logging_mixin.py:188} INFO - [2025-07-27T20:22:55.628+0200] {dag.py:3096} INFO - Sync 1 DAGs
[2025-07-27T20:22:55.639+0200] {logging_mixin.py:188} INFO - [2025-07-27T20:22:55.638+0200] {dag.py:3954} INFO - Setting next_dagrun for example_bash_decorator to None, run_after=None
[2025-07-27T20:22:55.662+0200] {processor.py:183} INFO - Processing /home/leoja/airflow/airflow_venv/lib/python3.12/site-packages/airflow/example_dags/example_bash_decorator.py took 0.100 seconds
[2025-07-27T20:23:52.507+0200] {processor.py:161} INFO - Started process (PID=17135) to work on /home/leoja/airflow/airflow_venv/lib/python3.12/site-packages/airflow/example_dags/example_bash_decorator.py
[2025-07-27T20:23:52.510+0200] {processor.py:830} INFO - Processing file /home/leoja/airflow/airflow_venv/lib/python3.12/site-packages/airflow/example_dags/example_bash_decorator.py for tasks to queue
[2025-07-27T20:23:52.513+0200] {logging_mixin.py:188} INFO - [2025-07-27T20:23:52.512+0200] {dagbag.py:540} INFO - Filling up the DagBag from /home/leoja/airflow/airflow_venv/lib/python3.12/site-packages/airflow/example_dags/example_bash_decorator.py
[2025-07-27T20:23:52.540+0200] {processor.py:840} INFO - DAG(s) 'example_bash_decorator' retrieved from /home/leoja/airflow/airflow_venv/lib/python3.12/site-packages/airflow/example_dags/example_bash_decorator.py
[2025-07-27T20:23:52.560+0200] {logging_mixin.py:188} INFO - [2025-07-27T20:23:52.560+0200] {dag.py:3096} INFO - Sync 1 DAGs
[2025-07-27T20:23:52.571+0200] {logging_mixin.py:188} INFO - [2025-07-27T20:23:52.571+0200] {dag.py:3954} INFO - Setting next_dagrun for example_bash_decorator to None, run_after=None
[2025-07-27T20:23:52.598+0200] {processor.py:183} INFO - Processing /home/leoja/airflow/airflow_venv/lib/python3.12/site-packages/airflow/example_dags/example_bash_decorator.py took 0.107 seconds
[2025-07-27T20:25:13.539+0200] {processor.py:161} INFO - Started process (PID=17606) to work on /home/leoja/airflow/airflow_venv/lib/python3.12/site-packages/airflow/example_dags/example_bash_decorator.py
[2025-07-27T20:25:13.541+0200] {processor.py:830} INFO - Processing file /home/leoja/airflow/airflow_venv/lib/python3.12/site-packages/airflow/example_dags/example_bash_decorator.py for tasks to queue
[2025-07-27T20:25:13.544+0200] {logging_mixin.py:188} INFO - [2025-07-27T20:25:13.543+0200] {dagbag.py:540} INFO - Filling up the DagBag from /home/leoja/airflow/airflow_venv/lib/python3.12/site-packages/airflow/example_dags/example_bash_decorator.py
[2025-07-27T20:25:13.565+0200] {processor.py:840} INFO - DAG(s) 'example_bash_decorator' retrieved from /home/leoja/airflow/airflow_venv/lib/python3.12/site-packages/airflow/example_dags/example_bash_decorator.py
[2025-07-27T20:25:13.591+0200] {logging_mixin.py:188} INFO - [2025-07-27T20:25:13.590+0200] {dag.py:3096} INFO - Sync 1 DAGs
[2025-07-27T20:25:13.601+0200] {logging_mixin.py:188} INFO - [2025-07-27T20:25:13.601+0200] {dag.py:3954} INFO - Setting next_dagrun for example_bash_decorator to None, run_after=None
[2025-07-27T20:25:13.625+0200] {processor.py:183} INFO - Processing /home/leoja/airflow/airflow_venv/lib/python3.12/site-packages/airflow/example_dags/example_bash_decorator.py took 0.097 seconds
[2025-07-27T20:26:11.350+0200] {processor.py:161} INFO - Started process (PID=17917) to work on /home/leoja/airflow/airflow_venv/lib/python3.12/site-packages/airflow/example_dags/example_bash_decorator.py
[2025-07-27T20:26:11.352+0200] {processor.py:830} INFO - Processing file /home/leoja/airflow/airflow_venv/lib/python3.12/site-packages/airflow/example_dags/example_bash_decorator.py for tasks to queue
[2025-07-27T20:26:11.354+0200] {logging_mixin.py:188} INFO - [2025-07-27T20:26:11.354+0200] {dagbag.py:540} INFO - Filling up the DagBag from /home/leoja/airflow/airflow_venv/lib/python3.12/site-packages/airflow/example_dags/example_bash_decorator.py
[2025-07-27T20:26:11.371+0200] {processor.py:840} INFO - DAG(s) 'example_bash_decorator' retrieved from /home/leoja/airflow/airflow_venv/lib/python3.12/site-packages/airflow/example_dags/example_bash_decorator.py
[2025-07-27T20:26:11.391+0200] {logging_mixin.py:188} INFO - [2025-07-27T20:26:11.391+0200] {dag.py:3096} INFO - Sync 1 DAGs
[2025-07-27T20:26:11.406+0200] {logging_mixin.py:188} INFO - [2025-07-27T20:26:11.405+0200] {dag.py:3954} INFO - Setting next_dagrun for example_bash_decorator to None, run_after=None
[2025-07-27T20:26:11.428+0200] {processor.py:183} INFO - Processing /home/leoja/airflow/airflow_venv/lib/python3.12/site-packages/airflow/example_dags/example_bash_decorator.py took 0.085 seconds
[2025-07-27T20:27:30.249+0200] {processor.py:161} INFO - Started process (PID=18358) to work on /home/leoja/airflow/airflow_venv/lib/python3.12/site-packages/airflow/example_dags/example_bash_decorator.py
[2025-07-27T20:27:30.250+0200] {processor.py:830} INFO - Processing file /home/leoja/airflow/airflow_venv/lib/python3.12/site-packages/airflow/example_dags/example_bash_decorator.py for tasks to queue
[2025-07-27T20:27:30.252+0200] {logging_mixin.py:188} INFO - [2025-07-27T20:27:30.251+0200] {dagbag.py:540} INFO - Filling up the DagBag from /home/leoja/airflow/airflow_venv/lib/python3.12/site-packages/airflow/example_dags/example_bash_decorator.py
[2025-07-27T20:27:30.265+0200] {processor.py:840} INFO - DAG(s) 'example_bash_decorator' retrieved from /home/leoja/airflow/airflow_venv/lib/python3.12/site-packages/airflow/example_dags/example_bash_decorator.py
[2025-07-27T20:27:30.283+0200] {logging_mixin.py:188} INFO - [2025-07-27T20:27:30.283+0200] {dag.py:3096} INFO - Sync 1 DAGs
[2025-07-27T20:27:30.295+0200] {logging_mixin.py:188} INFO - [2025-07-27T20:27:30.295+0200] {dag.py:3954} INFO - Setting next_dagrun for example_bash_decorator to None, run_after=None
[2025-07-27T20:27:30.317+0200] {processor.py:183} INFO - Processing /home/leoja/airflow/airflow_venv/lib/python3.12/site-packages/airflow/example_dags/example_bash_decorator.py took 0.073 seconds
[2025-07-27T20:28:40.309+0200] {processor.py:161} INFO - Started process (PID=18714) to work on /home/leoja/airflow/airflow_venv/lib/python3.12/site-packages/airflow/example_dags/example_bash_decorator.py
[2025-07-27T20:28:40.311+0200] {processor.py:830} INFO - Processing file /home/leoja/airflow/airflow_venv/lib/python3.12/site-packages/airflow/example_dags/example_bash_decorator.py for tasks to queue
[2025-07-27T20:28:40.313+0200] {logging_mixin.py:188} INFO - [2025-07-27T20:28:40.313+0200] {dagbag.py:540} INFO - Filling up the DagBag from /home/leoja/airflow/airflow_venv/lib/python3.12/site-packages/airflow/example_dags/example_bash_decorator.py
[2025-07-27T20:28:40.328+0200] {processor.py:840} INFO - DAG(s) 'example_bash_decorator' retrieved from /home/leoja/airflow/airflow_venv/lib/python3.12/site-packages/airflow/example_dags/example_bash_decorator.py
[2025-07-27T20:28:40.344+0200] {logging_mixin.py:188} INFO - [2025-07-27T20:28:40.343+0200] {dag.py:3096} INFO - Sync 1 DAGs
[2025-07-27T20:28:40.353+0200] {logging_mixin.py:188} INFO - [2025-07-27T20:28:40.353+0200] {dag.py:3954} INFO - Setting next_dagrun for example_bash_decorator to None, run_after=None
[2025-07-27T20:28:40.378+0200] {processor.py:183} INFO - Processing /home/leoja/airflow/airflow_venv/lib/python3.12/site-packages/airflow/example_dags/example_bash_decorator.py took 0.074 seconds
[2025-07-27T20:29:48.978+0200] {processor.py:161} INFO - Started process (PID=19120) to work on /home/leoja/airflow/airflow_venv/lib/python3.12/site-packages/airflow/example_dags/example_bash_decorator.py
[2025-07-27T20:29:48.979+0200] {processor.py:830} INFO - Processing file /home/leoja/airflow/airflow_venv/lib/python3.12/site-packages/airflow/example_dags/example_bash_decorator.py for tasks to queue
[2025-07-27T20:29:48.981+0200] {logging_mixin.py:188} INFO - [2025-07-27T20:29:48.981+0200] {dagbag.py:540} INFO - Filling up the DagBag from /home/leoja/airflow/airflow_venv/lib/python3.12/site-packages/airflow/example_dags/example_bash_decorator.py
[2025-07-27T20:29:48.992+0200] {processor.py:840} INFO - DAG(s) 'example_bash_decorator' retrieved from /home/leoja/airflow/airflow_venv/lib/python3.12/site-packages/airflow/example_dags/example_bash_decorator.py
[2025-07-27T20:29:49.008+0200] {logging_mixin.py:188} INFO - [2025-07-27T20:29:49.008+0200] {dag.py:3096} INFO - Sync 1 DAGs
[2025-07-27T20:29:49.016+0200] {logging_mixin.py:188} INFO - [2025-07-27T20:29:49.016+0200] {dag.py:3954} INFO - Setting next_dagrun for example_bash_decorator to None, run_after=None
[2025-07-27T20:29:49.040+0200] {processor.py:183} INFO - Processing /home/leoja/airflow/airflow_venv/lib/python3.12/site-packages/airflow/example_dags/example_bash_decorator.py took 0.068 seconds
[2025-07-27T20:31:02.173+0200] {processor.py:161} INFO - Started process (PID=19529) to work on /home/leoja/airflow/airflow_venv/lib/python3.12/site-packages/airflow/example_dags/example_bash_decorator.py
[2025-07-27T20:31:02.175+0200] {processor.py:830} INFO - Processing file /home/leoja/airflow/airflow_venv/lib/python3.12/site-packages/airflow/example_dags/example_bash_decorator.py for tasks to queue
[2025-07-27T20:31:02.176+0200] {logging_mixin.py:188} INFO - [2025-07-27T20:31:02.176+0200] {dagbag.py:540} INFO - Filling up the DagBag from /home/leoja/airflow/airflow_venv/lib/python3.12/site-packages/airflow/example_dags/example_bash_decorator.py
[2025-07-27T20:31:02.188+0200] {processor.py:840} INFO - DAG(s) 'example_bash_decorator' retrieved from /home/leoja/airflow/airflow_venv/lib/python3.12/site-packages/airflow/example_dags/example_bash_decorator.py
[2025-07-27T20:31:02.205+0200] {logging_mixin.py:188} INFO - [2025-07-27T20:31:02.205+0200] {dag.py:3096} INFO - Sync 1 DAGs
[2025-07-27T20:31:02.217+0200] {logging_mixin.py:188} INFO - [2025-07-27T20:31:02.217+0200] {dag.py:3954} INFO - Setting next_dagrun for example_bash_decorator to None, run_after=None
[2025-07-27T20:31:02.237+0200] {processor.py:183} INFO - Processing /home/leoja/airflow/airflow_venv/lib/python3.12/site-packages/airflow/example_dags/example_bash_decorator.py took 0.069 seconds
[2025-07-27T20:32:13.165+0200] {processor.py:161} INFO - Started process (PID=20437) to work on /home/leoja/airflow/airflow_venv/lib/python3.12/site-packages/airflow/example_dags/example_bash_decorator.py
[2025-07-27T20:32:13.167+0200] {processor.py:830} INFO - Processing file /home/leoja/airflow/airflow_venv/lib/python3.12/site-packages/airflow/example_dags/example_bash_decorator.py for tasks to queue
[2025-07-27T20:32:13.169+0200] {logging_mixin.py:188} INFO - [2025-07-27T20:32:13.169+0200] {dagbag.py:540} INFO - Filling up the DagBag from /home/leoja/airflow/airflow_venv/lib/python3.12/site-packages/airflow/example_dags/example_bash_decorator.py
[2025-07-27T20:32:13.179+0200] {processor.py:840} INFO - DAG(s) 'example_bash_decorator' retrieved from /home/leoja/airflow/airflow_venv/lib/python3.12/site-packages/airflow/example_dags/example_bash_decorator.py
[2025-07-27T20:32:13.191+0200] {logging_mixin.py:188} INFO - [2025-07-27T20:32:13.191+0200] {dag.py:3096} INFO - Sync 1 DAGs
[2025-07-27T20:32:13.199+0200] {logging_mixin.py:188} INFO - [2025-07-27T20:32:13.198+0200] {dag.py:3954} INFO - Setting next_dagrun for example_bash_decorator to None, run_after=None
[2025-07-27T20:32:13.219+0200] {processor.py:183} INFO - Processing /home/leoja/airflow/airflow_venv/lib/python3.12/site-packages/airflow/example_dags/example_bash_decorator.py took 0.059 seconds
[2025-07-27T20:33:31.215+0200] {processor.py:161} INFO - Started process (PID=20854) to work on /home/leoja/airflow/airflow_venv/lib/python3.12/site-packages/airflow/example_dags/example_bash_decorator.py
[2025-07-27T20:33:31.216+0200] {processor.py:830} INFO - Processing file /home/leoja/airflow/airflow_venv/lib/python3.12/site-packages/airflow/example_dags/example_bash_decorator.py for tasks to queue
[2025-07-27T20:33:31.218+0200] {logging_mixin.py:188} INFO - [2025-07-27T20:33:31.217+0200] {dagbag.py:540} INFO - Filling up the DagBag from /home/leoja/airflow/airflow_venv/lib/python3.12/site-packages/airflow/example_dags/example_bash_decorator.py
[2025-07-27T20:33:31.227+0200] {processor.py:840} INFO - DAG(s) 'example_bash_decorator' retrieved from /home/leoja/airflow/airflow_venv/lib/python3.12/site-packages/airflow/example_dags/example_bash_decorator.py
[2025-07-27T20:33:31.241+0200] {logging_mixin.py:188} INFO - [2025-07-27T20:33:31.241+0200] {dag.py:3096} INFO - Sync 1 DAGs
[2025-07-27T20:33:31.251+0200] {logging_mixin.py:188} INFO - [2025-07-27T20:33:31.250+0200] {dag.py:3954} INFO - Setting next_dagrun for example_bash_decorator to None, run_after=None
[2025-07-27T20:33:31.270+0200] {processor.py:183} INFO - Processing /home/leoja/airflow/airflow_venv/lib/python3.12/site-packages/airflow/example_dags/example_bash_decorator.py took 0.061 seconds
[2025-07-27T20:34:43.821+0200] {processor.py:161} INFO - Started process (PID=21257) to work on /home/leoja/airflow/airflow_venv/lib/python3.12/site-packages/airflow/example_dags/example_bash_decorator.py
[2025-07-27T20:34:43.823+0200] {processor.py:830} INFO - Processing file /home/leoja/airflow/airflow_venv/lib/python3.12/site-packages/airflow/example_dags/example_bash_decorator.py for tasks to queue
[2025-07-27T20:34:43.824+0200] {logging_mixin.py:188} INFO - [2025-07-27T20:34:43.824+0200] {dagbag.py:540} INFO - Filling up the DagBag from /home/leoja/airflow/airflow_venv/lib/python3.12/site-packages/airflow/example_dags/example_bash_decorator.py
[2025-07-27T20:34:43.839+0200] {processor.py:840} INFO - DAG(s) 'example_bash_decorator' retrieved from /home/leoja/airflow/airflow_venv/lib/python3.12/site-packages/airflow/example_dags/example_bash_decorator.py
[2025-07-27T20:34:43.859+0200] {logging_mixin.py:188} INFO - [2025-07-27T20:34:43.859+0200] {dag.py:3096} INFO - Sync 1 DAGs
[2025-07-27T20:34:43.871+0200] {logging_mixin.py:188} INFO - [2025-07-27T20:34:43.871+0200] {dag.py:3954} INFO - Setting next_dagrun for example_bash_decorator to None, run_after=None
[2025-07-27T20:34:43.894+0200] {processor.py:183} INFO - Processing /home/leoja/airflow/airflow_venv/lib/python3.12/site-packages/airflow/example_dags/example_bash_decorator.py took 0.077 seconds
[2025-07-27T20:35:53.566+0200] {processor.py:161} INFO - Started process (PID=21638) to work on /home/leoja/airflow/airflow_venv/lib/python3.12/site-packages/airflow/example_dags/example_bash_decorator.py
[2025-07-27T20:35:53.567+0200] {processor.py:830} INFO - Processing file /home/leoja/airflow/airflow_venv/lib/python3.12/site-packages/airflow/example_dags/example_bash_decorator.py for tasks to queue
[2025-07-27T20:35:53.569+0200] {logging_mixin.py:188} INFO - [2025-07-27T20:35:53.568+0200] {dagbag.py:540} INFO - Filling up the DagBag from /home/leoja/airflow/airflow_venv/lib/python3.12/site-packages/airflow/example_dags/example_bash_decorator.py
[2025-07-27T20:35:53.578+0200] {processor.py:840} INFO - DAG(s) 'example_bash_decorator' retrieved from /home/leoja/airflow/airflow_venv/lib/python3.12/site-packages/airflow/example_dags/example_bash_decorator.py
[2025-07-27T20:35:53.590+0200] {logging_mixin.py:188} INFO - [2025-07-27T20:35:53.590+0200] {dag.py:3096} INFO - Sync 1 DAGs
[2025-07-27T20:35:53.597+0200] {logging_mixin.py:188} INFO - [2025-07-27T20:35:53.597+0200] {dag.py:3954} INFO - Setting next_dagrun for example_bash_decorator to None, run_after=None
[2025-07-27T20:35:53.617+0200] {processor.py:183} INFO - Processing /home/leoja/airflow/airflow_venv/lib/python3.12/site-packages/airflow/example_dags/example_bash_decorator.py took 0.056 seconds
[2025-07-27T20:37:01.537+0200] {processor.py:161} INFO - Started process (PID=22018) to work on /home/leoja/airflow/airflow_venv/lib/python3.12/site-packages/airflow/example_dags/example_bash_decorator.py
[2025-07-27T20:37:01.539+0200] {processor.py:830} INFO - Processing file /home/leoja/airflow/airflow_venv/lib/python3.12/site-packages/airflow/example_dags/example_bash_decorator.py for tasks to queue
[2025-07-27T20:37:01.540+0200] {logging_mixin.py:188} INFO - [2025-07-27T20:37:01.540+0200] {dagbag.py:540} INFO - Filling up the DagBag from /home/leoja/airflow/airflow_venv/lib/python3.12/site-packages/airflow/example_dags/example_bash_decorator.py
[2025-07-27T20:37:01.550+0200] {processor.py:840} INFO - DAG(s) 'example_bash_decorator' retrieved from /home/leoja/airflow/airflow_venv/lib/python3.12/site-packages/airflow/example_dags/example_bash_decorator.py
[2025-07-27T20:37:01.563+0200] {logging_mixin.py:188} INFO - [2025-07-27T20:37:01.563+0200] {dag.py:3096} INFO - Sync 1 DAGs
[2025-07-27T20:37:01.570+0200] {logging_mixin.py:188} INFO - [2025-07-27T20:37:01.570+0200] {dag.py:3954} INFO - Setting next_dagrun for example_bash_decorator to None, run_after=None
[2025-07-27T20:37:01.590+0200] {processor.py:183} INFO - Processing /home/leoja/airflow/airflow_venv/lib/python3.12/site-packages/airflow/example_dags/example_bash_decorator.py took 0.058 seconds
[2025-07-27T20:38:15.040+0200] {processor.py:161} INFO - Started process (PID=22430) to work on /home/leoja/airflow/airflow_venv/lib/python3.12/site-packages/airflow/example_dags/example_bash_decorator.py
[2025-07-27T20:38:15.041+0200] {processor.py:830} INFO - Processing file /home/leoja/airflow/airflow_venv/lib/python3.12/site-packages/airflow/example_dags/example_bash_decorator.py for tasks to queue
[2025-07-27T20:38:15.043+0200] {logging_mixin.py:188} INFO - [2025-07-27T20:38:15.043+0200] {dagbag.py:540} INFO - Filling up the DagBag from /home/leoja/airflow/airflow_venv/lib/python3.12/site-packages/airflow/example_dags/example_bash_decorator.py
[2025-07-27T20:38:15.056+0200] {processor.py:840} INFO - DAG(s) 'example_bash_decorator' retrieved from /home/leoja/airflow/airflow_venv/lib/python3.12/site-packages/airflow/example_dags/example_bash_decorator.py
[2025-07-27T20:38:15.074+0200] {logging_mixin.py:188} INFO - [2025-07-27T20:38:15.073+0200] {dag.py:3096} INFO - Sync 1 DAGs
[2025-07-27T20:38:15.086+0200] {logging_mixin.py:188} INFO - [2025-07-27T20:38:15.086+0200] {dag.py:3954} INFO - Setting next_dagrun for example_bash_decorator to None, run_after=None
[2025-07-27T20:38:15.108+0200] {processor.py:183} INFO - Processing /home/leoja/airflow/airflow_venv/lib/python3.12/site-packages/airflow/example_dags/example_bash_decorator.py took 0.073 seconds
