[2025-07-27T19:41:20.810+0200] {processor.py:161} INFO - Started process (PID=2704) to work on /home/leoja/airflow/airflow_venv/lib/python3.12/site-packages/airflow/example_dags/example_bash_operator.py
[2025-07-27T19:41:20.811+0200] {processor.py:830} INFO - Processing file /home/leoja/airflow/airflow_venv/lib/python3.12/site-packages/airflow/example_dags/example_bash_operator.py for tasks to queue
[2025-07-27T19:41:20.813+0200] {logging_mixin.py:188} INFO - [2025-07-27T19:41:20.812+0200] {dagbag.py:540} INFO - Filling up the DagBag from /home/leoja/airflow/airflow_venv/lib/python3.12/site-packages/airflow/example_dags/example_bash_operator.py
[2025-07-27T19:41:20.828+0200] {processor.py:840} INFO - DAG(s) 'example_bash_operator' retrieved from /home/leoja/airflow/airflow_venv/lib/python3.12/site-packages/airflow/example_dags/example_bash_operator.py
[2025-07-27T19:41:20.945+0200] {logging_mixin.py:188} INFO - [2025-07-27T19:41:20.944+0200] {dag.py:3096} INFO - Sync 1 DAGs
[2025-07-27T19:41:20.966+0200] {logging_mixin.py:188} INFO - [2025-07-27T19:41:20.966+0200] {dag.py:3954} INFO - Setting next_dagrun for example_bash_operator to 2025-07-26 00:00:00+00:00, run_after=2025-07-27 00:00:00+00:00
[2025-07-27T19:41:21.007+0200] {processor.py:183} INFO - Processing /home/leoja/airflow/airflow_venv/lib/python3.12/site-packages/airflow/example_dags/example_bash_operator.py took 0.205 seconds
[2025-07-27T19:42:18.816+0200] {processor.py:161} INFO - Started process (PID=3299) to work on /home/leoja/airflow/airflow_venv/lib/python3.12/site-packages/airflow/example_dags/example_bash_operator.py
[2025-07-27T19:42:18.818+0200] {processor.py:830} INFO - Processing file /home/leoja/airflow/airflow_venv/lib/python3.12/site-packages/airflow/example_dags/example_bash_operator.py for tasks to queue
[2025-07-27T19:42:18.820+0200] {logging_mixin.py:188} INFO - [2025-07-27T19:42:18.819+0200] {dagbag.py:540} INFO - Filling up the DagBag from /home/leoja/airflow/airflow_venv/lib/python3.12/site-packages/airflow/example_dags/example_bash_operator.py
[2025-07-27T19:42:18.833+0200] {processor.py:840} INFO - DAG(s) 'example_bash_operator' retrieved from /home/leoja/airflow/airflow_venv/lib/python3.12/site-packages/airflow/example_dags/example_bash_operator.py
[2025-07-27T19:42:18.860+0200] {logging_mixin.py:188} INFO - [2025-07-27T19:42:18.859+0200] {dag.py:3096} INFO - Sync 1 DAGs
[2025-07-27T19:42:18.879+0200] {logging_mixin.py:188} INFO - [2025-07-27T19:42:18.879+0200] {dag.py:3954} INFO - Setting next_dagrun for example_bash_operator to 2025-07-26 00:00:00+00:00, run_after=2025-07-27 00:00:00+00:00
[2025-07-27T19:42:18.904+0200] {processor.py:183} INFO - Processing /home/leoja/airflow/airflow_venv/lib/python3.12/site-packages/airflow/example_dags/example_bash_operator.py took 0.096 seconds
[2025-07-27T19:43:13.604+0200] {processor.py:161} INFO - Started process (PID=3504) to work on /home/leoja/airflow/airflow_venv/lib/python3.12/site-packages/airflow/example_dags/example_bash_operator.py
[2025-07-27T19:43:13.607+0200] {processor.py:830} INFO - Processing file /home/leoja/airflow/airflow_venv/lib/python3.12/site-packages/airflow/example_dags/example_bash_operator.py for tasks to queue
[2025-07-27T19:43:13.610+0200] {logging_mixin.py:188} INFO - [2025-07-27T19:43:13.609+0200] {dagbag.py:540} INFO - Filling up the DagBag from /home/leoja/airflow/airflow_venv/lib/python3.12/site-packages/airflow/example_dags/example_bash_operator.py
[2025-07-27T19:43:13.622+0200] {processor.py:840} INFO - DAG(s) 'example_bash_operator' retrieved from /home/leoja/airflow/airflow_venv/lib/python3.12/site-packages/airflow/example_dags/example_bash_operator.py
[2025-07-27T19:43:13.642+0200] {logging_mixin.py:188} INFO - [2025-07-27T19:43:13.642+0200] {dag.py:3096} INFO - Sync 1 DAGs
[2025-07-27T19:43:13.657+0200] {logging_mixin.py:188} INFO - [2025-07-27T19:43:13.656+0200] {dag.py:3954} INFO - Setting next_dagrun for example_bash_operator to 2025-07-26 00:00:00+00:00, run_after=2025-07-27 00:00:00+00:00
[2025-07-27T19:43:13.687+0200] {processor.py:183} INFO - Processing /home/leoja/airflow/airflow_venv/lib/python3.12/site-packages/airflow/example_dags/example_bash_operator.py took 0.088 seconds
[2025-07-27T19:44:29.790+0200] {processor.py:161} INFO - Started process (PID=3976) to work on /home/leoja/airflow/airflow_venv/lib/python3.12/site-packages/airflow/example_dags/example_bash_operator.py
[2025-07-27T19:44:29.792+0200] {processor.py:830} INFO - Processing file /home/leoja/airflow/airflow_venv/lib/python3.12/site-packages/airflow/example_dags/example_bash_operator.py for tasks to queue
[2025-07-27T19:44:29.794+0200] {logging_mixin.py:188} INFO - [2025-07-27T19:44:29.793+0200] {dagbag.py:540} INFO - Filling up the DagBag from /home/leoja/airflow/airflow_venv/lib/python3.12/site-packages/airflow/example_dags/example_bash_operator.py
[2025-07-27T19:44:29.807+0200] {processor.py:840} INFO - DAG(s) 'example_bash_operator' retrieved from /home/leoja/airflow/airflow_venv/lib/python3.12/site-packages/airflow/example_dags/example_bash_operator.py
[2025-07-27T19:44:29.826+0200] {logging_mixin.py:188} INFO - [2025-07-27T19:44:29.826+0200] {dag.py:3096} INFO - Sync 1 DAGs
[2025-07-27T19:44:29.850+0200] {logging_mixin.py:188} INFO - [2025-07-27T19:44:29.849+0200] {dag.py:3954} INFO - Setting next_dagrun for example_bash_operator to 2025-07-26 00:00:00+00:00, run_after=2025-07-27 00:00:00+00:00
[2025-07-27T19:44:29.872+0200] {processor.py:183} INFO - Processing /home/leoja/airflow/airflow_venv/lib/python3.12/site-packages/airflow/example_dags/example_bash_operator.py took 0.088 seconds
[2025-07-27T19:45:24.699+0200] {processor.py:161} INFO - Started process (PID=4360) to work on /home/leoja/airflow/airflow_venv/lib/python3.12/site-packages/airflow/example_dags/example_bash_operator.py
[2025-07-27T19:45:24.701+0200] {processor.py:830} INFO - Processing file /home/leoja/airflow/airflow_venv/lib/python3.12/site-packages/airflow/example_dags/example_bash_operator.py for tasks to queue
[2025-07-27T19:45:24.704+0200] {logging_mixin.py:188} INFO - [2025-07-27T19:45:24.703+0200] {dagbag.py:540} INFO - Filling up the DagBag from /home/leoja/airflow/airflow_venv/lib/python3.12/site-packages/airflow/example_dags/example_bash_operator.py
[2025-07-27T19:45:24.714+0200] {processor.py:840} INFO - DAG(s) 'example_bash_operator' retrieved from /home/leoja/airflow/airflow_venv/lib/python3.12/site-packages/airflow/example_dags/example_bash_operator.py
[2025-07-27T19:45:24.733+0200] {logging_mixin.py:188} INFO - [2025-07-27T19:45:24.733+0200] {dag.py:3096} INFO - Sync 1 DAGs
[2025-07-27T19:45:24.750+0200] {logging_mixin.py:188} INFO - [2025-07-27T19:45:24.750+0200] {dag.py:3954} INFO - Setting next_dagrun for example_bash_operator to 2025-07-26 00:00:00+00:00, run_after=2025-07-27 00:00:00+00:00
[2025-07-27T19:45:24.778+0200] {processor.py:183} INFO - Processing /home/leoja/airflow/airflow_venv/lib/python3.12/site-packages/airflow/example_dags/example_bash_operator.py took 0.086 seconds
[2025-07-27T19:46:36.742+0200] {processor.py:161} INFO - Started process (PID=4768) to work on /home/leoja/airflow/airflow_venv/lib/python3.12/site-packages/airflow/example_dags/example_bash_operator.py
[2025-07-27T19:46:36.743+0200] {processor.py:830} INFO - Processing file /home/leoja/airflow/airflow_venv/lib/python3.12/site-packages/airflow/example_dags/example_bash_operator.py for tasks to queue
[2025-07-27T19:46:36.745+0200] {logging_mixin.py:188} INFO - [2025-07-27T19:46:36.744+0200] {dagbag.py:540} INFO - Filling up the DagBag from /home/leoja/airflow/airflow_venv/lib/python3.12/site-packages/airflow/example_dags/example_bash_operator.py
[2025-07-27T19:46:36.754+0200] {processor.py:840} INFO - DAG(s) 'example_bash_operator' retrieved from /home/leoja/airflow/airflow_venv/lib/python3.12/site-packages/airflow/example_dags/example_bash_operator.py
[2025-07-27T19:46:36.777+0200] {logging_mixin.py:188} INFO - [2025-07-27T19:46:36.777+0200] {dag.py:3096} INFO - Sync 1 DAGs
[2025-07-27T19:46:36.793+0200] {logging_mixin.py:188} INFO - [2025-07-27T19:46:36.793+0200] {dag.py:3954} INFO - Setting next_dagrun for example_bash_operator to 2025-07-26 00:00:00+00:00, run_after=2025-07-27 00:00:00+00:00
[2025-07-27T19:46:36.811+0200] {processor.py:183} INFO - Processing /home/leoja/airflow/airflow_venv/lib/python3.12/site-packages/airflow/example_dags/example_bash_operator.py took 0.074 seconds
[2025-07-27T19:47:45.456+0200] {processor.py:161} INFO - Started process (PID=5129) to work on /home/leoja/airflow/airflow_venv/lib/python3.12/site-packages/airflow/example_dags/example_bash_operator.py
[2025-07-27T19:47:45.457+0200] {processor.py:830} INFO - Processing file /home/leoja/airflow/airflow_venv/lib/python3.12/site-packages/airflow/example_dags/example_bash_operator.py for tasks to queue
[2025-07-27T19:47:45.459+0200] {logging_mixin.py:188} INFO - [2025-07-27T19:47:45.459+0200] {dagbag.py:540} INFO - Filling up the DagBag from /home/leoja/airflow/airflow_venv/lib/python3.12/site-packages/airflow/example_dags/example_bash_operator.py
[2025-07-27T19:47:45.471+0200] {processor.py:840} INFO - DAG(s) 'example_bash_operator' retrieved from /home/leoja/airflow/airflow_venv/lib/python3.12/site-packages/airflow/example_dags/example_bash_operator.py
[2025-07-27T19:47:45.490+0200] {logging_mixin.py:188} INFO - [2025-07-27T19:47:45.490+0200] {dag.py:3096} INFO - Sync 1 DAGs
[2025-07-27T19:47:45.505+0200] {logging_mixin.py:188} INFO - [2025-07-27T19:47:45.505+0200] {dag.py:3954} INFO - Setting next_dagrun for example_bash_operator to 2025-07-26 00:00:00+00:00, run_after=2025-07-27 00:00:00+00:00
[2025-07-27T19:47:45.529+0200] {processor.py:183} INFO - Processing /home/leoja/airflow/airflow_venv/lib/python3.12/site-packages/airflow/example_dags/example_bash_operator.py took 0.079 seconds
[2025-07-27T19:48:58.439+0200] {processor.py:161} INFO - Started process (PID=5559) to work on /home/leoja/airflow/airflow_venv/lib/python3.12/site-packages/airflow/example_dags/example_bash_operator.py
[2025-07-27T19:48:58.441+0200] {processor.py:830} INFO - Processing file /home/leoja/airflow/airflow_venv/lib/python3.12/site-packages/airflow/example_dags/example_bash_operator.py for tasks to queue
[2025-07-27T19:48:58.443+0200] {logging_mixin.py:188} INFO - [2025-07-27T19:48:58.442+0200] {dagbag.py:540} INFO - Filling up the DagBag from /home/leoja/airflow/airflow_venv/lib/python3.12/site-packages/airflow/example_dags/example_bash_operator.py
[2025-07-27T19:48:58.456+0200] {processor.py:840} INFO - DAG(s) 'example_bash_operator' retrieved from /home/leoja/airflow/airflow_venv/lib/python3.12/site-packages/airflow/example_dags/example_bash_operator.py
[2025-07-27T19:48:58.484+0200] {logging_mixin.py:188} INFO - [2025-07-27T19:48:58.484+0200] {dag.py:3096} INFO - Sync 1 DAGs
[2025-07-27T19:48:58.505+0200] {logging_mixin.py:188} INFO - [2025-07-27T19:48:58.505+0200] {dag.py:3954} INFO - Setting next_dagrun for example_bash_operator to 2025-07-26 00:00:00+00:00, run_after=2025-07-27 00:00:00+00:00
[2025-07-27T19:48:58.532+0200] {processor.py:183} INFO - Processing /home/leoja/airflow/airflow_venv/lib/python3.12/site-packages/airflow/example_dags/example_bash_operator.py took 0.105 seconds
[2025-07-27T19:50:11.344+0200] {processor.py:161} INFO - Started process (PID=5980) to work on /home/leoja/airflow/airflow_venv/lib/python3.12/site-packages/airflow/example_dags/example_bash_operator.py
[2025-07-27T19:50:11.345+0200] {processor.py:830} INFO - Processing file /home/leoja/airflow/airflow_venv/lib/python3.12/site-packages/airflow/example_dags/example_bash_operator.py for tasks to queue
[2025-07-27T19:50:11.347+0200] {logging_mixin.py:188} INFO - [2025-07-27T19:50:11.347+0200] {dagbag.py:540} INFO - Filling up the DagBag from /home/leoja/airflow/airflow_venv/lib/python3.12/site-packages/airflow/example_dags/example_bash_operator.py
[2025-07-27T19:50:11.357+0200] {processor.py:840} INFO - DAG(s) 'example_bash_operator' retrieved from /home/leoja/airflow/airflow_venv/lib/python3.12/site-packages/airflow/example_dags/example_bash_operator.py
[2025-07-27T19:50:11.375+0200] {logging_mixin.py:188} INFO - [2025-07-27T19:50:11.375+0200] {dag.py:3096} INFO - Sync 1 DAGs
[2025-07-27T19:50:11.396+0200] {logging_mixin.py:188} INFO - [2025-07-27T19:50:11.395+0200] {dag.py:3954} INFO - Setting next_dagrun for example_bash_operator to 2025-07-26 00:00:00+00:00, run_after=2025-07-27 00:00:00+00:00
[2025-07-27T19:50:11.417+0200] {processor.py:183} INFO - Processing /home/leoja/airflow/airflow_venv/lib/python3.12/site-packages/airflow/example_dags/example_bash_operator.py took 0.079 seconds
[2025-07-27T19:51:27.276+0200] {processor.py:161} INFO - Started process (PID=6386) to work on /home/leoja/airflow/airflow_venv/lib/python3.12/site-packages/airflow/example_dags/example_bash_operator.py
[2025-07-27T19:51:27.277+0200] {processor.py:830} INFO - Processing file /home/leoja/airflow/airflow_venv/lib/python3.12/site-packages/airflow/example_dags/example_bash_operator.py for tasks to queue
[2025-07-27T19:51:27.279+0200] {logging_mixin.py:188} INFO - [2025-07-27T19:51:27.278+0200] {dagbag.py:540} INFO - Filling up the DagBag from /home/leoja/airflow/airflow_venv/lib/python3.12/site-packages/airflow/example_dags/example_bash_operator.py
[2025-07-27T19:51:27.288+0200] {processor.py:840} INFO - DAG(s) 'example_bash_operator' retrieved from /home/leoja/airflow/airflow_venv/lib/python3.12/site-packages/airflow/example_dags/example_bash_operator.py
[2025-07-27T19:51:27.307+0200] {logging_mixin.py:188} INFO - [2025-07-27T19:51:27.307+0200] {dag.py:3096} INFO - Sync 1 DAGs
[2025-07-27T19:51:27.327+0200] {logging_mixin.py:188} INFO - [2025-07-27T19:51:27.327+0200] {dag.py:3954} INFO - Setting next_dagrun for example_bash_operator to 2025-07-26 00:00:00+00:00, run_after=2025-07-27 00:00:00+00:00
[2025-07-27T19:51:27.351+0200] {processor.py:183} INFO - Processing /home/leoja/airflow/airflow_venv/lib/python3.12/site-packages/airflow/example_dags/example_bash_operator.py took 0.081 seconds
[2025-07-27T19:52:40.057+0200] {processor.py:161} INFO - Started process (PID=6820) to work on /home/leoja/airflow/airflow_venv/lib/python3.12/site-packages/airflow/example_dags/example_bash_operator.py
[2025-07-27T19:52:40.060+0200] {processor.py:830} INFO - Processing file /home/leoja/airflow/airflow_venv/lib/python3.12/site-packages/airflow/example_dags/example_bash_operator.py for tasks to queue
[2025-07-27T19:52:40.062+0200] {logging_mixin.py:188} INFO - [2025-07-27T19:52:40.062+0200] {dagbag.py:540} INFO - Filling up the DagBag from /home/leoja/airflow/airflow_venv/lib/python3.12/site-packages/airflow/example_dags/example_bash_operator.py
[2025-07-27T19:52:40.076+0200] {processor.py:840} INFO - DAG(s) 'example_bash_operator' retrieved from /home/leoja/airflow/airflow_venv/lib/python3.12/site-packages/airflow/example_dags/example_bash_operator.py
[2025-07-27T19:52:40.095+0200] {logging_mixin.py:188} INFO - [2025-07-27T19:52:40.094+0200] {dag.py:3096} INFO - Sync 1 DAGs
[2025-07-27T19:52:40.113+0200] {logging_mixin.py:188} INFO - [2025-07-27T19:52:40.113+0200] {dag.py:3954} INFO - Setting next_dagrun for example_bash_operator to 2025-07-26 00:00:00+00:00, run_after=2025-07-27 00:00:00+00:00
[2025-07-27T19:52:40.137+0200] {processor.py:183} INFO - Processing /home/leoja/airflow/airflow_venv/lib/python3.12/site-packages/airflow/example_dags/example_bash_operator.py took 0.084 seconds
[2025-07-27T19:53:49.175+0200] {processor.py:161} INFO - Started process (PID=7207) to work on /home/leoja/airflow/airflow_venv/lib/python3.12/site-packages/airflow/example_dags/example_bash_operator.py
[2025-07-27T19:53:49.177+0200] {processor.py:830} INFO - Processing file /home/leoja/airflow/airflow_venv/lib/python3.12/site-packages/airflow/example_dags/example_bash_operator.py for tasks to queue
[2025-07-27T19:53:49.178+0200] {logging_mixin.py:188} INFO - [2025-07-27T19:53:49.178+0200] {dagbag.py:540} INFO - Filling up the DagBag from /home/leoja/airflow/airflow_venv/lib/python3.12/site-packages/airflow/example_dags/example_bash_operator.py
[2025-07-27T19:53:49.192+0200] {processor.py:840} INFO - DAG(s) 'example_bash_operator' retrieved from /home/leoja/airflow/airflow_venv/lib/python3.12/site-packages/airflow/example_dags/example_bash_operator.py
[2025-07-27T19:53:49.215+0200] {logging_mixin.py:188} INFO - [2025-07-27T19:53:49.215+0200] {dag.py:3096} INFO - Sync 1 DAGs
[2025-07-27T19:53:49.239+0200] {logging_mixin.py:188} INFO - [2025-07-27T19:53:49.238+0200] {dag.py:3954} INFO - Setting next_dagrun for example_bash_operator to 2025-07-26 00:00:00+00:00, run_after=2025-07-27 00:00:00+00:00
[2025-07-27T19:53:49.261+0200] {processor.py:183} INFO - Processing /home/leoja/airflow/airflow_venv/lib/python3.12/site-packages/airflow/example_dags/example_bash_operator.py took 0.094 seconds
[2025-07-27T19:55:00.028+0200] {processor.py:161} INFO - Started process (PID=7599) to work on /home/leoja/airflow/airflow_venv/lib/python3.12/site-packages/airflow/example_dags/example_bash_operator.py
[2025-07-27T19:55:00.029+0200] {processor.py:830} INFO - Processing file /home/leoja/airflow/airflow_venv/lib/python3.12/site-packages/airflow/example_dags/example_bash_operator.py for tasks to queue
[2025-07-27T19:55:00.031+0200] {logging_mixin.py:188} INFO - [2025-07-27T19:55:00.031+0200] {dagbag.py:540} INFO - Filling up the DagBag from /home/leoja/airflow/airflow_venv/lib/python3.12/site-packages/airflow/example_dags/example_bash_operator.py
[2025-07-27T19:55:00.041+0200] {processor.py:840} INFO - DAG(s) 'example_bash_operator' retrieved from /home/leoja/airflow/airflow_venv/lib/python3.12/site-packages/airflow/example_dags/example_bash_operator.py
[2025-07-27T19:55:00.059+0200] {logging_mixin.py:188} INFO - [2025-07-27T19:55:00.059+0200] {dag.py:3096} INFO - Sync 1 DAGs
[2025-07-27T19:55:00.080+0200] {logging_mixin.py:188} INFO - [2025-07-27T19:55:00.079+0200] {dag.py:3954} INFO - Setting next_dagrun for example_bash_operator to 2025-07-26 00:00:00+00:00, run_after=2025-07-27 00:00:00+00:00
[2025-07-27T19:55:00.102+0200] {processor.py:183} INFO - Processing /home/leoja/airflow/airflow_venv/lib/python3.12/site-packages/airflow/example_dags/example_bash_operator.py took 0.080 seconds
[2025-07-27T19:56:14.209+0200] {processor.py:161} INFO - Started process (PID=8033) to work on /home/leoja/airflow/airflow_venv/lib/python3.12/site-packages/airflow/example_dags/example_bash_operator.py
[2025-07-27T19:56:14.210+0200] {processor.py:830} INFO - Processing file /home/leoja/airflow/airflow_venv/lib/python3.12/site-packages/airflow/example_dags/example_bash_operator.py for tasks to queue
[2025-07-27T19:56:14.212+0200] {logging_mixin.py:188} INFO - [2025-07-27T19:56:14.212+0200] {dagbag.py:540} INFO - Filling up the DagBag from /home/leoja/airflow/airflow_venv/lib/python3.12/site-packages/airflow/example_dags/example_bash_operator.py
[2025-07-27T19:56:14.221+0200] {processor.py:840} INFO - DAG(s) 'example_bash_operator' retrieved from /home/leoja/airflow/airflow_venv/lib/python3.12/site-packages/airflow/example_dags/example_bash_operator.py
[2025-07-27T19:56:14.235+0200] {logging_mixin.py:188} INFO - [2025-07-27T19:56:14.235+0200] {dag.py:3096} INFO - Sync 1 DAGs
[2025-07-27T19:56:14.251+0200] {logging_mixin.py:188} INFO - [2025-07-27T19:56:14.251+0200] {dag.py:3954} INFO - Setting next_dagrun for example_bash_operator to 2025-07-26 00:00:00+00:00, run_after=2025-07-27 00:00:00+00:00
[2025-07-27T19:56:14.269+0200] {processor.py:183} INFO - Processing /home/leoja/airflow/airflow_venv/lib/python3.12/site-packages/airflow/example_dags/example_bash_operator.py took 0.065 seconds
[2025-07-27T19:57:33.262+0200] {processor.py:161} INFO - Started process (PID=8447) to work on /home/leoja/airflow/airflow_venv/lib/python3.12/site-packages/airflow/example_dags/example_bash_operator.py
[2025-07-27T19:57:33.264+0200] {processor.py:830} INFO - Processing file /home/leoja/airflow/airflow_venv/lib/python3.12/site-packages/airflow/example_dags/example_bash_operator.py for tasks to queue
[2025-07-27T19:57:33.265+0200] {logging_mixin.py:188} INFO - [2025-07-27T19:57:33.265+0200] {dagbag.py:540} INFO - Filling up the DagBag from /home/leoja/airflow/airflow_venv/lib/python3.12/site-packages/airflow/example_dags/example_bash_operator.py
[2025-07-27T19:57:33.282+0200] {processor.py:840} INFO - DAG(s) 'example_bash_operator' retrieved from /home/leoja/airflow/airflow_venv/lib/python3.12/site-packages/airflow/example_dags/example_bash_operator.py
[2025-07-27T19:57:33.297+0200] {logging_mixin.py:188} INFO - [2025-07-27T19:57:33.297+0200] {dag.py:3096} INFO - Sync 1 DAGs
[2025-07-27T19:57:33.311+0200] {logging_mixin.py:188} INFO - [2025-07-27T19:57:33.311+0200] {dag.py:3954} INFO - Setting next_dagrun for example_bash_operator to 2025-07-26 00:00:00+00:00, run_after=2025-07-27 00:00:00+00:00
[2025-07-27T19:57:33.331+0200] {processor.py:183} INFO - Processing /home/leoja/airflow/airflow_venv/lib/python3.12/site-packages/airflow/example_dags/example_bash_operator.py took 0.073 seconds
[2025-07-27T19:58:47.349+0200] {processor.py:161} INFO - Started process (PID=8851) to work on /home/leoja/airflow/airflow_venv/lib/python3.12/site-packages/airflow/example_dags/example_bash_operator.py
[2025-07-27T19:58:47.350+0200] {processor.py:830} INFO - Processing file /home/leoja/airflow/airflow_venv/lib/python3.12/site-packages/airflow/example_dags/example_bash_operator.py for tasks to queue
[2025-07-27T19:58:47.352+0200] {logging_mixin.py:188} INFO - [2025-07-27T19:58:47.352+0200] {dagbag.py:540} INFO - Filling up the DagBag from /home/leoja/airflow/airflow_venv/lib/python3.12/site-packages/airflow/example_dags/example_bash_operator.py
[2025-07-27T19:58:47.360+0200] {processor.py:840} INFO - DAG(s) 'example_bash_operator' retrieved from /home/leoja/airflow/airflow_venv/lib/python3.12/site-packages/airflow/example_dags/example_bash_operator.py
[2025-07-27T19:58:47.380+0200] {logging_mixin.py:188} INFO - [2025-07-27T19:58:47.380+0200] {dag.py:3096} INFO - Sync 1 DAGs
[2025-07-27T19:58:47.394+0200] {logging_mixin.py:188} INFO - [2025-07-27T19:58:47.393+0200] {dag.py:3954} INFO - Setting next_dagrun for example_bash_operator to 2025-07-26 00:00:00+00:00, run_after=2025-07-27 00:00:00+00:00
[2025-07-27T19:58:47.409+0200] {processor.py:183} INFO - Processing /home/leoja/airflow/airflow_venv/lib/python3.12/site-packages/airflow/example_dags/example_bash_operator.py took 0.064 seconds
[2025-07-27T20:00:04.051+0200] {processor.py:161} INFO - Started process (PID=9296) to work on /home/leoja/airflow/airflow_venv/lib/python3.12/site-packages/airflow/example_dags/example_bash_operator.py
[2025-07-27T20:00:04.052+0200] {processor.py:830} INFO - Processing file /home/leoja/airflow/airflow_venv/lib/python3.12/site-packages/airflow/example_dags/example_bash_operator.py for tasks to queue
[2025-07-27T20:00:04.053+0200] {logging_mixin.py:188} INFO - [2025-07-27T20:00:04.053+0200] {dagbag.py:540} INFO - Filling up the DagBag from /home/leoja/airflow/airflow_venv/lib/python3.12/site-packages/airflow/example_dags/example_bash_operator.py
[2025-07-27T20:00:04.063+0200] {processor.py:840} INFO - DAG(s) 'example_bash_operator' retrieved from /home/leoja/airflow/airflow_venv/lib/python3.12/site-packages/airflow/example_dags/example_bash_operator.py
[2025-07-27T20:00:04.079+0200] {logging_mixin.py:188} INFO - [2025-07-27T20:00:04.079+0200] {dag.py:3096} INFO - Sync 1 DAGs
[2025-07-27T20:00:04.095+0200] {logging_mixin.py:188} INFO - [2025-07-27T20:00:04.094+0200] {dag.py:3954} INFO - Setting next_dagrun for example_bash_operator to 2025-07-26 00:00:00+00:00, run_after=2025-07-27 00:00:00+00:00
[2025-07-27T20:00:04.122+0200] {processor.py:183} INFO - Processing /home/leoja/airflow/airflow_venv/lib/python3.12/site-packages/airflow/example_dags/example_bash_operator.py took 0.076 seconds
[2025-07-27T20:00:59.629+0200] {processor.py:161} INFO - Started process (PID=9606) to work on /home/leoja/airflow/airflow_venv/lib/python3.12/site-packages/airflow/example_dags/example_bash_operator.py
[2025-07-27T20:00:59.631+0200] {processor.py:830} INFO - Processing file /home/leoja/airflow/airflow_venv/lib/python3.12/site-packages/airflow/example_dags/example_bash_operator.py for tasks to queue
[2025-07-27T20:00:59.641+0200] {logging_mixin.py:188} INFO - [2025-07-27T20:00:59.640+0200] {dagbag.py:540} INFO - Filling up the DagBag from /home/leoja/airflow/airflow_venv/lib/python3.12/site-packages/airflow/example_dags/example_bash_operator.py
[2025-07-27T20:00:59.657+0200] {processor.py:840} INFO - DAG(s) 'example_bash_operator' retrieved from /home/leoja/airflow/airflow_venv/lib/python3.12/site-packages/airflow/example_dags/example_bash_operator.py
[2025-07-27T20:00:59.702+0200] {logging_mixin.py:188} INFO - [2025-07-27T20:00:59.702+0200] {dag.py:3096} INFO - Sync 1 DAGs
[2025-07-27T20:00:59.722+0200] {logging_mixin.py:188} INFO - [2025-07-27T20:00:59.722+0200] {dag.py:3954} INFO - Setting next_dagrun for example_bash_operator to 2025-07-26 00:00:00+00:00, run_after=2025-07-27 00:00:00+00:00
[2025-07-27T20:00:59.748+0200] {processor.py:183} INFO - Processing /home/leoja/airflow/airflow_venv/lib/python3.12/site-packages/airflow/example_dags/example_bash_operator.py took 0.135 seconds
[2025-07-27T20:02:20.910+0200] {processor.py:161} INFO - Started process (PID=10035) to work on /home/leoja/airflow/airflow_venv/lib/python3.12/site-packages/airflow/example_dags/example_bash_operator.py
[2025-07-27T20:02:20.913+0200] {processor.py:830} INFO - Processing file /home/leoja/airflow/airflow_venv/lib/python3.12/site-packages/airflow/example_dags/example_bash_operator.py for tasks to queue
[2025-07-27T20:02:20.917+0200] {logging_mixin.py:188} INFO - [2025-07-27T20:02:20.916+0200] {dagbag.py:540} INFO - Filling up the DagBag from /home/leoja/airflow/airflow_venv/lib/python3.12/site-packages/airflow/example_dags/example_bash_operator.py
[2025-07-27T20:02:20.933+0200] {processor.py:840} INFO - DAG(s) 'example_bash_operator' retrieved from /home/leoja/airflow/airflow_venv/lib/python3.12/site-packages/airflow/example_dags/example_bash_operator.py
[2025-07-27T20:02:20.957+0200] {logging_mixin.py:188} INFO - [2025-07-27T20:02:20.957+0200] {dag.py:3096} INFO - Sync 1 DAGs
[2025-07-27T20:02:20.980+0200] {logging_mixin.py:188} INFO - [2025-07-27T20:02:20.980+0200] {dag.py:3954} INFO - Setting next_dagrun for example_bash_operator to 2025-07-26 00:00:00+00:00, run_after=2025-07-27 00:00:00+00:00
[2025-07-27T20:02:21.007+0200] {processor.py:183} INFO - Processing /home/leoja/airflow/airflow_venv/lib/python3.12/site-packages/airflow/example_dags/example_bash_operator.py took 0.111 seconds
[2025-07-27T20:03:21.501+0200] {processor.py:161} INFO - Started process (PID=10367) to work on /home/leoja/airflow/airflow_venv/lib/python3.12/site-packages/airflow/example_dags/example_bash_operator.py
[2025-07-27T20:03:21.503+0200] {processor.py:830} INFO - Processing file /home/leoja/airflow/airflow_venv/lib/python3.12/site-packages/airflow/example_dags/example_bash_operator.py for tasks to queue
[2025-07-27T20:03:21.504+0200] {logging_mixin.py:188} INFO - [2025-07-27T20:03:21.504+0200] {dagbag.py:540} INFO - Filling up the DagBag from /home/leoja/airflow/airflow_venv/lib/python3.12/site-packages/airflow/example_dags/example_bash_operator.py
[2025-07-27T20:03:21.632+0200] {processor.py:840} INFO - DAG(s) 'example_bash_operator' retrieved from /home/leoja/airflow/airflow_venv/lib/python3.12/site-packages/airflow/example_dags/example_bash_operator.py
[2025-07-27T20:03:21.660+0200] {logging_mixin.py:188} INFO - [2025-07-27T20:03:21.660+0200] {dag.py:3096} INFO - Sync 1 DAGs
[2025-07-27T20:03:21.685+0200] {logging_mixin.py:188} INFO - [2025-07-27T20:03:21.684+0200] {dag.py:3954} INFO - Setting next_dagrun for example_bash_operator to 2025-07-26 00:00:00+00:00, run_after=2025-07-27 00:00:00+00:00
[2025-07-27T20:03:21.724+0200] {processor.py:183} INFO - Processing /home/leoja/airflow/airflow_venv/lib/python3.12/site-packages/airflow/example_dags/example_bash_operator.py took 0.229 seconds
[2025-07-27T20:04:23.315+0200] {processor.py:161} INFO - Started process (PID=10687) to work on /home/leoja/airflow/airflow_venv/lib/python3.12/site-packages/airflow/example_dags/example_bash_operator.py
[2025-07-27T20:04:23.319+0200] {processor.py:830} INFO - Processing file /home/leoja/airflow/airflow_venv/lib/python3.12/site-packages/airflow/example_dags/example_bash_operator.py for tasks to queue
[2025-07-27T20:04:23.321+0200] {logging_mixin.py:188} INFO - [2025-07-27T20:04:23.321+0200] {dagbag.py:540} INFO - Filling up the DagBag from /home/leoja/airflow/airflow_venv/lib/python3.12/site-packages/airflow/example_dags/example_bash_operator.py
[2025-07-27T20:04:23.342+0200] {processor.py:840} INFO - DAG(s) 'example_bash_operator' retrieved from /home/leoja/airflow/airflow_venv/lib/python3.12/site-packages/airflow/example_dags/example_bash_operator.py
[2025-07-27T20:04:23.369+0200] {logging_mixin.py:188} INFO - [2025-07-27T20:04:23.369+0200] {dag.py:3096} INFO - Sync 1 DAGs
[2025-07-27T20:04:23.391+0200] {logging_mixin.py:188} INFO - [2025-07-27T20:04:23.391+0200] {dag.py:3954} INFO - Setting next_dagrun for example_bash_operator to 2025-07-26 00:00:00+00:00, run_after=2025-07-27 00:00:00+00:00
[2025-07-27T20:04:23.421+0200] {processor.py:183} INFO - Processing /home/leoja/airflow/airflow_venv/lib/python3.12/site-packages/airflow/example_dags/example_bash_operator.py took 0.121 seconds
[2025-07-27T20:05:16.538+0200] {processor.py:161} INFO - Started process (PID=11017) to work on /home/leoja/airflow/airflow_venv/lib/python3.12/site-packages/airflow/example_dags/example_bash_operator.py
[2025-07-27T20:05:16.541+0200] {processor.py:830} INFO - Processing file /home/leoja/airflow/airflow_venv/lib/python3.12/site-packages/airflow/example_dags/example_bash_operator.py for tasks to queue
[2025-07-27T20:05:16.543+0200] {logging_mixin.py:188} INFO - [2025-07-27T20:05:16.543+0200] {dagbag.py:540} INFO - Filling up the DagBag from /home/leoja/airflow/airflow_venv/lib/python3.12/site-packages/airflow/example_dags/example_bash_operator.py
[2025-07-27T20:05:16.561+0200] {processor.py:840} INFO - DAG(s) 'example_bash_operator' retrieved from /home/leoja/airflow/airflow_venv/lib/python3.12/site-packages/airflow/example_dags/example_bash_operator.py
[2025-07-27T20:05:16.585+0200] {logging_mixin.py:188} INFO - [2025-07-27T20:05:16.585+0200] {dag.py:3096} INFO - Sync 1 DAGs
[2025-07-27T20:05:16.605+0200] {logging_mixin.py:188} INFO - [2025-07-27T20:05:16.604+0200] {dag.py:3954} INFO - Setting next_dagrun for example_bash_operator to 2025-07-26 00:00:00+00:00, run_after=2025-07-27 00:00:00+00:00
[2025-07-27T20:05:16.627+0200] {processor.py:183} INFO - Processing /home/leoja/airflow/airflow_venv/lib/python3.12/site-packages/airflow/example_dags/example_bash_operator.py took 0.104 seconds
[2025-07-27T20:06:35.246+0200] {processor.py:161} INFO - Started process (PID=11430) to work on /home/leoja/airflow/airflow_venv/lib/python3.12/site-packages/airflow/example_dags/example_bash_operator.py
[2025-07-27T20:06:35.250+0200] {processor.py:830} INFO - Processing file /home/leoja/airflow/airflow_venv/lib/python3.12/site-packages/airflow/example_dags/example_bash_operator.py for tasks to queue
[2025-07-27T20:06:35.255+0200] {logging_mixin.py:188} INFO - [2025-07-27T20:06:35.254+0200] {dagbag.py:540} INFO - Filling up the DagBag from /home/leoja/airflow/airflow_venv/lib/python3.12/site-packages/airflow/example_dags/example_bash_operator.py
[2025-07-27T20:06:35.282+0200] {processor.py:840} INFO - DAG(s) 'example_bash_operator' retrieved from /home/leoja/airflow/airflow_venv/lib/python3.12/site-packages/airflow/example_dags/example_bash_operator.py
[2025-07-27T20:06:35.310+0200] {logging_mixin.py:188} INFO - [2025-07-27T20:06:35.310+0200] {dag.py:3096} INFO - Sync 1 DAGs
[2025-07-27T20:06:35.329+0200] {logging_mixin.py:188} INFO - [2025-07-27T20:06:35.329+0200] {dag.py:3954} INFO - Setting next_dagrun for example_bash_operator to 2025-07-26 00:00:00+00:00, run_after=2025-07-27 00:00:00+00:00
[2025-07-27T20:06:35.351+0200] {processor.py:183} INFO - Processing /home/leoja/airflow/airflow_venv/lib/python3.12/site-packages/airflow/example_dags/example_bash_operator.py took 0.121 seconds
[2025-07-27T20:07:30.505+0200] {processor.py:161} INFO - Started process (PID=11738) to work on /home/leoja/airflow/airflow_venv/lib/python3.12/site-packages/airflow/example_dags/example_bash_operator.py
[2025-07-27T20:07:30.506+0200] {processor.py:830} INFO - Processing file /home/leoja/airflow/airflow_venv/lib/python3.12/site-packages/airflow/example_dags/example_bash_operator.py for tasks to queue
[2025-07-27T20:07:30.508+0200] {logging_mixin.py:188} INFO - [2025-07-27T20:07:30.508+0200] {dagbag.py:540} INFO - Filling up the DagBag from /home/leoja/airflow/airflow_venv/lib/python3.12/site-packages/airflow/example_dags/example_bash_operator.py
[2025-07-27T20:07:30.524+0200] {processor.py:840} INFO - DAG(s) 'example_bash_operator' retrieved from /home/leoja/airflow/airflow_venv/lib/python3.12/site-packages/airflow/example_dags/example_bash_operator.py
[2025-07-27T20:07:30.554+0200] {logging_mixin.py:188} INFO - [2025-07-27T20:07:30.554+0200] {dag.py:3096} INFO - Sync 1 DAGs
[2025-07-27T20:07:30.578+0200] {logging_mixin.py:188} INFO - [2025-07-27T20:07:30.577+0200] {dag.py:3954} INFO - Setting next_dagrun for example_bash_operator to 2025-07-26 00:00:00+00:00, run_after=2025-07-27 00:00:00+00:00
[2025-07-27T20:07:30.604+0200] {processor.py:183} INFO - Processing /home/leoja/airflow/airflow_venv/lib/python3.12/site-packages/airflow/example_dags/example_bash_operator.py took 0.108 seconds
[2025-07-27T20:08:52.363+0200] {processor.py:161} INFO - Started process (PID=12223) to work on /home/leoja/airflow/airflow_venv/lib/python3.12/site-packages/airflow/example_dags/example_bash_operator.py
[2025-07-27T20:08:52.365+0200] {processor.py:830} INFO - Processing file /home/leoja/airflow/airflow_venv/lib/python3.12/site-packages/airflow/example_dags/example_bash_operator.py for tasks to queue
[2025-07-27T20:08:52.367+0200] {logging_mixin.py:188} INFO - [2025-07-27T20:08:52.367+0200] {dagbag.py:540} INFO - Filling up the DagBag from /home/leoja/airflow/airflow_venv/lib/python3.12/site-packages/airflow/example_dags/example_bash_operator.py
[2025-07-27T20:08:52.380+0200] {processor.py:840} INFO - DAG(s) 'example_bash_operator' retrieved from /home/leoja/airflow/airflow_venv/lib/python3.12/site-packages/airflow/example_dags/example_bash_operator.py
[2025-07-27T20:08:52.404+0200] {logging_mixin.py:188} INFO - [2025-07-27T20:08:52.403+0200] {dag.py:3096} INFO - Sync 1 DAGs
[2025-07-27T20:08:52.423+0200] {logging_mixin.py:188} INFO - [2025-07-27T20:08:52.423+0200] {dag.py:3954} INFO - Setting next_dagrun for example_bash_operator to 2025-07-26 00:00:00+00:00, run_after=2025-07-27 00:00:00+00:00
[2025-07-27T20:08:52.447+0200] {processor.py:183} INFO - Processing /home/leoja/airflow/airflow_venv/lib/python3.12/site-packages/airflow/example_dags/example_bash_operator.py took 0.090 seconds
[2025-07-27T20:09:49.137+0200] {processor.py:161} INFO - Started process (PID=12557) to work on /home/leoja/airflow/airflow_venv/lib/python3.12/site-packages/airflow/example_dags/example_bash_operator.py
[2025-07-27T20:09:49.141+0200] {processor.py:830} INFO - Processing file /home/leoja/airflow/airflow_venv/lib/python3.12/site-packages/airflow/example_dags/example_bash_operator.py for tasks to queue
[2025-07-27T20:09:49.145+0200] {logging_mixin.py:188} INFO - [2025-07-27T20:09:49.144+0200] {dagbag.py:540} INFO - Filling up the DagBag from /home/leoja/airflow/airflow_venv/lib/python3.12/site-packages/airflow/example_dags/example_bash_operator.py
[2025-07-27T20:09:49.168+0200] {processor.py:840} INFO - DAG(s) 'example_bash_operator' retrieved from /home/leoja/airflow/airflow_venv/lib/python3.12/site-packages/airflow/example_dags/example_bash_operator.py
[2025-07-27T20:09:49.207+0200] {logging_mixin.py:188} INFO - [2025-07-27T20:09:49.207+0200] {dag.py:3096} INFO - Sync 1 DAGs
[2025-07-27T20:09:49.230+0200] {logging_mixin.py:188} INFO - [2025-07-27T20:09:49.230+0200] {dag.py:3954} INFO - Setting next_dagrun for example_bash_operator to 2025-07-26 00:00:00+00:00, run_after=2025-07-27 00:00:00+00:00
[2025-07-27T20:09:49.268+0200] {processor.py:183} INFO - Processing /home/leoja/airflow/airflow_venv/lib/python3.12/site-packages/airflow/example_dags/example_bash_operator.py took 0.145 seconds
[2025-07-27T20:10:46.331+0200] {processor.py:161} INFO - Started process (PID=12834) to work on /home/leoja/airflow/airflow_venv/lib/python3.12/site-packages/airflow/example_dags/example_bash_operator.py
[2025-07-27T20:10:46.333+0200] {processor.py:830} INFO - Processing file /home/leoja/airflow/airflow_venv/lib/python3.12/site-packages/airflow/example_dags/example_bash_operator.py for tasks to queue
[2025-07-27T20:10:46.336+0200] {logging_mixin.py:188} INFO - [2025-07-27T20:10:46.336+0200] {dagbag.py:540} INFO - Filling up the DagBag from /home/leoja/airflow/airflow_venv/lib/python3.12/site-packages/airflow/example_dags/example_bash_operator.py
[2025-07-27T20:10:46.354+0200] {processor.py:840} INFO - DAG(s) 'example_bash_operator' retrieved from /home/leoja/airflow/airflow_venv/lib/python3.12/site-packages/airflow/example_dags/example_bash_operator.py
[2025-07-27T20:10:46.383+0200] {logging_mixin.py:188} INFO - [2025-07-27T20:10:46.382+0200] {dag.py:3096} INFO - Sync 1 DAGs
[2025-07-27T20:10:46.406+0200] {logging_mixin.py:188} INFO - [2025-07-27T20:10:46.405+0200] {dag.py:3954} INFO - Setting next_dagrun for example_bash_operator to 2025-07-26 00:00:00+00:00, run_after=2025-07-27 00:00:00+00:00
[2025-07-27T20:10:46.432+0200] {processor.py:183} INFO - Processing /home/leoja/airflow/airflow_venv/lib/python3.12/site-packages/airflow/example_dags/example_bash_operator.py took 0.112 seconds
[2025-07-27T20:11:43.525+0200] {processor.py:161} INFO - Started process (PID=13167) to work on /home/leoja/airflow/airflow_venv/lib/python3.12/site-packages/airflow/example_dags/example_bash_operator.py
[2025-07-27T20:11:43.528+0200] {processor.py:830} INFO - Processing file /home/leoja/airflow/airflow_venv/lib/python3.12/site-packages/airflow/example_dags/example_bash_operator.py for tasks to queue
[2025-07-27T20:11:43.530+0200] {logging_mixin.py:188} INFO - [2025-07-27T20:11:43.530+0200] {dagbag.py:540} INFO - Filling up the DagBag from /home/leoja/airflow/airflow_venv/lib/python3.12/site-packages/airflow/example_dags/example_bash_operator.py
[2025-07-27T20:11:43.547+0200] {processor.py:840} INFO - DAG(s) 'example_bash_operator' retrieved from /home/leoja/airflow/airflow_venv/lib/python3.12/site-packages/airflow/example_dags/example_bash_operator.py
[2025-07-27T20:11:43.575+0200] {logging_mixin.py:188} INFO - [2025-07-27T20:11:43.575+0200] {dag.py:3096} INFO - Sync 1 DAGs
[2025-07-27T20:11:43.598+0200] {logging_mixin.py:188} INFO - [2025-07-27T20:11:43.598+0200] {dag.py:3954} INFO - Setting next_dagrun for example_bash_operator to 2025-07-26 00:00:00+00:00, run_after=2025-07-27 00:00:00+00:00
[2025-07-27T20:11:43.624+0200] {processor.py:183} INFO - Processing /home/leoja/airflow/airflow_venv/lib/python3.12/site-packages/airflow/example_dags/example_bash_operator.py took 0.111 seconds
[2025-07-27T20:12:36.695+0200] {processor.py:161} INFO - Started process (PID=13472) to work on /home/leoja/airflow/airflow_venv/lib/python3.12/site-packages/airflow/example_dags/example_bash_operator.py
[2025-07-27T20:12:36.697+0200] {processor.py:830} INFO - Processing file /home/leoja/airflow/airflow_venv/lib/python3.12/site-packages/airflow/example_dags/example_bash_operator.py for tasks to queue
[2025-07-27T20:12:36.701+0200] {logging_mixin.py:188} INFO - [2025-07-27T20:12:36.700+0200] {dagbag.py:540} INFO - Filling up the DagBag from /home/leoja/airflow/airflow_venv/lib/python3.12/site-packages/airflow/example_dags/example_bash_operator.py
[2025-07-27T20:12:36.716+0200] {processor.py:840} INFO - DAG(s) 'example_bash_operator' retrieved from /home/leoja/airflow/airflow_venv/lib/python3.12/site-packages/airflow/example_dags/example_bash_operator.py
[2025-07-27T20:12:36.739+0200] {logging_mixin.py:188} INFO - [2025-07-27T20:12:36.739+0200] {dag.py:3096} INFO - Sync 1 DAGs
[2025-07-27T20:12:36.765+0200] {logging_mixin.py:188} INFO - [2025-07-27T20:12:36.765+0200] {dag.py:3954} INFO - Setting next_dagrun for example_bash_operator to 2025-07-26 00:00:00+00:00, run_after=2025-07-27 00:00:00+00:00
[2025-07-27T20:12:36.794+0200] {processor.py:183} INFO - Processing /home/leoja/airflow/airflow_venv/lib/python3.12/site-packages/airflow/example_dags/example_bash_operator.py took 0.113 seconds
[2025-07-27T20:13:33.009+0200] {processor.py:161} INFO - Started process (PID=13751) to work on /home/leoja/airflow/airflow_venv/lib/python3.12/site-packages/airflow/example_dags/example_bash_operator.py
[2025-07-27T20:13:33.011+0200] {processor.py:830} INFO - Processing file /home/leoja/airflow/airflow_venv/lib/python3.12/site-packages/airflow/example_dags/example_bash_operator.py for tasks to queue
[2025-07-27T20:13:33.014+0200] {logging_mixin.py:188} INFO - [2025-07-27T20:13:33.013+0200] {dagbag.py:540} INFO - Filling up the DagBag from /home/leoja/airflow/airflow_venv/lib/python3.12/site-packages/airflow/example_dags/example_bash_operator.py
[2025-07-27T20:13:33.027+0200] {processor.py:840} INFO - DAG(s) 'example_bash_operator' retrieved from /home/leoja/airflow/airflow_venv/lib/python3.12/site-packages/airflow/example_dags/example_bash_operator.py
[2025-07-27T20:13:33.048+0200] {logging_mixin.py:188} INFO - [2025-07-27T20:13:33.048+0200] {dag.py:3096} INFO - Sync 1 DAGs
[2025-07-27T20:13:33.072+0200] {logging_mixin.py:188} INFO - [2025-07-27T20:13:33.072+0200] {dag.py:3954} INFO - Setting next_dagrun for example_bash_operator to 2025-07-26 00:00:00+00:00, run_after=2025-07-27 00:00:00+00:00
[2025-07-27T20:13:33.094+0200] {processor.py:183} INFO - Processing /home/leoja/airflow/airflow_venv/lib/python3.12/site-packages/airflow/example_dags/example_bash_operator.py took 0.093 seconds
[2025-07-27T20:14:33.645+0200] {processor.py:161} INFO - Started process (PID=14082) to work on /home/leoja/airflow/airflow_venv/lib/python3.12/site-packages/airflow/example_dags/example_bash_operator.py
[2025-07-27T20:14:33.647+0200] {processor.py:830} INFO - Processing file /home/leoja/airflow/airflow_venv/lib/python3.12/site-packages/airflow/example_dags/example_bash_operator.py for tasks to queue
[2025-07-27T20:14:33.650+0200] {logging_mixin.py:188} INFO - [2025-07-27T20:14:33.649+0200] {dagbag.py:540} INFO - Filling up the DagBag from /home/leoja/airflow/airflow_venv/lib/python3.12/site-packages/airflow/example_dags/example_bash_operator.py
[2025-07-27T20:14:33.666+0200] {processor.py:840} INFO - DAG(s) 'example_bash_operator' retrieved from /home/leoja/airflow/airflow_venv/lib/python3.12/site-packages/airflow/example_dags/example_bash_operator.py
[2025-07-27T20:14:33.691+0200] {logging_mixin.py:188} INFO - [2025-07-27T20:14:33.690+0200] {dag.py:3096} INFO - Sync 1 DAGs
[2025-07-27T20:14:33.711+0200] {logging_mixin.py:188} INFO - [2025-07-27T20:14:33.711+0200] {dag.py:3954} INFO - Setting next_dagrun for example_bash_operator to 2025-07-26 00:00:00+00:00, run_after=2025-07-27 00:00:00+00:00
[2025-07-27T20:14:33.741+0200] {processor.py:183} INFO - Processing /home/leoja/airflow/airflow_venv/lib/python3.12/site-packages/airflow/example_dags/example_bash_operator.py took 0.106 seconds
[2025-07-27T20:15:31.819+0200] {processor.py:161} INFO - Started process (PID=14395) to work on /home/leoja/airflow/airflow_venv/lib/python3.12/site-packages/airflow/example_dags/example_bash_operator.py
[2025-07-27T20:15:31.823+0200] {processor.py:830} INFO - Processing file /home/leoja/airflow/airflow_venv/lib/python3.12/site-packages/airflow/example_dags/example_bash_operator.py for tasks to queue
[2025-07-27T20:15:31.826+0200] {logging_mixin.py:188} INFO - [2025-07-27T20:15:31.825+0200] {dagbag.py:540} INFO - Filling up the DagBag from /home/leoja/airflow/airflow_venv/lib/python3.12/site-packages/airflow/example_dags/example_bash_operator.py
[2025-07-27T20:15:31.845+0200] {processor.py:840} INFO - DAG(s) 'example_bash_operator' retrieved from /home/leoja/airflow/airflow_venv/lib/python3.12/site-packages/airflow/example_dags/example_bash_operator.py
[2025-07-27T20:15:31.867+0200] {logging_mixin.py:188} INFO - [2025-07-27T20:15:31.867+0200] {dag.py:3096} INFO - Sync 1 DAGs
[2025-07-27T20:15:31.885+0200] {logging_mixin.py:188} INFO - [2025-07-27T20:15:31.885+0200] {dag.py:3954} INFO - Setting next_dagrun for example_bash_operator to 2025-07-26 00:00:00+00:00, run_after=2025-07-27 00:00:00+00:00
[2025-07-27T20:15:31.911+0200] {processor.py:183} INFO - Processing /home/leoja/airflow/airflow_venv/lib/python3.12/site-packages/airflow/example_dags/example_bash_operator.py took 0.107 seconds
[2025-07-27T20:16:52.019+0200] {processor.py:161} INFO - Started process (PID=14873) to work on /home/leoja/airflow/airflow_venv/lib/python3.12/site-packages/airflow/example_dags/example_bash_operator.py
[2025-07-27T20:16:52.020+0200] {processor.py:830} INFO - Processing file /home/leoja/airflow/airflow_venv/lib/python3.12/site-packages/airflow/example_dags/example_bash_operator.py for tasks to queue
[2025-07-27T20:16:52.023+0200] {logging_mixin.py:188} INFO - [2025-07-27T20:16:52.023+0200] {dagbag.py:540} INFO - Filling up the DagBag from /home/leoja/airflow/airflow_venv/lib/python3.12/site-packages/airflow/example_dags/example_bash_operator.py
[2025-07-27T20:16:52.040+0200] {processor.py:840} INFO - DAG(s) 'example_bash_operator' retrieved from /home/leoja/airflow/airflow_venv/lib/python3.12/site-packages/airflow/example_dags/example_bash_operator.py
[2025-07-27T20:16:52.062+0200] {logging_mixin.py:188} INFO - [2025-07-27T20:16:52.062+0200] {dag.py:3096} INFO - Sync 1 DAGs
[2025-07-27T20:16:52.086+0200] {logging_mixin.py:188} INFO - [2025-07-27T20:16:52.086+0200] {dag.py:3954} INFO - Setting next_dagrun for example_bash_operator to 2025-07-26 00:00:00+00:00, run_after=2025-07-27 00:00:00+00:00
[2025-07-27T20:16:52.110+0200] {processor.py:183} INFO - Processing /home/leoja/airflow/airflow_venv/lib/python3.12/site-packages/airflow/example_dags/example_bash_operator.py took 0.099 seconds
[2025-07-27T20:17:48.248+0200] {processor.py:161} INFO - Started process (PID=15153) to work on /home/leoja/airflow/airflow_venv/lib/python3.12/site-packages/airflow/example_dags/example_bash_operator.py
[2025-07-27T20:17:48.250+0200] {processor.py:830} INFO - Processing file /home/leoja/airflow/airflow_venv/lib/python3.12/site-packages/airflow/example_dags/example_bash_operator.py for tasks to queue
[2025-07-27T20:17:48.252+0200] {logging_mixin.py:188} INFO - [2025-07-27T20:17:48.252+0200] {dagbag.py:540} INFO - Filling up the DagBag from /home/leoja/airflow/airflow_venv/lib/python3.12/site-packages/airflow/example_dags/example_bash_operator.py
[2025-07-27T20:17:48.266+0200] {processor.py:840} INFO - DAG(s) 'example_bash_operator' retrieved from /home/leoja/airflow/airflow_venv/lib/python3.12/site-packages/airflow/example_dags/example_bash_operator.py
[2025-07-27T20:17:48.294+0200] {logging_mixin.py:188} INFO - [2025-07-27T20:17:48.293+0200] {dag.py:3096} INFO - Sync 1 DAGs
[2025-07-27T20:17:48.317+0200] {logging_mixin.py:188} INFO - [2025-07-27T20:17:48.317+0200] {dag.py:3954} INFO - Setting next_dagrun for example_bash_operator to 2025-07-26 00:00:00+00:00, run_after=2025-07-27 00:00:00+00:00
[2025-07-27T20:17:48.343+0200] {processor.py:183} INFO - Processing /home/leoja/airflow/airflow_venv/lib/python3.12/site-packages/airflow/example_dags/example_bash_operator.py took 0.105 seconds
[2025-07-27T20:19:04.595+0200] {processor.py:161} INFO - Started process (PID=15581) to work on /home/leoja/airflow/airflow_venv/lib/python3.12/site-packages/airflow/example_dags/example_bash_operator.py
[2025-07-27T20:19:04.598+0200] {processor.py:830} INFO - Processing file /home/leoja/airflow/airflow_venv/lib/python3.12/site-packages/airflow/example_dags/example_bash_operator.py for tasks to queue
[2025-07-27T20:19:04.602+0200] {logging_mixin.py:188} INFO - [2025-07-27T20:19:04.601+0200] {dagbag.py:540} INFO - Filling up the DagBag from /home/leoja/airflow/airflow_venv/lib/python3.12/site-packages/airflow/example_dags/example_bash_operator.py
[2025-07-27T20:19:04.617+0200] {processor.py:840} INFO - DAG(s) 'example_bash_operator' retrieved from /home/leoja/airflow/airflow_venv/lib/python3.12/site-packages/airflow/example_dags/example_bash_operator.py
[2025-07-27T20:19:04.641+0200] {logging_mixin.py:188} INFO - [2025-07-27T20:19:04.640+0200] {dag.py:3096} INFO - Sync 1 DAGs
[2025-07-27T20:19:04.661+0200] {logging_mixin.py:188} INFO - [2025-07-27T20:19:04.661+0200] {dag.py:3954} INFO - Setting next_dagrun for example_bash_operator to 2025-07-26 00:00:00+00:00, run_after=2025-07-27 00:00:00+00:00
[2025-07-27T20:19:04.687+0200] {processor.py:183} INFO - Processing /home/leoja/airflow/airflow_venv/lib/python3.12/site-packages/airflow/example_dags/example_bash_operator.py took 0.107 seconds
[2025-07-27T20:20:23.709+0200] {processor.py:161} INFO - Started process (PID=16030) to work on /home/leoja/airflow/airflow_venv/lib/python3.12/site-packages/airflow/example_dags/example_bash_operator.py
[2025-07-27T20:20:23.711+0200] {processor.py:830} INFO - Processing file /home/leoja/airflow/airflow_venv/lib/python3.12/site-packages/airflow/example_dags/example_bash_operator.py for tasks to queue
[2025-07-27T20:20:23.715+0200] {logging_mixin.py:188} INFO - [2025-07-27T20:20:23.714+0200] {dagbag.py:540} INFO - Filling up the DagBag from /home/leoja/airflow/airflow_venv/lib/python3.12/site-packages/airflow/example_dags/example_bash_operator.py
[2025-07-27T20:20:23.729+0200] {processor.py:840} INFO - DAG(s) 'example_bash_operator' retrieved from /home/leoja/airflow/airflow_venv/lib/python3.12/site-packages/airflow/example_dags/example_bash_operator.py
[2025-07-27T20:20:23.751+0200] {logging_mixin.py:188} INFO - [2025-07-27T20:20:23.751+0200] {dag.py:3096} INFO - Sync 1 DAGs
[2025-07-27T20:20:23.773+0200] {logging_mixin.py:188} INFO - [2025-07-27T20:20:23.772+0200] {dag.py:3954} INFO - Setting next_dagrun for example_bash_operator to 2025-07-26 00:00:00+00:00, run_after=2025-07-27 00:00:00+00:00
[2025-07-27T20:20:23.796+0200] {processor.py:183} INFO - Processing /home/leoja/airflow/airflow_venv/lib/python3.12/site-packages/airflow/example_dags/example_bash_operator.py took 0.101 seconds
[2025-07-27T20:21:20.903+0200] {processor.py:161} INFO - Started process (PID=16324) to work on /home/leoja/airflow/airflow_venv/lib/python3.12/site-packages/airflow/example_dags/example_bash_operator.py
[2025-07-27T20:21:20.906+0200] {processor.py:830} INFO - Processing file /home/leoja/airflow/airflow_venv/lib/python3.12/site-packages/airflow/example_dags/example_bash_operator.py for tasks to queue
[2025-07-27T20:21:20.908+0200] {logging_mixin.py:188} INFO - [2025-07-27T20:21:20.907+0200] {dagbag.py:540} INFO - Filling up the DagBag from /home/leoja/airflow/airflow_venv/lib/python3.12/site-packages/airflow/example_dags/example_bash_operator.py
[2025-07-27T20:21:20.921+0200] {processor.py:840} INFO - DAG(s) 'example_bash_operator' retrieved from /home/leoja/airflow/airflow_venv/lib/python3.12/site-packages/airflow/example_dags/example_bash_operator.py
[2025-07-27T20:21:20.949+0200] {logging_mixin.py:188} INFO - [2025-07-27T20:21:20.949+0200] {dag.py:3096} INFO - Sync 1 DAGs
[2025-07-27T20:21:20.966+0200] {logging_mixin.py:188} INFO - [2025-07-27T20:21:20.966+0200] {dag.py:3954} INFO - Setting next_dagrun for example_bash_operator to 2025-07-26 00:00:00+00:00, run_after=2025-07-27 00:00:00+00:00
[2025-07-27T20:21:20.995+0200] {processor.py:183} INFO - Processing /home/leoja/airflow/airflow_venv/lib/python3.12/site-packages/airflow/example_dags/example_bash_operator.py took 0.101 seconds
[2025-07-27T20:22:20.817+0200] {processor.py:161} INFO - Started process (PID=16634) to work on /home/leoja/airflow/airflow_venv/lib/python3.12/site-packages/airflow/example_dags/example_bash_operator.py
[2025-07-27T20:22:20.819+0200] {processor.py:830} INFO - Processing file /home/leoja/airflow/airflow_venv/lib/python3.12/site-packages/airflow/example_dags/example_bash_operator.py for tasks to queue
[2025-07-27T20:22:20.821+0200] {logging_mixin.py:188} INFO - [2025-07-27T20:22:20.821+0200] {dagbag.py:540} INFO - Filling up the DagBag from /home/leoja/airflow/airflow_venv/lib/python3.12/site-packages/airflow/example_dags/example_bash_operator.py
[2025-07-27T20:22:20.842+0200] {processor.py:840} INFO - DAG(s) 'example_bash_operator' retrieved from /home/leoja/airflow/airflow_venv/lib/python3.12/site-packages/airflow/example_dags/example_bash_operator.py
[2025-07-27T20:22:20.871+0200] {logging_mixin.py:188} INFO - [2025-07-27T20:22:20.871+0200] {dag.py:3096} INFO - Sync 1 DAGs
[2025-07-27T20:22:20.894+0200] {logging_mixin.py:188} INFO - [2025-07-27T20:22:20.894+0200] {dag.py:3954} INFO - Setting next_dagrun for example_bash_operator to 2025-07-26 00:00:00+00:00, run_after=2025-07-27 00:00:00+00:00
[2025-07-27T20:22:20.919+0200] {processor.py:183} INFO - Processing /home/leoja/airflow/airflow_venv/lib/python3.12/site-packages/airflow/example_dags/example_bash_operator.py took 0.117 seconds
[2025-07-27T20:23:22.064+0200] {processor.py:161} INFO - Started process (PID=16967) to work on /home/leoja/airflow/airflow_venv/lib/python3.12/site-packages/airflow/example_dags/example_bash_operator.py
[2025-07-27T20:23:22.067+0200] {processor.py:830} INFO - Processing file /home/leoja/airflow/airflow_venv/lib/python3.12/site-packages/airflow/example_dags/example_bash_operator.py for tasks to queue
[2025-07-27T20:23:22.070+0200] {logging_mixin.py:188} INFO - [2025-07-27T20:23:22.070+0200] {dagbag.py:540} INFO - Filling up the DagBag from /home/leoja/airflow/airflow_venv/lib/python3.12/site-packages/airflow/example_dags/example_bash_operator.py
[2025-07-27T20:23:22.087+0200] {processor.py:840} INFO - DAG(s) 'example_bash_operator' retrieved from /home/leoja/airflow/airflow_venv/lib/python3.12/site-packages/airflow/example_dags/example_bash_operator.py
[2025-07-27T20:23:22.121+0200] {logging_mixin.py:188} INFO - [2025-07-27T20:23:22.121+0200] {dag.py:3096} INFO - Sync 1 DAGs
[2025-07-27T20:23:22.152+0200] {logging_mixin.py:188} INFO - [2025-07-27T20:23:22.152+0200] {dag.py:3954} INFO - Setting next_dagrun for example_bash_operator to 2025-07-26 00:00:00+00:00, run_after=2025-07-27 00:00:00+00:00
[2025-07-27T20:23:22.183+0200] {processor.py:183} INFO - Processing /home/leoja/airflow/airflow_venv/lib/python3.12/site-packages/airflow/example_dags/example_bash_operator.py took 0.131 seconds
[2025-07-27T20:24:16.890+0200] {processor.py:161} INFO - Started process (PID=17276) to work on /home/leoja/airflow/airflow_venv/lib/python3.12/site-packages/airflow/example_dags/example_bash_operator.py
[2025-07-27T20:24:16.891+0200] {processor.py:830} INFO - Processing file /home/leoja/airflow/airflow_venv/lib/python3.12/site-packages/airflow/example_dags/example_bash_operator.py for tasks to queue
[2025-07-27T20:24:16.893+0200] {logging_mixin.py:188} INFO - [2025-07-27T20:24:16.892+0200] {dagbag.py:540} INFO - Filling up the DagBag from /home/leoja/airflow/airflow_venv/lib/python3.12/site-packages/airflow/example_dags/example_bash_operator.py
[2025-07-27T20:24:16.908+0200] {processor.py:840} INFO - DAG(s) 'example_bash_operator' retrieved from /home/leoja/airflow/airflow_venv/lib/python3.12/site-packages/airflow/example_dags/example_bash_operator.py
[2025-07-27T20:24:16.930+0200] {logging_mixin.py:188} INFO - [2025-07-27T20:24:16.930+0200] {dag.py:3096} INFO - Sync 1 DAGs
[2025-07-27T20:24:16.951+0200] {logging_mixin.py:188} INFO - [2025-07-27T20:24:16.951+0200] {dag.py:3954} INFO - Setting next_dagrun for example_bash_operator to 2025-07-26 00:00:00+00:00, run_after=2025-07-27 00:00:00+00:00
[2025-07-27T20:24:16.978+0200] {processor.py:183} INFO - Processing /home/leoja/airflow/airflow_venv/lib/python3.12/site-packages/airflow/example_dags/example_bash_operator.py took 0.098 seconds
[2025-07-27T20:25:11.993+0200] {processor.py:161} INFO - Started process (PID=17604) to work on /home/leoja/airflow/airflow_venv/lib/python3.12/site-packages/airflow/example_dags/example_bash_operator.py
[2025-07-27T20:25:11.995+0200] {processor.py:830} INFO - Processing file /home/leoja/airflow/airflow_venv/lib/python3.12/site-packages/airflow/example_dags/example_bash_operator.py for tasks to queue
[2025-07-27T20:25:11.998+0200] {logging_mixin.py:188} INFO - [2025-07-27T20:25:11.997+0200] {dagbag.py:540} INFO - Filling up the DagBag from /home/leoja/airflow/airflow_venv/lib/python3.12/site-packages/airflow/example_dags/example_bash_operator.py
[2025-07-27T20:25:12.016+0200] {processor.py:840} INFO - DAG(s) 'example_bash_operator' retrieved from /home/leoja/airflow/airflow_venv/lib/python3.12/site-packages/airflow/example_dags/example_bash_operator.py
[2025-07-27T20:25:12.047+0200] {logging_mixin.py:188} INFO - [2025-07-27T20:25:12.047+0200] {dag.py:3096} INFO - Sync 1 DAGs
[2025-07-27T20:25:12.064+0200] {logging_mixin.py:188} INFO - [2025-07-27T20:25:12.064+0200] {dag.py:3954} INFO - Setting next_dagrun for example_bash_operator to 2025-07-26 00:00:00+00:00, run_after=2025-07-27 00:00:00+00:00
[2025-07-27T20:25:12.086+0200] {processor.py:183} INFO - Processing /home/leoja/airflow/airflow_venv/lib/python3.12/site-packages/airflow/example_dags/example_bash_operator.py took 0.105 seconds
[2025-07-27T20:26:07.531+0200] {processor.py:161} INFO - Started process (PID=17883) to work on /home/leoja/airflow/airflow_venv/lib/python3.12/site-packages/airflow/example_dags/example_bash_operator.py
[2025-07-27T20:26:07.533+0200] {processor.py:830} INFO - Processing file /home/leoja/airflow/airflow_venv/lib/python3.12/site-packages/airflow/example_dags/example_bash_operator.py for tasks to queue
[2025-07-27T20:26:07.534+0200] {logging_mixin.py:188} INFO - [2025-07-27T20:26:07.534+0200] {dagbag.py:540} INFO - Filling up the DagBag from /home/leoja/airflow/airflow_venv/lib/python3.12/site-packages/airflow/example_dags/example_bash_operator.py
[2025-07-27T20:26:07.548+0200] {processor.py:840} INFO - DAG(s) 'example_bash_operator' retrieved from /home/leoja/airflow/airflow_venv/lib/python3.12/site-packages/airflow/example_dags/example_bash_operator.py
[2025-07-27T20:26:07.571+0200] {logging_mixin.py:188} INFO - [2025-07-27T20:26:07.570+0200] {dag.py:3096} INFO - Sync 1 DAGs
[2025-07-27T20:26:07.594+0200] {logging_mixin.py:188} INFO - [2025-07-27T20:26:07.594+0200] {dag.py:3954} INFO - Setting next_dagrun for example_bash_operator to 2025-07-26 00:00:00+00:00, run_after=2025-07-27 00:00:00+00:00
[2025-07-27T20:26:07.618+0200] {processor.py:183} INFO - Processing /home/leoja/airflow/airflow_venv/lib/python3.12/site-packages/airflow/example_dags/example_bash_operator.py took 0.095 seconds
[2025-07-27T20:27:27.679+0200] {processor.py:161} INFO - Started process (PID=18334) to work on /home/leoja/airflow/airflow_venv/lib/python3.12/site-packages/airflow/example_dags/example_bash_operator.py
[2025-07-27T20:27:27.827+0200] {processor.py:830} INFO - Processing file /home/leoja/airflow/airflow_venv/lib/python3.12/site-packages/airflow/example_dags/example_bash_operator.py for tasks to queue
[2025-07-27T20:27:27.829+0200] {logging_mixin.py:188} INFO - [2025-07-27T20:27:27.829+0200] {dagbag.py:540} INFO - Filling up the DagBag from /home/leoja/airflow/airflow_venv/lib/python3.12/site-packages/airflow/example_dags/example_bash_operator.py
[2025-07-27T20:27:27.839+0200] {processor.py:840} INFO - DAG(s) 'example_bash_operator' retrieved from /home/leoja/airflow/airflow_venv/lib/python3.12/site-packages/airflow/example_dags/example_bash_operator.py
[2025-07-27T20:27:27.856+0200] {logging_mixin.py:188} INFO - [2025-07-27T20:27:27.856+0200] {dag.py:3096} INFO - Sync 1 DAGs
[2025-07-27T20:27:27.872+0200] {logging_mixin.py:188} INFO - [2025-07-27T20:27:27.871+0200] {dag.py:3954} INFO - Setting next_dagrun for example_bash_operator to 2025-07-26 00:00:00+00:00, run_after=2025-07-27 00:00:00+00:00
[2025-07-27T20:27:27.998+0200] {processor.py:183} INFO - Processing /home/leoja/airflow/airflow_venv/lib/python3.12/site-packages/airflow/example_dags/example_bash_operator.py took 0.324 seconds
[2025-07-27T20:28:19.577+0200] {processor.py:161} INFO - Started process (PID=18609) to work on /home/leoja/airflow/airflow_venv/lib/python3.12/site-packages/airflow/example_dags/example_bash_operator.py
[2025-07-27T20:28:19.578+0200] {processor.py:830} INFO - Processing file /home/leoja/airflow/airflow_venv/lib/python3.12/site-packages/airflow/example_dags/example_bash_operator.py for tasks to queue
[2025-07-27T20:28:19.580+0200] {logging_mixin.py:188} INFO - [2025-07-27T20:28:19.579+0200] {dagbag.py:540} INFO - Filling up the DagBag from /home/leoja/airflow/airflow_venv/lib/python3.12/site-packages/airflow/example_dags/example_bash_operator.py
[2025-07-27T20:28:19.591+0200] {processor.py:840} INFO - DAG(s) 'example_bash_operator' retrieved from /home/leoja/airflow/airflow_venv/lib/python3.12/site-packages/airflow/example_dags/example_bash_operator.py
[2025-07-27T20:28:19.612+0200] {logging_mixin.py:188} INFO - [2025-07-27T20:28:19.612+0200] {dag.py:3096} INFO - Sync 1 DAGs
[2025-07-27T20:28:19.631+0200] {logging_mixin.py:188} INFO - [2025-07-27T20:28:19.630+0200] {dag.py:3954} INFO - Setting next_dagrun for example_bash_operator to 2025-07-26 00:00:00+00:00, run_after=2025-07-27 00:00:00+00:00
[2025-07-27T20:28:19.651+0200] {processor.py:183} INFO - Processing /home/leoja/airflow/airflow_venv/lib/python3.12/site-packages/airflow/example_dags/example_bash_operator.py took 0.081 seconds
[2025-07-27T20:29:27.970+0200] {processor.py:161} INFO - Started process (PID=19018) to work on /home/leoja/airflow/airflow_venv/lib/python3.12/site-packages/airflow/example_dags/example_bash_operator.py
[2025-07-27T20:29:27.971+0200] {processor.py:830} INFO - Processing file /home/leoja/airflow/airflow_venv/lib/python3.12/site-packages/airflow/example_dags/example_bash_operator.py for tasks to queue
[2025-07-27T20:29:27.973+0200] {logging_mixin.py:188} INFO - [2025-07-27T20:29:27.973+0200] {dagbag.py:540} INFO - Filling up the DagBag from /home/leoja/airflow/airflow_venv/lib/python3.12/site-packages/airflow/example_dags/example_bash_operator.py
[2025-07-27T20:29:27.983+0200] {processor.py:840} INFO - DAG(s) 'example_bash_operator' retrieved from /home/leoja/airflow/airflow_venv/lib/python3.12/site-packages/airflow/example_dags/example_bash_operator.py
[2025-07-27T20:29:28.002+0200] {logging_mixin.py:188} INFO - [2025-07-27T20:29:28.002+0200] {dag.py:3096} INFO - Sync 1 DAGs
[2025-07-27T20:29:28.020+0200] {logging_mixin.py:188} INFO - [2025-07-27T20:29:28.020+0200] {dag.py:3954} INFO - Setting next_dagrun for example_bash_operator to 2025-07-26 00:00:00+00:00, run_after=2025-07-27 00:00:00+00:00
[2025-07-27T20:29:28.050+0200] {processor.py:183} INFO - Processing /home/leoja/airflow/airflow_venv/lib/python3.12/site-packages/airflow/example_dags/example_bash_operator.py took 0.086 seconds
[2025-07-27T20:30:36.981+0200] {processor.py:161} INFO - Started process (PID=19389) to work on /home/leoja/airflow/airflow_venv/lib/python3.12/site-packages/airflow/example_dags/example_bash_operator.py
[2025-07-27T20:30:36.983+0200] {processor.py:830} INFO - Processing file /home/leoja/airflow/airflow_venv/lib/python3.12/site-packages/airflow/example_dags/example_bash_operator.py for tasks to queue
[2025-07-27T20:30:36.984+0200] {logging_mixin.py:188} INFO - [2025-07-27T20:30:36.984+0200] {dagbag.py:540} INFO - Filling up the DagBag from /home/leoja/airflow/airflow_venv/lib/python3.12/site-packages/airflow/example_dags/example_bash_operator.py
[2025-07-27T20:30:36.997+0200] {processor.py:840} INFO - DAG(s) 'example_bash_operator' retrieved from /home/leoja/airflow/airflow_venv/lib/python3.12/site-packages/airflow/example_dags/example_bash_operator.py
[2025-07-27T20:30:37.018+0200] {logging_mixin.py:188} INFO - [2025-07-27T20:30:37.018+0200] {dag.py:3096} INFO - Sync 1 DAGs
[2025-07-27T20:30:37.035+0200] {logging_mixin.py:188} INFO - [2025-07-27T20:30:37.035+0200] {dag.py:3954} INFO - Setting next_dagrun for example_bash_operator to 2025-07-26 00:00:00+00:00, run_after=2025-07-27 00:00:00+00:00
[2025-07-27T20:30:37.059+0200] {processor.py:183} INFO - Processing /home/leoja/airflow/airflow_venv/lib/python3.12/site-packages/airflow/example_dags/example_bash_operator.py took 0.084 seconds
[2025-07-27T20:31:51.454+0200] {processor.py:161} INFO - Started process (PID=20306) to work on /home/leoja/airflow/airflow_venv/lib/python3.12/site-packages/airflow/example_dags/example_bash_operator.py
[2025-07-27T20:31:51.456+0200] {processor.py:830} INFO - Processing file /home/leoja/airflow/airflow_venv/lib/python3.12/site-packages/airflow/example_dags/example_bash_operator.py for tasks to queue
[2025-07-27T20:31:51.458+0200] {logging_mixin.py:188} INFO - [2025-07-27T20:31:51.457+0200] {dagbag.py:540} INFO - Filling up the DagBag from /home/leoja/airflow/airflow_venv/lib/python3.12/site-packages/airflow/example_dags/example_bash_operator.py
[2025-07-27T20:31:51.467+0200] {processor.py:840} INFO - DAG(s) 'example_bash_operator' retrieved from /home/leoja/airflow/airflow_venv/lib/python3.12/site-packages/airflow/example_dags/example_bash_operator.py
[2025-07-27T20:31:51.483+0200] {logging_mixin.py:188} INFO - [2025-07-27T20:31:51.483+0200] {dag.py:3096} INFO - Sync 1 DAGs
[2025-07-27T20:31:51.497+0200] {logging_mixin.py:188} INFO - [2025-07-27T20:31:51.497+0200] {dag.py:3954} INFO - Setting next_dagrun for example_bash_operator to 2025-07-26 00:00:00+00:00, run_after=2025-07-27 00:00:00+00:00
[2025-07-27T20:31:51.515+0200] {processor.py:183} INFO - Processing /home/leoja/airflow/airflow_venv/lib/python3.12/site-packages/airflow/example_dags/example_bash_operator.py took 0.066 seconds
[2025-07-27T20:33:06.372+0200] {processor.py:161} INFO - Started process (PID=20705) to work on /home/leoja/airflow/airflow_venv/lib/python3.12/site-packages/airflow/example_dags/example_bash_operator.py
[2025-07-27T20:33:06.374+0200] {processor.py:830} INFO - Processing file /home/leoja/airflow/airflow_venv/lib/python3.12/site-packages/airflow/example_dags/example_bash_operator.py for tasks to queue
[2025-07-27T20:33:06.375+0200] {logging_mixin.py:188} INFO - [2025-07-27T20:33:06.375+0200] {dagbag.py:540} INFO - Filling up the DagBag from /home/leoja/airflow/airflow_venv/lib/python3.12/site-packages/airflow/example_dags/example_bash_operator.py
[2025-07-27T20:33:06.385+0200] {processor.py:840} INFO - DAG(s) 'example_bash_operator' retrieved from /home/leoja/airflow/airflow_venv/lib/python3.12/site-packages/airflow/example_dags/example_bash_operator.py
[2025-07-27T20:33:06.403+0200] {logging_mixin.py:188} INFO - [2025-07-27T20:33:06.403+0200] {dag.py:3096} INFO - Sync 1 DAGs
[2025-07-27T20:33:06.417+0200] {logging_mixin.py:188} INFO - [2025-07-27T20:33:06.417+0200] {dag.py:3954} INFO - Setting next_dagrun for example_bash_operator to 2025-07-26 00:00:00+00:00, run_after=2025-07-27 00:00:00+00:00
[2025-07-27T20:33:06.438+0200] {processor.py:183} INFO - Processing /home/leoja/airflow/airflow_venv/lib/python3.12/site-packages/airflow/example_dags/example_bash_operator.py took 0.073 seconds
[2025-07-27T20:34:15.902+0200] {processor.py:161} INFO - Started process (PID=21091) to work on /home/leoja/airflow/airflow_venv/lib/python3.12/site-packages/airflow/example_dags/example_bash_operator.py
[2025-07-27T20:34:15.905+0200] {processor.py:830} INFO - Processing file /home/leoja/airflow/airflow_venv/lib/python3.12/site-packages/airflow/example_dags/example_bash_operator.py for tasks to queue
[2025-07-27T20:34:15.908+0200] {logging_mixin.py:188} INFO - [2025-07-27T20:34:15.907+0200] {dagbag.py:540} INFO - Filling up the DagBag from /home/leoja/airflow/airflow_venv/lib/python3.12/site-packages/airflow/example_dags/example_bash_operator.py
[2025-07-27T20:34:15.930+0200] {processor.py:840} INFO - DAG(s) 'example_bash_operator' retrieved from /home/leoja/airflow/airflow_venv/lib/python3.12/site-packages/airflow/example_dags/example_bash_operator.py
[2025-07-27T20:34:15.955+0200] {logging_mixin.py:188} INFO - [2025-07-27T20:34:15.955+0200] {dag.py:3096} INFO - Sync 1 DAGs
[2025-07-27T20:34:15.973+0200] {logging_mixin.py:188} INFO - [2025-07-27T20:34:15.973+0200] {dag.py:3954} INFO - Setting next_dagrun for example_bash_operator to 2025-07-26 00:00:00+00:00, run_after=2025-07-27 00:00:00+00:00
[2025-07-27T20:34:16.010+0200] {processor.py:183} INFO - Processing /home/leoja/airflow/airflow_venv/lib/python3.12/site-packages/airflow/example_dags/example_bash_operator.py took 0.118 seconds
[2025-07-27T20:35:31.528+0200] {processor.py:161} INFO - Started process (PID=21530) to work on /home/leoja/airflow/airflow_venv/lib/python3.12/site-packages/airflow/example_dags/example_bash_operator.py
[2025-07-27T20:35:31.530+0200] {processor.py:830} INFO - Processing file /home/leoja/airflow/airflow_venv/lib/python3.12/site-packages/airflow/example_dags/example_bash_operator.py for tasks to queue
[2025-07-27T20:35:31.532+0200] {logging_mixin.py:188} INFO - [2025-07-27T20:35:31.531+0200] {dagbag.py:540} INFO - Filling up the DagBag from /home/leoja/airflow/airflow_venv/lib/python3.12/site-packages/airflow/example_dags/example_bash_operator.py
[2025-07-27T20:35:31.541+0200] {processor.py:840} INFO - DAG(s) 'example_bash_operator' retrieved from /home/leoja/airflow/airflow_venv/lib/python3.12/site-packages/airflow/example_dags/example_bash_operator.py
[2025-07-27T20:35:31.558+0200] {logging_mixin.py:188} INFO - [2025-07-27T20:35:31.557+0200] {dag.py:3096} INFO - Sync 1 DAGs
[2025-07-27T20:35:31.574+0200] {logging_mixin.py:188} INFO - [2025-07-27T20:35:31.574+0200] {dag.py:3954} INFO - Setting next_dagrun for example_bash_operator to 2025-07-26 00:00:00+00:00, run_after=2025-07-27 00:00:00+00:00
[2025-07-27T20:35:31.595+0200] {processor.py:183} INFO - Processing /home/leoja/airflow/airflow_venv/lib/python3.12/site-packages/airflow/example_dags/example_bash_operator.py took 0.071 seconds
[2025-07-27T20:36:36.089+0200] {processor.py:161} INFO - Started process (PID=21883) to work on /home/leoja/airflow/airflow_venv/lib/python3.12/site-packages/airflow/example_dags/example_bash_operator.py
[2025-07-27T20:36:36.090+0200] {processor.py:830} INFO - Processing file /home/leoja/airflow/airflow_venv/lib/python3.12/site-packages/airflow/example_dags/example_bash_operator.py for tasks to queue
[2025-07-27T20:36:36.092+0200] {logging_mixin.py:188} INFO - [2025-07-27T20:36:36.092+0200] {dagbag.py:540} INFO - Filling up the DagBag from /home/leoja/airflow/airflow_venv/lib/python3.12/site-packages/airflow/example_dags/example_bash_operator.py
[2025-07-27T20:36:36.100+0200] {processor.py:840} INFO - DAG(s) 'example_bash_operator' retrieved from /home/leoja/airflow/airflow_venv/lib/python3.12/site-packages/airflow/example_dags/example_bash_operator.py
[2025-07-27T20:36:36.115+0200] {logging_mixin.py:188} INFO - [2025-07-27T20:36:36.114+0200] {dag.py:3096} INFO - Sync 1 DAGs
[2025-07-27T20:36:36.129+0200] {logging_mixin.py:188} INFO - [2025-07-27T20:36:36.129+0200] {dag.py:3954} INFO - Setting next_dagrun for example_bash_operator to 2025-07-26 00:00:00+00:00, run_after=2025-07-27 00:00:00+00:00
[2025-07-27T20:36:36.148+0200] {processor.py:183} INFO - Processing /home/leoja/airflow/airflow_venv/lib/python3.12/site-packages/airflow/example_dags/example_bash_operator.py took 0.063 seconds
[2025-07-27T20:37:48.874+0200] {processor.py:161} INFO - Started process (PID=22288) to work on /home/leoja/airflow/airflow_venv/lib/python3.12/site-packages/airflow/example_dags/example_bash_operator.py
[2025-07-27T20:37:48.875+0200] {processor.py:830} INFO - Processing file /home/leoja/airflow/airflow_venv/lib/python3.12/site-packages/airflow/example_dags/example_bash_operator.py for tasks to queue
[2025-07-27T20:37:48.877+0200] {logging_mixin.py:188} INFO - [2025-07-27T20:37:48.876+0200] {dagbag.py:540} INFO - Filling up the DagBag from /home/leoja/airflow/airflow_venv/lib/python3.12/site-packages/airflow/example_dags/example_bash_operator.py
[2025-07-27T20:37:48.886+0200] {processor.py:840} INFO - DAG(s) 'example_bash_operator' retrieved from /home/leoja/airflow/airflow_venv/lib/python3.12/site-packages/airflow/example_dags/example_bash_operator.py
[2025-07-27T20:37:48.905+0200] {logging_mixin.py:188} INFO - [2025-07-27T20:37:48.905+0200] {dag.py:3096} INFO - Sync 1 DAGs
[2025-07-27T20:37:48.920+0200] {logging_mixin.py:188} INFO - [2025-07-27T20:37:48.919+0200] {dag.py:3954} INFO - Setting next_dagrun for example_bash_operator to 2025-07-26 00:00:00+00:00, run_after=2025-07-27 00:00:00+00:00
[2025-07-27T20:37:48.941+0200] {processor.py:183} INFO - Processing /home/leoja/airflow/airflow_venv/lib/python3.12/site-packages/airflow/example_dags/example_bash_operator.py took 0.072 seconds
