[2025-07-27T19:41:25.961+0200] {processor.py:161} INFO - Started process (PID=2731) to work on /home/leoja/airflow/airflow_venv/lib/python3.12/site-packages/airflow/example_dags/example_branch_python_dop_operator_3.py
[2025-07-27T19:41:25.963+0200] {processor.py:830} INFO - Processing file /home/leoja/airflow/airflow_venv/lib/python3.12/site-packages/airflow/example_dags/example_branch_python_dop_operator_3.py for tasks to queue
[2025-07-27T19:41:25.966+0200] {logging_mixin.py:188} INFO - [2025-07-27T19:41:25.965+0200] {dagbag.py:540} INFO - Filling up the DagBag from /home/leoja/airflow/airflow_venv/lib/python3.12/site-packages/airflow/example_dags/example_branch_python_dop_operator_3.py
[2025-07-27T19:41:25.985+0200] {processor.py:840} INFO - DAG(s) 'example_branch_dop_operator_v3' retrieved from /home/leoja/airflow/airflow_venv/lib/python3.12/site-packages/airflow/example_dags/example_branch_python_dop_operator_3.py
[2025-07-27T19:41:26.108+0200] {logging_mixin.py:188} INFO - [2025-07-27T19:41:26.108+0200] {dag.py:3096} INFO - Sync 1 DAGs
[2025-07-27T19:41:26.133+0200] {logging_mixin.py:188} INFO - [2025-07-27T19:41:26.133+0200] {dag.py:3954} INFO - Setting next_dagrun for example_branch_dop_operator_v3 to 2025-07-27 17:40:00+00:00, run_after=2025-07-27 17:41:00+00:00
[2025-07-27T19:41:26.168+0200] {processor.py:183} INFO - Processing /home/leoja/airflow/airflow_venv/lib/python3.12/site-packages/airflow/example_dags/example_branch_python_dop_operator_3.py took 0.217 seconds
[2025-07-27T19:42:24.600+0200] {processor.py:161} INFO - Started process (PID=3308) to work on /home/leoja/airflow/airflow_venv/lib/python3.12/site-packages/airflow/example_dags/example_branch_python_dop_operator_3.py
[2025-07-27T19:42:24.601+0200] {processor.py:830} INFO - Processing file /home/leoja/airflow/airflow_venv/lib/python3.12/site-packages/airflow/example_dags/example_branch_python_dop_operator_3.py for tasks to queue
[2025-07-27T19:42:24.603+0200] {logging_mixin.py:188} INFO - [2025-07-27T19:42:24.602+0200] {dagbag.py:540} INFO - Filling up the DagBag from /home/leoja/airflow/airflow_venv/lib/python3.12/site-packages/airflow/example_dags/example_branch_python_dop_operator_3.py
[2025-07-27T19:42:24.609+0200] {processor.py:840} INFO - DAG(s) 'example_branch_dop_operator_v3' retrieved from /home/leoja/airflow/airflow_venv/lib/python3.12/site-packages/airflow/example_dags/example_branch_python_dop_operator_3.py
[2025-07-27T19:42:24.625+0200] {logging_mixin.py:188} INFO - [2025-07-27T19:42:24.625+0200] {dag.py:3096} INFO - Sync 1 DAGs
[2025-07-27T19:42:24.643+0200] {logging_mixin.py:188} INFO - [2025-07-27T19:42:24.642+0200] {dag.py:3954} INFO - Setting next_dagrun for example_branch_dop_operator_v3 to 2025-07-27 17:41:00+00:00, run_after=2025-07-27 17:42:00+00:00
[2025-07-27T19:42:24.670+0200] {processor.py:183} INFO - Processing /home/leoja/airflow/airflow_venv/lib/python3.12/site-packages/airflow/example_dags/example_branch_python_dop_operator_3.py took 0.077 seconds
[2025-07-27T19:43:39.515+0200] {processor.py:161} INFO - Started process (PID=3713) to work on /home/leoja/airflow/airflow_venv/lib/python3.12/site-packages/airflow/example_dags/example_branch_python_dop_operator_3.py
[2025-07-27T19:43:39.521+0200] {processor.py:830} INFO - Processing file /home/leoja/airflow/airflow_venv/lib/python3.12/site-packages/airflow/example_dags/example_branch_python_dop_operator_3.py for tasks to queue
[2025-07-27T19:43:39.523+0200] {logging_mixin.py:188} INFO - [2025-07-27T19:43:39.522+0200] {dagbag.py:540} INFO - Filling up the DagBag from /home/leoja/airflow/airflow_venv/lib/python3.12/site-packages/airflow/example_dags/example_branch_python_dop_operator_3.py
[2025-07-27T19:43:39.529+0200] {processor.py:840} INFO - DAG(s) 'example_branch_dop_operator_v3' retrieved from /home/leoja/airflow/airflow_venv/lib/python3.12/site-packages/airflow/example_dags/example_branch_python_dop_operator_3.py
[2025-07-27T19:43:39.548+0200] {logging_mixin.py:188} INFO - [2025-07-27T19:43:39.548+0200] {dag.py:3096} INFO - Sync 1 DAGs
[2025-07-27T19:43:39.566+0200] {logging_mixin.py:188} INFO - [2025-07-27T19:43:39.566+0200] {dag.py:3954} INFO - Setting next_dagrun for example_branch_dop_operator_v3 to 2025-07-27 17:42:00+00:00, run_after=2025-07-27 17:43:00+00:00
[2025-07-27T19:43:39.590+0200] {processor.py:183} INFO - Processing /home/leoja/airflow/airflow_venv/lib/python3.12/site-packages/airflow/example_dags/example_branch_python_dop_operator_3.py took 0.080 seconds
[2025-07-27T19:44:58.420+0200] {processor.py:161} INFO - Started process (PID=4182) to work on /home/leoja/airflow/airflow_venv/lib/python3.12/site-packages/airflow/example_dags/example_branch_python_dop_operator_3.py
[2025-07-27T19:44:58.421+0200] {processor.py:830} INFO - Processing file /home/leoja/airflow/airflow_venv/lib/python3.12/site-packages/airflow/example_dags/example_branch_python_dop_operator_3.py for tasks to queue
[2025-07-27T19:44:58.424+0200] {logging_mixin.py:188} INFO - [2025-07-27T19:44:58.423+0200] {dagbag.py:540} INFO - Filling up the DagBag from /home/leoja/airflow/airflow_venv/lib/python3.12/site-packages/airflow/example_dags/example_branch_python_dop_operator_3.py
[2025-07-27T19:44:58.431+0200] {processor.py:840} INFO - DAG(s) 'example_branch_dop_operator_v3' retrieved from /home/leoja/airflow/airflow_venv/lib/python3.12/site-packages/airflow/example_dags/example_branch_python_dop_operator_3.py
[2025-07-27T19:44:58.448+0200] {logging_mixin.py:188} INFO - [2025-07-27T19:44:58.447+0200] {dag.py:3096} INFO - Sync 1 DAGs
[2025-07-27T19:44:58.471+0200] {logging_mixin.py:188} INFO - [2025-07-27T19:44:58.470+0200] {dag.py:3954} INFO - Setting next_dagrun for example_branch_dop_operator_v3 to 2025-07-27 17:43:00+00:00, run_after=2025-07-27 17:44:00+00:00
[2025-07-27T19:44:58.511+0200] {processor.py:183} INFO - Processing /home/leoja/airflow/airflow_venv/lib/python3.12/site-packages/airflow/example_dags/example_branch_python_dop_operator_3.py took 0.096 seconds
[2025-07-27T19:46:10.524+0200] {processor.py:161} INFO - Started process (PID=4608) to work on /home/leoja/airflow/airflow_venv/lib/python3.12/site-packages/airflow/example_dags/example_branch_python_dop_operator_3.py
[2025-07-27T19:46:10.525+0200] {processor.py:830} INFO - Processing file /home/leoja/airflow/airflow_venv/lib/python3.12/site-packages/airflow/example_dags/example_branch_python_dop_operator_3.py for tasks to queue
[2025-07-27T19:46:10.527+0200] {logging_mixin.py:188} INFO - [2025-07-27T19:46:10.526+0200] {dagbag.py:540} INFO - Filling up the DagBag from /home/leoja/airflow/airflow_venv/lib/python3.12/site-packages/airflow/example_dags/example_branch_python_dop_operator_3.py
[2025-07-27T19:46:10.535+0200] {processor.py:840} INFO - DAG(s) 'example_branch_dop_operator_v3' retrieved from /home/leoja/airflow/airflow_venv/lib/python3.12/site-packages/airflow/example_dags/example_branch_python_dop_operator_3.py
[2025-07-27T19:46:10.553+0200] {logging_mixin.py:188} INFO - [2025-07-27T19:46:10.552+0200] {dag.py:3096} INFO - Sync 1 DAGs
[2025-07-27T19:46:10.571+0200] {logging_mixin.py:188} INFO - [2025-07-27T19:46:10.571+0200] {dag.py:3954} INFO - Setting next_dagrun for example_branch_dop_operator_v3 to 2025-07-27 17:45:00+00:00, run_after=2025-07-27 17:46:00+00:00
[2025-07-27T19:46:10.594+0200] {processor.py:183} INFO - Processing /home/leoja/airflow/airflow_venv/lib/python3.12/site-packages/airflow/example_dags/example_branch_python_dop_operator_3.py took 0.074 seconds
[2025-07-27T19:47:20.339+0200] {processor.py:161} INFO - Started process (PID=4987) to work on /home/leoja/airflow/airflow_venv/lib/python3.12/site-packages/airflow/example_dags/example_branch_python_dop_operator_3.py
[2025-07-27T19:47:20.341+0200] {processor.py:830} INFO - Processing file /home/leoja/airflow/airflow_venv/lib/python3.12/site-packages/airflow/example_dags/example_branch_python_dop_operator_3.py for tasks to queue
[2025-07-27T19:47:20.343+0200] {logging_mixin.py:188} INFO - [2025-07-27T19:47:20.343+0200] {dagbag.py:540} INFO - Filling up the DagBag from /home/leoja/airflow/airflow_venv/lib/python3.12/site-packages/airflow/example_dags/example_branch_python_dop_operator_3.py
[2025-07-27T19:47:20.353+0200] {processor.py:840} INFO - DAG(s) 'example_branch_dop_operator_v3' retrieved from /home/leoja/airflow/airflow_venv/lib/python3.12/site-packages/airflow/example_dags/example_branch_python_dop_operator_3.py
[2025-07-27T19:47:20.372+0200] {logging_mixin.py:188} INFO - [2025-07-27T19:47:20.372+0200] {dag.py:3096} INFO - Sync 1 DAGs
[2025-07-27T19:47:20.399+0200] {logging_mixin.py:188} INFO - [2025-07-27T19:47:20.399+0200] {dag.py:3954} INFO - Setting next_dagrun for example_branch_dop_operator_v3 to 2025-07-27 17:46:00+00:00, run_after=2025-07-27 17:47:00+00:00
[2025-07-27T19:47:20.426+0200] {processor.py:183} INFO - Processing /home/leoja/airflow/airflow_venv/lib/python3.12/site-packages/airflow/example_dags/example_branch_python_dop_operator_3.py took 0.097 seconds
[2025-07-27T19:48:30.355+0200] {processor.py:161} INFO - Started process (PID=5398) to work on /home/leoja/airflow/airflow_venv/lib/python3.12/site-packages/airflow/example_dags/example_branch_python_dop_operator_3.py
[2025-07-27T19:48:30.356+0200] {processor.py:830} INFO - Processing file /home/leoja/airflow/airflow_venv/lib/python3.12/site-packages/airflow/example_dags/example_branch_python_dop_operator_3.py for tasks to queue
[2025-07-27T19:48:30.358+0200] {logging_mixin.py:188} INFO - [2025-07-27T19:48:30.357+0200] {dagbag.py:540} INFO - Filling up the DagBag from /home/leoja/airflow/airflow_venv/lib/python3.12/site-packages/airflow/example_dags/example_branch_python_dop_operator_3.py
[2025-07-27T19:48:30.366+0200] {processor.py:840} INFO - DAG(s) 'example_branch_dop_operator_v3' retrieved from /home/leoja/airflow/airflow_venv/lib/python3.12/site-packages/airflow/example_dags/example_branch_python_dop_operator_3.py
[2025-07-27T19:48:30.380+0200] {logging_mixin.py:188} INFO - [2025-07-27T19:48:30.380+0200] {dag.py:3096} INFO - Sync 1 DAGs
[2025-07-27T19:48:30.406+0200] {logging_mixin.py:188} INFO - [2025-07-27T19:48:30.405+0200] {dag.py:3954} INFO - Setting next_dagrun for example_branch_dop_operator_v3 to 2025-07-27 17:47:00+00:00, run_after=2025-07-27 17:48:00+00:00
[2025-07-27T19:48:30.428+0200] {processor.py:183} INFO - Processing /home/leoja/airflow/airflow_venv/lib/python3.12/site-packages/airflow/example_dags/example_branch_python_dop_operator_3.py took 0.079 seconds
[2025-07-27T19:49:45.875+0200] {processor.py:161} INFO - Started process (PID=5806) to work on /home/leoja/airflow/airflow_venv/lib/python3.12/site-packages/airflow/example_dags/example_branch_python_dop_operator_3.py
[2025-07-27T19:49:45.876+0200] {processor.py:830} INFO - Processing file /home/leoja/airflow/airflow_venv/lib/python3.12/site-packages/airflow/example_dags/example_branch_python_dop_operator_3.py for tasks to queue
[2025-07-27T19:49:45.878+0200] {logging_mixin.py:188} INFO - [2025-07-27T19:49:45.877+0200] {dagbag.py:540} INFO - Filling up the DagBag from /home/leoja/airflow/airflow_venv/lib/python3.12/site-packages/airflow/example_dags/example_branch_python_dop_operator_3.py
[2025-07-27T19:49:45.885+0200] {processor.py:840} INFO - DAG(s) 'example_branch_dop_operator_v3' retrieved from /home/leoja/airflow/airflow_venv/lib/python3.12/site-packages/airflow/example_dags/example_branch_python_dop_operator_3.py
[2025-07-27T19:49:45.899+0200] {logging_mixin.py:188} INFO - [2025-07-27T19:49:45.898+0200] {dag.py:3096} INFO - Sync 1 DAGs
[2025-07-27T19:49:45.919+0200] {logging_mixin.py:188} INFO - [2025-07-27T19:49:45.919+0200] {dag.py:3954} INFO - Setting next_dagrun for example_branch_dop_operator_v3 to 2025-07-27 17:48:00+00:00, run_after=2025-07-27 17:49:00+00:00
[2025-07-27T19:49:45.944+0200] {processor.py:183} INFO - Processing /home/leoja/airflow/airflow_venv/lib/python3.12/site-packages/airflow/example_dags/example_branch_python_dop_operator_3.py took 0.075 seconds
[2025-07-27T19:51:01.141+0200] {processor.py:161} INFO - Started process (PID=6229) to work on /home/leoja/airflow/airflow_venv/lib/python3.12/site-packages/airflow/example_dags/example_branch_python_dop_operator_3.py
[2025-07-27T19:51:01.142+0200] {processor.py:830} INFO - Processing file /home/leoja/airflow/airflow_venv/lib/python3.12/site-packages/airflow/example_dags/example_branch_python_dop_operator_3.py for tasks to queue
[2025-07-27T19:51:01.144+0200] {logging_mixin.py:188} INFO - [2025-07-27T19:51:01.143+0200] {dagbag.py:540} INFO - Filling up the DagBag from /home/leoja/airflow/airflow_venv/lib/python3.12/site-packages/airflow/example_dags/example_branch_python_dop_operator_3.py
[2025-07-27T19:51:01.153+0200] {processor.py:840} INFO - DAG(s) 'example_branch_dop_operator_v3' retrieved from /home/leoja/airflow/airflow_venv/lib/python3.12/site-packages/airflow/example_dags/example_branch_python_dop_operator_3.py
[2025-07-27T19:51:01.170+0200] {logging_mixin.py:188} INFO - [2025-07-27T19:51:01.169+0200] {dag.py:3096} INFO - Sync 1 DAGs
[2025-07-27T19:51:01.190+0200] {logging_mixin.py:188} INFO - [2025-07-27T19:51:01.189+0200] {dag.py:3954} INFO - Setting next_dagrun for example_branch_dop_operator_v3 to 2025-07-27 17:50:00+00:00, run_after=2025-07-27 17:51:00+00:00
[2025-07-27T19:51:01.216+0200] {processor.py:183} INFO - Processing /home/leoja/airflow/airflow_venv/lib/python3.12/site-packages/airflow/example_dags/example_branch_python_dop_operator_3.py took 0.080 seconds
[2025-07-27T19:51:53.987+0200] {processor.py:161} INFO - Started process (PID=6561) to work on /home/leoja/airflow/airflow_venv/lib/python3.12/site-packages/airflow/example_dags/example_branch_python_dop_operator_3.py
[2025-07-27T19:51:53.989+0200] {processor.py:830} INFO - Processing file /home/leoja/airflow/airflow_venv/lib/python3.12/site-packages/airflow/example_dags/example_branch_python_dop_operator_3.py for tasks to queue
[2025-07-27T19:51:53.990+0200] {logging_mixin.py:188} INFO - [2025-07-27T19:51:53.990+0200] {dagbag.py:540} INFO - Filling up the DagBag from /home/leoja/airflow/airflow_venv/lib/python3.12/site-packages/airflow/example_dags/example_branch_python_dop_operator_3.py
[2025-07-27T19:51:53.997+0200] {processor.py:840} INFO - DAG(s) 'example_branch_dop_operator_v3' retrieved from /home/leoja/airflow/airflow_venv/lib/python3.12/site-packages/airflow/example_dags/example_branch_python_dop_operator_3.py
[2025-07-27T19:51:54.015+0200] {logging_mixin.py:188} INFO - [2025-07-27T19:51:54.015+0200] {dag.py:3096} INFO - Sync 1 DAGs
[2025-07-27T19:51:54.037+0200] {logging_mixin.py:188} INFO - [2025-07-27T19:51:54.037+0200] {dag.py:3954} INFO - Setting next_dagrun for example_branch_dop_operator_v3 to 2025-07-27 17:50:00+00:00, run_after=2025-07-27 17:51:00+00:00
[2025-07-27T19:51:54.061+0200] {processor.py:183} INFO - Processing /home/leoja/airflow/airflow_venv/lib/python3.12/site-packages/airflow/example_dags/example_branch_python_dop_operator_3.py took 0.079 seconds
[2025-07-27T19:53:03.241+0200] {processor.py:161} INFO - Started process (PID=6939) to work on /home/leoja/airflow/airflow_venv/lib/python3.12/site-packages/airflow/example_dags/example_branch_python_dop_operator_3.py
[2025-07-27T19:53:03.243+0200] {processor.py:830} INFO - Processing file /home/leoja/airflow/airflow_venv/lib/python3.12/site-packages/airflow/example_dags/example_branch_python_dop_operator_3.py for tasks to queue
[2025-07-27T19:53:03.245+0200] {logging_mixin.py:188} INFO - [2025-07-27T19:53:03.244+0200] {dagbag.py:540} INFO - Filling up the DagBag from /home/leoja/airflow/airflow_venv/lib/python3.12/site-packages/airflow/example_dags/example_branch_python_dop_operator_3.py
[2025-07-27T19:53:03.253+0200] {processor.py:840} INFO - DAG(s) 'example_branch_dop_operator_v3' retrieved from /home/leoja/airflow/airflow_venv/lib/python3.12/site-packages/airflow/example_dags/example_branch_python_dop_operator_3.py
[2025-07-27T19:53:03.269+0200] {logging_mixin.py:188} INFO - [2025-07-27T19:53:03.269+0200] {dag.py:3096} INFO - Sync 1 DAGs
[2025-07-27T19:53:03.290+0200] {logging_mixin.py:188} INFO - [2025-07-27T19:53:03.289+0200] {dag.py:3954} INFO - Setting next_dagrun for example_branch_dop_operator_v3 to 2025-07-27 17:52:00+00:00, run_after=2025-07-27 17:53:00+00:00
[2025-07-27T19:53:03.313+0200] {processor.py:183} INFO - Processing /home/leoja/airflow/airflow_venv/lib/python3.12/site-packages/airflow/example_dags/example_branch_python_dop_operator_3.py took 0.078 seconds
[2025-07-27T19:54:12.711+0200] {processor.py:161} INFO - Started process (PID=7357) to work on /home/leoja/airflow/airflow_venv/lib/python3.12/site-packages/airflow/example_dags/example_branch_python_dop_operator_3.py
[2025-07-27T19:54:12.713+0200] {processor.py:830} INFO - Processing file /home/leoja/airflow/airflow_venv/lib/python3.12/site-packages/airflow/example_dags/example_branch_python_dop_operator_3.py for tasks to queue
[2025-07-27T19:54:12.714+0200] {logging_mixin.py:188} INFO - [2025-07-27T19:54:12.714+0200] {dagbag.py:540} INFO - Filling up the DagBag from /home/leoja/airflow/airflow_venv/lib/python3.12/site-packages/airflow/example_dags/example_branch_python_dop_operator_3.py
[2025-07-27T19:54:12.722+0200] {processor.py:840} INFO - DAG(s) 'example_branch_dop_operator_v3' retrieved from /home/leoja/airflow/airflow_venv/lib/python3.12/site-packages/airflow/example_dags/example_branch_python_dop_operator_3.py
[2025-07-27T19:54:12.736+0200] {logging_mixin.py:188} INFO - [2025-07-27T19:54:12.736+0200] {dag.py:3096} INFO - Sync 1 DAGs
[2025-07-27T19:54:12.754+0200] {logging_mixin.py:188} INFO - [2025-07-27T19:54:12.754+0200] {dag.py:3954} INFO - Setting next_dagrun for example_branch_dop_operator_v3 to 2025-07-27 17:53:00+00:00, run_after=2025-07-27 17:54:00+00:00
[2025-07-27T19:54:12.774+0200] {processor.py:183} INFO - Processing /home/leoja/airflow/airflow_venv/lib/python3.12/site-packages/airflow/example_dags/example_branch_python_dop_operator_3.py took 0.067 seconds
[2025-07-27T19:55:26.335+0200] {processor.py:161} INFO - Started process (PID=7763) to work on /home/leoja/airflow/airflow_venv/lib/python3.12/site-packages/airflow/example_dags/example_branch_python_dop_operator_3.py
[2025-07-27T19:55:26.337+0200] {processor.py:830} INFO - Processing file /home/leoja/airflow/airflow_venv/lib/python3.12/site-packages/airflow/example_dags/example_branch_python_dop_operator_3.py for tasks to queue
[2025-07-27T19:55:26.338+0200] {logging_mixin.py:188} INFO - [2025-07-27T19:55:26.338+0200] {dagbag.py:540} INFO - Filling up the DagBag from /home/leoja/airflow/airflow_venv/lib/python3.12/site-packages/airflow/example_dags/example_branch_python_dop_operator_3.py
[2025-07-27T19:55:26.345+0200] {processor.py:840} INFO - DAG(s) 'example_branch_dop_operator_v3' retrieved from /home/leoja/airflow/airflow_venv/lib/python3.12/site-packages/airflow/example_dags/example_branch_python_dop_operator_3.py
[2025-07-27T19:55:26.362+0200] {logging_mixin.py:188} INFO - [2025-07-27T19:55:26.362+0200] {dag.py:3096} INFO - Sync 1 DAGs
[2025-07-27T19:55:26.382+0200] {logging_mixin.py:188} INFO - [2025-07-27T19:55:26.382+0200] {dag.py:3954} INFO - Setting next_dagrun for example_branch_dop_operator_v3 to 2025-07-27 17:54:00+00:00, run_after=2025-07-27 17:55:00+00:00
[2025-07-27T19:55:26.403+0200] {processor.py:183} INFO - Processing /home/leoja/airflow/airflow_venv/lib/python3.12/site-packages/airflow/example_dags/example_branch_python_dop_operator_3.py took 0.074 seconds
[2025-07-27T19:56:42.872+0200] {processor.py:161} INFO - Started process (PID=8176) to work on /home/leoja/airflow/airflow_venv/lib/python3.12/site-packages/airflow/example_dags/example_branch_python_dop_operator_3.py
[2025-07-27T19:56:42.874+0200] {processor.py:830} INFO - Processing file /home/leoja/airflow/airflow_venv/lib/python3.12/site-packages/airflow/example_dags/example_branch_python_dop_operator_3.py for tasks to queue
[2025-07-27T19:56:42.875+0200] {logging_mixin.py:188} INFO - [2025-07-27T19:56:42.874+0200] {dagbag.py:540} INFO - Filling up the DagBag from /home/leoja/airflow/airflow_venv/lib/python3.12/site-packages/airflow/example_dags/example_branch_python_dop_operator_3.py
[2025-07-27T19:56:42.881+0200] {processor.py:840} INFO - DAG(s) 'example_branch_dop_operator_v3' retrieved from /home/leoja/airflow/airflow_venv/lib/python3.12/site-packages/airflow/example_dags/example_branch_python_dop_operator_3.py
[2025-07-27T19:56:42.894+0200] {logging_mixin.py:188} INFO - [2025-07-27T19:56:42.894+0200] {dag.py:3096} INFO - Sync 1 DAGs
[2025-07-27T19:56:42.910+0200] {logging_mixin.py:188} INFO - [2025-07-27T19:56:42.910+0200] {dag.py:3954} INFO - Setting next_dagrun for example_branch_dop_operator_v3 to 2025-07-27 17:55:00+00:00, run_after=2025-07-27 17:56:00+00:00
[2025-07-27T19:56:42.929+0200] {processor.py:183} INFO - Processing /home/leoja/airflow/airflow_venv/lib/python3.12/site-packages/airflow/example_dags/example_branch_python_dop_operator_3.py took 0.061 seconds
[2025-07-27T19:58:02.394+0200] {processor.py:161} INFO - Started process (PID=8613) to work on /home/leoja/airflow/airflow_venv/lib/python3.12/site-packages/airflow/example_dags/example_branch_python_dop_operator_3.py
[2025-07-27T19:58:02.396+0200] {processor.py:830} INFO - Processing file /home/leoja/airflow/airflow_venv/lib/python3.12/site-packages/airflow/example_dags/example_branch_python_dop_operator_3.py for tasks to queue
[2025-07-27T19:58:02.398+0200] {logging_mixin.py:188} INFO - [2025-07-27T19:58:02.397+0200] {dagbag.py:540} INFO - Filling up the DagBag from /home/leoja/airflow/airflow_venv/lib/python3.12/site-packages/airflow/example_dags/example_branch_python_dop_operator_3.py
[2025-07-27T19:58:02.405+0200] {processor.py:840} INFO - DAG(s) 'example_branch_dop_operator_v3' retrieved from /home/leoja/airflow/airflow_venv/lib/python3.12/site-packages/airflow/example_dags/example_branch_python_dop_operator_3.py
[2025-07-27T19:58:02.417+0200] {logging_mixin.py:188} INFO - [2025-07-27T19:58:02.417+0200] {dag.py:3096} INFO - Sync 1 DAGs
[2025-07-27T19:58:02.432+0200] {logging_mixin.py:188} INFO - [2025-07-27T19:58:02.432+0200] {dag.py:3954} INFO - Setting next_dagrun for example_branch_dop_operator_v3 to 2025-07-27 17:57:00+00:00, run_after=2025-07-27 17:58:00+00:00
[2025-07-27T19:58:02.452+0200] {processor.py:183} INFO - Processing /home/leoja/airflow/airflow_venv/lib/python3.12/site-packages/airflow/example_dags/example_branch_python_dop_operator_3.py took 0.064 seconds
[2025-07-27T19:59:14.223+0200] {processor.py:161} INFO - Started process (PID=9025) to work on /home/leoja/airflow/airflow_venv/lib/python3.12/site-packages/airflow/example_dags/example_branch_python_dop_operator_3.py
[2025-07-27T19:59:14.225+0200] {processor.py:830} INFO - Processing file /home/leoja/airflow/airflow_venv/lib/python3.12/site-packages/airflow/example_dags/example_branch_python_dop_operator_3.py for tasks to queue
[2025-07-27T19:59:14.226+0200] {logging_mixin.py:188} INFO - [2025-07-27T19:59:14.226+0200] {dagbag.py:540} INFO - Filling up the DagBag from /home/leoja/airflow/airflow_venv/lib/python3.12/site-packages/airflow/example_dags/example_branch_python_dop_operator_3.py
[2025-07-27T19:59:14.232+0200] {processor.py:840} INFO - DAG(s) 'example_branch_dop_operator_v3' retrieved from /home/leoja/airflow/airflow_venv/lib/python3.12/site-packages/airflow/example_dags/example_branch_python_dop_operator_3.py
[2025-07-27T19:59:14.247+0200] {logging_mixin.py:188} INFO - [2025-07-27T19:59:14.246+0200] {dag.py:3096} INFO - Sync 1 DAGs
[2025-07-27T19:59:14.262+0200] {logging_mixin.py:188} INFO - [2025-07-27T19:59:14.262+0200] {dag.py:3954} INFO - Setting next_dagrun for example_branch_dop_operator_v3 to 2025-07-27 17:58:00+00:00, run_after=2025-07-27 17:59:00+00:00
[2025-07-27T19:59:14.381+0200] {processor.py:183} INFO - Processing /home/leoja/airflow/airflow_venv/lib/python3.12/site-packages/airflow/example_dags/example_branch_python_dop_operator_3.py took 0.163 seconds
[2025-07-27T20:00:33.152+0200] {processor.py:161} INFO - Started process (PID=9434) to work on /home/leoja/airflow/airflow_venv/lib/python3.12/site-packages/airflow/example_dags/example_branch_python_dop_operator_3.py
[2025-07-27T20:00:33.154+0200] {processor.py:830} INFO - Processing file /home/leoja/airflow/airflow_venv/lib/python3.12/site-packages/airflow/example_dags/example_branch_python_dop_operator_3.py for tasks to queue
[2025-07-27T20:00:33.156+0200] {logging_mixin.py:188} INFO - [2025-07-27T20:00:33.155+0200] {dagbag.py:540} INFO - Filling up the DagBag from /home/leoja/airflow/airflow_venv/lib/python3.12/site-packages/airflow/example_dags/example_branch_python_dop_operator_3.py
[2025-07-27T20:00:33.166+0200] {processor.py:840} INFO - DAG(s) 'example_branch_dop_operator_v3' retrieved from /home/leoja/airflow/airflow_venv/lib/python3.12/site-packages/airflow/example_dags/example_branch_python_dop_operator_3.py
[2025-07-27T20:00:33.183+0200] {logging_mixin.py:188} INFO - [2025-07-27T20:00:33.183+0200] {dag.py:3096} INFO - Sync 1 DAGs
[2025-07-27T20:00:33.315+0200] {logging_mixin.py:188} INFO - [2025-07-27T20:00:33.314+0200] {dag.py:3954} INFO - Setting next_dagrun for example_branch_dop_operator_v3 to 2025-07-27 17:59:00+00:00, run_after=2025-07-27 18:00:00+00:00
[2025-07-27T20:00:33.339+0200] {processor.py:183} INFO - Processing /home/leoja/airflow/airflow_venv/lib/python3.12/site-packages/airflow/example_dags/example_branch_python_dop_operator_3.py took 0.194 seconds
[2025-07-27T20:01:55.370+0200] {processor.py:161} INFO - Started process (PID=9881) to work on /home/leoja/airflow/airflow_venv/lib/python3.12/site-packages/airflow/example_dags/example_branch_python_dop_operator_3.py
[2025-07-27T20:01:55.372+0200] {processor.py:830} INFO - Processing file /home/leoja/airflow/airflow_venv/lib/python3.12/site-packages/airflow/example_dags/example_branch_python_dop_operator_3.py for tasks to queue
[2025-07-27T20:01:55.374+0200] {logging_mixin.py:188} INFO - [2025-07-27T20:01:55.374+0200] {dagbag.py:540} INFO - Filling up the DagBag from /home/leoja/airflow/airflow_venv/lib/python3.12/site-packages/airflow/example_dags/example_branch_python_dop_operator_3.py
[2025-07-27T20:01:55.390+0200] {processor.py:840} INFO - DAG(s) 'example_branch_dop_operator_v3' retrieved from /home/leoja/airflow/airflow_venv/lib/python3.12/site-packages/airflow/example_dags/example_branch_python_dop_operator_3.py
[2025-07-27T20:01:55.413+0200] {logging_mixin.py:188} INFO - [2025-07-27T20:01:55.412+0200] {dag.py:3096} INFO - Sync 1 DAGs
[2025-07-27T20:01:55.440+0200] {logging_mixin.py:188} INFO - [2025-07-27T20:01:55.440+0200] {dag.py:3954} INFO - Setting next_dagrun for example_branch_dop_operator_v3 to 2025-07-27 18:00:00+00:00, run_after=2025-07-27 18:01:00+00:00
[2025-07-27T20:01:55.468+0200] {processor.py:183} INFO - Processing /home/leoja/airflow/airflow_venv/lib/python3.12/site-packages/airflow/example_dags/example_branch_python_dop_operator_3.py took 0.111 seconds
[2025-07-27T20:02:55.257+0200] {processor.py:161} INFO - Started process (PID=10211) to work on /home/leoja/airflow/airflow_venv/lib/python3.12/site-packages/airflow/example_dags/example_branch_python_dop_operator_3.py
[2025-07-27T20:02:55.258+0200] {processor.py:830} INFO - Processing file /home/leoja/airflow/airflow_venv/lib/python3.12/site-packages/airflow/example_dags/example_branch_python_dop_operator_3.py for tasks to queue
[2025-07-27T20:02:55.262+0200] {logging_mixin.py:188} INFO - [2025-07-27T20:02:55.261+0200] {dagbag.py:540} INFO - Filling up the DagBag from /home/leoja/airflow/airflow_venv/lib/python3.12/site-packages/airflow/example_dags/example_branch_python_dop_operator_3.py
[2025-07-27T20:02:55.272+0200] {processor.py:840} INFO - DAG(s) 'example_branch_dop_operator_v3' retrieved from /home/leoja/airflow/airflow_venv/lib/python3.12/site-packages/airflow/example_dags/example_branch_python_dop_operator_3.py
[2025-07-27T20:02:55.292+0200] {logging_mixin.py:188} INFO - [2025-07-27T20:02:55.291+0200] {dag.py:3096} INFO - Sync 1 DAGs
[2025-07-27T20:02:55.462+0200] {logging_mixin.py:188} INFO - [2025-07-27T20:02:55.462+0200] {dag.py:3954} INFO - Setting next_dagrun for example_branch_dop_operator_v3 to 2025-07-27 18:01:00+00:00, run_after=2025-07-27 18:02:00+00:00
[2025-07-27T20:02:55.492+0200] {processor.py:183} INFO - Processing /home/leoja/airflow/airflow_venv/lib/python3.12/site-packages/airflow/example_dags/example_branch_python_dop_operator_3.py took 0.240 seconds
[2025-07-27T20:03:58.579+0200] {processor.py:161} INFO - Started process (PID=10547) to work on /home/leoja/airflow/airflow_venv/lib/python3.12/site-packages/airflow/example_dags/example_branch_python_dop_operator_3.py
[2025-07-27T20:03:58.582+0200] {processor.py:830} INFO - Processing file /home/leoja/airflow/airflow_venv/lib/python3.12/site-packages/airflow/example_dags/example_branch_python_dop_operator_3.py for tasks to queue
[2025-07-27T20:03:58.584+0200] {logging_mixin.py:188} INFO - [2025-07-27T20:03:58.584+0200] {dagbag.py:540} INFO - Filling up the DagBag from /home/leoja/airflow/airflow_venv/lib/python3.12/site-packages/airflow/example_dags/example_branch_python_dop_operator_3.py
[2025-07-27T20:03:58.601+0200] {processor.py:840} INFO - DAG(s) 'example_branch_dop_operator_v3' retrieved from /home/leoja/airflow/airflow_venv/lib/python3.12/site-packages/airflow/example_dags/example_branch_python_dop_operator_3.py
[2025-07-27T20:03:58.619+0200] {logging_mixin.py:188} INFO - [2025-07-27T20:03:58.618+0200] {dag.py:3096} INFO - Sync 1 DAGs
[2025-07-27T20:03:58.639+0200] {logging_mixin.py:188} INFO - [2025-07-27T20:03:58.639+0200] {dag.py:3954} INFO - Setting next_dagrun for example_branch_dop_operator_v3 to 2025-07-27 18:02:00+00:00, run_after=2025-07-27 18:03:00+00:00
[2025-07-27T20:03:58.666+0200] {processor.py:183} INFO - Processing /home/leoja/airflow/airflow_venv/lib/python3.12/site-packages/airflow/example_dags/example_branch_python_dop_operator_3.py took 0.102 seconds
[2025-07-27T20:05:17.494+0200] {processor.py:161} INFO - Started process (PID=11019) to work on /home/leoja/airflow/airflow_venv/lib/python3.12/site-packages/airflow/example_dags/example_branch_python_dop_operator_3.py
[2025-07-27T20:05:17.497+0200] {processor.py:830} INFO - Processing file /home/leoja/airflow/airflow_venv/lib/python3.12/site-packages/airflow/example_dags/example_branch_python_dop_operator_3.py for tasks to queue
[2025-07-27T20:05:17.501+0200] {logging_mixin.py:188} INFO - [2025-07-27T20:05:17.500+0200] {dagbag.py:540} INFO - Filling up the DagBag from /home/leoja/airflow/airflow_venv/lib/python3.12/site-packages/airflow/example_dags/example_branch_python_dop_operator_3.py
[2025-07-27T20:05:17.520+0200] {processor.py:840} INFO - DAG(s) 'example_branch_dop_operator_v3' retrieved from /home/leoja/airflow/airflow_venv/lib/python3.12/site-packages/airflow/example_dags/example_branch_python_dop_operator_3.py
[2025-07-27T20:05:17.549+0200] {logging_mixin.py:188} INFO - [2025-07-27T20:05:17.549+0200] {dag.py:3096} INFO - Sync 1 DAGs
[2025-07-27T20:05:17.569+0200] {logging_mixin.py:188} INFO - [2025-07-27T20:05:17.569+0200] {dag.py:3954} INFO - Setting next_dagrun for example_branch_dop_operator_v3 to 2025-07-27 18:04:00+00:00, run_after=2025-07-27 18:05:00+00:00
[2025-07-27T20:05:17.598+0200] {processor.py:183} INFO - Processing /home/leoja/airflow/airflow_venv/lib/python3.12/site-packages/airflow/example_dags/example_branch_python_dop_operator_3.py took 0.115 seconds
[2025-07-27T20:06:37.642+0200] {processor.py:161} INFO - Started process (PID=11432) to work on /home/leoja/airflow/airflow_venv/lib/python3.12/site-packages/airflow/example_dags/example_branch_python_dop_operator_3.py
[2025-07-27T20:06:37.645+0200] {processor.py:830} INFO - Processing file /home/leoja/airflow/airflow_venv/lib/python3.12/site-packages/airflow/example_dags/example_branch_python_dop_operator_3.py for tasks to queue
[2025-07-27T20:06:37.649+0200] {logging_mixin.py:188} INFO - [2025-07-27T20:06:37.648+0200] {dagbag.py:540} INFO - Filling up the DagBag from /home/leoja/airflow/airflow_venv/lib/python3.12/site-packages/airflow/example_dags/example_branch_python_dop_operator_3.py
[2025-07-27T20:06:37.662+0200] {processor.py:840} INFO - DAG(s) 'example_branch_dop_operator_v3' retrieved from /home/leoja/airflow/airflow_venv/lib/python3.12/site-packages/airflow/example_dags/example_branch_python_dop_operator_3.py
[2025-07-27T20:06:37.679+0200] {logging_mixin.py:188} INFO - [2025-07-27T20:06:37.679+0200] {dag.py:3096} INFO - Sync 1 DAGs
[2025-07-27T20:06:37.698+0200] {logging_mixin.py:188} INFO - [2025-07-27T20:06:37.698+0200] {dag.py:3954} INFO - Setting next_dagrun for example_branch_dop_operator_v3 to 2025-07-27 18:05:00+00:00, run_after=2025-07-27 18:06:00+00:00
[2025-07-27T20:06:37.722+0200] {processor.py:183} INFO - Processing /home/leoja/airflow/airflow_venv/lib/python3.12/site-packages/airflow/example_dags/example_branch_python_dop_operator_3.py took 0.094 seconds
[2025-07-27T20:07:34.650+0200] {processor.py:161} INFO - Started process (PID=11764) to work on /home/leoja/airflow/airflow_venv/lib/python3.12/site-packages/airflow/example_dags/example_branch_python_dop_operator_3.py
[2025-07-27T20:07:34.653+0200] {processor.py:830} INFO - Processing file /home/leoja/airflow/airflow_venv/lib/python3.12/site-packages/airflow/example_dags/example_branch_python_dop_operator_3.py for tasks to queue
[2025-07-27T20:07:34.655+0200] {logging_mixin.py:188} INFO - [2025-07-27T20:07:34.654+0200] {dagbag.py:540} INFO - Filling up the DagBag from /home/leoja/airflow/airflow_venv/lib/python3.12/site-packages/airflow/example_dags/example_branch_python_dop_operator_3.py
[2025-07-27T20:07:34.666+0200] {processor.py:840} INFO - DAG(s) 'example_branch_dop_operator_v3' retrieved from /home/leoja/airflow/airflow_venv/lib/python3.12/site-packages/airflow/example_dags/example_branch_python_dop_operator_3.py
[2025-07-27T20:07:34.687+0200] {logging_mixin.py:188} INFO - [2025-07-27T20:07:34.687+0200] {dag.py:3096} INFO - Sync 1 DAGs
[2025-07-27T20:07:34.712+0200] {logging_mixin.py:188} INFO - [2025-07-27T20:07:34.712+0200] {dag.py:3954} INFO - Setting next_dagrun for example_branch_dop_operator_v3 to 2025-07-27 18:06:00+00:00, run_after=2025-07-27 18:07:00+00:00
[2025-07-27T20:07:34.739+0200] {processor.py:183} INFO - Processing /home/leoja/airflow/airflow_venv/lib/python3.12/site-packages/airflow/example_dags/example_branch_python_dop_operator_3.py took 0.101 seconds
[2025-07-27T20:08:56.363+0200] {processor.py:161} INFO - Started process (PID=12249) to work on /home/leoja/airflow/airflow_venv/lib/python3.12/site-packages/airflow/example_dags/example_branch_python_dop_operator_3.py
[2025-07-27T20:08:56.365+0200] {processor.py:830} INFO - Processing file /home/leoja/airflow/airflow_venv/lib/python3.12/site-packages/airflow/example_dags/example_branch_python_dop_operator_3.py for tasks to queue
[2025-07-27T20:08:56.368+0200] {logging_mixin.py:188} INFO - [2025-07-27T20:08:56.367+0200] {dagbag.py:540} INFO - Filling up the DagBag from /home/leoja/airflow/airflow_venv/lib/python3.12/site-packages/airflow/example_dags/example_branch_python_dop_operator_3.py
[2025-07-27T20:08:56.381+0200] {processor.py:840} INFO - DAG(s) 'example_branch_dop_operator_v3' retrieved from /home/leoja/airflow/airflow_venv/lib/python3.12/site-packages/airflow/example_dags/example_branch_python_dop_operator_3.py
[2025-07-27T20:08:56.400+0200] {logging_mixin.py:188} INFO - [2025-07-27T20:08:56.400+0200] {dag.py:3096} INFO - Sync 1 DAGs
[2025-07-27T20:08:56.424+0200] {logging_mixin.py:188} INFO - [2025-07-27T20:08:56.424+0200] {dag.py:3954} INFO - Setting next_dagrun for example_branch_dop_operator_v3 to 2025-07-27 18:07:00+00:00, run_after=2025-07-27 18:08:00+00:00
[2025-07-27T20:08:56.451+0200] {processor.py:183} INFO - Processing /home/leoja/airflow/airflow_venv/lib/python3.12/site-packages/airflow/example_dags/example_branch_python_dop_operator_3.py took 0.095 seconds
[2025-07-27T20:10:19.514+0200] {processor.py:161} INFO - Started process (PID=12725) to work on /home/leoja/airflow/airflow_venv/lib/python3.12/site-packages/airflow/example_dags/example_branch_python_dop_operator_3.py
[2025-07-27T20:10:19.517+0200] {processor.py:830} INFO - Processing file /home/leoja/airflow/airflow_venv/lib/python3.12/site-packages/airflow/example_dags/example_branch_python_dop_operator_3.py for tasks to queue
[2025-07-27T20:10:19.520+0200] {logging_mixin.py:188} INFO - [2025-07-27T20:10:19.519+0200] {dagbag.py:540} INFO - Filling up the DagBag from /home/leoja/airflow/airflow_venv/lib/python3.12/site-packages/airflow/example_dags/example_branch_python_dop_operator_3.py
[2025-07-27T20:10:19.537+0200] {processor.py:840} INFO - DAG(s) 'example_branch_dop_operator_v3' retrieved from /home/leoja/airflow/airflow_venv/lib/python3.12/site-packages/airflow/example_dags/example_branch_python_dop_operator_3.py
[2025-07-27T20:10:19.556+0200] {logging_mixin.py:188} INFO - [2025-07-27T20:10:19.556+0200] {dag.py:3096} INFO - Sync 1 DAGs
[2025-07-27T20:10:19.582+0200] {logging_mixin.py:188} INFO - [2025-07-27T20:10:19.582+0200] {dag.py:3954} INFO - Setting next_dagrun for example_branch_dop_operator_v3 to 2025-07-27 18:09:00+00:00, run_after=2025-07-27 18:10:00+00:00
[2025-07-27T20:10:19.615+0200] {processor.py:183} INFO - Processing /home/leoja/airflow/airflow_venv/lib/python3.12/site-packages/airflow/example_dags/example_branch_python_dop_operator_3.py took 0.113 seconds
[2025-07-27T20:11:19.183+0200] {processor.py:161} INFO - Started process (PID=13035) to work on /home/leoja/airflow/airflow_venv/lib/python3.12/site-packages/airflow/example_dags/example_branch_python_dop_operator_3.py
[2025-07-27T20:11:19.186+0200] {processor.py:830} INFO - Processing file /home/leoja/airflow/airflow_venv/lib/python3.12/site-packages/airflow/example_dags/example_branch_python_dop_operator_3.py for tasks to queue
[2025-07-27T20:11:19.190+0200] {logging_mixin.py:188} INFO - [2025-07-27T20:11:19.189+0200] {dagbag.py:540} INFO - Filling up the DagBag from /home/leoja/airflow/airflow_venv/lib/python3.12/site-packages/airflow/example_dags/example_branch_python_dop_operator_3.py
[2025-07-27T20:11:19.205+0200] {processor.py:840} INFO - DAG(s) 'example_branch_dop_operator_v3' retrieved from /home/leoja/airflow/airflow_venv/lib/python3.12/site-packages/airflow/example_dags/example_branch_python_dop_operator_3.py
[2025-07-27T20:11:19.224+0200] {logging_mixin.py:188} INFO - [2025-07-27T20:11:19.223+0200] {dag.py:3096} INFO - Sync 1 DAGs
[2025-07-27T20:11:19.252+0200] {logging_mixin.py:188} INFO - [2025-07-27T20:11:19.252+0200] {dag.py:3954} INFO - Setting next_dagrun for example_branch_dop_operator_v3 to 2025-07-27 18:10:00+00:00, run_after=2025-07-27 18:11:00+00:00
[2025-07-27T20:11:19.277+0200] {processor.py:183} INFO - Processing /home/leoja/airflow/airflow_venv/lib/python3.12/site-packages/airflow/example_dags/example_branch_python_dop_operator_3.py took 0.106 seconds
[2025-07-27T20:12:38.372+0200] {processor.py:161} INFO - Started process (PID=13474) to work on /home/leoja/airflow/airflow_venv/lib/python3.12/site-packages/airflow/example_dags/example_branch_python_dop_operator_3.py
[2025-07-27T20:12:38.374+0200] {processor.py:830} INFO - Processing file /home/leoja/airflow/airflow_venv/lib/python3.12/site-packages/airflow/example_dags/example_branch_python_dop_operator_3.py for tasks to queue
[2025-07-27T20:12:38.377+0200] {logging_mixin.py:188} INFO - [2025-07-27T20:12:38.376+0200] {dagbag.py:540} INFO - Filling up the DagBag from /home/leoja/airflow/airflow_venv/lib/python3.12/site-packages/airflow/example_dags/example_branch_python_dop_operator_3.py
[2025-07-27T20:12:38.392+0200] {processor.py:840} INFO - DAG(s) 'example_branch_dop_operator_v3' retrieved from /home/leoja/airflow/airflow_venv/lib/python3.12/site-packages/airflow/example_dags/example_branch_python_dop_operator_3.py
[2025-07-27T20:12:38.410+0200] {logging_mixin.py:188} INFO - [2025-07-27T20:12:38.409+0200] {dag.py:3096} INFO - Sync 1 DAGs
[2025-07-27T20:12:38.438+0200] {logging_mixin.py:188} INFO - [2025-07-27T20:12:38.437+0200] {dag.py:3954} INFO - Setting next_dagrun for example_branch_dop_operator_v3 to 2025-07-27 18:11:00+00:00, run_after=2025-07-27 18:12:00+00:00
[2025-07-27T20:12:38.466+0200] {processor.py:183} INFO - Processing /home/leoja/airflow/airflow_venv/lib/python3.12/site-packages/airflow/example_dags/example_branch_python_dop_operator_3.py took 0.106 seconds
[2025-07-27T20:14:04.050+0200] {processor.py:161} INFO - Started process (PID=13951) to work on /home/leoja/airflow/airflow_venv/lib/python3.12/site-packages/airflow/example_dags/example_branch_python_dop_operator_3.py
[2025-07-27T20:14:04.052+0200] {processor.py:830} INFO - Processing file /home/leoja/airflow/airflow_venv/lib/python3.12/site-packages/airflow/example_dags/example_branch_python_dop_operator_3.py for tasks to queue
[2025-07-27T20:14:04.054+0200] {logging_mixin.py:188} INFO - [2025-07-27T20:14:04.053+0200] {dagbag.py:540} INFO - Filling up the DagBag from /home/leoja/airflow/airflow_venv/lib/python3.12/site-packages/airflow/example_dags/example_branch_python_dop_operator_3.py
[2025-07-27T20:14:04.063+0200] {processor.py:840} INFO - DAG(s) 'example_branch_dop_operator_v3' retrieved from /home/leoja/airflow/airflow_venv/lib/python3.12/site-packages/airflow/example_dags/example_branch_python_dop_operator_3.py
[2025-07-27T20:14:04.079+0200] {logging_mixin.py:188} INFO - [2025-07-27T20:14:04.078+0200] {dag.py:3096} INFO - Sync 1 DAGs
[2025-07-27T20:14:04.104+0200] {logging_mixin.py:188} INFO - [2025-07-27T20:14:04.104+0200] {dag.py:3954} INFO - Setting next_dagrun for example_branch_dop_operator_v3 to 2025-07-27 18:13:00+00:00, run_after=2025-07-27 18:14:00+00:00
[2025-07-27T20:14:04.140+0200] {processor.py:183} INFO - Processing /home/leoja/airflow/airflow_venv/lib/python3.12/site-packages/airflow/example_dags/example_branch_python_dop_operator_3.py took 0.098 seconds
[2025-07-27T20:15:05.140+0200] {processor.py:161} INFO - Started process (PID=14294) to work on /home/leoja/airflow/airflow_venv/lib/python3.12/site-packages/airflow/example_dags/example_branch_python_dop_operator_3.py
[2025-07-27T20:15:05.141+0200] {processor.py:830} INFO - Processing file /home/leoja/airflow/airflow_venv/lib/python3.12/site-packages/airflow/example_dags/example_branch_python_dop_operator_3.py for tasks to queue
[2025-07-27T20:15:05.143+0200] {logging_mixin.py:188} INFO - [2025-07-27T20:15:05.142+0200] {dagbag.py:540} INFO - Filling up the DagBag from /home/leoja/airflow/airflow_venv/lib/python3.12/site-packages/airflow/example_dags/example_branch_python_dop_operator_3.py
[2025-07-27T20:15:05.151+0200] {processor.py:840} INFO - DAG(s) 'example_branch_dop_operator_v3' retrieved from /home/leoja/airflow/airflow_venv/lib/python3.12/site-packages/airflow/example_dags/example_branch_python_dop_operator_3.py
[2025-07-27T20:15:05.167+0200] {logging_mixin.py:188} INFO - [2025-07-27T20:15:05.167+0200] {dag.py:3096} INFO - Sync 1 DAGs
[2025-07-27T20:15:05.188+0200] {logging_mixin.py:188} INFO - [2025-07-27T20:15:05.188+0200] {dag.py:3954} INFO - Setting next_dagrun for example_branch_dop_operator_v3 to 2025-07-27 18:14:00+00:00, run_after=2025-07-27 18:15:00+00:00
[2025-07-27T20:15:05.213+0200] {processor.py:183} INFO - Processing /home/leoja/airflow/airflow_venv/lib/python3.12/site-packages/airflow/example_dags/example_branch_python_dop_operator_3.py took 0.081 seconds
[2025-07-27T20:16:24.045+0200] {processor.py:161} INFO - Started process (PID=14702) to work on /home/leoja/airflow/airflow_venv/lib/python3.12/site-packages/airflow/example_dags/example_branch_python_dop_operator_3.py
[2025-07-27T20:16:24.047+0200] {processor.py:830} INFO - Processing file /home/leoja/airflow/airflow_venv/lib/python3.12/site-packages/airflow/example_dags/example_branch_python_dop_operator_3.py for tasks to queue
[2025-07-27T20:16:24.051+0200] {logging_mixin.py:188} INFO - [2025-07-27T20:16:24.050+0200] {dagbag.py:540} INFO - Filling up the DagBag from /home/leoja/airflow/airflow_venv/lib/python3.12/site-packages/airflow/example_dags/example_branch_python_dop_operator_3.py
[2025-07-27T20:16:24.063+0200] {processor.py:840} INFO - DAG(s) 'example_branch_dop_operator_v3' retrieved from /home/leoja/airflow/airflow_venv/lib/python3.12/site-packages/airflow/example_dags/example_branch_python_dop_operator_3.py
[2025-07-27T20:16:24.080+0200] {logging_mixin.py:188} INFO - [2025-07-27T20:16:24.079+0200] {dag.py:3096} INFO - Sync 1 DAGs
[2025-07-27T20:16:24.099+0200] {logging_mixin.py:188} INFO - [2025-07-27T20:16:24.098+0200] {dag.py:3954} INFO - Setting next_dagrun for example_branch_dop_operator_v3 to 2025-07-27 18:15:00+00:00, run_after=2025-07-27 18:16:00+00:00
[2025-07-27T20:16:24.125+0200] {processor.py:183} INFO - Processing /home/leoja/airflow/airflow_venv/lib/python3.12/site-packages/airflow/example_dags/example_branch_python_dop_operator_3.py took 0.093 seconds
[2025-07-27T20:17:21.188+0200] {processor.py:161} INFO - Started process (PID=15033) to work on /home/leoja/airflow/airflow_venv/lib/python3.12/site-packages/airflow/example_dags/example_branch_python_dop_operator_3.py
[2025-07-27T20:17:21.190+0200] {processor.py:830} INFO - Processing file /home/leoja/airflow/airflow_venv/lib/python3.12/site-packages/airflow/example_dags/example_branch_python_dop_operator_3.py for tasks to queue
[2025-07-27T20:17:21.193+0200] {logging_mixin.py:188} INFO - [2025-07-27T20:17:21.193+0200] {dagbag.py:540} INFO - Filling up the DagBag from /home/leoja/airflow/airflow_venv/lib/python3.12/site-packages/airflow/example_dags/example_branch_python_dop_operator_3.py
[2025-07-27T20:17:21.206+0200] {processor.py:840} INFO - DAG(s) 'example_branch_dop_operator_v3' retrieved from /home/leoja/airflow/airflow_venv/lib/python3.12/site-packages/airflow/example_dags/example_branch_python_dop_operator_3.py
[2025-07-27T20:17:21.223+0200] {logging_mixin.py:188} INFO - [2025-07-27T20:17:21.222+0200] {dag.py:3096} INFO - Sync 1 DAGs
[2025-07-27T20:17:21.247+0200] {logging_mixin.py:188} INFO - [2025-07-27T20:17:21.247+0200] {dag.py:3954} INFO - Setting next_dagrun for example_branch_dop_operator_v3 to 2025-07-27 18:16:00+00:00, run_after=2025-07-27 18:17:00+00:00
[2025-07-27T20:17:21.276+0200] {processor.py:183} INFO - Processing /home/leoja/airflow/airflow_venv/lib/python3.12/site-packages/airflow/example_dags/example_branch_python_dop_operator_3.py took 0.098 seconds
[2025-07-27T20:18:37.820+0200] {processor.py:161} INFO - Started process (PID=15446) to work on /home/leoja/airflow/airflow_venv/lib/python3.12/site-packages/airflow/example_dags/example_branch_python_dop_operator_3.py
[2025-07-27T20:18:37.824+0200] {processor.py:830} INFO - Processing file /home/leoja/airflow/airflow_venv/lib/python3.12/site-packages/airflow/example_dags/example_branch_python_dop_operator_3.py for tasks to queue
[2025-07-27T20:18:37.828+0200] {logging_mixin.py:188} INFO - [2025-07-27T20:18:37.826+0200] {dagbag.py:540} INFO - Filling up the DagBag from /home/leoja/airflow/airflow_venv/lib/python3.12/site-packages/airflow/example_dags/example_branch_python_dop_operator_3.py
[2025-07-27T20:18:37.852+0200] {processor.py:840} INFO - DAG(s) 'example_branch_dop_operator_v3' retrieved from /home/leoja/airflow/airflow_venv/lib/python3.12/site-packages/airflow/example_dags/example_branch_python_dop_operator_3.py
[2025-07-27T20:18:37.874+0200] {logging_mixin.py:188} INFO - [2025-07-27T20:18:37.873+0200] {dag.py:3096} INFO - Sync 1 DAGs
[2025-07-27T20:18:37.902+0200] {logging_mixin.py:188} INFO - [2025-07-27T20:18:37.902+0200] {dag.py:3954} INFO - Setting next_dagrun for example_branch_dop_operator_v3 to 2025-07-27 18:17:00+00:00, run_after=2025-07-27 18:18:00+00:00
[2025-07-27T20:18:37.937+0200] {processor.py:183} INFO - Processing /home/leoja/airflow/airflow_venv/lib/python3.12/site-packages/airflow/example_dags/example_branch_python_dop_operator_3.py took 0.131 seconds
[2025-07-27T20:19:59.582+0200] {processor.py:161} INFO - Started process (PID=15889) to work on /home/leoja/airflow/airflow_venv/lib/python3.12/site-packages/airflow/example_dags/example_branch_python_dop_operator_3.py
[2025-07-27T20:19:59.585+0200] {processor.py:830} INFO - Processing file /home/leoja/airflow/airflow_venv/lib/python3.12/site-packages/airflow/example_dags/example_branch_python_dop_operator_3.py for tasks to queue
[2025-07-27T20:19:59.590+0200] {logging_mixin.py:188} INFO - [2025-07-27T20:19:59.588+0200] {dagbag.py:540} INFO - Filling up the DagBag from /home/leoja/airflow/airflow_venv/lib/python3.12/site-packages/airflow/example_dags/example_branch_python_dop_operator_3.py
[2025-07-27T20:19:59.609+0200] {processor.py:840} INFO - DAG(s) 'example_branch_dop_operator_v3' retrieved from /home/leoja/airflow/airflow_venv/lib/python3.12/site-packages/airflow/example_dags/example_branch_python_dop_operator_3.py
[2025-07-27T20:19:59.627+0200] {logging_mixin.py:188} INFO - [2025-07-27T20:19:59.627+0200] {dag.py:3096} INFO - Sync 1 DAGs
[2025-07-27T20:19:59.647+0200] {logging_mixin.py:188} INFO - [2025-07-27T20:19:59.647+0200] {dag.py:3954} INFO - Setting next_dagrun for example_branch_dop_operator_v3 to 2025-07-27 18:18:00+00:00, run_after=2025-07-27 18:19:00+00:00
[2025-07-27T20:19:59.671+0200] {processor.py:183} INFO - Processing /home/leoja/airflow/airflow_venv/lib/python3.12/site-packages/airflow/example_dags/example_branch_python_dop_operator_3.py took 0.104 seconds
[2025-07-27T20:21:24.720+0200] {processor.py:161} INFO - Started process (PID=16358) to work on /home/leoja/airflow/airflow_venv/lib/python3.12/site-packages/airflow/example_dags/example_branch_python_dop_operator_3.py
[2025-07-27T20:21:24.722+0200] {processor.py:830} INFO - Processing file /home/leoja/airflow/airflow_venv/lib/python3.12/site-packages/airflow/example_dags/example_branch_python_dop_operator_3.py for tasks to queue
[2025-07-27T20:21:24.725+0200] {logging_mixin.py:188} INFO - [2025-07-27T20:21:24.724+0200] {dagbag.py:540} INFO - Filling up the DagBag from /home/leoja/airflow/airflow_venv/lib/python3.12/site-packages/airflow/example_dags/example_branch_python_dop_operator_3.py
[2025-07-27T20:21:24.739+0200] {processor.py:840} INFO - DAG(s) 'example_branch_dop_operator_v3' retrieved from /home/leoja/airflow/airflow_venv/lib/python3.12/site-packages/airflow/example_dags/example_branch_python_dop_operator_3.py
[2025-07-27T20:21:24.765+0200] {logging_mixin.py:188} INFO - [2025-07-27T20:21:24.765+0200] {dag.py:3096} INFO - Sync 1 DAGs
[2025-07-27T20:21:24.790+0200] {logging_mixin.py:188} INFO - [2025-07-27T20:21:24.790+0200] {dag.py:3954} INFO - Setting next_dagrun for example_branch_dop_operator_v3 to 2025-07-27 18:20:00+00:00, run_after=2025-07-27 18:21:00+00:00
[2025-07-27T20:21:24.829+0200] {processor.py:183} INFO - Processing /home/leoja/airflow/airflow_venv/lib/python3.12/site-packages/airflow/example_dags/example_branch_python_dop_operator_3.py took 0.118 seconds
[2025-07-27T20:22:24.436+0200] {processor.py:161} INFO - Started process (PID=16690) to work on /home/leoja/airflow/airflow_venv/lib/python3.12/site-packages/airflow/example_dags/example_branch_python_dop_operator_3.py
[2025-07-27T20:22:24.438+0200] {processor.py:830} INFO - Processing file /home/leoja/airflow/airflow_venv/lib/python3.12/site-packages/airflow/example_dags/example_branch_python_dop_operator_3.py for tasks to queue
[2025-07-27T20:22:24.441+0200] {logging_mixin.py:188} INFO - [2025-07-27T20:22:24.441+0200] {dagbag.py:540} INFO - Filling up the DagBag from /home/leoja/airflow/airflow_venv/lib/python3.12/site-packages/airflow/example_dags/example_branch_python_dop_operator_3.py
[2025-07-27T20:22:24.454+0200] {processor.py:840} INFO - DAG(s) 'example_branch_dop_operator_v3' retrieved from /home/leoja/airflow/airflow_venv/lib/python3.12/site-packages/airflow/example_dags/example_branch_python_dop_operator_3.py
[2025-07-27T20:22:24.484+0200] {logging_mixin.py:188} INFO - [2025-07-27T20:22:24.484+0200] {dag.py:3096} INFO - Sync 1 DAGs
[2025-07-27T20:22:24.504+0200] {logging_mixin.py:188} INFO - [2025-07-27T20:22:24.504+0200] {dag.py:3954} INFO - Setting next_dagrun for example_branch_dop_operator_v3 to 2025-07-27 18:21:00+00:00, run_after=2025-07-27 18:22:00+00:00
[2025-07-27T20:22:24.528+0200] {processor.py:183} INFO - Processing /home/leoja/airflow/airflow_venv/lib/python3.12/site-packages/airflow/example_dags/example_branch_python_dop_operator_3.py took 0.105 seconds
[2025-07-27T20:23:24.574+0200] {processor.py:161} INFO - Started process (PID=17002) to work on /home/leoja/airflow/airflow_venv/lib/python3.12/site-packages/airflow/example_dags/example_branch_python_dop_operator_3.py
[2025-07-27T20:23:24.576+0200] {processor.py:830} INFO - Processing file /home/leoja/airflow/airflow_venv/lib/python3.12/site-packages/airflow/example_dags/example_branch_python_dop_operator_3.py for tasks to queue
[2025-07-27T20:23:24.578+0200] {logging_mixin.py:188} INFO - [2025-07-27T20:23:24.578+0200] {dagbag.py:540} INFO - Filling up the DagBag from /home/leoja/airflow/airflow_venv/lib/python3.12/site-packages/airflow/example_dags/example_branch_python_dop_operator_3.py
[2025-07-27T20:23:24.590+0200] {processor.py:840} INFO - DAG(s) 'example_branch_dop_operator_v3' retrieved from /home/leoja/airflow/airflow_venv/lib/python3.12/site-packages/airflow/example_dags/example_branch_python_dop_operator_3.py
[2025-07-27T20:23:24.609+0200] {logging_mixin.py:188} INFO - [2025-07-27T20:23:24.608+0200] {dag.py:3096} INFO - Sync 1 DAGs
[2025-07-27T20:23:24.632+0200] {logging_mixin.py:188} INFO - [2025-07-27T20:23:24.632+0200] {dag.py:3954} INFO - Setting next_dagrun for example_branch_dop_operator_v3 to 2025-07-27 18:22:00+00:00, run_after=2025-07-27 18:23:00+00:00
[2025-07-27T20:23:24.657+0200] {processor.py:183} INFO - Processing /home/leoja/airflow/airflow_venv/lib/python3.12/site-packages/airflow/example_dags/example_branch_python_dop_operator_3.py took 0.093 seconds
[2025-07-27T20:24:19.611+0200] {processor.py:161} INFO - Started process (PID=17301) to work on /home/leoja/airflow/airflow_venv/lib/python3.12/site-packages/airflow/example_dags/example_branch_python_dop_operator_3.py
[2025-07-27T20:24:19.614+0200] {processor.py:830} INFO - Processing file /home/leoja/airflow/airflow_venv/lib/python3.12/site-packages/airflow/example_dags/example_branch_python_dop_operator_3.py for tasks to queue
[2025-07-27T20:24:19.616+0200] {logging_mixin.py:188} INFO - [2025-07-27T20:24:19.616+0200] {dagbag.py:540} INFO - Filling up the DagBag from /home/leoja/airflow/airflow_venv/lib/python3.12/site-packages/airflow/example_dags/example_branch_python_dop_operator_3.py
[2025-07-27T20:24:19.628+0200] {processor.py:840} INFO - DAG(s) 'example_branch_dop_operator_v3' retrieved from /home/leoja/airflow/airflow_venv/lib/python3.12/site-packages/airflow/example_dags/example_branch_python_dop_operator_3.py
[2025-07-27T20:24:19.645+0200] {logging_mixin.py:188} INFO - [2025-07-27T20:24:19.644+0200] {dag.py:3096} INFO - Sync 1 DAGs
[2025-07-27T20:24:19.670+0200] {logging_mixin.py:188} INFO - [2025-07-27T20:24:19.670+0200] {dag.py:3954} INFO - Setting next_dagrun for example_branch_dop_operator_v3 to 2025-07-27 18:23:00+00:00, run_after=2025-07-27 18:24:00+00:00
[2025-07-27T20:24:19.691+0200] {processor.py:183} INFO - Processing /home/leoja/airflow/airflow_venv/lib/python3.12/site-packages/airflow/example_dags/example_branch_python_dop_operator_3.py took 0.087 seconds
[2025-07-27T20:25:43.994+0200] {processor.py:161} INFO - Started process (PID=17775) to work on /home/leoja/airflow/airflow_venv/lib/python3.12/site-packages/airflow/example_dags/example_branch_python_dop_operator_3.py
[2025-07-27T20:25:43.996+0200] {processor.py:830} INFO - Processing file /home/leoja/airflow/airflow_venv/lib/python3.12/site-packages/airflow/example_dags/example_branch_python_dop_operator_3.py for tasks to queue
[2025-07-27T20:25:43.998+0200] {logging_mixin.py:188} INFO - [2025-07-27T20:25:43.998+0200] {dagbag.py:540} INFO - Filling up the DagBag from /home/leoja/airflow/airflow_venv/lib/python3.12/site-packages/airflow/example_dags/example_branch_python_dop_operator_3.py
[2025-07-27T20:25:44.007+0200] {processor.py:840} INFO - DAG(s) 'example_branch_dop_operator_v3' retrieved from /home/leoja/airflow/airflow_venv/lib/python3.12/site-packages/airflow/example_dags/example_branch_python_dop_operator_3.py
[2025-07-27T20:25:44.028+0200] {logging_mixin.py:188} INFO - [2025-07-27T20:25:44.028+0200] {dag.py:3096} INFO - Sync 1 DAGs
[2025-07-27T20:25:44.051+0200] {logging_mixin.py:188} INFO - [2025-07-27T20:25:44.051+0200] {dag.py:3954} INFO - Setting next_dagrun for example_branch_dop_operator_v3 to 2025-07-27 18:24:00+00:00, run_after=2025-07-27 18:25:00+00:00
[2025-07-27T20:25:44.076+0200] {processor.py:183} INFO - Processing /home/leoja/airflow/airflow_venv/lib/python3.12/site-packages/airflow/example_dags/example_branch_python_dop_operator_3.py took 0.095 seconds
[2025-07-27T20:27:00.558+0200] {processor.py:161} INFO - Started process (PID=18192) to work on /home/leoja/airflow/airflow_venv/lib/python3.12/site-packages/airflow/example_dags/example_branch_python_dop_operator_3.py
[2025-07-27T20:27:00.561+0200] {processor.py:830} INFO - Processing file /home/leoja/airflow/airflow_venv/lib/python3.12/site-packages/airflow/example_dags/example_branch_python_dop_operator_3.py for tasks to queue
[2025-07-27T20:27:00.564+0200] {logging_mixin.py:188} INFO - [2025-07-27T20:27:00.563+0200] {dagbag.py:540} INFO - Filling up the DagBag from /home/leoja/airflow/airflow_venv/lib/python3.12/site-packages/airflow/example_dags/example_branch_python_dop_operator_3.py
[2025-07-27T20:27:00.582+0200] {processor.py:840} INFO - DAG(s) 'example_branch_dop_operator_v3' retrieved from /home/leoja/airflow/airflow_venv/lib/python3.12/site-packages/airflow/example_dags/example_branch_python_dop_operator_3.py
[2025-07-27T20:27:00.604+0200] {logging_mixin.py:188} INFO - [2025-07-27T20:27:00.604+0200] {dag.py:3096} INFO - Sync 1 DAGs
[2025-07-27T20:27:00.625+0200] {logging_mixin.py:188} INFO - [2025-07-27T20:27:00.625+0200] {dag.py:3954} INFO - Setting next_dagrun for example_branch_dop_operator_v3 to 2025-07-27 18:26:00+00:00, run_after=2025-07-27 18:27:00+00:00
[2025-07-27T20:27:00.649+0200] {processor.py:183} INFO - Processing /home/leoja/airflow/airflow_venv/lib/python3.12/site-packages/airflow/example_dags/example_branch_python_dop_operator_3.py took 0.104 seconds
[2025-07-27T20:27:57.800+0200] {processor.py:161} INFO - Started process (PID=18501) to work on /home/leoja/airflow/airflow_venv/lib/python3.12/site-packages/airflow/example_dags/example_branch_python_dop_operator_3.py
[2025-07-27T20:27:57.806+0200] {processor.py:830} INFO - Processing file /home/leoja/airflow/airflow_venv/lib/python3.12/site-packages/airflow/example_dags/example_branch_python_dop_operator_3.py for tasks to queue
[2025-07-27T20:27:57.808+0200] {logging_mixin.py:188} INFO - [2025-07-27T20:27:57.807+0200] {dagbag.py:540} INFO - Filling up the DagBag from /home/leoja/airflow/airflow_venv/lib/python3.12/site-packages/airflow/example_dags/example_branch_python_dop_operator_3.py
[2025-07-27T20:27:57.816+0200] {processor.py:840} INFO - DAG(s) 'example_branch_dop_operator_v3' retrieved from /home/leoja/airflow/airflow_venv/lib/python3.12/site-packages/airflow/example_dags/example_branch_python_dop_operator_3.py
[2025-07-27T20:27:57.831+0200] {logging_mixin.py:188} INFO - [2025-07-27T20:27:57.831+0200] {dag.py:3096} INFO - Sync 1 DAGs
[2025-07-27T20:27:57.852+0200] {logging_mixin.py:188} INFO - [2025-07-27T20:27:57.852+0200] {dag.py:3954} INFO - Setting next_dagrun for example_branch_dop_operator_v3 to 2025-07-27 18:26:00+00:00, run_after=2025-07-27 18:27:00+00:00
[2025-07-27T20:27:57.878+0200] {processor.py:183} INFO - Processing /home/leoja/airflow/airflow_venv/lib/python3.12/site-packages/airflow/example_dags/example_branch_python_dop_operator_3.py took 0.083 seconds
[2025-07-27T20:29:05.876+0200] {processor.py:161} INFO - Started process (PID=18870) to work on /home/leoja/airflow/airflow_venv/lib/python3.12/site-packages/airflow/example_dags/example_branch_python_dop_operator_3.py
[2025-07-27T20:29:05.878+0200] {processor.py:830} INFO - Processing file /home/leoja/airflow/airflow_venv/lib/python3.12/site-packages/airflow/example_dags/example_branch_python_dop_operator_3.py for tasks to queue
[2025-07-27T20:29:05.879+0200] {logging_mixin.py:188} INFO - [2025-07-27T20:29:05.879+0200] {dagbag.py:540} INFO - Filling up the DagBag from /home/leoja/airflow/airflow_venv/lib/python3.12/site-packages/airflow/example_dags/example_branch_python_dop_operator_3.py
[2025-07-27T20:29:05.887+0200] {processor.py:840} INFO - DAG(s) 'example_branch_dop_operator_v3' retrieved from /home/leoja/airflow/airflow_venv/lib/python3.12/site-packages/airflow/example_dags/example_branch_python_dop_operator_3.py
[2025-07-27T20:29:05.900+0200] {logging_mixin.py:188} INFO - [2025-07-27T20:29:05.900+0200] {dag.py:3096} INFO - Sync 1 DAGs
[2025-07-27T20:29:05.915+0200] {logging_mixin.py:188} INFO - [2025-07-27T20:29:05.915+0200] {dag.py:3954} INFO - Setting next_dagrun for example_branch_dop_operator_v3 to 2025-07-27 18:28:00+00:00, run_after=2025-07-27 18:29:00+00:00
[2025-07-27T20:29:05.932+0200] {processor.py:183} INFO - Processing /home/leoja/airflow/airflow_venv/lib/python3.12/site-packages/airflow/example_dags/example_branch_python_dop_operator_3.py took 0.061 seconds
[2025-07-27T20:30:14.049+0200] {processor.py:161} INFO - Started process (PID=19259) to work on /home/leoja/airflow/airflow_venv/lib/python3.12/site-packages/airflow/example_dags/example_branch_python_dop_operator_3.py
[2025-07-27T20:30:14.051+0200] {processor.py:830} INFO - Processing file /home/leoja/airflow/airflow_venv/lib/python3.12/site-packages/airflow/example_dags/example_branch_python_dop_operator_3.py for tasks to queue
[2025-07-27T20:30:14.052+0200] {logging_mixin.py:188} INFO - [2025-07-27T20:30:14.052+0200] {dagbag.py:540} INFO - Filling up the DagBag from /home/leoja/airflow/airflow_venv/lib/python3.12/site-packages/airflow/example_dags/example_branch_python_dop_operator_3.py
[2025-07-27T20:30:14.059+0200] {processor.py:840} INFO - DAG(s) 'example_branch_dop_operator_v3' retrieved from /home/leoja/airflow/airflow_venv/lib/python3.12/site-packages/airflow/example_dags/example_branch_python_dop_operator_3.py
[2025-07-27T20:30:14.073+0200] {logging_mixin.py:188} INFO - [2025-07-27T20:30:14.073+0200] {dag.py:3096} INFO - Sync 1 DAGs
[2025-07-27T20:30:14.093+0200] {logging_mixin.py:188} INFO - [2025-07-27T20:30:14.093+0200] {dag.py:3954} INFO - Setting next_dagrun for example_branch_dop_operator_v3 to 2025-07-27 18:29:00+00:00, run_after=2025-07-27 18:30:00+00:00
[2025-07-27T20:30:14.113+0200] {processor.py:183} INFO - Processing /home/leoja/airflow/airflow_venv/lib/python3.12/site-packages/airflow/example_dags/example_branch_python_dop_operator_3.py took 0.069 seconds
[2025-07-27T20:31:29.332+0200] {processor.py:161} INFO - Started process (PID=20192) to work on /home/leoja/airflow/airflow_venv/lib/python3.12/site-packages/airflow/example_dags/example_branch_python_dop_operator_3.py
[2025-07-27T20:31:29.333+0200] {processor.py:830} INFO - Processing file /home/leoja/airflow/airflow_venv/lib/python3.12/site-packages/airflow/example_dags/example_branch_python_dop_operator_3.py for tasks to queue
[2025-07-27T20:31:29.335+0200] {logging_mixin.py:188} INFO - [2025-07-27T20:31:29.334+0200] {dagbag.py:540} INFO - Filling up the DagBag from /home/leoja/airflow/airflow_venv/lib/python3.12/site-packages/airflow/example_dags/example_branch_python_dop_operator_3.py
[2025-07-27T20:31:29.342+0200] {processor.py:840} INFO - DAG(s) 'example_branch_dop_operator_v3' retrieved from /home/leoja/airflow/airflow_venv/lib/python3.12/site-packages/airflow/example_dags/example_branch_python_dop_operator_3.py
[2025-07-27T20:31:29.354+0200] {logging_mixin.py:188} INFO - [2025-07-27T20:31:29.354+0200] {dag.py:3096} INFO - Sync 1 DAGs
[2025-07-27T20:31:29.375+0200] {logging_mixin.py:188} INFO - [2025-07-27T20:31:29.375+0200] {dag.py:3954} INFO - Setting next_dagrun for example_branch_dop_operator_v3 to 2025-07-27 18:30:00+00:00, run_after=2025-07-27 18:31:00+00:00
[2025-07-27T20:31:29.397+0200] {processor.py:183} INFO - Processing /home/leoja/airflow/airflow_venv/lib/python3.12/site-packages/airflow/example_dags/example_branch_python_dop_operator_3.py took 0.070 seconds
[2025-07-27T20:32:39.657+0200] {processor.py:161} INFO - Started process (PID=20552) to work on /home/leoja/airflow/airflow_venv/lib/python3.12/site-packages/airflow/example_dags/example_branch_python_dop_operator_3.py
[2025-07-27T20:32:39.658+0200] {processor.py:830} INFO - Processing file /home/leoja/airflow/airflow_venv/lib/python3.12/site-packages/airflow/example_dags/example_branch_python_dop_operator_3.py for tasks to queue
[2025-07-27T20:32:39.660+0200] {logging_mixin.py:188} INFO - [2025-07-27T20:32:39.660+0200] {dagbag.py:540} INFO - Filling up the DagBag from /home/leoja/airflow/airflow_venv/lib/python3.12/site-packages/airflow/example_dags/example_branch_python_dop_operator_3.py
[2025-07-27T20:32:39.667+0200] {processor.py:840} INFO - DAG(s) 'example_branch_dop_operator_v3' retrieved from /home/leoja/airflow/airflow_venv/lib/python3.12/site-packages/airflow/example_dags/example_branch_python_dop_operator_3.py
[2025-07-27T20:32:39.681+0200] {logging_mixin.py:188} INFO - [2025-07-27T20:32:39.680+0200] {dag.py:3096} INFO - Sync 1 DAGs
[2025-07-27T20:32:39.696+0200] {logging_mixin.py:188} INFO - [2025-07-27T20:32:39.696+0200] {dag.py:3954} INFO - Setting next_dagrun for example_branch_dop_operator_v3 to 2025-07-27 18:31:00+00:00, run_after=2025-07-27 18:32:00+00:00
[2025-07-27T20:32:39.714+0200] {processor.py:183} INFO - Processing /home/leoja/airflow/airflow_venv/lib/python3.12/site-packages/airflow/example_dags/example_branch_python_dop_operator_3.py took 0.062 seconds
[2025-07-27T20:33:52.913+0200] {processor.py:161} INFO - Started process (PID=20956) to work on /home/leoja/airflow/airflow_venv/lib/python3.12/site-packages/airflow/example_dags/example_branch_python_dop_operator_3.py
[2025-07-27T20:33:52.914+0200] {processor.py:830} INFO - Processing file /home/leoja/airflow/airflow_venv/lib/python3.12/site-packages/airflow/example_dags/example_branch_python_dop_operator_3.py for tasks to queue
[2025-07-27T20:33:52.916+0200] {logging_mixin.py:188} INFO - [2025-07-27T20:33:52.915+0200] {dagbag.py:540} INFO - Filling up the DagBag from /home/leoja/airflow/airflow_venv/lib/python3.12/site-packages/airflow/example_dags/example_branch_python_dop_operator_3.py
[2025-07-27T20:33:52.922+0200] {processor.py:840} INFO - DAG(s) 'example_branch_dop_operator_v3' retrieved from /home/leoja/airflow/airflow_venv/lib/python3.12/site-packages/airflow/example_dags/example_branch_python_dop_operator_3.py
[2025-07-27T20:33:52.937+0200] {logging_mixin.py:188} INFO - [2025-07-27T20:33:52.937+0200] {dag.py:3096} INFO - Sync 1 DAGs
[2025-07-27T20:33:52.954+0200] {logging_mixin.py:188} INFO - [2025-07-27T20:33:52.954+0200] {dag.py:3954} INFO - Setting next_dagrun for example_branch_dop_operator_v3 to 2025-07-27 18:32:00+00:00, run_after=2025-07-27 18:33:00+00:00
[2025-07-27T20:33:52.975+0200] {processor.py:183} INFO - Processing /home/leoja/airflow/airflow_venv/lib/python3.12/site-packages/airflow/example_dags/example_branch_python_dop_operator_3.py took 0.069 seconds
[2025-07-27T20:35:09.967+0200] {processor.py:161} INFO - Started process (PID=21369) to work on /home/leoja/airflow/airflow_venv/lib/python3.12/site-packages/airflow/example_dags/example_branch_python_dop_operator_3.py
[2025-07-27T20:35:09.969+0200] {processor.py:830} INFO - Processing file /home/leoja/airflow/airflow_venv/lib/python3.12/site-packages/airflow/example_dags/example_branch_python_dop_operator_3.py for tasks to queue
[2025-07-27T20:35:09.971+0200] {logging_mixin.py:188} INFO - [2025-07-27T20:35:09.970+0200] {dagbag.py:540} INFO - Filling up the DagBag from /home/leoja/airflow/airflow_venv/lib/python3.12/site-packages/airflow/example_dags/example_branch_python_dop_operator_3.py
[2025-07-27T20:35:09.977+0200] {processor.py:840} INFO - DAG(s) 'example_branch_dop_operator_v3' retrieved from /home/leoja/airflow/airflow_venv/lib/python3.12/site-packages/airflow/example_dags/example_branch_python_dop_operator_3.py
[2025-07-27T20:35:09.988+0200] {logging_mixin.py:188} INFO - [2025-07-27T20:35:09.988+0200] {dag.py:3096} INFO - Sync 1 DAGs
[2025-07-27T20:35:10.003+0200] {logging_mixin.py:188} INFO - [2025-07-27T20:35:10.002+0200] {dag.py:3954} INFO - Setting next_dagrun for example_branch_dop_operator_v3 to 2025-07-27 18:34:00+00:00, run_after=2025-07-27 18:35:00+00:00
[2025-07-27T20:35:10.022+0200] {processor.py:183} INFO - Processing /home/leoja/airflow/airflow_venv/lib/python3.12/site-packages/airflow/example_dags/example_branch_python_dop_operator_3.py took 0.059 seconds
[2025-07-27T20:36:14.151+0200] {processor.py:161} INFO - Started process (PID=21767) to work on /home/leoja/airflow/airflow_venv/lib/python3.12/site-packages/airflow/example_dags/example_branch_python_dop_operator_3.py
[2025-07-27T20:36:14.153+0200] {processor.py:830} INFO - Processing file /home/leoja/airflow/airflow_venv/lib/python3.12/site-packages/airflow/example_dags/example_branch_python_dop_operator_3.py for tasks to queue
[2025-07-27T20:36:14.154+0200] {logging_mixin.py:188} INFO - [2025-07-27T20:36:14.154+0200] {dagbag.py:540} INFO - Filling up the DagBag from /home/leoja/airflow/airflow_venv/lib/python3.12/site-packages/airflow/example_dags/example_branch_python_dop_operator_3.py
[2025-07-27T20:36:14.161+0200] {processor.py:840} INFO - DAG(s) 'example_branch_dop_operator_v3' retrieved from /home/leoja/airflow/airflow_venv/lib/python3.12/site-packages/airflow/example_dags/example_branch_python_dop_operator_3.py
[2025-07-27T20:36:14.171+0200] {logging_mixin.py:188} INFO - [2025-07-27T20:36:14.171+0200] {dag.py:3096} INFO - Sync 1 DAGs
[2025-07-27T20:36:14.185+0200] {logging_mixin.py:188} INFO - [2025-07-27T20:36:14.185+0200] {dag.py:3954} INFO - Setting next_dagrun for example_branch_dop_operator_v3 to 2025-07-27 18:35:00+00:00, run_after=2025-07-27 18:36:00+00:00
[2025-07-27T20:36:14.209+0200] {processor.py:183} INFO - Processing /home/leoja/airflow/airflow_venv/lib/python3.12/site-packages/airflow/example_dags/example_branch_python_dop_operator_3.py took 0.064 seconds
[2025-07-27T20:37:25.692+0200] {processor.py:161} INFO - Started process (PID=22127) to work on /home/leoja/airflow/airflow_venv/lib/python3.12/site-packages/airflow/example_dags/example_branch_python_dop_operator_3.py
[2025-07-27T20:37:25.695+0200] {processor.py:830} INFO - Processing file /home/leoja/airflow/airflow_venv/lib/python3.12/site-packages/airflow/example_dags/example_branch_python_dop_operator_3.py for tasks to queue
[2025-07-27T20:37:25.697+0200] {logging_mixin.py:188} INFO - [2025-07-27T20:37:25.697+0200] {dagbag.py:540} INFO - Filling up the DagBag from /home/leoja/airflow/airflow_venv/lib/python3.12/site-packages/airflow/example_dags/example_branch_python_dop_operator_3.py
[2025-07-27T20:37:25.704+0200] {processor.py:840} INFO - DAG(s) 'example_branch_dop_operator_v3' retrieved from /home/leoja/airflow/airflow_venv/lib/python3.12/site-packages/airflow/example_dags/example_branch_python_dop_operator_3.py
[2025-07-27T20:37:25.717+0200] {logging_mixin.py:188} INFO - [2025-07-27T20:37:25.716+0200] {dag.py:3096} INFO - Sync 1 DAGs
[2025-07-27T20:37:25.733+0200] {logging_mixin.py:188} INFO - [2025-07-27T20:37:25.733+0200] {dag.py:3954} INFO - Setting next_dagrun for example_branch_dop_operator_v3 to 2025-07-27 18:36:00+00:00, run_after=2025-07-27 18:37:00+00:00
[2025-07-27T20:37:25.751+0200] {processor.py:183} INFO - Processing /home/leoja/airflow/airflow_venv/lib/python3.12/site-packages/airflow/example_dags/example_branch_python_dop_operator_3.py took 0.064 seconds
[2025-07-27T20:38:43.442+0200] {processor.py:161} INFO - Started process (PID=22562) to work on /home/leoja/airflow/airflow_venv/lib/python3.12/site-packages/airflow/example_dags/example_branch_python_dop_operator_3.py
[2025-07-27T20:38:43.444+0200] {processor.py:830} INFO - Processing file /home/leoja/airflow/airflow_venv/lib/python3.12/site-packages/airflow/example_dags/example_branch_python_dop_operator_3.py for tasks to queue
[2025-07-27T20:38:43.445+0200] {logging_mixin.py:188} INFO - [2025-07-27T20:38:43.445+0200] {dagbag.py:540} INFO - Filling up the DagBag from /home/leoja/airflow/airflow_venv/lib/python3.12/site-packages/airflow/example_dags/example_branch_python_dop_operator_3.py
[2025-07-27T20:38:43.453+0200] {processor.py:840} INFO - DAG(s) 'example_branch_dop_operator_v3' retrieved from /home/leoja/airflow/airflow_venv/lib/python3.12/site-packages/airflow/example_dags/example_branch_python_dop_operator_3.py
[2025-07-27T20:38:43.464+0200] {logging_mixin.py:188} INFO - [2025-07-27T20:38:43.464+0200] {dag.py:3096} INFO - Sync 1 DAGs
[2025-07-27T20:38:43.479+0200] {logging_mixin.py:188} INFO - [2025-07-27T20:38:43.479+0200] {dag.py:3954} INFO - Setting next_dagrun for example_branch_dop_operator_v3 to 2025-07-27 18:37:00+00:00, run_after=2025-07-27 18:38:00+00:00
[2025-07-27T20:38:43.500+0200] {processor.py:183} INFO - Processing /home/leoja/airflow/airflow_venv/lib/python3.12/site-packages/airflow/example_dags/example_branch_python_dop_operator_3.py took 0.062 seconds
