[2025-07-27T19:39:43.062+0200] {processor.py:161} INFO - Started process (PID=1550) to work on /home/leoja/airflow/airflow_venv/lib/python3.12/site-packages/airflow/example_dags/example_skip_dag.py
[2025-07-27T19:39:43.062+0200] {processor.py:830} INFO - Processing file /home/leoja/airflow/airflow_venv/lib/python3.12/site-packages/airflow/example_dags/example_skip_dag.py for tasks to queue
[2025-07-27T19:39:43.064+0200] {logging_mixin.py:188} INFO - [2025-07-27T19:39:43.064+0200] {dagbag.py:540} INFO - Filling up the DagBag from /home/leoja/airflow/airflow_venv/lib/python3.12/site-packages/airflow/example_dags/example_skip_dag.py
[2025-07-27T19:39:43.077+0200] {processor.py:840} INFO - DAG(s) 'example_skip_dag' retrieved from /home/leoja/airflow/airflow_venv/lib/python3.12/site-packages/airflow/example_dags/example_skip_dag.py
[2025-07-27T19:39:43.106+0200] {logging_mixin.py:188} INFO - [2025-07-27T19:39:43.106+0200] {dag.py:3096} INFO - Sync 1 DAGs
[2025-07-27T19:39:43.132+0200] {logging_mixin.py:188} INFO - [2025-07-27T19:39:43.132+0200] {dag.py:3954} INFO - Setting next_dagrun for example_skip_dag to 2025-07-26 00:00:00+00:00, run_after=2025-07-27 00:00:00+00:00
[2025-07-27T19:39:43.156+0200] {processor.py:183} INFO - Processing /home/leoja/airflow/airflow_venv/lib/python3.12/site-packages/airflow/example_dags/example_skip_dag.py took 0.099 seconds
[2025-07-27T19:41:33.593+0200] {processor.py:161} INFO - Started process (PID=2920) to work on /home/leoja/airflow/airflow_venv/lib/python3.12/site-packages/airflow/example_dags/example_skip_dag.py
[2025-07-27T19:41:33.595+0200] {processor.py:830} INFO - Processing file /home/leoja/airflow/airflow_venv/lib/python3.12/site-packages/airflow/example_dags/example_skip_dag.py for tasks to queue
[2025-07-27T19:41:33.603+0200] {logging_mixin.py:188} INFO - [2025-07-27T19:41:33.599+0200] {dagbag.py:540} INFO - Filling up the DagBag from /home/leoja/airflow/airflow_venv/lib/python3.12/site-packages/airflow/example_dags/example_skip_dag.py
[2025-07-27T19:41:33.616+0200] {processor.py:840} INFO - DAG(s) 'example_skip_dag' retrieved from /home/leoja/airflow/airflow_venv/lib/python3.12/site-packages/airflow/example_dags/example_skip_dag.py
[2025-07-27T19:41:33.952+0200] {logging_mixin.py:188} INFO - [2025-07-27T19:41:33.952+0200] {dag.py:3096} INFO - Sync 1 DAGs
[2025-07-27T19:41:33.991+0200] {logging_mixin.py:188} INFO - [2025-07-27T19:41:33.990+0200] {dag.py:3954} INFO - Setting next_dagrun for example_skip_dag to 2025-07-26 00:00:00+00:00, run_after=2025-07-27 00:00:00+00:00
[2025-07-27T19:41:34.033+0200] {processor.py:183} INFO - Processing /home/leoja/airflow/airflow_venv/lib/python3.12/site-packages/airflow/example_dags/example_skip_dag.py took 0.448 seconds
[2025-07-27T19:42:29.059+0200] {processor.py:161} INFO - Started process (PID=3345) to work on /home/leoja/airflow/airflow_venv/lib/python3.12/site-packages/airflow/example_dags/example_skip_dag.py
[2025-07-27T19:42:29.061+0200] {processor.py:830} INFO - Processing file /home/leoja/airflow/airflow_venv/lib/python3.12/site-packages/airflow/example_dags/example_skip_dag.py for tasks to queue
[2025-07-27T19:42:29.064+0200] {logging_mixin.py:188} INFO - [2025-07-27T19:42:29.064+0200] {dagbag.py:540} INFO - Filling up the DagBag from /home/leoja/airflow/airflow_venv/lib/python3.12/site-packages/airflow/example_dags/example_skip_dag.py
[2025-07-27T19:42:29.070+0200] {processor.py:840} INFO - DAG(s) 'example_skip_dag' retrieved from /home/leoja/airflow/airflow_venv/lib/python3.12/site-packages/airflow/example_dags/example_skip_dag.py
[2025-07-27T19:42:29.090+0200] {logging_mixin.py:188} INFO - [2025-07-27T19:42:29.089+0200] {dag.py:3096} INFO - Sync 1 DAGs
[2025-07-27T19:42:29.108+0200] {logging_mixin.py:188} INFO - [2025-07-27T19:42:29.108+0200] {dag.py:3954} INFO - Setting next_dagrun for example_skip_dag to 2025-07-26 00:00:00+00:00, run_after=2025-07-27 00:00:00+00:00
[2025-07-27T19:42:29.135+0200] {processor.py:183} INFO - Processing /home/leoja/airflow/airflow_venv/lib/python3.12/site-packages/airflow/example_dags/example_skip_dag.py took 0.082 seconds
[2025-07-27T19:43:20.408+0200] {processor.py:161} INFO - Started process (PID=3613) to work on /home/leoja/airflow/airflow_venv/lib/python3.12/site-packages/airflow/example_dags/example_skip_dag.py
[2025-07-27T19:43:20.410+0200] {processor.py:830} INFO - Processing file /home/leoja/airflow/airflow_venv/lib/python3.12/site-packages/airflow/example_dags/example_skip_dag.py for tasks to queue
[2025-07-27T19:43:20.411+0200] {logging_mixin.py:188} INFO - [2025-07-27T19:43:20.411+0200] {dagbag.py:540} INFO - Filling up the DagBag from /home/leoja/airflow/airflow_venv/lib/python3.12/site-packages/airflow/example_dags/example_skip_dag.py
[2025-07-27T19:43:20.421+0200] {processor.py:840} INFO - DAG(s) 'example_skip_dag' retrieved from /home/leoja/airflow/airflow_venv/lib/python3.12/site-packages/airflow/example_dags/example_skip_dag.py
[2025-07-27T19:43:20.451+0200] {logging_mixin.py:188} INFO - [2025-07-27T19:43:20.451+0200] {dag.py:3096} INFO - Sync 1 DAGs
[2025-07-27T19:43:20.486+0200] {logging_mixin.py:188} INFO - [2025-07-27T19:43:20.486+0200] {dag.py:3954} INFO - Setting next_dagrun for example_skip_dag to 2025-07-26 00:00:00+00:00, run_after=2025-07-27 00:00:00+00:00
[2025-07-27T19:43:20.534+0200] {processor.py:183} INFO - Processing /home/leoja/airflow/airflow_venv/lib/python3.12/site-packages/airflow/example_dags/example_skip_dag.py took 0.133 seconds
[2025-07-27T19:44:11.254+0200] {processor.py:161} INFO - Started process (PID=3901) to work on /home/leoja/airflow/airflow_venv/lib/python3.12/site-packages/airflow/example_dags/example_skip_dag.py
[2025-07-27T19:44:11.255+0200] {processor.py:830} INFO - Processing file /home/leoja/airflow/airflow_venv/lib/python3.12/site-packages/airflow/example_dags/example_skip_dag.py for tasks to queue
[2025-07-27T19:44:11.257+0200] {logging_mixin.py:188} INFO - [2025-07-27T19:44:11.256+0200] {dagbag.py:540} INFO - Filling up the DagBag from /home/leoja/airflow/airflow_venv/lib/python3.12/site-packages/airflow/example_dags/example_skip_dag.py
[2025-07-27T19:44:11.266+0200] {processor.py:840} INFO - DAG(s) 'example_skip_dag' retrieved from /home/leoja/airflow/airflow_venv/lib/python3.12/site-packages/airflow/example_dags/example_skip_dag.py
[2025-07-27T19:44:11.290+0200] {logging_mixin.py:188} INFO - [2025-07-27T19:44:11.289+0200] {dag.py:3096} INFO - Sync 1 DAGs
[2025-07-27T19:44:11.310+0200] {logging_mixin.py:188} INFO - [2025-07-27T19:44:11.309+0200] {dag.py:3954} INFO - Setting next_dagrun for example_skip_dag to 2025-07-26 00:00:00+00:00, run_after=2025-07-27 00:00:00+00:00
[2025-07-27T19:44:11.339+0200] {processor.py:183} INFO - Processing /home/leoja/airflow/airflow_venv/lib/python3.12/site-packages/airflow/example_dags/example_skip_dag.py took 0.090 seconds
[2025-07-27T19:45:02.917+0200] {processor.py:161} INFO - Started process (PID=4217) to work on /home/leoja/airflow/airflow_venv/lib/python3.12/site-packages/airflow/example_dags/example_skip_dag.py
[2025-07-27T19:45:02.919+0200] {processor.py:830} INFO - Processing file /home/leoja/airflow/airflow_venv/lib/python3.12/site-packages/airflow/example_dags/example_skip_dag.py for tasks to queue
[2025-07-27T19:45:02.921+0200] {logging_mixin.py:188} INFO - [2025-07-27T19:45:02.920+0200] {dagbag.py:540} INFO - Filling up the DagBag from /home/leoja/airflow/airflow_venv/lib/python3.12/site-packages/airflow/example_dags/example_skip_dag.py
[2025-07-27T19:45:02.926+0200] {processor.py:840} INFO - DAG(s) 'example_skip_dag' retrieved from /home/leoja/airflow/airflow_venv/lib/python3.12/site-packages/airflow/example_dags/example_skip_dag.py
[2025-07-27T19:45:02.943+0200] {logging_mixin.py:188} INFO - [2025-07-27T19:45:02.943+0200] {dag.py:3096} INFO - Sync 1 DAGs
[2025-07-27T19:45:02.968+0200] {logging_mixin.py:188} INFO - [2025-07-27T19:45:02.967+0200] {dag.py:3954} INFO - Setting next_dagrun for example_skip_dag to 2025-07-26 00:00:00+00:00, run_after=2025-07-27 00:00:00+00:00
[2025-07-27T19:45:02.991+0200] {processor.py:183} INFO - Processing /home/leoja/airflow/airflow_venv/lib/python3.12/site-packages/airflow/example_dags/example_skip_dag.py took 0.079 seconds
[2025-07-27T19:45:49.145+0200] {processor.py:161} INFO - Started process (PID=4502) to work on /home/leoja/airflow/airflow_venv/lib/python3.12/site-packages/airflow/example_dags/example_skip_dag.py
[2025-07-27T19:45:49.147+0200] {processor.py:830} INFO - Processing file /home/leoja/airflow/airflow_venv/lib/python3.12/site-packages/airflow/example_dags/example_skip_dag.py for tasks to queue
[2025-07-27T19:45:49.149+0200] {logging_mixin.py:188} INFO - [2025-07-27T19:45:49.149+0200] {dagbag.py:540} INFO - Filling up the DagBag from /home/leoja/airflow/airflow_venv/lib/python3.12/site-packages/airflow/example_dags/example_skip_dag.py
[2025-07-27T19:45:49.155+0200] {processor.py:840} INFO - DAG(s) 'example_skip_dag' retrieved from /home/leoja/airflow/airflow_venv/lib/python3.12/site-packages/airflow/example_dags/example_skip_dag.py
[2025-07-27T19:45:49.171+0200] {logging_mixin.py:188} INFO - [2025-07-27T19:45:49.170+0200] {dag.py:3096} INFO - Sync 1 DAGs
[2025-07-27T19:45:49.189+0200] {logging_mixin.py:188} INFO - [2025-07-27T19:45:49.189+0200] {dag.py:3954} INFO - Setting next_dagrun for example_skip_dag to 2025-07-26 00:00:00+00:00, run_after=2025-07-27 00:00:00+00:00
[2025-07-27T19:45:49.215+0200] {processor.py:183} INFO - Processing /home/leoja/airflow/airflow_venv/lib/python3.12/site-packages/airflow/example_dags/example_skip_dag.py took 0.078 seconds
[2025-07-27T19:46:39.151+0200] {processor.py:161} INFO - Started process (PID=4780) to work on /home/leoja/airflow/airflow_venv/lib/python3.12/site-packages/airflow/example_dags/example_skip_dag.py
[2025-07-27T19:46:39.152+0200] {processor.py:830} INFO - Processing file /home/leoja/airflow/airflow_venv/lib/python3.12/site-packages/airflow/example_dags/example_skip_dag.py for tasks to queue
[2025-07-27T19:46:39.155+0200] {logging_mixin.py:188} INFO - [2025-07-27T19:46:39.155+0200] {dagbag.py:540} INFO - Filling up the DagBag from /home/leoja/airflow/airflow_venv/lib/python3.12/site-packages/airflow/example_dags/example_skip_dag.py
[2025-07-27T19:46:39.162+0200] {processor.py:840} INFO - DAG(s) 'example_skip_dag' retrieved from /home/leoja/airflow/airflow_venv/lib/python3.12/site-packages/airflow/example_dags/example_skip_dag.py
[2025-07-27T19:46:39.180+0200] {logging_mixin.py:188} INFO - [2025-07-27T19:46:39.180+0200] {dag.py:3096} INFO - Sync 1 DAGs
[2025-07-27T19:46:39.197+0200] {logging_mixin.py:188} INFO - [2025-07-27T19:46:39.197+0200] {dag.py:3954} INFO - Setting next_dagrun for example_skip_dag to 2025-07-26 00:00:00+00:00, run_after=2025-07-27 00:00:00+00:00
[2025-07-27T19:46:39.221+0200] {processor.py:183} INFO - Processing /home/leoja/airflow/airflow_venv/lib/python3.12/site-packages/airflow/example_dags/example_skip_dag.py took 0.078 seconds
[2025-07-27T19:47:25.308+0200] {processor.py:161} INFO - Started process (PID=5051) to work on /home/leoja/airflow/airflow_venv/lib/python3.12/site-packages/airflow/example_dags/example_skip_dag.py
[2025-07-27T19:47:25.309+0200] {processor.py:830} INFO - Processing file /home/leoja/airflow/airflow_venv/lib/python3.12/site-packages/airflow/example_dags/example_skip_dag.py for tasks to queue
[2025-07-27T19:47:25.311+0200] {logging_mixin.py:188} INFO - [2025-07-27T19:47:25.310+0200] {dagbag.py:540} INFO - Filling up the DagBag from /home/leoja/airflow/airflow_venv/lib/python3.12/site-packages/airflow/example_dags/example_skip_dag.py
[2025-07-27T19:47:25.319+0200] {processor.py:840} INFO - DAG(s) 'example_skip_dag' retrieved from /home/leoja/airflow/airflow_venv/lib/python3.12/site-packages/airflow/example_dags/example_skip_dag.py
[2025-07-27T19:47:25.335+0200] {logging_mixin.py:188} INFO - [2025-07-27T19:47:25.335+0200] {dag.py:3096} INFO - Sync 1 DAGs
[2025-07-27T19:47:25.353+0200] {logging_mixin.py:188} INFO - [2025-07-27T19:47:25.353+0200] {dag.py:3954} INFO - Setting next_dagrun for example_skip_dag to 2025-07-26 00:00:00+00:00, run_after=2025-07-27 00:00:00+00:00
[2025-07-27T19:47:25.380+0200] {processor.py:183} INFO - Processing /home/leoja/airflow/airflow_venv/lib/python3.12/site-packages/airflow/example_dags/example_skip_dag.py took 0.076 seconds
[2025-07-27T19:48:11.659+0200] {processor.py:161} INFO - Started process (PID=5294) to work on /home/leoja/airflow/airflow_venv/lib/python3.12/site-packages/airflow/example_dags/example_skip_dag.py
[2025-07-27T19:48:11.661+0200] {processor.py:830} INFO - Processing file /home/leoja/airflow/airflow_venv/lib/python3.12/site-packages/airflow/example_dags/example_skip_dag.py for tasks to queue
[2025-07-27T19:48:11.664+0200] {logging_mixin.py:188} INFO - [2025-07-27T19:48:11.663+0200] {dagbag.py:540} INFO - Filling up the DagBag from /home/leoja/airflow/airflow_venv/lib/python3.12/site-packages/airflow/example_dags/example_skip_dag.py
[2025-07-27T19:48:11.669+0200] {processor.py:840} INFO - DAG(s) 'example_skip_dag' retrieved from /home/leoja/airflow/airflow_venv/lib/python3.12/site-packages/airflow/example_dags/example_skip_dag.py
[2025-07-27T19:48:11.689+0200] {logging_mixin.py:188} INFO - [2025-07-27T19:48:11.688+0200] {dag.py:3096} INFO - Sync 1 DAGs
[2025-07-27T19:48:11.705+0200] {logging_mixin.py:188} INFO - [2025-07-27T19:48:11.705+0200] {dag.py:3954} INFO - Setting next_dagrun for example_skip_dag to 2025-07-26 00:00:00+00:00, run_after=2025-07-27 00:00:00+00:00
[2025-07-27T19:48:11.731+0200] {processor.py:183} INFO - Processing /home/leoja/airflow/airflow_venv/lib/python3.12/site-packages/airflow/example_dags/example_skip_dag.py took 0.077 seconds
[2025-07-27T19:49:01.184+0200] {processor.py:161} INFO - Started process (PID=5569) to work on /home/leoja/airflow/airflow_venv/lib/python3.12/site-packages/airflow/example_dags/example_skip_dag.py
[2025-07-27T19:49:01.187+0200] {processor.py:830} INFO - Processing file /home/leoja/airflow/airflow_venv/lib/python3.12/site-packages/airflow/example_dags/example_skip_dag.py for tasks to queue
[2025-07-27T19:49:01.190+0200] {logging_mixin.py:188} INFO - [2025-07-27T19:49:01.189+0200] {dagbag.py:540} INFO - Filling up the DagBag from /home/leoja/airflow/airflow_venv/lib/python3.12/site-packages/airflow/example_dags/example_skip_dag.py
[2025-07-27T19:49:01.200+0200] {processor.py:840} INFO - DAG(s) 'example_skip_dag' retrieved from /home/leoja/airflow/airflow_venv/lib/python3.12/site-packages/airflow/example_dags/example_skip_dag.py
[2025-07-27T19:49:01.226+0200] {logging_mixin.py:188} INFO - [2025-07-27T19:49:01.225+0200] {dag.py:3096} INFO - Sync 1 DAGs
[2025-07-27T19:49:01.244+0200] {logging_mixin.py:188} INFO - [2025-07-27T19:49:01.244+0200] {dag.py:3954} INFO - Setting next_dagrun for example_skip_dag to 2025-07-26 00:00:00+00:00, run_after=2025-07-27 00:00:00+00:00
[2025-07-27T19:49:01.272+0200] {processor.py:183} INFO - Processing /home/leoja/airflow/airflow_venv/lib/python3.12/site-packages/airflow/example_dags/example_skip_dag.py took 0.094 seconds
[2025-07-27T19:49:50.826+0200] {processor.py:161} INFO - Started process (PID=5840) to work on /home/leoja/airflow/airflow_venv/lib/python3.12/site-packages/airflow/example_dags/example_skip_dag.py
[2025-07-27T19:49:50.828+0200] {processor.py:830} INFO - Processing file /home/leoja/airflow/airflow_venv/lib/python3.12/site-packages/airflow/example_dags/example_skip_dag.py for tasks to queue
[2025-07-27T19:49:50.829+0200] {logging_mixin.py:188} INFO - [2025-07-27T19:49:50.829+0200] {dagbag.py:540} INFO - Filling up the DagBag from /home/leoja/airflow/airflow_venv/lib/python3.12/site-packages/airflow/example_dags/example_skip_dag.py
[2025-07-27T19:49:50.836+0200] {processor.py:840} INFO - DAG(s) 'example_skip_dag' retrieved from /home/leoja/airflow/airflow_venv/lib/python3.12/site-packages/airflow/example_dags/example_skip_dag.py
[2025-07-27T19:49:50.853+0200] {logging_mixin.py:188} INFO - [2025-07-27T19:49:50.853+0200] {dag.py:3096} INFO - Sync 1 DAGs
[2025-07-27T19:49:50.868+0200] {logging_mixin.py:188} INFO - [2025-07-27T19:49:50.868+0200] {dag.py:3954} INFO - Setting next_dagrun for example_skip_dag to 2025-07-26 00:00:00+00:00, run_after=2025-07-27 00:00:00+00:00
[2025-07-27T19:49:50.896+0200] {processor.py:183} INFO - Processing /home/leoja/airflow/airflow_venv/lib/python3.12/site-packages/airflow/example_dags/example_skip_dag.py took 0.078 seconds
[2025-07-27T19:50:39.443+0200] {processor.py:161} INFO - Started process (PID=6122) to work on /home/leoja/airflow/airflow_venv/lib/python3.12/site-packages/airflow/example_dags/example_skip_dag.py
[2025-07-27T19:50:39.444+0200] {processor.py:830} INFO - Processing file /home/leoja/airflow/airflow_venv/lib/python3.12/site-packages/airflow/example_dags/example_skip_dag.py for tasks to queue
[2025-07-27T19:50:39.446+0200] {logging_mixin.py:188} INFO - [2025-07-27T19:50:39.446+0200] {dagbag.py:540} INFO - Filling up the DagBag from /home/leoja/airflow/airflow_venv/lib/python3.12/site-packages/airflow/example_dags/example_skip_dag.py
[2025-07-27T19:50:39.454+0200] {processor.py:840} INFO - DAG(s) 'example_skip_dag' retrieved from /home/leoja/airflow/airflow_venv/lib/python3.12/site-packages/airflow/example_dags/example_skip_dag.py
[2025-07-27T19:50:39.476+0200] {logging_mixin.py:188} INFO - [2025-07-27T19:50:39.475+0200] {dag.py:3096} INFO - Sync 1 DAGs
[2025-07-27T19:50:39.495+0200] {logging_mixin.py:188} INFO - [2025-07-27T19:50:39.494+0200] {dag.py:3954} INFO - Setting next_dagrun for example_skip_dag to 2025-07-26 00:00:00+00:00, run_after=2025-07-27 00:00:00+00:00
[2025-07-27T19:50:39.520+0200] {processor.py:183} INFO - Processing /home/leoja/airflow/airflow_venv/lib/python3.12/site-packages/airflow/example_dags/example_skip_dag.py took 0.083 seconds
[2025-07-27T19:51:32.328+0200] {processor.py:161} INFO - Started process (PID=6399) to work on /home/leoja/airflow/airflow_venv/lib/python3.12/site-packages/airflow/example_dags/example_skip_dag.py
[2025-07-27T19:51:32.329+0200] {processor.py:830} INFO - Processing file /home/leoja/airflow/airflow_venv/lib/python3.12/site-packages/airflow/example_dags/example_skip_dag.py for tasks to queue
[2025-07-27T19:51:32.331+0200] {logging_mixin.py:188} INFO - [2025-07-27T19:51:32.330+0200] {dagbag.py:540} INFO - Filling up the DagBag from /home/leoja/airflow/airflow_venv/lib/python3.12/site-packages/airflow/example_dags/example_skip_dag.py
[2025-07-27T19:51:32.339+0200] {processor.py:840} INFO - DAG(s) 'example_skip_dag' retrieved from /home/leoja/airflow/airflow_venv/lib/python3.12/site-packages/airflow/example_dags/example_skip_dag.py
[2025-07-27T19:51:32.355+0200] {logging_mixin.py:188} INFO - [2025-07-27T19:51:32.355+0200] {dag.py:3096} INFO - Sync 1 DAGs
[2025-07-27T19:51:32.371+0200] {logging_mixin.py:188} INFO - [2025-07-27T19:51:32.371+0200] {dag.py:3954} INFO - Setting next_dagrun for example_skip_dag to 2025-07-26 00:00:00+00:00, run_after=2025-07-27 00:00:00+00:00
[2025-07-27T19:51:32.394+0200] {processor.py:183} INFO - Processing /home/leoja/airflow/airflow_venv/lib/python3.12/site-packages/airflow/example_dags/example_skip_dag.py took 0.072 seconds
[2025-07-27T19:52:21.037+0200] {processor.py:161} INFO - Started process (PID=6692) to work on /home/leoja/airflow/airflow_venv/lib/python3.12/site-packages/airflow/example_dags/example_skip_dag.py
[2025-07-27T19:52:21.039+0200] {processor.py:830} INFO - Processing file /home/leoja/airflow/airflow_venv/lib/python3.12/site-packages/airflow/example_dags/example_skip_dag.py for tasks to queue
[2025-07-27T19:52:21.041+0200] {logging_mixin.py:188} INFO - [2025-07-27T19:52:21.041+0200] {dagbag.py:540} INFO - Filling up the DagBag from /home/leoja/airflow/airflow_venv/lib/python3.12/site-packages/airflow/example_dags/example_skip_dag.py
[2025-07-27T19:52:21.047+0200] {processor.py:840} INFO - DAG(s) 'example_skip_dag' retrieved from /home/leoja/airflow/airflow_venv/lib/python3.12/site-packages/airflow/example_dags/example_skip_dag.py
[2025-07-27T19:52:21.062+0200] {logging_mixin.py:188} INFO - [2025-07-27T19:52:21.062+0200] {dag.py:3096} INFO - Sync 1 DAGs
[2025-07-27T19:52:21.082+0200] {logging_mixin.py:188} INFO - [2025-07-27T19:52:21.082+0200] {dag.py:3954} INFO - Setting next_dagrun for example_skip_dag to 2025-07-26 00:00:00+00:00, run_after=2025-07-27 00:00:00+00:00
[2025-07-27T19:52:21.105+0200] {processor.py:183} INFO - Processing /home/leoja/airflow/airflow_venv/lib/python3.12/site-packages/airflow/example_dags/example_skip_dag.py took 0.075 seconds
[2025-07-27T19:53:06.431+0200] {processor.py:161} INFO - Started process (PID=6971) to work on /home/leoja/airflow/airflow_venv/lib/python3.12/site-packages/airflow/example_dags/example_skip_dag.py
[2025-07-27T19:53:06.432+0200] {processor.py:830} INFO - Processing file /home/leoja/airflow/airflow_venv/lib/python3.12/site-packages/airflow/example_dags/example_skip_dag.py for tasks to queue
[2025-07-27T19:53:06.433+0200] {logging_mixin.py:188} INFO - [2025-07-27T19:53:06.433+0200] {dagbag.py:540} INFO - Filling up the DagBag from /home/leoja/airflow/airflow_venv/lib/python3.12/site-packages/airflow/example_dags/example_skip_dag.py
[2025-07-27T19:53:06.441+0200] {processor.py:840} INFO - DAG(s) 'example_skip_dag' retrieved from /home/leoja/airflow/airflow_venv/lib/python3.12/site-packages/airflow/example_dags/example_skip_dag.py
[2025-07-27T19:53:06.478+0200] {logging_mixin.py:188} INFO - [2025-07-27T19:53:06.478+0200] {dag.py:3096} INFO - Sync 1 DAGs
[2025-07-27T19:53:06.499+0200] {logging_mixin.py:188} INFO - [2025-07-27T19:53:06.498+0200] {dag.py:3954} INFO - Setting next_dagrun for example_skip_dag to 2025-07-26 00:00:00+00:00, run_after=2025-07-27 00:00:00+00:00
[2025-07-27T19:53:06.527+0200] {processor.py:183} INFO - Processing /home/leoja/airflow/airflow_venv/lib/python3.12/site-packages/airflow/example_dags/example_skip_dag.py took 0.112 seconds
[2025-07-27T19:53:54.173+0200] {processor.py:161} INFO - Started process (PID=7251) to work on /home/leoja/airflow/airflow_venv/lib/python3.12/site-packages/airflow/example_dags/example_skip_dag.py
[2025-07-27T19:53:54.174+0200] {processor.py:830} INFO - Processing file /home/leoja/airflow/airflow_venv/lib/python3.12/site-packages/airflow/example_dags/example_skip_dag.py for tasks to queue
[2025-07-27T19:53:54.176+0200] {logging_mixin.py:188} INFO - [2025-07-27T19:53:54.176+0200] {dagbag.py:540} INFO - Filling up the DagBag from /home/leoja/airflow/airflow_venv/lib/python3.12/site-packages/airflow/example_dags/example_skip_dag.py
[2025-07-27T19:53:54.181+0200] {processor.py:840} INFO - DAG(s) 'example_skip_dag' retrieved from /home/leoja/airflow/airflow_venv/lib/python3.12/site-packages/airflow/example_dags/example_skip_dag.py
[2025-07-27T19:53:54.200+0200] {logging_mixin.py:188} INFO - [2025-07-27T19:53:54.199+0200] {dag.py:3096} INFO - Sync 1 DAGs
[2025-07-27T19:53:54.215+0200] {logging_mixin.py:188} INFO - [2025-07-27T19:53:54.215+0200] {dag.py:3954} INFO - Setting next_dagrun for example_skip_dag to 2025-07-26 00:00:00+00:00, run_after=2025-07-27 00:00:00+00:00
[2025-07-27T19:53:54.238+0200] {processor.py:183} INFO - Processing /home/leoja/airflow/airflow_venv/lib/python3.12/site-packages/airflow/example_dags/example_skip_dag.py took 0.070 seconds
[2025-07-27T19:54:39.786+0200] {processor.py:161} INFO - Started process (PID=7501) to work on /home/leoja/airflow/airflow_venv/lib/python3.12/site-packages/airflow/example_dags/example_skip_dag.py
[2025-07-27T19:54:39.788+0200] {processor.py:830} INFO - Processing file /home/leoja/airflow/airflow_venv/lib/python3.12/site-packages/airflow/example_dags/example_skip_dag.py for tasks to queue
[2025-07-27T19:54:39.790+0200] {logging_mixin.py:188} INFO - [2025-07-27T19:54:39.790+0200] {dagbag.py:540} INFO - Filling up the DagBag from /home/leoja/airflow/airflow_venv/lib/python3.12/site-packages/airflow/example_dags/example_skip_dag.py
[2025-07-27T19:54:39.796+0200] {processor.py:840} INFO - DAG(s) 'example_skip_dag' retrieved from /home/leoja/airflow/airflow_venv/lib/python3.12/site-packages/airflow/example_dags/example_skip_dag.py
[2025-07-27T19:54:39.814+0200] {logging_mixin.py:188} INFO - [2025-07-27T19:54:39.814+0200] {dag.py:3096} INFO - Sync 1 DAGs
[2025-07-27T19:54:39.836+0200] {logging_mixin.py:188} INFO - [2025-07-27T19:54:39.836+0200] {dag.py:3954} INFO - Setting next_dagrun for example_skip_dag to 2025-07-26 00:00:00+00:00, run_after=2025-07-27 00:00:00+00:00
[2025-07-27T19:54:39.870+0200] {processor.py:183} INFO - Processing /home/leoja/airflow/airflow_venv/lib/python3.12/site-packages/airflow/example_dags/example_skip_dag.py took 0.090 seconds
[2025-07-27T19:55:29.375+0200] {processor.py:161} INFO - Started process (PID=7773) to work on /home/leoja/airflow/airflow_venv/lib/python3.12/site-packages/airflow/example_dags/example_skip_dag.py
[2025-07-27T19:55:29.377+0200] {processor.py:830} INFO - Processing file /home/leoja/airflow/airflow_venv/lib/python3.12/site-packages/airflow/example_dags/example_skip_dag.py for tasks to queue
[2025-07-27T19:55:29.378+0200] {logging_mixin.py:188} INFO - [2025-07-27T19:55:29.378+0200] {dagbag.py:540} INFO - Filling up the DagBag from /home/leoja/airflow/airflow_venv/lib/python3.12/site-packages/airflow/example_dags/example_skip_dag.py
[2025-07-27T19:55:29.385+0200] {processor.py:840} INFO - DAG(s) 'example_skip_dag' retrieved from /home/leoja/airflow/airflow_venv/lib/python3.12/site-packages/airflow/example_dags/example_skip_dag.py
[2025-07-27T19:55:29.400+0200] {logging_mixin.py:188} INFO - [2025-07-27T19:55:29.399+0200] {dag.py:3096} INFO - Sync 1 DAGs
[2025-07-27T19:55:29.419+0200] {logging_mixin.py:188} INFO - [2025-07-27T19:55:29.419+0200] {dag.py:3954} INFO - Setting next_dagrun for example_skip_dag to 2025-07-26 00:00:00+00:00, run_after=2025-07-27 00:00:00+00:00
[2025-07-27T19:55:29.449+0200] {processor.py:183} INFO - Processing /home/leoja/airflow/airflow_venv/lib/python3.12/site-packages/airflow/example_dags/example_skip_dag.py took 0.079 seconds
[2025-07-27T19:56:19.160+0200] {processor.py:161} INFO - Started process (PID=8045) to work on /home/leoja/airflow/airflow_venv/lib/python3.12/site-packages/airflow/example_dags/example_skip_dag.py
[2025-07-27T19:56:19.161+0200] {processor.py:830} INFO - Processing file /home/leoja/airflow/airflow_venv/lib/python3.12/site-packages/airflow/example_dags/example_skip_dag.py for tasks to queue
[2025-07-27T19:56:19.163+0200] {logging_mixin.py:188} INFO - [2025-07-27T19:56:19.163+0200] {dagbag.py:540} INFO - Filling up the DagBag from /home/leoja/airflow/airflow_venv/lib/python3.12/site-packages/airflow/example_dags/example_skip_dag.py
[2025-07-27T19:56:19.169+0200] {processor.py:840} INFO - DAG(s) 'example_skip_dag' retrieved from /home/leoja/airflow/airflow_venv/lib/python3.12/site-packages/airflow/example_dags/example_skip_dag.py
[2025-07-27T19:56:19.187+0200] {logging_mixin.py:188} INFO - [2025-07-27T19:56:19.187+0200] {dag.py:3096} INFO - Sync 1 DAGs
[2025-07-27T19:56:19.208+0200] {logging_mixin.py:188} INFO - [2025-07-27T19:56:19.208+0200] {dag.py:3954} INFO - Setting next_dagrun for example_skip_dag to 2025-07-26 00:00:00+00:00, run_after=2025-07-27 00:00:00+00:00
[2025-07-27T19:56:19.237+0200] {processor.py:183} INFO - Processing /home/leoja/airflow/airflow_venv/lib/python3.12/site-packages/airflow/example_dags/example_skip_dag.py took 0.082 seconds
[2025-07-27T19:57:13.064+0200] {processor.py:161} INFO - Started process (PID=8351) to work on /home/leoja/airflow/airflow_venv/lib/python3.12/site-packages/airflow/example_dags/example_skip_dag.py
[2025-07-27T19:57:13.066+0200] {processor.py:830} INFO - Processing file /home/leoja/airflow/airflow_venv/lib/python3.12/site-packages/airflow/example_dags/example_skip_dag.py for tasks to queue
[2025-07-27T19:57:13.068+0200] {logging_mixin.py:188} INFO - [2025-07-27T19:57:13.068+0200] {dagbag.py:540} INFO - Filling up the DagBag from /home/leoja/airflow/airflow_venv/lib/python3.12/site-packages/airflow/example_dags/example_skip_dag.py
[2025-07-27T19:57:13.074+0200] {processor.py:840} INFO - DAG(s) 'example_skip_dag' retrieved from /home/leoja/airflow/airflow_venv/lib/python3.12/site-packages/airflow/example_dags/example_skip_dag.py
[2025-07-27T19:57:13.087+0200] {logging_mixin.py:188} INFO - [2025-07-27T19:57:13.087+0200] {dag.py:3096} INFO - Sync 1 DAGs
[2025-07-27T19:57:13.102+0200] {logging_mixin.py:188} INFO - [2025-07-27T19:57:13.101+0200] {dag.py:3954} INFO - Setting next_dagrun for example_skip_dag to 2025-07-26 00:00:00+00:00, run_after=2025-07-27 00:00:00+00:00
[2025-07-27T19:57:13.124+0200] {processor.py:183} INFO - Processing /home/leoja/airflow/airflow_venv/lib/python3.12/site-packages/airflow/example_dags/example_skip_dag.py took 0.064 seconds
[2025-07-27T19:58:04.935+0200] {processor.py:161} INFO - Started process (PID=8623) to work on /home/leoja/airflow/airflow_venv/lib/python3.12/site-packages/airflow/example_dags/example_skip_dag.py
[2025-07-27T19:58:04.936+0200] {processor.py:830} INFO - Processing file /home/leoja/airflow/airflow_venv/lib/python3.12/site-packages/airflow/example_dags/example_skip_dag.py for tasks to queue
[2025-07-27T19:58:04.938+0200] {logging_mixin.py:188} INFO - [2025-07-27T19:58:04.937+0200] {dagbag.py:540} INFO - Filling up the DagBag from /home/leoja/airflow/airflow_venv/lib/python3.12/site-packages/airflow/example_dags/example_skip_dag.py
[2025-07-27T19:58:04.943+0200] {processor.py:840} INFO - DAG(s) 'example_skip_dag' retrieved from /home/leoja/airflow/airflow_venv/lib/python3.12/site-packages/airflow/example_dags/example_skip_dag.py
[2025-07-27T19:58:04.955+0200] {logging_mixin.py:188} INFO - [2025-07-27T19:58:04.955+0200] {dag.py:3096} INFO - Sync 1 DAGs
[2025-07-27T19:58:04.967+0200] {logging_mixin.py:188} INFO - [2025-07-27T19:58:04.967+0200] {dag.py:3954} INFO - Setting next_dagrun for example_skip_dag to 2025-07-26 00:00:00+00:00, run_after=2025-07-27 00:00:00+00:00
[2025-07-27T19:58:05.102+0200] {processor.py:183} INFO - Processing /home/leoja/airflow/airflow_venv/lib/python3.12/site-packages/airflow/example_dags/example_skip_dag.py took 0.172 seconds
[2025-07-27T19:58:52.491+0200] {processor.py:161} INFO - Started process (PID=8887) to work on /home/leoja/airflow/airflow_venv/lib/python3.12/site-packages/airflow/example_dags/example_skip_dag.py
[2025-07-27T19:58:52.495+0200] {processor.py:830} INFO - Processing file /home/leoja/airflow/airflow_venv/lib/python3.12/site-packages/airflow/example_dags/example_skip_dag.py for tasks to queue
[2025-07-27T19:58:52.497+0200] {logging_mixin.py:188} INFO - [2025-07-27T19:58:52.496+0200] {dagbag.py:540} INFO - Filling up the DagBag from /home/leoja/airflow/airflow_venv/lib/python3.12/site-packages/airflow/example_dags/example_skip_dag.py
[2025-07-27T19:58:52.502+0200] {processor.py:840} INFO - DAG(s) 'example_skip_dag' retrieved from /home/leoja/airflow/airflow_venv/lib/python3.12/site-packages/airflow/example_dags/example_skip_dag.py
[2025-07-27T19:58:52.515+0200] {logging_mixin.py:188} INFO - [2025-07-27T19:58:52.515+0200] {dag.py:3096} INFO - Sync 1 DAGs
[2025-07-27T19:58:52.529+0200] {logging_mixin.py:188} INFO - [2025-07-27T19:58:52.529+0200] {dag.py:3954} INFO - Setting next_dagrun for example_skip_dag to 2025-07-26 00:00:00+00:00, run_after=2025-07-27 00:00:00+00:00
[2025-07-27T19:58:52.554+0200] {processor.py:183} INFO - Processing /home/leoja/airflow/airflow_venv/lib/python3.12/site-packages/airflow/example_dags/example_skip_dag.py took 0.069 seconds
[2025-07-27T19:59:43.161+0200] {processor.py:161} INFO - Started process (PID=9191) to work on /home/leoja/airflow/airflow_venv/lib/python3.12/site-packages/airflow/example_dags/example_skip_dag.py
[2025-07-27T19:59:43.163+0200] {processor.py:830} INFO - Processing file /home/leoja/airflow/airflow_venv/lib/python3.12/site-packages/airflow/example_dags/example_skip_dag.py for tasks to queue
[2025-07-27T19:59:43.165+0200] {logging_mixin.py:188} INFO - [2025-07-27T19:59:43.165+0200] {dagbag.py:540} INFO - Filling up the DagBag from /home/leoja/airflow/airflow_venv/lib/python3.12/site-packages/airflow/example_dags/example_skip_dag.py
[2025-07-27T19:59:43.173+0200] {processor.py:840} INFO - DAG(s) 'example_skip_dag' retrieved from /home/leoja/airflow/airflow_venv/lib/python3.12/site-packages/airflow/example_dags/example_skip_dag.py
[2025-07-27T19:59:43.187+0200] {logging_mixin.py:188} INFO - [2025-07-27T19:59:43.187+0200] {dag.py:3096} INFO - Sync 1 DAGs
[2025-07-27T19:59:43.222+0200] {logging_mixin.py:188} INFO - [2025-07-27T19:59:43.222+0200] {dag.py:3954} INFO - Setting next_dagrun for example_skip_dag to 2025-07-26 00:00:00+00:00, run_after=2025-07-27 00:00:00+00:00
[2025-07-27T19:59:43.243+0200] {processor.py:183} INFO - Processing /home/leoja/airflow/airflow_venv/lib/python3.12/site-packages/airflow/example_dags/example_skip_dag.py took 0.088 seconds
[2025-07-27T20:00:36.236+0200] {processor.py:161} INFO - Started process (PID=9466) to work on /home/leoja/airflow/airflow_venv/lib/python3.12/site-packages/airflow/example_dags/example_skip_dag.py
[2025-07-27T20:00:36.239+0200] {processor.py:830} INFO - Processing file /home/leoja/airflow/airflow_venv/lib/python3.12/site-packages/airflow/example_dags/example_skip_dag.py for tasks to queue
[2025-07-27T20:00:36.242+0200] {logging_mixin.py:188} INFO - [2025-07-27T20:00:36.241+0200] {dagbag.py:540} INFO - Filling up the DagBag from /home/leoja/airflow/airflow_venv/lib/python3.12/site-packages/airflow/example_dags/example_skip_dag.py
[2025-07-27T20:00:36.250+0200] {processor.py:840} INFO - DAG(s) 'example_skip_dag' retrieved from /home/leoja/airflow/airflow_venv/lib/python3.12/site-packages/airflow/example_dags/example_skip_dag.py
[2025-07-27T20:00:36.270+0200] {logging_mixin.py:188} INFO - [2025-07-27T20:00:36.270+0200] {dag.py:3096} INFO - Sync 1 DAGs
[2025-07-27T20:00:36.404+0200] {logging_mixin.py:188} INFO - [2025-07-27T20:00:36.404+0200] {dag.py:3954} INFO - Setting next_dagrun for example_skip_dag to 2025-07-26 00:00:00+00:00, run_after=2025-07-27 00:00:00+00:00
[2025-07-27T20:00:36.427+0200] {processor.py:183} INFO - Processing /home/leoja/airflow/airflow_venv/lib/python3.12/site-packages/airflow/example_dags/example_skip_dag.py took 0.198 seconds
[2025-07-27T20:01:32.183+0200] {processor.py:161} INFO - Started process (PID=9774) to work on /home/leoja/airflow/airflow_venv/lib/python3.12/site-packages/airflow/example_dags/example_skip_dag.py
[2025-07-27T20:01:32.185+0200] {processor.py:830} INFO - Processing file /home/leoja/airflow/airflow_venv/lib/python3.12/site-packages/airflow/example_dags/example_skip_dag.py for tasks to queue
[2025-07-27T20:01:32.187+0200] {logging_mixin.py:188} INFO - [2025-07-27T20:01:32.186+0200] {dagbag.py:540} INFO - Filling up the DagBag from /home/leoja/airflow/airflow_venv/lib/python3.12/site-packages/airflow/example_dags/example_skip_dag.py
[2025-07-27T20:01:32.194+0200] {processor.py:840} INFO - DAG(s) 'example_skip_dag' retrieved from /home/leoja/airflow/airflow_venv/lib/python3.12/site-packages/airflow/example_dags/example_skip_dag.py
[2025-07-27T20:01:32.210+0200] {logging_mixin.py:188} INFO - [2025-07-27T20:01:32.209+0200] {dag.py:3096} INFO - Sync 1 DAGs
[2025-07-27T20:01:32.358+0200] {logging_mixin.py:188} INFO - [2025-07-27T20:01:32.358+0200] {dag.py:3954} INFO - Setting next_dagrun for example_skip_dag to 2025-07-26 00:00:00+00:00, run_after=2025-07-27 00:00:00+00:00
[2025-07-27T20:01:32.398+0200] {processor.py:183} INFO - Processing /home/leoja/airflow/airflow_venv/lib/python3.12/site-packages/airflow/example_dags/example_skip_dag.py took 0.221 seconds
[2025-07-27T20:02:27.458+0200] {processor.py:161} INFO - Started process (PID=10081) to work on /home/leoja/airflow/airflow_venv/lib/python3.12/site-packages/airflow/example_dags/example_skip_dag.py
[2025-07-27T20:02:27.460+0200] {processor.py:830} INFO - Processing file /home/leoja/airflow/airflow_venv/lib/python3.12/site-packages/airflow/example_dags/example_skip_dag.py for tasks to queue
[2025-07-27T20:02:27.463+0200] {logging_mixin.py:188} INFO - [2025-07-27T20:02:27.463+0200] {dagbag.py:540} INFO - Filling up the DagBag from /home/leoja/airflow/airflow_venv/lib/python3.12/site-packages/airflow/example_dags/example_skip_dag.py
[2025-07-27T20:02:27.471+0200] {processor.py:840} INFO - DAG(s) 'example_skip_dag' retrieved from /home/leoja/airflow/airflow_venv/lib/python3.12/site-packages/airflow/example_dags/example_skip_dag.py
[2025-07-27T20:02:27.491+0200] {logging_mixin.py:188} INFO - [2025-07-27T20:02:27.490+0200] {dag.py:3096} INFO - Sync 1 DAGs
[2025-07-27T20:02:27.510+0200] {logging_mixin.py:188} INFO - [2025-07-27T20:02:27.510+0200] {dag.py:3954} INFO - Setting next_dagrun for example_skip_dag to 2025-07-26 00:00:00+00:00, run_after=2025-07-27 00:00:00+00:00
[2025-07-27T20:02:27.533+0200] {processor.py:183} INFO - Processing /home/leoja/airflow/airflow_venv/lib/python3.12/site-packages/airflow/example_dags/example_skip_dag.py took 0.081 seconds
[2025-07-27T20:03:29.965+0200] {processor.py:161} INFO - Started process (PID=10413) to work on /home/leoja/airflow/airflow_venv/lib/python3.12/site-packages/airflow/example_dags/example_skip_dag.py
[2025-07-27T20:03:29.967+0200] {processor.py:830} INFO - Processing file /home/leoja/airflow/airflow_venv/lib/python3.12/site-packages/airflow/example_dags/example_skip_dag.py for tasks to queue
[2025-07-27T20:03:29.969+0200] {logging_mixin.py:188} INFO - [2025-07-27T20:03:29.968+0200] {dagbag.py:540} INFO - Filling up the DagBag from /home/leoja/airflow/airflow_venv/lib/python3.12/site-packages/airflow/example_dags/example_skip_dag.py
[2025-07-27T20:03:29.977+0200] {processor.py:840} INFO - DAG(s) 'example_skip_dag' retrieved from /home/leoja/airflow/airflow_venv/lib/python3.12/site-packages/airflow/example_dags/example_skip_dag.py
[2025-07-27T20:03:29.997+0200] {logging_mixin.py:188} INFO - [2025-07-27T20:03:29.997+0200] {dag.py:3096} INFO - Sync 1 DAGs
[2025-07-27T20:03:30.019+0200] {logging_mixin.py:188} INFO - [2025-07-27T20:03:30.018+0200] {dag.py:3954} INFO - Setting next_dagrun for example_skip_dag to 2025-07-26 00:00:00+00:00, run_after=2025-07-27 00:00:00+00:00
[2025-07-27T20:03:30.045+0200] {processor.py:183} INFO - Processing /home/leoja/airflow/airflow_venv/lib/python3.12/site-packages/airflow/example_dags/example_skip_dag.py took 0.088 seconds
[2025-07-27T20:04:27.714+0200] {processor.py:161} INFO - Started process (PID=10714) to work on /home/leoja/airflow/airflow_venv/lib/python3.12/site-packages/airflow/example_dags/example_skip_dag.py
[2025-07-27T20:04:27.716+0200] {processor.py:830} INFO - Processing file /home/leoja/airflow/airflow_venv/lib/python3.12/site-packages/airflow/example_dags/example_skip_dag.py for tasks to queue
[2025-07-27T20:04:27.718+0200] {logging_mixin.py:188} INFO - [2025-07-27T20:04:27.717+0200] {dagbag.py:540} INFO - Filling up the DagBag from /home/leoja/airflow/airflow_venv/lib/python3.12/site-packages/airflow/example_dags/example_skip_dag.py
[2025-07-27T20:04:27.725+0200] {processor.py:840} INFO - DAG(s) 'example_skip_dag' retrieved from /home/leoja/airflow/airflow_venv/lib/python3.12/site-packages/airflow/example_dags/example_skip_dag.py
[2025-07-27T20:04:27.742+0200] {logging_mixin.py:188} INFO - [2025-07-27T20:04:27.741+0200] {dag.py:3096} INFO - Sync 1 DAGs
[2025-07-27T20:04:27.759+0200] {logging_mixin.py:188} INFO - [2025-07-27T20:04:27.759+0200] {dag.py:3954} INFO - Setting next_dagrun for example_skip_dag to 2025-07-26 00:00:00+00:00, run_after=2025-07-27 00:00:00+00:00
[2025-07-27T20:04:27.781+0200] {processor.py:183} INFO - Processing /home/leoja/airflow/airflow_venv/lib/python3.12/site-packages/airflow/example_dags/example_skip_dag.py took 0.075 seconds
[2025-07-27T20:05:18.746+0200] {processor.py:161} INFO - Started process (PID=11020) to work on /home/leoja/airflow/airflow_venv/lib/python3.12/site-packages/airflow/example_dags/example_skip_dag.py
[2025-07-27T20:05:18.748+0200] {processor.py:830} INFO - Processing file /home/leoja/airflow/airflow_venv/lib/python3.12/site-packages/airflow/example_dags/example_skip_dag.py for tasks to queue
[2025-07-27T20:05:18.750+0200] {logging_mixin.py:188} INFO - [2025-07-27T20:05:18.750+0200] {dagbag.py:540} INFO - Filling up the DagBag from /home/leoja/airflow/airflow_venv/lib/python3.12/site-packages/airflow/example_dags/example_skip_dag.py
[2025-07-27T20:05:18.760+0200] {processor.py:840} INFO - DAG(s) 'example_skip_dag' retrieved from /home/leoja/airflow/airflow_venv/lib/python3.12/site-packages/airflow/example_dags/example_skip_dag.py
[2025-07-27T20:05:18.781+0200] {logging_mixin.py:188} INFO - [2025-07-27T20:05:18.781+0200] {dag.py:3096} INFO - Sync 1 DAGs
[2025-07-27T20:05:18.802+0200] {logging_mixin.py:188} INFO - [2025-07-27T20:05:18.802+0200] {dag.py:3954} INFO - Setting next_dagrun for example_skip_dag to 2025-07-26 00:00:00+00:00, run_after=2025-07-27 00:00:00+00:00
[2025-07-27T20:05:18.837+0200] {processor.py:183} INFO - Processing /home/leoja/airflow/airflow_venv/lib/python3.12/site-packages/airflow/example_dags/example_skip_dag.py took 0.098 seconds
[2025-07-27T20:06:11.519+0200] {processor.py:161} INFO - Started process (PID=11292) to work on /home/leoja/airflow/airflow_venv/lib/python3.12/site-packages/airflow/example_dags/example_skip_dag.py
[2025-07-27T20:06:11.521+0200] {processor.py:830} INFO - Processing file /home/leoja/airflow/airflow_venv/lib/python3.12/site-packages/airflow/example_dags/example_skip_dag.py for tasks to queue
[2025-07-27T20:06:11.523+0200] {logging_mixin.py:188} INFO - [2025-07-27T20:06:11.523+0200] {dagbag.py:540} INFO - Filling up the DagBag from /home/leoja/airflow/airflow_venv/lib/python3.12/site-packages/airflow/example_dags/example_skip_dag.py
[2025-07-27T20:06:11.530+0200] {processor.py:840} INFO - DAG(s) 'example_skip_dag' retrieved from /home/leoja/airflow/airflow_venv/lib/python3.12/site-packages/airflow/example_dags/example_skip_dag.py
[2025-07-27T20:06:11.550+0200] {logging_mixin.py:188} INFO - [2025-07-27T20:06:11.550+0200] {dag.py:3096} INFO - Sync 1 DAGs
[2025-07-27T20:06:11.580+0200] {logging_mixin.py:188} INFO - [2025-07-27T20:06:11.579+0200] {dag.py:3954} INFO - Setting next_dagrun for example_skip_dag to 2025-07-26 00:00:00+00:00, run_after=2025-07-27 00:00:00+00:00
[2025-07-27T20:06:11.622+0200] {processor.py:183} INFO - Processing /home/leoja/airflow/airflow_venv/lib/python3.12/site-packages/airflow/example_dags/example_skip_dag.py took 0.111 seconds
[2025-07-27T20:07:08.222+0200] {processor.py:161} INFO - Started process (PID=11599) to work on /home/leoja/airflow/airflow_venv/lib/python3.12/site-packages/airflow/example_dags/example_skip_dag.py
[2025-07-27T20:07:08.224+0200] {processor.py:830} INFO - Processing file /home/leoja/airflow/airflow_venv/lib/python3.12/site-packages/airflow/example_dags/example_skip_dag.py for tasks to queue
[2025-07-27T20:07:08.226+0200] {logging_mixin.py:188} INFO - [2025-07-27T20:07:08.225+0200] {dagbag.py:540} INFO - Filling up the DagBag from /home/leoja/airflow/airflow_venv/lib/python3.12/site-packages/airflow/example_dags/example_skip_dag.py
[2025-07-27T20:07:08.233+0200] {processor.py:840} INFO - DAG(s) 'example_skip_dag' retrieved from /home/leoja/airflow/airflow_venv/lib/python3.12/site-packages/airflow/example_dags/example_skip_dag.py
[2025-07-27T20:07:08.252+0200] {logging_mixin.py:188} INFO - [2025-07-27T20:07:08.252+0200] {dag.py:3096} INFO - Sync 1 DAGs
[2025-07-27T20:07:08.273+0200] {logging_mixin.py:188} INFO - [2025-07-27T20:07:08.273+0200] {dag.py:3954} INFO - Setting next_dagrun for example_skip_dag to 2025-07-26 00:00:00+00:00, run_after=2025-07-27 00:00:00+00:00
[2025-07-27T20:07:08.301+0200] {processor.py:183} INFO - Processing /home/leoja/airflow/airflow_venv/lib/python3.12/site-packages/airflow/example_dags/example_skip_dag.py took 0.089 seconds
[2025-07-27T20:08:00.696+0200] {processor.py:161} INFO - Started process (PID=11905) to work on /home/leoja/airflow/airflow_venv/lib/python3.12/site-packages/airflow/example_dags/example_skip_dag.py
[2025-07-27T20:08:00.700+0200] {processor.py:830} INFO - Processing file /home/leoja/airflow/airflow_venv/lib/python3.12/site-packages/airflow/example_dags/example_skip_dag.py for tasks to queue
[2025-07-27T20:08:00.705+0200] {logging_mixin.py:188} INFO - [2025-07-27T20:08:00.704+0200] {dagbag.py:540} INFO - Filling up the DagBag from /home/leoja/airflow/airflow_venv/lib/python3.12/site-packages/airflow/example_dags/example_skip_dag.py
[2025-07-27T20:08:00.720+0200] {processor.py:840} INFO - DAG(s) 'example_skip_dag' retrieved from /home/leoja/airflow/airflow_venv/lib/python3.12/site-packages/airflow/example_dags/example_skip_dag.py
[2025-07-27T20:08:00.744+0200] {logging_mixin.py:188} INFO - [2025-07-27T20:08:00.743+0200] {dag.py:3096} INFO - Sync 1 DAGs
[2025-07-27T20:08:00.767+0200] {logging_mixin.py:188} INFO - [2025-07-27T20:08:00.767+0200] {dag.py:3954} INFO - Setting next_dagrun for example_skip_dag to 2025-07-26 00:00:00+00:00, run_after=2025-07-27 00:00:00+00:00
[2025-07-27T20:08:00.790+0200] {processor.py:183} INFO - Processing /home/leoja/airflow/airflow_venv/lib/python3.12/site-packages/airflow/example_dags/example_skip_dag.py took 0.113 seconds
[2025-07-27T20:08:57.646+0200] {processor.py:161} INFO - Started process (PID=12250) to work on /home/leoja/airflow/airflow_venv/lib/python3.12/site-packages/airflow/example_dags/example_skip_dag.py
[2025-07-27T20:08:57.649+0200] {processor.py:830} INFO - Processing file /home/leoja/airflow/airflow_venv/lib/python3.12/site-packages/airflow/example_dags/example_skip_dag.py for tasks to queue
[2025-07-27T20:08:57.651+0200] {logging_mixin.py:188} INFO - [2025-07-27T20:08:57.650+0200] {dagbag.py:540} INFO - Filling up the DagBag from /home/leoja/airflow/airflow_venv/lib/python3.12/site-packages/airflow/example_dags/example_skip_dag.py
[2025-07-27T20:08:57.660+0200] {processor.py:840} INFO - DAG(s) 'example_skip_dag' retrieved from /home/leoja/airflow/airflow_venv/lib/python3.12/site-packages/airflow/example_dags/example_skip_dag.py
[2025-07-27T20:08:57.679+0200] {logging_mixin.py:188} INFO - [2025-07-27T20:08:57.679+0200] {dag.py:3096} INFO - Sync 1 DAGs
[2025-07-27T20:08:57.701+0200] {logging_mixin.py:188} INFO - [2025-07-27T20:08:57.700+0200] {dag.py:3954} INFO - Setting next_dagrun for example_skip_dag to 2025-07-26 00:00:00+00:00, run_after=2025-07-27 00:00:00+00:00
[2025-07-27T20:08:57.728+0200] {processor.py:183} INFO - Processing /home/leoja/airflow/airflow_venv/lib/python3.12/site-packages/airflow/example_dags/example_skip_dag.py took 0.090 seconds
[2025-07-27T20:09:53.964+0200] {processor.py:161} INFO - Started process (PID=12562) to work on /home/leoja/airflow/airflow_venv/lib/python3.12/site-packages/airflow/example_dags/example_skip_dag.py
[2025-07-27T20:09:53.967+0200] {processor.py:830} INFO - Processing file /home/leoja/airflow/airflow_venv/lib/python3.12/site-packages/airflow/example_dags/example_skip_dag.py for tasks to queue
[2025-07-27T20:09:53.970+0200] {logging_mixin.py:188} INFO - [2025-07-27T20:09:53.969+0200] {dagbag.py:540} INFO - Filling up the DagBag from /home/leoja/airflow/airflow_venv/lib/python3.12/site-packages/airflow/example_dags/example_skip_dag.py
[2025-07-27T20:09:53.979+0200] {processor.py:840} INFO - DAG(s) 'example_skip_dag' retrieved from /home/leoja/airflow/airflow_venv/lib/python3.12/site-packages/airflow/example_dags/example_skip_dag.py
[2025-07-27T20:09:54.000+0200] {logging_mixin.py:188} INFO - [2025-07-27T20:09:54.000+0200] {dag.py:3096} INFO - Sync 1 DAGs
[2025-07-27T20:09:54.025+0200] {logging_mixin.py:188} INFO - [2025-07-27T20:09:54.025+0200] {dag.py:3954} INFO - Setting next_dagrun for example_skip_dag to 2025-07-26 00:00:00+00:00, run_after=2025-07-27 00:00:00+00:00
[2025-07-27T20:09:54.049+0200] {processor.py:183} INFO - Processing /home/leoja/airflow/airflow_venv/lib/python3.12/site-packages/airflow/example_dags/example_skip_dag.py took 0.099 seconds
[2025-07-27T20:10:51.396+0200] {processor.py:161} INFO - Started process (PID=12891) to work on /home/leoja/airflow/airflow_venv/lib/python3.12/site-packages/airflow/example_dags/example_skip_dag.py
[2025-07-27T20:10:51.398+0200] {processor.py:830} INFO - Processing file /home/leoja/airflow/airflow_venv/lib/python3.12/site-packages/airflow/example_dags/example_skip_dag.py for tasks to queue
[2025-07-27T20:10:51.400+0200] {logging_mixin.py:188} INFO - [2025-07-27T20:10:51.400+0200] {dagbag.py:540} INFO - Filling up the DagBag from /home/leoja/airflow/airflow_venv/lib/python3.12/site-packages/airflow/example_dags/example_skip_dag.py
[2025-07-27T20:10:51.411+0200] {processor.py:840} INFO - DAG(s) 'example_skip_dag' retrieved from /home/leoja/airflow/airflow_venv/lib/python3.12/site-packages/airflow/example_dags/example_skip_dag.py
[2025-07-27T20:10:51.432+0200] {logging_mixin.py:188} INFO - [2025-07-27T20:10:51.432+0200] {dag.py:3096} INFO - Sync 1 DAGs
[2025-07-27T20:10:51.457+0200] {logging_mixin.py:188} INFO - [2025-07-27T20:10:51.456+0200] {dag.py:3954} INFO - Setting next_dagrun for example_skip_dag to 2025-07-26 00:00:00+00:00, run_after=2025-07-27 00:00:00+00:00
[2025-07-27T20:10:51.486+0200] {processor.py:183} INFO - Processing /home/leoja/airflow/airflow_venv/lib/python3.12/site-packages/airflow/example_dags/example_skip_dag.py took 0.103 seconds
[2025-07-27T20:11:47.190+0200] {processor.py:161} INFO - Started process (PID=13172) to work on /home/leoja/airflow/airflow_venv/lib/python3.12/site-packages/airflow/example_dags/example_skip_dag.py
[2025-07-27T20:11:47.192+0200] {processor.py:830} INFO - Processing file /home/leoja/airflow/airflow_venv/lib/python3.12/site-packages/airflow/example_dags/example_skip_dag.py for tasks to queue
[2025-07-27T20:11:47.194+0200] {logging_mixin.py:188} INFO - [2025-07-27T20:11:47.193+0200] {dagbag.py:540} INFO - Filling up the DagBag from /home/leoja/airflow/airflow_venv/lib/python3.12/site-packages/airflow/example_dags/example_skip_dag.py
[2025-07-27T20:11:47.200+0200] {processor.py:840} INFO - DAG(s) 'example_skip_dag' retrieved from /home/leoja/airflow/airflow_venv/lib/python3.12/site-packages/airflow/example_dags/example_skip_dag.py
[2025-07-27T20:11:47.226+0200] {logging_mixin.py:188} INFO - [2025-07-27T20:11:47.225+0200] {dag.py:3096} INFO - Sync 1 DAGs
[2025-07-27T20:11:47.252+0200] {logging_mixin.py:188} INFO - [2025-07-27T20:11:47.252+0200] {dag.py:3954} INFO - Setting next_dagrun for example_skip_dag to 2025-07-26 00:00:00+00:00, run_after=2025-07-27 00:00:00+00:00
[2025-07-27T20:11:47.279+0200] {processor.py:183} INFO - Processing /home/leoja/airflow/airflow_venv/lib/python3.12/site-packages/airflow/example_dags/example_skip_dag.py took 0.097 seconds
[2025-07-27T20:12:42.329+0200] {processor.py:161} INFO - Started process (PID=13476) to work on /home/leoja/airflow/airflow_venv/lib/python3.12/site-packages/airflow/example_dags/example_skip_dag.py
[2025-07-27T20:12:42.331+0200] {processor.py:830} INFO - Processing file /home/leoja/airflow/airflow_venv/lib/python3.12/site-packages/airflow/example_dags/example_skip_dag.py for tasks to queue
[2025-07-27T20:12:42.333+0200] {logging_mixin.py:188} INFO - [2025-07-27T20:12:42.333+0200] {dagbag.py:540} INFO - Filling up the DagBag from /home/leoja/airflow/airflow_venv/lib/python3.12/site-packages/airflow/example_dags/example_skip_dag.py
[2025-07-27T20:12:42.341+0200] {processor.py:840} INFO - DAG(s) 'example_skip_dag' retrieved from /home/leoja/airflow/airflow_venv/lib/python3.12/site-packages/airflow/example_dags/example_skip_dag.py
[2025-07-27T20:12:42.362+0200] {logging_mixin.py:188} INFO - [2025-07-27T20:12:42.362+0200] {dag.py:3096} INFO - Sync 1 DAGs
[2025-07-27T20:12:42.385+0200] {logging_mixin.py:188} INFO - [2025-07-27T20:12:42.385+0200] {dag.py:3954} INFO - Setting next_dagrun for example_skip_dag to 2025-07-26 00:00:00+00:00, run_after=2025-07-27 00:00:00+00:00
[2025-07-27T20:12:42.410+0200] {processor.py:183} INFO - Processing /home/leoja/airflow/airflow_venv/lib/python3.12/site-packages/airflow/example_dags/example_skip_dag.py took 0.092 seconds
[2025-07-27T20:13:36.116+0200] {processor.py:161} INFO - Started process (PID=13784) to work on /home/leoja/airflow/airflow_venv/lib/python3.12/site-packages/airflow/example_dags/example_skip_dag.py
[2025-07-27T20:13:36.118+0200] {processor.py:830} INFO - Processing file /home/leoja/airflow/airflow_venv/lib/python3.12/site-packages/airflow/example_dags/example_skip_dag.py for tasks to queue
[2025-07-27T20:13:36.120+0200] {logging_mixin.py:188} INFO - [2025-07-27T20:13:36.120+0200] {dagbag.py:540} INFO - Filling up the DagBag from /home/leoja/airflow/airflow_venv/lib/python3.12/site-packages/airflow/example_dags/example_skip_dag.py
[2025-07-27T20:13:36.133+0200] {processor.py:840} INFO - DAG(s) 'example_skip_dag' retrieved from /home/leoja/airflow/airflow_venv/lib/python3.12/site-packages/airflow/example_dags/example_skip_dag.py
[2025-07-27T20:13:36.159+0200] {logging_mixin.py:188} INFO - [2025-07-27T20:13:36.159+0200] {dag.py:3096} INFO - Sync 1 DAGs
[2025-07-27T20:13:36.182+0200] {logging_mixin.py:188} INFO - [2025-07-27T20:13:36.181+0200] {dag.py:3954} INFO - Setting next_dagrun for example_skip_dag to 2025-07-26 00:00:00+00:00, run_after=2025-07-27 00:00:00+00:00
[2025-07-27T20:13:36.207+0200] {processor.py:183} INFO - Processing /home/leoja/airflow/airflow_venv/lib/python3.12/site-packages/airflow/example_dags/example_skip_dag.py took 0.104 seconds
[2025-07-27T20:14:08.462+0200] {processor.py:161} INFO - Started process (PID=13962) to work on /home/leoja/airflow/airflow_venv/lib/python3.12/site-packages/airflow/example_dags/example_skip_dag.py
[2025-07-27T20:14:08.464+0200] {processor.py:830} INFO - Processing file /home/leoja/airflow/airflow_venv/lib/python3.12/site-packages/airflow/example_dags/example_skip_dag.py for tasks to queue
[2025-07-27T20:14:08.467+0200] {logging_mixin.py:188} INFO - [2025-07-27T20:14:08.466+0200] {dagbag.py:540} INFO - Filling up the DagBag from /home/leoja/airflow/airflow_venv/lib/python3.12/site-packages/airflow/example_dags/example_skip_dag.py
[2025-07-27T20:14:08.475+0200] {processor.py:840} INFO - DAG(s) 'example_skip_dag' retrieved from /home/leoja/airflow/airflow_venv/lib/python3.12/site-packages/airflow/example_dags/example_skip_dag.py
[2025-07-27T20:14:08.495+0200] {logging_mixin.py:188} INFO - [2025-07-27T20:14:08.495+0200] {dag.py:3096} INFO - Sync 1 DAGs
[2025-07-27T20:14:08.517+0200] {logging_mixin.py:188} INFO - [2025-07-27T20:14:08.516+0200] {dag.py:3954} INFO - Setting next_dagrun for example_skip_dag to 2025-07-26 00:00:00+00:00, run_after=2025-07-27 00:00:00+00:00
[2025-07-27T20:14:08.542+0200] {processor.py:183} INFO - Processing /home/leoja/airflow/airflow_venv/lib/python3.12/site-packages/airflow/example_dags/example_skip_dag.py took 0.092 seconds
[2025-07-27T20:15:07.399+0200] {processor.py:161} INFO - Started process (PID=14296) to work on /home/leoja/airflow/airflow_venv/lib/python3.12/site-packages/airflow/example_dags/example_skip_dag.py
[2025-07-27T20:15:07.401+0200] {processor.py:830} INFO - Processing file /home/leoja/airflow/airflow_venv/lib/python3.12/site-packages/airflow/example_dags/example_skip_dag.py for tasks to queue
[2025-07-27T20:15:07.403+0200] {logging_mixin.py:188} INFO - [2025-07-27T20:15:07.403+0200] {dagbag.py:540} INFO - Filling up the DagBag from /home/leoja/airflow/airflow_venv/lib/python3.12/site-packages/airflow/example_dags/example_skip_dag.py
[2025-07-27T20:15:07.417+0200] {processor.py:840} INFO - DAG(s) 'example_skip_dag' retrieved from /home/leoja/airflow/airflow_venv/lib/python3.12/site-packages/airflow/example_dags/example_skip_dag.py
[2025-07-27T20:15:07.440+0200] {logging_mixin.py:188} INFO - [2025-07-27T20:15:07.440+0200] {dag.py:3096} INFO - Sync 1 DAGs
[2025-07-27T20:15:07.457+0200] {logging_mixin.py:188} INFO - [2025-07-27T20:15:07.457+0200] {dag.py:3954} INFO - Setting next_dagrun for example_skip_dag to 2025-07-26 00:00:00+00:00, run_after=2025-07-27 00:00:00+00:00
[2025-07-27T20:15:07.480+0200] {processor.py:183} INFO - Processing /home/leoja/airflow/airflow_venv/lib/python3.12/site-packages/airflow/example_dags/example_skip_dag.py took 0.094 seconds
[2025-07-27T20:16:00.733+0200] {processor.py:161} INFO - Started process (PID=14570) to work on /home/leoja/airflow/airflow_venv/lib/python3.12/site-packages/airflow/example_dags/example_skip_dag.py
[2025-07-27T20:16:00.735+0200] {processor.py:830} INFO - Processing file /home/leoja/airflow/airflow_venv/lib/python3.12/site-packages/airflow/example_dags/example_skip_dag.py for tasks to queue
[2025-07-27T20:16:00.738+0200] {logging_mixin.py:188} INFO - [2025-07-27T20:16:00.737+0200] {dagbag.py:540} INFO - Filling up the DagBag from /home/leoja/airflow/airflow_venv/lib/python3.12/site-packages/airflow/example_dags/example_skip_dag.py
[2025-07-27T20:16:00.747+0200] {processor.py:840} INFO - DAG(s) 'example_skip_dag' retrieved from /home/leoja/airflow/airflow_venv/lib/python3.12/site-packages/airflow/example_dags/example_skip_dag.py
[2025-07-27T20:16:00.770+0200] {logging_mixin.py:188} INFO - [2025-07-27T20:16:00.769+0200] {dag.py:3096} INFO - Sync 1 DAGs
[2025-07-27T20:16:00.787+0200] {logging_mixin.py:188} INFO - [2025-07-27T20:16:00.787+0200] {dag.py:3954} INFO - Setting next_dagrun for example_skip_dag to 2025-07-26 00:00:00+00:00, run_after=2025-07-27 00:00:00+00:00
[2025-07-27T20:16:00.812+0200] {processor.py:183} INFO - Processing /home/leoja/airflow/airflow_venv/lib/python3.12/site-packages/airflow/example_dags/example_skip_dag.py took 0.089 seconds
[2025-07-27T20:16:55.407+0200] {processor.py:161} INFO - Started process (PID=14877) to work on /home/leoja/airflow/airflow_venv/lib/python3.12/site-packages/airflow/example_dags/example_skip_dag.py
[2025-07-27T20:16:55.409+0200] {processor.py:830} INFO - Processing file /home/leoja/airflow/airflow_venv/lib/python3.12/site-packages/airflow/example_dags/example_skip_dag.py for tasks to queue
[2025-07-27T20:16:55.412+0200] {logging_mixin.py:188} INFO - [2025-07-27T20:16:55.411+0200] {dagbag.py:540} INFO - Filling up the DagBag from /home/leoja/airflow/airflow_venv/lib/python3.12/site-packages/airflow/example_dags/example_skip_dag.py
[2025-07-27T20:16:55.420+0200] {processor.py:840} INFO - DAG(s) 'example_skip_dag' retrieved from /home/leoja/airflow/airflow_venv/lib/python3.12/site-packages/airflow/example_dags/example_skip_dag.py
[2025-07-27T20:16:55.438+0200] {logging_mixin.py:188} INFO - [2025-07-27T20:16:55.438+0200] {dag.py:3096} INFO - Sync 1 DAGs
[2025-07-27T20:16:55.459+0200] {logging_mixin.py:188} INFO - [2025-07-27T20:16:55.458+0200] {dag.py:3954} INFO - Setting next_dagrun for example_skip_dag to 2025-07-26 00:00:00+00:00, run_after=2025-07-27 00:00:00+00:00
[2025-07-27T20:16:55.484+0200] {processor.py:183} INFO - Processing /home/leoja/airflow/airflow_venv/lib/python3.12/site-packages/airflow/example_dags/example_skip_dag.py took 0.088 seconds
[2025-07-27T20:17:50.649+0200] {processor.py:161} INFO - Started process (PID=15177) to work on /home/leoja/airflow/airflow_venv/lib/python3.12/site-packages/airflow/example_dags/example_skip_dag.py
[2025-07-27T20:17:50.651+0200] {processor.py:830} INFO - Processing file /home/leoja/airflow/airflow_venv/lib/python3.12/site-packages/airflow/example_dags/example_skip_dag.py for tasks to queue
[2025-07-27T20:17:50.653+0200] {logging_mixin.py:188} INFO - [2025-07-27T20:17:50.653+0200] {dagbag.py:540} INFO - Filling up the DagBag from /home/leoja/airflow/airflow_venv/lib/python3.12/site-packages/airflow/example_dags/example_skip_dag.py
[2025-07-27T20:17:50.662+0200] {processor.py:840} INFO - DAG(s) 'example_skip_dag' retrieved from /home/leoja/airflow/airflow_venv/lib/python3.12/site-packages/airflow/example_dags/example_skip_dag.py
[2025-07-27T20:17:50.682+0200] {logging_mixin.py:188} INFO - [2025-07-27T20:17:50.682+0200] {dag.py:3096} INFO - Sync 1 DAGs
[2025-07-27T20:17:50.703+0200] {logging_mixin.py:188} INFO - [2025-07-27T20:17:50.703+0200] {dag.py:3954} INFO - Setting next_dagrun for example_skip_dag to 2025-07-26 00:00:00+00:00, run_after=2025-07-27 00:00:00+00:00
[2025-07-27T20:17:50.733+0200] {processor.py:183} INFO - Processing /home/leoja/airflow/airflow_venv/lib/python3.12/site-packages/airflow/example_dags/example_skip_dag.py took 0.090 seconds
[2025-07-27T20:18:39.483+0200] {processor.py:161} INFO - Started process (PID=15449) to work on /home/leoja/airflow/airflow_venv/lib/python3.12/site-packages/airflow/example_dags/example_skip_dag.py
[2025-07-27T20:18:39.486+0200] {processor.py:830} INFO - Processing file /home/leoja/airflow/airflow_venv/lib/python3.12/site-packages/airflow/example_dags/example_skip_dag.py for tasks to queue
[2025-07-27T20:18:39.489+0200] {logging_mixin.py:188} INFO - [2025-07-27T20:18:39.488+0200] {dagbag.py:540} INFO - Filling up the DagBag from /home/leoja/airflow/airflow_venv/lib/python3.12/site-packages/airflow/example_dags/example_skip_dag.py
[2025-07-27T20:18:39.498+0200] {processor.py:840} INFO - DAG(s) 'example_skip_dag' retrieved from /home/leoja/airflow/airflow_venv/lib/python3.12/site-packages/airflow/example_dags/example_skip_dag.py
[2025-07-27T20:18:39.519+0200] {logging_mixin.py:188} INFO - [2025-07-27T20:18:39.519+0200] {dag.py:3096} INFO - Sync 1 DAGs
[2025-07-27T20:18:39.539+0200] {logging_mixin.py:188} INFO - [2025-07-27T20:18:39.539+0200] {dag.py:3954} INFO - Setting next_dagrun for example_skip_dag to 2025-07-26 00:00:00+00:00, run_after=2025-07-27 00:00:00+00:00
[2025-07-27T20:18:39.566+0200] {processor.py:183} INFO - Processing /home/leoja/airflow/airflow_venv/lib/python3.12/site-packages/airflow/example_dags/example_skip_dag.py took 0.091 seconds
[2025-07-27T20:19:34.362+0200] {processor.py:161} INFO - Started process (PID=15727) to work on /home/leoja/airflow/airflow_venv/lib/python3.12/site-packages/airflow/example_dags/example_skip_dag.py
[2025-07-27T20:19:34.364+0200] {processor.py:830} INFO - Processing file /home/leoja/airflow/airflow_venv/lib/python3.12/site-packages/airflow/example_dags/example_skip_dag.py for tasks to queue
[2025-07-27T20:19:34.366+0200] {logging_mixin.py:188} INFO - [2025-07-27T20:19:34.365+0200] {dagbag.py:540} INFO - Filling up the DagBag from /home/leoja/airflow/airflow_venv/lib/python3.12/site-packages/airflow/example_dags/example_skip_dag.py
[2025-07-27T20:19:34.373+0200] {processor.py:840} INFO - DAG(s) 'example_skip_dag' retrieved from /home/leoja/airflow/airflow_venv/lib/python3.12/site-packages/airflow/example_dags/example_skip_dag.py
[2025-07-27T20:19:34.391+0200] {logging_mixin.py:188} INFO - [2025-07-27T20:19:34.390+0200] {dag.py:3096} INFO - Sync 1 DAGs
[2025-07-27T20:19:34.410+0200] {logging_mixin.py:188} INFO - [2025-07-27T20:19:34.410+0200] {dag.py:3954} INFO - Setting next_dagrun for example_skip_dag to 2025-07-26 00:00:00+00:00, run_after=2025-07-27 00:00:00+00:00
[2025-07-27T20:19:34.434+0200] {processor.py:183} INFO - Processing /home/leoja/airflow/airflow_venv/lib/python3.12/site-packages/airflow/example_dags/example_skip_dag.py took 0.080 seconds
[2025-07-27T20:20:28.642+0200] {processor.py:161} INFO - Started process (PID=16056) to work on /home/leoja/airflow/airflow_venv/lib/python3.12/site-packages/airflow/example_dags/example_skip_dag.py
[2025-07-27T20:20:28.644+0200] {processor.py:830} INFO - Processing file /home/leoja/airflow/airflow_venv/lib/python3.12/site-packages/airflow/example_dags/example_skip_dag.py for tasks to queue
[2025-07-27T20:20:28.647+0200] {logging_mixin.py:188} INFO - [2025-07-27T20:20:28.646+0200] {dagbag.py:540} INFO - Filling up the DagBag from /home/leoja/airflow/airflow_venv/lib/python3.12/site-packages/airflow/example_dags/example_skip_dag.py
[2025-07-27T20:20:28.660+0200] {processor.py:840} INFO - DAG(s) 'example_skip_dag' retrieved from /home/leoja/airflow/airflow_venv/lib/python3.12/site-packages/airflow/example_dags/example_skip_dag.py
[2025-07-27T20:20:28.685+0200] {logging_mixin.py:188} INFO - [2025-07-27T20:20:28.685+0200] {dag.py:3096} INFO - Sync 1 DAGs
[2025-07-27T20:20:28.709+0200] {logging_mixin.py:188} INFO - [2025-07-27T20:20:28.709+0200] {dag.py:3954} INFO - Setting next_dagrun for example_skip_dag to 2025-07-26 00:00:00+00:00, run_after=2025-07-27 00:00:00+00:00
[2025-07-27T20:20:28.742+0200] {processor.py:183} INFO - Processing /home/leoja/airflow/airflow_venv/lib/python3.12/site-packages/airflow/example_dags/example_skip_dag.py took 0.114 seconds
[2025-07-27T20:21:27.493+0200] {processor.py:161} INFO - Started process (PID=16362) to work on /home/leoja/airflow/airflow_venv/lib/python3.12/site-packages/airflow/example_dags/example_skip_dag.py
[2025-07-27T20:21:27.496+0200] {processor.py:830} INFO - Processing file /home/leoja/airflow/airflow_venv/lib/python3.12/site-packages/airflow/example_dags/example_skip_dag.py for tasks to queue
[2025-07-27T20:21:27.501+0200] {logging_mixin.py:188} INFO - [2025-07-27T20:21:27.499+0200] {dagbag.py:540} INFO - Filling up the DagBag from /home/leoja/airflow/airflow_venv/lib/python3.12/site-packages/airflow/example_dags/example_skip_dag.py
[2025-07-27T20:21:27.516+0200] {processor.py:840} INFO - DAG(s) 'example_skip_dag' retrieved from /home/leoja/airflow/airflow_venv/lib/python3.12/site-packages/airflow/example_dags/example_skip_dag.py
[2025-07-27T20:21:27.539+0200] {logging_mixin.py:188} INFO - [2025-07-27T20:21:27.538+0200] {dag.py:3096} INFO - Sync 1 DAGs
[2025-07-27T20:21:27.559+0200] {logging_mixin.py:188} INFO - [2025-07-27T20:21:27.559+0200] {dag.py:3954} INFO - Setting next_dagrun for example_skip_dag to 2025-07-26 00:00:00+00:00, run_after=2025-07-27 00:00:00+00:00
[2025-07-27T20:21:27.580+0200] {processor.py:183} INFO - Processing /home/leoja/airflow/airflow_venv/lib/python3.12/site-packages/airflow/example_dags/example_skip_dag.py took 0.103 seconds
[2025-07-27T20:22:26.955+0200] {processor.py:161} INFO - Started process (PID=16692) to work on /home/leoja/airflow/airflow_venv/lib/python3.12/site-packages/airflow/example_dags/example_skip_dag.py
[2025-07-27T20:22:26.957+0200] {processor.py:830} INFO - Processing file /home/leoja/airflow/airflow_venv/lib/python3.12/site-packages/airflow/example_dags/example_skip_dag.py for tasks to queue
[2025-07-27T20:22:26.960+0200] {logging_mixin.py:188} INFO - [2025-07-27T20:22:26.959+0200] {dagbag.py:540} INFO - Filling up the DagBag from /home/leoja/airflow/airflow_venv/lib/python3.12/site-packages/airflow/example_dags/example_skip_dag.py
[2025-07-27T20:22:26.973+0200] {processor.py:840} INFO - DAG(s) 'example_skip_dag' retrieved from /home/leoja/airflow/airflow_venv/lib/python3.12/site-packages/airflow/example_dags/example_skip_dag.py
[2025-07-27T20:22:27.000+0200] {logging_mixin.py:188} INFO - [2025-07-27T20:22:26.999+0200] {dag.py:3096} INFO - Sync 1 DAGs
[2025-07-27T20:22:27.024+0200] {logging_mixin.py:188} INFO - [2025-07-27T20:22:27.024+0200] {dag.py:3954} INFO - Setting next_dagrun for example_skip_dag to 2025-07-26 00:00:00+00:00, run_after=2025-07-27 00:00:00+00:00
[2025-07-27T20:22:27.047+0200] {processor.py:183} INFO - Processing /home/leoja/airflow/airflow_venv/lib/python3.12/site-packages/airflow/example_dags/example_skip_dag.py took 0.106 seconds
[2025-07-27T20:23:00.058+0200] {processor.py:161} INFO - Started process (PID=16871) to work on /home/leoja/airflow/airflow_venv/lib/python3.12/site-packages/airflow/example_dags/example_skip_dag.py
[2025-07-27T20:23:00.060+0200] {processor.py:830} INFO - Processing file /home/leoja/airflow/airflow_venv/lib/python3.12/site-packages/airflow/example_dags/example_skip_dag.py for tasks to queue
[2025-07-27T20:23:00.062+0200] {logging_mixin.py:188} INFO - [2025-07-27T20:23:00.061+0200] {dagbag.py:540} INFO - Filling up the DagBag from /home/leoja/airflow/airflow_venv/lib/python3.12/site-packages/airflow/example_dags/example_skip_dag.py
[2025-07-27T20:23:00.068+0200] {processor.py:840} INFO - DAG(s) 'example_skip_dag' retrieved from /home/leoja/airflow/airflow_venv/lib/python3.12/site-packages/airflow/example_dags/example_skip_dag.py
[2025-07-27T20:23:00.090+0200] {logging_mixin.py:188} INFO - [2025-07-27T20:23:00.089+0200] {dag.py:3096} INFO - Sync 1 DAGs
[2025-07-27T20:23:00.110+0200] {logging_mixin.py:188} INFO - [2025-07-27T20:23:00.110+0200] {dag.py:3954} INFO - Setting next_dagrun for example_skip_dag to 2025-07-26 00:00:00+00:00, run_after=2025-07-27 00:00:00+00:00
[2025-07-27T20:23:00.138+0200] {processor.py:183} INFO - Processing /home/leoja/airflow/airflow_venv/lib/python3.12/site-packages/airflow/example_dags/example_skip_dag.py took 0.087 seconds
[2025-07-27T20:23:57.276+0200] {processor.py:161} INFO - Started process (PID=17176) to work on /home/leoja/airflow/airflow_venv/lib/python3.12/site-packages/airflow/example_dags/example_skip_dag.py
[2025-07-27T20:23:57.278+0200] {processor.py:830} INFO - Processing file /home/leoja/airflow/airflow_venv/lib/python3.12/site-packages/airflow/example_dags/example_skip_dag.py for tasks to queue
[2025-07-27T20:23:57.281+0200] {logging_mixin.py:188} INFO - [2025-07-27T20:23:57.280+0200] {dagbag.py:540} INFO - Filling up the DagBag from /home/leoja/airflow/airflow_venv/lib/python3.12/site-packages/airflow/example_dags/example_skip_dag.py
[2025-07-27T20:23:57.288+0200] {processor.py:840} INFO - DAG(s) 'example_skip_dag' retrieved from /home/leoja/airflow/airflow_venv/lib/python3.12/site-packages/airflow/example_dags/example_skip_dag.py
[2025-07-27T20:23:57.309+0200] {logging_mixin.py:188} INFO - [2025-07-27T20:23:57.309+0200] {dag.py:3096} INFO - Sync 1 DAGs
[2025-07-27T20:23:57.332+0200] {logging_mixin.py:188} INFO - [2025-07-27T20:23:57.332+0200] {dag.py:3954} INFO - Setting next_dagrun for example_skip_dag to 2025-07-26 00:00:00+00:00, run_after=2025-07-27 00:00:00+00:00
[2025-07-27T20:23:57.361+0200] {processor.py:183} INFO - Processing /home/leoja/airflow/airflow_venv/lib/python3.12/site-packages/airflow/example_dags/example_skip_dag.py took 0.098 seconds
[2025-07-27T20:24:49.725+0200] {processor.py:161} INFO - Started process (PID=17455) to work on /home/leoja/airflow/airflow_venv/lib/python3.12/site-packages/airflow/example_dags/example_skip_dag.py
[2025-07-27T20:24:49.728+0200] {processor.py:830} INFO - Processing file /home/leoja/airflow/airflow_venv/lib/python3.12/site-packages/airflow/example_dags/example_skip_dag.py for tasks to queue
[2025-07-27T20:24:49.733+0200] {logging_mixin.py:188} INFO - [2025-07-27T20:24:49.732+0200] {dagbag.py:540} INFO - Filling up the DagBag from /home/leoja/airflow/airflow_venv/lib/python3.12/site-packages/airflow/example_dags/example_skip_dag.py
[2025-07-27T20:24:49.747+0200] {processor.py:840} INFO - DAG(s) 'example_skip_dag' retrieved from /home/leoja/airflow/airflow_venv/lib/python3.12/site-packages/airflow/example_dags/example_skip_dag.py
[2025-07-27T20:24:49.777+0200] {logging_mixin.py:188} INFO - [2025-07-27T20:24:49.777+0200] {dag.py:3096} INFO - Sync 1 DAGs
[2025-07-27T20:24:49.808+0200] {logging_mixin.py:188} INFO - [2025-07-27T20:24:49.808+0200] {dag.py:3954} INFO - Setting next_dagrun for example_skip_dag to 2025-07-26 00:00:00+00:00, run_after=2025-07-27 00:00:00+00:00
[2025-07-27T20:24:49.848+0200] {processor.py:183} INFO - Processing /home/leoja/airflow/airflow_venv/lib/python3.12/site-packages/airflow/example_dags/example_skip_dag.py took 0.138 seconds
[2025-07-27T20:25:46.571+0200] {processor.py:161} INFO - Started process (PID=17786) to work on /home/leoja/airflow/airflow_venv/lib/python3.12/site-packages/airflow/example_dags/example_skip_dag.py
[2025-07-27T20:25:46.575+0200] {processor.py:830} INFO - Processing file /home/leoja/airflow/airflow_venv/lib/python3.12/site-packages/airflow/example_dags/example_skip_dag.py for tasks to queue
[2025-07-27T20:25:46.577+0200] {logging_mixin.py:188} INFO - [2025-07-27T20:25:46.577+0200] {dagbag.py:540} INFO - Filling up the DagBag from /home/leoja/airflow/airflow_venv/lib/python3.12/site-packages/airflow/example_dags/example_skip_dag.py
[2025-07-27T20:25:46.585+0200] {processor.py:840} INFO - DAG(s) 'example_skip_dag' retrieved from /home/leoja/airflow/airflow_venv/lib/python3.12/site-packages/airflow/example_dags/example_skip_dag.py
[2025-07-27T20:25:46.609+0200] {logging_mixin.py:188} INFO - [2025-07-27T20:25:46.609+0200] {dag.py:3096} INFO - Sync 1 DAGs
[2025-07-27T20:25:46.630+0200] {logging_mixin.py:188} INFO - [2025-07-27T20:25:46.630+0200] {dag.py:3954} INFO - Setting next_dagrun for example_skip_dag to 2025-07-26 00:00:00+00:00, run_after=2025-07-27 00:00:00+00:00
[2025-07-27T20:25:46.659+0200] {processor.py:183} INFO - Processing /home/leoja/airflow/airflow_venv/lib/python3.12/site-packages/airflow/example_dags/example_skip_dag.py took 0.103 seconds
[2025-07-27T20:26:36.645+0200] {processor.py:161} INFO - Started process (PID=18060) to work on /home/leoja/airflow/airflow_venv/lib/python3.12/site-packages/airflow/example_dags/example_skip_dag.py
[2025-07-27T20:26:36.646+0200] {processor.py:830} INFO - Processing file /home/leoja/airflow/airflow_venv/lib/python3.12/site-packages/airflow/example_dags/example_skip_dag.py for tasks to queue
[2025-07-27T20:26:36.648+0200] {logging_mixin.py:188} INFO - [2025-07-27T20:26:36.647+0200] {dagbag.py:540} INFO - Filling up the DagBag from /home/leoja/airflow/airflow_venv/lib/python3.12/site-packages/airflow/example_dags/example_skip_dag.py
[2025-07-27T20:26:36.655+0200] {processor.py:840} INFO - DAG(s) 'example_skip_dag' retrieved from /home/leoja/airflow/airflow_venv/lib/python3.12/site-packages/airflow/example_dags/example_skip_dag.py
[2025-07-27T20:26:36.675+0200] {logging_mixin.py:188} INFO - [2025-07-27T20:26:36.675+0200] {dag.py:3096} INFO - Sync 1 DAGs
[2025-07-27T20:26:36.696+0200] {logging_mixin.py:188} INFO - [2025-07-27T20:26:36.695+0200] {dag.py:3954} INFO - Setting next_dagrun for example_skip_dag to 2025-07-26 00:00:00+00:00, run_after=2025-07-27 00:00:00+00:00
[2025-07-27T20:26:36.723+0200] {processor.py:183} INFO - Processing /home/leoja/airflow/airflow_venv/lib/python3.12/site-packages/airflow/example_dags/example_skip_dag.py took 0.085 seconds
[2025-07-27T20:27:33.595+0200] {processor.py:161} INFO - Started process (PID=18370) to work on /home/leoja/airflow/airflow_venv/lib/python3.12/site-packages/airflow/example_dags/example_skip_dag.py
[2025-07-27T20:27:33.597+0200] {processor.py:830} INFO - Processing file /home/leoja/airflow/airflow_venv/lib/python3.12/site-packages/airflow/example_dags/example_skip_dag.py for tasks to queue
[2025-07-27T20:27:33.598+0200] {logging_mixin.py:188} INFO - [2025-07-27T20:27:33.598+0200] {dagbag.py:540} INFO - Filling up the DagBag from /home/leoja/airflow/airflow_venv/lib/python3.12/site-packages/airflow/example_dags/example_skip_dag.py
[2025-07-27T20:27:33.606+0200] {processor.py:840} INFO - DAG(s) 'example_skip_dag' retrieved from /home/leoja/airflow/airflow_venv/lib/python3.12/site-packages/airflow/example_dags/example_skip_dag.py
[2025-07-27T20:27:33.620+0200] {logging_mixin.py:188} INFO - [2025-07-27T20:27:33.620+0200] {dag.py:3096} INFO - Sync 1 DAGs
[2025-07-27T20:27:33.635+0200] {logging_mixin.py:188} INFO - [2025-07-27T20:27:33.634+0200] {dag.py:3954} INFO - Setting next_dagrun for example_skip_dag to 2025-07-26 00:00:00+00:00, run_after=2025-07-27 00:00:00+00:00
[2025-07-27T20:27:33.656+0200] {processor.py:183} INFO - Processing /home/leoja/airflow/airflow_venv/lib/python3.12/site-packages/airflow/example_dags/example_skip_dag.py took 0.066 seconds
[2025-07-27T20:28:22.398+0200] {processor.py:161} INFO - Started process (PID=18642) to work on /home/leoja/airflow/airflow_venv/lib/python3.12/site-packages/airflow/example_dags/example_skip_dag.py
[2025-07-27T20:28:22.399+0200] {processor.py:830} INFO - Processing file /home/leoja/airflow/airflow_venv/lib/python3.12/site-packages/airflow/example_dags/example_skip_dag.py for tasks to queue
[2025-07-27T20:28:22.401+0200] {logging_mixin.py:188} INFO - [2025-07-27T20:28:22.400+0200] {dagbag.py:540} INFO - Filling up the DagBag from /home/leoja/airflow/airflow_venv/lib/python3.12/site-packages/airflow/example_dags/example_skip_dag.py
[2025-07-27T20:28:22.408+0200] {processor.py:840} INFO - DAG(s) 'example_skip_dag' retrieved from /home/leoja/airflow/airflow_venv/lib/python3.12/site-packages/airflow/example_dags/example_skip_dag.py
[2025-07-27T20:28:22.427+0200] {logging_mixin.py:188} INFO - [2025-07-27T20:28:22.427+0200] {dag.py:3096} INFO - Sync 1 DAGs
[2025-07-27T20:28:22.446+0200] {logging_mixin.py:188} INFO - [2025-07-27T20:28:22.446+0200] {dag.py:3954} INFO - Setting next_dagrun for example_skip_dag to 2025-07-26 00:00:00+00:00, run_after=2025-07-27 00:00:00+00:00
[2025-07-27T20:28:22.467+0200] {processor.py:183} INFO - Processing /home/leoja/airflow/airflow_venv/lib/python3.12/site-packages/airflow/example_dags/example_skip_dag.py took 0.075 seconds
[2025-07-27T20:29:08.743+0200] {processor.py:161} INFO - Started process (PID=18880) to work on /home/leoja/airflow/airflow_venv/lib/python3.12/site-packages/airflow/example_dags/example_skip_dag.py
[2025-07-27T20:29:08.744+0200] {processor.py:830} INFO - Processing file /home/leoja/airflow/airflow_venv/lib/python3.12/site-packages/airflow/example_dags/example_skip_dag.py for tasks to queue
[2025-07-27T20:29:08.746+0200] {logging_mixin.py:188} INFO - [2025-07-27T20:29:08.746+0200] {dagbag.py:540} INFO - Filling up the DagBag from /home/leoja/airflow/airflow_venv/lib/python3.12/site-packages/airflow/example_dags/example_skip_dag.py
[2025-07-27T20:29:08.753+0200] {processor.py:840} INFO - DAG(s) 'example_skip_dag' retrieved from /home/leoja/airflow/airflow_venv/lib/python3.12/site-packages/airflow/example_dags/example_skip_dag.py
[2025-07-27T20:29:08.767+0200] {logging_mixin.py:188} INFO - [2025-07-27T20:29:08.767+0200] {dag.py:3096} INFO - Sync 1 DAGs
[2025-07-27T20:29:08.780+0200] {logging_mixin.py:188} INFO - [2025-07-27T20:29:08.780+0200] {dag.py:3954} INFO - Setting next_dagrun for example_skip_dag to 2025-07-26 00:00:00+00:00, run_after=2025-07-27 00:00:00+00:00
[2025-07-27T20:29:08.799+0200] {processor.py:183} INFO - Processing /home/leoja/airflow/airflow_venv/lib/python3.12/site-packages/airflow/example_dags/example_skip_dag.py took 0.062 seconds
[2025-07-27T20:29:53.198+0200] {processor.py:161} INFO - Started process (PID=19131) to work on /home/leoja/airflow/airflow_venv/lib/python3.12/site-packages/airflow/example_dags/example_skip_dag.py
[2025-07-27T20:29:53.201+0200] {processor.py:830} INFO - Processing file /home/leoja/airflow/airflow_venv/lib/python3.12/site-packages/airflow/example_dags/example_skip_dag.py for tasks to queue
[2025-07-27T20:29:53.202+0200] {logging_mixin.py:188} INFO - [2025-07-27T20:29:53.202+0200] {dagbag.py:540} INFO - Filling up the DagBag from /home/leoja/airflow/airflow_venv/lib/python3.12/site-packages/airflow/example_dags/example_skip_dag.py
[2025-07-27T20:29:53.210+0200] {processor.py:840} INFO - DAG(s) 'example_skip_dag' retrieved from /home/leoja/airflow/airflow_venv/lib/python3.12/site-packages/airflow/example_dags/example_skip_dag.py
[2025-07-27T20:29:53.229+0200] {logging_mixin.py:188} INFO - [2025-07-27T20:29:53.229+0200] {dag.py:3096} INFO - Sync 1 DAGs
[2025-07-27T20:29:53.250+0200] {logging_mixin.py:188} INFO - [2025-07-27T20:29:53.249+0200] {dag.py:3954} INFO - Setting next_dagrun for example_skip_dag to 2025-07-26 00:00:00+00:00, run_after=2025-07-27 00:00:00+00:00
[2025-07-27T20:29:53.275+0200] {processor.py:183} INFO - Processing /home/leoja/airflow/airflow_venv/lib/python3.12/site-packages/airflow/example_dags/example_skip_dag.py took 0.084 seconds
[2025-07-27T20:30:42.759+0200] {processor.py:161} INFO - Started process (PID=19431) to work on /home/leoja/airflow/airflow_venv/lib/python3.12/site-packages/airflow/example_dags/example_skip_dag.py
[2025-07-27T20:30:42.761+0200] {processor.py:830} INFO - Processing file /home/leoja/airflow/airflow_venv/lib/python3.12/site-packages/airflow/example_dags/example_skip_dag.py for tasks to queue
[2025-07-27T20:30:42.763+0200] {logging_mixin.py:188} INFO - [2025-07-27T20:30:42.763+0200] {dagbag.py:540} INFO - Filling up the DagBag from /home/leoja/airflow/airflow_venv/lib/python3.12/site-packages/airflow/example_dags/example_skip_dag.py
[2025-07-27T20:30:42.771+0200] {processor.py:840} INFO - DAG(s) 'example_skip_dag' retrieved from /home/leoja/airflow/airflow_venv/lib/python3.12/site-packages/airflow/example_dags/example_skip_dag.py
[2025-07-27T20:30:42.787+0200] {logging_mixin.py:188} INFO - [2025-07-27T20:30:42.787+0200] {dag.py:3096} INFO - Sync 1 DAGs
[2025-07-27T20:30:42.805+0200] {logging_mixin.py:188} INFO - [2025-07-27T20:30:42.804+0200] {dag.py:3954} INFO - Setting next_dagrun for example_skip_dag to 2025-07-26 00:00:00+00:00, run_after=2025-07-27 00:00:00+00:00
[2025-07-27T20:30:42.824+0200] {processor.py:183} INFO - Processing /home/leoja/airflow/airflow_venv/lib/python3.12/site-packages/airflow/example_dags/example_skip_dag.py took 0.073 seconds
[2025-07-27T20:31:32.136+0200] {processor.py:161} INFO - Started process (PID=20207) to work on /home/leoja/airflow/airflow_venv/lib/python3.12/site-packages/airflow/example_dags/example_skip_dag.py
[2025-07-27T20:31:32.138+0200] {processor.py:830} INFO - Processing file /home/leoja/airflow/airflow_venv/lib/python3.12/site-packages/airflow/example_dags/example_skip_dag.py for tasks to queue
[2025-07-27T20:31:32.140+0200] {logging_mixin.py:188} INFO - [2025-07-27T20:31:32.139+0200] {dagbag.py:540} INFO - Filling up the DagBag from /home/leoja/airflow/airflow_venv/lib/python3.12/site-packages/airflow/example_dags/example_skip_dag.py
[2025-07-27T20:31:32.144+0200] {processor.py:840} INFO - DAG(s) 'example_skip_dag' retrieved from /home/leoja/airflow/airflow_venv/lib/python3.12/site-packages/airflow/example_dags/example_skip_dag.py
[2025-07-27T20:31:32.157+0200] {logging_mixin.py:188} INFO - [2025-07-27T20:31:32.157+0200] {dag.py:3096} INFO - Sync 1 DAGs
[2025-07-27T20:31:32.173+0200] {logging_mixin.py:188} INFO - [2025-07-27T20:31:32.173+0200] {dag.py:3954} INFO - Setting next_dagrun for example_skip_dag to 2025-07-26 00:00:00+00:00, run_after=2025-07-27 00:00:00+00:00
[2025-07-27T20:31:32.195+0200] {processor.py:183} INFO - Processing /home/leoja/airflow/airflow_venv/lib/python3.12/site-packages/airflow/example_dags/example_skip_dag.py took 0.063 seconds
[2025-07-27T20:32:17.168+0200] {processor.py:161} INFO - Started process (PID=20448) to work on /home/leoja/airflow/airflow_venv/lib/python3.12/site-packages/airflow/example_dags/example_skip_dag.py
[2025-07-27T20:32:17.169+0200] {processor.py:830} INFO - Processing file /home/leoja/airflow/airflow_venv/lib/python3.12/site-packages/airflow/example_dags/example_skip_dag.py for tasks to queue
[2025-07-27T20:32:17.171+0200] {logging_mixin.py:188} INFO - [2025-07-27T20:32:17.171+0200] {dagbag.py:540} INFO - Filling up the DagBag from /home/leoja/airflow/airflow_venv/lib/python3.12/site-packages/airflow/example_dags/example_skip_dag.py
[2025-07-27T20:32:17.176+0200] {processor.py:840} INFO - DAG(s) 'example_skip_dag' retrieved from /home/leoja/airflow/airflow_venv/lib/python3.12/site-packages/airflow/example_dags/example_skip_dag.py
[2025-07-27T20:32:17.192+0200] {logging_mixin.py:188} INFO - [2025-07-27T20:32:17.192+0200] {dag.py:3096} INFO - Sync 1 DAGs
[2025-07-27T20:32:17.212+0200] {logging_mixin.py:188} INFO - [2025-07-27T20:32:17.212+0200] {dag.py:3954} INFO - Setting next_dagrun for example_skip_dag to 2025-07-26 00:00:00+00:00, run_after=2025-07-27 00:00:00+00:00
[2025-07-27T20:32:17.235+0200] {processor.py:183} INFO - Processing /home/leoja/airflow/airflow_venv/lib/python3.12/site-packages/airflow/example_dags/example_skip_dag.py took 0.072 seconds
[2025-07-27T20:33:09.831+0200] {processor.py:161} INFO - Started process (PID=20717) to work on /home/leoja/airflow/airflow_venv/lib/python3.12/site-packages/airflow/example_dags/example_skip_dag.py
[2025-07-27T20:33:09.833+0200] {processor.py:830} INFO - Processing file /home/leoja/airflow/airflow_venv/lib/python3.12/site-packages/airflow/example_dags/example_skip_dag.py for tasks to queue
[2025-07-27T20:33:09.834+0200] {logging_mixin.py:188} INFO - [2025-07-27T20:33:09.834+0200] {dagbag.py:540} INFO - Filling up the DagBag from /home/leoja/airflow/airflow_venv/lib/python3.12/site-packages/airflow/example_dags/example_skip_dag.py
[2025-07-27T20:33:09.839+0200] {processor.py:840} INFO - DAG(s) 'example_skip_dag' retrieved from /home/leoja/airflow/airflow_venv/lib/python3.12/site-packages/airflow/example_dags/example_skip_dag.py
[2025-07-27T20:33:09.853+0200] {logging_mixin.py:188} INFO - [2025-07-27T20:33:09.853+0200] {dag.py:3096} INFO - Sync 1 DAGs
[2025-07-27T20:33:09.870+0200] {logging_mixin.py:188} INFO - [2025-07-27T20:33:09.869+0200] {dag.py:3954} INFO - Setting next_dagrun for example_skip_dag to 2025-07-26 00:00:00+00:00, run_after=2025-07-27 00:00:00+00:00
[2025-07-27T20:33:09.889+0200] {processor.py:183} INFO - Processing /home/leoja/airflow/airflow_venv/lib/python3.12/site-packages/airflow/example_dags/example_skip_dag.py took 0.064 seconds
[2025-07-27T20:33:55.890+0200] {processor.py:161} INFO - Started process (PID=20988) to work on /home/leoja/airflow/airflow_venv/lib/python3.12/site-packages/airflow/example_dags/example_skip_dag.py
[2025-07-27T20:33:55.892+0200] {processor.py:830} INFO - Processing file /home/leoja/airflow/airflow_venv/lib/python3.12/site-packages/airflow/example_dags/example_skip_dag.py for tasks to queue
[2025-07-27T20:33:55.893+0200] {logging_mixin.py:188} INFO - [2025-07-27T20:33:55.893+0200] {dagbag.py:540} INFO - Filling up the DagBag from /home/leoja/airflow/airflow_venv/lib/python3.12/site-packages/airflow/example_dags/example_skip_dag.py
[2025-07-27T20:33:55.897+0200] {processor.py:840} INFO - DAG(s) 'example_skip_dag' retrieved from /home/leoja/airflow/airflow_venv/lib/python3.12/site-packages/airflow/example_dags/example_skip_dag.py
[2025-07-27T20:33:55.913+0200] {logging_mixin.py:188} INFO - [2025-07-27T20:33:55.912+0200] {dag.py:3096} INFO - Sync 1 DAGs
[2025-07-27T20:33:55.928+0200] {logging_mixin.py:188} INFO - [2025-07-27T20:33:55.928+0200] {dag.py:3954} INFO - Setting next_dagrun for example_skip_dag to 2025-07-26 00:00:00+00:00, run_after=2025-07-27 00:00:00+00:00
[2025-07-27T20:33:55.946+0200] {processor.py:183} INFO - Processing /home/leoja/airflow/airflow_venv/lib/python3.12/site-packages/airflow/example_dags/example_skip_dag.py took 0.062 seconds
[2025-07-27T20:34:47.110+0200] {processor.py:161} INFO - Started process (PID=21268) to work on /home/leoja/airflow/airflow_venv/lib/python3.12/site-packages/airflow/example_dags/example_skip_dag.py
[2025-07-27T20:34:47.111+0200] {processor.py:830} INFO - Processing file /home/leoja/airflow/airflow_venv/lib/python3.12/site-packages/airflow/example_dags/example_skip_dag.py for tasks to queue
[2025-07-27T20:34:47.113+0200] {logging_mixin.py:188} INFO - [2025-07-27T20:34:47.113+0200] {dagbag.py:540} INFO - Filling up the DagBag from /home/leoja/airflow/airflow_venv/lib/python3.12/site-packages/airflow/example_dags/example_skip_dag.py
[2025-07-27T20:34:47.121+0200] {processor.py:840} INFO - DAG(s) 'example_skip_dag' retrieved from /home/leoja/airflow/airflow_venv/lib/python3.12/site-packages/airflow/example_dags/example_skip_dag.py
[2025-07-27T20:34:47.137+0200] {logging_mixin.py:188} INFO - [2025-07-27T20:34:47.137+0200] {dag.py:3096} INFO - Sync 1 DAGs
[2025-07-27T20:34:47.156+0200] {logging_mixin.py:188} INFO - [2025-07-27T20:34:47.156+0200] {dag.py:3954} INFO - Setting next_dagrun for example_skip_dag to 2025-07-26 00:00:00+00:00, run_after=2025-07-27 00:00:00+00:00
[2025-07-27T20:34:47.177+0200] {processor.py:183} INFO - Processing /home/leoja/airflow/airflow_venv/lib/python3.12/site-packages/airflow/example_dags/example_skip_dag.py took 0.072 seconds
[2025-07-27T20:35:34.679+0200] {processor.py:161} INFO - Started process (PID=21541) to work on /home/leoja/airflow/airflow_venv/lib/python3.12/site-packages/airflow/example_dags/example_skip_dag.py
[2025-07-27T20:35:34.681+0200] {processor.py:830} INFO - Processing file /home/leoja/airflow/airflow_venv/lib/python3.12/site-packages/airflow/example_dags/example_skip_dag.py for tasks to queue
[2025-07-27T20:35:34.682+0200] {logging_mixin.py:188} INFO - [2025-07-27T20:35:34.682+0200] {dagbag.py:540} INFO - Filling up the DagBag from /home/leoja/airflow/airflow_venv/lib/python3.12/site-packages/airflow/example_dags/example_skip_dag.py
[2025-07-27T20:35:34.689+0200] {processor.py:840} INFO - DAG(s) 'example_skip_dag' retrieved from /home/leoja/airflow/airflow_venv/lib/python3.12/site-packages/airflow/example_dags/example_skip_dag.py
[2025-07-27T20:35:34.703+0200] {logging_mixin.py:188} INFO - [2025-07-27T20:35:34.702+0200] {dag.py:3096} INFO - Sync 1 DAGs
[2025-07-27T20:35:34.720+0200] {logging_mixin.py:188} INFO - [2025-07-27T20:35:34.719+0200] {dag.py:3954} INFO - Setting next_dagrun for example_skip_dag to 2025-07-26 00:00:00+00:00, run_after=2025-07-27 00:00:00+00:00
[2025-07-27T20:35:34.741+0200] {processor.py:183} INFO - Processing /home/leoja/airflow/airflow_venv/lib/python3.12/site-packages/airflow/example_dags/example_skip_dag.py took 0.067 seconds
[2025-07-27T20:36:18.410+0200] {processor.py:161} INFO - Started process (PID=21778) to work on /home/leoja/airflow/airflow_venv/lib/python3.12/site-packages/airflow/example_dags/example_skip_dag.py
[2025-07-27T20:36:18.412+0200] {processor.py:830} INFO - Processing file /home/leoja/airflow/airflow_venv/lib/python3.12/site-packages/airflow/example_dags/example_skip_dag.py for tasks to queue
[2025-07-27T20:36:18.413+0200] {logging_mixin.py:188} INFO - [2025-07-27T20:36:18.413+0200] {dagbag.py:540} INFO - Filling up the DagBag from /home/leoja/airflow/airflow_venv/lib/python3.12/site-packages/airflow/example_dags/example_skip_dag.py
[2025-07-27T20:36:18.418+0200] {processor.py:840} INFO - DAG(s) 'example_skip_dag' retrieved from /home/leoja/airflow/airflow_venv/lib/python3.12/site-packages/airflow/example_dags/example_skip_dag.py
[2025-07-27T20:36:18.429+0200] {logging_mixin.py:188} INFO - [2025-07-27T20:36:18.429+0200] {dag.py:3096} INFO - Sync 1 DAGs
[2025-07-27T20:36:18.442+0200] {logging_mixin.py:188} INFO - [2025-07-27T20:36:18.442+0200] {dag.py:3954} INFO - Setting next_dagrun for example_skip_dag to 2025-07-26 00:00:00+00:00, run_after=2025-07-27 00:00:00+00:00
[2025-07-27T20:36:18.460+0200] {processor.py:183} INFO - Processing /home/leoja/airflow/airflow_venv/lib/python3.12/site-packages/airflow/example_dags/example_skip_dag.py took 0.055 seconds
[2025-07-27T20:37:05.012+0200] {processor.py:161} INFO - Started process (PID=22052) to work on /home/leoja/airflow/airflow_venv/lib/python3.12/site-packages/airflow/example_dags/example_skip_dag.py
[2025-07-27T20:37:05.014+0200] {processor.py:830} INFO - Processing file /home/leoja/airflow/airflow_venv/lib/python3.12/site-packages/airflow/example_dags/example_skip_dag.py for tasks to queue
[2025-07-27T20:37:05.015+0200] {logging_mixin.py:188} INFO - [2025-07-27T20:37:05.015+0200] {dagbag.py:540} INFO - Filling up the DagBag from /home/leoja/airflow/airflow_venv/lib/python3.12/site-packages/airflow/example_dags/example_skip_dag.py
[2025-07-27T20:37:05.020+0200] {processor.py:840} INFO - DAG(s) 'example_skip_dag' retrieved from /home/leoja/airflow/airflow_venv/lib/python3.12/site-packages/airflow/example_dags/example_skip_dag.py
[2025-07-27T20:37:05.032+0200] {logging_mixin.py:188} INFO - [2025-07-27T20:37:05.031+0200] {dag.py:3096} INFO - Sync 1 DAGs
[2025-07-27T20:37:05.044+0200] {logging_mixin.py:188} INFO - [2025-07-27T20:37:05.044+0200] {dag.py:3954} INFO - Setting next_dagrun for example_skip_dag to 2025-07-26 00:00:00+00:00, run_after=2025-07-27 00:00:00+00:00
[2025-07-27T20:37:05.064+0200] {processor.py:183} INFO - Processing /home/leoja/airflow/airflow_venv/lib/python3.12/site-packages/airflow/example_dags/example_skip_dag.py took 0.056 seconds
[2025-07-27T20:37:52.992+0200] {processor.py:161} INFO - Started process (PID=22299) to work on /home/leoja/airflow/airflow_venv/lib/python3.12/site-packages/airflow/example_dags/example_skip_dag.py
[2025-07-27T20:37:52.993+0200] {processor.py:830} INFO - Processing file /home/leoja/airflow/airflow_venv/lib/python3.12/site-packages/airflow/example_dags/example_skip_dag.py for tasks to queue
[2025-07-27T20:37:52.995+0200] {logging_mixin.py:188} INFO - [2025-07-27T20:37:52.995+0200] {dagbag.py:540} INFO - Filling up the DagBag from /home/leoja/airflow/airflow_venv/lib/python3.12/site-packages/airflow/example_dags/example_skip_dag.py
[2025-07-27T20:37:53.001+0200] {processor.py:840} INFO - DAG(s) 'example_skip_dag' retrieved from /home/leoja/airflow/airflow_venv/lib/python3.12/site-packages/airflow/example_dags/example_skip_dag.py
[2025-07-27T20:37:53.016+0200] {logging_mixin.py:188} INFO - [2025-07-27T20:37:53.016+0200] {dag.py:3096} INFO - Sync 1 DAGs
[2025-07-27T20:37:53.031+0200] {logging_mixin.py:188} INFO - [2025-07-27T20:37:53.031+0200] {dag.py:3954} INFO - Setting next_dagrun for example_skip_dag to 2025-07-26 00:00:00+00:00, run_after=2025-07-27 00:00:00+00:00
[2025-07-27T20:37:53.052+0200] {processor.py:183} INFO - Processing /home/leoja/airflow/airflow_venv/lib/python3.12/site-packages/airflow/example_dags/example_skip_dag.py took 0.065 seconds
[2025-07-27T20:38:45.758+0200] {processor.py:161} INFO - Started process (PID=22603) to work on /home/leoja/airflow/airflow_venv/lib/python3.12/site-packages/airflow/example_dags/example_skip_dag.py
[2025-07-27T20:38:45.760+0200] {processor.py:830} INFO - Processing file /home/leoja/airflow/airflow_venv/lib/python3.12/site-packages/airflow/example_dags/example_skip_dag.py for tasks to queue
[2025-07-27T20:38:45.762+0200] {logging_mixin.py:188} INFO - [2025-07-27T20:38:45.762+0200] {dagbag.py:540} INFO - Filling up the DagBag from /home/leoja/airflow/airflow_venv/lib/python3.12/site-packages/airflow/example_dags/example_skip_dag.py
[2025-07-27T20:38:45.766+0200] {processor.py:840} INFO - DAG(s) 'example_skip_dag' retrieved from /home/leoja/airflow/airflow_venv/lib/python3.12/site-packages/airflow/example_dags/example_skip_dag.py
[2025-07-27T20:38:45.780+0200] {logging_mixin.py:188} INFO - [2025-07-27T20:38:45.779+0200] {dag.py:3096} INFO - Sync 1 DAGs
[2025-07-27T20:38:45.794+0200] {logging_mixin.py:188} INFO - [2025-07-27T20:38:45.794+0200] {dag.py:3954} INFO - Setting next_dagrun for example_skip_dag to 2025-07-26 00:00:00+00:00, run_after=2025-07-27 00:00:00+00:00
[2025-07-27T20:38:45.814+0200] {processor.py:183} INFO - Processing /home/leoja/airflow/airflow_venv/lib/python3.12/site-packages/airflow/example_dags/example_skip_dag.py took 0.060 seconds
