[2025-07-27T19:41:27.302+0200] {processor.py:161} INFO - Started process (PID=2732) to work on /home/leoja/airflow/airflow_venv/lib/python3.12/site-packages/airflow/example_dags/example_branch_day_of_week_operator.py
[2025-07-27T19:41:27.304+0200] {processor.py:830} INFO - Processing file /home/leoja/airflow/airflow_venv/lib/python3.12/site-packages/airflow/example_dags/example_branch_day_of_week_operator.py for tasks to queue
[2025-07-27T19:41:27.307+0200] {logging_mixin.py:188} INFO - [2025-07-27T19:41:27.306+0200] {dagbag.py:540} INFO - Filling up the DagBag from /home/leoja/airflow/airflow_venv/lib/python3.12/site-packages/airflow/example_dags/example_branch_day_of_week_operator.py
[2025-07-27T19:41:27.320+0200] {processor.py:840} INFO - DAG(s) 'example_weekday_branch_operator' retrieved from /home/leoja/airflow/airflow_venv/lib/python3.12/site-packages/airflow/example_dags/example_branch_day_of_week_operator.py
[2025-07-27T19:41:27.441+0200] {logging_mixin.py:188} INFO - [2025-07-27T19:41:27.441+0200] {dag.py:3096} INFO - Sync 1 DAGs
[2025-07-27T19:41:27.468+0200] {logging_mixin.py:188} INFO - [2025-07-27T19:41:27.468+0200] {dag.py:3954} INFO - Setting next_dagrun for example_weekday_branch_operator to 2025-07-26 00:00:00+00:00, run_after=2025-07-27 00:00:00+00:00
[2025-07-27T19:41:27.504+0200] {processor.py:183} INFO - Processing /home/leoja/airflow/airflow_venv/lib/python3.12/site-packages/airflow/example_dags/example_branch_day_of_week_operator.py took 0.215 seconds
[2025-07-27T19:42:25.726+0200] {processor.py:161} INFO - Started process (PID=3331) to work on /home/leoja/airflow/airflow_venv/lib/python3.12/site-packages/airflow/example_dags/example_branch_day_of_week_operator.py
[2025-07-27T19:42:25.728+0200] {processor.py:830} INFO - Processing file /home/leoja/airflow/airflow_venv/lib/python3.12/site-packages/airflow/example_dags/example_branch_day_of_week_operator.py for tasks to queue
[2025-07-27T19:42:25.729+0200] {logging_mixin.py:188} INFO - [2025-07-27T19:42:25.729+0200] {dagbag.py:540} INFO - Filling up the DagBag from /home/leoja/airflow/airflow_venv/lib/python3.12/site-packages/airflow/example_dags/example_branch_day_of_week_operator.py
[2025-07-27T19:42:25.737+0200] {processor.py:840} INFO - DAG(s) 'example_weekday_branch_operator' retrieved from /home/leoja/airflow/airflow_venv/lib/python3.12/site-packages/airflow/example_dags/example_branch_day_of_week_operator.py
[2025-07-27T19:42:25.752+0200] {logging_mixin.py:188} INFO - [2025-07-27T19:42:25.752+0200] {dag.py:3096} INFO - Sync 1 DAGs
[2025-07-27T19:42:25.767+0200] {logging_mixin.py:188} INFO - [2025-07-27T19:42:25.767+0200] {dag.py:3954} INFO - Setting next_dagrun for example_weekday_branch_operator to 2025-07-26 00:00:00+00:00, run_after=2025-07-27 00:00:00+00:00
[2025-07-27T19:42:25.788+0200] {processor.py:183} INFO - Processing /home/leoja/airflow/airflow_venv/lib/python3.12/site-packages/airflow/example_dags/example_branch_day_of_week_operator.py took 0.068 seconds
[2025-07-27T19:43:39.892+0200] {processor.py:161} INFO - Started process (PID=3714) to work on /home/leoja/airflow/airflow_venv/lib/python3.12/site-packages/airflow/example_dags/example_branch_day_of_week_operator.py
[2025-07-27T19:43:39.893+0200] {processor.py:830} INFO - Processing file /home/leoja/airflow/airflow_venv/lib/python3.12/site-packages/airflow/example_dags/example_branch_day_of_week_operator.py for tasks to queue
[2025-07-27T19:43:39.896+0200] {logging_mixin.py:188} INFO - [2025-07-27T19:43:39.896+0200] {dagbag.py:540} INFO - Filling up the DagBag from /home/leoja/airflow/airflow_venv/lib/python3.12/site-packages/airflow/example_dags/example_branch_day_of_week_operator.py
[2025-07-27T19:43:39.904+0200] {processor.py:840} INFO - DAG(s) 'example_weekday_branch_operator' retrieved from /home/leoja/airflow/airflow_venv/lib/python3.12/site-packages/airflow/example_dags/example_branch_day_of_week_operator.py
[2025-07-27T19:43:39.920+0200] {logging_mixin.py:188} INFO - [2025-07-27T19:43:39.920+0200] {dag.py:3096} INFO - Sync 1 DAGs
[2025-07-27T19:43:39.937+0200] {logging_mixin.py:188} INFO - [2025-07-27T19:43:39.937+0200] {dag.py:3954} INFO - Setting next_dagrun for example_weekday_branch_operator to 2025-07-26 00:00:00+00:00, run_after=2025-07-27 00:00:00+00:00
[2025-07-27T19:43:39.981+0200] {processor.py:183} INFO - Processing /home/leoja/airflow/airflow_venv/lib/python3.12/site-packages/airflow/example_dags/example_branch_day_of_week_operator.py took 0.096 seconds
[2025-07-27T19:44:59.556+0200] {processor.py:161} INFO - Started process (PID=4184) to work on /home/leoja/airflow/airflow_venv/lib/python3.12/site-packages/airflow/example_dags/example_branch_day_of_week_operator.py
[2025-07-27T19:44:59.558+0200] {processor.py:830} INFO - Processing file /home/leoja/airflow/airflow_venv/lib/python3.12/site-packages/airflow/example_dags/example_branch_day_of_week_operator.py for tasks to queue
[2025-07-27T19:44:59.560+0200] {logging_mixin.py:188} INFO - [2025-07-27T19:44:59.559+0200] {dagbag.py:540} INFO - Filling up the DagBag from /home/leoja/airflow/airflow_venv/lib/python3.12/site-packages/airflow/example_dags/example_branch_day_of_week_operator.py
[2025-07-27T19:44:59.569+0200] {processor.py:840} INFO - DAG(s) 'example_weekday_branch_operator' retrieved from /home/leoja/airflow/airflow_venv/lib/python3.12/site-packages/airflow/example_dags/example_branch_day_of_week_operator.py
[2025-07-27T19:44:59.582+0200] {logging_mixin.py:188} INFO - [2025-07-27T19:44:59.582+0200] {dag.py:3096} INFO - Sync 1 DAGs
[2025-07-27T19:44:59.597+0200] {logging_mixin.py:188} INFO - [2025-07-27T19:44:59.596+0200] {dag.py:3954} INFO - Setting next_dagrun for example_weekday_branch_operator to 2025-07-26 00:00:00+00:00, run_after=2025-07-27 00:00:00+00:00
[2025-07-27T19:44:59.623+0200] {processor.py:183} INFO - Processing /home/leoja/airflow/airflow_venv/lib/python3.12/site-packages/airflow/example_dags/example_branch_day_of_week_operator.py took 0.071 seconds
[2025-07-27T19:46:10.735+0200] {processor.py:161} INFO - Started process (PID=4609) to work on /home/leoja/airflow/airflow_venv/lib/python3.12/site-packages/airflow/example_dags/example_branch_day_of_week_operator.py
[2025-07-27T19:46:10.736+0200] {processor.py:830} INFO - Processing file /home/leoja/airflow/airflow_venv/lib/python3.12/site-packages/airflow/example_dags/example_branch_day_of_week_operator.py for tasks to queue
[2025-07-27T19:46:10.737+0200] {logging_mixin.py:188} INFO - [2025-07-27T19:46:10.737+0200] {dagbag.py:540} INFO - Filling up the DagBag from /home/leoja/airflow/airflow_venv/lib/python3.12/site-packages/airflow/example_dags/example_branch_day_of_week_operator.py
[2025-07-27T19:46:10.745+0200] {processor.py:840} INFO - DAG(s) 'example_weekday_branch_operator' retrieved from /home/leoja/airflow/airflow_venv/lib/python3.12/site-packages/airflow/example_dags/example_branch_day_of_week_operator.py
[2025-07-27T19:46:10.759+0200] {logging_mixin.py:188} INFO - [2025-07-27T19:46:10.758+0200] {dag.py:3096} INFO - Sync 1 DAGs
[2025-07-27T19:46:10.775+0200] {logging_mixin.py:188} INFO - [2025-07-27T19:46:10.775+0200] {dag.py:3954} INFO - Setting next_dagrun for example_weekday_branch_operator to 2025-07-26 00:00:00+00:00, run_after=2025-07-27 00:00:00+00:00
[2025-07-27T19:46:10.798+0200] {processor.py:183} INFO - Processing /home/leoja/airflow/airflow_venv/lib/python3.12/site-packages/airflow/example_dags/example_branch_day_of_week_operator.py took 0.068 seconds
[2025-07-27T19:47:21.585+0200] {processor.py:161} INFO - Started process (PID=5018) to work on /home/leoja/airflow/airflow_venv/lib/python3.12/site-packages/airflow/example_dags/example_branch_day_of_week_operator.py
[2025-07-27T19:47:21.587+0200] {processor.py:830} INFO - Processing file /home/leoja/airflow/airflow_venv/lib/python3.12/site-packages/airflow/example_dags/example_branch_day_of_week_operator.py for tasks to queue
[2025-07-27T19:47:21.590+0200] {logging_mixin.py:188} INFO - [2025-07-27T19:47:21.589+0200] {dagbag.py:540} INFO - Filling up the DagBag from /home/leoja/airflow/airflow_venv/lib/python3.12/site-packages/airflow/example_dags/example_branch_day_of_week_operator.py
[2025-07-27T19:47:21.598+0200] {processor.py:840} INFO - DAG(s) 'example_weekday_branch_operator' retrieved from /home/leoja/airflow/airflow_venv/lib/python3.12/site-packages/airflow/example_dags/example_branch_day_of_week_operator.py
[2025-07-27T19:47:21.619+0200] {logging_mixin.py:188} INFO - [2025-07-27T19:47:21.619+0200] {dag.py:3096} INFO - Sync 1 DAGs
[2025-07-27T19:47:21.646+0200] {logging_mixin.py:188} INFO - [2025-07-27T19:47:21.645+0200] {dag.py:3954} INFO - Setting next_dagrun for example_weekday_branch_operator to 2025-07-26 00:00:00+00:00, run_after=2025-07-27 00:00:00+00:00
[2025-07-27T19:47:21.686+0200] {processor.py:183} INFO - Processing /home/leoja/airflow/airflow_venv/lib/python3.12/site-packages/airflow/example_dags/example_branch_day_of_week_operator.py took 0.108 seconds
[2025-07-27T19:48:31.484+0200] {processor.py:161} INFO - Started process (PID=5399) to work on /home/leoja/airflow/airflow_venv/lib/python3.12/site-packages/airflow/example_dags/example_branch_day_of_week_operator.py
[2025-07-27T19:48:31.485+0200] {processor.py:830} INFO - Processing file /home/leoja/airflow/airflow_venv/lib/python3.12/site-packages/airflow/example_dags/example_branch_day_of_week_operator.py for tasks to queue
[2025-07-27T19:48:31.487+0200] {logging_mixin.py:188} INFO - [2025-07-27T19:48:31.486+0200] {dagbag.py:540} INFO - Filling up the DagBag from /home/leoja/airflow/airflow_venv/lib/python3.12/site-packages/airflow/example_dags/example_branch_day_of_week_operator.py
[2025-07-27T19:48:31.495+0200] {processor.py:840} INFO - DAG(s) 'example_weekday_branch_operator' retrieved from /home/leoja/airflow/airflow_venv/lib/python3.12/site-packages/airflow/example_dags/example_branch_day_of_week_operator.py
[2025-07-27T19:48:31.510+0200] {logging_mixin.py:188} INFO - [2025-07-27T19:48:31.510+0200] {dag.py:3096} INFO - Sync 1 DAGs
[2025-07-27T19:48:31.530+0200] {logging_mixin.py:188} INFO - [2025-07-27T19:48:31.530+0200] {dag.py:3954} INFO - Setting next_dagrun for example_weekday_branch_operator to 2025-07-26 00:00:00+00:00, run_after=2025-07-27 00:00:00+00:00
[2025-07-27T19:48:31.552+0200] {processor.py:183} INFO - Processing /home/leoja/airflow/airflow_venv/lib/python3.12/site-packages/airflow/example_dags/example_branch_day_of_week_operator.py took 0.073 seconds
[2025-07-27T19:49:47.004+0200] {processor.py:161} INFO - Started process (PID=5807) to work on /home/leoja/airflow/airflow_venv/lib/python3.12/site-packages/airflow/example_dags/example_branch_day_of_week_operator.py
[2025-07-27T19:49:47.006+0200] {processor.py:830} INFO - Processing file /home/leoja/airflow/airflow_venv/lib/python3.12/site-packages/airflow/example_dags/example_branch_day_of_week_operator.py for tasks to queue
[2025-07-27T19:49:47.008+0200] {logging_mixin.py:188} INFO - [2025-07-27T19:49:47.007+0200] {dagbag.py:540} INFO - Filling up the DagBag from /home/leoja/airflow/airflow_venv/lib/python3.12/site-packages/airflow/example_dags/example_branch_day_of_week_operator.py
[2025-07-27T19:49:47.015+0200] {processor.py:840} INFO - DAG(s) 'example_weekday_branch_operator' retrieved from /home/leoja/airflow/airflow_venv/lib/python3.12/site-packages/airflow/example_dags/example_branch_day_of_week_operator.py
[2025-07-27T19:49:47.037+0200] {logging_mixin.py:188} INFO - [2025-07-27T19:49:47.036+0200] {dag.py:3096} INFO - Sync 1 DAGs
[2025-07-27T19:49:47.055+0200] {logging_mixin.py:188} INFO - [2025-07-27T19:49:47.055+0200] {dag.py:3954} INFO - Setting next_dagrun for example_weekday_branch_operator to 2025-07-26 00:00:00+00:00, run_after=2025-07-27 00:00:00+00:00
[2025-07-27T19:49:47.077+0200] {processor.py:183} INFO - Processing /home/leoja/airflow/airflow_venv/lib/python3.12/site-packages/airflow/example_dags/example_branch_day_of_week_operator.py took 0.078 seconds
[2025-07-27T19:51:02.272+0200] {processor.py:161} INFO - Started process (PID=6230) to work on /home/leoja/airflow/airflow_venv/lib/python3.12/site-packages/airflow/example_dags/example_branch_day_of_week_operator.py
[2025-07-27T19:51:02.273+0200] {processor.py:830} INFO - Processing file /home/leoja/airflow/airflow_venv/lib/python3.12/site-packages/airflow/example_dags/example_branch_day_of_week_operator.py for tasks to queue
[2025-07-27T19:51:02.276+0200] {logging_mixin.py:188} INFO - [2025-07-27T19:51:02.275+0200] {dagbag.py:540} INFO - Filling up the DagBag from /home/leoja/airflow/airflow_venv/lib/python3.12/site-packages/airflow/example_dags/example_branch_day_of_week_operator.py
[2025-07-27T19:51:02.284+0200] {processor.py:840} INFO - DAG(s) 'example_weekday_branch_operator' retrieved from /home/leoja/airflow/airflow_venv/lib/python3.12/site-packages/airflow/example_dags/example_branch_day_of_week_operator.py
[2025-07-27T19:51:02.301+0200] {logging_mixin.py:188} INFO - [2025-07-27T19:51:02.301+0200] {dag.py:3096} INFO - Sync 1 DAGs
[2025-07-27T19:51:02.324+0200] {logging_mixin.py:188} INFO - [2025-07-27T19:51:02.324+0200] {dag.py:3954} INFO - Setting next_dagrun for example_weekday_branch_operator to 2025-07-26 00:00:00+00:00, run_after=2025-07-27 00:00:00+00:00
[2025-07-27T19:51:02.349+0200] {processor.py:183} INFO - Processing /home/leoja/airflow/airflow_venv/lib/python3.12/site-packages/airflow/example_dags/example_branch_day_of_week_operator.py took 0.082 seconds
[2025-07-27T19:52:16.711+0200] {processor.py:161} INFO - Started process (PID=6681) to work on /home/leoja/airflow/airflow_venv/lib/python3.12/site-packages/airflow/example_dags/example_branch_day_of_week_operator.py
[2025-07-27T19:52:16.712+0200] {processor.py:830} INFO - Processing file /home/leoja/airflow/airflow_venv/lib/python3.12/site-packages/airflow/example_dags/example_branch_day_of_week_operator.py for tasks to queue
[2025-07-27T19:52:16.713+0200] {logging_mixin.py:188} INFO - [2025-07-27T19:52:16.713+0200] {dagbag.py:540} INFO - Filling up the DagBag from /home/leoja/airflow/airflow_venv/lib/python3.12/site-packages/airflow/example_dags/example_branch_day_of_week_operator.py
[2025-07-27T19:52:16.719+0200] {processor.py:840} INFO - DAG(s) 'example_weekday_branch_operator' retrieved from /home/leoja/airflow/airflow_venv/lib/python3.12/site-packages/airflow/example_dags/example_branch_day_of_week_operator.py
[2025-07-27T19:52:16.735+0200] {logging_mixin.py:188} INFO - [2025-07-27T19:52:16.735+0200] {dag.py:3096} INFO - Sync 1 DAGs
[2025-07-27T19:52:16.752+0200] {logging_mixin.py:188} INFO - [2025-07-27T19:52:16.751+0200] {dag.py:3954} INFO - Setting next_dagrun for example_weekday_branch_operator to 2025-07-26 00:00:00+00:00, run_after=2025-07-27 00:00:00+00:00
[2025-07-27T19:52:16.776+0200] {processor.py:183} INFO - Processing /home/leoja/airflow/airflow_venv/lib/python3.12/site-packages/airflow/example_dags/example_branch_day_of_week_operator.py took 0.070 seconds
[2025-07-27T19:53:27.619+0200] {processor.py:161} INFO - Started process (PID=7106) to work on /home/leoja/airflow/airflow_venv/lib/python3.12/site-packages/airflow/example_dags/example_branch_day_of_week_operator.py
[2025-07-27T19:53:27.621+0200] {processor.py:830} INFO - Processing file /home/leoja/airflow/airflow_venv/lib/python3.12/site-packages/airflow/example_dags/example_branch_day_of_week_operator.py for tasks to queue
[2025-07-27T19:53:27.623+0200] {logging_mixin.py:188} INFO - [2025-07-27T19:53:27.623+0200] {dagbag.py:540} INFO - Filling up the DagBag from /home/leoja/airflow/airflow_venv/lib/python3.12/site-packages/airflow/example_dags/example_branch_day_of_week_operator.py
[2025-07-27T19:53:27.632+0200] {processor.py:840} INFO - DAG(s) 'example_weekday_branch_operator' retrieved from /home/leoja/airflow/airflow_venv/lib/python3.12/site-packages/airflow/example_dags/example_branch_day_of_week_operator.py
[2025-07-27T19:53:27.649+0200] {logging_mixin.py:188} INFO - [2025-07-27T19:53:27.649+0200] {dag.py:3096} INFO - Sync 1 DAGs
[2025-07-27T19:53:27.668+0200] {logging_mixin.py:188} INFO - [2025-07-27T19:53:27.668+0200] {dag.py:3954} INFO - Setting next_dagrun for example_weekday_branch_operator to 2025-07-26 00:00:00+00:00, run_after=2025-07-27 00:00:00+00:00
[2025-07-27T19:53:27.694+0200] {processor.py:183} INFO - Processing /home/leoja/airflow/airflow_venv/lib/python3.12/site-packages/airflow/example_dags/example_branch_day_of_week_operator.py took 0.082 seconds
[2025-07-27T19:54:35.635+0200] {processor.py:161} INFO - Started process (PID=7456) to work on /home/leoja/airflow/airflow_venv/lib/python3.12/site-packages/airflow/example_dags/example_branch_day_of_week_operator.py
[2025-07-27T19:54:35.637+0200] {processor.py:830} INFO - Processing file /home/leoja/airflow/airflow_venv/lib/python3.12/site-packages/airflow/example_dags/example_branch_day_of_week_operator.py for tasks to queue
[2025-07-27T19:54:35.638+0200] {logging_mixin.py:188} INFO - [2025-07-27T19:54:35.638+0200] {dagbag.py:540} INFO - Filling up the DagBag from /home/leoja/airflow/airflow_venv/lib/python3.12/site-packages/airflow/example_dags/example_branch_day_of_week_operator.py
[2025-07-27T19:54:35.644+0200] {processor.py:840} INFO - DAG(s) 'example_weekday_branch_operator' retrieved from /home/leoja/airflow/airflow_venv/lib/python3.12/site-packages/airflow/example_dags/example_branch_day_of_week_operator.py
[2025-07-27T19:54:35.659+0200] {logging_mixin.py:188} INFO - [2025-07-27T19:54:35.659+0200] {dag.py:3096} INFO - Sync 1 DAGs
[2025-07-27T19:54:35.676+0200] {logging_mixin.py:188} INFO - [2025-07-27T19:54:35.675+0200] {dag.py:3954} INFO - Setting next_dagrun for example_weekday_branch_operator to 2025-07-26 00:00:00+00:00, run_after=2025-07-27 00:00:00+00:00
[2025-07-27T19:54:35.693+0200] {processor.py:183} INFO - Processing /home/leoja/airflow/airflow_venv/lib/python3.12/site-packages/airflow/example_dags/example_branch_day_of_week_operator.py took 0.063 seconds
[2025-07-27T19:55:48.893+0200] {processor.py:161} INFO - Started process (PID=7871) to work on /home/leoja/airflow/airflow_venv/lib/python3.12/site-packages/airflow/example_dags/example_branch_day_of_week_operator.py
[2025-07-27T19:55:48.894+0200] {processor.py:830} INFO - Processing file /home/leoja/airflow/airflow_venv/lib/python3.12/site-packages/airflow/example_dags/example_branch_day_of_week_operator.py for tasks to queue
[2025-07-27T19:55:48.896+0200] {logging_mixin.py:188} INFO - [2025-07-27T19:55:48.896+0200] {dagbag.py:540} INFO - Filling up the DagBag from /home/leoja/airflow/airflow_venv/lib/python3.12/site-packages/airflow/example_dags/example_branch_day_of_week_operator.py
[2025-07-27T19:55:48.904+0200] {processor.py:840} INFO - DAG(s) 'example_weekday_branch_operator' retrieved from /home/leoja/airflow/airflow_venv/lib/python3.12/site-packages/airflow/example_dags/example_branch_day_of_week_operator.py
[2025-07-27T19:55:48.917+0200] {logging_mixin.py:188} INFO - [2025-07-27T19:55:48.917+0200] {dag.py:3096} INFO - Sync 1 DAGs
[2025-07-27T19:55:48.931+0200] {logging_mixin.py:188} INFO - [2025-07-27T19:55:48.931+0200] {dag.py:3954} INFO - Setting next_dagrun for example_weekday_branch_operator to 2025-07-26 00:00:00+00:00, run_after=2025-07-27 00:00:00+00:00
[2025-07-27T19:55:48.950+0200] {processor.py:183} INFO - Processing /home/leoja/airflow/airflow_venv/lib/python3.12/site-packages/airflow/example_dags/example_branch_day_of_week_operator.py took 0.063 seconds
[2025-07-27T19:57:09.581+0200] {processor.py:161} INFO - Started process (PID=8307) to work on /home/leoja/airflow/airflow_venv/lib/python3.12/site-packages/airflow/example_dags/example_branch_day_of_week_operator.py
[2025-07-27T19:57:09.583+0200] {processor.py:830} INFO - Processing file /home/leoja/airflow/airflow_venv/lib/python3.12/site-packages/airflow/example_dags/example_branch_day_of_week_operator.py for tasks to queue
[2025-07-27T19:57:09.584+0200] {logging_mixin.py:188} INFO - [2025-07-27T19:57:09.584+0200] {dagbag.py:540} INFO - Filling up the DagBag from /home/leoja/airflow/airflow_venv/lib/python3.12/site-packages/airflow/example_dags/example_branch_day_of_week_operator.py
[2025-07-27T19:57:09.591+0200] {processor.py:840} INFO - DAG(s) 'example_weekday_branch_operator' retrieved from /home/leoja/airflow/airflow_venv/lib/python3.12/site-packages/airflow/example_dags/example_branch_day_of_week_operator.py
[2025-07-27T19:57:09.608+0200] {logging_mixin.py:188} INFO - [2025-07-27T19:57:09.608+0200] {dag.py:3096} INFO - Sync 1 DAGs
[2025-07-27T19:57:09.625+0200] {logging_mixin.py:188} INFO - [2025-07-27T19:57:09.625+0200] {dag.py:3954} INFO - Setting next_dagrun for example_weekday_branch_operator to 2025-07-26 00:00:00+00:00, run_after=2025-07-27 00:00:00+00:00
[2025-07-27T19:57:09.644+0200] {processor.py:183} INFO - Processing /home/leoja/airflow/airflow_venv/lib/python3.12/site-packages/airflow/example_dags/example_branch_day_of_week_operator.py took 0.068 seconds
[2025-07-27T19:58:25.438+0200] {processor.py:161} INFO - Started process (PID=8751) to work on /home/leoja/airflow/airflow_venv/lib/python3.12/site-packages/airflow/example_dags/example_branch_day_of_week_operator.py
[2025-07-27T19:58:25.440+0200] {processor.py:830} INFO - Processing file /home/leoja/airflow/airflow_venv/lib/python3.12/site-packages/airflow/example_dags/example_branch_day_of_week_operator.py for tasks to queue
[2025-07-27T19:58:25.441+0200] {logging_mixin.py:188} INFO - [2025-07-27T19:58:25.441+0200] {dagbag.py:540} INFO - Filling up the DagBag from /home/leoja/airflow/airflow_venv/lib/python3.12/site-packages/airflow/example_dags/example_branch_day_of_week_operator.py
[2025-07-27T19:58:25.449+0200] {processor.py:840} INFO - DAG(s) 'example_weekday_branch_operator' retrieved from /home/leoja/airflow/airflow_venv/lib/python3.12/site-packages/airflow/example_dags/example_branch_day_of_week_operator.py
[2025-07-27T19:58:25.467+0200] {logging_mixin.py:188} INFO - [2025-07-27T19:58:25.466+0200] {dag.py:3096} INFO - Sync 1 DAGs
[2025-07-27T19:58:25.485+0200] {logging_mixin.py:188} INFO - [2025-07-27T19:58:25.485+0200] {dag.py:3954} INFO - Setting next_dagrun for example_weekday_branch_operator to 2025-07-26 00:00:00+00:00, run_after=2025-07-27 00:00:00+00:00
[2025-07-27T19:58:25.505+0200] {processor.py:183} INFO - Processing /home/leoja/airflow/airflow_venv/lib/python3.12/site-packages/airflow/example_dags/example_branch_day_of_week_operator.py took 0.072 seconds
[2025-07-27T19:59:38.747+0200] {processor.py:161} INFO - Started process (PID=9124) to work on /home/leoja/airflow/airflow_venv/lib/python3.12/site-packages/airflow/example_dags/example_branch_day_of_week_operator.py
[2025-07-27T19:59:38.748+0200] {processor.py:830} INFO - Processing file /home/leoja/airflow/airflow_venv/lib/python3.12/site-packages/airflow/example_dags/example_branch_day_of_week_operator.py for tasks to queue
[2025-07-27T19:59:38.750+0200] {logging_mixin.py:188} INFO - [2025-07-27T19:59:38.749+0200] {dagbag.py:540} INFO - Filling up the DagBag from /home/leoja/airflow/airflow_venv/lib/python3.12/site-packages/airflow/example_dags/example_branch_day_of_week_operator.py
[2025-07-27T19:59:38.757+0200] {processor.py:840} INFO - DAG(s) 'example_weekday_branch_operator' retrieved from /home/leoja/airflow/airflow_venv/lib/python3.12/site-packages/airflow/example_dags/example_branch_day_of_week_operator.py
[2025-07-27T19:59:38.771+0200] {logging_mixin.py:188} INFO - [2025-07-27T19:59:38.770+0200] {dag.py:3096} INFO - Sync 1 DAGs
[2025-07-27T19:59:38.790+0200] {logging_mixin.py:188} INFO - [2025-07-27T19:59:38.790+0200] {dag.py:3954} INFO - Setting next_dagrun for example_weekday_branch_operator to 2025-07-26 00:00:00+00:00, run_after=2025-07-27 00:00:00+00:00
[2025-07-27T19:59:38.808+0200] {processor.py:183} INFO - Processing /home/leoja/airflow/airflow_venv/lib/python3.12/site-packages/airflow/example_dags/example_branch_day_of_week_operator.py took 0.066 seconds
[2025-07-27T20:01:00.849+0200] {processor.py:161} INFO - Started process (PID=9607) to work on /home/leoja/airflow/airflow_venv/lib/python3.12/site-packages/airflow/example_dags/example_branch_day_of_week_operator.py
[2025-07-27T20:01:00.851+0200] {processor.py:830} INFO - Processing file /home/leoja/airflow/airflow_venv/lib/python3.12/site-packages/airflow/example_dags/example_branch_day_of_week_operator.py for tasks to queue
[2025-07-27T20:01:00.854+0200] {logging_mixin.py:188} INFO - [2025-07-27T20:01:00.853+0200] {dagbag.py:540} INFO - Filling up the DagBag from /home/leoja/airflow/airflow_venv/lib/python3.12/site-packages/airflow/example_dags/example_branch_day_of_week_operator.py
[2025-07-27T20:01:00.861+0200] {processor.py:840} INFO - DAG(s) 'example_weekday_branch_operator' retrieved from /home/leoja/airflow/airflow_venv/lib/python3.12/site-packages/airflow/example_dags/example_branch_day_of_week_operator.py
[2025-07-27T20:01:00.877+0200] {logging_mixin.py:188} INFO - [2025-07-27T20:01:00.877+0200] {dag.py:3096} INFO - Sync 1 DAGs
[2025-07-27T20:01:00.895+0200] {logging_mixin.py:188} INFO - [2025-07-27T20:01:00.895+0200] {dag.py:3954} INFO - Setting next_dagrun for example_weekday_branch_operator to 2025-07-26 00:00:00+00:00, run_after=2025-07-27 00:00:00+00:00
[2025-07-27T20:01:00.917+0200] {processor.py:183} INFO - Processing /home/leoja/airflow/airflow_venv/lib/python3.12/site-packages/airflow/example_dags/example_branch_day_of_week_operator.py took 0.075 seconds
[2025-07-27T20:02:23.737+0200] {processor.py:161} INFO - Started process (PID=10038) to work on /home/leoja/airflow/airflow_venv/lib/python3.12/site-packages/airflow/example_dags/example_branch_day_of_week_operator.py
[2025-07-27T20:02:23.743+0200] {processor.py:830} INFO - Processing file /home/leoja/airflow/airflow_venv/lib/python3.12/site-packages/airflow/example_dags/example_branch_day_of_week_operator.py for tasks to queue
[2025-07-27T20:02:23.745+0200] {logging_mixin.py:188} INFO - [2025-07-27T20:02:23.744+0200] {dagbag.py:540} INFO - Filling up the DagBag from /home/leoja/airflow/airflow_venv/lib/python3.12/site-packages/airflow/example_dags/example_branch_day_of_week_operator.py
[2025-07-27T20:02:23.756+0200] {processor.py:840} INFO - DAG(s) 'example_weekday_branch_operator' retrieved from /home/leoja/airflow/airflow_venv/lib/python3.12/site-packages/airflow/example_dags/example_branch_day_of_week_operator.py
[2025-07-27T20:02:23.779+0200] {logging_mixin.py:188} INFO - [2025-07-27T20:02:23.779+0200] {dag.py:3096} INFO - Sync 1 DAGs
[2025-07-27T20:02:23.803+0200] {logging_mixin.py:188} INFO - [2025-07-27T20:02:23.803+0200] {dag.py:3954} INFO - Setting next_dagrun for example_weekday_branch_operator to 2025-07-26 00:00:00+00:00, run_after=2025-07-27 00:00:00+00:00
[2025-07-27T20:02:23.832+0200] {processor.py:183} INFO - Processing /home/leoja/airflow/airflow_venv/lib/python3.12/site-packages/airflow/example_dags/example_branch_day_of_week_operator.py took 0.103 seconds
[2025-07-27T20:03:25.311+0200] {processor.py:161} INFO - Started process (PID=10370) to work on /home/leoja/airflow/airflow_venv/lib/python3.12/site-packages/airflow/example_dags/example_branch_day_of_week_operator.py
[2025-07-27T20:03:25.313+0200] {processor.py:830} INFO - Processing file /home/leoja/airflow/airflow_venv/lib/python3.12/site-packages/airflow/example_dags/example_branch_day_of_week_operator.py for tasks to queue
[2025-07-27T20:03:25.315+0200] {logging_mixin.py:188} INFO - [2025-07-27T20:03:25.314+0200] {dagbag.py:540} INFO - Filling up the DagBag from /home/leoja/airflow/airflow_venv/lib/python3.12/site-packages/airflow/example_dags/example_branch_day_of_week_operator.py
[2025-07-27T20:03:25.324+0200] {processor.py:840} INFO - DAG(s) 'example_weekday_branch_operator' retrieved from /home/leoja/airflow/airflow_venv/lib/python3.12/site-packages/airflow/example_dags/example_branch_day_of_week_operator.py
[2025-07-27T20:03:25.343+0200] {logging_mixin.py:188} INFO - [2025-07-27T20:03:25.343+0200] {dag.py:3096} INFO - Sync 1 DAGs
[2025-07-27T20:03:25.366+0200] {logging_mixin.py:188} INFO - [2025-07-27T20:03:25.366+0200] {dag.py:3954} INFO - Setting next_dagrun for example_weekday_branch_operator to 2025-07-26 00:00:00+00:00, run_after=2025-07-27 00:00:00+00:00
[2025-07-27T20:03:25.388+0200] {processor.py:183} INFO - Processing /home/leoja/airflow/airflow_venv/lib/python3.12/site-packages/airflow/example_dags/example_branch_day_of_week_operator.py took 0.083 seconds
[2025-07-27T20:04:25.431+0200] {processor.py:161} INFO - Started process (PID=10712) to work on /home/leoja/airflow/airflow_venv/lib/python3.12/site-packages/airflow/example_dags/example_branch_day_of_week_operator.py
[2025-07-27T20:04:25.433+0200] {processor.py:830} INFO - Processing file /home/leoja/airflow/airflow_venv/lib/python3.12/site-packages/airflow/example_dags/example_branch_day_of_week_operator.py for tasks to queue
[2025-07-27T20:04:25.435+0200] {logging_mixin.py:188} INFO - [2025-07-27T20:04:25.434+0200] {dagbag.py:540} INFO - Filling up the DagBag from /home/leoja/airflow/airflow_venv/lib/python3.12/site-packages/airflow/example_dags/example_branch_day_of_week_operator.py
[2025-07-27T20:04:25.443+0200] {processor.py:840} INFO - DAG(s) 'example_weekday_branch_operator' retrieved from /home/leoja/airflow/airflow_venv/lib/python3.12/site-packages/airflow/example_dags/example_branch_day_of_week_operator.py
[2025-07-27T20:04:25.462+0200] {logging_mixin.py:188} INFO - [2025-07-27T20:04:25.462+0200] {dag.py:3096} INFO - Sync 1 DAGs
[2025-07-27T20:04:25.484+0200] {logging_mixin.py:188} INFO - [2025-07-27T20:04:25.483+0200] {dag.py:3954} INFO - Setting next_dagrun for example_weekday_branch_operator to 2025-07-26 00:00:00+00:00, run_after=2025-07-27 00:00:00+00:00
[2025-07-27T20:04:25.507+0200] {processor.py:183} INFO - Processing /home/leoja/airflow/airflow_venv/lib/python3.12/site-packages/airflow/example_dags/example_branch_day_of_week_operator.py took 0.082 seconds
[2025-07-27T20:05:44.107+0200] {processor.py:161} INFO - Started process (PID=11130) to work on /home/leoja/airflow/airflow_venv/lib/python3.12/site-packages/airflow/example_dags/example_branch_day_of_week_operator.py
[2025-07-27T20:05:44.109+0200] {processor.py:830} INFO - Processing file /home/leoja/airflow/airflow_venv/lib/python3.12/site-packages/airflow/example_dags/example_branch_day_of_week_operator.py for tasks to queue
[2025-07-27T20:05:44.111+0200] {logging_mixin.py:188} INFO - [2025-07-27T20:05:44.110+0200] {dagbag.py:540} INFO - Filling up the DagBag from /home/leoja/airflow/airflow_venv/lib/python3.12/site-packages/airflow/example_dags/example_branch_day_of_week_operator.py
[2025-07-27T20:05:44.125+0200] {processor.py:840} INFO - DAG(s) 'example_weekday_branch_operator' retrieved from /home/leoja/airflow/airflow_venv/lib/python3.12/site-packages/airflow/example_dags/example_branch_day_of_week_operator.py
[2025-07-27T20:05:44.151+0200] {logging_mixin.py:188} INFO - [2025-07-27T20:05:44.151+0200] {dag.py:3096} INFO - Sync 1 DAGs
[2025-07-27T20:05:44.173+0200] {logging_mixin.py:188} INFO - [2025-07-27T20:05:44.173+0200] {dag.py:3954} INFO - Setting next_dagrun for example_weekday_branch_operator to 2025-07-26 00:00:00+00:00, run_after=2025-07-27 00:00:00+00:00
[2025-07-27T20:05:44.196+0200] {processor.py:183} INFO - Processing /home/leoja/airflow/airflow_venv/lib/python3.12/site-packages/airflow/example_dags/example_branch_day_of_week_operator.py took 0.100 seconds
[2025-07-27T20:07:05.964+0200] {processor.py:161} INFO - Started process (PID=11597) to work on /home/leoja/airflow/airflow_venv/lib/python3.12/site-packages/airflow/example_dags/example_branch_day_of_week_operator.py
[2025-07-27T20:07:05.966+0200] {processor.py:830} INFO - Processing file /home/leoja/airflow/airflow_venv/lib/python3.12/site-packages/airflow/example_dags/example_branch_day_of_week_operator.py for tasks to queue
[2025-07-27T20:07:05.968+0200] {logging_mixin.py:188} INFO - [2025-07-27T20:07:05.968+0200] {dagbag.py:540} INFO - Filling up the DagBag from /home/leoja/airflow/airflow_venv/lib/python3.12/site-packages/airflow/example_dags/example_branch_day_of_week_operator.py
[2025-07-27T20:07:05.977+0200] {processor.py:840} INFO - DAG(s) 'example_weekday_branch_operator' retrieved from /home/leoja/airflow/airflow_venv/lib/python3.12/site-packages/airflow/example_dags/example_branch_day_of_week_operator.py
[2025-07-27T20:07:05.993+0200] {logging_mixin.py:188} INFO - [2025-07-27T20:07:05.993+0200] {dag.py:3096} INFO - Sync 1 DAGs
[2025-07-27T20:07:06.012+0200] {logging_mixin.py:188} INFO - [2025-07-27T20:07:06.011+0200] {dag.py:3954} INFO - Setting next_dagrun for example_weekday_branch_operator to 2025-07-26 00:00:00+00:00, run_after=2025-07-27 00:00:00+00:00
[2025-07-27T20:07:06.035+0200] {processor.py:183} INFO - Processing /home/leoja/airflow/airflow_venv/lib/python3.12/site-packages/airflow/example_dags/example_branch_day_of_week_operator.py took 0.084 seconds
[2025-07-27T20:08:25.686+0200] {processor.py:161} INFO - Started process (PID=12037) to work on /home/leoja/airflow/airflow_venv/lib/python3.12/site-packages/airflow/example_dags/example_branch_day_of_week_operator.py
[2025-07-27T20:08:25.689+0200] {processor.py:830} INFO - Processing file /home/leoja/airflow/airflow_venv/lib/python3.12/site-packages/airflow/example_dags/example_branch_day_of_week_operator.py for tasks to queue
[2025-07-27T20:08:25.692+0200] {logging_mixin.py:188} INFO - [2025-07-27T20:08:25.691+0200] {dagbag.py:540} INFO - Filling up the DagBag from /home/leoja/airflow/airflow_venv/lib/python3.12/site-packages/airflow/example_dags/example_branch_day_of_week_operator.py
[2025-07-27T20:08:25.702+0200] {processor.py:840} INFO - DAG(s) 'example_weekday_branch_operator' retrieved from /home/leoja/airflow/airflow_venv/lib/python3.12/site-packages/airflow/example_dags/example_branch_day_of_week_operator.py
[2025-07-27T20:08:25.718+0200] {logging_mixin.py:188} INFO - [2025-07-27T20:08:25.718+0200] {dag.py:3096} INFO - Sync 1 DAGs
[2025-07-27T20:08:25.741+0200] {logging_mixin.py:188} INFO - [2025-07-27T20:08:25.740+0200] {dag.py:3954} INFO - Setting next_dagrun for example_weekday_branch_operator to 2025-07-26 00:00:00+00:00, run_after=2025-07-27 00:00:00+00:00
[2025-07-27T20:08:25.766+0200] {processor.py:183} INFO - Processing /home/leoja/airflow/airflow_venv/lib/python3.12/site-packages/airflow/example_dags/example_branch_day_of_week_operator.py took 0.087 seconds
[2025-07-27T20:09:23.727+0200] {processor.py:161} INFO - Started process (PID=12393) to work on /home/leoja/airflow/airflow_venv/lib/python3.12/site-packages/airflow/example_dags/example_branch_day_of_week_operator.py
[2025-07-27T20:09:23.729+0200] {processor.py:830} INFO - Processing file /home/leoja/airflow/airflow_venv/lib/python3.12/site-packages/airflow/example_dags/example_branch_day_of_week_operator.py for tasks to queue
[2025-07-27T20:09:23.731+0200] {logging_mixin.py:188} INFO - [2025-07-27T20:09:23.731+0200] {dagbag.py:540} INFO - Filling up the DagBag from /home/leoja/airflow/airflow_venv/lib/python3.12/site-packages/airflow/example_dags/example_branch_day_of_week_operator.py
[2025-07-27T20:09:23.744+0200] {processor.py:840} INFO - DAG(s) 'example_weekday_branch_operator' retrieved from /home/leoja/airflow/airflow_venv/lib/python3.12/site-packages/airflow/example_dags/example_branch_day_of_week_operator.py
[2025-07-27T20:09:23.766+0200] {logging_mixin.py:188} INFO - [2025-07-27T20:09:23.766+0200] {dag.py:3096} INFO - Sync 1 DAGs
[2025-07-27T20:09:23.788+0200] {logging_mixin.py:188} INFO - [2025-07-27T20:09:23.788+0200] {dag.py:3954} INFO - Setting next_dagrun for example_weekday_branch_operator to 2025-07-26 00:00:00+00:00, run_after=2025-07-27 00:00:00+00:00
[2025-07-27T20:09:23.811+0200] {processor.py:183} INFO - Processing /home/leoja/airflow/airflow_venv/lib/python3.12/site-packages/airflow/example_dags/example_branch_day_of_week_operator.py took 0.092 seconds
[2025-07-27T20:10:20.776+0200] {processor.py:161} INFO - Started process (PID=12726) to work on /home/leoja/airflow/airflow_venv/lib/python3.12/site-packages/airflow/example_dags/example_branch_day_of_week_operator.py
[2025-07-27T20:10:20.778+0200] {processor.py:830} INFO - Processing file /home/leoja/airflow/airflow_venv/lib/python3.12/site-packages/airflow/example_dags/example_branch_day_of_week_operator.py for tasks to queue
[2025-07-27T20:10:20.781+0200] {logging_mixin.py:188} INFO - [2025-07-27T20:10:20.781+0200] {dagbag.py:540} INFO - Filling up the DagBag from /home/leoja/airflow/airflow_venv/lib/python3.12/site-packages/airflow/example_dags/example_branch_day_of_week_operator.py
[2025-07-27T20:10:20.791+0200] {processor.py:840} INFO - DAG(s) 'example_weekday_branch_operator' retrieved from /home/leoja/airflow/airflow_venv/lib/python3.12/site-packages/airflow/example_dags/example_branch_day_of_week_operator.py
[2025-07-27T20:10:20.814+0200] {logging_mixin.py:188} INFO - [2025-07-27T20:10:20.814+0200] {dag.py:3096} INFO - Sync 1 DAGs
[2025-07-27T20:10:20.836+0200] {logging_mixin.py:188} INFO - [2025-07-27T20:10:20.836+0200] {dag.py:3954} INFO - Setting next_dagrun for example_weekday_branch_operator to 2025-07-26 00:00:00+00:00, run_after=2025-07-27 00:00:00+00:00
[2025-07-27T20:10:20.868+0200] {processor.py:183} INFO - Processing /home/leoja/airflow/airflow_venv/lib/python3.12/site-packages/airflow/example_dags/example_branch_day_of_week_operator.py took 0.101 seconds
[2025-07-27T20:11:19.519+0200] {processor.py:161} INFO - Started process (PID=13036) to work on /home/leoja/airflow/airflow_venv/lib/python3.12/site-packages/airflow/example_dags/example_branch_day_of_week_operator.py
[2025-07-27T20:11:19.522+0200] {processor.py:830} INFO - Processing file /home/leoja/airflow/airflow_venv/lib/python3.12/site-packages/airflow/example_dags/example_branch_day_of_week_operator.py for tasks to queue
[2025-07-27T20:11:19.524+0200] {logging_mixin.py:188} INFO - [2025-07-27T20:11:19.523+0200] {dagbag.py:540} INFO - Filling up the DagBag from /home/leoja/airflow/airflow_venv/lib/python3.12/site-packages/airflow/example_dags/example_branch_day_of_week_operator.py
[2025-07-27T20:11:19.536+0200] {processor.py:840} INFO - DAG(s) 'example_weekday_branch_operator' retrieved from /home/leoja/airflow/airflow_venv/lib/python3.12/site-packages/airflow/example_dags/example_branch_day_of_week_operator.py
[2025-07-27T20:11:19.561+0200] {logging_mixin.py:188} INFO - [2025-07-27T20:11:19.561+0200] {dag.py:3096} INFO - Sync 1 DAGs
[2025-07-27T20:11:19.584+0200] {logging_mixin.py:188} INFO - [2025-07-27T20:11:19.584+0200] {dag.py:3954} INFO - Setting next_dagrun for example_weekday_branch_operator to 2025-07-26 00:00:00+00:00, run_after=2025-07-27 00:00:00+00:00
[2025-07-27T20:11:19.610+0200] {processor.py:183} INFO - Processing /home/leoja/airflow/airflow_venv/lib/python3.12/site-packages/airflow/example_dags/example_branch_day_of_week_operator.py took 0.100 seconds
[2025-07-27T20:12:39.570+0200] {processor.py:161} INFO - Started process (PID=13475) to work on /home/leoja/airflow/airflow_venv/lib/python3.12/site-packages/airflow/example_dags/example_branch_day_of_week_operator.py
[2025-07-27T20:12:39.573+0200] {processor.py:830} INFO - Processing file /home/leoja/airflow/airflow_venv/lib/python3.12/site-packages/airflow/example_dags/example_branch_day_of_week_operator.py for tasks to queue
[2025-07-27T20:12:39.578+0200] {logging_mixin.py:188} INFO - [2025-07-27T20:12:39.576+0200] {dagbag.py:540} INFO - Filling up the DagBag from /home/leoja/airflow/airflow_venv/lib/python3.12/site-packages/airflow/example_dags/example_branch_day_of_week_operator.py
[2025-07-27T20:12:39.592+0200] {processor.py:840} INFO - DAG(s) 'example_weekday_branch_operator' retrieved from /home/leoja/airflow/airflow_venv/lib/python3.12/site-packages/airflow/example_dags/example_branch_day_of_week_operator.py
[2025-07-27T20:12:41.111+0200] {logging_mixin.py:188} INFO - [2025-07-27T20:12:41.111+0200] {dag.py:3096} INFO - Sync 1 DAGs
[2025-07-27T20:12:41.134+0200] {logging_mixin.py:188} INFO - [2025-07-27T20:12:41.134+0200] {dag.py:3954} INFO - Setting next_dagrun for example_weekday_branch_operator to 2025-07-26 00:00:00+00:00, run_after=2025-07-27 00:00:00+00:00
[2025-07-27T20:12:41.158+0200] {processor.py:183} INFO - Processing /home/leoja/airflow/airflow_venv/lib/python3.12/site-packages/airflow/example_dags/example_branch_day_of_week_operator.py took 0.113 seconds
[2025-07-27T20:14:05.315+0200] {processor.py:161} INFO - Started process (PID=13952) to work on /home/leoja/airflow/airflow_venv/lib/python3.12/site-packages/airflow/example_dags/example_branch_day_of_week_operator.py
[2025-07-27T20:14:05.317+0200] {processor.py:830} INFO - Processing file /home/leoja/airflow/airflow_venv/lib/python3.12/site-packages/airflow/example_dags/example_branch_day_of_week_operator.py for tasks to queue
[2025-07-27T20:14:05.321+0200] {logging_mixin.py:188} INFO - [2025-07-27T20:14:05.320+0200] {dagbag.py:540} INFO - Filling up the DagBag from /home/leoja/airflow/airflow_venv/lib/python3.12/site-packages/airflow/example_dags/example_branch_day_of_week_operator.py
[2025-07-27T20:14:05.335+0200] {processor.py:840} INFO - DAG(s) 'example_weekday_branch_operator' retrieved from /home/leoja/airflow/airflow_venv/lib/python3.12/site-packages/airflow/example_dags/example_branch_day_of_week_operator.py
[2025-07-27T20:14:05.355+0200] {logging_mixin.py:188} INFO - [2025-07-27T20:14:05.354+0200] {dag.py:3096} INFO - Sync 1 DAGs
[2025-07-27T20:14:05.374+0200] {logging_mixin.py:188} INFO - [2025-07-27T20:14:05.373+0200] {dag.py:3954} INFO - Setting next_dagrun for example_weekday_branch_operator to 2025-07-26 00:00:00+00:00, run_after=2025-07-27 00:00:00+00:00
[2025-07-27T20:14:05.396+0200] {processor.py:183} INFO - Processing /home/leoja/airflow/airflow_venv/lib/python3.12/site-packages/airflow/example_dags/example_branch_day_of_week_operator.py took 0.096 seconds
[2025-07-27T20:15:06.240+0200] {processor.py:161} INFO - Started process (PID=14295) to work on /home/leoja/airflow/airflow_venv/lib/python3.12/site-packages/airflow/example_dags/example_branch_day_of_week_operator.py
[2025-07-27T20:15:06.243+0200] {processor.py:830} INFO - Processing file /home/leoja/airflow/airflow_venv/lib/python3.12/site-packages/airflow/example_dags/example_branch_day_of_week_operator.py for tasks to queue
[2025-07-27T20:15:06.246+0200] {logging_mixin.py:188} INFO - [2025-07-27T20:15:06.245+0200] {dagbag.py:540} INFO - Filling up the DagBag from /home/leoja/airflow/airflow_venv/lib/python3.12/site-packages/airflow/example_dags/example_branch_day_of_week_operator.py
[2025-07-27T20:15:06.254+0200] {processor.py:840} INFO - DAG(s) 'example_weekday_branch_operator' retrieved from /home/leoja/airflow/airflow_venv/lib/python3.12/site-packages/airflow/example_dags/example_branch_day_of_week_operator.py
[2025-07-27T20:15:06.271+0200] {logging_mixin.py:188} INFO - [2025-07-27T20:15:06.270+0200] {dag.py:3096} INFO - Sync 1 DAGs
[2025-07-27T20:15:06.290+0200] {logging_mixin.py:188} INFO - [2025-07-27T20:15:06.290+0200] {dag.py:3954} INFO - Setting next_dagrun for example_weekday_branch_operator to 2025-07-26 00:00:00+00:00, run_after=2025-07-27 00:00:00+00:00
[2025-07-27T20:15:06.311+0200] {processor.py:183} INFO - Processing /home/leoja/airflow/airflow_venv/lib/python3.12/site-packages/airflow/example_dags/example_branch_day_of_week_operator.py took 0.078 seconds
[2025-07-27T20:16:25.311+0200] {processor.py:161} INFO - Started process (PID=14725) to work on /home/leoja/airflow/airflow_venv/lib/python3.12/site-packages/airflow/example_dags/example_branch_day_of_week_operator.py
[2025-07-27T20:16:25.314+0200] {processor.py:830} INFO - Processing file /home/leoja/airflow/airflow_venv/lib/python3.12/site-packages/airflow/example_dags/example_branch_day_of_week_operator.py for tasks to queue
[2025-07-27T20:16:25.317+0200] {logging_mixin.py:188} INFO - [2025-07-27T20:16:25.316+0200] {dagbag.py:540} INFO - Filling up the DagBag from /home/leoja/airflow/airflow_venv/lib/python3.12/site-packages/airflow/example_dags/example_branch_day_of_week_operator.py
[2025-07-27T20:16:25.327+0200] {processor.py:840} INFO - DAG(s) 'example_weekday_branch_operator' retrieved from /home/leoja/airflow/airflow_venv/lib/python3.12/site-packages/airflow/example_dags/example_branch_day_of_week_operator.py
[2025-07-27T20:16:25.343+0200] {logging_mixin.py:188} INFO - [2025-07-27T20:16:25.343+0200] {dag.py:3096} INFO - Sync 1 DAGs
[2025-07-27T20:16:25.361+0200] {logging_mixin.py:188} INFO - [2025-07-27T20:16:25.361+0200] {dag.py:3954} INFO - Setting next_dagrun for example_weekday_branch_operator to 2025-07-26 00:00:00+00:00, run_after=2025-07-27 00:00:00+00:00
[2025-07-27T20:16:25.388+0200] {processor.py:183} INFO - Processing /home/leoja/airflow/airflow_venv/lib/python3.12/site-packages/airflow/example_dags/example_branch_day_of_week_operator.py took 0.092 seconds
[2025-07-27T20:17:49.493+0200] {processor.py:161} INFO - Started process (PID=15157) to work on /home/leoja/airflow/airflow_venv/lib/python3.12/site-packages/airflow/example_dags/example_branch_day_of_week_operator.py
[2025-07-27T20:17:49.496+0200] {processor.py:830} INFO - Processing file /home/leoja/airflow/airflow_venv/lib/python3.12/site-packages/airflow/example_dags/example_branch_day_of_week_operator.py for tasks to queue
[2025-07-27T20:17:49.499+0200] {logging_mixin.py:188} INFO - [2025-07-27T20:17:49.498+0200] {dagbag.py:540} INFO - Filling up the DagBag from /home/leoja/airflow/airflow_venv/lib/python3.12/site-packages/airflow/example_dags/example_branch_day_of_week_operator.py
[2025-07-27T20:17:49.510+0200] {processor.py:840} INFO - DAG(s) 'example_weekday_branch_operator' retrieved from /home/leoja/airflow/airflow_venv/lib/python3.12/site-packages/airflow/example_dags/example_branch_day_of_week_operator.py
[2025-07-27T20:17:49.532+0200] {logging_mixin.py:188} INFO - [2025-07-27T20:17:49.532+0200] {dag.py:3096} INFO - Sync 1 DAGs
[2025-07-27T20:17:49.550+0200] {logging_mixin.py:188} INFO - [2025-07-27T20:17:49.550+0200] {dag.py:3954} INFO - Setting next_dagrun for example_weekday_branch_operator to 2025-07-26 00:00:00+00:00, run_after=2025-07-27 00:00:00+00:00
[2025-07-27T20:17:49.573+0200] {processor.py:183} INFO - Processing /home/leoja/airflow/airflow_venv/lib/python3.12/site-packages/airflow/example_dags/example_branch_day_of_week_operator.py took 0.088 seconds
[2025-07-27T20:19:05.858+0200] {processor.py:161} INFO - Started process (PID=15582) to work on /home/leoja/airflow/airflow_venv/lib/python3.12/site-packages/airflow/example_dags/example_branch_day_of_week_operator.py
[2025-07-27T20:19:05.861+0200] {processor.py:830} INFO - Processing file /home/leoja/airflow/airflow_venv/lib/python3.12/site-packages/airflow/example_dags/example_branch_day_of_week_operator.py for tasks to queue
[2025-07-27T20:19:05.865+0200] {logging_mixin.py:188} INFO - [2025-07-27T20:19:05.864+0200] {dagbag.py:540} INFO - Filling up the DagBag from /home/leoja/airflow/airflow_venv/lib/python3.12/site-packages/airflow/example_dags/example_branch_day_of_week_operator.py
[2025-07-27T20:19:05.883+0200] {processor.py:840} INFO - DAG(s) 'example_weekday_branch_operator' retrieved from /home/leoja/airflow/airflow_venv/lib/python3.12/site-packages/airflow/example_dags/example_branch_day_of_week_operator.py
[2025-07-27T20:19:05.909+0200] {logging_mixin.py:188} INFO - [2025-07-27T20:19:05.908+0200] {dag.py:3096} INFO - Sync 1 DAGs
[2025-07-27T20:19:05.929+0200] {logging_mixin.py:188} INFO - [2025-07-27T20:19:05.929+0200] {dag.py:3954} INFO - Setting next_dagrun for example_weekday_branch_operator to 2025-07-26 00:00:00+00:00, run_after=2025-07-27 00:00:00+00:00
[2025-07-27T20:19:05.958+0200] {processor.py:183} INFO - Processing /home/leoja/airflow/airflow_venv/lib/python3.12/site-packages/airflow/example_dags/example_branch_day_of_week_operator.py took 0.115 seconds
[2025-07-27T20:20:27.474+0200] {processor.py:161} INFO - Started process (PID=16055) to work on /home/leoja/airflow/airflow_venv/lib/python3.12/site-packages/airflow/example_dags/example_branch_day_of_week_operator.py
[2025-07-27T20:20:27.477+0200] {processor.py:830} INFO - Processing file /home/leoja/airflow/airflow_venv/lib/python3.12/site-packages/airflow/example_dags/example_branch_day_of_week_operator.py for tasks to queue
[2025-07-27T20:20:27.479+0200] {logging_mixin.py:188} INFO - [2025-07-27T20:20:27.479+0200] {dagbag.py:540} INFO - Filling up the DagBag from /home/leoja/airflow/airflow_venv/lib/python3.12/site-packages/airflow/example_dags/example_branch_day_of_week_operator.py
[2025-07-27T20:20:27.489+0200] {processor.py:840} INFO - DAG(s) 'example_weekday_branch_operator' retrieved from /home/leoja/airflow/airflow_venv/lib/python3.12/site-packages/airflow/example_dags/example_branch_day_of_week_operator.py
[2025-07-27T20:20:27.506+0200] {logging_mixin.py:188} INFO - [2025-07-27T20:20:27.505+0200] {dag.py:3096} INFO - Sync 1 DAGs
[2025-07-27T20:20:27.524+0200] {logging_mixin.py:188} INFO - [2025-07-27T20:20:27.524+0200] {dag.py:3954} INFO - Setting next_dagrun for example_weekday_branch_operator to 2025-07-26 00:00:00+00:00, run_after=2025-07-27 00:00:00+00:00
[2025-07-27T20:20:27.546+0200] {processor.py:183} INFO - Processing /home/leoja/airflow/airflow_venv/lib/python3.12/site-packages/airflow/example_dags/example_branch_day_of_week_operator.py took 0.081 seconds
[2025-07-27T20:21:25.979+0200] {processor.py:161} INFO - Started process (PID=16360) to work on /home/leoja/airflow/airflow_venv/lib/python3.12/site-packages/airflow/example_dags/example_branch_day_of_week_operator.py
[2025-07-27T20:21:25.982+0200] {processor.py:830} INFO - Processing file /home/leoja/airflow/airflow_venv/lib/python3.12/site-packages/airflow/example_dags/example_branch_day_of_week_operator.py for tasks to queue
[2025-07-27T20:21:25.987+0200] {logging_mixin.py:188} INFO - [2025-07-27T20:21:25.986+0200] {dagbag.py:540} INFO - Filling up the DagBag from /home/leoja/airflow/airflow_venv/lib/python3.12/site-packages/airflow/example_dags/example_branch_day_of_week_operator.py
[2025-07-27T20:21:26.003+0200] {processor.py:840} INFO - DAG(s) 'example_weekday_branch_operator' retrieved from /home/leoja/airflow/airflow_venv/lib/python3.12/site-packages/airflow/example_dags/example_branch_day_of_week_operator.py
[2025-07-27T20:21:26.021+0200] {logging_mixin.py:188} INFO - [2025-07-27T20:21:26.021+0200] {dag.py:3096} INFO - Sync 1 DAGs
[2025-07-27T20:21:26.048+0200] {logging_mixin.py:188} INFO - [2025-07-27T20:21:26.048+0200] {dag.py:3954} INFO - Setting next_dagrun for example_weekday_branch_operator to 2025-07-26 00:00:00+00:00, run_after=2025-07-27 00:00:00+00:00
[2025-07-27T20:21:26.077+0200] {processor.py:183} INFO - Processing /home/leoja/airflow/airflow_venv/lib/python3.12/site-packages/airflow/example_dags/example_branch_day_of_week_operator.py took 0.111 seconds
[2025-07-27T20:22:25.704+0200] {processor.py:161} INFO - Started process (PID=16691) to work on /home/leoja/airflow/airflow_venv/lib/python3.12/site-packages/airflow/example_dags/example_branch_day_of_week_operator.py
[2025-07-27T20:22:25.709+0200] {processor.py:830} INFO - Processing file /home/leoja/airflow/airflow_venv/lib/python3.12/site-packages/airflow/example_dags/example_branch_day_of_week_operator.py for tasks to queue
[2025-07-27T20:22:25.712+0200] {logging_mixin.py:188} INFO - [2025-07-27T20:22:25.711+0200] {dagbag.py:540} INFO - Filling up the DagBag from /home/leoja/airflow/airflow_venv/lib/python3.12/site-packages/airflow/example_dags/example_branch_day_of_week_operator.py
[2025-07-27T20:22:25.723+0200] {processor.py:840} INFO - DAG(s) 'example_weekday_branch_operator' retrieved from /home/leoja/airflow/airflow_venv/lib/python3.12/site-packages/airflow/example_dags/example_branch_day_of_week_operator.py
[2025-07-27T20:22:25.748+0200] {logging_mixin.py:188} INFO - [2025-07-27T20:22:25.747+0200] {dag.py:3096} INFO - Sync 1 DAGs
[2025-07-27T20:22:25.765+0200] {logging_mixin.py:188} INFO - [2025-07-27T20:22:25.765+0200] {dag.py:3954} INFO - Setting next_dagrun for example_weekday_branch_operator to 2025-07-26 00:00:00+00:00, run_after=2025-07-27 00:00:00+00:00
[2025-07-27T20:22:25.790+0200] {processor.py:183} INFO - Processing /home/leoja/airflow/airflow_venv/lib/python3.12/site-packages/airflow/example_dags/example_branch_day_of_week_operator.py took 0.101 seconds
[2025-07-27T20:23:25.729+0200] {processor.py:161} INFO - Started process (PID=17003) to work on /home/leoja/airflow/airflow_venv/lib/python3.12/site-packages/airflow/example_dags/example_branch_day_of_week_operator.py
[2025-07-27T20:23:25.732+0200] {processor.py:830} INFO - Processing file /home/leoja/airflow/airflow_venv/lib/python3.12/site-packages/airflow/example_dags/example_branch_day_of_week_operator.py for tasks to queue
[2025-07-27T20:23:25.737+0200] {logging_mixin.py:188} INFO - [2025-07-27T20:23:25.736+0200] {dagbag.py:540} INFO - Filling up the DagBag from /home/leoja/airflow/airflow_venv/lib/python3.12/site-packages/airflow/example_dags/example_branch_day_of_week_operator.py
[2025-07-27T20:23:25.752+0200] {processor.py:840} INFO - DAG(s) 'example_weekday_branch_operator' retrieved from /home/leoja/airflow/airflow_venv/lib/python3.12/site-packages/airflow/example_dags/example_branch_day_of_week_operator.py
[2025-07-27T20:23:25.771+0200] {logging_mixin.py:188} INFO - [2025-07-27T20:23:25.770+0200] {dag.py:3096} INFO - Sync 1 DAGs
[2025-07-27T20:23:25.791+0200] {logging_mixin.py:188} INFO - [2025-07-27T20:23:25.791+0200] {dag.py:3954} INFO - Setting next_dagrun for example_weekday_branch_operator to 2025-07-26 00:00:00+00:00, run_after=2025-07-27 00:00:00+00:00
[2025-07-27T20:23:25.814+0200] {processor.py:183} INFO - Processing /home/leoja/airflow/airflow_venv/lib/python3.12/site-packages/airflow/example_dags/example_branch_day_of_week_operator.py took 0.100 seconds
[2025-07-27T20:24:46.982+0200] {processor.py:161} INFO - Started process (PID=17445) to work on /home/leoja/airflow/airflow_venv/lib/python3.12/site-packages/airflow/example_dags/example_branch_day_of_week_operator.py
[2025-07-27T20:24:46.985+0200] {processor.py:830} INFO - Processing file /home/leoja/airflow/airflow_venv/lib/python3.12/site-packages/airflow/example_dags/example_branch_day_of_week_operator.py for tasks to queue
[2025-07-27T20:24:46.988+0200] {logging_mixin.py:188} INFO - [2025-07-27T20:24:46.987+0200] {dagbag.py:540} INFO - Filling up the DagBag from /home/leoja/airflow/airflow_venv/lib/python3.12/site-packages/airflow/example_dags/example_branch_day_of_week_operator.py
[2025-07-27T20:24:47.000+0200] {processor.py:840} INFO - DAG(s) 'example_weekday_branch_operator' retrieved from /home/leoja/airflow/airflow_venv/lib/python3.12/site-packages/airflow/example_dags/example_branch_day_of_week_operator.py
[2025-07-27T20:24:47.024+0200] {logging_mixin.py:188} INFO - [2025-07-27T20:24:47.024+0200] {dag.py:3096} INFO - Sync 1 DAGs
[2025-07-27T20:24:47.060+0200] {logging_mixin.py:188} INFO - [2025-07-27T20:24:47.059+0200] {dag.py:3954} INFO - Setting next_dagrun for example_weekday_branch_operator to 2025-07-26 00:00:00+00:00, run_after=2025-07-27 00:00:00+00:00
[2025-07-27T20:24:47.085+0200] {processor.py:183} INFO - Processing /home/leoja/airflow/airflow_venv/lib/python3.12/site-packages/airflow/example_dags/example_branch_day_of_week_operator.py took 0.116 seconds
[2025-07-27T20:26:11.741+0200] {processor.py:161} INFO - Started process (PID=17918) to work on /home/leoja/airflow/airflow_venv/lib/python3.12/site-packages/airflow/example_dags/example_branch_day_of_week_operator.py
[2025-07-27T20:26:11.744+0200] {processor.py:830} INFO - Processing file /home/leoja/airflow/airflow_venv/lib/python3.12/site-packages/airflow/example_dags/example_branch_day_of_week_operator.py for tasks to queue
[2025-07-27T20:26:11.747+0200] {logging_mixin.py:188} INFO - [2025-07-27T20:26:11.746+0200] {dagbag.py:540} INFO - Filling up the DagBag from /home/leoja/airflow/airflow_venv/lib/python3.12/site-packages/airflow/example_dags/example_branch_day_of_week_operator.py
[2025-07-27T20:26:11.757+0200] {processor.py:840} INFO - DAG(s) 'example_weekday_branch_operator' retrieved from /home/leoja/airflow/airflow_venv/lib/python3.12/site-packages/airflow/example_dags/example_branch_day_of_week_operator.py
[2025-07-27T20:26:11.777+0200] {logging_mixin.py:188} INFO - [2025-07-27T20:26:11.777+0200] {dag.py:3096} INFO - Sync 1 DAGs
[2025-07-27T20:26:11.796+0200] {logging_mixin.py:188} INFO - [2025-07-27T20:26:11.795+0200] {dag.py:3954} INFO - Setting next_dagrun for example_weekday_branch_operator to 2025-07-26 00:00:00+00:00, run_after=2025-07-27 00:00:00+00:00
[2025-07-27T20:26:11.823+0200] {processor.py:183} INFO - Processing /home/leoja/airflow/airflow_venv/lib/python3.12/site-packages/airflow/example_dags/example_branch_day_of_week_operator.py took 0.096 seconds
[2025-07-27T20:27:30.510+0200] {processor.py:161} INFO - Started process (PID=18359) to work on /home/leoja/airflow/airflow_venv/lib/python3.12/site-packages/airflow/example_dags/example_branch_day_of_week_operator.py
[2025-07-27T20:27:30.512+0200] {processor.py:830} INFO - Processing file /home/leoja/airflow/airflow_venv/lib/python3.12/site-packages/airflow/example_dags/example_branch_day_of_week_operator.py for tasks to queue
[2025-07-27T20:27:30.513+0200] {logging_mixin.py:188} INFO - [2025-07-27T20:27:30.513+0200] {dagbag.py:540} INFO - Filling up the DagBag from /home/leoja/airflow/airflow_venv/lib/python3.12/site-packages/airflow/example_dags/example_branch_day_of_week_operator.py
[2025-07-27T20:27:30.520+0200] {processor.py:840} INFO - DAG(s) 'example_weekday_branch_operator' retrieved from /home/leoja/airflow/airflow_venv/lib/python3.12/site-packages/airflow/example_dags/example_branch_day_of_week_operator.py
[2025-07-27T20:27:30.536+0200] {logging_mixin.py:188} INFO - [2025-07-27T20:27:30.535+0200] {dag.py:3096} INFO - Sync 1 DAGs
[2025-07-27T20:27:30.555+0200] {logging_mixin.py:188} INFO - [2025-07-27T20:27:30.554+0200] {dag.py:3954} INFO - Setting next_dagrun for example_weekday_branch_operator to 2025-07-26 00:00:00+00:00, run_after=2025-07-27 00:00:00+00:00
[2025-07-27T20:27:30.578+0200] {processor.py:183} INFO - Processing /home/leoja/airflow/airflow_venv/lib/python3.12/site-packages/airflow/example_dags/example_branch_day_of_week_operator.py took 0.075 seconds
[2025-07-27T20:28:41.046+0200] {processor.py:161} INFO - Started process (PID=18716) to work on /home/leoja/airflow/airflow_venv/lib/python3.12/site-packages/airflow/example_dags/example_branch_day_of_week_operator.py
[2025-07-27T20:28:41.047+0200] {processor.py:830} INFO - Processing file /home/leoja/airflow/airflow_venv/lib/python3.12/site-packages/airflow/example_dags/example_branch_day_of_week_operator.py for tasks to queue
[2025-07-27T20:28:41.049+0200] {logging_mixin.py:188} INFO - [2025-07-27T20:28:41.049+0200] {dagbag.py:540} INFO - Filling up the DagBag from /home/leoja/airflow/airflow_venv/lib/python3.12/site-packages/airflow/example_dags/example_branch_day_of_week_operator.py
[2025-07-27T20:28:41.058+0200] {processor.py:840} INFO - DAG(s) 'example_weekday_branch_operator' retrieved from /home/leoja/airflow/airflow_venv/lib/python3.12/site-packages/airflow/example_dags/example_branch_day_of_week_operator.py
[2025-07-27T20:28:41.074+0200] {logging_mixin.py:188} INFO - [2025-07-27T20:28:41.074+0200] {dag.py:3096} INFO - Sync 1 DAGs
[2025-07-27T20:28:41.092+0200] {logging_mixin.py:188} INFO - [2025-07-27T20:28:41.092+0200] {dag.py:3954} INFO - Setting next_dagrun for example_weekday_branch_operator to 2025-07-26 00:00:00+00:00, run_after=2025-07-27 00:00:00+00:00
[2025-07-27T20:28:41.116+0200] {processor.py:183} INFO - Processing /home/leoja/airflow/airflow_venv/lib/python3.12/site-packages/airflow/example_dags/example_branch_day_of_week_operator.py took 0.077 seconds
[2025-07-27T20:29:50.108+0200] {processor.py:161} INFO - Started process (PID=19121) to work on /home/leoja/airflow/airflow_venv/lib/python3.12/site-packages/airflow/example_dags/example_branch_day_of_week_operator.py
[2025-07-27T20:29:50.110+0200] {processor.py:830} INFO - Processing file /home/leoja/airflow/airflow_venv/lib/python3.12/site-packages/airflow/example_dags/example_branch_day_of_week_operator.py for tasks to queue
[2025-07-27T20:29:50.111+0200] {logging_mixin.py:188} INFO - [2025-07-27T20:29:50.111+0200] {dagbag.py:540} INFO - Filling up the DagBag from /home/leoja/airflow/airflow_venv/lib/python3.12/site-packages/airflow/example_dags/example_branch_day_of_week_operator.py
[2025-07-27T20:29:50.119+0200] {processor.py:840} INFO - DAG(s) 'example_weekday_branch_operator' retrieved from /home/leoja/airflow/airflow_venv/lib/python3.12/site-packages/airflow/example_dags/example_branch_day_of_week_operator.py
[2025-07-27T20:29:50.137+0200] {logging_mixin.py:188} INFO - [2025-07-27T20:29:50.137+0200] {dag.py:3096} INFO - Sync 1 DAGs
[2025-07-27T20:29:50.160+0200] {logging_mixin.py:188} INFO - [2025-07-27T20:29:50.160+0200] {dag.py:3954} INFO - Setting next_dagrun for example_weekday_branch_operator to 2025-07-26 00:00:00+00:00, run_after=2025-07-27 00:00:00+00:00
[2025-07-27T20:29:50.191+0200] {processor.py:183} INFO - Processing /home/leoja/airflow/airflow_venv/lib/python3.12/site-packages/airflow/example_dags/example_branch_day_of_week_operator.py took 0.090 seconds
[2025-07-27T20:31:03.028+0200] {processor.py:161} INFO - Started process (PID=19530) to work on /home/leoja/airflow/airflow_venv/lib/python3.12/site-packages/airflow/example_dags/example_branch_day_of_week_operator.py
[2025-07-27T20:31:03.029+0200] {processor.py:830} INFO - Processing file /home/leoja/airflow/airflow_venv/lib/python3.12/site-packages/airflow/example_dags/example_branch_day_of_week_operator.py for tasks to queue
[2025-07-27T20:31:03.031+0200] {logging_mixin.py:188} INFO - [2025-07-27T20:31:03.030+0200] {dagbag.py:540} INFO - Filling up the DagBag from /home/leoja/airflow/airflow_venv/lib/python3.12/site-packages/airflow/example_dags/example_branch_day_of_week_operator.py
[2025-07-27T20:31:03.038+0200] {processor.py:840} INFO - DAG(s) 'example_weekday_branch_operator' retrieved from /home/leoja/airflow/airflow_venv/lib/python3.12/site-packages/airflow/example_dags/example_branch_day_of_week_operator.py
[2025-07-27T20:31:03.051+0200] {logging_mixin.py:188} INFO - [2025-07-27T20:31:03.051+0200] {dag.py:3096} INFO - Sync 1 DAGs
[2025-07-27T20:31:03.066+0200] {logging_mixin.py:188} INFO - [2025-07-27T20:31:03.066+0200] {dag.py:3954} INFO - Setting next_dagrun for example_weekday_branch_operator to 2025-07-26 00:00:00+00:00, run_after=2025-07-27 00:00:00+00:00
[2025-07-27T20:31:03.091+0200] {processor.py:183} INFO - Processing /home/leoja/airflow/airflow_venv/lib/python3.12/site-packages/airflow/example_dags/example_branch_day_of_week_operator.py took 0.068 seconds
[2025-07-27T20:32:14.304+0200] {processor.py:161} INFO - Started process (PID=20438) to work on /home/leoja/airflow/airflow_venv/lib/python3.12/site-packages/airflow/example_dags/example_branch_day_of_week_operator.py
[2025-07-27T20:32:14.306+0200] {processor.py:830} INFO - Processing file /home/leoja/airflow/airflow_venv/lib/python3.12/site-packages/airflow/example_dags/example_branch_day_of_week_operator.py for tasks to queue
[2025-07-27T20:32:14.309+0200] {logging_mixin.py:188} INFO - [2025-07-27T20:32:14.308+0200] {dagbag.py:540} INFO - Filling up the DagBag from /home/leoja/airflow/airflow_venv/lib/python3.12/site-packages/airflow/example_dags/example_branch_day_of_week_operator.py
[2025-07-27T20:32:14.321+0200] {processor.py:840} INFO - DAG(s) 'example_weekday_branch_operator' retrieved from /home/leoja/airflow/airflow_venv/lib/python3.12/site-packages/airflow/example_dags/example_branch_day_of_week_operator.py
[2025-07-27T20:32:14.346+0200] {logging_mixin.py:188} INFO - [2025-07-27T20:32:14.345+0200] {dag.py:3096} INFO - Sync 1 DAGs
[2025-07-27T20:32:14.373+0200] {logging_mixin.py:188} INFO - [2025-07-27T20:32:14.373+0200] {dag.py:3954} INFO - Setting next_dagrun for example_weekday_branch_operator to 2025-07-26 00:00:00+00:00, run_after=2025-07-27 00:00:00+00:00
[2025-07-27T20:32:14.403+0200] {processor.py:183} INFO - Processing /home/leoja/airflow/airflow_venv/lib/python3.12/site-packages/airflow/example_dags/example_branch_day_of_week_operator.py took 0.108 seconds
[2025-07-27T20:33:31.551+0200] {processor.py:161} INFO - Started process (PID=20855) to work on /home/leoja/airflow/airflow_venv/lib/python3.12/site-packages/airflow/example_dags/example_branch_day_of_week_operator.py
[2025-07-27T20:33:31.553+0200] {processor.py:830} INFO - Processing file /home/leoja/airflow/airflow_venv/lib/python3.12/site-packages/airflow/example_dags/example_branch_day_of_week_operator.py for tasks to queue
[2025-07-27T20:33:31.555+0200] {logging_mixin.py:188} INFO - [2025-07-27T20:33:31.554+0200] {dagbag.py:540} INFO - Filling up the DagBag from /home/leoja/airflow/airflow_venv/lib/python3.12/site-packages/airflow/example_dags/example_branch_day_of_week_operator.py
[2025-07-27T20:33:31.560+0200] {processor.py:840} INFO - DAG(s) 'example_weekday_branch_operator' retrieved from /home/leoja/airflow/airflow_venv/lib/python3.12/site-packages/airflow/example_dags/example_branch_day_of_week_operator.py
[2025-07-27T20:33:31.574+0200] {logging_mixin.py:188} INFO - [2025-07-27T20:33:31.574+0200] {dag.py:3096} INFO - Sync 1 DAGs
[2025-07-27T20:33:31.589+0200] {logging_mixin.py:188} INFO - [2025-07-27T20:33:31.589+0200] {dag.py:3954} INFO - Setting next_dagrun for example_weekday_branch_operator to 2025-07-26 00:00:00+00:00, run_after=2025-07-27 00:00:00+00:00
[2025-07-27T20:33:31.607+0200] {processor.py:183} INFO - Processing /home/leoja/airflow/airflow_venv/lib/python3.12/site-packages/airflow/example_dags/example_branch_day_of_week_operator.py took 0.062 seconds
[2025-07-27T20:34:44.956+0200] {processor.py:161} INFO - Started process (PID=21258) to work on /home/leoja/airflow/airflow_venv/lib/python3.12/site-packages/airflow/example_dags/example_branch_day_of_week_operator.py
[2025-07-27T20:34:44.957+0200] {processor.py:830} INFO - Processing file /home/leoja/airflow/airflow_venv/lib/python3.12/site-packages/airflow/example_dags/example_branch_day_of_week_operator.py for tasks to queue
[2025-07-27T20:34:44.959+0200] {logging_mixin.py:188} INFO - [2025-07-27T20:34:44.958+0200] {dagbag.py:540} INFO - Filling up the DagBag from /home/leoja/airflow/airflow_venv/lib/python3.12/site-packages/airflow/example_dags/example_branch_day_of_week_operator.py
[2025-07-27T20:34:44.965+0200] {processor.py:840} INFO - DAG(s) 'example_weekday_branch_operator' retrieved from /home/leoja/airflow/airflow_venv/lib/python3.12/site-packages/airflow/example_dags/example_branch_day_of_week_operator.py
[2025-07-27T20:34:44.979+0200] {logging_mixin.py:188} INFO - [2025-07-27T20:34:44.978+0200] {dag.py:3096} INFO - Sync 1 DAGs
[2025-07-27T20:34:44.993+0200] {logging_mixin.py:188} INFO - [2025-07-27T20:34:44.993+0200] {dag.py:3954} INFO - Setting next_dagrun for example_weekday_branch_operator to 2025-07-26 00:00:00+00:00, run_after=2025-07-27 00:00:00+00:00
[2025-07-27T20:34:45.012+0200] {processor.py:183} INFO - Processing /home/leoja/airflow/airflow_venv/lib/python3.12/site-packages/airflow/example_dags/example_branch_day_of_week_operator.py took 0.060 seconds
[2025-07-27T20:35:54.711+0200] {processor.py:161} INFO - Started process (PID=21639) to work on /home/leoja/airflow/airflow_venv/lib/python3.12/site-packages/airflow/example_dags/example_branch_day_of_week_operator.py
[2025-07-27T20:35:54.713+0200] {processor.py:830} INFO - Processing file /home/leoja/airflow/airflow_venv/lib/python3.12/site-packages/airflow/example_dags/example_branch_day_of_week_operator.py for tasks to queue
[2025-07-27T20:35:54.715+0200] {logging_mixin.py:188} INFO - [2025-07-27T20:35:54.715+0200] {dagbag.py:540} INFO - Filling up the DagBag from /home/leoja/airflow/airflow_venv/lib/python3.12/site-packages/airflow/example_dags/example_branch_day_of_week_operator.py
[2025-07-27T20:35:54.721+0200] {processor.py:840} INFO - DAG(s) 'example_weekday_branch_operator' retrieved from /home/leoja/airflow/airflow_venv/lib/python3.12/site-packages/airflow/example_dags/example_branch_day_of_week_operator.py
[2025-07-27T20:35:54.742+0200] {logging_mixin.py:188} INFO - [2025-07-27T20:35:54.742+0200] {dag.py:3096} INFO - Sync 1 DAGs
[2025-07-27T20:35:54.759+0200] {logging_mixin.py:188} INFO - [2025-07-27T20:35:54.759+0200] {dag.py:3954} INFO - Setting next_dagrun for example_weekday_branch_operator to 2025-07-26 00:00:00+00:00, run_after=2025-07-27 00:00:00+00:00
[2025-07-27T20:35:54.786+0200] {processor.py:183} INFO - Processing /home/leoja/airflow/airflow_venv/lib/python3.12/site-packages/airflow/example_dags/example_branch_day_of_week_operator.py took 0.081 seconds
[2025-07-27T20:37:02.672+0200] {processor.py:161} INFO - Started process (PID=22019) to work on /home/leoja/airflow/airflow_venv/lib/python3.12/site-packages/airflow/example_dags/example_branch_day_of_week_operator.py
[2025-07-27T20:37:02.673+0200] {processor.py:830} INFO - Processing file /home/leoja/airflow/airflow_venv/lib/python3.12/site-packages/airflow/example_dags/example_branch_day_of_week_operator.py for tasks to queue
[2025-07-27T20:37:02.675+0200] {logging_mixin.py:188} INFO - [2025-07-27T20:37:02.674+0200] {dagbag.py:540} INFO - Filling up the DagBag from /home/leoja/airflow/airflow_venv/lib/python3.12/site-packages/airflow/example_dags/example_branch_day_of_week_operator.py
[2025-07-27T20:37:02.680+0200] {processor.py:840} INFO - DAG(s) 'example_weekday_branch_operator' retrieved from /home/leoja/airflow/airflow_venv/lib/python3.12/site-packages/airflow/example_dags/example_branch_day_of_week_operator.py
[2025-07-27T20:37:02.692+0200] {logging_mixin.py:188} INFO - [2025-07-27T20:37:02.692+0200] {dag.py:3096} INFO - Sync 1 DAGs
[2025-07-27T20:37:02.707+0200] {logging_mixin.py:188} INFO - [2025-07-27T20:37:02.707+0200] {dag.py:3954} INFO - Setting next_dagrun for example_weekday_branch_operator to 2025-07-26 00:00:00+00:00, run_after=2025-07-27 00:00:00+00:00
[2025-07-27T20:37:02.724+0200] {processor.py:183} INFO - Processing /home/leoja/airflow/airflow_venv/lib/python3.12/site-packages/airflow/example_dags/example_branch_day_of_week_operator.py took 0.058 seconds
[2025-07-27T20:38:16.182+0200] {processor.py:161} INFO - Started process (PID=22431) to work on /home/leoja/airflow/airflow_venv/lib/python3.12/site-packages/airflow/example_dags/example_branch_day_of_week_operator.py
[2025-07-27T20:38:16.183+0200] {processor.py:830} INFO - Processing file /home/leoja/airflow/airflow_venv/lib/python3.12/site-packages/airflow/example_dags/example_branch_day_of_week_operator.py for tasks to queue
[2025-07-27T20:38:16.186+0200] {logging_mixin.py:188} INFO - [2025-07-27T20:38:16.185+0200] {dagbag.py:540} INFO - Filling up the DagBag from /home/leoja/airflow/airflow_venv/lib/python3.12/site-packages/airflow/example_dags/example_branch_day_of_week_operator.py
[2025-07-27T20:38:16.194+0200] {processor.py:840} INFO - DAG(s) 'example_weekday_branch_operator' retrieved from /home/leoja/airflow/airflow_venv/lib/python3.12/site-packages/airflow/example_dags/example_branch_day_of_week_operator.py
[2025-07-27T20:38:16.210+0200] {logging_mixin.py:188} INFO - [2025-07-27T20:38:16.210+0200] {dag.py:3096} INFO - Sync 1 DAGs
[2025-07-27T20:38:16.227+0200] {logging_mixin.py:188} INFO - [2025-07-27T20:38:16.227+0200] {dag.py:3954} INFO - Setting next_dagrun for example_weekday_branch_operator to 2025-07-26 00:00:00+00:00, run_after=2025-07-27 00:00:00+00:00
[2025-07-27T20:38:16.250+0200] {processor.py:183} INFO - Processing /home/leoja/airflow/airflow_venv/lib/python3.12/site-packages/airflow/example_dags/example_branch_day_of_week_operator.py took 0.075 seconds
