[2025-07-27T19:41:01.753+0200] {processor.py:161} INFO - Started process (PID=2471) to work on /home/leoja/airflow/airflow_venv/lib/python3.12/site-packages/airflow/example_dags/example_latest_only.py
[2025-07-27T19:41:01.754+0200] {processor.py:830} INFO - Processing file /home/leoja/airflow/airflow_venv/lib/python3.12/site-packages/airflow/example_dags/example_latest_only.py for tasks to queue
[2025-07-27T19:41:01.757+0200] {logging_mixin.py:188} INFO - [2025-07-27T19:41:01.757+0200] {dagbag.py:540} INFO - Filling up the DagBag from /home/leoja/airflow/airflow_venv/lib/python3.12/site-packages/airflow/example_dags/example_latest_only.py
[2025-07-27T19:41:01.766+0200] {processor.py:840} INFO - DAG(s) 'latest_only' retrieved from /home/leoja/airflow/airflow_venv/lib/python3.12/site-packages/airflow/example_dags/example_latest_only.py
[2025-07-27T19:41:01.869+0200] {logging_mixin.py:188} INFO - [2025-07-27T19:41:01.868+0200] {dag.py:3096} INFO - Sync 1 DAGs
[2025-07-27T19:41:01.887+0200] {logging_mixin.py:188} INFO - [2025-07-27T19:41:01.887+0200] {dag.py:3954} INFO - Setting next_dagrun for latest_only to 2025-07-27 12:00:00+00:00, run_after=2025-07-27 16:00:00+00:00
[2025-07-27T19:41:01.920+0200] {processor.py:183} INFO - Processing /home/leoja/airflow/airflow_venv/lib/python3.12/site-packages/airflow/example_dags/example_latest_only.py took 0.175 seconds
[2025-07-27T19:42:00.309+0200] {processor.py:161} INFO - Started process (PID=3222) to work on /home/leoja/airflow/airflow_venv/lib/python3.12/site-packages/airflow/example_dags/example_latest_only.py
[2025-07-27T19:42:00.310+0200] {processor.py:830} INFO - Processing file /home/leoja/airflow/airflow_venv/lib/python3.12/site-packages/airflow/example_dags/example_latest_only.py for tasks to queue
[2025-07-27T19:42:00.312+0200] {logging_mixin.py:188} INFO - [2025-07-27T19:42:00.312+0200] {dagbag.py:540} INFO - Filling up the DagBag from /home/leoja/airflow/airflow_venv/lib/python3.12/site-packages/airflow/example_dags/example_latest_only.py
[2025-07-27T19:42:00.320+0200] {processor.py:840} INFO - DAG(s) 'latest_only' retrieved from /home/leoja/airflow/airflow_venv/lib/python3.12/site-packages/airflow/example_dags/example_latest_only.py
[2025-07-27T19:42:00.334+0200] {logging_mixin.py:188} INFO - [2025-07-27T19:42:00.333+0200] {dag.py:3096} INFO - Sync 1 DAGs
[2025-07-27T19:42:00.349+0200] {logging_mixin.py:188} INFO - [2025-07-27T19:42:00.348+0200] {dag.py:3954} INFO - Setting next_dagrun for latest_only to 2025-07-27 12:00:00+00:00, run_after=2025-07-27 16:00:00+00:00
[2025-07-27T19:42:00.367+0200] {processor.py:183} INFO - Processing /home/leoja/airflow/airflow_venv/lib/python3.12/site-packages/airflow/example_dags/example_latest_only.py took 0.063 seconds
[2025-07-27T19:42:54.946+0200] {processor.py:161} INFO - Started process (PID=3425) to work on /home/leoja/airflow/airflow_venv/lib/python3.12/site-packages/airflow/example_dags/example_latest_only.py
[2025-07-27T19:42:54.947+0200] {processor.py:830} INFO - Processing file /home/leoja/airflow/airflow_venv/lib/python3.12/site-packages/airflow/example_dags/example_latest_only.py for tasks to queue
[2025-07-27T19:42:54.949+0200] {logging_mixin.py:188} INFO - [2025-07-27T19:42:54.949+0200] {dagbag.py:540} INFO - Filling up the DagBag from /home/leoja/airflow/airflow_venv/lib/python3.12/site-packages/airflow/example_dags/example_latest_only.py
[2025-07-27T19:42:54.954+0200] {processor.py:840} INFO - DAG(s) 'latest_only' retrieved from /home/leoja/airflow/airflow_venv/lib/python3.12/site-packages/airflow/example_dags/example_latest_only.py
[2025-07-27T19:42:54.972+0200] {logging_mixin.py:188} INFO - [2025-07-27T19:42:54.971+0200] {dag.py:3096} INFO - Sync 1 DAGs
[2025-07-27T19:42:54.990+0200] {logging_mixin.py:188} INFO - [2025-07-27T19:42:54.990+0200] {dag.py:3954} INFO - Setting next_dagrun for latest_only to 2025-07-27 12:00:00+00:00, run_after=2025-07-27 16:00:00+00:00
[2025-07-27T19:42:55.015+0200] {processor.py:183} INFO - Processing /home/leoja/airflow/airflow_venv/lib/python3.12/site-packages/airflow/example_dags/example_latest_only.py took 0.076 seconds
[2025-07-27T19:43:51.099+0200] {processor.py:161} INFO - Started process (PID=3778) to work on /home/leoja/airflow/airflow_venv/lib/python3.12/site-packages/airflow/example_dags/example_latest_only.py
[2025-07-27T19:43:51.101+0200] {processor.py:830} INFO - Processing file /home/leoja/airflow/airflow_venv/lib/python3.12/site-packages/airflow/example_dags/example_latest_only.py for tasks to queue
[2025-07-27T19:43:51.111+0200] {logging_mixin.py:188} INFO - [2025-07-27T19:43:51.110+0200] {dagbag.py:540} INFO - Filling up the DagBag from /home/leoja/airflow/airflow_venv/lib/python3.12/site-packages/airflow/example_dags/example_latest_only.py
[2025-07-27T19:43:51.122+0200] {processor.py:840} INFO - DAG(s) 'latest_only' retrieved from /home/leoja/airflow/airflow_venv/lib/python3.12/site-packages/airflow/example_dags/example_latest_only.py
[2025-07-27T19:43:51.164+0200] {logging_mixin.py:188} INFO - [2025-07-27T19:43:51.163+0200] {dag.py:3096} INFO - Sync 1 DAGs
[2025-07-27T19:43:51.215+0200] {logging_mixin.py:188} INFO - [2025-07-27T19:43:51.214+0200] {dag.py:3954} INFO - Setting next_dagrun for latest_only to 2025-07-27 12:00:00+00:00, run_after=2025-07-27 16:00:00+00:00
[2025-07-27T19:43:51.278+0200] {processor.py:183} INFO - Processing /home/leoja/airflow/airflow_venv/lib/python3.12/site-packages/airflow/example_dags/example_latest_only.py took 0.187 seconds
[2025-07-27T19:44:43.804+0200] {processor.py:161} INFO - Started process (PID=4065) to work on /home/leoja/airflow/airflow_venv/lib/python3.12/site-packages/airflow/example_dags/example_latest_only.py
[2025-07-27T19:44:43.806+0200] {processor.py:830} INFO - Processing file /home/leoja/airflow/airflow_venv/lib/python3.12/site-packages/airflow/example_dags/example_latest_only.py for tasks to queue
[2025-07-27T19:44:43.808+0200] {logging_mixin.py:188} INFO - [2025-07-27T19:44:43.808+0200] {dagbag.py:540} INFO - Filling up the DagBag from /home/leoja/airflow/airflow_venv/lib/python3.12/site-packages/airflow/example_dags/example_latest_only.py
[2025-07-27T19:44:43.814+0200] {processor.py:840} INFO - DAG(s) 'latest_only' retrieved from /home/leoja/airflow/airflow_venv/lib/python3.12/site-packages/airflow/example_dags/example_latest_only.py
[2025-07-27T19:44:43.837+0200] {logging_mixin.py:188} INFO - [2025-07-27T19:44:43.837+0200] {dag.py:3096} INFO - Sync 1 DAGs
[2025-07-27T19:44:43.858+0200] {logging_mixin.py:188} INFO - [2025-07-27T19:44:43.858+0200] {dag.py:3954} INFO - Setting next_dagrun for latest_only to 2025-07-27 12:00:00+00:00, run_after=2025-07-27 16:00:00+00:00
[2025-07-27T19:44:43.886+0200] {processor.py:183} INFO - Processing /home/leoja/airflow/airflow_venv/lib/python3.12/site-packages/airflow/example_dags/example_latest_only.py took 0.092 seconds
[2025-07-27T19:45:33.397+0200] {processor.py:161} INFO - Started process (PID=4391) to work on /home/leoja/airflow/airflow_venv/lib/python3.12/site-packages/airflow/example_dags/example_latest_only.py
[2025-07-27T19:45:33.398+0200] {processor.py:830} INFO - Processing file /home/leoja/airflow/airflow_venv/lib/python3.12/site-packages/airflow/example_dags/example_latest_only.py for tasks to queue
[2025-07-27T19:45:33.400+0200] {logging_mixin.py:188} INFO - [2025-07-27T19:45:33.400+0200] {dagbag.py:540} INFO - Filling up the DagBag from /home/leoja/airflow/airflow_venv/lib/python3.12/site-packages/airflow/example_dags/example_latest_only.py
[2025-07-27T19:45:33.405+0200] {processor.py:840} INFO - DAG(s) 'latest_only' retrieved from /home/leoja/airflow/airflow_venv/lib/python3.12/site-packages/airflow/example_dags/example_latest_only.py
[2025-07-27T19:45:33.419+0200] {logging_mixin.py:188} INFO - [2025-07-27T19:45:33.418+0200] {dag.py:3096} INFO - Sync 1 DAGs
[2025-07-27T19:45:33.436+0200] {logging_mixin.py:188} INFO - [2025-07-27T19:45:33.436+0200] {dag.py:3954} INFO - Setting next_dagrun for latest_only to 2025-07-27 12:00:00+00:00, run_after=2025-07-27 16:00:00+00:00
[2025-07-27T19:45:33.460+0200] {processor.py:183} INFO - Processing /home/leoja/airflow/airflow_venv/lib/python3.12/site-packages/airflow/example_dags/example_latest_only.py took 0.068 seconds
[2025-07-27T19:46:21.029+0200] {processor.py:161} INFO - Started process (PID=4678) to work on /home/leoja/airflow/airflow_venv/lib/python3.12/site-packages/airflow/example_dags/example_latest_only.py
[2025-07-27T19:46:21.031+0200] {processor.py:830} INFO - Processing file /home/leoja/airflow/airflow_venv/lib/python3.12/site-packages/airflow/example_dags/example_latest_only.py for tasks to queue
[2025-07-27T19:46:21.033+0200] {logging_mixin.py:188} INFO - [2025-07-27T19:46:21.033+0200] {dagbag.py:540} INFO - Filling up the DagBag from /home/leoja/airflow/airflow_venv/lib/python3.12/site-packages/airflow/example_dags/example_latest_only.py
[2025-07-27T19:46:21.043+0200] {processor.py:840} INFO - DAG(s) 'latest_only' retrieved from /home/leoja/airflow/airflow_venv/lib/python3.12/site-packages/airflow/example_dags/example_latest_only.py
[2025-07-27T19:46:21.067+0200] {logging_mixin.py:188} INFO - [2025-07-27T19:46:21.066+0200] {dag.py:3096} INFO - Sync 1 DAGs
[2025-07-27T19:46:21.088+0200] {logging_mixin.py:188} INFO - [2025-07-27T19:46:21.087+0200] {dag.py:3954} INFO - Setting next_dagrun for latest_only to 2025-07-27 12:00:00+00:00, run_after=2025-07-27 16:00:00+00:00
[2025-07-27T19:46:21.121+0200] {processor.py:183} INFO - Processing /home/leoja/airflow/airflow_venv/lib/python3.12/site-packages/airflow/example_dags/example_latest_only.py took 0.101 seconds
[2025-07-27T19:47:09.488+0200] {processor.py:161} INFO - Started process (PID=4941) to work on /home/leoja/airflow/airflow_venv/lib/python3.12/site-packages/airflow/example_dags/example_latest_only.py
[2025-07-27T19:47:09.493+0200] {processor.py:830} INFO - Processing file /home/leoja/airflow/airflow_venv/lib/python3.12/site-packages/airflow/example_dags/example_latest_only.py for tasks to queue
[2025-07-27T19:47:09.495+0200] {logging_mixin.py:188} INFO - [2025-07-27T19:47:09.494+0200] {dagbag.py:540} INFO - Filling up the DagBag from /home/leoja/airflow/airflow_venv/lib/python3.12/site-packages/airflow/example_dags/example_latest_only.py
[2025-07-27T19:47:09.499+0200] {processor.py:840} INFO - DAG(s) 'latest_only' retrieved from /home/leoja/airflow/airflow_venv/lib/python3.12/site-packages/airflow/example_dags/example_latest_only.py
[2025-07-27T19:47:09.511+0200] {logging_mixin.py:188} INFO - [2025-07-27T19:47:09.511+0200] {dag.py:3096} INFO - Sync 1 DAGs
[2025-07-27T19:47:09.526+0200] {logging_mixin.py:188} INFO - [2025-07-27T19:47:09.526+0200] {dag.py:3954} INFO - Setting next_dagrun for latest_only to 2025-07-27 12:00:00+00:00, run_after=2025-07-27 16:00:00+00:00
[2025-07-27T19:47:09.549+0200] {processor.py:183} INFO - Processing /home/leoja/airflow/airflow_venv/lib/python3.12/site-packages/airflow/example_dags/example_latest_only.py took 0.067 seconds
[2025-07-27T19:47:55.485+0200] {processor.py:161} INFO - Started process (PID=5194) to work on /home/leoja/airflow/airflow_venv/lib/python3.12/site-packages/airflow/example_dags/example_latest_only.py
[2025-07-27T19:47:55.487+0200] {processor.py:830} INFO - Processing file /home/leoja/airflow/airflow_venv/lib/python3.12/site-packages/airflow/example_dags/example_latest_only.py for tasks to queue
[2025-07-27T19:47:55.488+0200] {logging_mixin.py:188} INFO - [2025-07-27T19:47:55.488+0200] {dagbag.py:540} INFO - Filling up the DagBag from /home/leoja/airflow/airflow_venv/lib/python3.12/site-packages/airflow/example_dags/example_latest_only.py
[2025-07-27T19:47:55.493+0200] {processor.py:840} INFO - DAG(s) 'latest_only' retrieved from /home/leoja/airflow/airflow_venv/lib/python3.12/site-packages/airflow/example_dags/example_latest_only.py
[2025-07-27T19:47:55.507+0200] {logging_mixin.py:188} INFO - [2025-07-27T19:47:55.507+0200] {dag.py:3096} INFO - Sync 1 DAGs
[2025-07-27T19:47:55.522+0200] {logging_mixin.py:188} INFO - [2025-07-27T19:47:55.522+0200] {dag.py:3954} INFO - Setting next_dagrun for latest_only to 2025-07-27 12:00:00+00:00, run_after=2025-07-27 16:00:00+00:00
[2025-07-27T19:47:55.553+0200] {processor.py:183} INFO - Processing /home/leoja/airflow/airflow_venv/lib/python3.12/site-packages/airflow/example_dags/example_latest_only.py took 0.074 seconds
[2025-07-27T19:48:45.206+0200] {processor.py:161} INFO - Started process (PID=5466) to work on /home/leoja/airflow/airflow_venv/lib/python3.12/site-packages/airflow/example_dags/example_latest_only.py
[2025-07-27T19:48:45.208+0200] {processor.py:830} INFO - Processing file /home/leoja/airflow/airflow_venv/lib/python3.12/site-packages/airflow/example_dags/example_latest_only.py for tasks to queue
[2025-07-27T19:48:45.209+0200] {logging_mixin.py:188} INFO - [2025-07-27T19:48:45.209+0200] {dagbag.py:540} INFO - Filling up the DagBag from /home/leoja/airflow/airflow_venv/lib/python3.12/site-packages/airflow/example_dags/example_latest_only.py
[2025-07-27T19:48:45.216+0200] {processor.py:840} INFO - DAG(s) 'latest_only' retrieved from /home/leoja/airflow/airflow_venv/lib/python3.12/site-packages/airflow/example_dags/example_latest_only.py
[2025-07-27T19:48:45.230+0200] {logging_mixin.py:188} INFO - [2025-07-27T19:48:45.229+0200] {dag.py:3096} INFO - Sync 1 DAGs
[2025-07-27T19:48:45.245+0200] {logging_mixin.py:188} INFO - [2025-07-27T19:48:45.245+0200] {dag.py:3954} INFO - Setting next_dagrun for latest_only to 2025-07-27 12:00:00+00:00, run_after=2025-07-27 16:00:00+00:00
[2025-07-27T19:48:45.269+0200] {processor.py:183} INFO - Processing /home/leoja/airflow/airflow_venv/lib/python3.12/site-packages/airflow/example_dags/example_latest_only.py took 0.070 seconds
[2025-07-27T19:49:35.502+0200] {processor.py:161} INFO - Started process (PID=5741) to work on /home/leoja/airflow/airflow_venv/lib/python3.12/site-packages/airflow/example_dags/example_latest_only.py
[2025-07-27T19:49:35.503+0200] {processor.py:830} INFO - Processing file /home/leoja/airflow/airflow_venv/lib/python3.12/site-packages/airflow/example_dags/example_latest_only.py for tasks to queue
[2025-07-27T19:49:35.505+0200] {logging_mixin.py:188} INFO - [2025-07-27T19:49:35.505+0200] {dagbag.py:540} INFO - Filling up the DagBag from /home/leoja/airflow/airflow_venv/lib/python3.12/site-packages/airflow/example_dags/example_latest_only.py
[2025-07-27T19:49:35.510+0200] {processor.py:840} INFO - DAG(s) 'latest_only' retrieved from /home/leoja/airflow/airflow_venv/lib/python3.12/site-packages/airflow/example_dags/example_latest_only.py
[2025-07-27T19:49:35.531+0200] {logging_mixin.py:188} INFO - [2025-07-27T19:49:35.531+0200] {dag.py:3096} INFO - Sync 1 DAGs
[2025-07-27T19:49:35.547+0200] {logging_mixin.py:188} INFO - [2025-07-27T19:49:35.547+0200] {dag.py:3954} INFO - Setting next_dagrun for latest_only to 2025-07-27 12:00:00+00:00, run_after=2025-07-27 16:00:00+00:00
[2025-07-27T19:49:35.571+0200] {processor.py:183} INFO - Processing /home/leoja/airflow/airflow_venv/lib/python3.12/site-packages/airflow/example_dags/example_latest_only.py took 0.074 seconds
[2025-07-27T19:50:23.707+0200] {processor.py:161} INFO - Started process (PID=6046) to work on /home/leoja/airflow/airflow_venv/lib/python3.12/site-packages/airflow/example_dags/example_latest_only.py
[2025-07-27T19:50:23.709+0200] {processor.py:830} INFO - Processing file /home/leoja/airflow/airflow_venv/lib/python3.12/site-packages/airflow/example_dags/example_latest_only.py for tasks to queue
[2025-07-27T19:50:23.710+0200] {logging_mixin.py:188} INFO - [2025-07-27T19:50:23.710+0200] {dagbag.py:540} INFO - Filling up the DagBag from /home/leoja/airflow/airflow_venv/lib/python3.12/site-packages/airflow/example_dags/example_latest_only.py
[2025-07-27T19:50:23.717+0200] {processor.py:840} INFO - DAG(s) 'latest_only' retrieved from /home/leoja/airflow/airflow_venv/lib/python3.12/site-packages/airflow/example_dags/example_latest_only.py
[2025-07-27T19:50:23.730+0200] {logging_mixin.py:188} INFO - [2025-07-27T19:50:23.730+0200] {dag.py:3096} INFO - Sync 1 DAGs
[2025-07-27T19:50:23.755+0200] {logging_mixin.py:188} INFO - [2025-07-27T19:50:23.755+0200] {dag.py:3954} INFO - Setting next_dagrun for latest_only to 2025-07-27 12:00:00+00:00, run_after=2025-07-27 16:00:00+00:00
[2025-07-27T19:50:23.779+0200] {processor.py:183} INFO - Processing /home/leoja/airflow/airflow_venv/lib/python3.12/site-packages/airflow/example_dags/example_latest_only.py took 0.076 seconds
[2025-07-27T19:51:14.038+0200] {processor.py:161} INFO - Started process (PID=6318) to work on /home/leoja/airflow/airflow_venv/lib/python3.12/site-packages/airflow/example_dags/example_latest_only.py
[2025-07-27T19:51:14.040+0200] {processor.py:830} INFO - Processing file /home/leoja/airflow/airflow_venv/lib/python3.12/site-packages/airflow/example_dags/example_latest_only.py for tasks to queue
[2025-07-27T19:51:14.041+0200] {logging_mixin.py:188} INFO - [2025-07-27T19:51:14.041+0200] {dagbag.py:540} INFO - Filling up the DagBag from /home/leoja/airflow/airflow_venv/lib/python3.12/site-packages/airflow/example_dags/example_latest_only.py
[2025-07-27T19:51:14.048+0200] {processor.py:840} INFO - DAG(s) 'latest_only' retrieved from /home/leoja/airflow/airflow_venv/lib/python3.12/site-packages/airflow/example_dags/example_latest_only.py
[2025-07-27T19:51:14.061+0200] {logging_mixin.py:188} INFO - [2025-07-27T19:51:14.061+0200] {dag.py:3096} INFO - Sync 1 DAGs
[2025-07-27T19:51:14.077+0200] {logging_mixin.py:188} INFO - [2025-07-27T19:51:14.077+0200] {dag.py:3954} INFO - Setting next_dagrun for latest_only to 2025-07-27 12:00:00+00:00, run_after=2025-07-27 16:00:00+00:00
[2025-07-27T19:51:14.105+0200] {processor.py:183} INFO - Processing /home/leoja/airflow/airflow_venv/lib/python3.12/site-packages/airflow/example_dags/example_latest_only.py took 0.074 seconds
[2025-07-27T19:52:05.297+0200] {processor.py:161} INFO - Started process (PID=6615) to work on /home/leoja/airflow/airflow_venv/lib/python3.12/site-packages/airflow/example_dags/example_latest_only.py
[2025-07-27T19:52:05.299+0200] {processor.py:830} INFO - Processing file /home/leoja/airflow/airflow_venv/lib/python3.12/site-packages/airflow/example_dags/example_latest_only.py for tasks to queue
[2025-07-27T19:52:05.300+0200] {logging_mixin.py:188} INFO - [2025-07-27T19:52:05.300+0200] {dagbag.py:540} INFO - Filling up the DagBag from /home/leoja/airflow/airflow_venv/lib/python3.12/site-packages/airflow/example_dags/example_latest_only.py
[2025-07-27T19:52:05.305+0200] {processor.py:840} INFO - DAG(s) 'latest_only' retrieved from /home/leoja/airflow/airflow_venv/lib/python3.12/site-packages/airflow/example_dags/example_latest_only.py
[2025-07-27T19:52:05.319+0200] {logging_mixin.py:188} INFO - [2025-07-27T19:52:05.319+0200] {dag.py:3096} INFO - Sync 1 DAGs
[2025-07-27T19:52:05.334+0200] {logging_mixin.py:188} INFO - [2025-07-27T19:52:05.334+0200] {dag.py:3954} INFO - Setting next_dagrun for latest_only to 2025-07-27 12:00:00+00:00, run_after=2025-07-27 16:00:00+00:00
[2025-07-27T19:52:05.360+0200] {processor.py:183} INFO - Processing /home/leoja/airflow/airflow_venv/lib/python3.12/site-packages/airflow/example_dags/example_latest_only.py took 0.068 seconds
[2025-07-27T19:52:51.985+0200] {processor.py:161} INFO - Started process (PID=6866) to work on /home/leoja/airflow/airflow_venv/lib/python3.12/site-packages/airflow/example_dags/example_latest_only.py
[2025-07-27T19:52:51.987+0200] {processor.py:830} INFO - Processing file /home/leoja/airflow/airflow_venv/lib/python3.12/site-packages/airflow/example_dags/example_latest_only.py for tasks to queue
[2025-07-27T19:52:51.989+0200] {logging_mixin.py:188} INFO - [2025-07-27T19:52:51.989+0200] {dagbag.py:540} INFO - Filling up the DagBag from /home/leoja/airflow/airflow_venv/lib/python3.12/site-packages/airflow/example_dags/example_latest_only.py
[2025-07-27T19:52:51.995+0200] {processor.py:840} INFO - DAG(s) 'latest_only' retrieved from /home/leoja/airflow/airflow_venv/lib/python3.12/site-packages/airflow/example_dags/example_latest_only.py
[2025-07-27T19:52:52.009+0200] {logging_mixin.py:188} INFO - [2025-07-27T19:52:52.009+0200] {dag.py:3096} INFO - Sync 1 DAGs
[2025-07-27T19:52:52.024+0200] {logging_mixin.py:188} INFO - [2025-07-27T19:52:52.024+0200] {dag.py:3954} INFO - Setting next_dagrun for latest_only to 2025-07-27 12:00:00+00:00, run_after=2025-07-27 16:00:00+00:00
[2025-07-27T19:52:52.047+0200] {processor.py:183} INFO - Processing /home/leoja/airflow/airflow_venv/lib/python3.12/site-packages/airflow/example_dags/example_latest_only.py took 0.069 seconds
[2025-07-27T19:53:37.950+0200] {processor.py:161} INFO - Started process (PID=7144) to work on /home/leoja/airflow/airflow_venv/lib/python3.12/site-packages/airflow/example_dags/example_latest_only.py
[2025-07-27T19:53:37.952+0200] {processor.py:830} INFO - Processing file /home/leoja/airflow/airflow_venv/lib/python3.12/site-packages/airflow/example_dags/example_latest_only.py for tasks to queue
[2025-07-27T19:53:37.954+0200] {logging_mixin.py:188} INFO - [2025-07-27T19:53:37.954+0200] {dagbag.py:540} INFO - Filling up the DagBag from /home/leoja/airflow/airflow_venv/lib/python3.12/site-packages/airflow/example_dags/example_latest_only.py
[2025-07-27T19:53:37.961+0200] {processor.py:840} INFO - DAG(s) 'latest_only' retrieved from /home/leoja/airflow/airflow_venv/lib/python3.12/site-packages/airflow/example_dags/example_latest_only.py
[2025-07-27T19:53:37.981+0200] {logging_mixin.py:188} INFO - [2025-07-27T19:53:37.980+0200] {dag.py:3096} INFO - Sync 1 DAGs
[2025-07-27T19:53:38.013+0200] {logging_mixin.py:188} INFO - [2025-07-27T19:53:38.013+0200] {dag.py:3954} INFO - Setting next_dagrun for latest_only to 2025-07-27 12:00:00+00:00, run_after=2025-07-27 16:00:00+00:00
[2025-07-27T19:53:38.042+0200] {processor.py:183} INFO - Processing /home/leoja/airflow/airflow_venv/lib/python3.12/site-packages/airflow/example_dags/example_latest_only.py took 0.099 seconds
[2025-07-27T19:54:24.219+0200] {processor.py:161} INFO - Started process (PID=7421) to work on /home/leoja/airflow/airflow_venv/lib/python3.12/site-packages/airflow/example_dags/example_latest_only.py
[2025-07-27T19:54:24.222+0200] {processor.py:830} INFO - Processing file /home/leoja/airflow/airflow_venv/lib/python3.12/site-packages/airflow/example_dags/example_latest_only.py for tasks to queue
[2025-07-27T19:54:24.223+0200] {logging_mixin.py:188} INFO - [2025-07-27T19:54:24.223+0200] {dagbag.py:540} INFO - Filling up the DagBag from /home/leoja/airflow/airflow_venv/lib/python3.12/site-packages/airflow/example_dags/example_latest_only.py
[2025-07-27T19:54:24.229+0200] {processor.py:840} INFO - DAG(s) 'latest_only' retrieved from /home/leoja/airflow/airflow_venv/lib/python3.12/site-packages/airflow/example_dags/example_latest_only.py
[2025-07-27T19:54:24.248+0200] {logging_mixin.py:188} INFO - [2025-07-27T19:54:24.247+0200] {dag.py:3096} INFO - Sync 1 DAGs
[2025-07-27T19:54:24.265+0200] {logging_mixin.py:188} INFO - [2025-07-27T19:54:24.265+0200] {dag.py:3954} INFO - Setting next_dagrun for latest_only to 2025-07-27 12:00:00+00:00, run_after=2025-07-27 16:00:00+00:00
[2025-07-27T19:54:24.290+0200] {processor.py:183} INFO - Processing /home/leoja/airflow/airflow_venv/lib/python3.12/site-packages/airflow/example_dags/example_latest_only.py took 0.077 seconds
[2025-07-27T19:55:12.937+0200] {processor.py:161} INFO - Started process (PID=7689) to work on /home/leoja/airflow/airflow_venv/lib/python3.12/site-packages/airflow/example_dags/example_latest_only.py
[2025-07-27T19:55:12.938+0200] {processor.py:830} INFO - Processing file /home/leoja/airflow/airflow_venv/lib/python3.12/site-packages/airflow/example_dags/example_latest_only.py for tasks to queue
[2025-07-27T19:55:12.940+0200] {logging_mixin.py:188} INFO - [2025-07-27T19:55:12.939+0200] {dagbag.py:540} INFO - Filling up the DagBag from /home/leoja/airflow/airflow_venv/lib/python3.12/site-packages/airflow/example_dags/example_latest_only.py
[2025-07-27T19:55:12.946+0200] {processor.py:840} INFO - DAG(s) 'latest_only' retrieved from /home/leoja/airflow/airflow_venv/lib/python3.12/site-packages/airflow/example_dags/example_latest_only.py
[2025-07-27T19:55:12.962+0200] {logging_mixin.py:188} INFO - [2025-07-27T19:55:12.962+0200] {dag.py:3096} INFO - Sync 1 DAGs
[2025-07-27T19:55:12.980+0200] {logging_mixin.py:188} INFO - [2025-07-27T19:55:12.980+0200] {dag.py:3954} INFO - Setting next_dagrun for latest_only to 2025-07-27 12:00:00+00:00, run_after=2025-07-27 16:00:00+00:00
[2025-07-27T19:55:13.013+0200] {processor.py:183} INFO - Processing /home/leoja/airflow/airflow_venv/lib/python3.12/site-packages/airflow/example_dags/example_latest_only.py took 0.081 seconds
[2025-07-27T19:56:02.566+0200] {processor.py:161} INFO - Started process (PID=7937) to work on /home/leoja/airflow/airflow_venv/lib/python3.12/site-packages/airflow/example_dags/example_latest_only.py
[2025-07-27T19:56:02.567+0200] {processor.py:830} INFO - Processing file /home/leoja/airflow/airflow_venv/lib/python3.12/site-packages/airflow/example_dags/example_latest_only.py for tasks to queue
[2025-07-27T19:56:02.568+0200] {logging_mixin.py:188} INFO - [2025-07-27T19:56:02.568+0200] {dagbag.py:540} INFO - Filling up the DagBag from /home/leoja/airflow/airflow_venv/lib/python3.12/site-packages/airflow/example_dags/example_latest_only.py
[2025-07-27T19:56:02.574+0200] {processor.py:840} INFO - DAG(s) 'latest_only' retrieved from /home/leoja/airflow/airflow_venv/lib/python3.12/site-packages/airflow/example_dags/example_latest_only.py
[2025-07-27T19:56:02.584+0200] {logging_mixin.py:188} INFO - [2025-07-27T19:56:02.584+0200] {dag.py:3096} INFO - Sync 1 DAGs
[2025-07-27T19:56:02.596+0200] {logging_mixin.py:188} INFO - [2025-07-27T19:56:02.596+0200] {dag.py:3954} INFO - Setting next_dagrun for latest_only to 2025-07-27 12:00:00+00:00, run_after=2025-07-27 16:00:00+00:00
[2025-07-27T19:56:02.615+0200] {processor.py:183} INFO - Processing /home/leoja/airflow/airflow_venv/lib/python3.12/site-packages/airflow/example_dags/example_latest_only.py took 0.053 seconds
[2025-07-27T19:56:55.670+0200] {processor.py:161} INFO - Started process (PID=8265) to work on /home/leoja/airflow/airflow_venv/lib/python3.12/site-packages/airflow/example_dags/example_latest_only.py
[2025-07-27T19:56:55.671+0200] {processor.py:830} INFO - Processing file /home/leoja/airflow/airflow_venv/lib/python3.12/site-packages/airflow/example_dags/example_latest_only.py for tasks to queue
[2025-07-27T19:56:55.673+0200] {logging_mixin.py:188} INFO - [2025-07-27T19:56:55.672+0200] {dagbag.py:540} INFO - Filling up the DagBag from /home/leoja/airflow/airflow_venv/lib/python3.12/site-packages/airflow/example_dags/example_latest_only.py
[2025-07-27T19:56:55.678+0200] {processor.py:840} INFO - DAG(s) 'latest_only' retrieved from /home/leoja/airflow/airflow_venv/lib/python3.12/site-packages/airflow/example_dags/example_latest_only.py
[2025-07-27T19:56:55.691+0200] {logging_mixin.py:188} INFO - [2025-07-27T19:56:55.691+0200] {dag.py:3096} INFO - Sync 1 DAGs
[2025-07-27T19:56:55.703+0200] {logging_mixin.py:188} INFO - [2025-07-27T19:56:55.702+0200] {dag.py:3954} INFO - Setting next_dagrun for latest_only to 2025-07-27 12:00:00+00:00, run_after=2025-07-27 16:00:00+00:00
[2025-07-27T19:56:55.816+0200] {processor.py:183} INFO - Processing /home/leoja/airflow/airflow_venv/lib/python3.12/site-packages/airflow/example_dags/example_latest_only.py took 0.150 seconds
[2025-07-27T19:57:49.521+0200] {processor.py:161} INFO - Started process (PID=8538) to work on /home/leoja/airflow/airflow_venv/lib/python3.12/site-packages/airflow/example_dags/example_latest_only.py
[2025-07-27T19:57:49.522+0200] {processor.py:830} INFO - Processing file /home/leoja/airflow/airflow_venv/lib/python3.12/site-packages/airflow/example_dags/example_latest_only.py for tasks to queue
[2025-07-27T19:57:49.524+0200] {logging_mixin.py:188} INFO - [2025-07-27T19:57:49.523+0200] {dagbag.py:540} INFO - Filling up the DagBag from /home/leoja/airflow/airflow_venv/lib/python3.12/site-packages/airflow/example_dags/example_latest_only.py
[2025-07-27T19:57:49.528+0200] {processor.py:840} INFO - DAG(s) 'latest_only' retrieved from /home/leoja/airflow/airflow_venv/lib/python3.12/site-packages/airflow/example_dags/example_latest_only.py
[2025-07-27T19:57:49.540+0200] {logging_mixin.py:188} INFO - [2025-07-27T19:57:49.540+0200] {dag.py:3096} INFO - Sync 1 DAGs
[2025-07-27T19:57:49.552+0200] {logging_mixin.py:188} INFO - [2025-07-27T19:57:49.552+0200] {dag.py:3954} INFO - Setting next_dagrun for latest_only to 2025-07-27 12:00:00+00:00, run_after=2025-07-27 16:00:00+00:00
[2025-07-27T19:57:49.570+0200] {processor.py:183} INFO - Processing /home/leoja/airflow/airflow_venv/lib/python3.12/site-packages/airflow/example_dags/example_latest_only.py took 0.054 seconds
[2025-07-27T19:58:38.028+0200] {processor.py:161} INFO - Started process (PID=8789) to work on /home/leoja/airflow/airflow_venv/lib/python3.12/site-packages/airflow/example_dags/example_latest_only.py
[2025-07-27T19:58:38.029+0200] {processor.py:830} INFO - Processing file /home/leoja/airflow/airflow_venv/lib/python3.12/site-packages/airflow/example_dags/example_latest_only.py for tasks to queue
[2025-07-27T19:58:38.031+0200] {logging_mixin.py:188} INFO - [2025-07-27T19:58:38.030+0200] {dagbag.py:540} INFO - Filling up the DagBag from /home/leoja/airflow/airflow_venv/lib/python3.12/site-packages/airflow/example_dags/example_latest_only.py
[2025-07-27T19:58:38.036+0200] {processor.py:840} INFO - DAG(s) 'latest_only' retrieved from /home/leoja/airflow/airflow_venv/lib/python3.12/site-packages/airflow/example_dags/example_latest_only.py
[2025-07-27T19:58:38.050+0200] {logging_mixin.py:188} INFO - [2025-07-27T19:58:38.050+0200] {dag.py:3096} INFO - Sync 1 DAGs
[2025-07-27T19:58:38.062+0200] {logging_mixin.py:188} INFO - [2025-07-27T19:58:38.062+0200] {dag.py:3954} INFO - Setting next_dagrun for latest_only to 2025-07-27 12:00:00+00:00, run_after=2025-07-27 16:00:00+00:00
[2025-07-27T19:58:38.083+0200] {processor.py:183} INFO - Processing /home/leoja/airflow/airflow_venv/lib/python3.12/site-packages/airflow/example_dags/example_latest_only.py took 0.059 seconds
[2025-07-27T19:59:27.839+0200] {processor.py:161} INFO - Started process (PID=9091) to work on /home/leoja/airflow/airflow_venv/lib/python3.12/site-packages/airflow/example_dags/example_latest_only.py
[2025-07-27T19:59:27.841+0200] {processor.py:830} INFO - Processing file /home/leoja/airflow/airflow_venv/lib/python3.12/site-packages/airflow/example_dags/example_latest_only.py for tasks to queue
[2025-07-27T19:59:27.842+0200] {logging_mixin.py:188} INFO - [2025-07-27T19:59:27.842+0200] {dagbag.py:540} INFO - Filling up the DagBag from /home/leoja/airflow/airflow_venv/lib/python3.12/site-packages/airflow/example_dags/example_latest_only.py
[2025-07-27T19:59:27.847+0200] {processor.py:840} INFO - DAG(s) 'latest_only' retrieved from /home/leoja/airflow/airflow_venv/lib/python3.12/site-packages/airflow/example_dags/example_latest_only.py
[2025-07-27T19:59:27.859+0200] {logging_mixin.py:188} INFO - [2025-07-27T19:59:27.858+0200] {dag.py:3096} INFO - Sync 1 DAGs
[2025-07-27T19:59:27.874+0200] {logging_mixin.py:188} INFO - [2025-07-27T19:59:27.874+0200] {dag.py:3954} INFO - Setting next_dagrun for latest_only to 2025-07-27 12:00:00+00:00, run_after=2025-07-27 16:00:00+00:00
[2025-07-27T19:59:27.891+0200] {processor.py:183} INFO - Processing /home/leoja/airflow/airflow_venv/lib/python3.12/site-packages/airflow/example_dags/example_latest_only.py took 0.056 seconds
[2025-07-27T20:00:19.250+0200] {processor.py:161} INFO - Started process (PID=9367) to work on /home/leoja/airflow/airflow_venv/lib/python3.12/site-packages/airflow/example_dags/example_latest_only.py
[2025-07-27T20:00:19.251+0200] {processor.py:830} INFO - Processing file /home/leoja/airflow/airflow_venv/lib/python3.12/site-packages/airflow/example_dags/example_latest_only.py for tasks to queue
[2025-07-27T20:00:19.253+0200] {logging_mixin.py:188} INFO - [2025-07-27T20:00:19.253+0200] {dagbag.py:540} INFO - Filling up the DagBag from /home/leoja/airflow/airflow_venv/lib/python3.12/site-packages/airflow/example_dags/example_latest_only.py
[2025-07-27T20:00:19.262+0200] {processor.py:840} INFO - DAG(s) 'latest_only' retrieved from /home/leoja/airflow/airflow_venv/lib/python3.12/site-packages/airflow/example_dags/example_latest_only.py
[2025-07-27T20:00:19.285+0200] {logging_mixin.py:188} INFO - [2025-07-27T20:00:19.285+0200] {dag.py:3096} INFO - Sync 1 DAGs
[2025-07-27T20:00:19.311+0200] {logging_mixin.py:188} INFO - [2025-07-27T20:00:19.311+0200] {dag.py:3954} INFO - Setting next_dagrun for latest_only to 2025-07-27 12:00:00+00:00, run_after=2025-07-27 16:00:00+00:00
[2025-07-27T20:00:19.456+0200] {processor.py:183} INFO - Processing /home/leoja/airflow/airflow_venv/lib/python3.12/site-packages/airflow/example_dags/example_latest_only.py took 0.212 seconds
[2025-07-27T20:01:12.572+0200] {processor.py:161} INFO - Started process (PID=9674) to work on /home/leoja/airflow/airflow_venv/lib/python3.12/site-packages/airflow/example_dags/example_latest_only.py
[2025-07-27T20:01:12.574+0200] {processor.py:830} INFO - Processing file /home/leoja/airflow/airflow_venv/lib/python3.12/site-packages/airflow/example_dags/example_latest_only.py for tasks to queue
[2025-07-27T20:01:12.575+0200] {logging_mixin.py:188} INFO - [2025-07-27T20:01:12.575+0200] {dagbag.py:540} INFO - Filling up the DagBag from /home/leoja/airflow/airflow_venv/lib/python3.12/site-packages/airflow/example_dags/example_latest_only.py
[2025-07-27T20:01:12.581+0200] {processor.py:840} INFO - DAG(s) 'latest_only' retrieved from /home/leoja/airflow/airflow_venv/lib/python3.12/site-packages/airflow/example_dags/example_latest_only.py
[2025-07-27T20:01:12.598+0200] {logging_mixin.py:188} INFO - [2025-07-27T20:01:12.597+0200] {dag.py:3096} INFO - Sync 1 DAGs
[2025-07-27T20:01:12.614+0200] {logging_mixin.py:188} INFO - [2025-07-27T20:01:12.614+0200] {dag.py:3954} INFO - Setting next_dagrun for latest_only to 2025-07-27 12:00:00+00:00, run_after=2025-07-27 16:00:00+00:00
[2025-07-27T20:01:12.634+0200] {processor.py:183} INFO - Processing /home/leoja/airflow/airflow_venv/lib/python3.12/site-packages/airflow/example_dags/example_latest_only.py took 0.069 seconds
[2025-07-27T20:02:09.570+0200] {processor.py:161} INFO - Started process (PID=9970) to work on /home/leoja/airflow/airflow_venv/lib/python3.12/site-packages/airflow/example_dags/example_latest_only.py
[2025-07-27T20:02:09.571+0200] {processor.py:830} INFO - Processing file /home/leoja/airflow/airflow_venv/lib/python3.12/site-packages/airflow/example_dags/example_latest_only.py for tasks to queue
[2025-07-27T20:02:09.573+0200] {logging_mixin.py:188} INFO - [2025-07-27T20:02:09.572+0200] {dagbag.py:540} INFO - Filling up the DagBag from /home/leoja/airflow/airflow_venv/lib/python3.12/site-packages/airflow/example_dags/example_latest_only.py
[2025-07-27T20:02:09.580+0200] {processor.py:840} INFO - DAG(s) 'latest_only' retrieved from /home/leoja/airflow/airflow_venv/lib/python3.12/site-packages/airflow/example_dags/example_latest_only.py
[2025-07-27T20:02:09.598+0200] {logging_mixin.py:188} INFO - [2025-07-27T20:02:09.597+0200] {dag.py:3096} INFO - Sync 1 DAGs
[2025-07-27T20:02:09.619+0200] {logging_mixin.py:188} INFO - [2025-07-27T20:02:09.619+0200] {dag.py:3954} INFO - Setting next_dagrun for latest_only to 2025-07-27 12:00:00+00:00, run_after=2025-07-27 16:00:00+00:00
[2025-07-27T20:02:09.645+0200] {processor.py:183} INFO - Processing /home/leoja/airflow/airflow_venv/lib/python3.12/site-packages/airflow/example_dags/example_latest_only.py took 0.083 seconds
[2025-07-27T20:03:07.377+0200] {processor.py:161} INFO - Started process (PID=10279) to work on /home/leoja/airflow/airflow_venv/lib/python3.12/site-packages/airflow/example_dags/example_latest_only.py
[2025-07-27T20:03:07.379+0200] {processor.py:830} INFO - Processing file /home/leoja/airflow/airflow_venv/lib/python3.12/site-packages/airflow/example_dags/example_latest_only.py for tasks to queue
[2025-07-27T20:03:07.380+0200] {logging_mixin.py:188} INFO - [2025-07-27T20:03:07.380+0200] {dagbag.py:540} INFO - Filling up the DagBag from /home/leoja/airflow/airflow_venv/lib/python3.12/site-packages/airflow/example_dags/example_latest_only.py
[2025-07-27T20:03:07.389+0200] {processor.py:840} INFO - DAG(s) 'latest_only' retrieved from /home/leoja/airflow/airflow_venv/lib/python3.12/site-packages/airflow/example_dags/example_latest_only.py
[2025-07-27T20:03:07.569+0200] {logging_mixin.py:188} INFO - [2025-07-27T20:03:07.568+0200] {dag.py:3096} INFO - Sync 1 DAGs
[2025-07-27T20:03:07.597+0200] {logging_mixin.py:188} INFO - [2025-07-27T20:03:07.597+0200] {dag.py:3954} INFO - Setting next_dagrun for latest_only to 2025-07-27 12:00:00+00:00, run_after=2025-07-27 16:00:00+00:00
[2025-07-27T20:03:07.637+0200] {processor.py:183} INFO - Processing /home/leoja/airflow/airflow_venv/lib/python3.12/site-packages/airflow/example_dags/example_latest_only.py took 0.268 seconds
[2025-07-27T20:04:11.662+0200] {processor.py:161} INFO - Started process (PID=10619) to work on /home/leoja/airflow/airflow_venv/lib/python3.12/site-packages/airflow/example_dags/example_latest_only.py
[2025-07-27T20:04:11.664+0200] {processor.py:830} INFO - Processing file /home/leoja/airflow/airflow_venv/lib/python3.12/site-packages/airflow/example_dags/example_latest_only.py for tasks to queue
[2025-07-27T20:04:11.668+0200] {logging_mixin.py:188} INFO - [2025-07-27T20:04:11.667+0200] {dagbag.py:540} INFO - Filling up the DagBag from /home/leoja/airflow/airflow_venv/lib/python3.12/site-packages/airflow/example_dags/example_latest_only.py
[2025-07-27T20:04:11.676+0200] {processor.py:840} INFO - DAG(s) 'latest_only' retrieved from /home/leoja/airflow/airflow_venv/lib/python3.12/site-packages/airflow/example_dags/example_latest_only.py
[2025-07-27T20:04:11.694+0200] {logging_mixin.py:188} INFO - [2025-07-27T20:04:11.693+0200] {dag.py:3096} INFO - Sync 1 DAGs
[2025-07-27T20:04:11.712+0200] {logging_mixin.py:188} INFO - [2025-07-27T20:04:11.712+0200] {dag.py:3954} INFO - Setting next_dagrun for latest_only to 2025-07-27 12:00:00+00:00, run_after=2025-07-27 16:00:00+00:00
[2025-07-27T20:04:11.735+0200] {processor.py:183} INFO - Processing /home/leoja/airflow/airflow_venv/lib/python3.12/site-packages/airflow/example_dags/example_latest_only.py took 0.084 seconds
[2025-07-27T20:05:06.213+0200] {processor.py:161} INFO - Started process (PID=10951) to work on /home/leoja/airflow/airflow_venv/lib/python3.12/site-packages/airflow/example_dags/example_latest_only.py
[2025-07-27T20:05:06.215+0200] {processor.py:830} INFO - Processing file /home/leoja/airflow/airflow_venv/lib/python3.12/site-packages/airflow/example_dags/example_latest_only.py for tasks to queue
[2025-07-27T20:05:06.218+0200] {logging_mixin.py:188} INFO - [2025-07-27T20:05:06.218+0200] {dagbag.py:540} INFO - Filling up the DagBag from /home/leoja/airflow/airflow_venv/lib/python3.12/site-packages/airflow/example_dags/example_latest_only.py
[2025-07-27T20:05:06.227+0200] {processor.py:840} INFO - DAG(s) 'latest_only' retrieved from /home/leoja/airflow/airflow_venv/lib/python3.12/site-packages/airflow/example_dags/example_latest_only.py
[2025-07-27T20:05:06.258+0200] {logging_mixin.py:188} INFO - [2025-07-27T20:05:06.258+0200] {dag.py:3096} INFO - Sync 1 DAGs
[2025-07-27T20:05:06.286+0200] {logging_mixin.py:188} INFO - [2025-07-27T20:05:06.286+0200] {dag.py:3954} INFO - Setting next_dagrun for latest_only to 2025-07-27 12:00:00+00:00, run_after=2025-07-27 16:00:00+00:00
[2025-07-27T20:05:06.324+0200] {processor.py:183} INFO - Processing /home/leoja/airflow/airflow_venv/lib/python3.12/site-packages/airflow/example_dags/example_latest_only.py took 0.116 seconds
[2025-07-27T20:05:56.842+0200] {processor.py:161} INFO - Started process (PID=11225) to work on /home/leoja/airflow/airflow_venv/lib/python3.12/site-packages/airflow/example_dags/example_latest_only.py
[2025-07-27T20:05:56.844+0200] {processor.py:830} INFO - Processing file /home/leoja/airflow/airflow_venv/lib/python3.12/site-packages/airflow/example_dags/example_latest_only.py for tasks to queue
[2025-07-27T20:05:56.847+0200] {logging_mixin.py:188} INFO - [2025-07-27T20:05:56.845+0200] {dagbag.py:540} INFO - Filling up the DagBag from /home/leoja/airflow/airflow_venv/lib/python3.12/site-packages/airflow/example_dags/example_latest_only.py
[2025-07-27T20:05:56.853+0200] {processor.py:840} INFO - DAG(s) 'latest_only' retrieved from /home/leoja/airflow/airflow_venv/lib/python3.12/site-packages/airflow/example_dags/example_latest_only.py
[2025-07-27T20:05:56.869+0200] {logging_mixin.py:188} INFO - [2025-07-27T20:05:56.869+0200] {dag.py:3096} INFO - Sync 1 DAGs
[2025-07-27T20:05:56.889+0200] {logging_mixin.py:188} INFO - [2025-07-27T20:05:56.889+0200] {dag.py:3954} INFO - Setting next_dagrun for latest_only to 2025-07-27 12:00:00+00:00, run_after=2025-07-27 16:00:00+00:00
[2025-07-27T20:05:56.921+0200] {processor.py:183} INFO - Processing /home/leoja/airflow/airflow_venv/lib/python3.12/site-packages/airflow/example_dags/example_latest_only.py took 0.086 seconds
[2025-07-27T20:06:51.260+0200] {processor.py:161} INFO - Started process (PID=11530) to work on /home/leoja/airflow/airflow_venv/lib/python3.12/site-packages/airflow/example_dags/example_latest_only.py
[2025-07-27T20:06:51.263+0200] {processor.py:830} INFO - Processing file /home/leoja/airflow/airflow_venv/lib/python3.12/site-packages/airflow/example_dags/example_latest_only.py for tasks to queue
[2025-07-27T20:06:51.266+0200] {logging_mixin.py:188} INFO - [2025-07-27T20:06:51.265+0200] {dagbag.py:540} INFO - Filling up the DagBag from /home/leoja/airflow/airflow_venv/lib/python3.12/site-packages/airflow/example_dags/example_latest_only.py
[2025-07-27T20:06:51.277+0200] {processor.py:840} INFO - DAG(s) 'latest_only' retrieved from /home/leoja/airflow/airflow_venv/lib/python3.12/site-packages/airflow/example_dags/example_latest_only.py
[2025-07-27T20:06:51.294+0200] {logging_mixin.py:188} INFO - [2025-07-27T20:06:51.294+0200] {dag.py:3096} INFO - Sync 1 DAGs
[2025-07-27T20:06:51.315+0200] {logging_mixin.py:188} INFO - [2025-07-27T20:06:51.314+0200] {dag.py:3954} INFO - Setting next_dagrun for latest_only to 2025-07-27 12:00:00+00:00, run_after=2025-07-27 16:00:00+00:00
[2025-07-27T20:06:51.341+0200] {processor.py:183} INFO - Processing /home/leoja/airflow/airflow_venv/lib/python3.12/site-packages/airflow/example_dags/example_latest_only.py took 0.098 seconds
[2025-07-27T20:07:47.628+0200] {processor.py:161} INFO - Started process (PID=11838) to work on /home/leoja/airflow/airflow_venv/lib/python3.12/site-packages/airflow/example_dags/example_latest_only.py
[2025-07-27T20:07:47.630+0200] {processor.py:830} INFO - Processing file /home/leoja/airflow/airflow_venv/lib/python3.12/site-packages/airflow/example_dags/example_latest_only.py for tasks to queue
[2025-07-27T20:07:47.633+0200] {logging_mixin.py:188} INFO - [2025-07-27T20:07:47.632+0200] {dagbag.py:540} INFO - Filling up the DagBag from /home/leoja/airflow/airflow_venv/lib/python3.12/site-packages/airflow/example_dags/example_latest_only.py
[2025-07-27T20:07:47.643+0200] {processor.py:840} INFO - DAG(s) 'latest_only' retrieved from /home/leoja/airflow/airflow_venv/lib/python3.12/site-packages/airflow/example_dags/example_latest_only.py
[2025-07-27T20:07:47.673+0200] {logging_mixin.py:188} INFO - [2025-07-27T20:07:47.673+0200] {dag.py:3096} INFO - Sync 1 DAGs
[2025-07-27T20:07:47.701+0200] {logging_mixin.py:188} INFO - [2025-07-27T20:07:47.701+0200] {dag.py:3954} INFO - Setting next_dagrun for latest_only to 2025-07-27 12:00:00+00:00, run_after=2025-07-27 16:00:00+00:00
[2025-07-27T20:07:47.730+0200] {processor.py:183} INFO - Processing /home/leoja/airflow/airflow_venv/lib/python3.12/site-packages/airflow/example_dags/example_latest_only.py took 0.110 seconds
[2025-07-27T20:08:39.294+0200] {processor.py:161} INFO - Started process (PID=12134) to work on /home/leoja/airflow/airflow_venv/lib/python3.12/site-packages/airflow/example_dags/example_latest_only.py
[2025-07-27T20:08:39.296+0200] {processor.py:830} INFO - Processing file /home/leoja/airflow/airflow_venv/lib/python3.12/site-packages/airflow/example_dags/example_latest_only.py for tasks to queue
[2025-07-27T20:08:39.301+0200] {logging_mixin.py:188} INFO - [2025-07-27T20:08:39.300+0200] {dagbag.py:540} INFO - Filling up the DagBag from /home/leoja/airflow/airflow_venv/lib/python3.12/site-packages/airflow/example_dags/example_latest_only.py
[2025-07-27T20:08:39.314+0200] {processor.py:840} INFO - DAG(s) 'latest_only' retrieved from /home/leoja/airflow/airflow_venv/lib/python3.12/site-packages/airflow/example_dags/example_latest_only.py
[2025-07-27T20:08:39.340+0200] {logging_mixin.py:188} INFO - [2025-07-27T20:08:39.339+0200] {dag.py:3096} INFO - Sync 1 DAGs
[2025-07-27T20:08:39.360+0200] {logging_mixin.py:188} INFO - [2025-07-27T20:08:39.360+0200] {dag.py:3954} INFO - Setting next_dagrun for latest_only to 2025-07-27 12:00:00+00:00, run_after=2025-07-27 16:00:00+00:00
[2025-07-27T20:08:39.389+0200] {processor.py:183} INFO - Processing /home/leoja/airflow/airflow_venv/lib/python3.12/site-packages/airflow/example_dags/example_latest_only.py took 0.111 seconds
[2025-07-27T20:09:37.472+0200] {processor.py:161} INFO - Started process (PID=12489) to work on /home/leoja/airflow/airflow_venv/lib/python3.12/site-packages/airflow/example_dags/example_latest_only.py
[2025-07-27T20:09:37.475+0200] {processor.py:830} INFO - Processing file /home/leoja/airflow/airflow_venv/lib/python3.12/site-packages/airflow/example_dags/example_latest_only.py for tasks to queue
[2025-07-27T20:09:37.479+0200] {logging_mixin.py:188} INFO - [2025-07-27T20:09:37.478+0200] {dagbag.py:540} INFO - Filling up the DagBag from /home/leoja/airflow/airflow_venv/lib/python3.12/site-packages/airflow/example_dags/example_latest_only.py
[2025-07-27T20:09:37.492+0200] {processor.py:840} INFO - DAG(s) 'latest_only' retrieved from /home/leoja/airflow/airflow_venv/lib/python3.12/site-packages/airflow/example_dags/example_latest_only.py
[2025-07-27T20:09:37.522+0200] {logging_mixin.py:188} INFO - [2025-07-27T20:09:37.522+0200] {dag.py:3096} INFO - Sync 1 DAGs
[2025-07-27T20:09:37.553+0200] {logging_mixin.py:188} INFO - [2025-07-27T20:09:37.552+0200] {dag.py:3954} INFO - Setting next_dagrun for latest_only to 2025-07-27 12:00:00+00:00, run_after=2025-07-27 16:00:00+00:00
[2025-07-27T20:09:37.578+0200] {processor.py:183} INFO - Processing /home/leoja/airflow/airflow_venv/lib/python3.12/site-packages/airflow/example_dags/example_latest_only.py took 0.121 seconds
[2025-07-27T20:10:34.668+0200] {processor.py:161} INFO - Started process (PID=12799) to work on /home/leoja/airflow/airflow_venv/lib/python3.12/site-packages/airflow/example_dags/example_latest_only.py
[2025-07-27T20:10:34.673+0200] {processor.py:830} INFO - Processing file /home/leoja/airflow/airflow_venv/lib/python3.12/site-packages/airflow/example_dags/example_latest_only.py for tasks to queue
[2025-07-27T20:10:34.678+0200] {logging_mixin.py:188} INFO - [2025-07-27T20:10:34.677+0200] {dagbag.py:540} INFO - Filling up the DagBag from /home/leoja/airflow/airflow_venv/lib/python3.12/site-packages/airflow/example_dags/example_latest_only.py
[2025-07-27T20:10:34.688+0200] {processor.py:840} INFO - DAG(s) 'latest_only' retrieved from /home/leoja/airflow/airflow_venv/lib/python3.12/site-packages/airflow/example_dags/example_latest_only.py
[2025-07-27T20:10:34.706+0200] {logging_mixin.py:188} INFO - [2025-07-27T20:10:34.706+0200] {dag.py:3096} INFO - Sync 1 DAGs
[2025-07-27T20:10:34.728+0200] {logging_mixin.py:188} INFO - [2025-07-27T20:10:34.728+0200] {dag.py:3954} INFO - Setting next_dagrun for latest_only to 2025-07-27 12:00:00+00:00, run_after=2025-07-27 16:00:00+00:00
[2025-07-27T20:10:34.765+0200] {processor.py:183} INFO - Processing /home/leoja/airflow/airflow_venv/lib/python3.12/site-packages/airflow/example_dags/example_latest_only.py took 0.112 seconds
[2025-07-27T20:11:30.940+0200] {processor.py:161} INFO - Started process (PID=13078) to work on /home/leoja/airflow/airflow_venv/lib/python3.12/site-packages/airflow/example_dags/example_latest_only.py
[2025-07-27T20:11:30.943+0200] {processor.py:830} INFO - Processing file /home/leoja/airflow/airflow_venv/lib/python3.12/site-packages/airflow/example_dags/example_latest_only.py for tasks to queue
[2025-07-27T20:11:30.946+0200] {logging_mixin.py:188} INFO - [2025-07-27T20:11:30.945+0200] {dagbag.py:540} INFO - Filling up the DagBag from /home/leoja/airflow/airflow_venv/lib/python3.12/site-packages/airflow/example_dags/example_latest_only.py
[2025-07-27T20:11:30.955+0200] {processor.py:840} INFO - DAG(s) 'latest_only' retrieved from /home/leoja/airflow/airflow_venv/lib/python3.12/site-packages/airflow/example_dags/example_latest_only.py
[2025-07-27T20:11:30.980+0200] {logging_mixin.py:188} INFO - [2025-07-27T20:11:30.979+0200] {dag.py:3096} INFO - Sync 1 DAGs
[2025-07-27T20:11:31.001+0200] {logging_mixin.py:188} INFO - [2025-07-27T20:11:31.000+0200] {dag.py:3954} INFO - Setting next_dagrun for latest_only to 2025-07-27 12:00:00+00:00, run_after=2025-07-27 16:00:00+00:00
[2025-07-27T20:11:31.023+0200] {processor.py:183} INFO - Processing /home/leoja/airflow/airflow_venv/lib/python3.12/site-packages/airflow/example_dags/example_latest_only.py took 0.096 seconds
[2025-07-27T20:12:25.335+0200] {processor.py:161} INFO - Started process (PID=13408) to work on /home/leoja/airflow/airflow_venv/lib/python3.12/site-packages/airflow/example_dags/example_latest_only.py
[2025-07-27T20:12:25.337+0200] {processor.py:830} INFO - Processing file /home/leoja/airflow/airflow_venv/lib/python3.12/site-packages/airflow/example_dags/example_latest_only.py for tasks to queue
[2025-07-27T20:12:25.340+0200] {logging_mixin.py:188} INFO - [2025-07-27T20:12:25.340+0200] {dagbag.py:540} INFO - Filling up the DagBag from /home/leoja/airflow/airflow_venv/lib/python3.12/site-packages/airflow/example_dags/example_latest_only.py
[2025-07-27T20:12:25.349+0200] {processor.py:840} INFO - DAG(s) 'latest_only' retrieved from /home/leoja/airflow/airflow_venv/lib/python3.12/site-packages/airflow/example_dags/example_latest_only.py
[2025-07-27T20:12:25.368+0200] {logging_mixin.py:188} INFO - [2025-07-27T20:12:25.368+0200] {dag.py:3096} INFO - Sync 1 DAGs
[2025-07-27T20:12:25.392+0200] {logging_mixin.py:188} INFO - [2025-07-27T20:12:25.392+0200] {dag.py:3954} INFO - Setting next_dagrun for latest_only to 2025-07-27 12:00:00+00:00, run_after=2025-07-27 16:00:00+00:00
[2025-07-27T20:12:25.418+0200] {processor.py:183} INFO - Processing /home/leoja/airflow/airflow_venv/lib/python3.12/site-packages/airflow/example_dags/example_latest_only.py took 0.098 seconds
[2025-07-27T20:13:20.954+0200] {processor.py:161} INFO - Started process (PID=13714) to work on /home/leoja/airflow/airflow_venv/lib/python3.12/site-packages/airflow/example_dags/example_latest_only.py
[2025-07-27T20:13:20.956+0200] {processor.py:830} INFO - Processing file /home/leoja/airflow/airflow_venv/lib/python3.12/site-packages/airflow/example_dags/example_latest_only.py for tasks to queue
[2025-07-27T20:13:20.960+0200] {logging_mixin.py:188} INFO - [2025-07-27T20:13:20.959+0200] {dagbag.py:540} INFO - Filling up the DagBag from /home/leoja/airflow/airflow_venv/lib/python3.12/site-packages/airflow/example_dags/example_latest_only.py
[2025-07-27T20:13:20.972+0200] {processor.py:840} INFO - DAG(s) 'latest_only' retrieved from /home/leoja/airflow/airflow_venv/lib/python3.12/site-packages/airflow/example_dags/example_latest_only.py
[2025-07-27T20:13:21.002+0200] {logging_mixin.py:188} INFO - [2025-07-27T20:13:21.002+0200] {dag.py:3096} INFO - Sync 1 DAGs
[2025-07-27T20:13:21.032+0200] {logging_mixin.py:188} INFO - [2025-07-27T20:13:21.032+0200] {dag.py:3954} INFO - Setting next_dagrun for latest_only to 2025-07-27 12:00:00+00:00, run_after=2025-07-27 16:00:00+00:00
[2025-07-27T20:13:21.057+0200] {processor.py:183} INFO - Processing /home/leoja/airflow/airflow_venv/lib/python3.12/site-packages/airflow/example_dags/example_latest_only.py took 0.115 seconds
[2025-07-27T20:14:19.602+0200] {processor.py:161} INFO - Started process (PID=14047) to work on /home/leoja/airflow/airflow_venv/lib/python3.12/site-packages/airflow/example_dags/example_latest_only.py
[2025-07-27T20:14:19.607+0200] {processor.py:830} INFO - Processing file /home/leoja/airflow/airflow_venv/lib/python3.12/site-packages/airflow/example_dags/example_latest_only.py for tasks to queue
[2025-07-27T20:14:19.610+0200] {logging_mixin.py:188} INFO - [2025-07-27T20:14:19.609+0200] {dagbag.py:540} INFO - Filling up the DagBag from /home/leoja/airflow/airflow_venv/lib/python3.12/site-packages/airflow/example_dags/example_latest_only.py
[2025-07-27T20:14:19.620+0200] {processor.py:840} INFO - DAG(s) 'latest_only' retrieved from /home/leoja/airflow/airflow_venv/lib/python3.12/site-packages/airflow/example_dags/example_latest_only.py
[2025-07-27T20:14:19.638+0200] {logging_mixin.py:188} INFO - [2025-07-27T20:14:19.638+0200] {dag.py:3096} INFO - Sync 1 DAGs
[2025-07-27T20:14:19.655+0200] {logging_mixin.py:188} INFO - [2025-07-27T20:14:19.655+0200] {dag.py:3954} INFO - Setting next_dagrun for latest_only to 2025-07-27 12:00:00+00:00, run_after=2025-07-27 16:00:00+00:00
[2025-07-27T20:14:19.676+0200] {processor.py:183} INFO - Processing /home/leoja/airflow/airflow_venv/lib/python3.12/site-packages/airflow/example_dags/example_latest_only.py took 0.088 seconds
[2025-07-27T20:15:17.822+0200] {processor.py:161} INFO - Started process (PID=14328) to work on /home/leoja/airflow/airflow_venv/lib/python3.12/site-packages/airflow/example_dags/example_latest_only.py
[2025-07-27T20:15:17.825+0200] {processor.py:830} INFO - Processing file /home/leoja/airflow/airflow_venv/lib/python3.12/site-packages/airflow/example_dags/example_latest_only.py for tasks to queue
[2025-07-27T20:15:17.827+0200] {logging_mixin.py:188} INFO - [2025-07-27T20:15:17.827+0200] {dagbag.py:540} INFO - Filling up the DagBag from /home/leoja/airflow/airflow_venv/lib/python3.12/site-packages/airflow/example_dags/example_latest_only.py
[2025-07-27T20:15:17.834+0200] {processor.py:840} INFO - DAG(s) 'latest_only' retrieved from /home/leoja/airflow/airflow_venv/lib/python3.12/site-packages/airflow/example_dags/example_latest_only.py
[2025-07-27T20:15:17.853+0200] {logging_mixin.py:188} INFO - [2025-07-27T20:15:17.853+0200] {dag.py:3096} INFO - Sync 1 DAGs
[2025-07-27T20:15:17.873+0200] {logging_mixin.py:188} INFO - [2025-07-27T20:15:17.873+0200] {dag.py:3954} INFO - Setting next_dagrun for latest_only to 2025-07-27 12:00:00+00:00, run_after=2025-07-27 16:00:00+00:00
[2025-07-27T20:15:17.895+0200] {processor.py:183} INFO - Processing /home/leoja/airflow/airflow_venv/lib/python3.12/site-packages/airflow/example_dags/example_latest_only.py took 0.083 seconds
[2025-07-27T20:16:12.466+0200] {processor.py:161} INFO - Started process (PID=14634) to work on /home/leoja/airflow/airflow_venv/lib/python3.12/site-packages/airflow/example_dags/example_latest_only.py
[2025-07-27T20:16:12.468+0200] {processor.py:830} INFO - Processing file /home/leoja/airflow/airflow_venv/lib/python3.12/site-packages/airflow/example_dags/example_latest_only.py for tasks to queue
[2025-07-27T20:16:12.471+0200] {logging_mixin.py:188} INFO - [2025-07-27T20:16:12.470+0200] {dagbag.py:540} INFO - Filling up the DagBag from /home/leoja/airflow/airflow_venv/lib/python3.12/site-packages/airflow/example_dags/example_latest_only.py
[2025-07-27T20:16:12.479+0200] {processor.py:840} INFO - DAG(s) 'latest_only' retrieved from /home/leoja/airflow/airflow_venv/lib/python3.12/site-packages/airflow/example_dags/example_latest_only.py
[2025-07-27T20:16:12.500+0200] {logging_mixin.py:188} INFO - [2025-07-27T20:16:12.500+0200] {dag.py:3096} INFO - Sync 1 DAGs
[2025-07-27T20:16:12.521+0200] {logging_mixin.py:188} INFO - [2025-07-27T20:16:12.521+0200] {dag.py:3954} INFO - Setting next_dagrun for latest_only to 2025-07-27 12:00:00+00:00, run_after=2025-07-27 16:00:00+00:00
[2025-07-27T20:16:12.544+0200] {processor.py:183} INFO - Processing /home/leoja/airflow/airflow_venv/lib/python3.12/site-packages/airflow/example_dags/example_latest_only.py took 0.087 seconds
[2025-07-27T20:17:05.566+0200] {processor.py:161} INFO - Started process (PID=14943) to work on /home/leoja/airflow/airflow_venv/lib/python3.12/site-packages/airflow/example_dags/example_latest_only.py
[2025-07-27T20:17:05.567+0200] {processor.py:830} INFO - Processing file /home/leoja/airflow/airflow_venv/lib/python3.12/site-packages/airflow/example_dags/example_latest_only.py for tasks to queue
[2025-07-27T20:17:05.569+0200] {logging_mixin.py:188} INFO - [2025-07-27T20:17:05.569+0200] {dagbag.py:540} INFO - Filling up the DagBag from /home/leoja/airflow/airflow_venv/lib/python3.12/site-packages/airflow/example_dags/example_latest_only.py
[2025-07-27T20:17:05.575+0200] {processor.py:840} INFO - DAG(s) 'latest_only' retrieved from /home/leoja/airflow/airflow_venv/lib/python3.12/site-packages/airflow/example_dags/example_latest_only.py
[2025-07-27T20:17:05.592+0200] {logging_mixin.py:188} INFO - [2025-07-27T20:17:05.591+0200] {dag.py:3096} INFO - Sync 1 DAGs
[2025-07-27T20:17:05.609+0200] {logging_mixin.py:188} INFO - [2025-07-27T20:17:05.609+0200] {dag.py:3954} INFO - Setting next_dagrun for latest_only to 2025-07-27 12:00:00+00:00, run_after=2025-07-27 16:00:00+00:00
[2025-07-27T20:17:05.636+0200] {processor.py:183} INFO - Processing /home/leoja/airflow/airflow_venv/lib/python3.12/site-packages/airflow/example_dags/example_latest_only.py took 0.076 seconds
[2025-07-27T20:18:01.056+0200] {processor.py:161} INFO - Started process (PID=15241) to work on /home/leoja/airflow/airflow_venv/lib/python3.12/site-packages/airflow/example_dags/example_latest_only.py
[2025-07-27T20:18:01.058+0200] {processor.py:830} INFO - Processing file /home/leoja/airflow/airflow_venv/lib/python3.12/site-packages/airflow/example_dags/example_latest_only.py for tasks to queue
[2025-07-27T20:18:01.061+0200] {logging_mixin.py:188} INFO - [2025-07-27T20:18:01.060+0200] {dagbag.py:540} INFO - Filling up the DagBag from /home/leoja/airflow/airflow_venv/lib/python3.12/site-packages/airflow/example_dags/example_latest_only.py
[2025-07-27T20:18:01.068+0200] {processor.py:840} INFO - DAG(s) 'latest_only' retrieved from /home/leoja/airflow/airflow_venv/lib/python3.12/site-packages/airflow/example_dags/example_latest_only.py
[2025-07-27T20:18:01.091+0200] {logging_mixin.py:188} INFO - [2025-07-27T20:18:01.091+0200] {dag.py:3096} INFO - Sync 1 DAGs
[2025-07-27T20:18:01.112+0200] {logging_mixin.py:188} INFO - [2025-07-27T20:18:01.112+0200] {dag.py:3954} INFO - Setting next_dagrun for latest_only to 2025-07-27 12:00:00+00:00, run_after=2025-07-27 16:00:00+00:00
[2025-07-27T20:18:01.133+0200] {processor.py:183} INFO - Processing /home/leoja/airflow/airflow_venv/lib/python3.12/site-packages/airflow/example_dags/example_latest_only.py took 0.089 seconds
[2025-07-27T20:18:51.503+0200] {processor.py:161} INFO - Started process (PID=15481) to work on /home/leoja/airflow/airflow_venv/lib/python3.12/site-packages/airflow/example_dags/example_latest_only.py
[2025-07-27T20:18:51.504+0200] {processor.py:830} INFO - Processing file /home/leoja/airflow/airflow_venv/lib/python3.12/site-packages/airflow/example_dags/example_latest_only.py for tasks to queue
[2025-07-27T20:18:51.507+0200] {logging_mixin.py:188} INFO - [2025-07-27T20:18:51.506+0200] {dagbag.py:540} INFO - Filling up the DagBag from /home/leoja/airflow/airflow_venv/lib/python3.12/site-packages/airflow/example_dags/example_latest_only.py
[2025-07-27T20:18:51.515+0200] {processor.py:840} INFO - DAG(s) 'latest_only' retrieved from /home/leoja/airflow/airflow_venv/lib/python3.12/site-packages/airflow/example_dags/example_latest_only.py
[2025-07-27T20:18:51.533+0200] {logging_mixin.py:188} INFO - [2025-07-27T20:18:51.533+0200] {dag.py:3096} INFO - Sync 1 DAGs
[2025-07-27T20:18:51.553+0200] {logging_mixin.py:188} INFO - [2025-07-27T20:18:51.553+0200] {dag.py:3954} INFO - Setting next_dagrun for latest_only to 2025-07-27 12:00:00+00:00, run_after=2025-07-27 16:00:00+00:00
[2025-07-27T20:18:51.583+0200] {processor.py:183} INFO - Processing /home/leoja/airflow/airflow_venv/lib/python3.12/site-packages/airflow/example_dags/example_latest_only.py took 0.087 seconds
[2025-07-27T20:19:43.483+0200] {processor.py:161} INFO - Started process (PID=15790) to work on /home/leoja/airflow/airflow_venv/lib/python3.12/site-packages/airflow/example_dags/example_latest_only.py
[2025-07-27T20:19:43.486+0200] {processor.py:830} INFO - Processing file /home/leoja/airflow/airflow_venv/lib/python3.12/site-packages/airflow/example_dags/example_latest_only.py for tasks to queue
[2025-07-27T20:19:43.489+0200] {logging_mixin.py:188} INFO - [2025-07-27T20:19:43.488+0200] {dagbag.py:540} INFO - Filling up the DagBag from /home/leoja/airflow/airflow_venv/lib/python3.12/site-packages/airflow/example_dags/example_latest_only.py
[2025-07-27T20:19:43.503+0200] {processor.py:840} INFO - DAG(s) 'latest_only' retrieved from /home/leoja/airflow/airflow_venv/lib/python3.12/site-packages/airflow/example_dags/example_latest_only.py
[2025-07-27T20:19:43.521+0200] {logging_mixin.py:188} INFO - [2025-07-27T20:19:43.521+0200] {dag.py:3096} INFO - Sync 1 DAGs
[2025-07-27T20:19:43.538+0200] {logging_mixin.py:188} INFO - [2025-07-27T20:19:43.538+0200] {dag.py:3954} INFO - Setting next_dagrun for latest_only to 2025-07-27 12:00:00+00:00, run_after=2025-07-27 16:00:00+00:00
[2025-07-27T20:19:43.561+0200] {processor.py:183} INFO - Processing /home/leoja/airflow/airflow_venv/lib/python3.12/site-packages/airflow/example_dags/example_latest_only.py took 0.092 seconds
[2025-07-27T20:20:40.585+0200] {processor.py:161} INFO - Started process (PID=16120) to work on /home/leoja/airflow/airflow_venv/lib/python3.12/site-packages/airflow/example_dags/example_latest_only.py
[2025-07-27T20:20:40.587+0200] {processor.py:830} INFO - Processing file /home/leoja/airflow/airflow_venv/lib/python3.12/site-packages/airflow/example_dags/example_latest_only.py for tasks to queue
[2025-07-27T20:20:40.590+0200] {logging_mixin.py:188} INFO - [2025-07-27T20:20:40.590+0200] {dagbag.py:540} INFO - Filling up the DagBag from /home/leoja/airflow/airflow_venv/lib/python3.12/site-packages/airflow/example_dags/example_latest_only.py
[2025-07-27T20:20:40.596+0200] {processor.py:840} INFO - DAG(s) 'latest_only' retrieved from /home/leoja/airflow/airflow_venv/lib/python3.12/site-packages/airflow/example_dags/example_latest_only.py
[2025-07-27T20:20:40.618+0200] {logging_mixin.py:188} INFO - [2025-07-27T20:20:40.617+0200] {dag.py:3096} INFO - Sync 1 DAGs
[2025-07-27T20:20:40.647+0200] {logging_mixin.py:188} INFO - [2025-07-27T20:20:40.647+0200] {dag.py:3954} INFO - Setting next_dagrun for latest_only to 2025-07-27 12:00:00+00:00, run_after=2025-07-27 16:00:00+00:00
[2025-07-27T20:20:40.678+0200] {processor.py:183} INFO - Processing /home/leoja/airflow/airflow_venv/lib/python3.12/site-packages/airflow/example_dags/example_latest_only.py took 0.107 seconds
[2025-07-27T20:21:40.386+0200] {processor.py:161} INFO - Started process (PID=16428) to work on /home/leoja/airflow/airflow_venv/lib/python3.12/site-packages/airflow/example_dags/example_latest_only.py
[2025-07-27T20:21:40.388+0200] {processor.py:830} INFO - Processing file /home/leoja/airflow/airflow_venv/lib/python3.12/site-packages/airflow/example_dags/example_latest_only.py for tasks to queue
[2025-07-27T20:21:40.390+0200] {logging_mixin.py:188} INFO - [2025-07-27T20:21:40.389+0200] {dagbag.py:540} INFO - Filling up the DagBag from /home/leoja/airflow/airflow_venv/lib/python3.12/site-packages/airflow/example_dags/example_latest_only.py
[2025-07-27T20:21:40.396+0200] {processor.py:840} INFO - DAG(s) 'latest_only' retrieved from /home/leoja/airflow/airflow_venv/lib/python3.12/site-packages/airflow/example_dags/example_latest_only.py
[2025-07-27T20:21:40.419+0200] {logging_mixin.py:188} INFO - [2025-07-27T20:21:40.419+0200] {dag.py:3096} INFO - Sync 1 DAGs
[2025-07-27T20:21:40.446+0200] {logging_mixin.py:188} INFO - [2025-07-27T20:21:40.446+0200] {dag.py:3954} INFO - Setting next_dagrun for latest_only to 2025-07-27 12:00:00+00:00, run_after=2025-07-27 16:00:00+00:00
[2025-07-27T20:21:40.470+0200] {processor.py:183} INFO - Processing /home/leoja/airflow/airflow_venv/lib/python3.12/site-packages/airflow/example_dags/example_latest_only.py took 0.091 seconds
[2025-07-27T20:22:37.350+0200] {processor.py:161} INFO - Started process (PID=16725) to work on /home/leoja/airflow/airflow_venv/lib/python3.12/site-packages/airflow/example_dags/example_latest_only.py
[2025-07-27T20:22:37.352+0200] {processor.py:830} INFO - Processing file /home/leoja/airflow/airflow_venv/lib/python3.12/site-packages/airflow/example_dags/example_latest_only.py for tasks to queue
[2025-07-27T20:22:37.355+0200] {logging_mixin.py:188} INFO - [2025-07-27T20:22:37.354+0200] {dagbag.py:540} INFO - Filling up the DagBag from /home/leoja/airflow/airflow_venv/lib/python3.12/site-packages/airflow/example_dags/example_latest_only.py
[2025-07-27T20:22:37.364+0200] {processor.py:840} INFO - DAG(s) 'latest_only' retrieved from /home/leoja/airflow/airflow_venv/lib/python3.12/site-packages/airflow/example_dags/example_latest_only.py
[2025-07-27T20:22:37.384+0200] {logging_mixin.py:188} INFO - [2025-07-27T20:22:37.383+0200] {dag.py:3096} INFO - Sync 1 DAGs
[2025-07-27T20:22:37.406+0200] {logging_mixin.py:188} INFO - [2025-07-27T20:22:37.406+0200] {dag.py:3954} INFO - Setting next_dagrun for latest_only to 2025-07-27 12:00:00+00:00, run_after=2025-07-27 16:00:00+00:00
[2025-07-27T20:22:37.433+0200] {processor.py:183} INFO - Processing /home/leoja/airflow/airflow_venv/lib/python3.12/site-packages/airflow/example_dags/example_latest_only.py took 0.097 seconds
[2025-07-27T20:23:35.675+0200] {processor.py:161} INFO - Started process (PID=17036) to work on /home/leoja/airflow/airflow_venv/lib/python3.12/site-packages/airflow/example_dags/example_latest_only.py
[2025-07-27T20:23:35.677+0200] {processor.py:830} INFO - Processing file /home/leoja/airflow/airflow_venv/lib/python3.12/site-packages/airflow/example_dags/example_latest_only.py for tasks to queue
[2025-07-27T20:23:35.680+0200] {logging_mixin.py:188} INFO - [2025-07-27T20:23:35.680+0200] {dagbag.py:540} INFO - Filling up the DagBag from /home/leoja/airflow/airflow_venv/lib/python3.12/site-packages/airflow/example_dags/example_latest_only.py
[2025-07-27T20:23:35.686+0200] {processor.py:840} INFO - DAG(s) 'latest_only' retrieved from /home/leoja/airflow/airflow_venv/lib/python3.12/site-packages/airflow/example_dags/example_latest_only.py
[2025-07-27T20:23:35.703+0200] {logging_mixin.py:188} INFO - [2025-07-27T20:23:35.703+0200] {dag.py:3096} INFO - Sync 1 DAGs
[2025-07-27T20:23:35.728+0200] {logging_mixin.py:188} INFO - [2025-07-27T20:23:35.728+0200] {dag.py:3954} INFO - Setting next_dagrun for latest_only to 2025-07-27 12:00:00+00:00, run_after=2025-07-27 16:00:00+00:00
[2025-07-27T20:23:35.760+0200] {processor.py:183} INFO - Processing /home/leoja/airflow/airflow_venv/lib/python3.12/site-packages/airflow/example_dags/example_latest_only.py took 0.097 seconds
[2025-07-27T20:24:32.642+0200] {processor.py:161} INFO - Started process (PID=17368) to work on /home/leoja/airflow/airflow_venv/lib/python3.12/site-packages/airflow/example_dags/example_latest_only.py
[2025-07-27T20:24:32.644+0200] {processor.py:830} INFO - Processing file /home/leoja/airflow/airflow_venv/lib/python3.12/site-packages/airflow/example_dags/example_latest_only.py for tasks to queue
[2025-07-27T20:24:32.648+0200] {logging_mixin.py:188} INFO - [2025-07-27T20:24:32.647+0200] {dagbag.py:540} INFO - Filling up the DagBag from /home/leoja/airflow/airflow_venv/lib/python3.12/site-packages/airflow/example_dags/example_latest_only.py
[2025-07-27T20:24:32.656+0200] {processor.py:840} INFO - DAG(s) 'latest_only' retrieved from /home/leoja/airflow/airflow_venv/lib/python3.12/site-packages/airflow/example_dags/example_latest_only.py
[2025-07-27T20:24:32.672+0200] {logging_mixin.py:188} INFO - [2025-07-27T20:24:32.671+0200] {dag.py:3096} INFO - Sync 1 DAGs
[2025-07-27T20:24:32.689+0200] {logging_mixin.py:188} INFO - [2025-07-27T20:24:32.688+0200] {dag.py:3954} INFO - Setting next_dagrun for latest_only to 2025-07-27 12:00:00+00:00, run_after=2025-07-27 16:00:00+00:00
[2025-07-27T20:24:32.716+0200] {processor.py:183} INFO - Processing /home/leoja/airflow/airflow_venv/lib/python3.12/site-packages/airflow/example_dags/example_latest_only.py took 0.086 seconds
[2025-07-27T20:25:25.687+0200] {processor.py:161} INFO - Started process (PID=17673) to work on /home/leoja/airflow/airflow_venv/lib/python3.12/site-packages/airflow/example_dags/example_latest_only.py
[2025-07-27T20:25:25.689+0200] {processor.py:830} INFO - Processing file /home/leoja/airflow/airflow_venv/lib/python3.12/site-packages/airflow/example_dags/example_latest_only.py for tasks to queue
[2025-07-27T20:25:25.692+0200] {logging_mixin.py:188} INFO - [2025-07-27T20:25:25.691+0200] {dagbag.py:540} INFO - Filling up the DagBag from /home/leoja/airflow/airflow_venv/lib/python3.12/site-packages/airflow/example_dags/example_latest_only.py
[2025-07-27T20:25:25.699+0200] {processor.py:840} INFO - DAG(s) 'latest_only' retrieved from /home/leoja/airflow/airflow_venv/lib/python3.12/site-packages/airflow/example_dags/example_latest_only.py
[2025-07-27T20:25:25.714+0200] {logging_mixin.py:188} INFO - [2025-07-27T20:25:25.714+0200] {dag.py:3096} INFO - Sync 1 DAGs
[2025-07-27T20:25:25.735+0200] {logging_mixin.py:188} INFO - [2025-07-27T20:25:25.734+0200] {dag.py:3954} INFO - Setting next_dagrun for latest_only to 2025-07-27 12:00:00+00:00, run_after=2025-07-27 16:00:00+00:00
[2025-07-27T20:25:25.760+0200] {processor.py:183} INFO - Processing /home/leoja/airflow/airflow_venv/lib/python3.12/site-packages/airflow/example_dags/example_latest_only.py took 0.082 seconds
[2025-07-27T20:26:20.765+0200] {processor.py:161} INFO - Started process (PID=17951) to work on /home/leoja/airflow/airflow_venv/lib/python3.12/site-packages/airflow/example_dags/example_latest_only.py
[2025-07-27T20:26:20.766+0200] {processor.py:830} INFO - Processing file /home/leoja/airflow/airflow_venv/lib/python3.12/site-packages/airflow/example_dags/example_latest_only.py for tasks to queue
[2025-07-27T20:26:20.768+0200] {logging_mixin.py:188} INFO - [2025-07-27T20:26:20.768+0200] {dagbag.py:540} INFO - Filling up the DagBag from /home/leoja/airflow/airflow_venv/lib/python3.12/site-packages/airflow/example_dags/example_latest_only.py
[2025-07-27T20:26:20.775+0200] {processor.py:840} INFO - DAG(s) 'latest_only' retrieved from /home/leoja/airflow/airflow_venv/lib/python3.12/site-packages/airflow/example_dags/example_latest_only.py
[2025-07-27T20:26:20.793+0200] {logging_mixin.py:188} INFO - [2025-07-27T20:26:20.792+0200] {dag.py:3096} INFO - Sync 1 DAGs
[2025-07-27T20:26:20.816+0200] {logging_mixin.py:188} INFO - [2025-07-27T20:26:20.815+0200] {dag.py:3954} INFO - Setting next_dagrun for latest_only to 2025-07-27 12:00:00+00:00, run_after=2025-07-27 16:00:00+00:00
[2025-07-27T20:26:20.841+0200] {processor.py:183} INFO - Processing /home/leoja/airflow/airflow_venv/lib/python3.12/site-packages/airflow/example_dags/example_latest_only.py took 0.082 seconds
[2025-07-27T20:27:12.034+0200] {processor.py:161} INFO - Started process (PID=18257) to work on /home/leoja/airflow/airflow_venv/lib/python3.12/site-packages/airflow/example_dags/example_latest_only.py
[2025-07-27T20:27:12.036+0200] {processor.py:830} INFO - Processing file /home/leoja/airflow/airflow_venv/lib/python3.12/site-packages/airflow/example_dags/example_latest_only.py for tasks to queue
[2025-07-27T20:27:12.038+0200] {logging_mixin.py:188} INFO - [2025-07-27T20:27:12.037+0200] {dagbag.py:540} INFO - Filling up the DagBag from /home/leoja/airflow/airflow_venv/lib/python3.12/site-packages/airflow/example_dags/example_latest_only.py
[2025-07-27T20:27:12.044+0200] {processor.py:840} INFO - DAG(s) 'latest_only' retrieved from /home/leoja/airflow/airflow_venv/lib/python3.12/site-packages/airflow/example_dags/example_latest_only.py
[2025-07-27T20:27:12.064+0200] {logging_mixin.py:188} INFO - [2025-07-27T20:27:12.064+0200] {dag.py:3096} INFO - Sync 1 DAGs
[2025-07-27T20:27:12.086+0200] {logging_mixin.py:188} INFO - [2025-07-27T20:27:12.086+0200] {dag.py:3954} INFO - Setting next_dagrun for latest_only to 2025-07-27 12:00:00+00:00, run_after=2025-07-27 16:00:00+00:00
[2025-07-27T20:27:12.108+0200] {processor.py:183} INFO - Processing /home/leoja/airflow/airflow_venv/lib/python3.12/site-packages/airflow/example_dags/example_latest_only.py took 0.085 seconds
[2025-07-27T20:28:05.811+0200] {processor.py:161} INFO - Started process (PID=18533) to work on /home/leoja/airflow/airflow_venv/lib/python3.12/site-packages/airflow/example_dags/example_latest_only.py
[2025-07-27T20:28:05.813+0200] {processor.py:830} INFO - Processing file /home/leoja/airflow/airflow_venv/lib/python3.12/site-packages/airflow/example_dags/example_latest_only.py for tasks to queue
[2025-07-27T20:28:05.815+0200] {logging_mixin.py:188} INFO - [2025-07-27T20:28:05.814+0200] {dagbag.py:540} INFO - Filling up the DagBag from /home/leoja/airflow/airflow_venv/lib/python3.12/site-packages/airflow/example_dags/example_latest_only.py
[2025-07-27T20:28:05.820+0200] {processor.py:840} INFO - DAG(s) 'latest_only' retrieved from /home/leoja/airflow/airflow_venv/lib/python3.12/site-packages/airflow/example_dags/example_latest_only.py
[2025-07-27T20:28:05.836+0200] {logging_mixin.py:188} INFO - [2025-07-27T20:28:05.835+0200] {dag.py:3096} INFO - Sync 1 DAGs
[2025-07-27T20:28:05.854+0200] {logging_mixin.py:188} INFO - [2025-07-27T20:28:05.854+0200] {dag.py:3954} INFO - Setting next_dagrun for latest_only to 2025-07-27 12:00:00+00:00, run_after=2025-07-27 16:00:00+00:00
[2025-07-27T20:28:05.885+0200] {processor.py:183} INFO - Processing /home/leoja/airflow/airflow_venv/lib/python3.12/site-packages/airflow/example_dags/example_latest_only.py took 0.080 seconds
[2025-07-27T20:28:51.723+0200] {processor.py:161} INFO - Started process (PID=18800) to work on /home/leoja/airflow/airflow_venv/lib/python3.12/site-packages/airflow/example_dags/example_latest_only.py
[2025-07-27T20:28:51.725+0200] {processor.py:830} INFO - Processing file /home/leoja/airflow/airflow_venv/lib/python3.12/site-packages/airflow/example_dags/example_latest_only.py for tasks to queue
[2025-07-27T20:28:51.726+0200] {logging_mixin.py:188} INFO - [2025-07-27T20:28:51.726+0200] {dagbag.py:540} INFO - Filling up the DagBag from /home/leoja/airflow/airflow_venv/lib/python3.12/site-packages/airflow/example_dags/example_latest_only.py
[2025-07-27T20:28:51.731+0200] {processor.py:840} INFO - DAG(s) 'latest_only' retrieved from /home/leoja/airflow/airflow_venv/lib/python3.12/site-packages/airflow/example_dags/example_latest_only.py
[2025-07-27T20:28:51.747+0200] {logging_mixin.py:188} INFO - [2025-07-27T20:28:51.747+0200] {dag.py:3096} INFO - Sync 1 DAGs
[2025-07-27T20:28:51.761+0200] {logging_mixin.py:188} INFO - [2025-07-27T20:28:51.761+0200] {dag.py:3954} INFO - Setting next_dagrun for latest_only to 2025-07-27 12:00:00+00:00, run_after=2025-07-27 16:00:00+00:00
[2025-07-27T20:28:51.781+0200] {processor.py:183} INFO - Processing /home/leoja/airflow/airflow_venv/lib/python3.12/site-packages/airflow/example_dags/example_latest_only.py took 0.062 seconds
[2025-07-27T20:29:41.381+0200] {processor.py:161} INFO - Started process (PID=19058) to work on /home/leoja/airflow/airflow_venv/lib/python3.12/site-packages/airflow/example_dags/example_latest_only.py
[2025-07-27T20:29:41.382+0200] {processor.py:830} INFO - Processing file /home/leoja/airflow/airflow_venv/lib/python3.12/site-packages/airflow/example_dags/example_latest_only.py for tasks to queue
[2025-07-27T20:29:41.384+0200] {logging_mixin.py:188} INFO - [2025-07-27T20:29:41.384+0200] {dagbag.py:540} INFO - Filling up the DagBag from /home/leoja/airflow/airflow_venv/lib/python3.12/site-packages/airflow/example_dags/example_latest_only.py
[2025-07-27T20:29:41.390+0200] {processor.py:840} INFO - DAG(s) 'latest_only' retrieved from /home/leoja/airflow/airflow_venv/lib/python3.12/site-packages/airflow/example_dags/example_latest_only.py
[2025-07-27T20:29:41.406+0200] {logging_mixin.py:188} INFO - [2025-07-27T20:29:41.405+0200] {dag.py:3096} INFO - Sync 1 DAGs
[2025-07-27T20:29:41.425+0200] {logging_mixin.py:188} INFO - [2025-07-27T20:29:41.424+0200] {dag.py:3954} INFO - Setting next_dagrun for latest_only to 2025-07-27 12:00:00+00:00, run_after=2025-07-27 16:00:00+00:00
[2025-07-27T20:29:41.448+0200] {processor.py:183} INFO - Processing /home/leoja/airflow/airflow_venv/lib/python3.12/site-packages/airflow/example_dags/example_latest_only.py took 0.073 seconds
[2025-07-27T20:30:25.468+0200] {processor.py:161} INFO - Started process (PID=19293) to work on /home/leoja/airflow/airflow_venv/lib/python3.12/site-packages/airflow/example_dags/example_latest_only.py
[2025-07-27T20:30:25.469+0200] {processor.py:830} INFO - Processing file /home/leoja/airflow/airflow_venv/lib/python3.12/site-packages/airflow/example_dags/example_latest_only.py for tasks to queue
[2025-07-27T20:30:25.471+0200] {logging_mixin.py:188} INFO - [2025-07-27T20:30:25.470+0200] {dagbag.py:540} INFO - Filling up the DagBag from /home/leoja/airflow/airflow_venv/lib/python3.12/site-packages/airflow/example_dags/example_latest_only.py
[2025-07-27T20:30:25.479+0200] {processor.py:840} INFO - DAG(s) 'latest_only' retrieved from /home/leoja/airflow/airflow_venv/lib/python3.12/site-packages/airflow/example_dags/example_latest_only.py
[2025-07-27T20:30:25.494+0200] {logging_mixin.py:188} INFO - [2025-07-27T20:30:25.494+0200] {dag.py:3096} INFO - Sync 1 DAGs
[2025-07-27T20:30:25.511+0200] {logging_mixin.py:188} INFO - [2025-07-27T20:30:25.511+0200] {dag.py:3954} INFO - Setting next_dagrun for latest_only to 2025-07-27 12:00:00+00:00, run_after=2025-07-27 16:00:00+00:00
[2025-07-27T20:30:25.534+0200] {processor.py:183} INFO - Processing /home/leoja/airflow/airflow_venv/lib/python3.12/site-packages/airflow/example_dags/example_latest_only.py took 0.071 seconds
[2025-07-27T20:31:16.275+0200] {processor.py:161} INFO - Started process (PID=19980) to work on /home/leoja/airflow/airflow_venv/lib/python3.12/site-packages/airflow/example_dags/example_latest_only.py
[2025-07-27T20:31:16.278+0200] {processor.py:830} INFO - Processing file /home/leoja/airflow/airflow_venv/lib/python3.12/site-packages/airflow/example_dags/example_latest_only.py for tasks to queue
[2025-07-27T20:31:16.281+0200] {logging_mixin.py:188} INFO - [2025-07-27T20:31:16.280+0200] {dagbag.py:540} INFO - Filling up the DagBag from /home/leoja/airflow/airflow_venv/lib/python3.12/site-packages/airflow/example_dags/example_latest_only.py
[2025-07-27T20:31:16.299+0200] {processor.py:840} INFO - DAG(s) 'latest_only' retrieved from /home/leoja/airflow/airflow_venv/lib/python3.12/site-packages/airflow/example_dags/example_latest_only.py
[2025-07-27T20:31:16.353+0200] {logging_mixin.py:188} INFO - [2025-07-27T20:31:16.352+0200] {dag.py:3096} INFO - Sync 1 DAGs
[2025-07-27T20:31:16.396+0200] {logging_mixin.py:188} INFO - [2025-07-27T20:31:16.396+0200] {dag.py:3954} INFO - Setting next_dagrun for latest_only to 2025-07-27 12:00:00+00:00, run_after=2025-07-27 16:00:00+00:00
[2025-07-27T20:31:16.641+0200] {processor.py:183} INFO - Processing /home/leoja/airflow/airflow_venv/lib/python3.12/site-packages/airflow/example_dags/example_latest_only.py took 0.374 seconds
[2025-07-27T20:32:05.147+0200] {processor.py:161} INFO - Started process (PID=20373) to work on /home/leoja/airflow/airflow_venv/lib/python3.12/site-packages/airflow/example_dags/example_latest_only.py
[2025-07-27T20:32:05.148+0200] {processor.py:830} INFO - Processing file /home/leoja/airflow/airflow_venv/lib/python3.12/site-packages/airflow/example_dags/example_latest_only.py for tasks to queue
[2025-07-27T20:32:05.149+0200] {logging_mixin.py:188} INFO - [2025-07-27T20:32:05.149+0200] {dagbag.py:540} INFO - Filling up the DagBag from /home/leoja/airflow/airflow_venv/lib/python3.12/site-packages/airflow/example_dags/example_latest_only.py
[2025-07-27T20:32:05.153+0200] {processor.py:840} INFO - DAG(s) 'latest_only' retrieved from /home/leoja/airflow/airflow_venv/lib/python3.12/site-packages/airflow/example_dags/example_latest_only.py
[2025-07-27T20:32:05.166+0200] {logging_mixin.py:188} INFO - [2025-07-27T20:32:05.165+0200] {dag.py:3096} INFO - Sync 1 DAGs
[2025-07-27T20:32:05.180+0200] {logging_mixin.py:188} INFO - [2025-07-27T20:32:05.180+0200] {dag.py:3954} INFO - Setting next_dagrun for latest_only to 2025-07-27 12:00:00+00:00, run_after=2025-07-27 16:00:00+00:00
[2025-07-27T20:32:05.198+0200] {processor.py:183} INFO - Processing /home/leoja/airflow/airflow_venv/lib/python3.12/site-packages/airflow/example_dags/example_latest_only.py took 0.056 seconds
[2025-07-27T20:32:52.218+0200] {processor.py:161} INFO - Started process (PID=20627) to work on /home/leoja/airflow/airflow_venv/lib/python3.12/site-packages/airflow/example_dags/example_latest_only.py
[2025-07-27T20:32:52.220+0200] {processor.py:830} INFO - Processing file /home/leoja/airflow/airflow_venv/lib/python3.12/site-packages/airflow/example_dags/example_latest_only.py for tasks to queue
[2025-07-27T20:32:52.221+0200] {logging_mixin.py:188} INFO - [2025-07-27T20:32:52.221+0200] {dagbag.py:540} INFO - Filling up the DagBag from /home/leoja/airflow/airflow_venv/lib/python3.12/site-packages/airflow/example_dags/example_latest_only.py
[2025-07-27T20:32:52.227+0200] {processor.py:840} INFO - DAG(s) 'latest_only' retrieved from /home/leoja/airflow/airflow_venv/lib/python3.12/site-packages/airflow/example_dags/example_latest_only.py
[2025-07-27T20:32:52.242+0200] {logging_mixin.py:188} INFO - [2025-07-27T20:32:52.241+0200] {dag.py:3096} INFO - Sync 1 DAGs
[2025-07-27T20:32:52.259+0200] {logging_mixin.py:188} INFO - [2025-07-27T20:32:52.259+0200] {dag.py:3954} INFO - Setting next_dagrun for latest_only to 2025-07-27 12:00:00+00:00, run_after=2025-07-27 16:00:00+00:00
[2025-07-27T20:32:53.788+0200] {processor.py:183} INFO - Processing /home/leoja/airflow/airflow_venv/lib/python3.12/site-packages/airflow/example_dags/example_latest_only.py took 0.067 seconds
[2025-07-27T20:33:41.816+0200] {processor.py:161} INFO - Started process (PID=20891) to work on /home/leoja/airflow/airflow_venv/lib/python3.12/site-packages/airflow/example_dags/example_latest_only.py
[2025-07-27T20:33:41.818+0200] {processor.py:830} INFO - Processing file /home/leoja/airflow/airflow_venv/lib/python3.12/site-packages/airflow/example_dags/example_latest_only.py for tasks to queue
[2025-07-27T20:33:41.819+0200] {logging_mixin.py:188} INFO - [2025-07-27T20:33:41.819+0200] {dagbag.py:540} INFO - Filling up the DagBag from /home/leoja/airflow/airflow_venv/lib/python3.12/site-packages/airflow/example_dags/example_latest_only.py
[2025-07-27T20:33:41.825+0200] {processor.py:840} INFO - DAG(s) 'latest_only' retrieved from /home/leoja/airflow/airflow_venv/lib/python3.12/site-packages/airflow/example_dags/example_latest_only.py
[2025-07-27T20:33:41.838+0200] {logging_mixin.py:188} INFO - [2025-07-27T20:33:41.837+0200] {dag.py:3096} INFO - Sync 1 DAGs
[2025-07-27T20:33:41.852+0200] {logging_mixin.py:188} INFO - [2025-07-27T20:33:41.852+0200] {dag.py:3954} INFO - Setting next_dagrun for latest_only to 2025-07-27 12:00:00+00:00, run_after=2025-07-27 16:00:00+00:00
[2025-07-27T20:33:41.873+0200] {processor.py:183} INFO - Processing /home/leoja/airflow/airflow_venv/lib/python3.12/site-packages/airflow/example_dags/example_latest_only.py took 0.063 seconds
[2025-07-27T20:34:28.664+0200] {processor.py:161} INFO - Started process (PID=21181) to work on /home/leoja/airflow/airflow_venv/lib/python3.12/site-packages/airflow/example_dags/example_latest_only.py
[2025-07-27T20:34:28.666+0200] {processor.py:830} INFO - Processing file /home/leoja/airflow/airflow_venv/lib/python3.12/site-packages/airflow/example_dags/example_latest_only.py for tasks to queue
[2025-07-27T20:34:28.668+0200] {logging_mixin.py:188} INFO - [2025-07-27T20:34:28.667+0200] {dagbag.py:540} INFO - Filling up the DagBag from /home/leoja/airflow/airflow_venv/lib/python3.12/site-packages/airflow/example_dags/example_latest_only.py
[2025-07-27T20:34:28.672+0200] {processor.py:840} INFO - DAG(s) 'latest_only' retrieved from /home/leoja/airflow/airflow_venv/lib/python3.12/site-packages/airflow/example_dags/example_latest_only.py
[2025-07-27T20:34:28.692+0200] {logging_mixin.py:188} INFO - [2025-07-27T20:34:28.692+0200] {dag.py:3096} INFO - Sync 1 DAGs
[2025-07-27T20:34:28.706+0200] {logging_mixin.py:188} INFO - [2025-07-27T20:34:28.706+0200] {dag.py:3954} INFO - Setting next_dagrun for latest_only to 2025-07-27 12:00:00+00:00, run_after=2025-07-27 16:00:00+00:00
[2025-07-27T20:34:28.725+0200] {processor.py:183} INFO - Processing /home/leoja/airflow/airflow_venv/lib/python3.12/site-packages/airflow/example_dags/example_latest_only.py took 0.066 seconds
[2025-07-27T20:35:21.252+0200] {processor.py:161} INFO - Started process (PID=21458) to work on /home/leoja/airflow/airflow_venv/lib/python3.12/site-packages/airflow/example_dags/example_latest_only.py
[2025-07-27T20:35:21.254+0200] {processor.py:830} INFO - Processing file /home/leoja/airflow/airflow_venv/lib/python3.12/site-packages/airflow/example_dags/example_latest_only.py for tasks to queue
[2025-07-27T20:35:21.255+0200] {logging_mixin.py:188} INFO - [2025-07-27T20:35:21.255+0200] {dagbag.py:540} INFO - Filling up the DagBag from /home/leoja/airflow/airflow_venv/lib/python3.12/site-packages/airflow/example_dags/example_latest_only.py
[2025-07-27T20:35:21.260+0200] {processor.py:840} INFO - DAG(s) 'latest_only' retrieved from /home/leoja/airflow/airflow_venv/lib/python3.12/site-packages/airflow/example_dags/example_latest_only.py
[2025-07-27T20:35:21.272+0200] {logging_mixin.py:188} INFO - [2025-07-27T20:35:21.272+0200] {dag.py:3096} INFO - Sync 1 DAGs
[2025-07-27T20:35:21.286+0200] {logging_mixin.py:188} INFO - [2025-07-27T20:35:21.286+0200] {dag.py:3954} INFO - Setting next_dagrun for latest_only to 2025-07-27 12:00:00+00:00, run_after=2025-07-27 16:00:00+00:00
[2025-07-27T20:35:21.305+0200] {processor.py:183} INFO - Processing /home/leoja/airflow/airflow_venv/lib/python3.12/site-packages/airflow/example_dags/example_latest_only.py took 0.057 seconds
[2025-07-27T20:36:05.279+0200] {processor.py:161} INFO - Started process (PID=21704) to work on /home/leoja/airflow/airflow_venv/lib/python3.12/site-packages/airflow/example_dags/example_latest_only.py
[2025-07-27T20:36:05.280+0200] {processor.py:830} INFO - Processing file /home/leoja/airflow/airflow_venv/lib/python3.12/site-packages/airflow/example_dags/example_latest_only.py for tasks to queue
[2025-07-27T20:36:05.281+0200] {logging_mixin.py:188} INFO - [2025-07-27T20:36:05.281+0200] {dagbag.py:540} INFO - Filling up the DagBag from /home/leoja/airflow/airflow_venv/lib/python3.12/site-packages/airflow/example_dags/example_latest_only.py
[2025-07-27T20:36:05.286+0200] {processor.py:840} INFO - DAG(s) 'latest_only' retrieved from /home/leoja/airflow/airflow_venv/lib/python3.12/site-packages/airflow/example_dags/example_latest_only.py
[2025-07-27T20:36:05.298+0200] {logging_mixin.py:188} INFO - [2025-07-27T20:36:05.298+0200] {dag.py:3096} INFO - Sync 1 DAGs
[2025-07-27T20:36:05.311+0200] {logging_mixin.py:188} INFO - [2025-07-27T20:36:05.311+0200] {dag.py:3954} INFO - Setting next_dagrun for latest_only to 2025-07-27 12:00:00+00:00, run_after=2025-07-27 16:00:00+00:00
[2025-07-27T20:36:05.329+0200] {processor.py:183} INFO - Processing /home/leoja/airflow/airflow_venv/lib/python3.12/site-packages/airflow/example_dags/example_latest_only.py took 0.055 seconds
[2025-07-27T20:36:53.007+0200] {processor.py:161} INFO - Started process (PID=21954) to work on /home/leoja/airflow/airflow_venv/lib/python3.12/site-packages/airflow/example_dags/example_latest_only.py
[2025-07-27T20:36:53.008+0200] {processor.py:830} INFO - Processing file /home/leoja/airflow/airflow_venv/lib/python3.12/site-packages/airflow/example_dags/example_latest_only.py for tasks to queue
[2025-07-27T20:36:53.010+0200] {logging_mixin.py:188} INFO - [2025-07-27T20:36:53.009+0200] {dagbag.py:540} INFO - Filling up the DagBag from /home/leoja/airflow/airflow_venv/lib/python3.12/site-packages/airflow/example_dags/example_latest_only.py
[2025-07-27T20:36:53.015+0200] {processor.py:840} INFO - DAG(s) 'latest_only' retrieved from /home/leoja/airflow/airflow_venv/lib/python3.12/site-packages/airflow/example_dags/example_latest_only.py
[2025-07-27T20:36:53.027+0200] {logging_mixin.py:188} INFO - [2025-07-27T20:36:53.026+0200] {dag.py:3096} INFO - Sync 1 DAGs
[2025-07-27T20:36:53.041+0200] {logging_mixin.py:188} INFO - [2025-07-27T20:36:53.041+0200] {dag.py:3954} INFO - Setting next_dagrun for latest_only to 2025-07-27 12:00:00+00:00, run_after=2025-07-27 16:00:00+00:00
[2025-07-27T20:36:53.065+0200] {processor.py:183} INFO - Processing /home/leoja/airflow/airflow_venv/lib/python3.12/site-packages/airflow/example_dags/example_latest_only.py took 0.063 seconds
[2025-07-27T20:37:40.457+0200] {processor.py:161} INFO - Started process (PID=22219) to work on /home/leoja/airflow/airflow_venv/lib/python3.12/site-packages/airflow/example_dags/example_latest_only.py
[2025-07-27T20:37:40.463+0200] {processor.py:830} INFO - Processing file /home/leoja/airflow/airflow_venv/lib/python3.12/site-packages/airflow/example_dags/example_latest_only.py for tasks to queue
[2025-07-27T20:37:40.465+0200] {logging_mixin.py:188} INFO - [2025-07-27T20:37:40.465+0200] {dagbag.py:540} INFO - Filling up the DagBag from /home/leoja/airflow/airflow_venv/lib/python3.12/site-packages/airflow/example_dags/example_latest_only.py
[2025-07-27T20:37:40.469+0200] {processor.py:840} INFO - DAG(s) 'latest_only' retrieved from /home/leoja/airflow/airflow_venv/lib/python3.12/site-packages/airflow/example_dags/example_latest_only.py
[2025-07-27T20:37:40.481+0200] {logging_mixin.py:188} INFO - [2025-07-27T20:37:40.481+0200] {dag.py:3096} INFO - Sync 1 DAGs
[2025-07-27T20:37:40.495+0200] {logging_mixin.py:188} INFO - [2025-07-27T20:37:40.495+0200] {dag.py:3954} INFO - Setting next_dagrun for latest_only to 2025-07-27 12:00:00+00:00, run_after=2025-07-27 16:00:00+00:00
[2025-07-27T20:37:40.516+0200] {processor.py:183} INFO - Processing /home/leoja/airflow/airflow_venv/lib/python3.12/site-packages/airflow/example_dags/example_latest_only.py took 0.065 seconds
[2025-07-27T20:38:33.166+0200] {processor.py:161} INFO - Started process (PID=22522) to work on /home/leoja/airflow/airflow_venv/lib/python3.12/site-packages/airflow/example_dags/example_latest_only.py
[2025-07-27T20:38:33.168+0200] {processor.py:830} INFO - Processing file /home/leoja/airflow/airflow_venv/lib/python3.12/site-packages/airflow/example_dags/example_latest_only.py for tasks to queue
[2025-07-27T20:38:33.169+0200] {logging_mixin.py:188} INFO - [2025-07-27T20:38:33.169+0200] {dagbag.py:540} INFO - Filling up the DagBag from /home/leoja/airflow/airflow_venv/lib/python3.12/site-packages/airflow/example_dags/example_latest_only.py
[2025-07-27T20:38:33.173+0200] {processor.py:840} INFO - DAG(s) 'latest_only' retrieved from /home/leoja/airflow/airflow_venv/lib/python3.12/site-packages/airflow/example_dags/example_latest_only.py
[2025-07-27T20:38:33.186+0200] {logging_mixin.py:188} INFO - [2025-07-27T20:38:33.186+0200] {dag.py:3096} INFO - Sync 1 DAGs
[2025-07-27T20:38:33.199+0200] {logging_mixin.py:188} INFO - [2025-07-27T20:38:33.199+0200] {dag.py:3954} INFO - Setting next_dagrun for latest_only to 2025-07-27 12:00:00+00:00, run_after=2025-07-27 16:00:00+00:00
[2025-07-27T20:38:33.218+0200] {processor.py:183} INFO - Processing /home/leoja/airflow/airflow_venv/lib/python3.12/site-packages/airflow/example_dags/example_latest_only.py took 0.058 seconds
