[2025-07-27T19:41:28.142+0200] {processor.py:161} INFO - Started process (PID=2733) to work on /home/leoja/airflow/airflow_venv/lib/python3.12/site-packages/airflow/example_dags/example_branch_labels.py
[2025-07-27T19:41:28.144+0200] {processor.py:830} INFO - Processing file /home/leoja/airflow/airflow_venv/lib/python3.12/site-packages/airflow/example_dags/example_branch_labels.py for tasks to queue
[2025-07-27T19:41:28.147+0200] {logging_mixin.py:188} INFO - [2025-07-27T19:41:28.146+0200] {dagbag.py:540} INFO - Filling up the DagBag from /home/leoja/airflow/airflow_venv/lib/python3.12/site-packages/airflow/example_dags/example_branch_labels.py
[2025-07-27T19:41:28.160+0200] {processor.py:840} INFO - DAG(s) 'example_branch_labels' retrieved from /home/leoja/airflow/airflow_venv/lib/python3.12/site-packages/airflow/example_dags/example_branch_labels.py
[2025-07-27T19:41:28.273+0200] {logging_mixin.py:188} INFO - [2025-07-27T19:41:28.273+0200] {dag.py:3096} INFO - Sync 1 DAGs
[2025-07-27T19:41:28.299+0200] {logging_mixin.py:188} INFO - [2025-07-27T19:41:28.299+0200] {dag.py:3954} INFO - Setting next_dagrun for example_branch_labels to 2025-07-26 00:00:00+00:00, run_after=2025-07-27 00:00:00+00:00
[2025-07-27T19:41:28.327+0200] {processor.py:183} INFO - Processing /home/leoja/airflow/airflow_venv/lib/python3.12/site-packages/airflow/example_dags/example_branch_labels.py took 0.196 seconds
[2025-07-27T19:42:26.855+0200] {processor.py:161} INFO - Started process (PID=3332) to work on /home/leoja/airflow/airflow_venv/lib/python3.12/site-packages/airflow/example_dags/example_branch_labels.py
[2025-07-27T19:42:26.856+0200] {processor.py:830} INFO - Processing file /home/leoja/airflow/airflow_venv/lib/python3.12/site-packages/airflow/example_dags/example_branch_labels.py for tasks to queue
[2025-07-27T19:42:26.858+0200] {logging_mixin.py:188} INFO - [2025-07-27T19:42:26.857+0200] {dagbag.py:540} INFO - Filling up the DagBag from /home/leoja/airflow/airflow_venv/lib/python3.12/site-packages/airflow/example_dags/example_branch_labels.py
[2025-07-27T19:42:26.863+0200] {processor.py:840} INFO - DAG(s) 'example_branch_labels' retrieved from /home/leoja/airflow/airflow_venv/lib/python3.12/site-packages/airflow/example_dags/example_branch_labels.py
[2025-07-27T19:42:26.882+0200] {logging_mixin.py:188} INFO - [2025-07-27T19:42:26.881+0200] {dag.py:3096} INFO - Sync 1 DAGs
[2025-07-27T19:42:26.902+0200] {logging_mixin.py:188} INFO - [2025-07-27T19:42:26.902+0200] {dag.py:3954} INFO - Setting next_dagrun for example_branch_labels to 2025-07-26 00:00:00+00:00, run_after=2025-07-27 00:00:00+00:00
[2025-07-27T19:42:26.925+0200] {processor.py:183} INFO - Processing /home/leoja/airflow/airflow_venv/lib/python3.12/site-packages/airflow/example_dags/example_branch_labels.py took 0.075 seconds
[2025-07-27T19:43:41.027+0200] {processor.py:161} INFO - Started process (PID=3715) to work on /home/leoja/airflow/airflow_venv/lib/python3.12/site-packages/airflow/example_dags/example_branch_labels.py
[2025-07-27T19:43:41.029+0200] {processor.py:830} INFO - Processing file /home/leoja/airflow/airflow_venv/lib/python3.12/site-packages/airflow/example_dags/example_branch_labels.py for tasks to queue
[2025-07-27T19:43:41.031+0200] {logging_mixin.py:188} INFO - [2025-07-27T19:43:41.031+0200] {dagbag.py:540} INFO - Filling up the DagBag from /home/leoja/airflow/airflow_venv/lib/python3.12/site-packages/airflow/example_dags/example_branch_labels.py
[2025-07-27T19:43:41.037+0200] {processor.py:840} INFO - DAG(s) 'example_branch_labels' retrieved from /home/leoja/airflow/airflow_venv/lib/python3.12/site-packages/airflow/example_dags/example_branch_labels.py
[2025-07-27T19:43:41.056+0200] {logging_mixin.py:188} INFO - [2025-07-27T19:43:41.055+0200] {dag.py:3096} INFO - Sync 1 DAGs
[2025-07-27T19:43:41.082+0200] {logging_mixin.py:188} INFO - [2025-07-27T19:43:41.082+0200] {dag.py:3954} INFO - Setting next_dagrun for example_branch_labels to 2025-07-26 00:00:00+00:00, run_after=2025-07-27 00:00:00+00:00
[2025-07-27T19:43:41.124+0200] {processor.py:183} INFO - Processing /home/leoja/airflow/airflow_venv/lib/python3.12/site-packages/airflow/example_dags/example_branch_labels.py took 0.103 seconds
[2025-07-27T19:44:59.829+0200] {processor.py:161} INFO - Started process (PID=4185) to work on /home/leoja/airflow/airflow_venv/lib/python3.12/site-packages/airflow/example_dags/example_branch_labels.py
[2025-07-27T19:44:59.832+0200] {processor.py:830} INFO - Processing file /home/leoja/airflow/airflow_venv/lib/python3.12/site-packages/airflow/example_dags/example_branch_labels.py for tasks to queue
[2025-07-27T19:44:59.833+0200] {logging_mixin.py:188} INFO - [2025-07-27T19:44:59.833+0200] {dagbag.py:540} INFO - Filling up the DagBag from /home/leoja/airflow/airflow_venv/lib/python3.12/site-packages/airflow/example_dags/example_branch_labels.py
[2025-07-27T19:44:59.841+0200] {processor.py:840} INFO - DAG(s) 'example_branch_labels' retrieved from /home/leoja/airflow/airflow_venv/lib/python3.12/site-packages/airflow/example_dags/example_branch_labels.py
[2025-07-27T19:44:59.857+0200] {logging_mixin.py:188} INFO - [2025-07-27T19:44:59.857+0200] {dag.py:3096} INFO - Sync 1 DAGs
[2025-07-27T19:44:59.871+0200] {logging_mixin.py:188} INFO - [2025-07-27T19:44:59.871+0200] {dag.py:3954} INFO - Setting next_dagrun for example_branch_labels to 2025-07-26 00:00:00+00:00, run_after=2025-07-27 00:00:00+00:00
[2025-07-27T19:44:59.891+0200] {processor.py:183} INFO - Processing /home/leoja/airflow/airflow_venv/lib/python3.12/site-packages/airflow/example_dags/example_branch_labels.py took 0.067 seconds
[2025-07-27T19:46:11.877+0200] {processor.py:161} INFO - Started process (PID=4611) to work on /home/leoja/airflow/airflow_venv/lib/python3.12/site-packages/airflow/example_dags/example_branch_labels.py
[2025-07-27T19:46:11.879+0200] {processor.py:830} INFO - Processing file /home/leoja/airflow/airflow_venv/lib/python3.12/site-packages/airflow/example_dags/example_branch_labels.py for tasks to queue
[2025-07-27T19:46:11.880+0200] {logging_mixin.py:188} INFO - [2025-07-27T19:46:11.880+0200] {dagbag.py:540} INFO - Filling up the DagBag from /home/leoja/airflow/airflow_venv/lib/python3.12/site-packages/airflow/example_dags/example_branch_labels.py
[2025-07-27T19:46:11.889+0200] {processor.py:840} INFO - DAG(s) 'example_branch_labels' retrieved from /home/leoja/airflow/airflow_venv/lib/python3.12/site-packages/airflow/example_dags/example_branch_labels.py
[2025-07-27T19:46:11.906+0200] {logging_mixin.py:188} INFO - [2025-07-27T19:46:11.906+0200] {dag.py:3096} INFO - Sync 1 DAGs
[2025-07-27T19:46:11.929+0200] {logging_mixin.py:188} INFO - [2025-07-27T19:46:11.929+0200] {dag.py:3954} INFO - Setting next_dagrun for example_branch_labels to 2025-07-26 00:00:00+00:00, run_after=2025-07-27 00:00:00+00:00
[2025-07-27T19:46:11.954+0200] {processor.py:183} INFO - Processing /home/leoja/airflow/airflow_venv/lib/python3.12/site-packages/airflow/example_dags/example_branch_labels.py took 0.082 seconds
[2025-07-27T19:47:22.215+0200] {processor.py:161} INFO - Started process (PID=5019) to work on /home/leoja/airflow/airflow_venv/lib/python3.12/site-packages/airflow/example_dags/example_branch_labels.py
[2025-07-27T19:47:22.217+0200] {processor.py:830} INFO - Processing file /home/leoja/airflow/airflow_venv/lib/python3.12/site-packages/airflow/example_dags/example_branch_labels.py for tasks to queue
[2025-07-27T19:47:22.218+0200] {logging_mixin.py:188} INFO - [2025-07-27T19:47:22.218+0200] {dagbag.py:540} INFO - Filling up the DagBag from /home/leoja/airflow/airflow_venv/lib/python3.12/site-packages/airflow/example_dags/example_branch_labels.py
[2025-07-27T19:47:22.225+0200] {processor.py:840} INFO - DAG(s) 'example_branch_labels' retrieved from /home/leoja/airflow/airflow_venv/lib/python3.12/site-packages/airflow/example_dags/example_branch_labels.py
[2025-07-27T19:47:22.244+0200] {logging_mixin.py:188} INFO - [2025-07-27T19:47:22.244+0200] {dag.py:3096} INFO - Sync 1 DAGs
[2025-07-27T19:47:22.268+0200] {logging_mixin.py:188} INFO - [2025-07-27T19:47:22.268+0200] {dag.py:3954} INFO - Setting next_dagrun for example_branch_labels to 2025-07-26 00:00:00+00:00, run_after=2025-07-27 00:00:00+00:00
[2025-07-27T19:47:22.301+0200] {processor.py:183} INFO - Processing /home/leoja/airflow/airflow_venv/lib/python3.12/site-packages/airflow/example_dags/example_branch_labels.py took 0.092 seconds
[2025-07-27T19:48:32.618+0200] {processor.py:161} INFO - Started process (PID=5400) to work on /home/leoja/airflow/airflow_venv/lib/python3.12/site-packages/airflow/example_dags/example_branch_labels.py
[2025-07-27T19:48:32.619+0200] {processor.py:830} INFO - Processing file /home/leoja/airflow/airflow_venv/lib/python3.12/site-packages/airflow/example_dags/example_branch_labels.py for tasks to queue
[2025-07-27T19:48:32.621+0200] {logging_mixin.py:188} INFO - [2025-07-27T19:48:32.620+0200] {dagbag.py:540} INFO - Filling up the DagBag from /home/leoja/airflow/airflow_venv/lib/python3.12/site-packages/airflow/example_dags/example_branch_labels.py
[2025-07-27T19:48:32.627+0200] {processor.py:840} INFO - DAG(s) 'example_branch_labels' retrieved from /home/leoja/airflow/airflow_venv/lib/python3.12/site-packages/airflow/example_dags/example_branch_labels.py
[2025-07-27T19:48:32.645+0200] {logging_mixin.py:188} INFO - [2025-07-27T19:48:32.645+0200] {dag.py:3096} INFO - Sync 1 DAGs
[2025-07-27T19:48:32.662+0200] {logging_mixin.py:188} INFO - [2025-07-27T19:48:32.662+0200] {dag.py:3954} INFO - Setting next_dagrun for example_branch_labels to 2025-07-26 00:00:00+00:00, run_after=2025-07-27 00:00:00+00:00
[2025-07-27T19:48:32.685+0200] {processor.py:183} INFO - Processing /home/leoja/airflow/airflow_venv/lib/python3.12/site-packages/airflow/example_dags/example_branch_labels.py took 0.073 seconds
[2025-07-27T19:49:49.088+0200] {processor.py:161} INFO - Started process (PID=5808) to work on /home/leoja/airflow/airflow_venv/lib/python3.12/site-packages/airflow/example_dags/example_branch_labels.py
[2025-07-27T19:49:49.091+0200] {processor.py:830} INFO - Processing file /home/leoja/airflow/airflow_venv/lib/python3.12/site-packages/airflow/example_dags/example_branch_labels.py for tasks to queue
[2025-07-27T19:49:49.093+0200] {logging_mixin.py:188} INFO - [2025-07-27T19:49:49.092+0200] {dagbag.py:540} INFO - Filling up the DagBag from /home/leoja/airflow/airflow_venv/lib/python3.12/site-packages/airflow/example_dags/example_branch_labels.py
[2025-07-27T19:49:49.101+0200] {processor.py:840} INFO - DAG(s) 'example_branch_labels' retrieved from /home/leoja/airflow/airflow_venv/lib/python3.12/site-packages/airflow/example_dags/example_branch_labels.py
[2025-07-27T19:49:49.118+0200] {logging_mixin.py:188} INFO - [2025-07-27T19:49:49.118+0200] {dag.py:3096} INFO - Sync 1 DAGs
[2025-07-27T19:49:49.135+0200] {logging_mixin.py:188} INFO - [2025-07-27T19:49:49.135+0200] {dag.py:3954} INFO - Setting next_dagrun for example_branch_labels to 2025-07-26 00:00:00+00:00, run_after=2025-07-27 00:00:00+00:00
[2025-07-27T19:49:49.158+0200] {processor.py:183} INFO - Processing /home/leoja/airflow/airflow_venv/lib/python3.12/site-packages/airflow/example_dags/example_branch_labels.py took 0.074 seconds
[2025-07-27T19:51:03.354+0200] {processor.py:161} INFO - Started process (PID=6253) to work on /home/leoja/airflow/airflow_venv/lib/python3.12/site-packages/airflow/example_dags/example_branch_labels.py
[2025-07-27T19:51:03.356+0200] {processor.py:830} INFO - Processing file /home/leoja/airflow/airflow_venv/lib/python3.12/site-packages/airflow/example_dags/example_branch_labels.py for tasks to queue
[2025-07-27T19:51:03.357+0200] {logging_mixin.py:188} INFO - [2025-07-27T19:51:03.357+0200] {dagbag.py:540} INFO - Filling up the DagBag from /home/leoja/airflow/airflow_venv/lib/python3.12/site-packages/airflow/example_dags/example_branch_labels.py
[2025-07-27T19:51:03.364+0200] {processor.py:840} INFO - DAG(s) 'example_branch_labels' retrieved from /home/leoja/airflow/airflow_venv/lib/python3.12/site-packages/airflow/example_dags/example_branch_labels.py
[2025-07-27T19:51:03.382+0200] {logging_mixin.py:188} INFO - [2025-07-27T19:51:03.382+0200] {dag.py:3096} INFO - Sync 1 DAGs
[2025-07-27T19:51:03.398+0200] {logging_mixin.py:188} INFO - [2025-07-27T19:51:03.398+0200] {dag.py:3954} INFO - Setting next_dagrun for example_branch_labels to 2025-07-26 00:00:00+00:00, run_after=2025-07-27 00:00:00+00:00
[2025-07-27T19:51:03.417+0200] {processor.py:183} INFO - Processing /home/leoja/airflow/airflow_venv/lib/python3.12/site-packages/airflow/example_dags/example_branch_labels.py took 0.067 seconds
[2025-07-27T19:52:17.844+0200] {processor.py:161} INFO - Started process (PID=6682) to work on /home/leoja/airflow/airflow_venv/lib/python3.12/site-packages/airflow/example_dags/example_branch_labels.py
[2025-07-27T19:52:17.845+0200] {processor.py:830} INFO - Processing file /home/leoja/airflow/airflow_venv/lib/python3.12/site-packages/airflow/example_dags/example_branch_labels.py for tasks to queue
[2025-07-27T19:52:17.847+0200] {logging_mixin.py:188} INFO - [2025-07-27T19:52:17.846+0200] {dagbag.py:540} INFO - Filling up the DagBag from /home/leoja/airflow/airflow_venv/lib/python3.12/site-packages/airflow/example_dags/example_branch_labels.py
[2025-07-27T19:52:17.857+0200] {processor.py:840} INFO - DAG(s) 'example_branch_labels' retrieved from /home/leoja/airflow/airflow_venv/lib/python3.12/site-packages/airflow/example_dags/example_branch_labels.py
[2025-07-27T19:52:17.871+0200] {logging_mixin.py:188} INFO - [2025-07-27T19:52:17.871+0200] {dag.py:3096} INFO - Sync 1 DAGs
[2025-07-27T19:52:17.887+0200] {logging_mixin.py:188} INFO - [2025-07-27T19:52:17.886+0200] {dag.py:3954} INFO - Setting next_dagrun for example_branch_labels to 2025-07-26 00:00:00+00:00, run_after=2025-07-27 00:00:00+00:00
[2025-07-27T19:52:17.911+0200] {processor.py:183} INFO - Processing /home/leoja/airflow/airflow_venv/lib/python3.12/site-packages/airflow/example_dags/example_branch_labels.py took 0.071 seconds
[2025-07-27T19:53:28.747+0200] {processor.py:161} INFO - Started process (PID=7107) to work on /home/leoja/airflow/airflow_venv/lib/python3.12/site-packages/airflow/example_dags/example_branch_labels.py
[2025-07-27T19:53:28.748+0200] {processor.py:830} INFO - Processing file /home/leoja/airflow/airflow_venv/lib/python3.12/site-packages/airflow/example_dags/example_branch_labels.py for tasks to queue
[2025-07-27T19:53:28.750+0200] {logging_mixin.py:188} INFO - [2025-07-27T19:53:28.749+0200] {dagbag.py:540} INFO - Filling up the DagBag from /home/leoja/airflow/airflow_venv/lib/python3.12/site-packages/airflow/example_dags/example_branch_labels.py
[2025-07-27T19:53:28.756+0200] {processor.py:840} INFO - DAG(s) 'example_branch_labels' retrieved from /home/leoja/airflow/airflow_venv/lib/python3.12/site-packages/airflow/example_dags/example_branch_labels.py
[2025-07-27T19:53:28.769+0200] {logging_mixin.py:188} INFO - [2025-07-27T19:53:28.769+0200] {dag.py:3096} INFO - Sync 1 DAGs
[2025-07-27T19:53:28.784+0200] {logging_mixin.py:188} INFO - [2025-07-27T19:53:28.784+0200] {dag.py:3954} INFO - Setting next_dagrun for example_branch_labels to 2025-07-26 00:00:00+00:00, run_after=2025-07-27 00:00:00+00:00
[2025-07-27T19:53:28.807+0200] {processor.py:183} INFO - Processing /home/leoja/airflow/airflow_venv/lib/python3.12/site-packages/airflow/example_dags/example_branch_labels.py took 0.065 seconds
[2025-07-27T19:54:36.770+0200] {processor.py:161} INFO - Started process (PID=7457) to work on /home/leoja/airflow/airflow_venv/lib/python3.12/site-packages/airflow/example_dags/example_branch_labels.py
[2025-07-27T19:54:36.772+0200] {processor.py:830} INFO - Processing file /home/leoja/airflow/airflow_venv/lib/python3.12/site-packages/airflow/example_dags/example_branch_labels.py for tasks to queue
[2025-07-27T19:54:36.773+0200] {logging_mixin.py:188} INFO - [2025-07-27T19:54:36.773+0200] {dagbag.py:540} INFO - Filling up the DagBag from /home/leoja/airflow/airflow_venv/lib/python3.12/site-packages/airflow/example_dags/example_branch_labels.py
[2025-07-27T19:54:36.779+0200] {processor.py:840} INFO - DAG(s) 'example_branch_labels' retrieved from /home/leoja/airflow/airflow_venv/lib/python3.12/site-packages/airflow/example_dags/example_branch_labels.py
[2025-07-27T19:54:36.792+0200] {logging_mixin.py:188} INFO - [2025-07-27T19:54:36.792+0200] {dag.py:3096} INFO - Sync 1 DAGs
[2025-07-27T19:54:36.806+0200] {logging_mixin.py:188} INFO - [2025-07-27T19:54:36.805+0200] {dag.py:3954} INFO - Setting next_dagrun for example_branch_labels to 2025-07-26 00:00:00+00:00, run_after=2025-07-27 00:00:00+00:00
[2025-07-27T19:54:36.830+0200] {processor.py:183} INFO - Processing /home/leoja/airflow/airflow_venv/lib/python3.12/site-packages/airflow/example_dags/example_branch_labels.py took 0.065 seconds
[2025-07-27T19:55:50.033+0200] {processor.py:161} INFO - Started process (PID=7872) to work on /home/leoja/airflow/airflow_venv/lib/python3.12/site-packages/airflow/example_dags/example_branch_labels.py
[2025-07-27T19:55:50.034+0200] {processor.py:830} INFO - Processing file /home/leoja/airflow/airflow_venv/lib/python3.12/site-packages/airflow/example_dags/example_branch_labels.py for tasks to queue
[2025-07-27T19:55:50.036+0200] {logging_mixin.py:188} INFO - [2025-07-27T19:55:50.035+0200] {dagbag.py:540} INFO - Filling up the DagBag from /home/leoja/airflow/airflow_venv/lib/python3.12/site-packages/airflow/example_dags/example_branch_labels.py
[2025-07-27T19:55:50.043+0200] {processor.py:840} INFO - DAG(s) 'example_branch_labels' retrieved from /home/leoja/airflow/airflow_venv/lib/python3.12/site-packages/airflow/example_dags/example_branch_labels.py
[2025-07-27T19:55:50.055+0200] {logging_mixin.py:188} INFO - [2025-07-27T19:55:50.054+0200] {dag.py:3096} INFO - Sync 1 DAGs
[2025-07-27T19:55:50.067+0200] {logging_mixin.py:188} INFO - [2025-07-27T19:55:50.067+0200] {dag.py:3954} INFO - Setting next_dagrun for example_branch_labels to 2025-07-26 00:00:00+00:00, run_after=2025-07-27 00:00:00+00:00
[2025-07-27T19:55:50.096+0200] {processor.py:183} INFO - Processing /home/leoja/airflow/airflow_venv/lib/python3.12/site-packages/airflow/example_dags/example_branch_labels.py took 0.067 seconds
[2025-07-27T19:57:09.972+0200] {processor.py:161} INFO - Started process (PID=8311) to work on /home/leoja/airflow/airflow_venv/lib/python3.12/site-packages/airflow/example_dags/example_branch_labels.py
[2025-07-27T19:57:09.974+0200] {processor.py:830} INFO - Processing file /home/leoja/airflow/airflow_venv/lib/python3.12/site-packages/airflow/example_dags/example_branch_labels.py for tasks to queue
[2025-07-27T19:57:09.975+0200] {logging_mixin.py:188} INFO - [2025-07-27T19:57:09.975+0200] {dagbag.py:540} INFO - Filling up the DagBag from /home/leoja/airflow/airflow_venv/lib/python3.12/site-packages/airflow/example_dags/example_branch_labels.py
[2025-07-27T19:57:09.983+0200] {processor.py:840} INFO - DAG(s) 'example_branch_labels' retrieved from /home/leoja/airflow/airflow_venv/lib/python3.12/site-packages/airflow/example_dags/example_branch_labels.py
[2025-07-27T19:57:10.000+0200] {logging_mixin.py:188} INFO - [2025-07-27T19:57:10.000+0200] {dag.py:3096} INFO - Sync 1 DAGs
[2025-07-27T19:57:10.019+0200] {logging_mixin.py:188} INFO - [2025-07-27T19:57:10.019+0200] {dag.py:3954} INFO - Setting next_dagrun for example_branch_labels to 2025-07-26 00:00:00+00:00, run_after=2025-07-27 00:00:00+00:00
[2025-07-27T19:57:10.046+0200] {processor.py:183} INFO - Processing /home/leoja/airflow/airflow_venv/lib/python3.12/site-packages/airflow/example_dags/example_branch_labels.py took 0.081 seconds
[2025-07-27T19:58:26.590+0200] {processor.py:161} INFO - Started process (PID=8754) to work on /home/leoja/airflow/airflow_venv/lib/python3.12/site-packages/airflow/example_dags/example_branch_labels.py
[2025-07-27T19:58:26.592+0200] {processor.py:830} INFO - Processing file /home/leoja/airflow/airflow_venv/lib/python3.12/site-packages/airflow/example_dags/example_branch_labels.py for tasks to queue
[2025-07-27T19:58:26.594+0200] {logging_mixin.py:188} INFO - [2025-07-27T19:58:26.593+0200] {dagbag.py:540} INFO - Filling up the DagBag from /home/leoja/airflow/airflow_venv/lib/python3.12/site-packages/airflow/example_dags/example_branch_labels.py
[2025-07-27T19:58:26.600+0200] {processor.py:840} INFO - DAG(s) 'example_branch_labels' retrieved from /home/leoja/airflow/airflow_venv/lib/python3.12/site-packages/airflow/example_dags/example_branch_labels.py
[2025-07-27T19:58:26.612+0200] {logging_mixin.py:188} INFO - [2025-07-27T19:58:26.611+0200] {dag.py:3096} INFO - Sync 1 DAGs
[2025-07-27T19:58:26.625+0200] {logging_mixin.py:188} INFO - [2025-07-27T19:58:26.625+0200] {dag.py:3954} INFO - Setting next_dagrun for example_branch_labels to 2025-07-26 00:00:00+00:00, run_after=2025-07-27 00:00:00+00:00
[2025-07-27T19:58:26.644+0200] {processor.py:183} INFO - Processing /home/leoja/airflow/airflow_venv/lib/python3.12/site-packages/airflow/example_dags/example_branch_labels.py took 0.058 seconds
[2025-07-27T19:59:39.874+0200] {processor.py:161} INFO - Started process (PID=9127) to work on /home/leoja/airflow/airflow_venv/lib/python3.12/site-packages/airflow/example_dags/example_branch_labels.py
[2025-07-27T19:59:39.877+0200] {processor.py:830} INFO - Processing file /home/leoja/airflow/airflow_venv/lib/python3.12/site-packages/airflow/example_dags/example_branch_labels.py for tasks to queue
[2025-07-27T19:59:39.879+0200] {logging_mixin.py:188} INFO - [2025-07-27T19:59:39.879+0200] {dagbag.py:540} INFO - Filling up the DagBag from /home/leoja/airflow/airflow_venv/lib/python3.12/site-packages/airflow/example_dags/example_branch_labels.py
[2025-07-27T19:59:39.890+0200] {processor.py:840} INFO - DAG(s) 'example_branch_labels' retrieved from /home/leoja/airflow/airflow_venv/lib/python3.12/site-packages/airflow/example_dags/example_branch_labels.py
[2025-07-27T19:59:39.904+0200] {logging_mixin.py:188} INFO - [2025-07-27T19:59:39.904+0200] {dag.py:3096} INFO - Sync 1 DAGs
[2025-07-27T19:59:39.916+0200] {logging_mixin.py:188} INFO - [2025-07-27T19:59:39.916+0200] {dag.py:3954} INFO - Setting next_dagrun for example_branch_labels to 2025-07-26 00:00:00+00:00, run_after=2025-07-27 00:00:00+00:00
[2025-07-27T19:59:39.940+0200] {processor.py:183} INFO - Processing /home/leoja/airflow/airflow_venv/lib/python3.12/site-packages/airflow/example_dags/example_branch_labels.py took 0.071 seconds
[2025-07-27T20:01:01.996+0200] {processor.py:161} INFO - Started process (PID=9608) to work on /home/leoja/airflow/airflow_venv/lib/python3.12/site-packages/airflow/example_dags/example_branch_labels.py
[2025-07-27T20:01:01.998+0200] {processor.py:830} INFO - Processing file /home/leoja/airflow/airflow_venv/lib/python3.12/site-packages/airflow/example_dags/example_branch_labels.py for tasks to queue
[2025-07-27T20:01:02.000+0200] {logging_mixin.py:188} INFO - [2025-07-27T20:01:01.999+0200] {dagbag.py:540} INFO - Filling up the DagBag from /home/leoja/airflow/airflow_venv/lib/python3.12/site-packages/airflow/example_dags/example_branch_labels.py
[2025-07-27T20:01:02.006+0200] {processor.py:840} INFO - DAG(s) 'example_branch_labels' retrieved from /home/leoja/airflow/airflow_venv/lib/python3.12/site-packages/airflow/example_dags/example_branch_labels.py
[2025-07-27T20:01:02.024+0200] {logging_mixin.py:188} INFO - [2025-07-27T20:01:02.024+0200] {dag.py:3096} INFO - Sync 1 DAGs
[2025-07-27T20:01:02.046+0200] {logging_mixin.py:188} INFO - [2025-07-27T20:01:02.046+0200] {dag.py:3954} INFO - Setting next_dagrun for example_branch_labels to 2025-07-26 00:00:00+00:00, run_after=2025-07-27 00:00:00+00:00
[2025-07-27T20:01:02.068+0200] {processor.py:183} INFO - Processing /home/leoja/airflow/airflow_venv/lib/python3.12/site-packages/airflow/example_dags/example_branch_labels.py took 0.079 seconds
[2025-07-27T20:02:24.989+0200] {processor.py:161} INFO - Started process (PID=10039) to work on /home/leoja/airflow/airflow_venv/lib/python3.12/site-packages/airflow/example_dags/example_branch_labels.py
[2025-07-27T20:02:24.990+0200] {processor.py:830} INFO - Processing file /home/leoja/airflow/airflow_venv/lib/python3.12/site-packages/airflow/example_dags/example_branch_labels.py for tasks to queue
[2025-07-27T20:02:24.992+0200] {logging_mixin.py:188} INFO - [2025-07-27T20:02:24.992+0200] {dagbag.py:540} INFO - Filling up the DagBag from /home/leoja/airflow/airflow_venv/lib/python3.12/site-packages/airflow/example_dags/example_branch_labels.py
[2025-07-27T20:02:25.002+0200] {processor.py:840} INFO - DAG(s) 'example_branch_labels' retrieved from /home/leoja/airflow/airflow_venv/lib/python3.12/site-packages/airflow/example_dags/example_branch_labels.py
[2025-07-27T20:02:25.023+0200] {logging_mixin.py:188} INFO - [2025-07-27T20:02:25.023+0200] {dag.py:3096} INFO - Sync 1 DAGs
[2025-07-27T20:02:25.044+0200] {logging_mixin.py:188} INFO - [2025-07-27T20:02:25.044+0200] {dag.py:3954} INFO - Setting next_dagrun for example_branch_labels to 2025-07-26 00:00:00+00:00, run_after=2025-07-27 00:00:00+00:00
[2025-07-27T20:02:25.067+0200] {processor.py:183} INFO - Processing /home/leoja/airflow/airflow_venv/lib/python3.12/site-packages/airflow/example_dags/example_branch_labels.py took 0.084 seconds
[2025-07-27T20:03:26.457+0200] {processor.py:161} INFO - Started process (PID=10371) to work on /home/leoja/airflow/airflow_venv/lib/python3.12/site-packages/airflow/example_dags/example_branch_labels.py
[2025-07-27T20:03:26.459+0200] {processor.py:830} INFO - Processing file /home/leoja/airflow/airflow_venv/lib/python3.12/site-packages/airflow/example_dags/example_branch_labels.py for tasks to queue
[2025-07-27T20:03:26.462+0200] {logging_mixin.py:188} INFO - [2025-07-27T20:03:26.461+0200] {dagbag.py:540} INFO - Filling up the DagBag from /home/leoja/airflow/airflow_venv/lib/python3.12/site-packages/airflow/example_dags/example_branch_labels.py
[2025-07-27T20:03:26.473+0200] {processor.py:840} INFO - DAG(s) 'example_branch_labels' retrieved from /home/leoja/airflow/airflow_venv/lib/python3.12/site-packages/airflow/example_dags/example_branch_labels.py
[2025-07-27T20:03:26.495+0200] {logging_mixin.py:188} INFO - [2025-07-27T20:03:26.494+0200] {dag.py:3096} INFO - Sync 1 DAGs
[2025-07-27T20:03:26.521+0200] {logging_mixin.py:188} INFO - [2025-07-27T20:03:26.520+0200] {dag.py:3954} INFO - Setting next_dagrun for example_branch_labels to 2025-07-26 00:00:00+00:00, run_after=2025-07-27 00:00:00+00:00
[2025-07-27T20:03:26.549+0200] {processor.py:183} INFO - Processing /home/leoja/airflow/airflow_venv/lib/python3.12/site-packages/airflow/example_dags/example_branch_labels.py took 0.099 seconds
[2025-07-27T20:04:26.569+0200] {processor.py:161} INFO - Started process (PID=10713) to work on /home/leoja/airflow/airflow_venv/lib/python3.12/site-packages/airflow/example_dags/example_branch_labels.py
[2025-07-27T20:04:26.570+0200] {processor.py:830} INFO - Processing file /home/leoja/airflow/airflow_venv/lib/python3.12/site-packages/airflow/example_dags/example_branch_labels.py for tasks to queue
[2025-07-27T20:04:26.572+0200] {logging_mixin.py:188} INFO - [2025-07-27T20:04:26.571+0200] {dagbag.py:540} INFO - Filling up the DagBag from /home/leoja/airflow/airflow_venv/lib/python3.12/site-packages/airflow/example_dags/example_branch_labels.py
[2025-07-27T20:04:26.581+0200] {processor.py:840} INFO - DAG(s) 'example_branch_labels' retrieved from /home/leoja/airflow/airflow_venv/lib/python3.12/site-packages/airflow/example_dags/example_branch_labels.py
[2025-07-27T20:04:26.603+0200] {logging_mixin.py:188} INFO - [2025-07-27T20:04:26.603+0200] {dag.py:3096} INFO - Sync 1 DAGs
[2025-07-27T20:04:26.621+0200] {logging_mixin.py:188} INFO - [2025-07-27T20:04:26.621+0200] {dag.py:3954} INFO - Setting next_dagrun for example_branch_labels to 2025-07-26 00:00:00+00:00, run_after=2025-07-27 00:00:00+00:00
[2025-07-27T20:04:26.643+0200] {processor.py:183} INFO - Processing /home/leoja/airflow/airflow_venv/lib/python3.12/site-packages/airflow/example_dags/example_branch_labels.py took 0.080 seconds
[2025-07-27T20:05:44.463+0200] {processor.py:161} INFO - Started process (PID=11153) to work on /home/leoja/airflow/airflow_venv/lib/python3.12/site-packages/airflow/example_dags/example_branch_labels.py
[2025-07-27T20:05:44.466+0200] {processor.py:830} INFO - Processing file /home/leoja/airflow/airflow_venv/lib/python3.12/site-packages/airflow/example_dags/example_branch_labels.py for tasks to queue
[2025-07-27T20:05:44.469+0200] {logging_mixin.py:188} INFO - [2025-07-27T20:05:44.469+0200] {dagbag.py:540} INFO - Filling up the DagBag from /home/leoja/airflow/airflow_venv/lib/python3.12/site-packages/airflow/example_dags/example_branch_labels.py
[2025-07-27T20:05:44.487+0200] {processor.py:840} INFO - DAG(s) 'example_branch_labels' retrieved from /home/leoja/airflow/airflow_venv/lib/python3.12/site-packages/airflow/example_dags/example_branch_labels.py
[2025-07-27T20:05:44.515+0200] {logging_mixin.py:188} INFO - [2025-07-27T20:05:44.515+0200] {dag.py:3096} INFO - Sync 1 DAGs
[2025-07-27T20:05:44.545+0200] {logging_mixin.py:188} INFO - [2025-07-27T20:05:44.545+0200] {dag.py:3954} INFO - Setting next_dagrun for example_branch_labels to 2025-07-26 00:00:00+00:00, run_after=2025-07-27 00:00:00+00:00
[2025-07-27T20:05:44.572+0200] {processor.py:183} INFO - Processing /home/leoja/airflow/airflow_venv/lib/python3.12/site-packages/airflow/example_dags/example_branch_labels.py took 0.120 seconds
[2025-07-27T20:07:06.967+0200] {processor.py:161} INFO - Started process (PID=11598) to work on /home/leoja/airflow/airflow_venv/lib/python3.12/site-packages/airflow/example_dags/example_branch_labels.py
[2025-07-27T20:07:06.970+0200] {processor.py:830} INFO - Processing file /home/leoja/airflow/airflow_venv/lib/python3.12/site-packages/airflow/example_dags/example_branch_labels.py for tasks to queue
[2025-07-27T20:07:06.973+0200] {logging_mixin.py:188} INFO - [2025-07-27T20:07:06.972+0200] {dagbag.py:540} INFO - Filling up the DagBag from /home/leoja/airflow/airflow_venv/lib/python3.12/site-packages/airflow/example_dags/example_branch_labels.py
[2025-07-27T20:07:06.990+0200] {processor.py:840} INFO - DAG(s) 'example_branch_labels' retrieved from /home/leoja/airflow/airflow_venv/lib/python3.12/site-packages/airflow/example_dags/example_branch_labels.py
[2025-07-27T20:07:07.022+0200] {logging_mixin.py:188} INFO - [2025-07-27T20:07:07.022+0200] {dag.py:3096} INFO - Sync 1 DAGs
[2025-07-27T20:07:07.050+0200] {logging_mixin.py:188} INFO - [2025-07-27T20:07:07.049+0200] {dag.py:3954} INFO - Setting next_dagrun for example_branch_labels to 2025-07-26 00:00:00+00:00, run_after=2025-07-27 00:00:00+00:00
[2025-07-27T20:07:07.076+0200] {processor.py:183} INFO - Processing /home/leoja/airflow/airflow_venv/lib/python3.12/site-packages/airflow/example_dags/example_branch_labels.py took 0.126 seconds
[2025-07-27T20:08:26.843+0200] {processor.py:161} INFO - Started process (PID=12038) to work on /home/leoja/airflow/airflow_venv/lib/python3.12/site-packages/airflow/example_dags/example_branch_labels.py
[2025-07-27T20:08:26.846+0200] {processor.py:830} INFO - Processing file /home/leoja/airflow/airflow_venv/lib/python3.12/site-packages/airflow/example_dags/example_branch_labels.py for tasks to queue
[2025-07-27T20:08:26.850+0200] {logging_mixin.py:188} INFO - [2025-07-27T20:08:26.849+0200] {dagbag.py:540} INFO - Filling up the DagBag from /home/leoja/airflow/airflow_venv/lib/python3.12/site-packages/airflow/example_dags/example_branch_labels.py
[2025-07-27T20:08:26.868+0200] {processor.py:840} INFO - DAG(s) 'example_branch_labels' retrieved from /home/leoja/airflow/airflow_venv/lib/python3.12/site-packages/airflow/example_dags/example_branch_labels.py
[2025-07-27T20:08:26.895+0200] {logging_mixin.py:188} INFO - [2025-07-27T20:08:26.895+0200] {dag.py:3096} INFO - Sync 1 DAGs
[2025-07-27T20:08:26.913+0200] {logging_mixin.py:188} INFO - [2025-07-27T20:08:26.913+0200] {dag.py:3954} INFO - Setting next_dagrun for example_branch_labels to 2025-07-26 00:00:00+00:00, run_after=2025-07-27 00:00:00+00:00
[2025-07-27T20:08:26.938+0200] {processor.py:183} INFO - Processing /home/leoja/airflow/airflow_venv/lib/python3.12/site-packages/airflow/example_dags/example_branch_labels.py took 0.109 seconds
[2025-07-27T20:09:24.883+0200] {processor.py:161} INFO - Started process (PID=12394) to work on /home/leoja/airflow/airflow_venv/lib/python3.12/site-packages/airflow/example_dags/example_branch_labels.py
[2025-07-27T20:09:24.886+0200] {processor.py:830} INFO - Processing file /home/leoja/airflow/airflow_venv/lib/python3.12/site-packages/airflow/example_dags/example_branch_labels.py for tasks to queue
[2025-07-27T20:09:24.891+0200] {logging_mixin.py:188} INFO - [2025-07-27T20:09:24.890+0200] {dagbag.py:540} INFO - Filling up the DagBag from /home/leoja/airflow/airflow_venv/lib/python3.12/site-packages/airflow/example_dags/example_branch_labels.py
[2025-07-27T20:09:24.903+0200] {processor.py:840} INFO - DAG(s) 'example_branch_labels' retrieved from /home/leoja/airflow/airflow_venv/lib/python3.12/site-packages/airflow/example_dags/example_branch_labels.py
[2025-07-27T20:09:24.928+0200] {logging_mixin.py:188} INFO - [2025-07-27T20:09:24.927+0200] {dag.py:3096} INFO - Sync 1 DAGs
[2025-07-27T20:09:24.957+0200] {logging_mixin.py:188} INFO - [2025-07-27T20:09:24.956+0200] {dag.py:3954} INFO - Setting next_dagrun for example_branch_labels to 2025-07-26 00:00:00+00:00, run_after=2025-07-27 00:00:00+00:00
[2025-07-27T20:09:24.984+0200] {processor.py:183} INFO - Processing /home/leoja/airflow/airflow_venv/lib/python3.12/site-packages/airflow/example_dags/example_branch_labels.py took 0.115 seconds
[2025-07-27T20:10:50.103+0200] {processor.py:161} INFO - Started process (PID=12890) to work on /home/leoja/airflow/airflow_venv/lib/python3.12/site-packages/airflow/example_dags/example_branch_labels.py
[2025-07-27T20:10:50.105+0200] {processor.py:830} INFO - Processing file /home/leoja/airflow/airflow_venv/lib/python3.12/site-packages/airflow/example_dags/example_branch_labels.py for tasks to queue
[2025-07-27T20:10:50.108+0200] {logging_mixin.py:188} INFO - [2025-07-27T20:10:50.108+0200] {dagbag.py:540} INFO - Filling up the DagBag from /home/leoja/airflow/airflow_venv/lib/python3.12/site-packages/airflow/example_dags/example_branch_labels.py
[2025-07-27T20:10:50.122+0200] {processor.py:840} INFO - DAG(s) 'example_branch_labels' retrieved from /home/leoja/airflow/airflow_venv/lib/python3.12/site-packages/airflow/example_dags/example_branch_labels.py
[2025-07-27T20:10:50.142+0200] {logging_mixin.py:188} INFO - [2025-07-27T20:10:50.142+0200] {dag.py:3096} INFO - Sync 1 DAGs
[2025-07-27T20:10:50.164+0200] {logging_mixin.py:188} INFO - [2025-07-27T20:10:50.163+0200] {dag.py:3954} INFO - Setting next_dagrun for example_branch_labels to 2025-07-26 00:00:00+00:00, run_after=2025-07-27 00:00:00+00:00
[2025-07-27T20:10:50.200+0200] {processor.py:183} INFO - Processing /home/leoja/airflow/airflow_venv/lib/python3.12/site-packages/airflow/example_dags/example_branch_labels.py took 0.110 seconds
[2025-07-27T20:11:46.582+0200] {processor.py:161} INFO - Started process (PID=13171) to work on /home/leoja/airflow/airflow_venv/lib/python3.12/site-packages/airflow/example_dags/example_branch_labels.py
[2025-07-27T20:11:46.584+0200] {processor.py:830} INFO - Processing file /home/leoja/airflow/airflow_venv/lib/python3.12/site-packages/airflow/example_dags/example_branch_labels.py for tasks to queue
[2025-07-27T20:11:46.587+0200] {logging_mixin.py:188} INFO - [2025-07-27T20:11:46.587+0200] {dagbag.py:540} INFO - Filling up the DagBag from /home/leoja/airflow/airflow_venv/lib/python3.12/site-packages/airflow/example_dags/example_branch_labels.py
[2025-07-27T20:11:46.602+0200] {processor.py:840} INFO - DAG(s) 'example_branch_labels' retrieved from /home/leoja/airflow/airflow_venv/lib/python3.12/site-packages/airflow/example_dags/example_branch_labels.py
[2025-07-27T20:11:46.622+0200] {logging_mixin.py:188} INFO - [2025-07-27T20:11:46.622+0200] {dag.py:3096} INFO - Sync 1 DAGs
[2025-07-27T20:11:46.642+0200] {logging_mixin.py:188} INFO - [2025-07-27T20:11:46.641+0200] {dag.py:3954} INFO - Setting next_dagrun for example_branch_labels to 2025-07-26 00:00:00+00:00, run_after=2025-07-27 00:00:00+00:00
[2025-07-27T20:11:46.670+0200] {processor.py:183} INFO - Processing /home/leoja/airflow/airflow_venv/lib/python3.12/site-packages/airflow/example_dags/example_branch_labels.py took 0.101 seconds
[2025-07-27T20:13:07.055+0200] {processor.py:161} INFO - Started process (PID=13641) to work on /home/leoja/airflow/airflow_venv/lib/python3.12/site-packages/airflow/example_dags/example_branch_labels.py
[2025-07-27T20:13:07.057+0200] {processor.py:830} INFO - Processing file /home/leoja/airflow/airflow_venv/lib/python3.12/site-packages/airflow/example_dags/example_branch_labels.py for tasks to queue
[2025-07-27T20:13:07.061+0200] {logging_mixin.py:188} INFO - [2025-07-27T20:13:07.060+0200] {dagbag.py:540} INFO - Filling up the DagBag from /home/leoja/airflow/airflow_venv/lib/python3.12/site-packages/airflow/example_dags/example_branch_labels.py
[2025-07-27T20:13:07.073+0200] {processor.py:840} INFO - DAG(s) 'example_branch_labels' retrieved from /home/leoja/airflow/airflow_venv/lib/python3.12/site-packages/airflow/example_dags/example_branch_labels.py
[2025-07-27T20:13:07.093+0200] {logging_mixin.py:188} INFO - [2025-07-27T20:13:07.092+0200] {dag.py:3096} INFO - Sync 1 DAGs
[2025-07-27T20:13:07.118+0200] {logging_mixin.py:188} INFO - [2025-07-27T20:13:07.118+0200] {dag.py:3954} INFO - Setting next_dagrun for example_branch_labels to 2025-07-26 00:00:00+00:00, run_after=2025-07-27 00:00:00+00:00
[2025-07-27T20:13:07.143+0200] {processor.py:183} INFO - Processing /home/leoja/airflow/airflow_venv/lib/python3.12/site-packages/airflow/example_dags/example_branch_labels.py took 0.103 seconds
[2025-07-27T20:14:37.338+0200] {processor.py:161} INFO - Started process (PID=14117) to work on /home/leoja/airflow/airflow_venv/lib/python3.12/site-packages/airflow/example_dags/example_branch_labels.py
[2025-07-27T20:14:37.342+0200] {processor.py:830} INFO - Processing file /home/leoja/airflow/airflow_venv/lib/python3.12/site-packages/airflow/example_dags/example_branch_labels.py for tasks to queue
[2025-07-27T20:14:37.344+0200] {logging_mixin.py:188} INFO - [2025-07-27T20:14:37.344+0200] {dagbag.py:540} INFO - Filling up the DagBag from /home/leoja/airflow/airflow_venv/lib/python3.12/site-packages/airflow/example_dags/example_branch_labels.py
[2025-07-27T20:14:37.353+0200] {processor.py:840} INFO - DAG(s) 'example_branch_labels' retrieved from /home/leoja/airflow/airflow_venv/lib/python3.12/site-packages/airflow/example_dags/example_branch_labels.py
[2025-07-27T20:14:37.376+0200] {logging_mixin.py:188} INFO - [2025-07-27T20:14:37.376+0200] {dag.py:3096} INFO - Sync 1 DAGs
[2025-07-27T20:14:37.399+0200] {logging_mixin.py:188} INFO - [2025-07-27T20:14:37.399+0200] {dag.py:3954} INFO - Setting next_dagrun for example_branch_labels to 2025-07-26 00:00:00+00:00, run_after=2025-07-27 00:00:00+00:00
[2025-07-27T20:14:37.423+0200] {processor.py:183} INFO - Processing /home/leoja/airflow/airflow_venv/lib/python3.12/site-packages/airflow/example_dags/example_branch_labels.py took 0.095 seconds
[2025-07-27T20:15:59.569+0200] {processor.py:161} INFO - Started process (PID=14569) to work on /home/leoja/airflow/airflow_venv/lib/python3.12/site-packages/airflow/example_dags/example_branch_labels.py
[2025-07-27T20:15:59.571+0200] {processor.py:830} INFO - Processing file /home/leoja/airflow/airflow_venv/lib/python3.12/site-packages/airflow/example_dags/example_branch_labels.py for tasks to queue
[2025-07-27T20:15:59.573+0200] {logging_mixin.py:188} INFO - [2025-07-27T20:15:59.572+0200] {dagbag.py:540} INFO - Filling up the DagBag from /home/leoja/airflow/airflow_venv/lib/python3.12/site-packages/airflow/example_dags/example_branch_labels.py
[2025-07-27T20:15:59.580+0200] {processor.py:840} INFO - DAG(s) 'example_branch_labels' retrieved from /home/leoja/airflow/airflow_venv/lib/python3.12/site-packages/airflow/example_dags/example_branch_labels.py
[2025-07-27T20:15:59.602+0200] {logging_mixin.py:188} INFO - [2025-07-27T20:15:59.601+0200] {dag.py:3096} INFO - Sync 1 DAGs
[2025-07-27T20:15:59.624+0200] {logging_mixin.py:188} INFO - [2025-07-27T20:15:59.624+0200] {dag.py:3954} INFO - Setting next_dagrun for example_branch_labels to 2025-07-26 00:00:00+00:00, run_after=2025-07-27 00:00:00+00:00
[2025-07-27T20:15:59.647+0200] {processor.py:183} INFO - Processing /home/leoja/airflow/airflow_venv/lib/python3.12/site-packages/airflow/example_dags/example_branch_labels.py took 0.085 seconds
[2025-07-27T20:17:22.152+0200] {processor.py:161} INFO - Started process (PID=15034) to work on /home/leoja/airflow/airflow_venv/lib/python3.12/site-packages/airflow/example_dags/example_branch_labels.py
[2025-07-27T20:17:22.154+0200] {processor.py:830} INFO - Processing file /home/leoja/airflow/airflow_venv/lib/python3.12/site-packages/airflow/example_dags/example_branch_labels.py for tasks to queue
[2025-07-27T20:17:22.157+0200] {logging_mixin.py:188} INFO - [2025-07-27T20:17:22.156+0200] {dagbag.py:540} INFO - Filling up the DagBag from /home/leoja/airflow/airflow_venv/lib/python3.12/site-packages/airflow/example_dags/example_branch_labels.py
[2025-07-27T20:17:22.168+0200] {processor.py:840} INFO - DAG(s) 'example_branch_labels' retrieved from /home/leoja/airflow/airflow_venv/lib/python3.12/site-packages/airflow/example_dags/example_branch_labels.py
[2025-07-27T20:17:22.187+0200] {logging_mixin.py:188} INFO - [2025-07-27T20:17:22.186+0200] {dag.py:3096} INFO - Sync 1 DAGs
[2025-07-27T20:17:22.205+0200] {logging_mixin.py:188} INFO - [2025-07-27T20:17:22.205+0200] {dag.py:3954} INFO - Setting next_dagrun for example_branch_labels to 2025-07-26 00:00:00+00:00, run_after=2025-07-27 00:00:00+00:00
[2025-07-27T20:17:22.228+0200] {processor.py:183} INFO - Processing /home/leoja/airflow/airflow_venv/lib/python3.12/site-packages/airflow/example_dags/example_branch_labels.py took 0.083 seconds
[2025-07-27T20:18:39.065+0200] {processor.py:161} INFO - Started process (PID=15448) to work on /home/leoja/airflow/airflow_venv/lib/python3.12/site-packages/airflow/example_dags/example_branch_labels.py
[2025-07-27T20:18:39.067+0200] {processor.py:830} INFO - Processing file /home/leoja/airflow/airflow_venv/lib/python3.12/site-packages/airflow/example_dags/example_branch_labels.py for tasks to queue
[2025-07-27T20:18:39.071+0200] {logging_mixin.py:188} INFO - [2025-07-27T20:18:39.070+0200] {dagbag.py:540} INFO - Filling up the DagBag from /home/leoja/airflow/airflow_venv/lib/python3.12/site-packages/airflow/example_dags/example_branch_labels.py
[2025-07-27T20:18:39.083+0200] {processor.py:840} INFO - DAG(s) 'example_branch_labels' retrieved from /home/leoja/airflow/airflow_venv/lib/python3.12/site-packages/airflow/example_dags/example_branch_labels.py
[2025-07-27T20:18:39.099+0200] {logging_mixin.py:188} INFO - [2025-07-27T20:18:39.099+0200] {dag.py:3096} INFO - Sync 1 DAGs
[2025-07-27T20:18:39.118+0200] {logging_mixin.py:188} INFO - [2025-07-27T20:18:39.118+0200] {dag.py:3954} INFO - Setting next_dagrun for example_branch_labels to 2025-07-26 00:00:00+00:00, run_after=2025-07-27 00:00:00+00:00
[2025-07-27T20:18:39.143+0200] {processor.py:183} INFO - Processing /home/leoja/airflow/airflow_venv/lib/python3.12/site-packages/airflow/example_dags/example_branch_labels.py took 0.092 seconds
[2025-07-27T20:20:00.848+0200] {processor.py:161} INFO - Started process (PID=15890) to work on /home/leoja/airflow/airflow_venv/lib/python3.12/site-packages/airflow/example_dags/example_branch_labels.py
[2025-07-27T20:20:00.851+0200] {processor.py:830} INFO - Processing file /home/leoja/airflow/airflow_venv/lib/python3.12/site-packages/airflow/example_dags/example_branch_labels.py for tasks to queue
[2025-07-27T20:20:00.854+0200] {logging_mixin.py:188} INFO - [2025-07-27T20:20:00.854+0200] {dagbag.py:540} INFO - Filling up the DagBag from /home/leoja/airflow/airflow_venv/lib/python3.12/site-packages/airflow/example_dags/example_branch_labels.py
[2025-07-27T20:20:00.865+0200] {processor.py:840} INFO - DAG(s) 'example_branch_labels' retrieved from /home/leoja/airflow/airflow_venv/lib/python3.12/site-packages/airflow/example_dags/example_branch_labels.py
[2025-07-27T20:20:00.885+0200] {logging_mixin.py:188} INFO - [2025-07-27T20:20:00.885+0200] {dag.py:3096} INFO - Sync 1 DAGs
[2025-07-27T20:20:00.904+0200] {logging_mixin.py:188} INFO - [2025-07-27T20:20:00.903+0200] {dag.py:3954} INFO - Setting next_dagrun for example_branch_labels to 2025-07-26 00:00:00+00:00, run_after=2025-07-27 00:00:00+00:00
[2025-07-27T20:20:00.940+0200] {processor.py:183} INFO - Processing /home/leoja/airflow/airflow_venv/lib/python3.12/site-packages/airflow/example_dags/example_branch_labels.py took 0.099 seconds
[2025-07-27T20:21:27.246+0200] {processor.py:161} INFO - Started process (PID=16361) to work on /home/leoja/airflow/airflow_venv/lib/python3.12/site-packages/airflow/example_dags/example_branch_labels.py
[2025-07-27T20:21:27.249+0200] {processor.py:830} INFO - Processing file /home/leoja/airflow/airflow_venv/lib/python3.12/site-packages/airflow/example_dags/example_branch_labels.py for tasks to queue
[2025-07-27T20:21:27.251+0200] {logging_mixin.py:188} INFO - [2025-07-27T20:21:27.251+0200] {dagbag.py:540} INFO - Filling up the DagBag from /home/leoja/airflow/airflow_venv/lib/python3.12/site-packages/airflow/example_dags/example_branch_labels.py
[2025-07-27T20:21:27.261+0200] {processor.py:840} INFO - DAG(s) 'example_branch_labels' retrieved from /home/leoja/airflow/airflow_venv/lib/python3.12/site-packages/airflow/example_dags/example_branch_labels.py
[2025-07-27T20:21:27.278+0200] {logging_mixin.py:188} INFO - [2025-07-27T20:21:27.278+0200] {dag.py:3096} INFO - Sync 1 DAGs
[2025-07-27T20:21:27.298+0200] {logging_mixin.py:188} INFO - [2025-07-27T20:21:27.298+0200] {dag.py:3954} INFO - Setting next_dagrun for example_branch_labels to 2025-07-26 00:00:00+00:00, run_after=2025-07-27 00:00:00+00:00
[2025-07-27T20:21:27.322+0200] {processor.py:183} INFO - Processing /home/leoja/airflow/airflow_venv/lib/python3.12/site-packages/airflow/example_dags/example_branch_labels.py took 0.088 seconds
[2025-07-27T20:22:56.838+0200] {processor.py:161} INFO - Started process (PID=16859) to work on /home/leoja/airflow/airflow_venv/lib/python3.12/site-packages/airflow/example_dags/example_branch_labels.py
[2025-07-27T20:22:56.840+0200] {processor.py:830} INFO - Processing file /home/leoja/airflow/airflow_venv/lib/python3.12/site-packages/airflow/example_dags/example_branch_labels.py for tasks to queue
[2025-07-27T20:22:56.841+0200] {logging_mixin.py:188} INFO - [2025-07-27T20:22:56.841+0200] {dagbag.py:540} INFO - Filling up the DagBag from /home/leoja/airflow/airflow_venv/lib/python3.12/site-packages/airflow/example_dags/example_branch_labels.py
[2025-07-27T20:22:56.851+0200] {processor.py:840} INFO - DAG(s) 'example_branch_labels' retrieved from /home/leoja/airflow/airflow_venv/lib/python3.12/site-packages/airflow/example_dags/example_branch_labels.py
[2025-07-27T20:22:56.876+0200] {logging_mixin.py:188} INFO - [2025-07-27T20:22:56.875+0200] {dag.py:3096} INFO - Sync 1 DAGs
[2025-07-27T20:22:56.897+0200] {logging_mixin.py:188} INFO - [2025-07-27T20:22:56.897+0200] {dag.py:3954} INFO - Setting next_dagrun for example_branch_labels to 2025-07-26 00:00:00+00:00, run_after=2025-07-27 00:00:00+00:00
[2025-07-27T20:22:56.921+0200] {processor.py:183} INFO - Processing /home/leoja/airflow/airflow_venv/lib/python3.12/site-packages/airflow/example_dags/example_branch_labels.py took 0.090 seconds
[2025-07-27T20:24:20.762+0200] {processor.py:161} INFO - Started process (PID=17302) to work on /home/leoja/airflow/airflow_venv/lib/python3.12/site-packages/airflow/example_dags/example_branch_labels.py
[2025-07-27T20:24:20.765+0200] {processor.py:830} INFO - Processing file /home/leoja/airflow/airflow_venv/lib/python3.12/site-packages/airflow/example_dags/example_branch_labels.py for tasks to queue
[2025-07-27T20:24:20.768+0200] {logging_mixin.py:188} INFO - [2025-07-27T20:24:20.767+0200] {dagbag.py:540} INFO - Filling up the DagBag from /home/leoja/airflow/airflow_venv/lib/python3.12/site-packages/airflow/example_dags/example_branch_labels.py
[2025-07-27T20:24:20.780+0200] {processor.py:840} INFO - DAG(s) 'example_branch_labels' retrieved from /home/leoja/airflow/airflow_venv/lib/python3.12/site-packages/airflow/example_dags/example_branch_labels.py
[2025-07-27T20:24:20.805+0200] {logging_mixin.py:188} INFO - [2025-07-27T20:24:20.805+0200] {dag.py:3096} INFO - Sync 1 DAGs
[2025-07-27T20:24:20.828+0200] {logging_mixin.py:188} INFO - [2025-07-27T20:24:20.827+0200] {dag.py:3954} INFO - Setting next_dagrun for example_branch_labels to 2025-07-26 00:00:00+00:00, run_after=2025-07-27 00:00:00+00:00
[2025-07-27T20:24:20.851+0200] {processor.py:183} INFO - Processing /home/leoja/airflow/airflow_venv/lib/python3.12/site-packages/airflow/example_dags/example_branch_labels.py took 0.101 seconds
[2025-07-27T20:25:44.302+0200] {processor.py:161} INFO - Started process (PID=17776) to work on /home/leoja/airflow/airflow_venv/lib/python3.12/site-packages/airflow/example_dags/example_branch_labels.py
[2025-07-27T20:25:44.304+0200] {processor.py:830} INFO - Processing file /home/leoja/airflow/airflow_venv/lib/python3.12/site-packages/airflow/example_dags/example_branch_labels.py for tasks to queue
[2025-07-27T20:25:44.307+0200] {logging_mixin.py:188} INFO - [2025-07-27T20:25:44.306+0200] {dagbag.py:540} INFO - Filling up the DagBag from /home/leoja/airflow/airflow_venv/lib/python3.12/site-packages/airflow/example_dags/example_branch_labels.py
[2025-07-27T20:25:44.316+0200] {processor.py:840} INFO - DAG(s) 'example_branch_labels' retrieved from /home/leoja/airflow/airflow_venv/lib/python3.12/site-packages/airflow/example_dags/example_branch_labels.py
[2025-07-27T20:25:44.334+0200] {logging_mixin.py:188} INFO - [2025-07-27T20:25:44.334+0200] {dag.py:3096} INFO - Sync 1 DAGs
[2025-07-27T20:25:44.356+0200] {logging_mixin.py:188} INFO - [2025-07-27T20:25:44.356+0200] {dag.py:3954} INFO - Setting next_dagrun for example_branch_labels to 2025-07-26 00:00:00+00:00, run_after=2025-07-27 00:00:00+00:00
[2025-07-27T20:25:44.380+0200] {processor.py:183} INFO - Processing /home/leoja/airflow/airflow_venv/lib/python3.12/site-packages/airflow/example_dags/example_branch_labels.py took 0.087 seconds
[2025-07-27T20:27:01.812+0200] {processor.py:161} INFO - Started process (PID=18193) to work on /home/leoja/airflow/airflow_venv/lib/python3.12/site-packages/airflow/example_dags/example_branch_labels.py
[2025-07-27T20:27:01.815+0200] {processor.py:830} INFO - Processing file /home/leoja/airflow/airflow_venv/lib/python3.12/site-packages/airflow/example_dags/example_branch_labels.py for tasks to queue
[2025-07-27T20:27:01.817+0200] {logging_mixin.py:188} INFO - [2025-07-27T20:27:01.816+0200] {dagbag.py:540} INFO - Filling up the DagBag from /home/leoja/airflow/airflow_venv/lib/python3.12/site-packages/airflow/example_dags/example_branch_labels.py
[2025-07-27T20:27:01.826+0200] {processor.py:840} INFO - DAG(s) 'example_branch_labels' retrieved from /home/leoja/airflow/airflow_venv/lib/python3.12/site-packages/airflow/example_dags/example_branch_labels.py
[2025-07-27T20:27:01.845+0200] {logging_mixin.py:188} INFO - [2025-07-27T20:27:01.844+0200] {dag.py:3096} INFO - Sync 1 DAGs
[2025-07-27T20:27:01.867+0200] {logging_mixin.py:188} INFO - [2025-07-27T20:27:01.867+0200] {dag.py:3954} INFO - Setting next_dagrun for example_branch_labels to 2025-07-26 00:00:00+00:00, run_after=2025-07-27 00:00:00+00:00
[2025-07-27T20:27:01.894+0200] {processor.py:183} INFO - Processing /home/leoja/airflow/airflow_venv/lib/python3.12/site-packages/airflow/example_dags/example_branch_labels.py took 0.093 seconds
[2025-07-27T20:28:20.077+0200] {processor.py:161} INFO - Started process (PID=18632) to work on /home/leoja/airflow/airflow_venv/lib/python3.12/site-packages/airflow/example_dags/example_branch_labels.py
[2025-07-27T20:28:20.079+0200] {processor.py:830} INFO - Processing file /home/leoja/airflow/airflow_venv/lib/python3.12/site-packages/airflow/example_dags/example_branch_labels.py for tasks to queue
[2025-07-27T20:28:20.080+0200] {logging_mixin.py:188} INFO - [2025-07-27T20:28:20.080+0200] {dagbag.py:540} INFO - Filling up the DagBag from /home/leoja/airflow/airflow_venv/lib/python3.12/site-packages/airflow/example_dags/example_branch_labels.py
[2025-07-27T20:28:20.088+0200] {processor.py:840} INFO - DAG(s) 'example_branch_labels' retrieved from /home/leoja/airflow/airflow_venv/lib/python3.12/site-packages/airflow/example_dags/example_branch_labels.py
[2025-07-27T20:28:20.104+0200] {logging_mixin.py:188} INFO - [2025-07-27T20:28:20.104+0200] {dag.py:3096} INFO - Sync 1 DAGs
[2025-07-27T20:28:20.122+0200] {logging_mixin.py:188} INFO - [2025-07-27T20:28:20.122+0200] {dag.py:3954} INFO - Setting next_dagrun for example_branch_labels to 2025-07-26 00:00:00+00:00, run_after=2025-07-27 00:00:00+00:00
[2025-07-27T20:28:20.145+0200] {processor.py:183} INFO - Processing /home/leoja/airflow/airflow_venv/lib/python3.12/site-packages/airflow/example_dags/example_branch_labels.py took 0.074 seconds
[2025-07-27T20:29:29.105+0200] {processor.py:161} INFO - Started process (PID=19019) to work on /home/leoja/airflow/airflow_venv/lib/python3.12/site-packages/airflow/example_dags/example_branch_labels.py
[2025-07-27T20:29:29.107+0200] {processor.py:830} INFO - Processing file /home/leoja/airflow/airflow_venv/lib/python3.12/site-packages/airflow/example_dags/example_branch_labels.py for tasks to queue
[2025-07-27T20:29:29.109+0200] {logging_mixin.py:188} INFO - [2025-07-27T20:29:29.109+0200] {dagbag.py:540} INFO - Filling up the DagBag from /home/leoja/airflow/airflow_venv/lib/python3.12/site-packages/airflow/example_dags/example_branch_labels.py
[2025-07-27T20:29:29.116+0200] {processor.py:840} INFO - DAG(s) 'example_branch_labels' retrieved from /home/leoja/airflow/airflow_venv/lib/python3.12/site-packages/airflow/example_dags/example_branch_labels.py
[2025-07-27T20:29:29.135+0200] {logging_mixin.py:188} INFO - [2025-07-27T20:29:29.135+0200] {dag.py:3096} INFO - Sync 1 DAGs
[2025-07-27T20:29:29.156+0200] {logging_mixin.py:188} INFO - [2025-07-27T20:29:29.156+0200] {dag.py:3954} INFO - Setting next_dagrun for example_branch_labels to 2025-07-26 00:00:00+00:00, run_after=2025-07-27 00:00:00+00:00
[2025-07-27T20:29:29.179+0200] {processor.py:183} INFO - Processing /home/leoja/airflow/airflow_venv/lib/python3.12/site-packages/airflow/example_dags/example_branch_labels.py took 0.079 seconds
[2025-07-27T20:30:39.565+0200] {processor.py:161} INFO - Started process (PID=19390) to work on /home/leoja/airflow/airflow_venv/lib/python3.12/site-packages/airflow/example_dags/example_branch_labels.py
[2025-07-27T20:30:39.567+0200] {processor.py:830} INFO - Processing file /home/leoja/airflow/airflow_venv/lib/python3.12/site-packages/airflow/example_dags/example_branch_labels.py for tasks to queue
[2025-07-27T20:30:39.569+0200] {logging_mixin.py:188} INFO - [2025-07-27T20:30:39.568+0200] {dagbag.py:540} INFO - Filling up the DagBag from /home/leoja/airflow/airflow_venv/lib/python3.12/site-packages/airflow/example_dags/example_branch_labels.py
[2025-07-27T20:30:39.575+0200] {processor.py:840} INFO - DAG(s) 'example_branch_labels' retrieved from /home/leoja/airflow/airflow_venv/lib/python3.12/site-packages/airflow/example_dags/example_branch_labels.py
[2025-07-27T20:30:39.589+0200] {logging_mixin.py:188} INFO - [2025-07-27T20:30:39.588+0200] {dag.py:3096} INFO - Sync 1 DAGs
[2025-07-27T20:30:39.604+0200] {logging_mixin.py:188} INFO - [2025-07-27T20:30:39.604+0200] {dag.py:3954} INFO - Setting next_dagrun for example_branch_labels to 2025-07-26 00:00:00+00:00, run_after=2025-07-27 00:00:00+00:00
[2025-07-27T20:30:39.624+0200] {processor.py:183} INFO - Processing /home/leoja/airflow/airflow_venv/lib/python3.12/site-packages/airflow/example_dags/example_branch_labels.py took 0.064 seconds
[2025-07-27T20:31:52.613+0200] {processor.py:161} INFO - Started process (PID=20307) to work on /home/leoja/airflow/airflow_venv/lib/python3.12/site-packages/airflow/example_dags/example_branch_labels.py
[2025-07-27T20:31:52.614+0200] {processor.py:830} INFO - Processing file /home/leoja/airflow/airflow_venv/lib/python3.12/site-packages/airflow/example_dags/example_branch_labels.py for tasks to queue
[2025-07-27T20:31:52.617+0200] {logging_mixin.py:188} INFO - [2025-07-27T20:31:52.616+0200] {dagbag.py:540} INFO - Filling up the DagBag from /home/leoja/airflow/airflow_venv/lib/python3.12/site-packages/airflow/example_dags/example_branch_labels.py
[2025-07-27T20:31:52.632+0200] {processor.py:840} INFO - DAG(s) 'example_branch_labels' retrieved from /home/leoja/airflow/airflow_venv/lib/python3.12/site-packages/airflow/example_dags/example_branch_labels.py
[2025-07-27T20:31:52.659+0200] {logging_mixin.py:188} INFO - [2025-07-27T20:31:52.659+0200] {dag.py:3096} INFO - Sync 1 DAGs
[2025-07-27T20:31:52.686+0200] {logging_mixin.py:188} INFO - [2025-07-27T20:31:52.685+0200] {dag.py:3954} INFO - Setting next_dagrun for example_branch_labels to 2025-07-26 00:00:00+00:00, run_after=2025-07-27 00:00:00+00:00
[2025-07-27T20:31:52.711+0200] {processor.py:183} INFO - Processing /home/leoja/airflow/airflow_venv/lib/python3.12/site-packages/airflow/example_dags/example_branch_labels.py took 0.114 seconds
[2025-07-27T20:33:06.872+0200] {processor.py:161} INFO - Started process (PID=20706) to work on /home/leoja/airflow/airflow_venv/lib/python3.12/site-packages/airflow/example_dags/example_branch_labels.py
[2025-07-27T20:33:06.874+0200] {processor.py:830} INFO - Processing file /home/leoja/airflow/airflow_venv/lib/python3.12/site-packages/airflow/example_dags/example_branch_labels.py for tasks to queue
[2025-07-27T20:33:06.881+0200] {logging_mixin.py:188} INFO - [2025-07-27T20:33:06.879+0200] {dagbag.py:540} INFO - Filling up the DagBag from /home/leoja/airflow/airflow_venv/lib/python3.12/site-packages/airflow/example_dags/example_branch_labels.py
[2025-07-27T20:33:06.892+0200] {processor.py:840} INFO - DAG(s) 'example_branch_labels' retrieved from /home/leoja/airflow/airflow_venv/lib/python3.12/site-packages/airflow/example_dags/example_branch_labels.py
[2025-07-27T20:33:06.917+0200] {logging_mixin.py:188} INFO - [2025-07-27T20:33:06.917+0200] {dag.py:3096} INFO - Sync 1 DAGs
[2025-07-27T20:33:06.943+0200] {logging_mixin.py:188} INFO - [2025-07-27T20:33:06.943+0200] {dag.py:3954} INFO - Setting next_dagrun for example_branch_labels to 2025-07-26 00:00:00+00:00, run_after=2025-07-27 00:00:00+00:00
[2025-07-27T20:33:06.973+0200] {processor.py:183} INFO - Processing /home/leoja/airflow/airflow_venv/lib/python3.12/site-packages/airflow/example_dags/example_branch_labels.py took 0.108 seconds
[2025-07-27T20:34:16.794+0200] {processor.py:161} INFO - Started process (PID=21093) to work on /home/leoja/airflow/airflow_venv/lib/python3.12/site-packages/airflow/example_dags/example_branch_labels.py
[2025-07-27T20:34:16.796+0200] {processor.py:830} INFO - Processing file /home/leoja/airflow/airflow_venv/lib/python3.12/site-packages/airflow/example_dags/example_branch_labels.py for tasks to queue
[2025-07-27T20:34:16.797+0200] {logging_mixin.py:188} INFO - [2025-07-27T20:34:16.797+0200] {dagbag.py:540} INFO - Filling up the DagBag from /home/leoja/airflow/airflow_venv/lib/python3.12/site-packages/airflow/example_dags/example_branch_labels.py
[2025-07-27T20:34:16.803+0200] {processor.py:840} INFO - DAG(s) 'example_branch_labels' retrieved from /home/leoja/airflow/airflow_venv/lib/python3.12/site-packages/airflow/example_dags/example_branch_labels.py
[2025-07-27T20:34:16.817+0200] {logging_mixin.py:188} INFO - [2025-07-27T20:34:16.817+0200] {dag.py:3096} INFO - Sync 1 DAGs
[2025-07-27T20:34:16.833+0200] {logging_mixin.py:188} INFO - [2025-07-27T20:34:16.832+0200] {dag.py:3954} INFO - Setting next_dagrun for example_branch_labels to 2025-07-26 00:00:00+00:00, run_after=2025-07-27 00:00:00+00:00
[2025-07-27T20:34:16.853+0200] {processor.py:183} INFO - Processing /home/leoja/airflow/airflow_venv/lib/python3.12/site-packages/airflow/example_dags/example_branch_labels.py took 0.063 seconds
[2025-07-27T20:35:32.671+0200] {processor.py:161} INFO - Started process (PID=21531) to work on /home/leoja/airflow/airflow_venv/lib/python3.12/site-packages/airflow/example_dags/example_branch_labels.py
[2025-07-27T20:35:32.672+0200] {processor.py:830} INFO - Processing file /home/leoja/airflow/airflow_venv/lib/python3.12/site-packages/airflow/example_dags/example_branch_labels.py for tasks to queue
[2025-07-27T20:35:32.674+0200] {logging_mixin.py:188} INFO - [2025-07-27T20:35:32.673+0200] {dagbag.py:540} INFO - Filling up the DagBag from /home/leoja/airflow/airflow_venv/lib/python3.12/site-packages/airflow/example_dags/example_branch_labels.py
[2025-07-27T20:35:32.681+0200] {processor.py:840} INFO - DAG(s) 'example_branch_labels' retrieved from /home/leoja/airflow/airflow_venv/lib/python3.12/site-packages/airflow/example_dags/example_branch_labels.py
[2025-07-27T20:35:32.694+0200] {logging_mixin.py:188} INFO - [2025-07-27T20:35:32.694+0200] {dag.py:3096} INFO - Sync 1 DAGs
[2025-07-27T20:35:32.708+0200] {logging_mixin.py:188} INFO - [2025-07-27T20:35:32.708+0200] {dag.py:3954} INFO - Setting next_dagrun for example_branch_labels to 2025-07-26 00:00:00+00:00, run_after=2025-07-27 00:00:00+00:00
[2025-07-27T20:35:32.730+0200] {processor.py:183} INFO - Processing /home/leoja/airflow/airflow_venv/lib/python3.12/site-packages/airflow/example_dags/example_branch_labels.py took 0.063 seconds
[2025-07-27T20:36:36.898+0200] {processor.py:161} INFO - Started process (PID=21884) to work on /home/leoja/airflow/airflow_venv/lib/python3.12/site-packages/airflow/example_dags/example_branch_labels.py
[2025-07-27T20:36:36.900+0200] {processor.py:830} INFO - Processing file /home/leoja/airflow/airflow_venv/lib/python3.12/site-packages/airflow/example_dags/example_branch_labels.py for tasks to queue
[2025-07-27T20:36:36.901+0200] {logging_mixin.py:188} INFO - [2025-07-27T20:36:36.901+0200] {dagbag.py:540} INFO - Filling up the DagBag from /home/leoja/airflow/airflow_venv/lib/python3.12/site-packages/airflow/example_dags/example_branch_labels.py
[2025-07-27T20:36:36.907+0200] {processor.py:840} INFO - DAG(s) 'example_branch_labels' retrieved from /home/leoja/airflow/airflow_venv/lib/python3.12/site-packages/airflow/example_dags/example_branch_labels.py
[2025-07-27T20:36:36.919+0200] {logging_mixin.py:188} INFO - [2025-07-27T20:36:36.919+0200] {dag.py:3096} INFO - Sync 1 DAGs
[2025-07-27T20:36:36.933+0200] {logging_mixin.py:188} INFO - [2025-07-27T20:36:36.933+0200] {dag.py:3954} INFO - Setting next_dagrun for example_branch_labels to 2025-07-26 00:00:00+00:00, run_after=2025-07-27 00:00:00+00:00
[2025-07-27T20:36:36.953+0200] {processor.py:183} INFO - Processing /home/leoja/airflow/airflow_venv/lib/python3.12/site-packages/airflow/example_dags/example_branch_labels.py took 0.059 seconds
[2025-07-27T20:37:50.006+0200] {processor.py:161} INFO - Started process (PID=22289) to work on /home/leoja/airflow/airflow_venv/lib/python3.12/site-packages/airflow/example_dags/example_branch_labels.py
[2025-07-27T20:37:50.007+0200] {processor.py:830} INFO - Processing file /home/leoja/airflow/airflow_venv/lib/python3.12/site-packages/airflow/example_dags/example_branch_labels.py for tasks to queue
[2025-07-27T20:37:50.009+0200] {logging_mixin.py:188} INFO - [2025-07-27T20:37:50.008+0200] {dagbag.py:540} INFO - Filling up the DagBag from /home/leoja/airflow/airflow_venv/lib/python3.12/site-packages/airflow/example_dags/example_branch_labels.py
[2025-07-27T20:37:50.014+0200] {processor.py:840} INFO - DAG(s) 'example_branch_labels' retrieved from /home/leoja/airflow/airflow_venv/lib/python3.12/site-packages/airflow/example_dags/example_branch_labels.py
[2025-07-27T20:37:50.026+0200] {logging_mixin.py:188} INFO - [2025-07-27T20:37:50.026+0200] {dag.py:3096} INFO - Sync 1 DAGs
[2025-07-27T20:37:50.038+0200] {logging_mixin.py:188} INFO - [2025-07-27T20:37:50.038+0200] {dag.py:3954} INFO - Setting next_dagrun for example_branch_labels to 2025-07-26 00:00:00+00:00, run_after=2025-07-27 00:00:00+00:00
[2025-07-27T20:37:50.057+0200] {processor.py:183} INFO - Processing /home/leoja/airflow/airflow_venv/lib/python3.12/site-packages/airflow/example_dags/example_branch_labels.py took 0.055 seconds
