[2025-06-16T13:17:44.384+0200] {local_task_job_runner.py:120} INFO - ::group::Pre task execution logs
[2025-06-16T13:17:44.397+0200] {taskinstance.py:2073} INFO - Dependencies all met for dep_context=non-requeueable deps ti=<TaskInstance: macro_trading_dag.format_assets_data scheduled__2025-06-15T08:00:00+00:00 [queued]>
[2025-06-16T13:17:44.401+0200] {taskinstance.py:2073} INFO - Dependencies all met for dep_context=requeueable deps ti=<TaskInstance: macro_trading_dag.format_assets_data scheduled__2025-06-15T08:00:00+00:00 [queued]>
[2025-06-16T13:17:44.401+0200] {taskinstance.py:2303} INFO - Starting attempt 1 of 3
[2025-06-16T13:17:44.417+0200] {taskinstance.py:2327} INFO - Executing <Task(PythonOperator): format_assets_data> on 2025-06-15 08:00:00+00:00
[2025-06-16T13:17:44.426+0200] {standard_task_runner.py:90} INFO - Running: ['airflow', 'tasks', 'run', 'macro_trading_dag', 'format_assets_data', 'scheduled__2025-06-15T08:00:00+00:00', '--job-id', '593', '--raw', '--subdir', 'DAGS_FOLDER/macro_trading_dag.py', '--cfg-path', '/tmp/tmpflvtwd34']
[2025-06-16T13:17:44.427+0200] {standard_task_runner.py:91} INFO - Job 593: Subtask format_assets_data
[2025-06-16T13:17:44.433+0200] {logging_mixin.py:188} WARNING - /home/leoja/airflow/airflow_venv/lib/python3.12/site-packages/airflow/task/task_runner/standard_task_runner.py:61 DeprecationWarning: This process (pid=6527) is multi-threaded, use of fork() may lead to deadlocks in the child.
[2025-06-16T13:17:44.434+0200] {standard_task_runner.py:63} INFO - Started process 6537 to run task
[2025-06-16T13:17:44.467+0200] {task_command.py:426} INFO - Running <TaskInstance: macro_trading_dag.format_assets_data scheduled__2025-06-15T08:00:00+00:00 [running]> on host N15I711-16GR512.localdomain
[2025-06-16T13:17:44.560+0200] {taskinstance.py:2644} INFO - Exporting env vars: AIRFLOW_CTX_DAG_OWNER='airflow' AIRFLOW_CTX_DAG_ID='macro_trading_dag' AIRFLOW_CTX_TASK_ID='format_assets_data' AIRFLOW_CTX_EXECUTION_DATE='2025-06-15T08:00:00+00:00' AIRFLOW_CTX_TRY_NUMBER='1' AIRFLOW_CTX_DAG_RUN_ID='scheduled__2025-06-15T08:00:00+00:00'
[2025-06-16T13:17:44.561+0200] {taskinstance.py:430} INFO - ::endgroup::
[2025-06-16T13:17:44.562+0200] {logging_mixin.py:188} INFO - → format_and_clean_data_daily: on lit le fichier CSV : /home/leoja/airflow/data/combined_assets.csv
[2025-06-16T13:17:44.581+0200] {logging_mixin.py:188} INFO -    Colonnes lues dans df : ['date', 'SP500', 'GOLD_OZ_USD', 'SmallCAP', 'US_REIT_VNQ', 'TREASURY_10Y', 'ENERGY', 'OBLIGATION']
[2025-06-16T13:17:44.624+0200] {logging_mixin.py:188} INFO - Données Assets journalières nettoyées sauvegardées : /home/leoja/airflow/data/Assets_daily.parquet
[2025-06-16T13:17:44.633+0200] {logging_mixin.py:188} INFO -          date        SP500  GOLD_OZ_USD  ...  TREASURY_10Y  ENERGY  OBLIGATION
1  2005-01-04  1188.050049   428.500000  ...     49.487514   40.75   49.241142
2  2005-01-05  1183.739990   426.600006  ...     49.569416   41.00   49.280857
3  2005-01-06  1187.890015   421.000000  ...     49.616226   43.25   49.316124
4  2005-01-07  1186.189941   418.899994  ...     49.575264   43.28   49.294071
5  2005-01-10  1190.250000   419.100006  ...     49.569416   44.71   49.210205

[5 rows x 8 columns]
[2025-06-16T13:17:44.641+0200] {logging_mixin.py:188} INFO -             date        SP500  GOLD_OZ_USD  ...  TREASURY_10Y     ENERGY  OBLIGATION
5330  2025-06-09  6005.879883  3332.100098  ...     93.680000  68.730000  107.239998
5331  2025-06-10  6038.810059  3320.899902  ...     93.839996  64.980003  107.500000
5332  2025-06-11  6022.240234  3321.300049  ...     94.230003  68.150002  107.839996
5333  2025-06-12  6045.259766  3380.899902  ...     94.639999  68.040001  108.440002
5334  2025-06-13  5976.970215  3431.199951  ...     94.290001   7.457500  107.790001

[5 rows x 8 columns]
[2025-06-16T13:17:44.641+0200] {python.py:237} INFO - Done. Returned value was: /home/leoja/airflow/data/Assets_daily.parquet
[2025-06-16T13:17:44.641+0200] {taskinstance.py:441} INFO - ::group::Post task execution logs
[2025-06-16T13:17:44.674+0200] {taskinstance.py:1205} INFO - Marking task as SUCCESS. dag_id=macro_trading_dag, task_id=format_assets_data, execution_date=20250615T080000, start_date=20250616T111744, end_date=20250616T111744
[2025-06-16T13:17:44.729+0200] {local_task_job_runner.py:240} INFO - Task exited with return code 0
[2025-06-16T13:17:44.746+0200] {taskinstance.py:3482} INFO - 0 downstream tasks scheduled from follow-on schedule check
[2025-06-16T13:17:44.746+0200] {local_task_job_runner.py:222} INFO - ::endgroup::
