[2025-07-08T14:29:34.495+0200] {processor.py:161} INFO - Started process (PID=35666) to work on /home/leoja/airflow/airflow_venv/lib/python3.12/site-packages/airflow/example_dags/example_xcom.py
[2025-07-08T14:29:34.496+0200] {processor.py:830} INFO - Processing file /home/leoja/airflow/airflow_venv/lib/python3.12/site-packages/airflow/example_dags/example_xcom.py for tasks to queue
[2025-07-08T14:29:34.497+0200] {logging_mixin.py:188} INFO - [2025-07-08T14:29:34.496+0200] {dagbag.py:540} INFO - Filling up the DagBag from /home/leoja/airflow/airflow_venv/lib/python3.12/site-packages/airflow/example_dags/example_xcom.py
[2025-07-08T14:29:34.504+0200] {processor.py:840} INFO - DAG(s) 'example_xcom' retrieved from /home/leoja/airflow/airflow_venv/lib/python3.12/site-packages/airflow/example_dags/example_xcom.py
[2025-07-08T14:29:34.534+0200] {logging_mixin.py:188} INFO - [2025-07-08T14:29:34.533+0200] {dag.py:3096} INFO - Sync 1 DAGs
[2025-07-08T14:29:34.553+0200] {logging_mixin.py:188} INFO - [2025-07-08T14:29:34.553+0200] {dag.py:3954} INFO - Setting next_dagrun for example_xcom to 2021-01-01 00:00:00+00:00, run_after=2021-01-01 00:00:00+00:00
[2025-07-08T14:29:34.579+0200] {processor.py:183} INFO - Processing /home/leoja/airflow/airflow_venv/lib/python3.12/site-packages/airflow/example_dags/example_xcom.py took 0.090 seconds
[2025-07-08T14:30:31.770+0200] {processor.py:161} INFO - Started process (PID=36067) to work on /home/leoja/airflow/airflow_venv/lib/python3.12/site-packages/airflow/example_dags/example_xcom.py
[2025-07-08T14:30:31.772+0200] {processor.py:830} INFO - Processing file /home/leoja/airflow/airflow_venv/lib/python3.12/site-packages/airflow/example_dags/example_xcom.py for tasks to queue
[2025-07-08T14:30:31.773+0200] {logging_mixin.py:188} INFO - [2025-07-08T14:30:31.772+0200] {dagbag.py:540} INFO - Filling up the DagBag from /home/leoja/airflow/airflow_venv/lib/python3.12/site-packages/airflow/example_dags/example_xcom.py
[2025-07-08T14:30:31.782+0200] {processor.py:840} INFO - DAG(s) 'example_xcom' retrieved from /home/leoja/airflow/airflow_venv/lib/python3.12/site-packages/airflow/example_dags/example_xcom.py
[2025-07-08T14:30:31.800+0200] {logging_mixin.py:188} INFO - [2025-07-08T14:30:31.799+0200] {dag.py:3096} INFO - Sync 1 DAGs
[2025-07-08T14:30:31.820+0200] {logging_mixin.py:188} INFO - [2025-07-08T14:30:31.820+0200] {dag.py:3954} INFO - Setting next_dagrun for example_xcom to 2021-01-01 00:00:00+00:00, run_after=2021-01-01 00:00:00+00:00
[2025-07-08T14:30:31.848+0200] {processor.py:183} INFO - Processing /home/leoja/airflow/airflow_venv/lib/python3.12/site-packages/airflow/example_dags/example_xcom.py took 0.086 seconds
[2025-07-08T14:31:27.896+0200] {processor.py:161} INFO - Started process (PID=36347) to work on /home/leoja/airflow/airflow_venv/lib/python3.12/site-packages/airflow/example_dags/example_xcom.py
[2025-07-08T14:31:27.897+0200] {processor.py:830} INFO - Processing file /home/leoja/airflow/airflow_venv/lib/python3.12/site-packages/airflow/example_dags/example_xcom.py for tasks to queue
[2025-07-08T14:31:27.898+0200] {logging_mixin.py:188} INFO - [2025-07-08T14:31:27.898+0200] {dagbag.py:540} INFO - Filling up the DagBag from /home/leoja/airflow/airflow_venv/lib/python3.12/site-packages/airflow/example_dags/example_xcom.py
[2025-07-08T14:31:27.907+0200] {processor.py:840} INFO - DAG(s) 'example_xcom' retrieved from /home/leoja/airflow/airflow_venv/lib/python3.12/site-packages/airflow/example_dags/example_xcom.py
[2025-07-08T14:31:27.923+0200] {logging_mixin.py:188} INFO - [2025-07-08T14:31:27.923+0200] {dag.py:3096} INFO - Sync 1 DAGs
[2025-07-08T14:31:27.941+0200] {logging_mixin.py:188} INFO - [2025-07-08T14:31:27.941+0200] {dag.py:3954} INFO - Setting next_dagrun for example_xcom to 2021-01-01 00:00:00+00:00, run_after=2021-01-01 00:00:00+00:00
[2025-07-08T14:31:27.967+0200] {processor.py:183} INFO - Processing /home/leoja/airflow/airflow_venv/lib/python3.12/site-packages/airflow/example_dags/example_xcom.py took 0.079 seconds
[2025-07-08T14:32:29.350+0200] {processor.py:161} INFO - Started process (PID=36701) to work on /home/leoja/airflow/airflow_venv/lib/python3.12/site-packages/airflow/example_dags/example_xcom.py
[2025-07-08T14:32:29.352+0200] {processor.py:830} INFO - Processing file /home/leoja/airflow/airflow_venv/lib/python3.12/site-packages/airflow/example_dags/example_xcom.py for tasks to queue
[2025-07-08T14:32:29.353+0200] {logging_mixin.py:188} INFO - [2025-07-08T14:32:29.353+0200] {dagbag.py:540} INFO - Filling up the DagBag from /home/leoja/airflow/airflow_venv/lib/python3.12/site-packages/airflow/example_dags/example_xcom.py
[2025-07-08T14:32:29.366+0200] {processor.py:840} INFO - DAG(s) 'example_xcom' retrieved from /home/leoja/airflow/airflow_venv/lib/python3.12/site-packages/airflow/example_dags/example_xcom.py
[2025-07-08T14:32:29.395+0200] {logging_mixin.py:188} INFO - [2025-07-08T14:32:29.394+0200] {dag.py:3096} INFO - Sync 1 DAGs
[2025-07-08T14:32:29.424+0200] {logging_mixin.py:188} INFO - [2025-07-08T14:32:29.424+0200] {dag.py:3954} INFO - Setting next_dagrun for example_xcom to 2021-01-01 00:00:00+00:00, run_after=2021-01-01 00:00:00+00:00
[2025-07-08T14:32:29.471+0200] {processor.py:183} INFO - Processing /home/leoja/airflow/airflow_venv/lib/python3.12/site-packages/airflow/example_dags/example_xcom.py took 0.131 seconds
[2025-07-08T14:33:25.581+0200] {processor.py:161} INFO - Started process (PID=37008) to work on /home/leoja/airflow/airflow_venv/lib/python3.12/site-packages/airflow/example_dags/example_xcom.py
[2025-07-08T14:33:25.582+0200] {processor.py:830} INFO - Processing file /home/leoja/airflow/airflow_venv/lib/python3.12/site-packages/airflow/example_dags/example_xcom.py for tasks to queue
[2025-07-08T14:33:25.583+0200] {logging_mixin.py:188} INFO - [2025-07-08T14:33:25.583+0200] {dagbag.py:540} INFO - Filling up the DagBag from /home/leoja/airflow/airflow_venv/lib/python3.12/site-packages/airflow/example_dags/example_xcom.py
[2025-07-08T14:33:25.590+0200] {processor.py:840} INFO - DAG(s) 'example_xcom' retrieved from /home/leoja/airflow/airflow_venv/lib/python3.12/site-packages/airflow/example_dags/example_xcom.py
[2025-07-08T14:33:25.606+0200] {logging_mixin.py:188} INFO - [2025-07-08T14:33:25.606+0200] {dag.py:3096} INFO - Sync 1 DAGs
[2025-07-08T14:33:25.623+0200] {logging_mixin.py:188} INFO - [2025-07-08T14:33:25.623+0200] {dag.py:3954} INFO - Setting next_dagrun for example_xcom to 2021-01-01 00:00:00+00:00, run_after=2021-01-01 00:00:00+00:00
[2025-07-08T14:33:25.648+0200] {processor.py:183} INFO - Processing /home/leoja/airflow/airflow_venv/lib/python3.12/site-packages/airflow/example_dags/example_xcom.py took 0.073 seconds
[2025-07-08T14:34:27.600+0200] {processor.py:161} INFO - Started process (PID=37349) to work on /home/leoja/airflow/airflow_venv/lib/python3.12/site-packages/airflow/example_dags/example_xcom.py
[2025-07-08T14:34:27.602+0200] {processor.py:830} INFO - Processing file /home/leoja/airflow/airflow_venv/lib/python3.12/site-packages/airflow/example_dags/example_xcom.py for tasks to queue
[2025-07-08T14:34:27.604+0200] {logging_mixin.py:188} INFO - [2025-07-08T14:34:27.603+0200] {dagbag.py:540} INFO - Filling up the DagBag from /home/leoja/airflow/airflow_venv/lib/python3.12/site-packages/airflow/example_dags/example_xcom.py
[2025-07-08T14:34:27.614+0200] {processor.py:840} INFO - DAG(s) 'example_xcom' retrieved from /home/leoja/airflow/airflow_venv/lib/python3.12/site-packages/airflow/example_dags/example_xcom.py
[2025-07-08T14:34:27.636+0200] {logging_mixin.py:188} INFO - [2025-07-08T14:34:27.635+0200] {dag.py:3096} INFO - Sync 1 DAGs
[2025-07-08T14:34:27.653+0200] {logging_mixin.py:188} INFO - [2025-07-08T14:34:27.652+0200] {dag.py:3954} INFO - Setting next_dagrun for example_xcom to 2021-01-01 00:00:00+00:00, run_after=2021-01-01 00:00:00+00:00
[2025-07-08T14:34:27.678+0200] {processor.py:183} INFO - Processing /home/leoja/airflow/airflow_venv/lib/python3.12/site-packages/airflow/example_dags/example_xcom.py took 0.085 seconds
[2025-07-08T14:35:28.732+0200] {processor.py:161} INFO - Started process (PID=37656) to work on /home/leoja/airflow/airflow_venv/lib/python3.12/site-packages/airflow/example_dags/example_xcom.py
[2025-07-08T14:35:28.734+0200] {processor.py:830} INFO - Processing file /home/leoja/airflow/airflow_venv/lib/python3.12/site-packages/airflow/example_dags/example_xcom.py for tasks to queue
[2025-07-08T14:35:28.735+0200] {logging_mixin.py:188} INFO - [2025-07-08T14:35:28.734+0200] {dagbag.py:540} INFO - Filling up the DagBag from /home/leoja/airflow/airflow_venv/lib/python3.12/site-packages/airflow/example_dags/example_xcom.py
[2025-07-08T14:35:28.743+0200] {processor.py:840} INFO - DAG(s) 'example_xcom' retrieved from /home/leoja/airflow/airflow_venv/lib/python3.12/site-packages/airflow/example_dags/example_xcom.py
[2025-07-08T14:35:28.760+0200] {logging_mixin.py:188} INFO - [2025-07-08T14:35:28.760+0200] {dag.py:3096} INFO - Sync 1 DAGs
[2025-07-08T14:35:28.780+0200] {logging_mixin.py:188} INFO - [2025-07-08T14:35:28.779+0200] {dag.py:3954} INFO - Setting next_dagrun for example_xcom to 2021-01-01 00:00:00+00:00, run_after=2021-01-01 00:00:00+00:00
[2025-07-08T14:35:28.804+0200] {processor.py:183} INFO - Processing /home/leoja/airflow/airflow_venv/lib/python3.12/site-packages/airflow/example_dags/example_xcom.py took 0.080 seconds
[2025-07-08T14:36:24.284+0200] {processor.py:161} INFO - Started process (PID=37984) to work on /home/leoja/airflow/airflow_venv/lib/python3.12/site-packages/airflow/example_dags/example_xcom.py
[2025-07-08T14:36:24.286+0200] {processor.py:830} INFO - Processing file /home/leoja/airflow/airflow_venv/lib/python3.12/site-packages/airflow/example_dags/example_xcom.py for tasks to queue
[2025-07-08T14:36:24.286+0200] {logging_mixin.py:188} INFO - [2025-07-08T14:36:24.286+0200] {dagbag.py:540} INFO - Filling up the DagBag from /home/leoja/airflow/airflow_venv/lib/python3.12/site-packages/airflow/example_dags/example_xcom.py
[2025-07-08T14:36:24.296+0200] {processor.py:840} INFO - DAG(s) 'example_xcom' retrieved from /home/leoja/airflow/airflow_venv/lib/python3.12/site-packages/airflow/example_dags/example_xcom.py
[2025-07-08T14:36:24.315+0200] {logging_mixin.py:188} INFO - [2025-07-08T14:36:24.314+0200] {dag.py:3096} INFO - Sync 1 DAGs
[2025-07-08T14:36:24.333+0200] {logging_mixin.py:188} INFO - [2025-07-08T14:36:24.333+0200] {dag.py:3954} INFO - Setting next_dagrun for example_xcom to 2021-01-01 00:00:00+00:00, run_after=2021-01-01 00:00:00+00:00
[2025-07-08T14:36:24.358+0200] {processor.py:183} INFO - Processing /home/leoja/airflow/airflow_venv/lib/python3.12/site-packages/airflow/example_dags/example_xcom.py took 0.082 seconds
[2025-07-08T14:38:28.673+0200] {processor.py:161} INFO - Started process (PID=39174) to work on /home/leoja/airflow/airflow_venv/lib/python3.12/site-packages/airflow/example_dags/example_xcom.py
[2025-07-08T14:38:28.675+0200] {processor.py:830} INFO - Processing file /home/leoja/airflow/airflow_venv/lib/python3.12/site-packages/airflow/example_dags/example_xcom.py for tasks to queue
[2025-07-08T14:38:28.676+0200] {logging_mixin.py:188} INFO - [2025-07-08T14:38:28.675+0200] {dagbag.py:540} INFO - Filling up the DagBag from /home/leoja/airflow/airflow_venv/lib/python3.12/site-packages/airflow/example_dags/example_xcom.py
[2025-07-08T14:38:28.683+0200] {processor.py:840} INFO - DAG(s) 'example_xcom' retrieved from /home/leoja/airflow/airflow_venv/lib/python3.12/site-packages/airflow/example_dags/example_xcom.py
[2025-07-08T14:38:28.700+0200] {logging_mixin.py:188} INFO - [2025-07-08T14:38:28.699+0200] {dag.py:3096} INFO - Sync 1 DAGs
[2025-07-08T14:38:28.728+0200] {logging_mixin.py:188} INFO - [2025-07-08T14:38:28.728+0200] {dag.py:3954} INFO - Setting next_dagrun for example_xcom to 2021-01-01 00:00:00+00:00, run_after=2021-01-01 00:00:00+00:00
[2025-07-08T14:38:28.756+0200] {processor.py:183} INFO - Processing /home/leoja/airflow/airflow_venv/lib/python3.12/site-packages/airflow/example_dags/example_xcom.py took 0.094 seconds
[2025-07-08T14:39:21.040+0200] {processor.py:161} INFO - Started process (PID=39523) to work on /home/leoja/airflow/airflow_venv/lib/python3.12/site-packages/airflow/example_dags/example_xcom.py
[2025-07-08T14:39:21.042+0200] {processor.py:830} INFO - Processing file /home/leoja/airflow/airflow_venv/lib/python3.12/site-packages/airflow/example_dags/example_xcom.py for tasks to queue
[2025-07-08T14:39:21.043+0200] {logging_mixin.py:188} INFO - [2025-07-08T14:39:21.042+0200] {dagbag.py:540} INFO - Filling up the DagBag from /home/leoja/airflow/airflow_venv/lib/python3.12/site-packages/airflow/example_dags/example_xcom.py
[2025-07-08T14:39:21.052+0200] {processor.py:840} INFO - DAG(s) 'example_xcom' retrieved from /home/leoja/airflow/airflow_venv/lib/python3.12/site-packages/airflow/example_dags/example_xcom.py
[2025-07-08T14:39:21.070+0200] {logging_mixin.py:188} INFO - [2025-07-08T14:39:21.069+0200] {dag.py:3096} INFO - Sync 1 DAGs
[2025-07-08T14:39:21.093+0200] {logging_mixin.py:188} INFO - [2025-07-08T14:39:21.093+0200] {dag.py:3954} INFO - Setting next_dagrun for example_xcom to 2021-01-01 00:00:00+00:00, run_after=2021-01-01 00:00:00+00:00
[2025-07-08T14:39:21.121+0200] {processor.py:183} INFO - Processing /home/leoja/airflow/airflow_venv/lib/python3.12/site-packages/airflow/example_dags/example_xcom.py took 0.090 seconds
[2025-07-08T14:40:23.347+0200] {processor.py:161} INFO - Started process (PID=39829) to work on /home/leoja/airflow/airflow_venv/lib/python3.12/site-packages/airflow/example_dags/example_xcom.py
[2025-07-08T14:40:23.349+0200] {processor.py:830} INFO - Processing file /home/leoja/airflow/airflow_venv/lib/python3.12/site-packages/airflow/example_dags/example_xcom.py for tasks to queue
[2025-07-08T14:40:23.350+0200] {logging_mixin.py:188} INFO - [2025-07-08T14:40:23.349+0200] {dagbag.py:540} INFO - Filling up the DagBag from /home/leoja/airflow/airflow_venv/lib/python3.12/site-packages/airflow/example_dags/example_xcom.py
[2025-07-08T14:40:23.359+0200] {processor.py:840} INFO - DAG(s) 'example_xcom' retrieved from /home/leoja/airflow/airflow_venv/lib/python3.12/site-packages/airflow/example_dags/example_xcom.py
[2025-07-08T14:40:23.383+0200] {logging_mixin.py:188} INFO - [2025-07-08T14:40:23.382+0200] {dag.py:3096} INFO - Sync 1 DAGs
[2025-07-08T14:40:23.410+0200] {logging_mixin.py:188} INFO - [2025-07-08T14:40:23.410+0200] {dag.py:3954} INFO - Setting next_dagrun for example_xcom to 2021-01-01 00:00:00+00:00, run_after=2021-01-01 00:00:00+00:00
[2025-07-08T14:40:23.442+0200] {processor.py:183} INFO - Processing /home/leoja/airflow/airflow_venv/lib/python3.12/site-packages/airflow/example_dags/example_xcom.py took 0.103 seconds
[2025-07-08T14:41:23.826+0200] {processor.py:161} INFO - Started process (PID=40172) to work on /home/leoja/airflow/airflow_venv/lib/python3.12/site-packages/airflow/example_dags/example_xcom.py
[2025-07-08T14:41:23.827+0200] {processor.py:830} INFO - Processing file /home/leoja/airflow/airflow_venv/lib/python3.12/site-packages/airflow/example_dags/example_xcom.py for tasks to queue
[2025-07-08T14:41:23.829+0200] {logging_mixin.py:188} INFO - [2025-07-08T14:41:23.828+0200] {dagbag.py:540} INFO - Filling up the DagBag from /home/leoja/airflow/airflow_venv/lib/python3.12/site-packages/airflow/example_dags/example_xcom.py
[2025-07-08T14:41:23.838+0200] {processor.py:840} INFO - DAG(s) 'example_xcom' retrieved from /home/leoja/airflow/airflow_venv/lib/python3.12/site-packages/airflow/example_dags/example_xcom.py
[2025-07-08T14:41:23.863+0200] {logging_mixin.py:188} INFO - [2025-07-08T14:41:23.862+0200] {dag.py:3096} INFO - Sync 1 DAGs
[2025-07-08T14:41:23.889+0200] {logging_mixin.py:188} INFO - [2025-07-08T14:41:23.888+0200] {dag.py:3954} INFO - Setting next_dagrun for example_xcom to 2021-01-01 00:00:00+00:00, run_after=2021-01-01 00:00:00+00:00
[2025-07-08T14:41:23.935+0200] {processor.py:183} INFO - Processing /home/leoja/airflow/airflow_venv/lib/python3.12/site-packages/airflow/example_dags/example_xcom.py took 0.119 seconds
[2025-07-08T14:42:26.443+0200] {processor.py:161} INFO - Started process (PID=40504) to work on /home/leoja/airflow/airflow_venv/lib/python3.12/site-packages/airflow/example_dags/example_xcom.py
[2025-07-08T14:42:26.444+0200] {processor.py:830} INFO - Processing file /home/leoja/airflow/airflow_venv/lib/python3.12/site-packages/airflow/example_dags/example_xcom.py for tasks to queue
[2025-07-08T14:42:26.445+0200] {logging_mixin.py:188} INFO - [2025-07-08T14:42:26.445+0200] {dagbag.py:540} INFO - Filling up the DagBag from /home/leoja/airflow/airflow_venv/lib/python3.12/site-packages/airflow/example_dags/example_xcom.py
[2025-07-08T14:42:26.453+0200] {processor.py:840} INFO - DAG(s) 'example_xcom' retrieved from /home/leoja/airflow/airflow_venv/lib/python3.12/site-packages/airflow/example_dags/example_xcom.py
[2025-07-08T14:42:26.470+0200] {logging_mixin.py:188} INFO - [2025-07-08T14:42:26.469+0200] {dag.py:3096} INFO - Sync 1 DAGs
[2025-07-08T14:42:26.487+0200] {logging_mixin.py:188} INFO - [2025-07-08T14:42:26.487+0200] {dag.py:3954} INFO - Setting next_dagrun for example_xcom to 2021-01-01 00:00:00+00:00, run_after=2021-01-01 00:00:00+00:00
[2025-07-08T14:42:26.510+0200] {processor.py:183} INFO - Processing /home/leoja/airflow/airflow_venv/lib/python3.12/site-packages/airflow/example_dags/example_xcom.py took 0.074 seconds
[2025-07-08T14:43:30.194+0200] {processor.py:161} INFO - Started process (PID=40861) to work on /home/leoja/airflow/airflow_venv/lib/python3.12/site-packages/airflow/example_dags/example_xcom.py
[2025-07-08T14:43:30.197+0200] {processor.py:830} INFO - Processing file /home/leoja/airflow/airflow_venv/lib/python3.12/site-packages/airflow/example_dags/example_xcom.py for tasks to queue
[2025-07-08T14:43:30.198+0200] {logging_mixin.py:188} INFO - [2025-07-08T14:43:30.198+0200] {dagbag.py:540} INFO - Filling up the DagBag from /home/leoja/airflow/airflow_venv/lib/python3.12/site-packages/airflow/example_dags/example_xcom.py
[2025-07-08T14:43:30.215+0200] {processor.py:840} INFO - DAG(s) 'example_xcom' retrieved from /home/leoja/airflow/airflow_venv/lib/python3.12/site-packages/airflow/example_dags/example_xcom.py
[2025-07-08T14:43:30.251+0200] {logging_mixin.py:188} INFO - [2025-07-08T14:43:30.250+0200] {dag.py:3096} INFO - Sync 1 DAGs
[2025-07-08T14:43:30.284+0200] {logging_mixin.py:188} INFO - [2025-07-08T14:43:30.284+0200] {dag.py:3954} INFO - Setting next_dagrun for example_xcom to 2021-01-01 00:00:00+00:00, run_after=2021-01-01 00:00:00+00:00
[2025-07-08T14:43:30.327+0200] {processor.py:183} INFO - Processing /home/leoja/airflow/airflow_venv/lib/python3.12/site-packages/airflow/example_dags/example_xcom.py took 0.146 seconds
[2025-07-08T14:44:34.065+0200] {processor.py:161} INFO - Started process (PID=41204) to work on /home/leoja/airflow/airflow_venv/lib/python3.12/site-packages/airflow/example_dags/example_xcom.py
[2025-07-08T14:44:34.067+0200] {processor.py:830} INFO - Processing file /home/leoja/airflow/airflow_venv/lib/python3.12/site-packages/airflow/example_dags/example_xcom.py for tasks to queue
[2025-07-08T14:44:34.067+0200] {logging_mixin.py:188} INFO - [2025-07-08T14:44:34.067+0200] {dagbag.py:540} INFO - Filling up the DagBag from /home/leoja/airflow/airflow_venv/lib/python3.12/site-packages/airflow/example_dags/example_xcom.py
[2025-07-08T14:44:34.075+0200] {processor.py:840} INFO - DAG(s) 'example_xcom' retrieved from /home/leoja/airflow/airflow_venv/lib/python3.12/site-packages/airflow/example_dags/example_xcom.py
[2025-07-08T14:44:34.096+0200] {logging_mixin.py:188} INFO - [2025-07-08T14:44:34.096+0200] {dag.py:3096} INFO - Sync 1 DAGs
[2025-07-08T14:44:34.117+0200] {logging_mixin.py:188} INFO - [2025-07-08T14:44:34.117+0200] {dag.py:3954} INFO - Setting next_dagrun for example_xcom to 2021-01-01 00:00:00+00:00, run_after=2021-01-01 00:00:00+00:00
[2025-07-08T14:44:34.143+0200] {processor.py:183} INFO - Processing /home/leoja/airflow/airflow_venv/lib/python3.12/site-packages/airflow/example_dags/example_xcom.py took 0.083 seconds
[2025-07-08T14:45:35.764+0200] {processor.py:161} INFO - Started process (PID=41545) to work on /home/leoja/airflow/airflow_venv/lib/python3.12/site-packages/airflow/example_dags/example_xcom.py
[2025-07-08T14:45:35.767+0200] {processor.py:830} INFO - Processing file /home/leoja/airflow/airflow_venv/lib/python3.12/site-packages/airflow/example_dags/example_xcom.py for tasks to queue
[2025-07-08T14:45:35.769+0200] {logging_mixin.py:188} INFO - [2025-07-08T14:45:35.768+0200] {dagbag.py:540} INFO - Filling up the DagBag from /home/leoja/airflow/airflow_venv/lib/python3.12/site-packages/airflow/example_dags/example_xcom.py
[2025-07-08T14:45:35.778+0200] {processor.py:840} INFO - DAG(s) 'example_xcom' retrieved from /home/leoja/airflow/airflow_venv/lib/python3.12/site-packages/airflow/example_dags/example_xcom.py
[2025-07-08T14:45:35.795+0200] {logging_mixin.py:188} INFO - [2025-07-08T14:45:35.795+0200] {dag.py:3096} INFO - Sync 1 DAGs
[2025-07-08T14:45:35.821+0200] {logging_mixin.py:188} INFO - [2025-07-08T14:45:35.821+0200] {dag.py:3954} INFO - Setting next_dagrun for example_xcom to 2021-01-01 00:00:00+00:00, run_after=2021-01-01 00:00:00+00:00
[2025-07-08T14:45:35.848+0200] {processor.py:183} INFO - Processing /home/leoja/airflow/airflow_venv/lib/python3.12/site-packages/airflow/example_dags/example_xcom.py took 0.097 seconds
[2025-07-08T14:46:35.762+0200] {processor.py:161} INFO - Started process (PID=41856) to work on /home/leoja/airflow/airflow_venv/lib/python3.12/site-packages/airflow/example_dags/example_xcom.py
[2025-07-08T14:46:35.765+0200] {processor.py:830} INFO - Processing file /home/leoja/airflow/airflow_venv/lib/python3.12/site-packages/airflow/example_dags/example_xcom.py for tasks to queue
[2025-07-08T14:46:35.766+0200] {logging_mixin.py:188} INFO - [2025-07-08T14:46:35.766+0200] {dagbag.py:540} INFO - Filling up the DagBag from /home/leoja/airflow/airflow_venv/lib/python3.12/site-packages/airflow/example_dags/example_xcom.py
[2025-07-08T14:46:35.779+0200] {processor.py:840} INFO - DAG(s) 'example_xcom' retrieved from /home/leoja/airflow/airflow_venv/lib/python3.12/site-packages/airflow/example_dags/example_xcom.py
[2025-07-08T14:46:35.796+0200] {logging_mixin.py:188} INFO - [2025-07-08T14:46:35.796+0200] {dag.py:3096} INFO - Sync 1 DAGs
[2025-07-08T14:46:35.814+0200] {logging_mixin.py:188} INFO - [2025-07-08T14:46:35.813+0200] {dag.py:3954} INFO - Setting next_dagrun for example_xcom to 2021-01-01 00:00:00+00:00, run_after=2021-01-01 00:00:00+00:00
[2025-07-08T14:46:35.840+0200] {processor.py:183} INFO - Processing /home/leoja/airflow/airflow_venv/lib/python3.12/site-packages/airflow/example_dags/example_xcom.py took 0.091 seconds
[2025-07-08T14:47:35.356+0200] {processor.py:161} INFO - Started process (PID=42186) to work on /home/leoja/airflow/airflow_venv/lib/python3.12/site-packages/airflow/example_dags/example_xcom.py
[2025-07-08T14:47:35.358+0200] {processor.py:830} INFO - Processing file /home/leoja/airflow/airflow_venv/lib/python3.12/site-packages/airflow/example_dags/example_xcom.py for tasks to queue
[2025-07-08T14:47:35.359+0200] {logging_mixin.py:188} INFO - [2025-07-08T14:47:35.358+0200] {dagbag.py:540} INFO - Filling up the DagBag from /home/leoja/airflow/airflow_venv/lib/python3.12/site-packages/airflow/example_dags/example_xcom.py
[2025-07-08T14:47:35.370+0200] {processor.py:840} INFO - DAG(s) 'example_xcom' retrieved from /home/leoja/airflow/airflow_venv/lib/python3.12/site-packages/airflow/example_dags/example_xcom.py
[2025-07-08T14:47:35.398+0200] {logging_mixin.py:188} INFO - [2025-07-08T14:47:35.398+0200] {dag.py:3096} INFO - Sync 1 DAGs
[2025-07-08T14:47:35.418+0200] {logging_mixin.py:188} INFO - [2025-07-08T14:47:35.417+0200] {dag.py:3954} INFO - Setting next_dagrun for example_xcom to 2021-01-01 00:00:00+00:00, run_after=2021-01-01 00:00:00+00:00
[2025-07-08T14:47:35.445+0200] {processor.py:183} INFO - Processing /home/leoja/airflow/airflow_venv/lib/python3.12/site-packages/airflow/example_dags/example_xcom.py took 0.099 seconds
[2025-07-08T14:48:39.478+0200] {processor.py:161} INFO - Started process (PID=42507) to work on /home/leoja/airflow/airflow_venv/lib/python3.12/site-packages/airflow/example_dags/example_xcom.py
[2025-07-08T14:48:39.479+0200] {processor.py:830} INFO - Processing file /home/leoja/airflow/airflow_venv/lib/python3.12/site-packages/airflow/example_dags/example_xcom.py for tasks to queue
[2025-07-08T14:48:39.481+0200] {logging_mixin.py:188} INFO - [2025-07-08T14:48:39.480+0200] {dagbag.py:540} INFO - Filling up the DagBag from /home/leoja/airflow/airflow_venv/lib/python3.12/site-packages/airflow/example_dags/example_xcom.py
[2025-07-08T14:48:39.488+0200] {processor.py:840} INFO - DAG(s) 'example_xcom' retrieved from /home/leoja/airflow/airflow_venv/lib/python3.12/site-packages/airflow/example_dags/example_xcom.py
[2025-07-08T14:48:39.506+0200] {logging_mixin.py:188} INFO - [2025-07-08T14:48:39.506+0200] {dag.py:3096} INFO - Sync 1 DAGs
[2025-07-08T14:48:39.526+0200] {logging_mixin.py:188} INFO - [2025-07-08T14:48:39.526+0200] {dag.py:3954} INFO - Setting next_dagrun for example_xcom to 2021-01-01 00:00:00+00:00, run_after=2021-01-01 00:00:00+00:00
[2025-07-08T14:48:39.554+0200] {processor.py:183} INFO - Processing /home/leoja/airflow/airflow_venv/lib/python3.12/site-packages/airflow/example_dags/example_xcom.py took 0.084 seconds
[2025-07-08T14:49:46.310+0200] {processor.py:161} INFO - Started process (PID=42905) to work on /home/leoja/airflow/airflow_venv/lib/python3.12/site-packages/airflow/example_dags/example_xcom.py
[2025-07-08T14:49:46.313+0200] {processor.py:830} INFO - Processing file /home/leoja/airflow/airflow_venv/lib/python3.12/site-packages/airflow/example_dags/example_xcom.py for tasks to queue
[2025-07-08T14:49:46.314+0200] {logging_mixin.py:188} INFO - [2025-07-08T14:49:46.313+0200] {dagbag.py:540} INFO - Filling up the DagBag from /home/leoja/airflow/airflow_venv/lib/python3.12/site-packages/airflow/example_dags/example_xcom.py
[2025-07-08T14:49:46.330+0200] {processor.py:840} INFO - DAG(s) 'example_xcom' retrieved from /home/leoja/airflow/airflow_venv/lib/python3.12/site-packages/airflow/example_dags/example_xcom.py
[2025-07-08T14:49:46.363+0200] {logging_mixin.py:188} INFO - [2025-07-08T14:49:46.362+0200] {dag.py:3096} INFO - Sync 1 DAGs
[2025-07-08T14:49:46.383+0200] {logging_mixin.py:188} INFO - [2025-07-08T14:49:46.382+0200] {dag.py:3954} INFO - Setting next_dagrun for example_xcom to 2021-01-01 00:00:00+00:00, run_after=2021-01-01 00:00:00+00:00
[2025-07-08T14:49:46.415+0200] {processor.py:183} INFO - Processing /home/leoja/airflow/airflow_venv/lib/python3.12/site-packages/airflow/example_dags/example_xcom.py took 0.118 seconds
[2025-07-08T14:50:47.365+0200] {processor.py:161} INFO - Started process (PID=43224) to work on /home/leoja/airflow/airflow_venv/lib/python3.12/site-packages/airflow/example_dags/example_xcom.py
[2025-07-08T14:50:47.366+0200] {processor.py:830} INFO - Processing file /home/leoja/airflow/airflow_venv/lib/python3.12/site-packages/airflow/example_dags/example_xcom.py for tasks to queue
[2025-07-08T14:50:47.367+0200] {logging_mixin.py:188} INFO - [2025-07-08T14:50:47.367+0200] {dagbag.py:540} INFO - Filling up the DagBag from /home/leoja/airflow/airflow_venv/lib/python3.12/site-packages/airflow/example_dags/example_xcom.py
[2025-07-08T14:50:47.377+0200] {processor.py:840} INFO - DAG(s) 'example_xcom' retrieved from /home/leoja/airflow/airflow_venv/lib/python3.12/site-packages/airflow/example_dags/example_xcom.py
[2025-07-08T14:50:47.394+0200] {logging_mixin.py:188} INFO - [2025-07-08T14:50:47.393+0200] {dag.py:3096} INFO - Sync 1 DAGs
[2025-07-08T14:50:47.409+0200] {logging_mixin.py:188} INFO - [2025-07-08T14:50:47.409+0200] {dag.py:3954} INFO - Setting next_dagrun for example_xcom to 2021-01-01 00:00:00+00:00, run_after=2021-01-01 00:00:00+00:00
[2025-07-08T14:50:47.434+0200] {processor.py:183} INFO - Processing /home/leoja/airflow/airflow_venv/lib/python3.12/site-packages/airflow/example_dags/example_xcom.py took 0.077 seconds
[2025-07-08T14:51:43.923+0200] {processor.py:161} INFO - Started process (PID=43504) to work on /home/leoja/airflow/airflow_venv/lib/python3.12/site-packages/airflow/example_dags/example_xcom.py
[2025-07-08T14:51:43.924+0200] {processor.py:830} INFO - Processing file /home/leoja/airflow/airflow_venv/lib/python3.12/site-packages/airflow/example_dags/example_xcom.py for tasks to queue
[2025-07-08T14:51:43.925+0200] {logging_mixin.py:188} INFO - [2025-07-08T14:51:43.924+0200] {dagbag.py:540} INFO - Filling up the DagBag from /home/leoja/airflow/airflow_venv/lib/python3.12/site-packages/airflow/example_dags/example_xcom.py
[2025-07-08T14:51:43.932+0200] {processor.py:840} INFO - DAG(s) 'example_xcom' retrieved from /home/leoja/airflow/airflow_venv/lib/python3.12/site-packages/airflow/example_dags/example_xcom.py
[2025-07-08T14:51:43.951+0200] {logging_mixin.py:188} INFO - [2025-07-08T14:51:43.950+0200] {dag.py:3096} INFO - Sync 1 DAGs
[2025-07-08T14:51:43.969+0200] {logging_mixin.py:188} INFO - [2025-07-08T14:51:43.969+0200] {dag.py:3954} INFO - Setting next_dagrun for example_xcom to 2021-01-01 00:00:00+00:00, run_after=2021-01-01 00:00:00+00:00
[2025-07-08T14:51:43.990+0200] {processor.py:183} INFO - Processing /home/leoja/airflow/airflow_venv/lib/python3.12/site-packages/airflow/example_dags/example_xcom.py took 0.074 seconds
[2025-07-08T15:59:44.013+0200] {processor.py:161} INFO - Started process (PID=43870) to work on /home/leoja/airflow/airflow_venv/lib/python3.12/site-packages/airflow/example_dags/example_xcom.py
[2025-07-08T15:59:44.015+0200] {processor.py:830} INFO - Processing file /home/leoja/airflow/airflow_venv/lib/python3.12/site-packages/airflow/example_dags/example_xcom.py for tasks to queue
[2025-07-08T15:59:44.017+0200] {logging_mixin.py:188} INFO - [2025-07-08T15:59:44.016+0200] {dagbag.py:540} INFO - Filling up the DagBag from /home/leoja/airflow/airflow_venv/lib/python3.12/site-packages/airflow/example_dags/example_xcom.py
[2025-07-08T15:59:44.045+0200] {processor.py:840} INFO - DAG(s) 'example_xcom' retrieved from /home/leoja/airflow/airflow_venv/lib/python3.12/site-packages/airflow/example_dags/example_xcom.py
[2025-07-08T15:59:44.111+0200] {logging_mixin.py:188} INFO - [2025-07-08T15:59:44.111+0200] {dag.py:3096} INFO - Sync 1 DAGs
[2025-07-08T15:59:44.195+0200] {logging_mixin.py:188} INFO - [2025-07-08T15:59:44.195+0200] {dag.py:3954} INFO - Setting next_dagrun for example_xcom to 2021-01-01 00:00:00+00:00, run_after=2021-01-01 00:00:00+00:00
[2025-07-08T15:59:44.859+0200] {processor.py:183} INFO - Processing /home/leoja/airflow/airflow_venv/lib/python3.12/site-packages/airflow/example_dags/example_xcom.py took 0.863 seconds
[2025-07-08T16:00:53.255+0200] {processor.py:161} INFO - Started process (PID=44293) to work on /home/leoja/airflow/airflow_venv/lib/python3.12/site-packages/airflow/example_dags/example_xcom.py
[2025-07-08T16:00:53.256+0200] {processor.py:830} INFO - Processing file /home/leoja/airflow/airflow_venv/lib/python3.12/site-packages/airflow/example_dags/example_xcom.py for tasks to queue
[2025-07-08T16:00:53.257+0200] {logging_mixin.py:188} INFO - [2025-07-08T16:00:53.257+0200] {dagbag.py:540} INFO - Filling up the DagBag from /home/leoja/airflow/airflow_venv/lib/python3.12/site-packages/airflow/example_dags/example_xcom.py
[2025-07-08T16:00:53.266+0200] {processor.py:840} INFO - DAG(s) 'example_xcom' retrieved from /home/leoja/airflow/airflow_venv/lib/python3.12/site-packages/airflow/example_dags/example_xcom.py
[2025-07-08T16:00:53.281+0200] {logging_mixin.py:188} INFO - [2025-07-08T16:00:53.280+0200] {dag.py:3096} INFO - Sync 1 DAGs
[2025-07-08T16:00:53.298+0200] {logging_mixin.py:188} INFO - [2025-07-08T16:00:53.298+0200] {dag.py:3954} INFO - Setting next_dagrun for example_xcom to 2021-01-01 00:00:00+00:00, run_after=2021-01-01 00:00:00+00:00
[2025-07-08T16:00:53.345+0200] {processor.py:183} INFO - Processing /home/leoja/airflow/airflow_venv/lib/python3.12/site-packages/airflow/example_dags/example_xcom.py took 0.097 seconds
[2025-07-08T16:01:50.045+0200] {processor.py:161} INFO - Started process (PID=44601) to work on /home/leoja/airflow/airflow_venv/lib/python3.12/site-packages/airflow/example_dags/example_xcom.py
[2025-07-08T16:01:50.047+0200] {processor.py:830} INFO - Processing file /home/leoja/airflow/airflow_venv/lib/python3.12/site-packages/airflow/example_dags/example_xcom.py for tasks to queue
[2025-07-08T16:01:50.048+0200] {logging_mixin.py:188} INFO - [2025-07-08T16:01:50.048+0200] {dagbag.py:540} INFO - Filling up the DagBag from /home/leoja/airflow/airflow_venv/lib/python3.12/site-packages/airflow/example_dags/example_xcom.py
[2025-07-08T16:01:50.056+0200] {processor.py:840} INFO - DAG(s) 'example_xcom' retrieved from /home/leoja/airflow/airflow_venv/lib/python3.12/site-packages/airflow/example_dags/example_xcom.py
[2025-07-08T16:01:50.075+0200] {logging_mixin.py:188} INFO - [2025-07-08T16:01:50.075+0200] {dag.py:3096} INFO - Sync 1 DAGs
[2025-07-08T16:01:50.094+0200] {logging_mixin.py:188} INFO - [2025-07-08T16:01:50.094+0200] {dag.py:3954} INFO - Setting next_dagrun for example_xcom to 2021-01-01 00:00:00+00:00, run_after=2021-01-01 00:00:00+00:00
[2025-07-08T16:01:50.126+0200] {processor.py:183} INFO - Processing /home/leoja/airflow/airflow_venv/lib/python3.12/site-packages/airflow/example_dags/example_xcom.py took 0.087 seconds
[2025-07-08T16:02:44.146+0200] {processor.py:161} INFO - Started process (PID=44878) to work on /home/leoja/airflow/airflow_venv/lib/python3.12/site-packages/airflow/example_dags/example_xcom.py
[2025-07-08T16:02:44.147+0200] {processor.py:830} INFO - Processing file /home/leoja/airflow/airflow_venv/lib/python3.12/site-packages/airflow/example_dags/example_xcom.py for tasks to queue
[2025-07-08T16:02:44.148+0200] {logging_mixin.py:188} INFO - [2025-07-08T16:02:44.147+0200] {dagbag.py:540} INFO - Filling up the DagBag from /home/leoja/airflow/airflow_venv/lib/python3.12/site-packages/airflow/example_dags/example_xcom.py
[2025-07-08T16:02:44.154+0200] {processor.py:840} INFO - DAG(s) 'example_xcom' retrieved from /home/leoja/airflow/airflow_venv/lib/python3.12/site-packages/airflow/example_dags/example_xcom.py
[2025-07-08T16:02:44.167+0200] {logging_mixin.py:188} INFO - [2025-07-08T16:02:44.167+0200] {dag.py:3096} INFO - Sync 1 DAGs
[2025-07-08T16:02:44.179+0200] {logging_mixin.py:188} INFO - [2025-07-08T16:02:44.179+0200] {dag.py:3954} INFO - Setting next_dagrun for example_xcom to 2021-01-01 00:00:00+00:00, run_after=2021-01-01 00:00:00+00:00
[2025-07-08T16:02:44.202+0200] {processor.py:183} INFO - Processing /home/leoja/airflow/airflow_venv/lib/python3.12/site-packages/airflow/example_dags/example_xcom.py took 0.062 seconds
[2025-07-08T16:03:40.885+0200] {processor.py:161} INFO - Started process (PID=45185) to work on /home/leoja/airflow/airflow_venv/lib/python3.12/site-packages/airflow/example_dags/example_xcom.py
[2025-07-08T16:03:40.890+0200] {processor.py:830} INFO - Processing file /home/leoja/airflow/airflow_venv/lib/python3.12/site-packages/airflow/example_dags/example_xcom.py for tasks to queue
[2025-07-08T16:03:40.891+0200] {logging_mixin.py:188} INFO - [2025-07-08T16:03:40.891+0200] {dagbag.py:540} INFO - Filling up the DagBag from /home/leoja/airflow/airflow_venv/lib/python3.12/site-packages/airflow/example_dags/example_xcom.py
[2025-07-08T16:03:40.898+0200] {processor.py:840} INFO - DAG(s) 'example_xcom' retrieved from /home/leoja/airflow/airflow_venv/lib/python3.12/site-packages/airflow/example_dags/example_xcom.py
[2025-07-08T16:03:40.914+0200] {logging_mixin.py:188} INFO - [2025-07-08T16:03:40.914+0200] {dag.py:3096} INFO - Sync 1 DAGs
[2025-07-08T16:03:40.929+0200] {logging_mixin.py:188} INFO - [2025-07-08T16:03:40.929+0200] {dag.py:3954} INFO - Setting next_dagrun for example_xcom to 2021-01-01 00:00:00+00:00, run_after=2021-01-01 00:00:00+00:00
[2025-07-08T16:03:40.952+0200] {processor.py:183} INFO - Processing /home/leoja/airflow/airflow_venv/lib/python3.12/site-packages/airflow/example_dags/example_xcom.py took 0.071 seconds
[2025-07-08T16:04:31.234+0200] {processor.py:161} INFO - Started process (PID=45458) to work on /home/leoja/airflow/airflow_venv/lib/python3.12/site-packages/airflow/example_dags/example_xcom.py
[2025-07-08T16:04:31.237+0200] {processor.py:830} INFO - Processing file /home/leoja/airflow/airflow_venv/lib/python3.12/site-packages/airflow/example_dags/example_xcom.py for tasks to queue
[2025-07-08T16:04:31.238+0200] {logging_mixin.py:188} INFO - [2025-07-08T16:04:31.237+0200] {dagbag.py:540} INFO - Filling up the DagBag from /home/leoja/airflow/airflow_venv/lib/python3.12/site-packages/airflow/example_dags/example_xcom.py
[2025-07-08T16:04:31.244+0200] {processor.py:840} INFO - DAG(s) 'example_xcom' retrieved from /home/leoja/airflow/airflow_venv/lib/python3.12/site-packages/airflow/example_dags/example_xcom.py
[2025-07-08T16:04:31.258+0200] {logging_mixin.py:188} INFO - [2025-07-08T16:04:31.257+0200] {dag.py:3096} INFO - Sync 1 DAGs
[2025-07-08T16:04:31.271+0200] {logging_mixin.py:188} INFO - [2025-07-08T16:04:31.271+0200] {dag.py:3954} INFO - Setting next_dagrun for example_xcom to 2021-01-01 00:00:00+00:00, run_after=2021-01-01 00:00:00+00:00
[2025-07-08T16:04:31.293+0200] {processor.py:183} INFO - Processing /home/leoja/airflow/airflow_venv/lib/python3.12/site-packages/airflow/example_dags/example_xcom.py took 0.065 seconds
[2025-07-08T16:05:28.203+0200] {processor.py:161} INFO - Started process (PID=45764) to work on /home/leoja/airflow/airflow_venv/lib/python3.12/site-packages/airflow/example_dags/example_xcom.py
[2025-07-08T16:05:28.205+0200] {processor.py:830} INFO - Processing file /home/leoja/airflow/airflow_venv/lib/python3.12/site-packages/airflow/example_dags/example_xcom.py for tasks to queue
[2025-07-08T16:05:28.205+0200] {logging_mixin.py:188} INFO - [2025-07-08T16:05:28.205+0200] {dagbag.py:540} INFO - Filling up the DagBag from /home/leoja/airflow/airflow_venv/lib/python3.12/site-packages/airflow/example_dags/example_xcom.py
[2025-07-08T16:05:28.211+0200] {processor.py:840} INFO - DAG(s) 'example_xcom' retrieved from /home/leoja/airflow/airflow_venv/lib/python3.12/site-packages/airflow/example_dags/example_xcom.py
[2025-07-08T16:05:28.224+0200] {logging_mixin.py:188} INFO - [2025-07-08T16:05:28.224+0200] {dag.py:3096} INFO - Sync 1 DAGs
[2025-07-08T16:05:28.236+0200] {logging_mixin.py:188} INFO - [2025-07-08T16:05:28.236+0200] {dag.py:3954} INFO - Setting next_dagrun for example_xcom to 2021-01-01 00:00:00+00:00, run_after=2021-01-01 00:00:00+00:00
[2025-07-08T16:05:28.255+0200] {processor.py:183} INFO - Processing /home/leoja/airflow/airflow_venv/lib/python3.12/site-packages/airflow/example_dags/example_xcom.py took 0.057 seconds
