[2025-07-08T14:29:21.164+0200] {processor.py:161} INFO - Started process (PID=35577) to work on /home/leoja/airflow/airflow_venv/lib/python3.12/site-packages/airflow/example_dags/example_display_name.py
[2025-07-08T14:29:21.164+0200] {processor.py:830} INFO - Processing file /home/leoja/airflow/airflow_venv/lib/python3.12/site-packages/airflow/example_dags/example_display_name.py for tasks to queue
[2025-07-08T14:29:21.165+0200] {logging_mixin.py:188} INFO - [2025-07-08T14:29:21.165+0200] {dagbag.py:540} INFO - Filling up the DagBag from /home/leoja/airflow/airflow_venv/lib/python3.12/site-packages/airflow/example_dags/example_display_name.py
[2025-07-08T14:29:21.172+0200] {processor.py:840} INFO - DAG(s) 'example_display_name' retrieved from /home/leoja/airflow/airflow_venv/lib/python3.12/site-packages/airflow/example_dags/example_display_name.py
[2025-07-08T14:29:21.189+0200] {logging_mixin.py:188} INFO - [2025-07-08T14:29:21.189+0200] {dag.py:3096} INFO - Sync 1 DAGs
[2025-07-08T14:29:21.198+0200] {logging_mixin.py:188} INFO - [2025-07-08T14:29:21.198+0200] {dag.py:3954} INFO - Setting next_dagrun for example_display_name to None, run_after=None
[2025-07-08T14:29:21.222+0200] {processor.py:183} INFO - Processing /home/leoja/airflow/airflow_venv/lib/python3.12/site-packages/airflow/example_dags/example_display_name.py took 0.065 seconds
[2025-07-08T14:30:13.797+0200] {processor.py:161} INFO - Started process (PID=35919) to work on /home/leoja/airflow/airflow_venv/lib/python3.12/site-packages/airflow/example_dags/example_display_name.py
[2025-07-08T14:30:13.799+0200] {processor.py:830} INFO - Processing file /home/leoja/airflow/airflow_venv/lib/python3.12/site-packages/airflow/example_dags/example_display_name.py for tasks to queue
[2025-07-08T14:30:13.800+0200] {logging_mixin.py:188} INFO - [2025-07-08T14:30:13.800+0200] {dagbag.py:540} INFO - Filling up the DagBag from /home/leoja/airflow/airflow_venv/lib/python3.12/site-packages/airflow/example_dags/example_display_name.py
[2025-07-08T14:30:13.808+0200] {processor.py:840} INFO - DAG(s) 'example_display_name' retrieved from /home/leoja/airflow/airflow_venv/lib/python3.12/site-packages/airflow/example_dags/example_display_name.py
[2025-07-08T14:30:13.826+0200] {logging_mixin.py:188} INFO - [2025-07-08T14:30:13.825+0200] {dag.py:3096} INFO - Sync 1 DAGs
[2025-07-08T14:30:13.844+0200] {logging_mixin.py:188} INFO - [2025-07-08T14:30:13.844+0200] {dag.py:3954} INFO - Setting next_dagrun for example_display_name to None, run_after=None
[2025-07-08T14:30:13.881+0200] {processor.py:183} INFO - Processing /home/leoja/airflow/airflow_venv/lib/python3.12/site-packages/airflow/example_dags/example_display_name.py took 0.100 seconds
[2025-07-08T14:31:05.460+0200] {processor.py:161} INFO - Started process (PID=36249) to work on /home/leoja/airflow/airflow_venv/lib/python3.12/site-packages/airflow/example_dags/example_display_name.py
[2025-07-08T14:31:05.462+0200] {processor.py:830} INFO - Processing file /home/leoja/airflow/airflow_venv/lib/python3.12/site-packages/airflow/example_dags/example_display_name.py for tasks to queue
[2025-07-08T14:31:05.463+0200] {logging_mixin.py:188} INFO - [2025-07-08T14:31:05.462+0200] {dagbag.py:540} INFO - Filling up the DagBag from /home/leoja/airflow/airflow_venv/lib/python3.12/site-packages/airflow/example_dags/example_display_name.py
[2025-07-08T14:31:05.469+0200] {processor.py:840} INFO - DAG(s) 'example_display_name' retrieved from /home/leoja/airflow/airflow_venv/lib/python3.12/site-packages/airflow/example_dags/example_display_name.py
[2025-07-08T14:31:05.484+0200] {logging_mixin.py:188} INFO - [2025-07-08T14:31:05.484+0200] {dag.py:3096} INFO - Sync 1 DAGs
[2025-07-08T14:31:05.495+0200] {logging_mixin.py:188} INFO - [2025-07-08T14:31:05.494+0200] {dag.py:3954} INFO - Setting next_dagrun for example_display_name to None, run_after=None
[2025-07-08T14:31:05.518+0200] {processor.py:183} INFO - Processing /home/leoja/airflow/airflow_venv/lib/python3.12/site-packages/airflow/example_dags/example_display_name.py took 0.065 seconds
[2025-07-08T14:32:03.649+0200] {processor.py:161} INFO - Started process (PID=36558) to work on /home/leoja/airflow/airflow_venv/lib/python3.12/site-packages/airflow/example_dags/example_display_name.py
[2025-07-08T14:32:03.654+0200] {processor.py:830} INFO - Processing file /home/leoja/airflow/airflow_venv/lib/python3.12/site-packages/airflow/example_dags/example_display_name.py for tasks to queue
[2025-07-08T14:32:03.656+0200] {logging_mixin.py:188} INFO - [2025-07-08T14:32:03.655+0200] {dagbag.py:540} INFO - Filling up the DagBag from /home/leoja/airflow/airflow_venv/lib/python3.12/site-packages/airflow/example_dags/example_display_name.py
[2025-07-08T14:32:03.668+0200] {processor.py:840} INFO - DAG(s) 'example_display_name' retrieved from /home/leoja/airflow/airflow_venv/lib/python3.12/site-packages/airflow/example_dags/example_display_name.py
[2025-07-08T14:32:03.698+0200] {logging_mixin.py:188} INFO - [2025-07-08T14:32:03.698+0200] {dag.py:3096} INFO - Sync 1 DAGs
[2025-07-08T14:32:03.712+0200] {logging_mixin.py:188} INFO - [2025-07-08T14:32:03.712+0200] {dag.py:3954} INFO - Setting next_dagrun for example_display_name to None, run_after=None
[2025-07-08T14:32:03.742+0200] {processor.py:183} INFO - Processing /home/leoja/airflow/airflow_venv/lib/python3.12/site-packages/airflow/example_dags/example_display_name.py took 0.108 seconds
[2025-07-08T14:33:03.825+0200] {processor.py:161} INFO - Started process (PID=36909) to work on /home/leoja/airflow/airflow_venv/lib/python3.12/site-packages/airflow/example_dags/example_display_name.py
[2025-07-08T14:33:03.827+0200] {processor.py:830} INFO - Processing file /home/leoja/airflow/airflow_venv/lib/python3.12/site-packages/airflow/example_dags/example_display_name.py for tasks to queue
[2025-07-08T14:33:03.827+0200] {logging_mixin.py:188} INFO - [2025-07-08T14:33:03.827+0200] {dagbag.py:540} INFO - Filling up the DagBag from /home/leoja/airflow/airflow_venv/lib/python3.12/site-packages/airflow/example_dags/example_display_name.py
[2025-07-08T14:33:03.833+0200] {processor.py:840} INFO - DAG(s) 'example_display_name' retrieved from /home/leoja/airflow/airflow_venv/lib/python3.12/site-packages/airflow/example_dags/example_display_name.py
[2025-07-08T14:33:03.847+0200] {logging_mixin.py:188} INFO - [2025-07-08T14:33:03.847+0200] {dag.py:3096} INFO - Sync 1 DAGs
[2025-07-08T14:33:03.857+0200] {logging_mixin.py:188} INFO - [2025-07-08T14:33:03.857+0200] {dag.py:3954} INFO - Setting next_dagrun for example_display_name to None, run_after=None
[2025-07-08T14:33:03.887+0200] {processor.py:183} INFO - Processing /home/leoja/airflow/airflow_venv/lib/python3.12/site-packages/airflow/example_dags/example_display_name.py took 0.068 seconds
[2025-07-08T14:34:02.273+0200] {processor.py:161} INFO - Started process (PID=37239) to work on /home/leoja/airflow/airflow_venv/lib/python3.12/site-packages/airflow/example_dags/example_display_name.py
[2025-07-08T14:34:02.275+0200] {processor.py:830} INFO - Processing file /home/leoja/airflow/airflow_venv/lib/python3.12/site-packages/airflow/example_dags/example_display_name.py for tasks to queue
[2025-07-08T14:34:02.277+0200] {logging_mixin.py:188} INFO - [2025-07-08T14:34:02.276+0200] {dagbag.py:540} INFO - Filling up the DagBag from /home/leoja/airflow/airflow_venv/lib/python3.12/site-packages/airflow/example_dags/example_display_name.py
[2025-07-08T14:34:02.288+0200] {processor.py:840} INFO - DAG(s) 'example_display_name' retrieved from /home/leoja/airflow/airflow_venv/lib/python3.12/site-packages/airflow/example_dags/example_display_name.py
[2025-07-08T14:34:02.319+0200] {logging_mixin.py:188} INFO - [2025-07-08T14:34:02.318+0200] {dag.py:3096} INFO - Sync 1 DAGs
[2025-07-08T14:34:02.331+0200] {logging_mixin.py:188} INFO - [2025-07-08T14:34:02.331+0200] {dag.py:3954} INFO - Setting next_dagrun for example_display_name to None, run_after=None
[2025-07-08T14:34:02.362+0200] {processor.py:183} INFO - Processing /home/leoja/airflow/airflow_venv/lib/python3.12/site-packages/airflow/example_dags/example_display_name.py took 0.102 seconds
[2025-07-08T14:35:01.191+0200] {processor.py:161} INFO - Started process (PID=37516) to work on /home/leoja/airflow/airflow_venv/lib/python3.12/site-packages/airflow/example_dags/example_display_name.py
[2025-07-08T14:35:01.193+0200] {processor.py:830} INFO - Processing file /home/leoja/airflow/airflow_venv/lib/python3.12/site-packages/airflow/example_dags/example_display_name.py for tasks to queue
[2025-07-08T14:35:01.195+0200] {logging_mixin.py:188} INFO - [2025-07-08T14:35:01.194+0200] {dagbag.py:540} INFO - Filling up the DagBag from /home/leoja/airflow/airflow_venv/lib/python3.12/site-packages/airflow/example_dags/example_display_name.py
[2025-07-08T14:35:01.203+0200] {processor.py:840} INFO - DAG(s) 'example_display_name' retrieved from /home/leoja/airflow/airflow_venv/lib/python3.12/site-packages/airflow/example_dags/example_display_name.py
[2025-07-08T14:35:01.218+0200] {logging_mixin.py:188} INFO - [2025-07-08T14:35:01.218+0200] {dag.py:3096} INFO - Sync 1 DAGs
[2025-07-08T14:35:01.231+0200] {logging_mixin.py:188} INFO - [2025-07-08T14:35:01.230+0200] {dag.py:3954} INFO - Setting next_dagrun for example_display_name to None, run_after=None
[2025-07-08T14:35:01.257+0200] {processor.py:183} INFO - Processing /home/leoja/airflow/airflow_venv/lib/python3.12/site-packages/airflow/example_dags/example_display_name.py took 0.081 seconds
[2025-07-08T14:35:59.040+0200] {processor.py:161} INFO - Started process (PID=37824) to work on /home/leoja/airflow/airflow_venv/lib/python3.12/site-packages/airflow/example_dags/example_display_name.py
[2025-07-08T14:35:59.043+0200] {processor.py:830} INFO - Processing file /home/leoja/airflow/airflow_venv/lib/python3.12/site-packages/airflow/example_dags/example_display_name.py for tasks to queue
[2025-07-08T14:35:59.045+0200] {logging_mixin.py:188} INFO - [2025-07-08T14:35:59.044+0200] {dagbag.py:540} INFO - Filling up the DagBag from /home/leoja/airflow/airflow_venv/lib/python3.12/site-packages/airflow/example_dags/example_display_name.py
[2025-07-08T14:35:59.055+0200] {processor.py:840} INFO - DAG(s) 'example_display_name' retrieved from /home/leoja/airflow/airflow_venv/lib/python3.12/site-packages/airflow/example_dags/example_display_name.py
[2025-07-08T14:35:59.078+0200] {logging_mixin.py:188} INFO - [2025-07-08T14:35:59.078+0200] {dag.py:3096} INFO - Sync 1 DAGs
[2025-07-08T14:35:59.092+0200] {logging_mixin.py:188} INFO - [2025-07-08T14:35:59.092+0200] {dag.py:3954} INFO - Setting next_dagrun for example_display_name to None, run_after=None
[2025-07-08T14:35:59.121+0200] {processor.py:183} INFO - Processing /home/leoja/airflow/airflow_venv/lib/python3.12/site-packages/airflow/example_dags/example_display_name.py took 0.095 seconds
[2025-07-08T14:36:54.692+0200] {processor.py:161} INFO - Started process (PID=38186) to work on /home/leoja/airflow/airflow_venv/lib/python3.12/site-packages/airflow/example_dags/example_display_name.py
[2025-07-08T14:36:54.694+0200] {processor.py:830} INFO - Processing file /home/leoja/airflow/airflow_venv/lib/python3.12/site-packages/airflow/example_dags/example_display_name.py for tasks to queue
[2025-07-08T14:36:54.695+0200] {logging_mixin.py:188} INFO - [2025-07-08T14:36:54.694+0200] {dagbag.py:540} INFO - Filling up the DagBag from /home/leoja/airflow/airflow_venv/lib/python3.12/site-packages/airflow/example_dags/example_display_name.py
[2025-07-08T14:36:54.703+0200] {processor.py:840} INFO - DAG(s) 'example_display_name' retrieved from /home/leoja/airflow/airflow_venv/lib/python3.12/site-packages/airflow/example_dags/example_display_name.py
[2025-07-08T14:36:54.730+0200] {logging_mixin.py:188} INFO - [2025-07-08T14:36:54.729+0200] {dag.py:3096} INFO - Sync 1 DAGs
[2025-07-08T14:36:54.751+0200] {logging_mixin.py:188} INFO - [2025-07-08T14:36:54.750+0200] {dag.py:3954} INFO - Setting next_dagrun for example_display_name to None, run_after=None
[2025-07-08T14:36:54.795+0200] {processor.py:183} INFO - Processing /home/leoja/airflow/airflow_venv/lib/python3.12/site-packages/airflow/example_dags/example_display_name.py took 0.110 seconds
[2025-07-08T14:38:15.326+0200] {processor.py:161} INFO - Started process (PID=39141) to work on /home/leoja/airflow/airflow_venv/lib/python3.12/site-packages/airflow/example_dags/example_display_name.py
[2025-07-08T14:38:15.328+0200] {processor.py:830} INFO - Processing file /home/leoja/airflow/airflow_venv/lib/python3.12/site-packages/airflow/example_dags/example_display_name.py for tasks to queue
[2025-07-08T14:38:15.329+0200] {logging_mixin.py:188} INFO - [2025-07-08T14:38:15.328+0200] {dagbag.py:540} INFO - Filling up the DagBag from /home/leoja/airflow/airflow_venv/lib/python3.12/site-packages/airflow/example_dags/example_display_name.py
[2025-07-08T14:38:15.335+0200] {processor.py:840} INFO - DAG(s) 'example_display_name' retrieved from /home/leoja/airflow/airflow_venv/lib/python3.12/site-packages/airflow/example_dags/example_display_name.py
[2025-07-08T14:38:15.356+0200] {logging_mixin.py:188} INFO - [2025-07-08T14:38:15.356+0200] {dag.py:3096} INFO - Sync 1 DAGs
[2025-07-08T14:38:15.367+0200] {logging_mixin.py:188} INFO - [2025-07-08T14:38:15.367+0200] {dag.py:3954} INFO - Setting next_dagrun for example_display_name to None, run_after=None
[2025-07-08T14:38:15.396+0200] {processor.py:183} INFO - Processing /home/leoja/airflow/airflow_venv/lib/python3.12/site-packages/airflow/example_dags/example_display_name.py took 0.075 seconds
[2025-07-08T14:39:09.251+0200] {processor.py:161} INFO - Started process (PID=39457) to work on /home/leoja/airflow/airflow_venv/lib/python3.12/site-packages/airflow/example_dags/example_display_name.py
[2025-07-08T14:39:09.253+0200] {processor.py:830} INFO - Processing file /home/leoja/airflow/airflow_venv/lib/python3.12/site-packages/airflow/example_dags/example_display_name.py for tasks to queue
[2025-07-08T14:39:09.254+0200] {logging_mixin.py:188} INFO - [2025-07-08T14:39:09.253+0200] {dagbag.py:540} INFO - Filling up the DagBag from /home/leoja/airflow/airflow_venv/lib/python3.12/site-packages/airflow/example_dags/example_display_name.py
[2025-07-08T14:39:09.260+0200] {processor.py:840} INFO - DAG(s) 'example_display_name' retrieved from /home/leoja/airflow/airflow_venv/lib/python3.12/site-packages/airflow/example_dags/example_display_name.py
[2025-07-08T14:39:09.288+0200] {logging_mixin.py:188} INFO - [2025-07-08T14:39:09.287+0200] {dag.py:3096} INFO - Sync 1 DAGs
[2025-07-08T14:39:09.306+0200] {logging_mixin.py:188} INFO - [2025-07-08T14:39:09.306+0200] {dag.py:3954} INFO - Setting next_dagrun for example_display_name to None, run_after=None
[2025-07-08T14:39:09.342+0200] {processor.py:183} INFO - Processing /home/leoja/airflow/airflow_venv/lib/python3.12/site-packages/airflow/example_dags/example_display_name.py took 0.101 seconds
[2025-07-08T14:40:08.185+0200] {processor.py:161} INFO - Started process (PID=39764) to work on /home/leoja/airflow/airflow_venv/lib/python3.12/site-packages/airflow/example_dags/example_display_name.py
[2025-07-08T14:40:08.187+0200] {processor.py:830} INFO - Processing file /home/leoja/airflow/airflow_venv/lib/python3.12/site-packages/airflow/example_dags/example_display_name.py for tasks to queue
[2025-07-08T14:40:08.189+0200] {logging_mixin.py:188} INFO - [2025-07-08T14:40:08.188+0200] {dagbag.py:540} INFO - Filling up the DagBag from /home/leoja/airflow/airflow_venv/lib/python3.12/site-packages/airflow/example_dags/example_display_name.py
[2025-07-08T14:40:08.198+0200] {processor.py:840} INFO - DAG(s) 'example_display_name' retrieved from /home/leoja/airflow/airflow_venv/lib/python3.12/site-packages/airflow/example_dags/example_display_name.py
[2025-07-08T14:40:08.213+0200] {logging_mixin.py:188} INFO - [2025-07-08T14:40:08.213+0200] {dag.py:3096} INFO - Sync 1 DAGs
[2025-07-08T14:40:08.225+0200] {logging_mixin.py:188} INFO - [2025-07-08T14:40:08.224+0200] {dag.py:3954} INFO - Setting next_dagrun for example_display_name to None, run_after=None
[2025-07-08T14:40:08.250+0200] {processor.py:183} INFO - Processing /home/leoja/airflow/airflow_venv/lib/python3.12/site-packages/airflow/example_dags/example_display_name.py took 0.080 seconds
[2025-07-08T14:41:12.992+0200] {processor.py:161} INFO - Started process (PID=40107) to work on /home/leoja/airflow/airflow_venv/lib/python3.12/site-packages/airflow/example_dags/example_display_name.py
[2025-07-08T14:41:12.994+0200] {processor.py:830} INFO - Processing file /home/leoja/airflow/airflow_venv/lib/python3.12/site-packages/airflow/example_dags/example_display_name.py for tasks to queue
[2025-07-08T14:41:12.995+0200] {logging_mixin.py:188} INFO - [2025-07-08T14:41:12.994+0200] {dagbag.py:540} INFO - Filling up the DagBag from /home/leoja/airflow/airflow_venv/lib/python3.12/site-packages/airflow/example_dags/example_display_name.py
[2025-07-08T14:41:13.002+0200] {processor.py:840} INFO - DAG(s) 'example_display_name' retrieved from /home/leoja/airflow/airflow_venv/lib/python3.12/site-packages/airflow/example_dags/example_display_name.py
[2025-07-08T14:41:13.020+0200] {logging_mixin.py:188} INFO - [2025-07-08T14:41:13.020+0200] {dag.py:3096} INFO - Sync 1 DAGs
[2025-07-08T14:41:13.031+0200] {logging_mixin.py:188} INFO - [2025-07-08T14:41:13.031+0200] {dag.py:3954} INFO - Setting next_dagrun for example_display_name to None, run_after=None
[2025-07-08T14:41:13.061+0200] {processor.py:183} INFO - Processing /home/leoja/airflow/airflow_venv/lib/python3.12/site-packages/airflow/example_dags/example_display_name.py took 0.080 seconds
[2025-07-08T14:42:13.712+0200] {processor.py:161} INFO - Started process (PID=40417) to work on /home/leoja/airflow/airflow_venv/lib/python3.12/site-packages/airflow/example_dags/example_display_name.py
[2025-07-08T14:42:13.714+0200] {processor.py:830} INFO - Processing file /home/leoja/airflow/airflow_venv/lib/python3.12/site-packages/airflow/example_dags/example_display_name.py for tasks to queue
[2025-07-08T14:42:13.716+0200] {logging_mixin.py:188} INFO - [2025-07-08T14:42:13.715+0200] {dagbag.py:540} INFO - Filling up the DagBag from /home/leoja/airflow/airflow_venv/lib/python3.12/site-packages/airflow/example_dags/example_display_name.py
[2025-07-08T14:42:13.726+0200] {processor.py:840} INFO - DAG(s) 'example_display_name' retrieved from /home/leoja/airflow/airflow_venv/lib/python3.12/site-packages/airflow/example_dags/example_display_name.py
[2025-07-08T14:42:13.746+0200] {logging_mixin.py:188} INFO - [2025-07-08T14:42:13.745+0200] {dag.py:3096} INFO - Sync 1 DAGs
[2025-07-08T14:42:13.760+0200] {logging_mixin.py:188} INFO - [2025-07-08T14:42:13.760+0200] {dag.py:3954} INFO - Setting next_dagrun for example_display_name to None, run_after=None
[2025-07-08T14:42:13.791+0200] {processor.py:183} INFO - Processing /home/leoja/airflow/airflow_venv/lib/python3.12/site-packages/airflow/example_dags/example_display_name.py took 0.086 seconds
[2025-07-08T14:43:18.798+0200] {processor.py:161} INFO - Started process (PID=40796) to work on /home/leoja/airflow/airflow_venv/lib/python3.12/site-packages/airflow/example_dags/example_display_name.py
[2025-07-08T14:43:18.800+0200] {processor.py:830} INFO - Processing file /home/leoja/airflow/airflow_venv/lib/python3.12/site-packages/airflow/example_dags/example_display_name.py for tasks to queue
[2025-07-08T14:43:18.802+0200] {logging_mixin.py:188} INFO - [2025-07-08T14:43:18.801+0200] {dagbag.py:540} INFO - Filling up the DagBag from /home/leoja/airflow/airflow_venv/lib/python3.12/site-packages/airflow/example_dags/example_display_name.py
[2025-07-08T14:43:18.812+0200] {processor.py:840} INFO - DAG(s) 'example_display_name' retrieved from /home/leoja/airflow/airflow_venv/lib/python3.12/site-packages/airflow/example_dags/example_display_name.py
[2025-07-08T14:43:18.828+0200] {logging_mixin.py:188} INFO - [2025-07-08T14:43:18.828+0200] {dag.py:3096} INFO - Sync 1 DAGs
[2025-07-08T14:43:18.838+0200] {logging_mixin.py:188} INFO - [2025-07-08T14:43:18.838+0200] {dag.py:3954} INFO - Setting next_dagrun for example_display_name to None, run_after=None
[2025-07-08T14:43:18.863+0200] {processor.py:183} INFO - Processing /home/leoja/airflow/airflow_venv/lib/python3.12/site-packages/airflow/example_dags/example_display_name.py took 0.080 seconds
[2025-07-08T14:44:19.405+0200] {processor.py:161} INFO - Started process (PID=41135) to work on /home/leoja/airflow/airflow_venv/lib/python3.12/site-packages/airflow/example_dags/example_display_name.py
[2025-07-08T14:44:19.407+0200] {processor.py:830} INFO - Processing file /home/leoja/airflow/airflow_venv/lib/python3.12/site-packages/airflow/example_dags/example_display_name.py for tasks to queue
[2025-07-08T14:44:19.408+0200] {logging_mixin.py:188} INFO - [2025-07-08T14:44:19.408+0200] {dagbag.py:540} INFO - Filling up the DagBag from /home/leoja/airflow/airflow_venv/lib/python3.12/site-packages/airflow/example_dags/example_display_name.py
[2025-07-08T14:44:19.416+0200] {processor.py:840} INFO - DAG(s) 'example_display_name' retrieved from /home/leoja/airflow/airflow_venv/lib/python3.12/site-packages/airflow/example_dags/example_display_name.py
[2025-07-08T14:44:19.436+0200] {logging_mixin.py:188} INFO - [2025-07-08T14:44:19.436+0200] {dag.py:3096} INFO - Sync 1 DAGs
[2025-07-08T14:44:19.448+0200] {logging_mixin.py:188} INFO - [2025-07-08T14:44:19.448+0200] {dag.py:3954} INFO - Setting next_dagrun for example_display_name to None, run_after=None
[2025-07-08T14:44:19.475+0200] {processor.py:183} INFO - Processing /home/leoja/airflow/airflow_venv/lib/python3.12/site-packages/airflow/example_dags/example_display_name.py took 0.085 seconds
[2025-07-08T14:45:24.337+0200] {processor.py:161} INFO - Started process (PID=41478) to work on /home/leoja/airflow/airflow_venv/lib/python3.12/site-packages/airflow/example_dags/example_display_name.py
[2025-07-08T14:45:24.340+0200] {processor.py:830} INFO - Processing file /home/leoja/airflow/airflow_venv/lib/python3.12/site-packages/airflow/example_dags/example_display_name.py for tasks to queue
[2025-07-08T14:45:24.341+0200] {logging_mixin.py:188} INFO - [2025-07-08T14:45:24.341+0200] {dagbag.py:540} INFO - Filling up the DagBag from /home/leoja/airflow/airflow_venv/lib/python3.12/site-packages/airflow/example_dags/example_display_name.py
[2025-07-08T14:45:24.349+0200] {processor.py:840} INFO - DAG(s) 'example_display_name' retrieved from /home/leoja/airflow/airflow_venv/lib/python3.12/site-packages/airflow/example_dags/example_display_name.py
[2025-07-08T14:45:24.365+0200] {logging_mixin.py:188} INFO - [2025-07-08T14:45:24.365+0200] {dag.py:3096} INFO - Sync 1 DAGs
[2025-07-08T14:45:24.375+0200] {logging_mixin.py:188} INFO - [2025-07-08T14:45:24.375+0200] {dag.py:3954} INFO - Setting next_dagrun for example_display_name to None, run_after=None
[2025-07-08T14:45:24.403+0200] {processor.py:183} INFO - Processing /home/leoja/airflow/airflow_venv/lib/python3.12/site-packages/airflow/example_dags/example_display_name.py took 0.078 seconds
[2025-07-08T14:46:24.972+0200] {processor.py:161} INFO - Started process (PID=41791) to work on /home/leoja/airflow/airflow_venv/lib/python3.12/site-packages/airflow/example_dags/example_display_name.py
[2025-07-08T14:46:24.974+0200] {processor.py:830} INFO - Processing file /home/leoja/airflow/airflow_venv/lib/python3.12/site-packages/airflow/example_dags/example_display_name.py for tasks to queue
[2025-07-08T14:46:24.975+0200] {logging_mixin.py:188} INFO - [2025-07-08T14:46:24.975+0200] {dagbag.py:540} INFO - Filling up the DagBag from /home/leoja/airflow/airflow_venv/lib/python3.12/site-packages/airflow/example_dags/example_display_name.py
[2025-07-08T14:46:24.982+0200] {processor.py:840} INFO - DAG(s) 'example_display_name' retrieved from /home/leoja/airflow/airflow_venv/lib/python3.12/site-packages/airflow/example_dags/example_display_name.py
[2025-07-08T14:46:25.002+0200] {logging_mixin.py:188} INFO - [2025-07-08T14:46:25.002+0200] {dag.py:3096} INFO - Sync 1 DAGs
[2025-07-08T14:46:25.016+0200] {logging_mixin.py:188} INFO - [2025-07-08T14:46:25.015+0200] {dag.py:3954} INFO - Setting next_dagrun for example_display_name to None, run_after=None
[2025-07-08T14:46:25.045+0200] {processor.py:183} INFO - Processing /home/leoja/airflow/airflow_venv/lib/python3.12/site-packages/airflow/example_dags/example_display_name.py took 0.081 seconds
[2025-07-08T14:47:21.749+0200] {processor.py:161} INFO - Started process (PID=42122) to work on /home/leoja/airflow/airflow_venv/lib/python3.12/site-packages/airflow/example_dags/example_display_name.py
[2025-07-08T14:47:21.752+0200] {processor.py:830} INFO - Processing file /home/leoja/airflow/airflow_venv/lib/python3.12/site-packages/airflow/example_dags/example_display_name.py for tasks to queue
[2025-07-08T14:47:21.754+0200] {logging_mixin.py:188} INFO - [2025-07-08T14:47:21.754+0200] {dagbag.py:540} INFO - Filling up the DagBag from /home/leoja/airflow/airflow_venv/lib/python3.12/site-packages/airflow/example_dags/example_display_name.py
[2025-07-08T14:47:21.766+0200] {processor.py:840} INFO - DAG(s) 'example_display_name' retrieved from /home/leoja/airflow/airflow_venv/lib/python3.12/site-packages/airflow/example_dags/example_display_name.py
[2025-07-08T14:47:21.783+0200] {logging_mixin.py:188} INFO - [2025-07-08T14:47:21.783+0200] {dag.py:3096} INFO - Sync 1 DAGs
[2025-07-08T14:47:21.797+0200] {logging_mixin.py:188} INFO - [2025-07-08T14:47:21.797+0200] {dag.py:3954} INFO - Setting next_dagrun for example_display_name to None, run_after=None
[2025-07-08T14:47:21.831+0200] {processor.py:183} INFO - Processing /home/leoja/airflow/airflow_venv/lib/python3.12/site-packages/airflow/example_dags/example_display_name.py took 0.096 seconds
[2025-07-08T14:48:25.037+0200] {processor.py:161} INFO - Started process (PID=42440) to work on /home/leoja/airflow/airflow_venv/lib/python3.12/site-packages/airflow/example_dags/example_display_name.py
[2025-07-08T14:48:25.039+0200] {processor.py:830} INFO - Processing file /home/leoja/airflow/airflow_venv/lib/python3.12/site-packages/airflow/example_dags/example_display_name.py for tasks to queue
[2025-07-08T14:48:25.040+0200] {logging_mixin.py:188} INFO - [2025-07-08T14:48:25.039+0200] {dagbag.py:540} INFO - Filling up the DagBag from /home/leoja/airflow/airflow_venv/lib/python3.12/site-packages/airflow/example_dags/example_display_name.py
[2025-07-08T14:48:25.049+0200] {processor.py:840} INFO - DAG(s) 'example_display_name' retrieved from /home/leoja/airflow/airflow_venv/lib/python3.12/site-packages/airflow/example_dags/example_display_name.py
[2025-07-08T14:48:25.066+0200] {logging_mixin.py:188} INFO - [2025-07-08T14:48:25.066+0200] {dag.py:3096} INFO - Sync 1 DAGs
[2025-07-08T14:48:25.079+0200] {logging_mixin.py:188} INFO - [2025-07-08T14:48:25.079+0200] {dag.py:3954} INFO - Setting next_dagrun for example_display_name to None, run_after=None
[2025-07-08T14:48:25.111+0200] {processor.py:183} INFO - Processing /home/leoja/airflow/airflow_venv/lib/python3.12/site-packages/airflow/example_dags/example_display_name.py took 0.081 seconds
[2025-07-08T14:49:32.388+0200] {processor.py:161} INFO - Started process (PID=42817) to work on /home/leoja/airflow/airflow_venv/lib/python3.12/site-packages/airflow/example_dags/example_display_name.py
[2025-07-08T14:49:32.389+0200] {processor.py:830} INFO - Processing file /home/leoja/airflow/airflow_venv/lib/python3.12/site-packages/airflow/example_dags/example_display_name.py for tasks to queue
[2025-07-08T14:49:32.391+0200] {logging_mixin.py:188} INFO - [2025-07-08T14:49:32.390+0200] {dagbag.py:540} INFO - Filling up the DagBag from /home/leoja/airflow/airflow_venv/lib/python3.12/site-packages/airflow/example_dags/example_display_name.py
[2025-07-08T14:49:32.396+0200] {processor.py:840} INFO - DAG(s) 'example_display_name' retrieved from /home/leoja/airflow/airflow_venv/lib/python3.12/site-packages/airflow/example_dags/example_display_name.py
[2025-07-08T14:49:32.415+0200] {logging_mixin.py:188} INFO - [2025-07-08T14:49:32.415+0200] {dag.py:3096} INFO - Sync 1 DAGs
[2025-07-08T14:49:32.427+0200] {logging_mixin.py:188} INFO - [2025-07-08T14:49:32.426+0200] {dag.py:3954} INFO - Setting next_dagrun for example_display_name to None, run_after=None
[2025-07-08T14:49:32.453+0200] {processor.py:183} INFO - Processing /home/leoja/airflow/airflow_venv/lib/python3.12/site-packages/airflow/example_dags/example_display_name.py took 0.072 seconds
[2025-07-08T14:50:35.668+0200] {processor.py:161} INFO - Started process (PID=43159) to work on /home/leoja/airflow/airflow_venv/lib/python3.12/site-packages/airflow/example_dags/example_display_name.py
[2025-07-08T14:50:35.670+0200] {processor.py:830} INFO - Processing file /home/leoja/airflow/airflow_venv/lib/python3.12/site-packages/airflow/example_dags/example_display_name.py for tasks to queue
[2025-07-08T14:50:35.671+0200] {logging_mixin.py:188} INFO - [2025-07-08T14:50:35.670+0200] {dagbag.py:540} INFO - Filling up the DagBag from /home/leoja/airflow/airflow_venv/lib/python3.12/site-packages/airflow/example_dags/example_display_name.py
[2025-07-08T14:50:35.679+0200] {processor.py:840} INFO - DAG(s) 'example_display_name' retrieved from /home/leoja/airflow/airflow_venv/lib/python3.12/site-packages/airflow/example_dags/example_display_name.py
[2025-07-08T14:50:35.700+0200] {logging_mixin.py:188} INFO - [2025-07-08T14:50:35.699+0200] {dag.py:3096} INFO - Sync 1 DAGs
[2025-07-08T14:50:35.711+0200] {logging_mixin.py:188} INFO - [2025-07-08T14:50:35.711+0200] {dag.py:3954} INFO - Setting next_dagrun for example_display_name to None, run_after=None
[2025-07-08T14:50:35.736+0200] {processor.py:183} INFO - Processing /home/leoja/airflow/airflow_venv/lib/python3.12/site-packages/airflow/example_dags/example_display_name.py took 0.077 seconds
[2025-07-08T14:51:33.783+0200] {processor.py:161} INFO - Started process (PID=43469) to work on /home/leoja/airflow/airflow_venv/lib/python3.12/site-packages/airflow/example_dags/example_display_name.py
[2025-07-08T14:51:33.785+0200] {processor.py:830} INFO - Processing file /home/leoja/airflow/airflow_venv/lib/python3.12/site-packages/airflow/example_dags/example_display_name.py for tasks to queue
[2025-07-08T14:51:33.786+0200] {logging_mixin.py:188} INFO - [2025-07-08T14:51:33.786+0200] {dagbag.py:540} INFO - Filling up the DagBag from /home/leoja/airflow/airflow_venv/lib/python3.12/site-packages/airflow/example_dags/example_display_name.py
[2025-07-08T14:51:33.794+0200] {processor.py:840} INFO - DAG(s) 'example_display_name' retrieved from /home/leoja/airflow/airflow_venv/lib/python3.12/site-packages/airflow/example_dags/example_display_name.py
[2025-07-08T14:51:33.815+0200] {logging_mixin.py:188} INFO - [2025-07-08T14:51:33.815+0200] {dag.py:3096} INFO - Sync 1 DAGs
[2025-07-08T14:51:33.826+0200] {logging_mixin.py:188} INFO - [2025-07-08T14:51:33.826+0200] {dag.py:3954} INFO - Setting next_dagrun for example_display_name to None, run_after=None
[2025-07-08T14:51:33.850+0200] {processor.py:183} INFO - Processing /home/leoja/airflow/airflow_venv/lib/python3.12/site-packages/airflow/example_dags/example_display_name.py took 0.074 seconds
[2025-07-08T14:52:24.584+0200] {processor.py:161} INFO - Started process (PID=43743) to work on /home/leoja/airflow/airflow_venv/lib/python3.12/site-packages/airflow/example_dags/example_display_name.py
[2025-07-08T14:52:24.586+0200] {processor.py:830} INFO - Processing file /home/leoja/airflow/airflow_venv/lib/python3.12/site-packages/airflow/example_dags/example_display_name.py for tasks to queue
[2025-07-08T14:52:24.587+0200] {logging_mixin.py:188} INFO - [2025-07-08T14:52:24.587+0200] {dagbag.py:540} INFO - Filling up the DagBag from /home/leoja/airflow/airflow_venv/lib/python3.12/site-packages/airflow/example_dags/example_display_name.py
[2025-07-08T14:52:24.592+0200] {processor.py:840} INFO - DAG(s) 'example_display_name' retrieved from /home/leoja/airflow/airflow_venv/lib/python3.12/site-packages/airflow/example_dags/example_display_name.py
[2025-07-08T14:52:24.605+0200] {logging_mixin.py:188} INFO - [2025-07-08T14:52:24.605+0200] {dag.py:3096} INFO - Sync 1 DAGs
[2025-07-08T14:52:24.614+0200] {logging_mixin.py:188} INFO - [2025-07-08T14:52:24.613+0200] {dag.py:3954} INFO - Setting next_dagrun for example_display_name to None, run_after=None
[2025-07-08T14:52:24.636+0200] {processor.py:183} INFO - Processing /home/leoja/airflow/airflow_venv/lib/python3.12/site-packages/airflow/example_dags/example_display_name.py took 0.057 seconds
[2025-07-08T16:00:09.414+0200] {processor.py:161} INFO - Started process (PID=44050) to work on /home/leoja/airflow/airflow_venv/lib/python3.12/site-packages/airflow/example_dags/example_display_name.py
[2025-07-08T16:00:09.416+0200] {processor.py:830} INFO - Processing file /home/leoja/airflow/airflow_venv/lib/python3.12/site-packages/airflow/example_dags/example_display_name.py for tasks to queue
[2025-07-08T16:00:09.417+0200] {logging_mixin.py:188} INFO - [2025-07-08T16:00:09.416+0200] {dagbag.py:540} INFO - Filling up the DagBag from /home/leoja/airflow/airflow_venv/lib/python3.12/site-packages/airflow/example_dags/example_display_name.py
[2025-07-08T16:00:09.423+0200] {processor.py:840} INFO - DAG(s) 'example_display_name' retrieved from /home/leoja/airflow/airflow_venv/lib/python3.12/site-packages/airflow/example_dags/example_display_name.py
[2025-07-08T16:00:09.440+0200] {logging_mixin.py:188} INFO - [2025-07-08T16:00:09.440+0200] {dag.py:3096} INFO - Sync 1 DAGs
[2025-07-08T16:00:09.452+0200] {logging_mixin.py:188} INFO - [2025-07-08T16:00:09.451+0200] {dag.py:3954} INFO - Setting next_dagrun for example_display_name to None, run_after=None
[2025-07-08T16:00:09.475+0200] {processor.py:183} INFO - Processing /home/leoja/airflow/airflow_venv/lib/python3.12/site-packages/airflow/example_dags/example_display_name.py took 0.068 seconds
[2025-07-08T16:00:47.945+0200] {processor.py:161} INFO - Started process (PID=44266) to work on /home/leoja/airflow/airflow_venv/lib/python3.12/site-packages/airflow/example_dags/example_display_name.py
[2025-07-08T16:00:47.948+0200] {processor.py:830} INFO - Processing file /home/leoja/airflow/airflow_venv/lib/python3.12/site-packages/airflow/example_dags/example_display_name.py for tasks to queue
[2025-07-08T16:00:47.950+0200] {logging_mixin.py:188} INFO - [2025-07-08T16:00:47.950+0200] {dagbag.py:540} INFO - Filling up the DagBag from /home/leoja/airflow/airflow_venv/lib/python3.12/site-packages/airflow/example_dags/example_display_name.py
[2025-07-08T16:00:47.955+0200] {processor.py:840} INFO - DAG(s) 'example_display_name' retrieved from /home/leoja/airflow/airflow_venv/lib/python3.12/site-packages/airflow/example_dags/example_display_name.py
[2025-07-08T16:00:47.971+0200] {logging_mixin.py:188} INFO - [2025-07-08T16:00:47.971+0200] {dag.py:3096} INFO - Sync 1 DAGs
[2025-07-08T16:00:47.982+0200] {logging_mixin.py:188} INFO - [2025-07-08T16:00:47.982+0200] {dag.py:3954} INFO - Setting next_dagrun for example_display_name to None, run_after=None
[2025-07-08T16:00:48.067+0200] {processor.py:183} INFO - Processing /home/leoja/airflow/airflow_venv/lib/python3.12/site-packages/airflow/example_dags/example_display_name.py took 0.126 seconds
[2025-07-08T16:01:45.380+0200] {processor.py:161} INFO - Started process (PID=44564) to work on /home/leoja/airflow/airflow_venv/lib/python3.12/site-packages/airflow/example_dags/example_display_name.py
[2025-07-08T16:01:45.382+0200] {processor.py:830} INFO - Processing file /home/leoja/airflow/airflow_venv/lib/python3.12/site-packages/airflow/example_dags/example_display_name.py for tasks to queue
[2025-07-08T16:01:45.384+0200] {logging_mixin.py:188} INFO - [2025-07-08T16:01:45.382+0200] {dagbag.py:540} INFO - Filling up the DagBag from /home/leoja/airflow/airflow_venv/lib/python3.12/site-packages/airflow/example_dags/example_display_name.py
[2025-07-08T16:01:45.389+0200] {processor.py:840} INFO - DAG(s) 'example_display_name' retrieved from /home/leoja/airflow/airflow_venv/lib/python3.12/site-packages/airflow/example_dags/example_display_name.py
[2025-07-08T16:01:45.404+0200] {logging_mixin.py:188} INFO - [2025-07-08T16:01:45.404+0200] {dag.py:3096} INFO - Sync 1 DAGs
[2025-07-08T16:01:45.416+0200] {logging_mixin.py:188} INFO - [2025-07-08T16:01:45.416+0200] {dag.py:3954} INFO - Setting next_dagrun for example_display_name to None, run_after=None
[2025-07-08T16:01:45.447+0200] {processor.py:183} INFO - Processing /home/leoja/airflow/airflow_venv/lib/python3.12/site-packages/airflow/example_dags/example_display_name.py took 0.072 seconds
[2025-07-08T16:02:40.245+0200] {processor.py:161} INFO - Started process (PID=44873) to work on /home/leoja/airflow/airflow_venv/lib/python3.12/site-packages/airflow/example_dags/example_display_name.py
[2025-07-08T16:02:40.247+0200] {processor.py:830} INFO - Processing file /home/leoja/airflow/airflow_venv/lib/python3.12/site-packages/airflow/example_dags/example_display_name.py for tasks to queue
[2025-07-08T16:02:40.248+0200] {logging_mixin.py:188} INFO - [2025-07-08T16:02:40.247+0200] {dagbag.py:540} INFO - Filling up the DagBag from /home/leoja/airflow/airflow_venv/lib/python3.12/site-packages/airflow/example_dags/example_display_name.py
[2025-07-08T16:02:40.253+0200] {processor.py:840} INFO - DAG(s) 'example_display_name' retrieved from /home/leoja/airflow/airflow_venv/lib/python3.12/site-packages/airflow/example_dags/example_display_name.py
[2025-07-08T16:02:40.266+0200] {logging_mixin.py:188} INFO - [2025-07-08T16:02:40.266+0200] {dag.py:3096} INFO - Sync 1 DAGs
[2025-07-08T16:02:40.275+0200] {logging_mixin.py:188} INFO - [2025-07-08T16:02:40.275+0200] {dag.py:3954} INFO - Setting next_dagrun for example_display_name to None, run_after=None
[2025-07-08T16:02:40.305+0200] {processor.py:183} INFO - Processing /home/leoja/airflow/airflow_venv/lib/python3.12/site-packages/airflow/example_dags/example_display_name.py took 0.067 seconds
[2025-07-08T16:03:35.893+0200] {processor.py:161} INFO - Started process (PID=45180) to work on /home/leoja/airflow/airflow_venv/lib/python3.12/site-packages/airflow/example_dags/example_display_name.py
[2025-07-08T16:03:35.896+0200] {processor.py:830} INFO - Processing file /home/leoja/airflow/airflow_venv/lib/python3.12/site-packages/airflow/example_dags/example_display_name.py for tasks to queue
[2025-07-08T16:03:35.897+0200] {logging_mixin.py:188} INFO - [2025-07-08T16:03:35.897+0200] {dagbag.py:540} INFO - Filling up the DagBag from /home/leoja/airflow/airflow_venv/lib/python3.12/site-packages/airflow/example_dags/example_display_name.py
[2025-07-08T16:03:35.902+0200] {processor.py:840} INFO - DAG(s) 'example_display_name' retrieved from /home/leoja/airflow/airflow_venv/lib/python3.12/site-packages/airflow/example_dags/example_display_name.py
[2025-07-08T16:03:35.917+0200] {logging_mixin.py:188} INFO - [2025-07-08T16:03:35.917+0200] {dag.py:3096} INFO - Sync 1 DAGs
[2025-07-08T16:03:35.928+0200] {logging_mixin.py:188} INFO - [2025-07-08T16:03:35.928+0200] {dag.py:3954} INFO - Setting next_dagrun for example_display_name to None, run_after=None
[2025-07-08T16:03:35.948+0200] {processor.py:183} INFO - Processing /home/leoja/airflow/airflow_venv/lib/python3.12/site-packages/airflow/example_dags/example_display_name.py took 0.062 seconds
[2025-07-08T16:04:26.085+0200] {processor.py:161} INFO - Started process (PID=45453) to work on /home/leoja/airflow/airflow_venv/lib/python3.12/site-packages/airflow/example_dags/example_display_name.py
[2025-07-08T16:04:26.092+0200] {processor.py:830} INFO - Processing file /home/leoja/airflow/airflow_venv/lib/python3.12/site-packages/airflow/example_dags/example_display_name.py for tasks to queue
[2025-07-08T16:04:26.093+0200] {logging_mixin.py:188} INFO - [2025-07-08T16:04:26.093+0200] {dagbag.py:540} INFO - Filling up the DagBag from /home/leoja/airflow/airflow_venv/lib/python3.12/site-packages/airflow/example_dags/example_display_name.py
[2025-07-08T16:04:26.099+0200] {processor.py:840} INFO - DAG(s) 'example_display_name' retrieved from /home/leoja/airflow/airflow_venv/lib/python3.12/site-packages/airflow/example_dags/example_display_name.py
[2025-07-08T16:04:26.112+0200] {logging_mixin.py:188} INFO - [2025-07-08T16:04:26.111+0200] {dag.py:3096} INFO - Sync 1 DAGs
[2025-07-08T16:04:26.119+0200] {logging_mixin.py:188} INFO - [2025-07-08T16:04:26.119+0200] {dag.py:3954} INFO - Setting next_dagrun for example_display_name to None, run_after=None
[2025-07-08T16:04:26.144+0200] {processor.py:183} INFO - Processing /home/leoja/airflow/airflow_venv/lib/python3.12/site-packages/airflow/example_dags/example_display_name.py took 0.064 seconds
[2025-07-08T16:05:23.134+0200] {processor.py:161} INFO - Started process (PID=45758) to work on /home/leoja/airflow/airflow_venv/lib/python3.12/site-packages/airflow/example_dags/example_display_name.py
[2025-07-08T16:05:23.136+0200] {processor.py:830} INFO - Processing file /home/leoja/airflow/airflow_venv/lib/python3.12/site-packages/airflow/example_dags/example_display_name.py for tasks to queue
[2025-07-08T16:05:23.136+0200] {logging_mixin.py:188} INFO - [2025-07-08T16:05:23.136+0200] {dagbag.py:540} INFO - Filling up the DagBag from /home/leoja/airflow/airflow_venv/lib/python3.12/site-packages/airflow/example_dags/example_display_name.py
[2025-07-08T16:05:23.143+0200] {processor.py:840} INFO - DAG(s) 'example_display_name' retrieved from /home/leoja/airflow/airflow_venv/lib/python3.12/site-packages/airflow/example_dags/example_display_name.py
[2025-07-08T16:05:23.155+0200] {logging_mixin.py:188} INFO - [2025-07-08T16:05:23.155+0200] {dag.py:3096} INFO - Sync 1 DAGs
[2025-07-08T16:05:23.164+0200] {logging_mixin.py:188} INFO - [2025-07-08T16:05:23.164+0200] {dag.py:3954} INFO - Setting next_dagrun for example_display_name to None, run_after=None
[2025-07-08T16:05:23.182+0200] {processor.py:183} INFO - Processing /home/leoja/airflow/airflow_venv/lib/python3.12/site-packages/airflow/example_dags/example_display_name.py took 0.053 seconds
[2025-07-08T16:06:13.963+0200] {processor.py:161} INFO - Started process (PID=46010) to work on /home/leoja/airflow/airflow_venv/lib/python3.12/site-packages/airflow/example_dags/example_display_name.py
[2025-07-08T16:06:13.965+0200] {processor.py:830} INFO - Processing file /home/leoja/airflow/airflow_venv/lib/python3.12/site-packages/airflow/example_dags/example_display_name.py for tasks to queue
[2025-07-08T16:06:13.966+0200] {logging_mixin.py:188} INFO - [2025-07-08T16:06:13.965+0200] {dagbag.py:540} INFO - Filling up the DagBag from /home/leoja/airflow/airflow_venv/lib/python3.12/site-packages/airflow/example_dags/example_display_name.py
[2025-07-08T16:06:13.971+0200] {processor.py:840} INFO - DAG(s) 'example_display_name' retrieved from /home/leoja/airflow/airflow_venv/lib/python3.12/site-packages/airflow/example_dags/example_display_name.py
[2025-07-08T16:06:13.998+0200] {logging_mixin.py:188} INFO - [2025-07-08T16:06:13.998+0200] {dag.py:3096} INFO - Sync 1 DAGs
[2025-07-08T16:06:14.009+0200] {logging_mixin.py:188} INFO - [2025-07-08T16:06:14.009+0200] {dag.py:3954} INFO - Setting next_dagrun for example_display_name to None, run_after=None
[2025-07-08T16:06:14.036+0200] {processor.py:183} INFO - Processing /home/leoja/airflow/airflow_venv/lib/python3.12/site-packages/airflow/example_dags/example_display_name.py took 0.077 seconds
