[2025-07-08T14:29:38.013+0200] {processor.py:161} INFO - Started process (PID=35669) to work on /home/leoja/airflow/airflow_venv/lib/python3.12/site-packages/airflow/example_dags/example_dynamic_task_mapping.py
[2025-07-08T14:29:38.014+0200] {processor.py:830} INFO - Processing file /home/leoja/airflow/airflow_venv/lib/python3.12/site-packages/airflow/example_dags/example_dynamic_task_mapping.py for tasks to queue
[2025-07-08T14:29:38.014+0200] {logging_mixin.py:188} INFO - [2025-07-08T14:29:38.014+0200] {dagbag.py:540} INFO - Filling up the DagBag from /home/leoja/airflow/airflow_venv/lib/python3.12/site-packages/airflow/example_dags/example_dynamic_task_mapping.py
[2025-07-08T14:29:38.022+0200] {processor.py:840} INFO - DAG(s) 'example_dynamic_task_mapping' retrieved from /home/leoja/airflow/airflow_venv/lib/python3.12/site-packages/airflow/example_dags/example_dynamic_task_mapping.py
[2025-07-08T14:29:38.036+0200] {logging_mixin.py:188} INFO - [2025-07-08T14:29:38.035+0200] {dag.py:3096} INFO - Sync 1 DAGs
[2025-07-08T14:29:38.055+0200] {logging_mixin.py:188} INFO - [2025-07-08T14:29:38.055+0200] {dag.py:3954} INFO - Setting next_dagrun for example_dynamic_task_mapping to 2022-03-04 00:00:00+00:00, run_after=2022-03-05 00:00:00+00:00
[2025-07-08T14:29:38.081+0200] {processor.py:183} INFO - Processing /home/leoja/airflow/airflow_venv/lib/python3.12/site-packages/airflow/example_dags/example_dynamic_task_mapping.py took 0.079 seconds
[2025-07-08T14:30:34.554+0200] {processor.py:161} INFO - Started process (PID=36070) to work on /home/leoja/airflow/airflow_venv/lib/python3.12/site-packages/airflow/example_dags/example_dynamic_task_mapping.py
[2025-07-08T14:30:34.556+0200] {processor.py:830} INFO - Processing file /home/leoja/airflow/airflow_venv/lib/python3.12/site-packages/airflow/example_dags/example_dynamic_task_mapping.py for tasks to queue
[2025-07-08T14:30:34.558+0200] {logging_mixin.py:188} INFO - [2025-07-08T14:30:34.557+0200] {dagbag.py:540} INFO - Filling up the DagBag from /home/leoja/airflow/airflow_venv/lib/python3.12/site-packages/airflow/example_dags/example_dynamic_task_mapping.py
[2025-07-08T14:30:34.566+0200] {processor.py:840} INFO - DAG(s) 'example_dynamic_task_mapping' retrieved from /home/leoja/airflow/airflow_venv/lib/python3.12/site-packages/airflow/example_dags/example_dynamic_task_mapping.py
[2025-07-08T14:30:34.582+0200] {logging_mixin.py:188} INFO - [2025-07-08T14:30:34.581+0200] {dag.py:3096} INFO - Sync 1 DAGs
[2025-07-08T14:30:34.600+0200] {logging_mixin.py:188} INFO - [2025-07-08T14:30:34.600+0200] {dag.py:3954} INFO - Setting next_dagrun for example_dynamic_task_mapping to 2022-03-04 00:00:00+00:00, run_after=2022-03-05 00:00:00+00:00
[2025-07-08T14:30:34.631+0200] {processor.py:183} INFO - Processing /home/leoja/airflow/airflow_venv/lib/python3.12/site-packages/airflow/example_dags/example_dynamic_task_mapping.py took 0.086 seconds
[2025-07-08T14:31:30.357+0200] {processor.py:161} INFO - Started process (PID=36382) to work on /home/leoja/airflow/airflow_venv/lib/python3.12/site-packages/airflow/example_dags/example_dynamic_task_mapping.py
[2025-07-08T14:31:30.359+0200] {processor.py:830} INFO - Processing file /home/leoja/airflow/airflow_venv/lib/python3.12/site-packages/airflow/example_dags/example_dynamic_task_mapping.py for tasks to queue
[2025-07-08T14:31:30.360+0200] {logging_mixin.py:188} INFO - [2025-07-08T14:31:30.359+0200] {dagbag.py:540} INFO - Filling up the DagBag from /home/leoja/airflow/airflow_venv/lib/python3.12/site-packages/airflow/example_dags/example_dynamic_task_mapping.py
[2025-07-08T14:31:30.369+0200] {processor.py:840} INFO - DAG(s) 'example_dynamic_task_mapping' retrieved from /home/leoja/airflow/airflow_venv/lib/python3.12/site-packages/airflow/example_dags/example_dynamic_task_mapping.py
[2025-07-08T14:31:30.386+0200] {logging_mixin.py:188} INFO - [2025-07-08T14:31:30.386+0200] {dag.py:3096} INFO - Sync 1 DAGs
[2025-07-08T14:31:30.407+0200] {logging_mixin.py:188} INFO - [2025-07-08T14:31:30.407+0200] {dag.py:3954} INFO - Setting next_dagrun for example_dynamic_task_mapping to 2022-03-04 00:00:00+00:00, run_after=2022-03-05 00:00:00+00:00
[2025-07-08T14:31:30.432+0200] {processor.py:183} INFO - Processing /home/leoja/airflow/airflow_venv/lib/python3.12/site-packages/airflow/example_dags/example_dynamic_task_mapping.py took 0.083 seconds
[2025-07-08T14:32:32.397+0200] {processor.py:161} INFO - Started process (PID=36735) to work on /home/leoja/airflow/airflow_venv/lib/python3.12/site-packages/airflow/example_dags/example_dynamic_task_mapping.py
[2025-07-08T14:32:32.400+0200] {processor.py:830} INFO - Processing file /home/leoja/airflow/airflow_venv/lib/python3.12/site-packages/airflow/example_dags/example_dynamic_task_mapping.py for tasks to queue
[2025-07-08T14:32:32.402+0200] {logging_mixin.py:188} INFO - [2025-07-08T14:32:32.401+0200] {dagbag.py:540} INFO - Filling up the DagBag from /home/leoja/airflow/airflow_venv/lib/python3.12/site-packages/airflow/example_dags/example_dynamic_task_mapping.py
[2025-07-08T14:32:32.417+0200] {processor.py:840} INFO - DAG(s) 'example_dynamic_task_mapping' retrieved from /home/leoja/airflow/airflow_venv/lib/python3.12/site-packages/airflow/example_dags/example_dynamic_task_mapping.py
[2025-07-08T14:32:32.452+0200] {logging_mixin.py:188} INFO - [2025-07-08T14:32:32.452+0200] {dag.py:3096} INFO - Sync 1 DAGs
[2025-07-08T14:32:32.495+0200] {logging_mixin.py:188} INFO - [2025-07-08T14:32:32.494+0200] {dag.py:3954} INFO - Setting next_dagrun for example_dynamic_task_mapping to 2022-03-04 00:00:00+00:00, run_after=2022-03-05 00:00:00+00:00
[2025-07-08T14:32:32.537+0200] {processor.py:183} INFO - Processing /home/leoja/airflow/airflow_venv/lib/python3.12/site-packages/airflow/example_dags/example_dynamic_task_mapping.py took 0.154 seconds
[2025-07-08T14:33:29.374+0200] {processor.py:161} INFO - Started process (PID=37033) to work on /home/leoja/airflow/airflow_venv/lib/python3.12/site-packages/airflow/example_dags/example_dynamic_task_mapping.py
[2025-07-08T14:33:29.376+0200] {processor.py:830} INFO - Processing file /home/leoja/airflow/airflow_venv/lib/python3.12/site-packages/airflow/example_dags/example_dynamic_task_mapping.py for tasks to queue
[2025-07-08T14:33:29.377+0200] {logging_mixin.py:188} INFO - [2025-07-08T14:33:29.377+0200] {dagbag.py:540} INFO - Filling up the DagBag from /home/leoja/airflow/airflow_venv/lib/python3.12/site-packages/airflow/example_dags/example_dynamic_task_mapping.py
[2025-07-08T14:33:29.385+0200] {processor.py:840} INFO - DAG(s) 'example_dynamic_task_mapping' retrieved from /home/leoja/airflow/airflow_venv/lib/python3.12/site-packages/airflow/example_dags/example_dynamic_task_mapping.py
[2025-07-08T14:33:29.401+0200] {logging_mixin.py:188} INFO - [2025-07-08T14:33:29.401+0200] {dag.py:3096} INFO - Sync 1 DAGs
[2025-07-08T14:33:29.425+0200] {logging_mixin.py:188} INFO - [2025-07-08T14:33:29.425+0200] {dag.py:3954} INFO - Setting next_dagrun for example_dynamic_task_mapping to 2022-03-04 00:00:00+00:00, run_after=2022-03-05 00:00:00+00:00
[2025-07-08T14:33:29.451+0200] {processor.py:183} INFO - Processing /home/leoja/airflow/airflow_venv/lib/python3.12/site-packages/airflow/example_dags/example_dynamic_task_mapping.py took 0.084 seconds
[2025-07-08T14:34:30.762+0200] {processor.py:161} INFO - Started process (PID=37352) to work on /home/leoja/airflow/airflow_venv/lib/python3.12/site-packages/airflow/example_dags/example_dynamic_task_mapping.py
[2025-07-08T14:34:30.765+0200] {processor.py:830} INFO - Processing file /home/leoja/airflow/airflow_venv/lib/python3.12/site-packages/airflow/example_dags/example_dynamic_task_mapping.py for tasks to queue
[2025-07-08T14:34:30.768+0200] {logging_mixin.py:188} INFO - [2025-07-08T14:34:30.766+0200] {dagbag.py:540} INFO - Filling up the DagBag from /home/leoja/airflow/airflow_venv/lib/python3.12/site-packages/airflow/example_dags/example_dynamic_task_mapping.py
[2025-07-08T14:34:30.782+0200] {processor.py:840} INFO - DAG(s) 'example_dynamic_task_mapping' retrieved from /home/leoja/airflow/airflow_venv/lib/python3.12/site-packages/airflow/example_dags/example_dynamic_task_mapping.py
[2025-07-08T14:34:30.800+0200] {logging_mixin.py:188} INFO - [2025-07-08T14:34:30.800+0200] {dag.py:3096} INFO - Sync 1 DAGs
[2025-07-08T14:34:30.824+0200] {logging_mixin.py:188} INFO - [2025-07-08T14:34:30.823+0200] {dag.py:3954} INFO - Setting next_dagrun for example_dynamic_task_mapping to 2022-03-04 00:00:00+00:00, run_after=2022-03-05 00:00:00+00:00
[2025-07-08T14:34:30.852+0200] {processor.py:183} INFO - Processing /home/leoja/airflow/airflow_venv/lib/python3.12/site-packages/airflow/example_dags/example_dynamic_task_mapping.py took 0.105 seconds
[2025-07-08T14:35:31.543+0200] {processor.py:161} INFO - Started process (PID=37682) to work on /home/leoja/airflow/airflow_venv/lib/python3.12/site-packages/airflow/example_dags/example_dynamic_task_mapping.py
[2025-07-08T14:35:31.545+0200] {processor.py:830} INFO - Processing file /home/leoja/airflow/airflow_venv/lib/python3.12/site-packages/airflow/example_dags/example_dynamic_task_mapping.py for tasks to queue
[2025-07-08T14:35:31.547+0200] {logging_mixin.py:188} INFO - [2025-07-08T14:35:31.546+0200] {dagbag.py:540} INFO - Filling up the DagBag from /home/leoja/airflow/airflow_venv/lib/python3.12/site-packages/airflow/example_dags/example_dynamic_task_mapping.py
[2025-07-08T14:35:31.568+0200] {processor.py:840} INFO - DAG(s) 'example_dynamic_task_mapping' retrieved from /home/leoja/airflow/airflow_venv/lib/python3.12/site-packages/airflow/example_dags/example_dynamic_task_mapping.py
[2025-07-08T14:35:31.593+0200] {logging_mixin.py:188} INFO - [2025-07-08T14:35:31.592+0200] {dag.py:3096} INFO - Sync 1 DAGs
[2025-07-08T14:35:31.618+0200] {logging_mixin.py:188} INFO - [2025-07-08T14:35:31.618+0200] {dag.py:3954} INFO - Setting next_dagrun for example_dynamic_task_mapping to 2022-03-04 00:00:00+00:00, run_after=2022-03-05 00:00:00+00:00
[2025-07-08T14:35:31.645+0200] {processor.py:183} INFO - Processing /home/leoja/airflow/airflow_venv/lib/python3.12/site-packages/airflow/example_dags/example_dynamic_task_mapping.py took 0.116 seconds
[2025-07-08T14:36:27.152+0200] {processor.py:161} INFO - Started process (PID=37988) to work on /home/leoja/airflow/airflow_venv/lib/python3.12/site-packages/airflow/example_dags/example_dynamic_task_mapping.py
[2025-07-08T14:36:27.154+0200] {processor.py:830} INFO - Processing file /home/leoja/airflow/airflow_venv/lib/python3.12/site-packages/airflow/example_dags/example_dynamic_task_mapping.py for tasks to queue
[2025-07-08T14:36:27.155+0200] {logging_mixin.py:188} INFO - [2025-07-08T14:36:27.155+0200] {dagbag.py:540} INFO - Filling up the DagBag from /home/leoja/airflow/airflow_venv/lib/python3.12/site-packages/airflow/example_dags/example_dynamic_task_mapping.py
[2025-07-08T14:36:27.167+0200] {processor.py:840} INFO - DAG(s) 'example_dynamic_task_mapping' retrieved from /home/leoja/airflow/airflow_venv/lib/python3.12/site-packages/airflow/example_dags/example_dynamic_task_mapping.py
[2025-07-08T14:36:27.191+0200] {logging_mixin.py:188} INFO - [2025-07-08T14:36:27.191+0200] {dag.py:3096} INFO - Sync 1 DAGs
[2025-07-08T14:36:27.215+0200] {logging_mixin.py:188} INFO - [2025-07-08T14:36:27.214+0200] {dag.py:3954} INFO - Setting next_dagrun for example_dynamic_task_mapping to 2022-03-04 00:00:00+00:00, run_after=2022-03-05 00:00:00+00:00
[2025-07-08T14:36:27.250+0200] {processor.py:183} INFO - Processing /home/leoja/airflow/airflow_venv/lib/python3.12/site-packages/airflow/example_dags/example_dynamic_task_mapping.py took 0.109 seconds
[2025-07-08T14:38:32.341+0200] {processor.py:161} INFO - Started process (PID=39231) to work on /home/leoja/airflow/airflow_venv/lib/python3.12/site-packages/airflow/example_dags/example_dynamic_task_mapping.py
[2025-07-08T14:38:32.343+0200] {processor.py:830} INFO - Processing file /home/leoja/airflow/airflow_venv/lib/python3.12/site-packages/airflow/example_dags/example_dynamic_task_mapping.py for tasks to queue
[2025-07-08T14:38:32.343+0200] {logging_mixin.py:188} INFO - [2025-07-08T14:38:32.343+0200] {dagbag.py:540} INFO - Filling up the DagBag from /home/leoja/airflow/airflow_venv/lib/python3.12/site-packages/airflow/example_dags/example_dynamic_task_mapping.py
[2025-07-08T14:38:32.351+0200] {processor.py:840} INFO - DAG(s) 'example_dynamic_task_mapping' retrieved from /home/leoja/airflow/airflow_venv/lib/python3.12/site-packages/airflow/example_dags/example_dynamic_task_mapping.py
[2025-07-08T14:38:32.365+0200] {logging_mixin.py:188} INFO - [2025-07-08T14:38:32.364+0200] {dag.py:3096} INFO - Sync 1 DAGs
[2025-07-08T14:38:32.381+0200] {logging_mixin.py:188} INFO - [2025-07-08T14:38:32.381+0200] {dag.py:3954} INFO - Setting next_dagrun for example_dynamic_task_mapping to 2022-03-04 00:00:00+00:00, run_after=2022-03-05 00:00:00+00:00
[2025-07-08T14:38:32.418+0200] {processor.py:183} INFO - Processing /home/leoja/airflow/airflow_venv/lib/python3.12/site-packages/airflow/example_dags/example_dynamic_task_mapping.py took 0.087 seconds
[2025-07-08T14:39:36.378+0200] {processor.py:161} INFO - Started process (PID=39595) to work on /home/leoja/airflow/airflow_venv/lib/python3.12/site-packages/airflow/example_dags/example_dynamic_task_mapping.py
[2025-07-08T14:39:36.380+0200] {processor.py:830} INFO - Processing file /home/leoja/airflow/airflow_venv/lib/python3.12/site-packages/airflow/example_dags/example_dynamic_task_mapping.py for tasks to queue
[2025-07-08T14:39:36.382+0200] {logging_mixin.py:188} INFO - [2025-07-08T14:39:36.381+0200] {dagbag.py:540} INFO - Filling up the DagBag from /home/leoja/airflow/airflow_venv/lib/python3.12/site-packages/airflow/example_dags/example_dynamic_task_mapping.py
[2025-07-08T14:39:36.398+0200] {processor.py:840} INFO - DAG(s) 'example_dynamic_task_mapping' retrieved from /home/leoja/airflow/airflow_venv/lib/python3.12/site-packages/airflow/example_dags/example_dynamic_task_mapping.py
[2025-07-08T14:39:36.415+0200] {logging_mixin.py:188} INFO - [2025-07-08T14:39:36.415+0200] {dag.py:3096} INFO - Sync 1 DAGs
[2025-07-08T14:39:36.431+0200] {logging_mixin.py:188} INFO - [2025-07-08T14:39:36.431+0200] {dag.py:3954} INFO - Setting next_dagrun for example_dynamic_task_mapping to 2022-03-04 00:00:00+00:00, run_after=2022-03-05 00:00:00+00:00
[2025-07-08T14:39:36.455+0200] {processor.py:183} INFO - Processing /home/leoja/airflow/airflow_venv/lib/python3.12/site-packages/airflow/example_dags/example_dynamic_task_mapping.py took 0.089 seconds
[2025-07-08T14:40:36.005+0200] {processor.py:161} INFO - Started process (PID=39927) to work on /home/leoja/airflow/airflow_venv/lib/python3.12/site-packages/airflow/example_dags/example_dynamic_task_mapping.py
[2025-07-08T14:40:36.007+0200] {processor.py:830} INFO - Processing file /home/leoja/airflow/airflow_venv/lib/python3.12/site-packages/airflow/example_dags/example_dynamic_task_mapping.py for tasks to queue
[2025-07-08T14:40:36.009+0200] {logging_mixin.py:188} INFO - [2025-07-08T14:40:36.008+0200] {dagbag.py:540} INFO - Filling up the DagBag from /home/leoja/airflow/airflow_venv/lib/python3.12/site-packages/airflow/example_dags/example_dynamic_task_mapping.py
[2025-07-08T14:40:36.019+0200] {processor.py:840} INFO - DAG(s) 'example_dynamic_task_mapping' retrieved from /home/leoja/airflow/airflow_venv/lib/python3.12/site-packages/airflow/example_dags/example_dynamic_task_mapping.py
[2025-07-08T14:40:36.037+0200] {logging_mixin.py:188} INFO - [2025-07-08T14:40:36.037+0200] {dag.py:3096} INFO - Sync 1 DAGs
[2025-07-08T14:40:36.054+0200] {logging_mixin.py:188} INFO - [2025-07-08T14:40:36.054+0200] {dag.py:3954} INFO - Setting next_dagrun for example_dynamic_task_mapping to 2022-03-04 00:00:00+00:00, run_after=2022-03-05 00:00:00+00:00
[2025-07-08T14:40:36.085+0200] {processor.py:183} INFO - Processing /home/leoja/airflow/airflow_venv/lib/python3.12/site-packages/airflow/example_dags/example_dynamic_task_mapping.py took 0.088 seconds
[2025-07-08T14:41:27.482+0200] {processor.py:161} INFO - Started process (PID=40177) to work on /home/leoja/airflow/airflow_venv/lib/python3.12/site-packages/airflow/example_dags/example_dynamic_task_mapping.py
[2025-07-08T14:41:27.485+0200] {processor.py:830} INFO - Processing file /home/leoja/airflow/airflow_venv/lib/python3.12/site-packages/airflow/example_dags/example_dynamic_task_mapping.py for tasks to queue
[2025-07-08T14:41:27.487+0200] {logging_mixin.py:188} INFO - [2025-07-08T14:41:27.486+0200] {dagbag.py:540} INFO - Filling up the DagBag from /home/leoja/airflow/airflow_venv/lib/python3.12/site-packages/airflow/example_dags/example_dynamic_task_mapping.py
[2025-07-08T14:41:27.500+0200] {processor.py:840} INFO - DAG(s) 'example_dynamic_task_mapping' retrieved from /home/leoja/airflow/airflow_venv/lib/python3.12/site-packages/airflow/example_dags/example_dynamic_task_mapping.py
[2025-07-08T14:41:27.527+0200] {logging_mixin.py:188} INFO - [2025-07-08T14:41:27.526+0200] {dag.py:3096} INFO - Sync 1 DAGs
[2025-07-08T14:41:27.558+0200] {logging_mixin.py:188} INFO - [2025-07-08T14:41:27.557+0200] {dag.py:3954} INFO - Setting next_dagrun for example_dynamic_task_mapping to 2022-03-04 00:00:00+00:00, run_after=2022-03-05 00:00:00+00:00
[2025-07-08T14:41:27.598+0200] {processor.py:183} INFO - Processing /home/leoja/airflow/airflow_venv/lib/python3.12/site-packages/airflow/example_dags/example_dynamic_task_mapping.py took 0.127 seconds
[2025-07-08T14:42:29.211+0200] {processor.py:161} INFO - Started process (PID=40510) to work on /home/leoja/airflow/airflow_venv/lib/python3.12/site-packages/airflow/example_dags/example_dynamic_task_mapping.py
[2025-07-08T14:42:29.213+0200] {processor.py:830} INFO - Processing file /home/leoja/airflow/airflow_venv/lib/python3.12/site-packages/airflow/example_dags/example_dynamic_task_mapping.py for tasks to queue
[2025-07-08T14:42:29.214+0200] {logging_mixin.py:188} INFO - [2025-07-08T14:42:29.213+0200] {dagbag.py:540} INFO - Filling up the DagBag from /home/leoja/airflow/airflow_venv/lib/python3.12/site-packages/airflow/example_dags/example_dynamic_task_mapping.py
[2025-07-08T14:42:29.222+0200] {processor.py:840} INFO - DAG(s) 'example_dynamic_task_mapping' retrieved from /home/leoja/airflow/airflow_venv/lib/python3.12/site-packages/airflow/example_dags/example_dynamic_task_mapping.py
[2025-07-08T14:42:29.244+0200] {logging_mixin.py:188} INFO - [2025-07-08T14:42:29.243+0200] {dag.py:3096} INFO - Sync 1 DAGs
[2025-07-08T14:42:29.266+0200] {logging_mixin.py:188} INFO - [2025-07-08T14:42:29.266+0200] {dag.py:3954} INFO - Setting next_dagrun for example_dynamic_task_mapping to 2022-03-04 00:00:00+00:00, run_after=2022-03-05 00:00:00+00:00
[2025-07-08T14:42:29.300+0200] {processor.py:183} INFO - Processing /home/leoja/airflow/airflow_venv/lib/python3.12/site-packages/airflow/example_dags/example_dynamic_task_mapping.py took 0.099 seconds
[2025-07-08T14:43:33.917+0200] {processor.py:161} INFO - Started process (PID=40887) to work on /home/leoja/airflow/airflow_venv/lib/python3.12/site-packages/airflow/example_dags/example_dynamic_task_mapping.py
[2025-07-08T14:43:33.920+0200] {processor.py:830} INFO - Processing file /home/leoja/airflow/airflow_venv/lib/python3.12/site-packages/airflow/example_dags/example_dynamic_task_mapping.py for tasks to queue
[2025-07-08T14:43:33.921+0200] {logging_mixin.py:188} INFO - [2025-07-08T14:43:33.921+0200] {dagbag.py:540} INFO - Filling up the DagBag from /home/leoja/airflow/airflow_venv/lib/python3.12/site-packages/airflow/example_dags/example_dynamic_task_mapping.py
[2025-07-08T14:43:33.931+0200] {processor.py:840} INFO - DAG(s) 'example_dynamic_task_mapping' retrieved from /home/leoja/airflow/airflow_venv/lib/python3.12/site-packages/airflow/example_dags/example_dynamic_task_mapping.py
[2025-07-08T14:43:33.957+0200] {logging_mixin.py:188} INFO - [2025-07-08T14:43:33.957+0200] {dag.py:3096} INFO - Sync 1 DAGs
[2025-07-08T14:43:33.978+0200] {logging_mixin.py:188} INFO - [2025-07-08T14:43:33.978+0200] {dag.py:3954} INFO - Setting next_dagrun for example_dynamic_task_mapping to 2022-03-04 00:00:00+00:00, run_after=2022-03-05 00:00:00+00:00
[2025-07-08T14:43:34.009+0200] {processor.py:183} INFO - Processing /home/leoja/airflow/airflow_venv/lib/python3.12/site-packages/airflow/example_dags/example_dynamic_task_mapping.py took 0.103 seconds
[2025-07-08T14:44:37.733+0200] {processor.py:161} INFO - Started process (PID=41229) to work on /home/leoja/airflow/airflow_venv/lib/python3.12/site-packages/airflow/example_dags/example_dynamic_task_mapping.py
[2025-07-08T14:44:37.736+0200] {processor.py:830} INFO - Processing file /home/leoja/airflow/airflow_venv/lib/python3.12/site-packages/airflow/example_dags/example_dynamic_task_mapping.py for tasks to queue
[2025-07-08T14:44:37.738+0200] {logging_mixin.py:188} INFO - [2025-07-08T14:44:37.737+0200] {dagbag.py:540} INFO - Filling up the DagBag from /home/leoja/airflow/airflow_venv/lib/python3.12/site-packages/airflow/example_dags/example_dynamic_task_mapping.py
[2025-07-08T14:44:37.753+0200] {processor.py:840} INFO - DAG(s) 'example_dynamic_task_mapping' retrieved from /home/leoja/airflow/airflow_venv/lib/python3.12/site-packages/airflow/example_dags/example_dynamic_task_mapping.py
[2025-07-08T14:44:37.774+0200] {logging_mixin.py:188} INFO - [2025-07-08T14:44:37.774+0200] {dag.py:3096} INFO - Sync 1 DAGs
[2025-07-08T14:44:37.804+0200] {logging_mixin.py:188} INFO - [2025-07-08T14:44:37.804+0200] {dag.py:3954} INFO - Setting next_dagrun for example_dynamic_task_mapping to 2022-03-04 00:00:00+00:00, run_after=2022-03-05 00:00:00+00:00
[2025-07-08T14:44:37.836+0200] {processor.py:183} INFO - Processing /home/leoja/airflow/airflow_venv/lib/python3.12/site-packages/airflow/example_dags/example_dynamic_task_mapping.py took 0.113 seconds
[2025-07-08T14:45:42.098+0200] {processor.py:161} INFO - Started process (PID=41580) to work on /home/leoja/airflow/airflow_venv/lib/python3.12/site-packages/airflow/example_dags/example_dynamic_task_mapping.py
[2025-07-08T14:45:42.100+0200] {processor.py:830} INFO - Processing file /home/leoja/airflow/airflow_venv/lib/python3.12/site-packages/airflow/example_dags/example_dynamic_task_mapping.py for tasks to queue
[2025-07-08T14:45:42.101+0200] {logging_mixin.py:188} INFO - [2025-07-08T14:45:42.100+0200] {dagbag.py:540} INFO - Filling up the DagBag from /home/leoja/airflow/airflow_venv/lib/python3.12/site-packages/airflow/example_dags/example_dynamic_task_mapping.py
[2025-07-08T14:45:42.114+0200] {processor.py:840} INFO - DAG(s) 'example_dynamic_task_mapping' retrieved from /home/leoja/airflow/airflow_venv/lib/python3.12/site-packages/airflow/example_dags/example_dynamic_task_mapping.py
[2025-07-08T14:45:42.137+0200] {logging_mixin.py:188} INFO - [2025-07-08T14:45:42.136+0200] {dag.py:3096} INFO - Sync 1 DAGs
[2025-07-08T14:45:42.168+0200] {logging_mixin.py:188} INFO - [2025-07-08T14:45:42.168+0200] {dag.py:3954} INFO - Setting next_dagrun for example_dynamic_task_mapping to 2022-03-04 00:00:00+00:00, run_after=2022-03-05 00:00:00+00:00
[2025-07-08T14:45:42.193+0200] {processor.py:183} INFO - Processing /home/leoja/airflow/airflow_venv/lib/python3.12/site-packages/airflow/example_dags/example_dynamic_task_mapping.py took 0.107 seconds
[2025-07-08T14:46:38.622+0200] {processor.py:161} INFO - Started process (PID=41881) to work on /home/leoja/airflow/airflow_venv/lib/python3.12/site-packages/airflow/example_dags/example_dynamic_task_mapping.py
[2025-07-08T14:46:38.624+0200] {processor.py:830} INFO - Processing file /home/leoja/airflow/airflow_venv/lib/python3.12/site-packages/airflow/example_dags/example_dynamic_task_mapping.py for tasks to queue
[2025-07-08T14:46:38.625+0200] {logging_mixin.py:188} INFO - [2025-07-08T14:46:38.625+0200] {dagbag.py:540} INFO - Filling up the DagBag from /home/leoja/airflow/airflow_venv/lib/python3.12/site-packages/airflow/example_dags/example_dynamic_task_mapping.py
[2025-07-08T14:46:38.634+0200] {processor.py:840} INFO - DAG(s) 'example_dynamic_task_mapping' retrieved from /home/leoja/airflow/airflow_venv/lib/python3.12/site-packages/airflow/example_dags/example_dynamic_task_mapping.py
[2025-07-08T14:46:38.653+0200] {logging_mixin.py:188} INFO - [2025-07-08T14:46:38.652+0200] {dag.py:3096} INFO - Sync 1 DAGs
[2025-07-08T14:46:38.671+0200] {logging_mixin.py:188} INFO - [2025-07-08T14:46:38.671+0200] {dag.py:3954} INFO - Setting next_dagrun for example_dynamic_task_mapping to 2022-03-04 00:00:00+00:00, run_after=2022-03-05 00:00:00+00:00
[2025-07-08T14:46:38.698+0200] {processor.py:183} INFO - Processing /home/leoja/airflow/airflow_venv/lib/python3.12/site-packages/airflow/example_dags/example_dynamic_task_mapping.py took 0.087 seconds
[2025-07-08T14:47:38.716+0200] {processor.py:161} INFO - Started process (PID=42189) to work on /home/leoja/airflow/airflow_venv/lib/python3.12/site-packages/airflow/example_dags/example_dynamic_task_mapping.py
[2025-07-08T14:47:38.718+0200] {processor.py:830} INFO - Processing file /home/leoja/airflow/airflow_venv/lib/python3.12/site-packages/airflow/example_dags/example_dynamic_task_mapping.py for tasks to queue
[2025-07-08T14:47:38.720+0200] {logging_mixin.py:188} INFO - [2025-07-08T14:47:38.719+0200] {dagbag.py:540} INFO - Filling up the DagBag from /home/leoja/airflow/airflow_venv/lib/python3.12/site-packages/airflow/example_dags/example_dynamic_task_mapping.py
[2025-07-08T14:47:38.728+0200] {processor.py:840} INFO - DAG(s) 'example_dynamic_task_mapping' retrieved from /home/leoja/airflow/airflow_venv/lib/python3.12/site-packages/airflow/example_dags/example_dynamic_task_mapping.py
[2025-07-08T14:47:38.743+0200] {logging_mixin.py:188} INFO - [2025-07-08T14:47:38.743+0200] {dag.py:3096} INFO - Sync 1 DAGs
[2025-07-08T14:47:38.761+0200] {logging_mixin.py:188} INFO - [2025-07-08T14:47:38.760+0200] {dag.py:3954} INFO - Setting next_dagrun for example_dynamic_task_mapping to 2022-03-04 00:00:00+00:00, run_after=2022-03-05 00:00:00+00:00
[2025-07-08T14:47:38.791+0200] {processor.py:183} INFO - Processing /home/leoja/airflow/airflow_venv/lib/python3.12/site-packages/airflow/example_dags/example_dynamic_task_mapping.py took 0.087 seconds
[2025-07-08T14:48:42.495+0200] {processor.py:161} INFO - Started process (PID=42532) to work on /home/leoja/airflow/airflow_venv/lib/python3.12/site-packages/airflow/example_dags/example_dynamic_task_mapping.py
[2025-07-08T14:48:42.497+0200] {processor.py:830} INFO - Processing file /home/leoja/airflow/airflow_venv/lib/python3.12/site-packages/airflow/example_dags/example_dynamic_task_mapping.py for tasks to queue
[2025-07-08T14:48:42.499+0200] {logging_mixin.py:188} INFO - [2025-07-08T14:48:42.498+0200] {dagbag.py:540} INFO - Filling up the DagBag from /home/leoja/airflow/airflow_venv/lib/python3.12/site-packages/airflow/example_dags/example_dynamic_task_mapping.py
[2025-07-08T14:48:42.516+0200] {processor.py:840} INFO - DAG(s) 'example_dynamic_task_mapping' retrieved from /home/leoja/airflow/airflow_venv/lib/python3.12/site-packages/airflow/example_dags/example_dynamic_task_mapping.py
[2025-07-08T14:48:42.542+0200] {logging_mixin.py:188} INFO - [2025-07-08T14:48:42.541+0200] {dag.py:3096} INFO - Sync 1 DAGs
[2025-07-08T14:48:42.561+0200] {logging_mixin.py:188} INFO - [2025-07-08T14:48:42.561+0200] {dag.py:3954} INFO - Setting next_dagrun for example_dynamic_task_mapping to 2022-03-04 00:00:00+00:00, run_after=2022-03-05 00:00:00+00:00
[2025-07-08T14:48:42.594+0200] {processor.py:183} INFO - Processing /home/leoja/airflow/airflow_venv/lib/python3.12/site-packages/airflow/example_dags/example_dynamic_task_mapping.py took 0.113 seconds
[2025-07-08T14:49:49.914+0200] {processor.py:161} INFO - Started process (PID=42909) to work on /home/leoja/airflow/airflow_venv/lib/python3.12/site-packages/airflow/example_dags/example_dynamic_task_mapping.py
[2025-07-08T14:49:49.916+0200] {processor.py:830} INFO - Processing file /home/leoja/airflow/airflow_venv/lib/python3.12/site-packages/airflow/example_dags/example_dynamic_task_mapping.py for tasks to queue
[2025-07-08T14:49:49.917+0200] {logging_mixin.py:188} INFO - [2025-07-08T14:49:49.917+0200] {dagbag.py:540} INFO - Filling up the DagBag from /home/leoja/airflow/airflow_venv/lib/python3.12/site-packages/airflow/example_dags/example_dynamic_task_mapping.py
[2025-07-08T14:49:49.926+0200] {processor.py:840} INFO - DAG(s) 'example_dynamic_task_mapping' retrieved from /home/leoja/airflow/airflow_venv/lib/python3.12/site-packages/airflow/example_dags/example_dynamic_task_mapping.py
[2025-07-08T14:49:49.942+0200] {logging_mixin.py:188} INFO - [2025-07-08T14:49:49.942+0200] {dag.py:3096} INFO - Sync 1 DAGs
[2025-07-08T14:49:49.961+0200] {logging_mixin.py:188} INFO - [2025-07-08T14:49:49.960+0200] {dag.py:3954} INFO - Setting next_dagrun for example_dynamic_task_mapping to 2022-03-04 00:00:00+00:00, run_after=2022-03-05 00:00:00+00:00
[2025-07-08T14:49:49.989+0200] {processor.py:183} INFO - Processing /home/leoja/airflow/airflow_venv/lib/python3.12/site-packages/airflow/example_dags/example_dynamic_task_mapping.py took 0.088 seconds
[2025-07-08T14:50:50.426+0200] {processor.py:161} INFO - Started process (PID=43249) to work on /home/leoja/airflow/airflow_venv/lib/python3.12/site-packages/airflow/example_dags/example_dynamic_task_mapping.py
[2025-07-08T14:50:50.427+0200] {processor.py:830} INFO - Processing file /home/leoja/airflow/airflow_venv/lib/python3.12/site-packages/airflow/example_dags/example_dynamic_task_mapping.py for tasks to queue
[2025-07-08T14:50:50.428+0200] {logging_mixin.py:188} INFO - [2025-07-08T14:50:50.428+0200] {dagbag.py:540} INFO - Filling up the DagBag from /home/leoja/airflow/airflow_venv/lib/python3.12/site-packages/airflow/example_dags/example_dynamic_task_mapping.py
[2025-07-08T14:50:50.437+0200] {processor.py:840} INFO - DAG(s) 'example_dynamic_task_mapping' retrieved from /home/leoja/airflow/airflow_venv/lib/python3.12/site-packages/airflow/example_dags/example_dynamic_task_mapping.py
[2025-07-08T14:50:50.453+0200] {logging_mixin.py:188} INFO - [2025-07-08T14:50:50.453+0200] {dag.py:3096} INFO - Sync 1 DAGs
[2025-07-08T14:50:50.472+0200] {logging_mixin.py:188} INFO - [2025-07-08T14:50:50.472+0200] {dag.py:3954} INFO - Setting next_dagrun for example_dynamic_task_mapping to 2022-03-04 00:00:00+00:00, run_after=2022-03-05 00:00:00+00:00
[2025-07-08T14:50:50.501+0200] {processor.py:183} INFO - Processing /home/leoja/airflow/airflow_venv/lib/python3.12/site-packages/airflow/example_dags/example_dynamic_task_mapping.py took 0.084 seconds
[2025-07-08T14:51:46.632+0200] {processor.py:161} INFO - Started process (PID=43559) to work on /home/leoja/airflow/airflow_venv/lib/python3.12/site-packages/airflow/example_dags/example_dynamic_task_mapping.py
[2025-07-08T14:51:46.634+0200] {processor.py:830} INFO - Processing file /home/leoja/airflow/airflow_venv/lib/python3.12/site-packages/airflow/example_dags/example_dynamic_task_mapping.py for tasks to queue
[2025-07-08T14:51:46.634+0200] {logging_mixin.py:188} INFO - [2025-07-08T14:51:46.634+0200] {dagbag.py:540} INFO - Filling up the DagBag from /home/leoja/airflow/airflow_venv/lib/python3.12/site-packages/airflow/example_dags/example_dynamic_task_mapping.py
[2025-07-08T14:51:46.641+0200] {processor.py:840} INFO - DAG(s) 'example_dynamic_task_mapping' retrieved from /home/leoja/airflow/airflow_venv/lib/python3.12/site-packages/airflow/example_dags/example_dynamic_task_mapping.py
[2025-07-08T14:51:46.655+0200] {logging_mixin.py:188} INFO - [2025-07-08T14:51:46.654+0200] {dag.py:3096} INFO - Sync 1 DAGs
[2025-07-08T14:51:46.670+0200] {logging_mixin.py:188} INFO - [2025-07-08T14:51:46.670+0200] {dag.py:3954} INFO - Setting next_dagrun for example_dynamic_task_mapping to 2022-03-04 00:00:00+00:00, run_after=2022-03-05 00:00:00+00:00
[2025-07-08T14:51:46.694+0200] {processor.py:183} INFO - Processing /home/leoja/airflow/airflow_venv/lib/python3.12/site-packages/airflow/example_dags/example_dynamic_task_mapping.py took 0.070 seconds
[2025-07-08T15:59:48.041+0200] {processor.py:161} INFO - Started process (PID=43927) to work on /home/leoja/airflow/airflow_venv/lib/python3.12/site-packages/airflow/example_dags/example_dynamic_task_mapping.py
[2025-07-08T15:59:48.043+0200] {processor.py:830} INFO - Processing file /home/leoja/airflow/airflow_venv/lib/python3.12/site-packages/airflow/example_dags/example_dynamic_task_mapping.py for tasks to queue
[2025-07-08T15:59:48.044+0200] {logging_mixin.py:188} INFO - [2025-07-08T15:59:48.044+0200] {dagbag.py:540} INFO - Filling up the DagBag from /home/leoja/airflow/airflow_venv/lib/python3.12/site-packages/airflow/example_dags/example_dynamic_task_mapping.py
[2025-07-08T15:59:48.052+0200] {processor.py:840} INFO - DAG(s) 'example_dynamic_task_mapping' retrieved from /home/leoja/airflow/airflow_venv/lib/python3.12/site-packages/airflow/example_dags/example_dynamic_task_mapping.py
[2025-07-08T15:59:48.067+0200] {logging_mixin.py:188} INFO - [2025-07-08T15:59:48.067+0200] {dag.py:3096} INFO - Sync 1 DAGs
[2025-07-08T15:59:48.088+0200] {logging_mixin.py:188} INFO - [2025-07-08T15:59:48.088+0200] {dag.py:3954} INFO - Setting next_dagrun for example_dynamic_task_mapping to 2022-03-04 00:00:00+00:00, run_after=2022-03-05 00:00:00+00:00
[2025-07-08T15:59:48.119+0200] {processor.py:183} INFO - Processing /home/leoja/airflow/airflow_venv/lib/python3.12/site-packages/airflow/example_dags/example_dynamic_task_mapping.py took 0.086 seconds
[2025-07-08T16:00:56.354+0200] {processor.py:161} INFO - Started process (PID=44297) to work on /home/leoja/airflow/airflow_venv/lib/python3.12/site-packages/airflow/example_dags/example_dynamic_task_mapping.py
[2025-07-08T16:00:56.356+0200] {processor.py:830} INFO - Processing file /home/leoja/airflow/airflow_venv/lib/python3.12/site-packages/airflow/example_dags/example_dynamic_task_mapping.py for tasks to queue
[2025-07-08T16:00:56.357+0200] {logging_mixin.py:188} INFO - [2025-07-08T16:00:56.356+0200] {dagbag.py:540} INFO - Filling up the DagBag from /home/leoja/airflow/airflow_venv/lib/python3.12/site-packages/airflow/example_dags/example_dynamic_task_mapping.py
[2025-07-08T16:00:56.365+0200] {processor.py:840} INFO - DAG(s) 'example_dynamic_task_mapping' retrieved from /home/leoja/airflow/airflow_venv/lib/python3.12/site-packages/airflow/example_dags/example_dynamic_task_mapping.py
[2025-07-08T16:00:56.384+0200] {logging_mixin.py:188} INFO - [2025-07-08T16:00:56.384+0200] {dag.py:3096} INFO - Sync 1 DAGs
[2025-07-08T16:00:56.402+0200] {logging_mixin.py:188} INFO - [2025-07-08T16:00:56.402+0200] {dag.py:3954} INFO - Setting next_dagrun for example_dynamic_task_mapping to 2022-03-04 00:00:00+00:00, run_after=2022-03-05 00:00:00+00:00
[2025-07-08T16:00:56.439+0200] {processor.py:183} INFO - Processing /home/leoja/airflow/airflow_venv/lib/python3.12/site-packages/airflow/example_dags/example_dynamic_task_mapping.py took 0.093 seconds
[2025-07-08T16:01:52.909+0200] {processor.py:161} INFO - Started process (PID=44604) to work on /home/leoja/airflow/airflow_venv/lib/python3.12/site-packages/airflow/example_dags/example_dynamic_task_mapping.py
[2025-07-08T16:01:52.911+0200] {processor.py:830} INFO - Processing file /home/leoja/airflow/airflow_venv/lib/python3.12/site-packages/airflow/example_dags/example_dynamic_task_mapping.py for tasks to queue
[2025-07-08T16:01:52.912+0200] {logging_mixin.py:188} INFO - [2025-07-08T16:01:52.912+0200] {dagbag.py:540} INFO - Filling up the DagBag from /home/leoja/airflow/airflow_venv/lib/python3.12/site-packages/airflow/example_dags/example_dynamic_task_mapping.py
[2025-07-08T16:01:52.919+0200] {processor.py:840} INFO - DAG(s) 'example_dynamic_task_mapping' retrieved from /home/leoja/airflow/airflow_venv/lib/python3.12/site-packages/airflow/example_dags/example_dynamic_task_mapping.py
[2025-07-08T16:01:52.937+0200] {logging_mixin.py:188} INFO - [2025-07-08T16:01:52.936+0200] {dag.py:3096} INFO - Sync 1 DAGs
[2025-07-08T16:01:52.954+0200] {logging_mixin.py:188} INFO - [2025-07-08T16:01:52.953+0200] {dag.py:3954} INFO - Setting next_dagrun for example_dynamic_task_mapping to 2022-03-04 00:00:00+00:00, run_after=2022-03-05 00:00:00+00:00
[2025-07-08T16:01:52.982+0200] {processor.py:183} INFO - Processing /home/leoja/airflow/airflow_venv/lib/python3.12/site-packages/airflow/example_dags/example_dynamic_task_mapping.py took 0.077 seconds
[2025-07-08T16:02:47.022+0200] {processor.py:161} INFO - Started process (PID=44881) to work on /home/leoja/airflow/airflow_venv/lib/python3.12/site-packages/airflow/example_dags/example_dynamic_task_mapping.py
[2025-07-08T16:02:47.038+0200] {processor.py:830} INFO - Processing file /home/leoja/airflow/airflow_venv/lib/python3.12/site-packages/airflow/example_dags/example_dynamic_task_mapping.py for tasks to queue
[2025-07-08T16:02:47.040+0200] {logging_mixin.py:188} INFO - [2025-07-08T16:02:47.039+0200] {dagbag.py:540} INFO - Filling up the DagBag from /home/leoja/airflow/airflow_venv/lib/python3.12/site-packages/airflow/example_dags/example_dynamic_task_mapping.py
[2025-07-08T16:02:47.047+0200] {processor.py:840} INFO - DAG(s) 'example_dynamic_task_mapping' retrieved from /home/leoja/airflow/airflow_venv/lib/python3.12/site-packages/airflow/example_dags/example_dynamic_task_mapping.py
[2025-07-08T16:02:47.062+0200] {logging_mixin.py:188} INFO - [2025-07-08T16:02:47.062+0200] {dag.py:3096} INFO - Sync 1 DAGs
[2025-07-08T16:02:47.079+0200] {logging_mixin.py:188} INFO - [2025-07-08T16:02:47.078+0200] {dag.py:3954} INFO - Setting next_dagrun for example_dynamic_task_mapping to 2022-03-04 00:00:00+00:00, run_after=2022-03-05 00:00:00+00:00
[2025-07-08T16:02:47.121+0200] {processor.py:183} INFO - Processing /home/leoja/airflow/airflow_venv/lib/python3.12/site-packages/airflow/example_dags/example_dynamic_task_mapping.py took 0.108 seconds
[2025-07-08T16:03:44.278+0200] {processor.py:161} INFO - Started process (PID=45211) to work on /home/leoja/airflow/airflow_venv/lib/python3.12/site-packages/airflow/example_dags/example_dynamic_task_mapping.py
[2025-07-08T16:03:44.280+0200] {processor.py:830} INFO - Processing file /home/leoja/airflow/airflow_venv/lib/python3.12/site-packages/airflow/example_dags/example_dynamic_task_mapping.py for tasks to queue
[2025-07-08T16:03:44.281+0200] {logging_mixin.py:188} INFO - [2025-07-08T16:03:44.280+0200] {dagbag.py:540} INFO - Filling up the DagBag from /home/leoja/airflow/airflow_venv/lib/python3.12/site-packages/airflow/example_dags/example_dynamic_task_mapping.py
[2025-07-08T16:03:44.287+0200] {processor.py:840} INFO - DAG(s) 'example_dynamic_task_mapping' retrieved from /home/leoja/airflow/airflow_venv/lib/python3.12/site-packages/airflow/example_dags/example_dynamic_task_mapping.py
[2025-07-08T16:03:44.299+0200] {logging_mixin.py:188} INFO - [2025-07-08T16:03:44.299+0200] {dag.py:3096} INFO - Sync 1 DAGs
[2025-07-08T16:03:44.313+0200] {logging_mixin.py:188} INFO - [2025-07-08T16:03:44.313+0200] {dag.py:3954} INFO - Setting next_dagrun for example_dynamic_task_mapping to 2022-03-04 00:00:00+00:00, run_after=2022-03-05 00:00:00+00:00
[2025-07-08T16:03:44.332+0200] {processor.py:183} INFO - Processing /home/leoja/airflow/airflow_venv/lib/python3.12/site-packages/airflow/example_dags/example_dynamic_task_mapping.py took 0.059 seconds
[2025-07-08T16:04:38.450+0200] {processor.py:161} INFO - Started process (PID=45492) to work on /home/leoja/airflow/airflow_venv/lib/python3.12/site-packages/airflow/example_dags/example_dynamic_task_mapping.py
[2025-07-08T16:04:38.452+0200] {processor.py:830} INFO - Processing file /home/leoja/airflow/airflow_venv/lib/python3.12/site-packages/airflow/example_dags/example_dynamic_task_mapping.py for tasks to queue
[2025-07-08T16:04:38.452+0200] {logging_mixin.py:188} INFO - [2025-07-08T16:04:38.452+0200] {dagbag.py:540} INFO - Filling up the DagBag from /home/leoja/airflow/airflow_venv/lib/python3.12/site-packages/airflow/example_dags/example_dynamic_task_mapping.py
[2025-07-08T16:04:38.458+0200] {processor.py:840} INFO - DAG(s) 'example_dynamic_task_mapping' retrieved from /home/leoja/airflow/airflow_venv/lib/python3.12/site-packages/airflow/example_dags/example_dynamic_task_mapping.py
[2025-07-08T16:04:38.469+0200] {logging_mixin.py:188} INFO - [2025-07-08T16:04:38.468+0200] {dag.py:3096} INFO - Sync 1 DAGs
[2025-07-08T16:04:38.480+0200] {logging_mixin.py:188} INFO - [2025-07-08T16:04:38.480+0200] {dag.py:3954} INFO - Setting next_dagrun for example_dynamic_task_mapping to 2022-03-04 00:00:00+00:00, run_after=2022-03-05 00:00:00+00:00
[2025-07-08T16:04:38.499+0200] {processor.py:183} INFO - Processing /home/leoja/airflow/airflow_venv/lib/python3.12/site-packages/airflow/example_dags/example_dynamic_task_mapping.py took 0.054 seconds
[2025-07-08T16:05:31.593+0200] {processor.py:161} INFO - Started process (PID=45769) to work on /home/leoja/airflow/airflow_venv/lib/python3.12/site-packages/airflow/example_dags/example_dynamic_task_mapping.py
[2025-07-08T16:05:31.594+0200] {processor.py:830} INFO - Processing file /home/leoja/airflow/airflow_venv/lib/python3.12/site-packages/airflow/example_dags/example_dynamic_task_mapping.py for tasks to queue
[2025-07-08T16:05:31.595+0200] {logging_mixin.py:188} INFO - [2025-07-08T16:05:31.594+0200] {dagbag.py:540} INFO - Filling up the DagBag from /home/leoja/airflow/airflow_venv/lib/python3.12/site-packages/airflow/example_dags/example_dynamic_task_mapping.py
[2025-07-08T16:05:31.600+0200] {processor.py:840} INFO - DAG(s) 'example_dynamic_task_mapping' retrieved from /home/leoja/airflow/airflow_venv/lib/python3.12/site-packages/airflow/example_dags/example_dynamic_task_mapping.py
[2025-07-08T16:05:31.612+0200] {logging_mixin.py:188} INFO - [2025-07-08T16:05:31.611+0200] {dag.py:3096} INFO - Sync 1 DAGs
[2025-07-08T16:05:31.624+0200] {logging_mixin.py:188} INFO - [2025-07-08T16:05:31.623+0200] {dag.py:3954} INFO - Setting next_dagrun for example_dynamic_task_mapping to 2022-03-04 00:00:00+00:00, run_after=2022-03-05 00:00:00+00:00
[2025-07-08T16:05:31.645+0200] {processor.py:183} INFO - Processing /home/leoja/airflow/airflow_venv/lib/python3.12/site-packages/airflow/example_dags/example_dynamic_task_mapping.py took 0.057 seconds
