[2025-07-08T14:29:13.322+0200] {processor.py:161} INFO - Started process (PID=35537) to work on /home/leoja/airflow/airflow_venv/lib/python3.12/site-packages/airflow/example_dags/example_branch_labels.py
[2025-07-08T14:29:13.323+0200] {processor.py:830} INFO - Processing file /home/leoja/airflow/airflow_venv/lib/python3.12/site-packages/airflow/example_dags/example_branch_labels.py for tasks to queue
[2025-07-08T14:29:13.324+0200] {logging_mixin.py:188} INFO - [2025-07-08T14:29:13.323+0200] {dagbag.py:540} INFO - Filling up the DagBag from /home/leoja/airflow/airflow_venv/lib/python3.12/site-packages/airflow/example_dags/example_branch_labels.py
[2025-07-08T14:29:13.330+0200] {processor.py:840} INFO - DAG(s) 'example_branch_labels' retrieved from /home/leoja/airflow/airflow_venv/lib/python3.12/site-packages/airflow/example_dags/example_branch_labels.py
[2025-07-08T14:29:13.347+0200] {logging_mixin.py:188} INFO - [2025-07-08T14:29:13.347+0200] {dag.py:3096} INFO - Sync 1 DAGs
[2025-07-08T14:29:13.361+0200] {logging_mixin.py:188} INFO - [2025-07-08T14:29:13.361+0200] {dag.py:3954} INFO - Setting next_dagrun for example_branch_labels to 2025-07-07 00:00:00+00:00, run_after=2025-07-08 00:00:00+00:00
[2025-07-08T14:29:13.383+0200] {processor.py:183} INFO - Processing /home/leoja/airflow/airflow_venv/lib/python3.12/site-packages/airflow/example_dags/example_branch_labels.py took 0.070 seconds
[2025-07-08T14:30:28.232+0200] {processor.py:161} INFO - Started process (PID=36042) to work on /home/leoja/airflow/airflow_venv/lib/python3.12/site-packages/airflow/example_dags/example_branch_labels.py
[2025-07-08T14:30:28.234+0200] {processor.py:830} INFO - Processing file /home/leoja/airflow/airflow_venv/lib/python3.12/site-packages/airflow/example_dags/example_branch_labels.py for tasks to queue
[2025-07-08T14:30:28.235+0200] {logging_mixin.py:188} INFO - [2025-07-08T14:30:28.234+0200] {dagbag.py:540} INFO - Filling up the DagBag from /home/leoja/airflow/airflow_venv/lib/python3.12/site-packages/airflow/example_dags/example_branch_labels.py
[2025-07-08T14:30:28.245+0200] {processor.py:840} INFO - DAG(s) 'example_branch_labels' retrieved from /home/leoja/airflow/airflow_venv/lib/python3.12/site-packages/airflow/example_dags/example_branch_labels.py
[2025-07-08T14:30:28.264+0200] {logging_mixin.py:188} INFO - [2025-07-08T14:30:28.264+0200] {dag.py:3096} INFO - Sync 1 DAGs
[2025-07-08T14:30:28.282+0200] {logging_mixin.py:188} INFO - [2025-07-08T14:30:28.282+0200] {dag.py:3954} INFO - Setting next_dagrun for example_branch_labels to 2025-07-07 00:00:00+00:00, run_after=2025-07-08 00:00:00+00:00
[2025-07-08T14:30:28.312+0200] {processor.py:183} INFO - Processing /home/leoja/airflow/airflow_venv/lib/python3.12/site-packages/airflow/example_dags/example_branch_labels.py took 0.090 seconds
[2025-07-08T14:31:54.855+0200] {processor.py:161} INFO - Started process (PID=36486) to work on /home/leoja/airflow/airflow_venv/lib/python3.12/site-packages/airflow/example_dags/example_branch_labels.py
[2025-07-08T14:31:54.861+0200] {processor.py:830} INFO - Processing file /home/leoja/airflow/airflow_venv/lib/python3.12/site-packages/airflow/example_dags/example_branch_labels.py for tasks to queue
[2025-07-08T14:31:54.863+0200] {logging_mixin.py:188} INFO - [2025-07-08T14:31:54.862+0200] {dagbag.py:540} INFO - Filling up the DagBag from /home/leoja/airflow/airflow_venv/lib/python3.12/site-packages/airflow/example_dags/example_branch_labels.py
[2025-07-08T14:31:54.872+0200] {processor.py:840} INFO - DAG(s) 'example_branch_labels' retrieved from /home/leoja/airflow/airflow_venv/lib/python3.12/site-packages/airflow/example_dags/example_branch_labels.py
[2025-07-08T14:31:54.896+0200] {logging_mixin.py:188} INFO - [2025-07-08T14:31:54.895+0200] {dag.py:3096} INFO - Sync 1 DAGs
[2025-07-08T14:31:54.922+0200] {logging_mixin.py:188} INFO - [2025-07-08T14:31:54.922+0200] {dag.py:3954} INFO - Setting next_dagrun for example_branch_labels to 2025-07-07 00:00:00+00:00, run_after=2025-07-08 00:00:00+00:00
[2025-07-08T14:31:54.952+0200] {processor.py:183} INFO - Processing /home/leoja/airflow/airflow_venv/lib/python3.12/site-packages/airflow/example_dags/example_branch_labels.py took 0.105 seconds
[2025-07-08T14:33:22.700+0200] {processor.py:161} INFO - Started process (PID=37005) to work on /home/leoja/airflow/airflow_venv/lib/python3.12/site-packages/airflow/example_dags/example_branch_labels.py
[2025-07-08T14:33:22.702+0200] {processor.py:830} INFO - Processing file /home/leoja/airflow/airflow_venv/lib/python3.12/site-packages/airflow/example_dags/example_branch_labels.py for tasks to queue
[2025-07-08T14:33:22.703+0200] {logging_mixin.py:188} INFO - [2025-07-08T14:33:22.703+0200] {dagbag.py:540} INFO - Filling up the DagBag from /home/leoja/airflow/airflow_venv/lib/python3.12/site-packages/airflow/example_dags/example_branch_labels.py
[2025-07-08T14:33:22.712+0200] {processor.py:840} INFO - DAG(s) 'example_branch_labels' retrieved from /home/leoja/airflow/airflow_venv/lib/python3.12/site-packages/airflow/example_dags/example_branch_labels.py
[2025-07-08T14:33:22.733+0200] {logging_mixin.py:188} INFO - [2025-07-08T14:33:22.733+0200] {dag.py:3096} INFO - Sync 1 DAGs
[2025-07-08T14:33:22.752+0200] {logging_mixin.py:188} INFO - [2025-07-08T14:33:22.752+0200] {dag.py:3954} INFO - Setting next_dagrun for example_branch_labels to 2025-07-07 00:00:00+00:00, run_after=2025-07-08 00:00:00+00:00
[2025-07-08T14:33:22.778+0200] {processor.py:183} INFO - Processing /home/leoja/airflow/airflow_venv/lib/python3.12/site-packages/airflow/example_dags/example_branch_labels.py took 0.086 seconds
[2025-07-08T14:34:23.610+0200] {processor.py:161} INFO - Started process (PID=37335) to work on /home/leoja/airflow/airflow_venv/lib/python3.12/site-packages/airflow/example_dags/example_branch_labels.py
[2025-07-08T14:34:23.612+0200] {processor.py:830} INFO - Processing file /home/leoja/airflow/airflow_venv/lib/python3.12/site-packages/airflow/example_dags/example_branch_labels.py for tasks to queue
[2025-07-08T14:34:23.613+0200] {logging_mixin.py:188} INFO - [2025-07-08T14:34:23.613+0200] {dagbag.py:540} INFO - Filling up the DagBag from /home/leoja/airflow/airflow_venv/lib/python3.12/site-packages/airflow/example_dags/example_branch_labels.py
[2025-07-08T14:34:23.625+0200] {processor.py:840} INFO - DAG(s) 'example_branch_labels' retrieved from /home/leoja/airflow/airflow_venv/lib/python3.12/site-packages/airflow/example_dags/example_branch_labels.py
[2025-07-08T14:34:23.647+0200] {logging_mixin.py:188} INFO - [2025-07-08T14:34:23.646+0200] {dag.py:3096} INFO - Sync 1 DAGs
[2025-07-08T14:34:23.674+0200] {logging_mixin.py:188} INFO - [2025-07-08T14:34:23.673+0200] {dag.py:3954} INFO - Setting next_dagrun for example_branch_labels to 2025-07-07 00:00:00+00:00, run_after=2025-07-08 00:00:00+00:00
[2025-07-08T14:34:23.703+0200] {processor.py:183} INFO - Processing /home/leoja/airflow/airflow_venv/lib/python3.12/site-packages/airflow/example_dags/example_branch_labels.py took 0.105 seconds
[2025-07-08T14:35:20.502+0200] {processor.py:161} INFO - Started process (PID=37644) to work on /home/leoja/airflow/airflow_venv/lib/python3.12/site-packages/airflow/example_dags/example_branch_labels.py
[2025-07-08T14:35:20.505+0200] {processor.py:830} INFO - Processing file /home/leoja/airflow/airflow_venv/lib/python3.12/site-packages/airflow/example_dags/example_branch_labels.py for tasks to queue
[2025-07-08T14:35:20.508+0200] {logging_mixin.py:188} INFO - [2025-07-08T14:35:20.507+0200] {dagbag.py:540} INFO - Filling up the DagBag from /home/leoja/airflow/airflow_venv/lib/python3.12/site-packages/airflow/example_dags/example_branch_labels.py
[2025-07-08T14:35:20.525+0200] {processor.py:840} INFO - DAG(s) 'example_branch_labels' retrieved from /home/leoja/airflow/airflow_venv/lib/python3.12/site-packages/airflow/example_dags/example_branch_labels.py
[2025-07-08T14:35:20.546+0200] {logging_mixin.py:188} INFO - [2025-07-08T14:35:20.545+0200] {dag.py:3096} INFO - Sync 1 DAGs
[2025-07-08T14:35:20.566+0200] {logging_mixin.py:188} INFO - [2025-07-08T14:35:20.566+0200] {dag.py:3954} INFO - Setting next_dagrun for example_branch_labels to 2025-07-07 00:00:00+00:00, run_after=2025-07-08 00:00:00+00:00
[2025-07-08T14:35:20.591+0200] {processor.py:183} INFO - Processing /home/leoja/airflow/airflow_venv/lib/python3.12/site-packages/airflow/example_dags/example_branch_labels.py took 0.103 seconds
[2025-07-08T14:36:47.312+0200] {processor.py:161} INFO - Started process (PID=38175) to work on /home/leoja/airflow/airflow_venv/lib/python3.12/site-packages/airflow/example_dags/example_branch_labels.py
[2025-07-08T14:36:47.314+0200] {processor.py:830} INFO - Processing file /home/leoja/airflow/airflow_venv/lib/python3.12/site-packages/airflow/example_dags/example_branch_labels.py for tasks to queue
[2025-07-08T14:36:47.315+0200] {logging_mixin.py:188} INFO - [2025-07-08T14:36:47.314+0200] {dagbag.py:540} INFO - Filling up the DagBag from /home/leoja/airflow/airflow_venv/lib/python3.12/site-packages/airflow/example_dags/example_branch_labels.py
[2025-07-08T14:36:47.323+0200] {processor.py:840} INFO - DAG(s) 'example_branch_labels' retrieved from /home/leoja/airflow/airflow_venv/lib/python3.12/site-packages/airflow/example_dags/example_branch_labels.py
[2025-07-08T14:36:47.342+0200] {logging_mixin.py:188} INFO - [2025-07-08T14:36:47.342+0200] {dag.py:3096} INFO - Sync 1 DAGs
[2025-07-08T14:36:47.363+0200] {logging_mixin.py:188} INFO - [2025-07-08T14:36:47.363+0200] {dag.py:3954} INFO - Setting next_dagrun for example_branch_labels to 2025-07-07 00:00:00+00:00, run_after=2025-07-08 00:00:00+00:00
[2025-07-08T14:36:47.387+0200] {processor.py:183} INFO - Processing /home/leoja/airflow/airflow_venv/lib/python3.12/site-packages/airflow/example_dags/example_branch_labels.py took 0.080 seconds
[2025-07-08T14:39:00.216+0200] {processor.py:161} INFO - Started process (PID=39384) to work on /home/leoja/airflow/airflow_venv/lib/python3.12/site-packages/airflow/example_dags/example_branch_labels.py
[2025-07-08T14:39:00.218+0200] {processor.py:830} INFO - Processing file /home/leoja/airflow/airflow_venv/lib/python3.12/site-packages/airflow/example_dags/example_branch_labels.py for tasks to queue
[2025-07-08T14:39:00.219+0200] {logging_mixin.py:188} INFO - [2025-07-08T14:39:00.219+0200] {dagbag.py:540} INFO - Filling up the DagBag from /home/leoja/airflow/airflow_venv/lib/python3.12/site-packages/airflow/example_dags/example_branch_labels.py
[2025-07-08T14:39:00.228+0200] {processor.py:840} INFO - DAG(s) 'example_branch_labels' retrieved from /home/leoja/airflow/airflow_venv/lib/python3.12/site-packages/airflow/example_dags/example_branch_labels.py
[2025-07-08T14:39:00.246+0200] {logging_mixin.py:188} INFO - [2025-07-08T14:39:00.245+0200] {dag.py:3096} INFO - Sync 1 DAGs
[2025-07-08T14:39:00.266+0200] {logging_mixin.py:188} INFO - [2025-07-08T14:39:00.266+0200] {dag.py:3954} INFO - Setting next_dagrun for example_branch_labels to 2025-07-07 00:00:00+00:00, run_after=2025-07-08 00:00:00+00:00
[2025-07-08T14:39:00.289+0200] {processor.py:183} INFO - Processing /home/leoja/airflow/airflow_venv/lib/python3.12/site-packages/airflow/example_dags/example_branch_labels.py took 0.084 seconds
[2025-07-08T14:40:01.154+0200] {processor.py:161} INFO - Started process (PID=39758) to work on /home/leoja/airflow/airflow_venv/lib/python3.12/site-packages/airflow/example_dags/example_branch_labels.py
[2025-07-08T14:40:01.156+0200] {processor.py:830} INFO - Processing file /home/leoja/airflow/airflow_venv/lib/python3.12/site-packages/airflow/example_dags/example_branch_labels.py for tasks to queue
[2025-07-08T14:40:01.157+0200] {logging_mixin.py:188} INFO - [2025-07-08T14:40:01.156+0200] {dagbag.py:540} INFO - Filling up the DagBag from /home/leoja/airflow/airflow_venv/lib/python3.12/site-packages/airflow/example_dags/example_branch_labels.py
[2025-07-08T14:40:01.164+0200] {processor.py:840} INFO - DAG(s) 'example_branch_labels' retrieved from /home/leoja/airflow/airflow_venv/lib/python3.12/site-packages/airflow/example_dags/example_branch_labels.py
[2025-07-08T14:40:01.180+0200] {logging_mixin.py:188} INFO - [2025-07-08T14:40:01.179+0200] {dag.py:3096} INFO - Sync 1 DAGs
[2025-07-08T14:40:01.201+0200] {logging_mixin.py:188} INFO - [2025-07-08T14:40:01.201+0200] {dag.py:3954} INFO - Setting next_dagrun for example_branch_labels to 2025-07-07 00:00:00+00:00, run_after=2025-07-08 00:00:00+00:00
[2025-07-08T14:40:01.231+0200] {processor.py:183} INFO - Processing /home/leoja/airflow/airflow_venv/lib/python3.12/site-packages/airflow/example_dags/example_branch_labels.py took 0.083 seconds
[2025-07-08T14:41:05.494+0200] {processor.py:161} INFO - Started process (PID=40069) to work on /home/leoja/airflow/airflow_venv/lib/python3.12/site-packages/airflow/example_dags/example_branch_labels.py
[2025-07-08T14:41:05.495+0200] {processor.py:830} INFO - Processing file /home/leoja/airflow/airflow_venv/lib/python3.12/site-packages/airflow/example_dags/example_branch_labels.py for tasks to queue
[2025-07-08T14:41:05.497+0200] {logging_mixin.py:188} INFO - [2025-07-08T14:41:05.496+0200] {dagbag.py:540} INFO - Filling up the DagBag from /home/leoja/airflow/airflow_venv/lib/python3.12/site-packages/airflow/example_dags/example_branch_labels.py
[2025-07-08T14:41:05.511+0200] {processor.py:840} INFO - DAG(s) 'example_branch_labels' retrieved from /home/leoja/airflow/airflow_venv/lib/python3.12/site-packages/airflow/example_dags/example_branch_labels.py
[2025-07-08T14:41:05.540+0200] {logging_mixin.py:188} INFO - [2025-07-08T14:41:05.539+0200] {dag.py:3096} INFO - Sync 1 DAGs
[2025-07-08T14:41:05.576+0200] {logging_mixin.py:188} INFO - [2025-07-08T14:41:05.576+0200] {dag.py:3954} INFO - Setting next_dagrun for example_branch_labels to 2025-07-07 00:00:00+00:00, run_after=2025-07-08 00:00:00+00:00
[2025-07-08T14:41:05.621+0200] {processor.py:183} INFO - Processing /home/leoja/airflow/airflow_venv/lib/python3.12/site-packages/airflow/example_dags/example_branch_labels.py took 0.142 seconds
[2025-07-08T14:42:01.322+0200] {processor.py:161} INFO - Started process (PID=40348) to work on /home/leoja/airflow/airflow_venv/lib/python3.12/site-packages/airflow/example_dags/example_branch_labels.py
[2025-07-08T14:42:01.324+0200] {processor.py:830} INFO - Processing file /home/leoja/airflow/airflow_venv/lib/python3.12/site-packages/airflow/example_dags/example_branch_labels.py for tasks to queue
[2025-07-08T14:42:01.325+0200] {logging_mixin.py:188} INFO - [2025-07-08T14:42:01.324+0200] {dagbag.py:540} INFO - Filling up the DagBag from /home/leoja/airflow/airflow_venv/lib/python3.12/site-packages/airflow/example_dags/example_branch_labels.py
[2025-07-08T14:42:01.333+0200] {processor.py:840} INFO - DAG(s) 'example_branch_labels' retrieved from /home/leoja/airflow/airflow_venv/lib/python3.12/site-packages/airflow/example_dags/example_branch_labels.py
[2025-07-08T14:42:01.353+0200] {logging_mixin.py:188} INFO - [2025-07-08T14:42:01.352+0200] {dag.py:3096} INFO - Sync 1 DAGs
[2025-07-08T14:42:01.373+0200] {logging_mixin.py:188} INFO - [2025-07-08T14:42:01.373+0200] {dag.py:3954} INFO - Setting next_dagrun for example_branch_labels to 2025-07-07 00:00:00+00:00, run_after=2025-07-08 00:00:00+00:00
[2025-07-08T14:42:01.403+0200] {processor.py:183} INFO - Processing /home/leoja/airflow/airflow_venv/lib/python3.12/site-packages/airflow/example_dags/example_branch_labels.py took 0.090 seconds
[2025-07-08T14:43:06.480+0200] {processor.py:161} INFO - Started process (PID=40725) to work on /home/leoja/airflow/airflow_venv/lib/python3.12/site-packages/airflow/example_dags/example_branch_labels.py
[2025-07-08T14:43:06.482+0200] {processor.py:830} INFO - Processing file /home/leoja/airflow/airflow_venv/lib/python3.12/site-packages/airflow/example_dags/example_branch_labels.py for tasks to queue
[2025-07-08T14:43:06.483+0200] {logging_mixin.py:188} INFO - [2025-07-08T14:43:06.482+0200] {dagbag.py:540} INFO - Filling up the DagBag from /home/leoja/airflow/airflow_venv/lib/python3.12/site-packages/airflow/example_dags/example_branch_labels.py
[2025-07-08T14:43:06.491+0200] {processor.py:840} INFO - DAG(s) 'example_branch_labels' retrieved from /home/leoja/airflow/airflow_venv/lib/python3.12/site-packages/airflow/example_dags/example_branch_labels.py
[2025-07-08T14:43:06.510+0200] {logging_mixin.py:188} INFO - [2025-07-08T14:43:06.510+0200] {dag.py:3096} INFO - Sync 1 DAGs
[2025-07-08T14:43:06.533+0200] {logging_mixin.py:188} INFO - [2025-07-08T14:43:06.533+0200] {dag.py:3954} INFO - Setting next_dagrun for example_branch_labels to 2025-07-07 00:00:00+00:00, run_after=2025-07-08 00:00:00+00:00
[2025-07-08T14:43:06.561+0200] {processor.py:183} INFO - Processing /home/leoja/airflow/airflow_venv/lib/python3.12/site-packages/airflow/example_dags/example_branch_labels.py took 0.088 seconds
[2025-07-08T14:44:13.648+0200] {processor.py:161} INFO - Started process (PID=41100) to work on /home/leoja/airflow/airflow_venv/lib/python3.12/site-packages/airflow/example_dags/example_branch_labels.py
[2025-07-08T14:44:13.650+0200] {processor.py:830} INFO - Processing file /home/leoja/airflow/airflow_venv/lib/python3.12/site-packages/airflow/example_dags/example_branch_labels.py for tasks to queue
[2025-07-08T14:44:13.651+0200] {logging_mixin.py:188} INFO - [2025-07-08T14:44:13.651+0200] {dagbag.py:540} INFO - Filling up the DagBag from /home/leoja/airflow/airflow_venv/lib/python3.12/site-packages/airflow/example_dags/example_branch_labels.py
[2025-07-08T14:44:13.660+0200] {processor.py:840} INFO - DAG(s) 'example_branch_labels' retrieved from /home/leoja/airflow/airflow_venv/lib/python3.12/site-packages/airflow/example_dags/example_branch_labels.py
[2025-07-08T14:44:13.679+0200] {logging_mixin.py:188} INFO - [2025-07-08T14:44:13.678+0200] {dag.py:3096} INFO - Sync 1 DAGs
[2025-07-08T14:44:13.698+0200] {logging_mixin.py:188} INFO - [2025-07-08T14:44:13.698+0200] {dag.py:3954} INFO - Setting next_dagrun for example_branch_labels to 2025-07-07 00:00:00+00:00, run_after=2025-07-08 00:00:00+00:00
[2025-07-08T14:44:13.726+0200] {processor.py:183} INFO - Processing /home/leoja/airflow/airflow_venv/lib/python3.12/site-packages/airflow/example_dags/example_branch_labels.py took 0.088 seconds
[2025-07-08T14:45:18.417+0200] {processor.py:161} INFO - Started process (PID=41443) to work on /home/leoja/airflow/airflow_venv/lib/python3.12/site-packages/airflow/example_dags/example_branch_labels.py
[2025-07-08T14:45:18.418+0200] {processor.py:830} INFO - Processing file /home/leoja/airflow/airflow_venv/lib/python3.12/site-packages/airflow/example_dags/example_branch_labels.py for tasks to queue
[2025-07-08T14:45:18.419+0200] {logging_mixin.py:188} INFO - [2025-07-08T14:45:18.419+0200] {dagbag.py:540} INFO - Filling up the DagBag from /home/leoja/airflow/airflow_venv/lib/python3.12/site-packages/airflow/example_dags/example_branch_labels.py
[2025-07-08T14:45:18.430+0200] {processor.py:840} INFO - DAG(s) 'example_branch_labels' retrieved from /home/leoja/airflow/airflow_venv/lib/python3.12/site-packages/airflow/example_dags/example_branch_labels.py
[2025-07-08T14:45:18.447+0200] {logging_mixin.py:188} INFO - [2025-07-08T14:45:18.447+0200] {dag.py:3096} INFO - Sync 1 DAGs
[2025-07-08T14:45:18.464+0200] {logging_mixin.py:188} INFO - [2025-07-08T14:45:18.464+0200] {dag.py:3954} INFO - Setting next_dagrun for example_branch_labels to 2025-07-07 00:00:00+00:00, run_after=2025-07-08 00:00:00+00:00
[2025-07-08T14:45:18.489+0200] {processor.py:183} INFO - Processing /home/leoja/airflow/airflow_venv/lib/python3.12/site-packages/airflow/example_dags/example_branch_labels.py took 0.081 seconds
[2025-07-08T14:46:21.352+0200] {processor.py:161} INFO - Started process (PID=41785) to work on /home/leoja/airflow/airflow_venv/lib/python3.12/site-packages/airflow/example_dags/example_branch_labels.py
[2025-07-08T14:46:21.356+0200] {processor.py:830} INFO - Processing file /home/leoja/airflow/airflow_venv/lib/python3.12/site-packages/airflow/example_dags/example_branch_labels.py for tasks to queue
[2025-07-08T14:46:21.357+0200] {logging_mixin.py:188} INFO - [2025-07-08T14:46:21.357+0200] {dagbag.py:540} INFO - Filling up the DagBag from /home/leoja/airflow/airflow_venv/lib/python3.12/site-packages/airflow/example_dags/example_branch_labels.py
[2025-07-08T14:46:21.372+0200] {processor.py:840} INFO - DAG(s) 'example_branch_labels' retrieved from /home/leoja/airflow/airflow_venv/lib/python3.12/site-packages/airflow/example_dags/example_branch_labels.py
[2025-07-08T14:46:21.389+0200] {logging_mixin.py:188} INFO - [2025-07-08T14:46:21.389+0200] {dag.py:3096} INFO - Sync 1 DAGs
[2025-07-08T14:46:21.406+0200] {logging_mixin.py:188} INFO - [2025-07-08T14:46:21.406+0200] {dag.py:3954} INFO - Setting next_dagrun for example_branch_labels to 2025-07-07 00:00:00+00:00, run_after=2025-07-08 00:00:00+00:00
[2025-07-08T14:46:21.446+0200] {processor.py:183} INFO - Processing /home/leoja/airflow/airflow_venv/lib/python3.12/site-packages/airflow/example_dags/example_branch_labels.py took 0.107 seconds
[2025-07-08T14:47:48.373+0200] {processor.py:161} INFO - Started process (PID=42254) to work on /home/leoja/airflow/airflow_venv/lib/python3.12/site-packages/airflow/example_dags/example_branch_labels.py
[2025-07-08T14:47:48.375+0200] {processor.py:830} INFO - Processing file /home/leoja/airflow/airflow_venv/lib/python3.12/site-packages/airflow/example_dags/example_branch_labels.py for tasks to queue
[2025-07-08T14:47:48.376+0200] {logging_mixin.py:188} INFO - [2025-07-08T14:47:48.375+0200] {dagbag.py:540} INFO - Filling up the DagBag from /home/leoja/airflow/airflow_venv/lib/python3.12/site-packages/airflow/example_dags/example_branch_labels.py
[2025-07-08T14:47:48.385+0200] {processor.py:840} INFO - DAG(s) 'example_branch_labels' retrieved from /home/leoja/airflow/airflow_venv/lib/python3.12/site-packages/airflow/example_dags/example_branch_labels.py
[2025-07-08T14:47:48.404+0200] {logging_mixin.py:188} INFO - [2025-07-08T14:47:48.403+0200] {dag.py:3096} INFO - Sync 1 DAGs
[2025-07-08T14:47:48.426+0200] {logging_mixin.py:188} INFO - [2025-07-08T14:47:48.426+0200] {dag.py:3954} INFO - Setting next_dagrun for example_branch_labels to 2025-07-07 00:00:00+00:00, run_after=2025-07-08 00:00:00+00:00
[2025-07-08T14:47:48.453+0200] {processor.py:183} INFO - Processing /home/leoja/airflow/airflow_venv/lib/python3.12/site-packages/airflow/example_dags/example_branch_labels.py took 0.086 seconds
[2025-07-08T14:48:52.218+0200] {processor.py:161} INFO - Started process (PID=42596) to work on /home/leoja/airflow/airflow_venv/lib/python3.12/site-packages/airflow/example_dags/example_branch_labels.py
[2025-07-08T14:48:52.221+0200] {processor.py:830} INFO - Processing file /home/leoja/airflow/airflow_venv/lib/python3.12/site-packages/airflow/example_dags/example_branch_labels.py for tasks to queue
[2025-07-08T14:48:52.223+0200] {logging_mixin.py:188} INFO - [2025-07-08T14:48:52.222+0200] {dagbag.py:540} INFO - Filling up the DagBag from /home/leoja/airflow/airflow_venv/lib/python3.12/site-packages/airflow/example_dags/example_branch_labels.py
[2025-07-08T14:48:52.241+0200] {processor.py:840} INFO - DAG(s) 'example_branch_labels' retrieved from /home/leoja/airflow/airflow_venv/lib/python3.12/site-packages/airflow/example_dags/example_branch_labels.py
[2025-07-08T14:48:52.270+0200] {logging_mixin.py:188} INFO - [2025-07-08T14:48:52.269+0200] {dag.py:3096} INFO - Sync 1 DAGs
[2025-07-08T14:48:52.293+0200] {logging_mixin.py:188} INFO - [2025-07-08T14:48:52.293+0200] {dag.py:3954} INFO - Setting next_dagrun for example_branch_labels to 2025-07-07 00:00:00+00:00, run_after=2025-07-08 00:00:00+00:00
[2025-07-08T14:48:52.318+0200] {processor.py:183} INFO - Processing /home/leoja/airflow/airflow_venv/lib/python3.12/site-packages/airflow/example_dags/example_branch_labels.py took 0.114 seconds
[2025-07-08T14:49:59.166+0200] {processor.py:161} INFO - Started process (PID=42971) to work on /home/leoja/airflow/airflow_venv/lib/python3.12/site-packages/airflow/example_dags/example_branch_labels.py
[2025-07-08T14:49:59.168+0200] {processor.py:830} INFO - Processing file /home/leoja/airflow/airflow_venv/lib/python3.12/site-packages/airflow/example_dags/example_branch_labels.py for tasks to queue
[2025-07-08T14:49:59.170+0200] {logging_mixin.py:188} INFO - [2025-07-08T14:49:59.169+0200] {dagbag.py:540} INFO - Filling up the DagBag from /home/leoja/airflow/airflow_venv/lib/python3.12/site-packages/airflow/example_dags/example_branch_labels.py
[2025-07-08T14:49:59.180+0200] {processor.py:840} INFO - DAG(s) 'example_branch_labels' retrieved from /home/leoja/airflow/airflow_venv/lib/python3.12/site-packages/airflow/example_dags/example_branch_labels.py
[2025-07-08T14:49:59.211+0200] {logging_mixin.py:188} INFO - [2025-07-08T14:49:59.211+0200] {dag.py:3096} INFO - Sync 1 DAGs
[2025-07-08T14:49:59.231+0200] {logging_mixin.py:188} INFO - [2025-07-08T14:49:59.231+0200] {dag.py:3954} INFO - Setting next_dagrun for example_branch_labels to 2025-07-07 00:00:00+00:00, run_after=2025-07-08 00:00:00+00:00
[2025-07-08T14:49:59.256+0200] {processor.py:183} INFO - Processing /home/leoja/airflow/airflow_venv/lib/python3.12/site-packages/airflow/example_dags/example_branch_labels.py took 0.102 seconds
[2025-07-08T14:51:02.004+0200] {processor.py:161} INFO - Started process (PID=43291) to work on /home/leoja/airflow/airflow_venv/lib/python3.12/site-packages/airflow/example_dags/example_branch_labels.py
[2025-07-08T14:51:02.005+0200] {processor.py:830} INFO - Processing file /home/leoja/airflow/airflow_venv/lib/python3.12/site-packages/airflow/example_dags/example_branch_labels.py for tasks to queue
[2025-07-08T14:51:02.006+0200] {logging_mixin.py:188} INFO - [2025-07-08T14:51:02.005+0200] {dagbag.py:540} INFO - Filling up the DagBag from /home/leoja/airflow/airflow_venv/lib/python3.12/site-packages/airflow/example_dags/example_branch_labels.py
[2025-07-08T14:51:02.016+0200] {processor.py:840} INFO - DAG(s) 'example_branch_labels' retrieved from /home/leoja/airflow/airflow_venv/lib/python3.12/site-packages/airflow/example_dags/example_branch_labels.py
[2025-07-08T14:51:02.034+0200] {logging_mixin.py:188} INFO - [2025-07-08T14:51:02.034+0200] {dag.py:3096} INFO - Sync 1 DAGs
[2025-07-08T14:51:02.054+0200] {logging_mixin.py:188} INFO - [2025-07-08T14:51:02.053+0200] {dag.py:3954} INFO - Setting next_dagrun for example_branch_labels to 2025-07-07 00:00:00+00:00, run_after=2025-07-08 00:00:00+00:00
[2025-07-08T14:51:02.077+0200] {processor.py:183} INFO - Processing /home/leoja/airflow/airflow_venv/lib/python3.12/site-packages/airflow/example_dags/example_branch_labels.py took 0.080 seconds
[2025-07-08T14:52:20.603+0200] {processor.py:161} INFO - Started process (PID=43730) to work on /home/leoja/airflow/airflow_venv/lib/python3.12/site-packages/airflow/example_dags/example_branch_labels.py
[2025-07-08T14:52:20.605+0200] {processor.py:830} INFO - Processing file /home/leoja/airflow/airflow_venv/lib/python3.12/site-packages/airflow/example_dags/example_branch_labels.py for tasks to queue
[2025-07-08T14:52:20.608+0200] {logging_mixin.py:188} INFO - [2025-07-08T14:52:20.607+0200] {dagbag.py:540} INFO - Filling up the DagBag from /home/leoja/airflow/airflow_venv/lib/python3.12/site-packages/airflow/example_dags/example_branch_labels.py
[2025-07-08T14:52:20.623+0200] {processor.py:840} INFO - DAG(s) 'example_branch_labels' retrieved from /home/leoja/airflow/airflow_venv/lib/python3.12/site-packages/airflow/example_dags/example_branch_labels.py
[2025-07-08T14:52:20.640+0200] {logging_mixin.py:188} INFO - [2025-07-08T14:52:20.639+0200] {dag.py:3096} INFO - Sync 1 DAGs
[2025-07-08T14:52:20.658+0200] {logging_mixin.py:188} INFO - [2025-07-08T14:52:20.658+0200] {dag.py:3954} INFO - Setting next_dagrun for example_branch_labels to 2025-07-07 00:00:00+00:00, run_after=2025-07-08 00:00:00+00:00
[2025-07-08T14:52:20.685+0200] {processor.py:183} INFO - Processing /home/leoja/airflow/airflow_venv/lib/python3.12/site-packages/airflow/example_dags/example_branch_labels.py took 0.097 seconds
[2025-07-08T16:00:39.943+0200] {processor.py:161} INFO - Started process (PID=44194) to work on /home/leoja/airflow/airflow_venv/lib/python3.12/site-packages/airflow/example_dags/example_branch_labels.py
[2025-07-08T16:00:39.945+0200] {processor.py:830} INFO - Processing file /home/leoja/airflow/airflow_venv/lib/python3.12/site-packages/airflow/example_dags/example_branch_labels.py for tasks to queue
[2025-07-08T16:00:39.946+0200] {logging_mixin.py:188} INFO - [2025-07-08T16:00:39.946+0200] {dagbag.py:540} INFO - Filling up the DagBag from /home/leoja/airflow/airflow_venv/lib/python3.12/site-packages/airflow/example_dags/example_branch_labels.py
[2025-07-08T16:00:39.954+0200] {processor.py:840} INFO - DAG(s) 'example_branch_labels' retrieved from /home/leoja/airflow/airflow_venv/lib/python3.12/site-packages/airflow/example_dags/example_branch_labels.py
[2025-07-08T16:00:39.968+0200] {logging_mixin.py:188} INFO - [2025-07-08T16:00:39.968+0200] {dag.py:3096} INFO - Sync 1 DAGs
[2025-07-08T16:00:39.985+0200] {logging_mixin.py:188} INFO - [2025-07-08T16:00:39.985+0200] {dag.py:3954} INFO - Setting next_dagrun for example_branch_labels to 2025-07-07 00:00:00+00:00, run_after=2025-07-08 00:00:00+00:00
[2025-07-08T16:00:40.010+0200] {processor.py:183} INFO - Processing /home/leoja/airflow/airflow_venv/lib/python3.12/site-packages/airflow/example_dags/example_branch_labels.py took 0.075 seconds
[2025-07-08T16:02:04.583+0200] {processor.py:161} INFO - Started process (PID=44693) to work on /home/leoja/airflow/airflow_venv/lib/python3.12/site-packages/airflow/example_dags/example_branch_labels.py
[2025-07-08T16:02:04.585+0200] {processor.py:830} INFO - Processing file /home/leoja/airflow/airflow_venv/lib/python3.12/site-packages/airflow/example_dags/example_branch_labels.py for tasks to queue
[2025-07-08T16:02:04.585+0200] {logging_mixin.py:188} INFO - [2025-07-08T16:02:04.585+0200] {dagbag.py:540} INFO - Filling up the DagBag from /home/leoja/airflow/airflow_venv/lib/python3.12/site-packages/airflow/example_dags/example_branch_labels.py
[2025-07-08T16:02:04.592+0200] {processor.py:840} INFO - DAG(s) 'example_branch_labels' retrieved from /home/leoja/airflow/airflow_venv/lib/python3.12/site-packages/airflow/example_dags/example_branch_labels.py
[2025-07-08T16:02:04.611+0200] {logging_mixin.py:188} INFO - [2025-07-08T16:02:04.610+0200] {dag.py:3096} INFO - Sync 1 DAGs
[2025-07-08T16:02:04.630+0200] {logging_mixin.py:188} INFO - [2025-07-08T16:02:04.629+0200] {dag.py:3954} INFO - Setting next_dagrun for example_branch_labels to 2025-07-07 00:00:00+00:00, run_after=2025-07-08 00:00:00+00:00
[2025-07-08T16:02:04.652+0200] {processor.py:183} INFO - Processing /home/leoja/airflow/airflow_venv/lib/python3.12/site-packages/airflow/example_dags/example_branch_labels.py took 0.076 seconds
[2025-07-08T16:03:26.706+0200] {processor.py:161} INFO - Started process (PID=45109) to work on /home/leoja/airflow/airflow_venv/lib/python3.12/site-packages/airflow/example_dags/example_branch_labels.py
[2025-07-08T16:03:26.707+0200] {processor.py:830} INFO - Processing file /home/leoja/airflow/airflow_venv/lib/python3.12/site-packages/airflow/example_dags/example_branch_labels.py for tasks to queue
[2025-07-08T16:03:26.708+0200] {logging_mixin.py:188} INFO - [2025-07-08T16:03:26.708+0200] {dagbag.py:540} INFO - Filling up the DagBag from /home/leoja/airflow/airflow_venv/lib/python3.12/site-packages/airflow/example_dags/example_branch_labels.py
[2025-07-08T16:03:26.715+0200] {processor.py:840} INFO - DAG(s) 'example_branch_labels' retrieved from /home/leoja/airflow/airflow_venv/lib/python3.12/site-packages/airflow/example_dags/example_branch_labels.py
[2025-07-08T16:03:26.729+0200] {logging_mixin.py:188} INFO - [2025-07-08T16:03:26.729+0200] {dag.py:3096} INFO - Sync 1 DAGs
[2025-07-08T16:03:26.746+0200] {logging_mixin.py:188} INFO - [2025-07-08T16:03:26.746+0200] {dag.py:3954} INFO - Setting next_dagrun for example_branch_labels to 2025-07-07 00:00:00+00:00, run_after=2025-07-08 00:00:00+00:00
[2025-07-08T16:03:26.765+0200] {processor.py:183} INFO - Processing /home/leoja/airflow/airflow_venv/lib/python3.12/site-packages/airflow/example_dags/example_branch_labels.py took 0.064 seconds
[2025-07-08T16:04:45.169+0200] {processor.py:161} INFO - Started process (PID=45524) to work on /home/leoja/airflow/airflow_venv/lib/python3.12/site-packages/airflow/example_dags/example_branch_labels.py
[2025-07-08T16:04:45.171+0200] {processor.py:830} INFO - Processing file /home/leoja/airflow/airflow_venv/lib/python3.12/site-packages/airflow/example_dags/example_branch_labels.py for tasks to queue
[2025-07-08T16:04:45.171+0200] {logging_mixin.py:188} INFO - [2025-07-08T16:04:45.171+0200] {dagbag.py:540} INFO - Filling up the DagBag from /home/leoja/airflow/airflow_venv/lib/python3.12/site-packages/airflow/example_dags/example_branch_labels.py
[2025-07-08T16:04:45.178+0200] {processor.py:840} INFO - DAG(s) 'example_branch_labels' retrieved from /home/leoja/airflow/airflow_venv/lib/python3.12/site-packages/airflow/example_dags/example_branch_labels.py
[2025-07-08T16:04:45.191+0200] {logging_mixin.py:188} INFO - [2025-07-08T16:04:45.190+0200] {dag.py:3096} INFO - Sync 1 DAGs
[2025-07-08T16:04:45.204+0200] {logging_mixin.py:188} INFO - [2025-07-08T16:04:45.203+0200] {dag.py:3954} INFO - Setting next_dagrun for example_branch_labels to 2025-07-07 00:00:00+00:00, run_after=2025-07-08 00:00:00+00:00
[2025-07-08T16:04:45.224+0200] {processor.py:183} INFO - Processing /home/leoja/airflow/airflow_venv/lib/python3.12/site-packages/airflow/example_dags/example_branch_labels.py took 0.062 seconds
[2025-07-08T16:05:40.719+0200] {processor.py:161} INFO - Started process (PID=45833) to work on /home/leoja/airflow/airflow_venv/lib/python3.12/site-packages/airflow/example_dags/example_branch_labels.py
[2025-07-08T16:05:40.720+0200] {processor.py:830} INFO - Processing file /home/leoja/airflow/airflow_venv/lib/python3.12/site-packages/airflow/example_dags/example_branch_labels.py for tasks to queue
[2025-07-08T16:05:40.721+0200] {logging_mixin.py:188} INFO - [2025-07-08T16:05:40.721+0200] {dagbag.py:540} INFO - Filling up the DagBag from /home/leoja/airflow/airflow_venv/lib/python3.12/site-packages/airflow/example_dags/example_branch_labels.py
[2025-07-08T16:05:40.727+0200] {processor.py:840} INFO - DAG(s) 'example_branch_labels' retrieved from /home/leoja/airflow/airflow_venv/lib/python3.12/site-packages/airflow/example_dags/example_branch_labels.py
[2025-07-08T16:05:40.742+0200] {logging_mixin.py:188} INFO - [2025-07-08T16:05:40.742+0200] {dag.py:3096} INFO - Sync 1 DAGs
[2025-07-08T16:05:40.757+0200] {logging_mixin.py:188} INFO - [2025-07-08T16:05:40.757+0200] {dag.py:3954} INFO - Setting next_dagrun for example_branch_labels to 2025-07-07 00:00:00+00:00, run_after=2025-07-08 00:00:00+00:00
[2025-07-08T16:05:40.775+0200] {processor.py:183} INFO - Processing /home/leoja/airflow/airflow_venv/lib/python3.12/site-packages/airflow/example_dags/example_branch_labels.py took 0.061 seconds
