[2025-07-08T14:29:48.383+0200] {processor.py:161} INFO - Started process (PID=35755) to work on /home/leoja/airflow/airflow_venv/lib/python3.12/site-packages/airflow/example_dags/example_python_operator.py
[2025-07-08T14:29:48.384+0200] {processor.py:830} INFO - Processing file /home/leoja/airflow/airflow_venv/lib/python3.12/site-packages/airflow/example_dags/example_python_operator.py for tasks to queue
[2025-07-08T14:29:48.385+0200] {logging_mixin.py:188} INFO - [2025-07-08T14:29:48.384+0200] {dagbag.py:540} INFO - Filling up the DagBag from /home/leoja/airflow/airflow_venv/lib/python3.12/site-packages/airflow/example_dags/example_python_operator.py
[2025-07-08T14:29:48.437+0200] {logging_mixin.py:188} INFO - [2025-07-08T14:29:48.437+0200] {example_python_operator.py:93} WARNING - The virtalenv_python example task requires virtualenv, please install it.
[2025-07-08T14:29:48.438+0200] {processor.py:840} INFO - DAG(s) 'example_python_operator' retrieved from /home/leoja/airflow/airflow_venv/lib/python3.12/site-packages/airflow/example_dags/example_python_operator.py
[2025-07-08T14:29:48.466+0200] {logging_mixin.py:188} INFO - [2025-07-08T14:29:48.466+0200] {dag.py:3096} INFO - Sync 1 DAGs
[2025-07-08T14:29:48.479+0200] {logging_mixin.py:188} INFO - [2025-07-08T14:29:48.479+0200] {dag.py:3954} INFO - Setting next_dagrun for example_python_operator to None, run_after=None
[2025-07-08T14:29:48.511+0200] {processor.py:183} INFO - Processing /home/leoja/airflow/airflow_venv/lib/python3.12/site-packages/airflow/example_dags/example_python_operator.py took 0.136 seconds
[2025-07-08T14:30:47.796+0200] {processor.py:161} INFO - Started process (PID=36136) to work on /home/leoja/airflow/airflow_venv/lib/python3.12/site-packages/airflow/example_dags/example_python_operator.py
[2025-07-08T14:30:47.798+0200] {processor.py:830} INFO - Processing file /home/leoja/airflow/airflow_venv/lib/python3.12/site-packages/airflow/example_dags/example_python_operator.py for tasks to queue
[2025-07-08T14:30:47.800+0200] {logging_mixin.py:188} INFO - [2025-07-08T14:30:47.799+0200] {dagbag.py:540} INFO - Filling up the DagBag from /home/leoja/airflow/airflow_venv/lib/python3.12/site-packages/airflow/example_dags/example_python_operator.py
[2025-07-08T14:30:47.851+0200] {logging_mixin.py:188} INFO - [2025-07-08T14:30:47.850+0200] {example_python_operator.py:93} WARNING - The virtalenv_python example task requires virtualenv, please install it.
[2025-07-08T14:30:47.851+0200] {processor.py:840} INFO - DAG(s) 'example_python_operator' retrieved from /home/leoja/airflow/airflow_venv/lib/python3.12/site-packages/airflow/example_dags/example_python_operator.py
[2025-07-08T14:30:47.868+0200] {logging_mixin.py:188} INFO - [2025-07-08T14:30:47.868+0200] {dag.py:3096} INFO - Sync 1 DAGs
[2025-07-08T14:30:47.878+0200] {logging_mixin.py:188} INFO - [2025-07-08T14:30:47.878+0200] {dag.py:3954} INFO - Setting next_dagrun for example_python_operator to None, run_after=None
[2025-07-08T14:30:47.901+0200] {processor.py:183} INFO - Processing /home/leoja/airflow/airflow_venv/lib/python3.12/site-packages/airflow/example_dags/example_python_operator.py took 0.111 seconds
[2025-07-08T14:31:40.487+0200] {processor.py:161} INFO - Started process (PID=36415) to work on /home/leoja/airflow/airflow_venv/lib/python3.12/site-packages/airflow/example_dags/example_python_operator.py
[2025-07-08T14:31:40.489+0200] {processor.py:830} INFO - Processing file /home/leoja/airflow/airflow_venv/lib/python3.12/site-packages/airflow/example_dags/example_python_operator.py for tasks to queue
[2025-07-08T14:31:40.490+0200] {logging_mixin.py:188} INFO - [2025-07-08T14:31:40.489+0200] {dagbag.py:540} INFO - Filling up the DagBag from /home/leoja/airflow/airflow_venv/lib/python3.12/site-packages/airflow/example_dags/example_python_operator.py
[2025-07-08T14:31:40.536+0200] {logging_mixin.py:188} INFO - [2025-07-08T14:31:40.536+0200] {example_python_operator.py:93} WARNING - The virtalenv_python example task requires virtualenv, please install it.
[2025-07-08T14:31:40.537+0200] {processor.py:840} INFO - DAG(s) 'example_python_operator' retrieved from /home/leoja/airflow/airflow_venv/lib/python3.12/site-packages/airflow/example_dags/example_python_operator.py
[2025-07-08T14:31:40.556+0200] {logging_mixin.py:188} INFO - [2025-07-08T14:31:40.555+0200] {dag.py:3096} INFO - Sync 1 DAGs
[2025-07-08T14:31:40.570+0200] {logging_mixin.py:188} INFO - [2025-07-08T14:31:40.570+0200] {dag.py:3954} INFO - Setting next_dagrun for example_python_operator to None, run_after=None
[2025-07-08T14:31:40.597+0200] {processor.py:183} INFO - Processing /home/leoja/airflow/airflow_venv/lib/python3.12/site-packages/airflow/example_dags/example_python_operator.py took 0.116 seconds
[2025-07-08T14:32:42.800+0200] {processor.py:161} INFO - Started process (PID=36767) to work on /home/leoja/airflow/airflow_venv/lib/python3.12/site-packages/airflow/example_dags/example_python_operator.py
[2025-07-08T14:32:42.803+0200] {processor.py:830} INFO - Processing file /home/leoja/airflow/airflow_venv/lib/python3.12/site-packages/airflow/example_dags/example_python_operator.py for tasks to queue
[2025-07-08T14:32:42.804+0200] {logging_mixin.py:188} INFO - [2025-07-08T14:32:42.803+0200] {dagbag.py:540} INFO - Filling up the DagBag from /home/leoja/airflow/airflow_venv/lib/python3.12/site-packages/airflow/example_dags/example_python_operator.py
[2025-07-08T14:32:42.892+0200] {logging_mixin.py:188} INFO - [2025-07-08T14:32:42.892+0200] {example_python_operator.py:93} WARNING - The virtalenv_python example task requires virtualenv, please install it.
[2025-07-08T14:32:42.893+0200] {processor.py:840} INFO - DAG(s) 'example_python_operator' retrieved from /home/leoja/airflow/airflow_venv/lib/python3.12/site-packages/airflow/example_dags/example_python_operator.py
[2025-07-08T14:32:42.916+0200] {logging_mixin.py:188} INFO - [2025-07-08T14:32:42.916+0200] {dag.py:3096} INFO - Sync 1 DAGs
[2025-07-08T14:32:42.929+0200] {logging_mixin.py:188} INFO - [2025-07-08T14:32:42.928+0200] {dag.py:3954} INFO - Setting next_dagrun for example_python_operator to None, run_after=None
[2025-07-08T14:32:42.955+0200] {processor.py:183} INFO - Processing /home/leoja/airflow/airflow_venv/lib/python3.12/site-packages/airflow/example_dags/example_python_operator.py took 0.170 seconds
[2025-07-08T14:33:42.393+0200] {processor.py:161} INFO - Started process (PID=37097) to work on /home/leoja/airflow/airflow_venv/lib/python3.12/site-packages/airflow/example_dags/example_python_operator.py
[2025-07-08T14:33:42.397+0200] {processor.py:830} INFO - Processing file /home/leoja/airflow/airflow_venv/lib/python3.12/site-packages/airflow/example_dags/example_python_operator.py for tasks to queue
[2025-07-08T14:33:42.399+0200] {logging_mixin.py:188} INFO - [2025-07-08T14:33:42.398+0200] {dagbag.py:540} INFO - Filling up the DagBag from /home/leoja/airflow/airflow_venv/lib/python3.12/site-packages/airflow/example_dags/example_python_operator.py
[2025-07-08T14:33:42.496+0200] {logging_mixin.py:188} INFO - [2025-07-08T14:33:42.495+0200] {example_python_operator.py:93} WARNING - The virtalenv_python example task requires virtualenv, please install it.
[2025-07-08T14:33:42.496+0200] {processor.py:840} INFO - DAG(s) 'example_python_operator' retrieved from /home/leoja/airflow/airflow_venv/lib/python3.12/site-packages/airflow/example_dags/example_python_operator.py
[2025-07-08T14:33:42.517+0200] {logging_mixin.py:188} INFO - [2025-07-08T14:33:42.517+0200] {dag.py:3096} INFO - Sync 1 DAGs
[2025-07-08T14:33:42.529+0200] {logging_mixin.py:188} INFO - [2025-07-08T14:33:42.529+0200] {dag.py:3954} INFO - Setting next_dagrun for example_python_operator to None, run_after=None
[2025-07-08T14:33:42.557+0200] {processor.py:183} INFO - Processing /home/leoja/airflow/airflow_venv/lib/python3.12/site-packages/airflow/example_dags/example_python_operator.py took 0.177 seconds
[2025-07-08T14:34:41.545+0200] {processor.py:161} INFO - Started process (PID=37415) to work on /home/leoja/airflow/airflow_venv/lib/python3.12/site-packages/airflow/example_dags/example_python_operator.py
[2025-07-08T14:34:41.547+0200] {processor.py:830} INFO - Processing file /home/leoja/airflow/airflow_venv/lib/python3.12/site-packages/airflow/example_dags/example_python_operator.py for tasks to queue
[2025-07-08T14:34:41.548+0200] {logging_mixin.py:188} INFO - [2025-07-08T14:34:41.548+0200] {dagbag.py:540} INFO - Filling up the DagBag from /home/leoja/airflow/airflow_venv/lib/python3.12/site-packages/airflow/example_dags/example_python_operator.py
[2025-07-08T14:34:41.617+0200] {logging_mixin.py:188} INFO - [2025-07-08T14:34:41.617+0200] {example_python_operator.py:93} WARNING - The virtalenv_python example task requires virtualenv, please install it.
[2025-07-08T14:34:41.618+0200] {processor.py:840} INFO - DAG(s) 'example_python_operator' retrieved from /home/leoja/airflow/airflow_venv/lib/python3.12/site-packages/airflow/example_dags/example_python_operator.py
[2025-07-08T14:34:41.639+0200] {logging_mixin.py:188} INFO - [2025-07-08T14:34:41.639+0200] {dag.py:3096} INFO - Sync 1 DAGs
[2025-07-08T14:34:41.655+0200] {logging_mixin.py:188} INFO - [2025-07-08T14:34:41.655+0200] {dag.py:3954} INFO - Setting next_dagrun for example_python_operator to None, run_after=None
[2025-07-08T14:34:41.686+0200] {processor.py:183} INFO - Processing /home/leoja/airflow/airflow_venv/lib/python3.12/site-packages/airflow/example_dags/example_python_operator.py took 0.152 seconds
[2025-07-08T14:35:41.796+0200] {processor.py:161} INFO - Started process (PID=37746) to work on /home/leoja/airflow/airflow_venv/lib/python3.12/site-packages/airflow/example_dags/example_python_operator.py
[2025-07-08T14:35:41.797+0200] {processor.py:830} INFO - Processing file /home/leoja/airflow/airflow_venv/lib/python3.12/site-packages/airflow/example_dags/example_python_operator.py for tasks to queue
[2025-07-08T14:35:41.798+0200] {logging_mixin.py:188} INFO - [2025-07-08T14:35:41.798+0200] {dagbag.py:540} INFO - Filling up the DagBag from /home/leoja/airflow/airflow_venv/lib/python3.12/site-packages/airflow/example_dags/example_python_operator.py
[2025-07-08T14:35:41.842+0200] {logging_mixin.py:188} INFO - [2025-07-08T14:35:41.842+0200] {example_python_operator.py:93} WARNING - The virtalenv_python example task requires virtualenv, please install it.
[2025-07-08T14:35:41.843+0200] {processor.py:840} INFO - DAG(s) 'example_python_operator' retrieved from /home/leoja/airflow/airflow_venv/lib/python3.12/site-packages/airflow/example_dags/example_python_operator.py
[2025-07-08T14:35:41.862+0200] {logging_mixin.py:188} INFO - [2025-07-08T14:35:41.862+0200] {dag.py:3096} INFO - Sync 1 DAGs
[2025-07-08T14:35:41.875+0200] {logging_mixin.py:188} INFO - [2025-07-08T14:35:41.874+0200] {dag.py:3954} INFO - Setting next_dagrun for example_python_operator to None, run_after=None
[2025-07-08T14:35:41.903+0200] {processor.py:183} INFO - Processing /home/leoja/airflow/airflow_venv/lib/python3.12/site-packages/airflow/example_dags/example_python_operator.py took 0.114 seconds
[2025-07-08T14:36:39.607+0200] {processor.py:161} INFO - Started process (PID=38075) to work on /home/leoja/airflow/airflow_venv/lib/python3.12/site-packages/airflow/example_dags/example_python_operator.py
[2025-07-08T14:36:39.609+0200] {processor.py:830} INFO - Processing file /home/leoja/airflow/airflow_venv/lib/python3.12/site-packages/airflow/example_dags/example_python_operator.py for tasks to queue
[2025-07-08T14:36:39.610+0200] {logging_mixin.py:188} INFO - [2025-07-08T14:36:39.609+0200] {dagbag.py:540} INFO - Filling up the DagBag from /home/leoja/airflow/airflow_venv/lib/python3.12/site-packages/airflow/example_dags/example_python_operator.py
[2025-07-08T14:36:39.658+0200] {logging_mixin.py:188} INFO - [2025-07-08T14:36:39.658+0200] {example_python_operator.py:93} WARNING - The virtalenv_python example task requires virtualenv, please install it.
[2025-07-08T14:36:39.659+0200] {processor.py:840} INFO - DAG(s) 'example_python_operator' retrieved from /home/leoja/airflow/airflow_venv/lib/python3.12/site-packages/airflow/example_dags/example_python_operator.py
[2025-07-08T14:36:39.682+0200] {logging_mixin.py:188} INFO - [2025-07-08T14:36:39.682+0200] {dag.py:3096} INFO - Sync 1 DAGs
[2025-07-08T14:36:39.698+0200] {logging_mixin.py:188} INFO - [2025-07-08T14:36:39.698+0200] {dag.py:3954} INFO - Setting next_dagrun for example_python_operator to None, run_after=None
[2025-07-08T14:36:39.726+0200] {processor.py:183} INFO - Processing /home/leoja/airflow/airflow_venv/lib/python3.12/site-packages/airflow/example_dags/example_python_operator.py took 0.130 seconds
[2025-07-08T14:38:42.740+0200] {processor.py:161} INFO - Started process (PID=39264) to work on /home/leoja/airflow/airflow_venv/lib/python3.12/site-packages/airflow/example_dags/example_python_operator.py
[2025-07-08T14:38:42.743+0200] {processor.py:830} INFO - Processing file /home/leoja/airflow/airflow_venv/lib/python3.12/site-packages/airflow/example_dags/example_python_operator.py for tasks to queue
[2025-07-08T14:38:42.744+0200] {logging_mixin.py:188} INFO - [2025-07-08T14:38:42.743+0200] {dagbag.py:540} INFO - Filling up the DagBag from /home/leoja/airflow/airflow_venv/lib/python3.12/site-packages/airflow/example_dags/example_python_operator.py
[2025-07-08T14:38:42.802+0200] {logging_mixin.py:188} INFO - [2025-07-08T14:38:42.802+0200] {example_python_operator.py:93} WARNING - The virtalenv_python example task requires virtualenv, please install it.
[2025-07-08T14:38:42.802+0200] {processor.py:840} INFO - DAG(s) 'example_python_operator' retrieved from /home/leoja/airflow/airflow_venv/lib/python3.12/site-packages/airflow/example_dags/example_python_operator.py
[2025-07-08T14:38:42.840+0200] {logging_mixin.py:188} INFO - [2025-07-08T14:38:42.839+0200] {dag.py:3096} INFO - Sync 1 DAGs
[2025-07-08T14:38:42.861+0200] {logging_mixin.py:188} INFO - [2025-07-08T14:38:42.861+0200] {dag.py:3954} INFO - Setting next_dagrun for example_python_operator to None, run_after=None
[2025-07-08T14:38:42.898+0200] {processor.py:183} INFO - Processing /home/leoja/airflow/airflow_venv/lib/python3.12/site-packages/airflow/example_dags/example_python_operator.py took 0.165 seconds
[2025-07-08T14:39:45.997+0200] {processor.py:161} INFO - Started process (PID=39627) to work on /home/leoja/airflow/airflow_venv/lib/python3.12/site-packages/airflow/example_dags/example_python_operator.py
[2025-07-08T14:39:45.999+0200] {processor.py:830} INFO - Processing file /home/leoja/airflow/airflow_venv/lib/python3.12/site-packages/airflow/example_dags/example_python_operator.py for tasks to queue
[2025-07-08T14:39:46.001+0200] {logging_mixin.py:188} INFO - [2025-07-08T14:39:46.000+0200] {dagbag.py:540} INFO - Filling up the DagBag from /home/leoja/airflow/airflow_venv/lib/python3.12/site-packages/airflow/example_dags/example_python_operator.py
[2025-07-08T14:39:46.044+0200] {logging_mixin.py:188} INFO - [2025-07-08T14:39:46.044+0200] {example_python_operator.py:93} WARNING - The virtalenv_python example task requires virtualenv, please install it.
[2025-07-08T14:39:46.045+0200] {processor.py:840} INFO - DAG(s) 'example_python_operator' retrieved from /home/leoja/airflow/airflow_venv/lib/python3.12/site-packages/airflow/example_dags/example_python_operator.py
[2025-07-08T14:39:46.068+0200] {logging_mixin.py:188} INFO - [2025-07-08T14:39:46.067+0200] {dag.py:3096} INFO - Sync 1 DAGs
[2025-07-08T14:39:46.097+0200] {logging_mixin.py:188} INFO - [2025-07-08T14:39:46.097+0200] {dag.py:3954} INFO - Setting next_dagrun for example_python_operator to None, run_after=None
[2025-07-08T14:39:46.169+0200] {processor.py:183} INFO - Processing /home/leoja/airflow/airflow_venv/lib/python3.12/site-packages/airflow/example_dags/example_python_operator.py took 0.180 seconds
[2025-07-08T14:40:46.277+0200] {processor.py:161} INFO - Started process (PID=39961) to work on /home/leoja/airflow/airflow_venv/lib/python3.12/site-packages/airflow/example_dags/example_python_operator.py
[2025-07-08T14:40:46.280+0200] {processor.py:830} INFO - Processing file /home/leoja/airflow/airflow_venv/lib/python3.12/site-packages/airflow/example_dags/example_python_operator.py for tasks to queue
[2025-07-08T14:40:46.282+0200] {logging_mixin.py:188} INFO - [2025-07-08T14:40:46.281+0200] {dagbag.py:540} INFO - Filling up the DagBag from /home/leoja/airflow/airflow_venv/lib/python3.12/site-packages/airflow/example_dags/example_python_operator.py
[2025-07-08T14:40:46.345+0200] {logging_mixin.py:188} INFO - [2025-07-08T14:40:46.344+0200] {example_python_operator.py:93} WARNING - The virtalenv_python example task requires virtualenv, please install it.
[2025-07-08T14:40:46.345+0200] {processor.py:840} INFO - DAG(s) 'example_python_operator' retrieved from /home/leoja/airflow/airflow_venv/lib/python3.12/site-packages/airflow/example_dags/example_python_operator.py
[2025-07-08T14:40:46.375+0200] {logging_mixin.py:188} INFO - [2025-07-08T14:40:46.375+0200] {dag.py:3096} INFO - Sync 1 DAGs
[2025-07-08T14:40:46.393+0200] {logging_mixin.py:188} INFO - [2025-07-08T14:40:46.393+0200] {dag.py:3954} INFO - Setting next_dagrun for example_python_operator to None, run_after=None
[2025-07-08T14:40:46.421+0200] {processor.py:183} INFO - Processing /home/leoja/airflow/airflow_venv/lib/python3.12/site-packages/airflow/example_dags/example_python_operator.py took 0.160 seconds
[2025-07-08T14:41:45.727+0200] {processor.py:161} INFO - Started process (PID=40269) to work on /home/leoja/airflow/airflow_venv/lib/python3.12/site-packages/airflow/example_dags/example_python_operator.py
[2025-07-08T14:41:45.728+0200] {processor.py:830} INFO - Processing file /home/leoja/airflow/airflow_venv/lib/python3.12/site-packages/airflow/example_dags/example_python_operator.py for tasks to queue
[2025-07-08T14:41:45.729+0200] {logging_mixin.py:188} INFO - [2025-07-08T14:41:45.729+0200] {dagbag.py:540} INFO - Filling up the DagBag from /home/leoja/airflow/airflow_venv/lib/python3.12/site-packages/airflow/example_dags/example_python_operator.py
[2025-07-08T14:41:45.778+0200] {logging_mixin.py:188} INFO - [2025-07-08T14:41:45.778+0200] {example_python_operator.py:93} WARNING - The virtalenv_python example task requires virtualenv, please install it.
[2025-07-08T14:41:45.779+0200] {processor.py:840} INFO - DAG(s) 'example_python_operator' retrieved from /home/leoja/airflow/airflow_venv/lib/python3.12/site-packages/airflow/example_dags/example_python_operator.py
[2025-07-08T14:41:45.801+0200] {logging_mixin.py:188} INFO - [2025-07-08T14:41:45.801+0200] {dag.py:3096} INFO - Sync 1 DAGs
[2025-07-08T14:41:45.813+0200] {logging_mixin.py:188} INFO - [2025-07-08T14:41:45.813+0200] {dag.py:3954} INFO - Setting next_dagrun for example_python_operator to None, run_after=None
[2025-07-08T14:41:45.838+0200] {processor.py:183} INFO - Processing /home/leoja/airflow/airflow_venv/lib/python3.12/site-packages/airflow/example_dags/example_python_operator.py took 0.118 seconds
[2025-07-08T14:42:44.944+0200] {processor.py:161} INFO - Started process (PID=40616) to work on /home/leoja/airflow/airflow_venv/lib/python3.12/site-packages/airflow/example_dags/example_python_operator.py
[2025-07-08T14:42:44.946+0200] {processor.py:830} INFO - Processing file /home/leoja/airflow/airflow_venv/lib/python3.12/site-packages/airflow/example_dags/example_python_operator.py for tasks to queue
[2025-07-08T14:42:44.947+0200] {logging_mixin.py:188} INFO - [2025-07-08T14:42:44.946+0200] {dagbag.py:540} INFO - Filling up the DagBag from /home/leoja/airflow/airflow_venv/lib/python3.12/site-packages/airflow/example_dags/example_python_operator.py
[2025-07-08T14:42:45.597+0200] {logging_mixin.py:188} INFO - [2025-07-08T14:42:45.597+0200] {example_python_operator.py:93} WARNING - The virtalenv_python example task requires virtualenv, please install it.
[2025-07-08T14:42:45.598+0200] {processor.py:840} INFO - DAG(s) 'example_python_operator' retrieved from /home/leoja/airflow/airflow_venv/lib/python3.12/site-packages/airflow/example_dags/example_python_operator.py
[2025-07-08T14:42:45.629+0200] {logging_mixin.py:188} INFO - [2025-07-08T14:42:45.629+0200] {dag.py:3096} INFO - Sync 1 DAGs
[2025-07-08T14:42:45.646+0200] {logging_mixin.py:188} INFO - [2025-07-08T14:42:45.646+0200] {dag.py:3954} INFO - Setting next_dagrun for example_python_operator to None, run_after=None
[2025-07-08T14:42:45.700+0200] {processor.py:183} INFO - Processing /home/leoja/airflow/airflow_venv/lib/python3.12/site-packages/airflow/example_dags/example_python_operator.py took 0.763 seconds
[2025-07-08T14:43:53.930+0200] {processor.py:161} INFO - Started process (PID=40965) to work on /home/leoja/airflow/airflow_venv/lib/python3.12/site-packages/airflow/example_dags/example_python_operator.py
[2025-07-08T14:43:53.933+0200] {processor.py:830} INFO - Processing file /home/leoja/airflow/airflow_venv/lib/python3.12/site-packages/airflow/example_dags/example_python_operator.py for tasks to queue
[2025-07-08T14:43:53.934+0200] {logging_mixin.py:188} INFO - [2025-07-08T14:43:53.934+0200] {dagbag.py:540} INFO - Filling up the DagBag from /home/leoja/airflow/airflow_venv/lib/python3.12/site-packages/airflow/example_dags/example_python_operator.py
[2025-07-08T14:43:54.047+0200] {logging_mixin.py:188} INFO - [2025-07-08T14:43:54.047+0200] {example_python_operator.py:93} WARNING - The virtalenv_python example task requires virtualenv, please install it.
[2025-07-08T14:43:54.048+0200] {processor.py:840} INFO - DAG(s) 'example_python_operator' retrieved from /home/leoja/airflow/airflow_venv/lib/python3.12/site-packages/airflow/example_dags/example_python_operator.py
[2025-07-08T14:43:54.070+0200] {logging_mixin.py:188} INFO - [2025-07-08T14:43:54.069+0200] {dag.py:3096} INFO - Sync 1 DAGs
[2025-07-08T14:43:54.083+0200] {logging_mixin.py:188} INFO - [2025-07-08T14:43:54.082+0200] {dag.py:3954} INFO - Setting next_dagrun for example_python_operator to None, run_after=None
[2025-07-08T14:43:54.108+0200] {processor.py:183} INFO - Processing /home/leoja/airflow/airflow_venv/lib/python3.12/site-packages/airflow/example_dags/example_python_operator.py took 0.189 seconds
[2025-07-08T14:44:55.895+0200] {processor.py:161} INFO - Started process (PID=41340) to work on /home/leoja/airflow/airflow_venv/lib/python3.12/site-packages/airflow/example_dags/example_python_operator.py
[2025-07-08T14:44:55.897+0200] {processor.py:830} INFO - Processing file /home/leoja/airflow/airflow_venv/lib/python3.12/site-packages/airflow/example_dags/example_python_operator.py for tasks to queue
[2025-07-08T14:44:55.898+0200] {logging_mixin.py:188} INFO - [2025-07-08T14:44:55.898+0200] {dagbag.py:540} INFO - Filling up the DagBag from /home/leoja/airflow/airflow_venv/lib/python3.12/site-packages/airflow/example_dags/example_python_operator.py
[2025-07-08T14:44:55.964+0200] {logging_mixin.py:188} INFO - [2025-07-08T14:44:55.964+0200] {example_python_operator.py:93} WARNING - The virtalenv_python example task requires virtualenv, please install it.
[2025-07-08T14:44:55.965+0200] {processor.py:840} INFO - DAG(s) 'example_python_operator' retrieved from /home/leoja/airflow/airflow_venv/lib/python3.12/site-packages/airflow/example_dags/example_python_operator.py
[2025-07-08T14:44:55.986+0200] {logging_mixin.py:188} INFO - [2025-07-08T14:44:55.986+0200] {dag.py:3096} INFO - Sync 1 DAGs
[2025-07-08T14:44:55.999+0200] {logging_mixin.py:188} INFO - [2025-07-08T14:44:55.999+0200] {dag.py:3954} INFO - Setting next_dagrun for example_python_operator to None, run_after=None
[2025-07-08T14:44:56.022+0200] {processor.py:183} INFO - Processing /home/leoja/airflow/airflow_venv/lib/python3.12/site-packages/airflow/example_dags/example_python_operator.py took 0.136 seconds
[2025-07-08T14:45:57.916+0200] {processor.py:161} INFO - Started process (PID=41683) to work on /home/leoja/airflow/airflow_venv/lib/python3.12/site-packages/airflow/example_dags/example_python_operator.py
[2025-07-08T14:45:57.918+0200] {processor.py:830} INFO - Processing file /home/leoja/airflow/airflow_venv/lib/python3.12/site-packages/airflow/example_dags/example_python_operator.py for tasks to queue
[2025-07-08T14:45:57.919+0200] {logging_mixin.py:188} INFO - [2025-07-08T14:45:57.919+0200] {dagbag.py:540} INFO - Filling up the DagBag from /home/leoja/airflow/airflow_venv/lib/python3.12/site-packages/airflow/example_dags/example_python_operator.py
[2025-07-08T14:45:57.992+0200] {logging_mixin.py:188} INFO - [2025-07-08T14:45:57.991+0200] {example_python_operator.py:93} WARNING - The virtalenv_python example task requires virtualenv, please install it.
[2025-07-08T14:45:57.993+0200] {processor.py:840} INFO - DAG(s) 'example_python_operator' retrieved from /home/leoja/airflow/airflow_venv/lib/python3.12/site-packages/airflow/example_dags/example_python_operator.py
[2025-07-08T14:45:58.019+0200] {logging_mixin.py:188} INFO - [2025-07-08T14:45:58.018+0200] {dag.py:3096} INFO - Sync 1 DAGs
[2025-07-08T14:45:58.034+0200] {logging_mixin.py:188} INFO - [2025-07-08T14:45:58.034+0200] {dag.py:3954} INFO - Setting next_dagrun for example_python_operator to None, run_after=None
[2025-07-08T14:45:58.066+0200] {processor.py:183} INFO - Processing /home/leoja/airflow/airflow_venv/lib/python3.12/site-packages/airflow/example_dags/example_python_operator.py took 0.163 seconds
[2025-07-08T14:46:58.316+0200] {processor.py:161} INFO - Started process (PID=41993) to work on /home/leoja/airflow/airflow_venv/lib/python3.12/site-packages/airflow/example_dags/example_python_operator.py
[2025-07-08T14:46:58.319+0200] {processor.py:830} INFO - Processing file /home/leoja/airflow/airflow_venv/lib/python3.12/site-packages/airflow/example_dags/example_python_operator.py for tasks to queue
[2025-07-08T14:46:58.320+0200] {logging_mixin.py:188} INFO - [2025-07-08T14:46:58.320+0200] {dagbag.py:540} INFO - Filling up the DagBag from /home/leoja/airflow/airflow_venv/lib/python3.12/site-packages/airflow/example_dags/example_python_operator.py
[2025-07-08T14:46:58.438+0200] {logging_mixin.py:188} INFO - [2025-07-08T14:46:58.438+0200] {example_python_operator.py:93} WARNING - The virtalenv_python example task requires virtualenv, please install it.
[2025-07-08T14:46:58.439+0200] {processor.py:840} INFO - DAG(s) 'example_python_operator' retrieved from /home/leoja/airflow/airflow_venv/lib/python3.12/site-packages/airflow/example_dags/example_python_operator.py
[2025-07-08T14:46:58.464+0200] {logging_mixin.py:188} INFO - [2025-07-08T14:46:58.463+0200] {dag.py:3096} INFO - Sync 1 DAGs
[2025-07-08T14:46:58.475+0200] {logging_mixin.py:188} INFO - [2025-07-08T14:46:58.474+0200] {dag.py:3954} INFO - Setting next_dagrun for example_python_operator to None, run_after=None
[2025-07-08T14:46:58.499+0200] {processor.py:183} INFO - Processing /home/leoja/airflow/airflow_venv/lib/python3.12/site-packages/airflow/example_dags/example_python_operator.py took 0.193 seconds
[2025-07-08T14:48:01.520+0200] {processor.py:161} INFO - Started process (PID=42325) to work on /home/leoja/airflow/airflow_venv/lib/python3.12/site-packages/airflow/example_dags/example_python_operator.py
[2025-07-08T14:48:01.523+0200] {processor.py:830} INFO - Processing file /home/leoja/airflow/airflow_venv/lib/python3.12/site-packages/airflow/example_dags/example_python_operator.py for tasks to queue
[2025-07-08T14:48:01.524+0200] {logging_mixin.py:188} INFO - [2025-07-08T14:48:01.524+0200] {dagbag.py:540} INFO - Filling up the DagBag from /home/leoja/airflow/airflow_venv/lib/python3.12/site-packages/airflow/example_dags/example_python_operator.py
[2025-07-08T14:48:01.620+0200] {logging_mixin.py:188} INFO - [2025-07-08T14:48:01.619+0200] {example_python_operator.py:93} WARNING - The virtalenv_python example task requires virtualenv, please install it.
[2025-07-08T14:48:01.620+0200] {processor.py:840} INFO - DAG(s) 'example_python_operator' retrieved from /home/leoja/airflow/airflow_venv/lib/python3.12/site-packages/airflow/example_dags/example_python_operator.py
[2025-07-08T14:48:01.637+0200] {logging_mixin.py:188} INFO - [2025-07-08T14:48:01.636+0200] {dag.py:3096} INFO - Sync 1 DAGs
[2025-07-08T14:48:01.647+0200] {logging_mixin.py:188} INFO - [2025-07-08T14:48:01.647+0200] {dag.py:3954} INFO - Setting next_dagrun for example_python_operator to None, run_after=None
[2025-07-08T14:48:01.677+0200] {processor.py:183} INFO - Processing /home/leoja/airflow/airflow_venv/lib/python3.12/site-packages/airflow/example_dags/example_python_operator.py took 0.172 seconds
[2025-07-08T14:49:04.017+0200] {processor.py:161} INFO - Started process (PID=42669) to work on /home/leoja/airflow/airflow_venv/lib/python3.12/site-packages/airflow/example_dags/example_python_operator.py
[2025-07-08T14:49:04.020+0200] {processor.py:830} INFO - Processing file /home/leoja/airflow/airflow_venv/lib/python3.12/site-packages/airflow/example_dags/example_python_operator.py for tasks to queue
[2025-07-08T14:49:04.022+0200] {logging_mixin.py:188} INFO - [2025-07-08T14:49:04.021+0200] {dagbag.py:540} INFO - Filling up the DagBag from /home/leoja/airflow/airflow_venv/lib/python3.12/site-packages/airflow/example_dags/example_python_operator.py
[2025-07-08T14:49:04.117+0200] {logging_mixin.py:188} INFO - [2025-07-08T14:49:04.116+0200] {example_python_operator.py:93} WARNING - The virtalenv_python example task requires virtualenv, please install it.
[2025-07-08T14:49:04.117+0200] {processor.py:840} INFO - DAG(s) 'example_python_operator' retrieved from /home/leoja/airflow/airflow_venv/lib/python3.12/site-packages/airflow/example_dags/example_python_operator.py
[2025-07-08T14:49:04.140+0200] {logging_mixin.py:188} INFO - [2025-07-08T14:49:04.140+0200] {dag.py:3096} INFO - Sync 1 DAGs
[2025-07-08T14:49:04.151+0200] {logging_mixin.py:188} INFO - [2025-07-08T14:49:04.150+0200] {dag.py:3954} INFO - Setting next_dagrun for example_python_operator to None, run_after=None
[2025-07-08T14:49:04.177+0200] {processor.py:183} INFO - Processing /home/leoja/airflow/airflow_venv/lib/python3.12/site-packages/airflow/example_dags/example_python_operator.py took 0.173 seconds
[2025-07-08T14:50:10.615+0200] {processor.py:161} INFO - Started process (PID=43015) to work on /home/leoja/airflow/airflow_venv/lib/python3.12/site-packages/airflow/example_dags/example_python_operator.py
[2025-07-08T14:50:10.617+0200] {processor.py:830} INFO - Processing file /home/leoja/airflow/airflow_venv/lib/python3.12/site-packages/airflow/example_dags/example_python_operator.py for tasks to queue
[2025-07-08T14:50:10.618+0200] {logging_mixin.py:188} INFO - [2025-07-08T14:50:10.618+0200] {dagbag.py:540} INFO - Filling up the DagBag from /home/leoja/airflow/airflow_venv/lib/python3.12/site-packages/airflow/example_dags/example_python_operator.py
[2025-07-08T14:50:10.666+0200] {logging_mixin.py:188} INFO - [2025-07-08T14:50:10.666+0200] {example_python_operator.py:93} WARNING - The virtalenv_python example task requires virtualenv, please install it.
[2025-07-08T14:50:10.667+0200] {processor.py:840} INFO - DAG(s) 'example_python_operator' retrieved from /home/leoja/airflow/airflow_venv/lib/python3.12/site-packages/airflow/example_dags/example_python_operator.py
[2025-07-08T14:50:10.684+0200] {logging_mixin.py:188} INFO - [2025-07-08T14:50:10.684+0200] {dag.py:3096} INFO - Sync 1 DAGs
[2025-07-08T14:50:10.696+0200] {logging_mixin.py:188} INFO - [2025-07-08T14:50:10.696+0200] {dag.py:3954} INFO - Setting next_dagrun for example_python_operator to None, run_after=None
[2025-07-08T14:50:10.719+0200] {processor.py:183} INFO - Processing /home/leoja/airflow/airflow_venv/lib/python3.12/site-packages/airflow/example_dags/example_python_operator.py took 0.110 seconds
[2025-07-08T14:51:10.528+0200] {processor.py:161} INFO - Started process (PID=43323) to work on /home/leoja/airflow/airflow_venv/lib/python3.12/site-packages/airflow/example_dags/example_python_operator.py
[2025-07-08T14:51:10.529+0200] {processor.py:830} INFO - Processing file /home/leoja/airflow/airflow_venv/lib/python3.12/site-packages/airflow/example_dags/example_python_operator.py for tasks to queue
[2025-07-08T14:51:10.530+0200] {logging_mixin.py:188} INFO - [2025-07-08T14:51:10.530+0200] {dagbag.py:540} INFO - Filling up the DagBag from /home/leoja/airflow/airflow_venv/lib/python3.12/site-packages/airflow/example_dags/example_python_operator.py
[2025-07-08T14:51:10.573+0200] {logging_mixin.py:188} INFO - [2025-07-08T14:51:10.572+0200] {example_python_operator.py:93} WARNING - The virtalenv_python example task requires virtualenv, please install it.
[2025-07-08T14:51:10.573+0200] {processor.py:840} INFO - DAG(s) 'example_python_operator' retrieved from /home/leoja/airflow/airflow_venv/lib/python3.12/site-packages/airflow/example_dags/example_python_operator.py
[2025-07-08T14:51:10.590+0200] {logging_mixin.py:188} INFO - [2025-07-08T14:51:10.590+0200] {dag.py:3096} INFO - Sync 1 DAGs
[2025-07-08T14:51:10.602+0200] {logging_mixin.py:188} INFO - [2025-07-08T14:51:10.602+0200] {dag.py:3954} INFO - Setting next_dagrun for example_python_operator to None, run_after=None
[2025-07-08T14:51:10.627+0200] {processor.py:183} INFO - Processing /home/leoja/airflow/airflow_venv/lib/python3.12/site-packages/airflow/example_dags/example_python_operator.py took 0.105 seconds
[2025-07-08T14:52:02.054+0200] {processor.py:161} INFO - Started process (PID=43629) to work on /home/leoja/airflow/airflow_venv/lib/python3.12/site-packages/airflow/example_dags/example_python_operator.py
[2025-07-08T14:52:02.056+0200] {processor.py:830} INFO - Processing file /home/leoja/airflow/airflow_venv/lib/python3.12/site-packages/airflow/example_dags/example_python_operator.py for tasks to queue
[2025-07-08T14:52:02.058+0200] {logging_mixin.py:188} INFO - [2025-07-08T14:52:02.057+0200] {dagbag.py:540} INFO - Filling up the DagBag from /home/leoja/airflow/airflow_venv/lib/python3.12/site-packages/airflow/example_dags/example_python_operator.py
[2025-07-08T14:52:02.119+0200] {logging_mixin.py:188} INFO - [2025-07-08T14:52:02.119+0200] {example_python_operator.py:93} WARNING - The virtalenv_python example task requires virtualenv, please install it.
[2025-07-08T14:52:02.120+0200] {processor.py:840} INFO - DAG(s) 'example_python_operator' retrieved from /home/leoja/airflow/airflow_venv/lib/python3.12/site-packages/airflow/example_dags/example_python_operator.py
[2025-07-08T14:52:02.137+0200] {logging_mixin.py:188} INFO - [2025-07-08T14:52:02.137+0200] {dag.py:3096} INFO - Sync 1 DAGs
[2025-07-08T14:52:02.147+0200] {logging_mixin.py:188} INFO - [2025-07-08T14:52:02.147+0200] {dag.py:3954} INFO - Setting next_dagrun for example_python_operator to None, run_after=None
[2025-07-08T14:52:02.168+0200] {processor.py:183} INFO - Processing /home/leoja/airflow/airflow_venv/lib/python3.12/site-packages/airflow/example_dags/example_python_operator.py took 0.122 seconds
[2025-07-08T16:00:22.229+0200] {processor.py:161} INFO - Started process (PID=44116) to work on /home/leoja/airflow/airflow_venv/lib/python3.12/site-packages/airflow/example_dags/example_python_operator.py
[2025-07-08T16:00:22.231+0200] {processor.py:830} INFO - Processing file /home/leoja/airflow/airflow_venv/lib/python3.12/site-packages/airflow/example_dags/example_python_operator.py for tasks to queue
[2025-07-08T16:00:22.233+0200] {logging_mixin.py:188} INFO - [2025-07-08T16:00:22.232+0200] {dagbag.py:540} INFO - Filling up the DagBag from /home/leoja/airflow/airflow_venv/lib/python3.12/site-packages/airflow/example_dags/example_python_operator.py
[2025-07-08T16:00:22.279+0200] {logging_mixin.py:188} INFO - [2025-07-08T16:00:22.279+0200] {example_python_operator.py:93} WARNING - The virtalenv_python example task requires virtualenv, please install it.
[2025-07-08T16:00:22.280+0200] {processor.py:840} INFO - DAG(s) 'example_python_operator' retrieved from /home/leoja/airflow/airflow_venv/lib/python3.12/site-packages/airflow/example_dags/example_python_operator.py
[2025-07-08T16:00:22.304+0200] {logging_mixin.py:188} INFO - [2025-07-08T16:00:22.304+0200] {dag.py:3096} INFO - Sync 1 DAGs
[2025-07-08T16:00:22.334+0200] {logging_mixin.py:188} INFO - [2025-07-08T16:00:22.333+0200] {dag.py:3954} INFO - Setting next_dagrun for example_python_operator to None, run_after=None
[2025-07-08T16:00:22.388+0200] {processor.py:183} INFO - Processing /home/leoja/airflow/airflow_venv/lib/python3.12/site-packages/airflow/example_dags/example_python_operator.py took 0.168 seconds
[2025-07-08T16:01:17.609+0200] {processor.py:161} INFO - Started process (PID=44427) to work on /home/leoja/airflow/airflow_venv/lib/python3.12/site-packages/airflow/example_dags/example_python_operator.py
[2025-07-08T16:01:17.611+0200] {processor.py:830} INFO - Processing file /home/leoja/airflow/airflow_venv/lib/python3.12/site-packages/airflow/example_dags/example_python_operator.py for tasks to queue
[2025-07-08T16:01:17.612+0200] {logging_mixin.py:188} INFO - [2025-07-08T16:01:17.612+0200] {dagbag.py:540} INFO - Filling up the DagBag from /home/leoja/airflow/airflow_venv/lib/python3.12/site-packages/airflow/example_dags/example_python_operator.py
[2025-07-08T16:01:17.672+0200] {logging_mixin.py:188} INFO - [2025-07-08T16:01:17.671+0200] {example_python_operator.py:93} WARNING - The virtalenv_python example task requires virtualenv, please install it.
[2025-07-08T16:01:17.672+0200] {processor.py:840} INFO - DAG(s) 'example_python_operator' retrieved from /home/leoja/airflow/airflow_venv/lib/python3.12/site-packages/airflow/example_dags/example_python_operator.py
[2025-07-08T16:01:17.690+0200] {logging_mixin.py:188} INFO - [2025-07-08T16:01:17.689+0200] {dag.py:3096} INFO - Sync 1 DAGs
[2025-07-08T16:01:17.699+0200] {logging_mixin.py:188} INFO - [2025-07-08T16:01:17.699+0200] {dag.py:3954} INFO - Setting next_dagrun for example_python_operator to None, run_after=None
[2025-07-08T16:01:17.735+0200] {processor.py:183} INFO - Processing /home/leoja/airflow/airflow_venv/lib/python3.12/site-packages/airflow/example_dags/example_python_operator.py took 0.131 seconds
[2025-07-08T16:02:19.238+0200] {processor.py:161} INFO - Started process (PID=44730) to work on /home/leoja/airflow/airflow_venv/lib/python3.12/site-packages/airflow/example_dags/example_python_operator.py
[2025-07-08T16:02:19.241+0200] {processor.py:830} INFO - Processing file /home/leoja/airflow/airflow_venv/lib/python3.12/site-packages/airflow/example_dags/example_python_operator.py for tasks to queue
[2025-07-08T16:02:19.242+0200] {logging_mixin.py:188} INFO - [2025-07-08T16:02:19.242+0200] {dagbag.py:540} INFO - Filling up the DagBag from /home/leoja/airflow/airflow_venv/lib/python3.12/site-packages/airflow/example_dags/example_python_operator.py
[2025-07-08T16:02:19.283+0200] {logging_mixin.py:188} INFO - [2025-07-08T16:02:19.282+0200] {example_python_operator.py:93} WARNING - The virtalenv_python example task requires virtualenv, please install it.
[2025-07-08T16:02:19.283+0200] {processor.py:840} INFO - DAG(s) 'example_python_operator' retrieved from /home/leoja/airflow/airflow_venv/lib/python3.12/site-packages/airflow/example_dags/example_python_operator.py
[2025-07-08T16:02:19.302+0200] {logging_mixin.py:188} INFO - [2025-07-08T16:02:19.302+0200] {dag.py:3096} INFO - Sync 1 DAGs
[2025-07-08T16:02:19.315+0200] {logging_mixin.py:188} INFO - [2025-07-08T16:02:19.314+0200] {dag.py:3954} INFO - Setting next_dagrun for example_python_operator to None, run_after=None
[2025-07-08T16:02:19.345+0200] {processor.py:183} INFO - Processing /home/leoja/airflow/airflow_venv/lib/python3.12/site-packages/airflow/example_dags/example_python_operator.py took 0.114 seconds
[2025-07-08T16:03:11.751+0200] {processor.py:161} INFO - Started process (PID=45035) to work on /home/leoja/airflow/airflow_venv/lib/python3.12/site-packages/airflow/example_dags/example_python_operator.py
[2025-07-08T16:03:11.754+0200] {processor.py:830} INFO - Processing file /home/leoja/airflow/airflow_venv/lib/python3.12/site-packages/airflow/example_dags/example_python_operator.py for tasks to queue
[2025-07-08T16:03:11.755+0200] {logging_mixin.py:188} INFO - [2025-07-08T16:03:11.755+0200] {dagbag.py:540} INFO - Filling up the DagBag from /home/leoja/airflow/airflow_venv/lib/python3.12/site-packages/airflow/example_dags/example_python_operator.py
[2025-07-08T16:03:11.784+0200] {logging_mixin.py:188} INFO - [2025-07-08T16:03:11.784+0200] {example_python_operator.py:93} WARNING - The virtalenv_python example task requires virtualenv, please install it.
[2025-07-08T16:03:11.785+0200] {processor.py:840} INFO - DAG(s) 'example_python_operator' retrieved from /home/leoja/airflow/airflow_venv/lib/python3.12/site-packages/airflow/example_dags/example_python_operator.py
[2025-07-08T16:03:11.801+0200] {logging_mixin.py:188} INFO - [2025-07-08T16:03:11.801+0200] {dag.py:3096} INFO - Sync 1 DAGs
[2025-07-08T16:03:11.813+0200] {logging_mixin.py:188} INFO - [2025-07-08T16:03:11.812+0200] {dag.py:3954} INFO - Setting next_dagrun for example_python_operator to None, run_after=None
[2025-07-08T16:03:11.858+0200] {processor.py:183} INFO - Processing /home/leoja/airflow/airflow_venv/lib/python3.12/site-packages/airflow/example_dags/example_python_operator.py took 0.111 seconds
[2025-07-08T16:04:07.732+0200] {processor.py:161} INFO - Started process (PID=45341) to work on /home/leoja/airflow/airflow_venv/lib/python3.12/site-packages/airflow/example_dags/example_python_operator.py
[2025-07-08T16:04:07.737+0200] {processor.py:830} INFO - Processing file /home/leoja/airflow/airflow_venv/lib/python3.12/site-packages/airflow/example_dags/example_python_operator.py for tasks to queue
[2025-07-08T16:04:07.738+0200] {logging_mixin.py:188} INFO - [2025-07-08T16:04:07.737+0200] {dagbag.py:540} INFO - Filling up the DagBag from /home/leoja/airflow/airflow_venv/lib/python3.12/site-packages/airflow/example_dags/example_python_operator.py
[2025-07-08T16:04:07.766+0200] {logging_mixin.py:188} INFO - [2025-07-08T16:04:07.766+0200] {example_python_operator.py:93} WARNING - The virtalenv_python example task requires virtualenv, please install it.
[2025-07-08T16:04:07.767+0200] {processor.py:840} INFO - DAG(s) 'example_python_operator' retrieved from /home/leoja/airflow/airflow_venv/lib/python3.12/site-packages/airflow/example_dags/example_python_operator.py
[2025-07-08T16:04:07.781+0200] {logging_mixin.py:188} INFO - [2025-07-08T16:04:07.781+0200] {dag.py:3096} INFO - Sync 1 DAGs
[2025-07-08T16:04:07.791+0200] {logging_mixin.py:188} INFO - [2025-07-08T16:04:07.791+0200] {dag.py:3954} INFO - Setting next_dagrun for example_python_operator to None, run_after=None
[2025-07-08T16:04:07.816+0200] {processor.py:183} INFO - Processing /home/leoja/airflow/airflow_venv/lib/python3.12/site-packages/airflow/example_dags/example_python_operator.py took 0.089 seconds
[2025-07-08T16:04:57.714+0200] {processor.py:161} INFO - Started process (PID=45591) to work on /home/leoja/airflow/airflow_venv/lib/python3.12/site-packages/airflow/example_dags/example_python_operator.py
[2025-07-08T16:04:57.716+0200] {processor.py:830} INFO - Processing file /home/leoja/airflow/airflow_venv/lib/python3.12/site-packages/airflow/example_dags/example_python_operator.py for tasks to queue
[2025-07-08T16:04:57.717+0200] {logging_mixin.py:188} INFO - [2025-07-08T16:04:57.716+0200] {dagbag.py:540} INFO - Filling up the DagBag from /home/leoja/airflow/airflow_venv/lib/python3.12/site-packages/airflow/example_dags/example_python_operator.py
[2025-07-08T16:04:57.757+0200] {logging_mixin.py:188} INFO - [2025-07-08T16:04:57.756+0200] {example_python_operator.py:93} WARNING - The virtalenv_python example task requires virtualenv, please install it.
[2025-07-08T16:04:57.757+0200] {processor.py:840} INFO - DAG(s) 'example_python_operator' retrieved from /home/leoja/airflow/airflow_venv/lib/python3.12/site-packages/airflow/example_dags/example_python_operator.py
[2025-07-08T16:04:57.776+0200] {logging_mixin.py:188} INFO - [2025-07-08T16:04:57.776+0200] {dag.py:3096} INFO - Sync 1 DAGs
[2025-07-08T16:04:57.787+0200] {logging_mixin.py:188} INFO - [2025-07-08T16:04:57.787+0200] {dag.py:3954} INFO - Setting next_dagrun for example_python_operator to None, run_after=None
[2025-07-08T16:04:57.813+0200] {processor.py:183} INFO - Processing /home/leoja/airflow/airflow_venv/lib/python3.12/site-packages/airflow/example_dags/example_python_operator.py took 0.109 seconds
[2025-07-08T16:05:54.063+0200] {processor.py:161} INFO - Started process (PID=45899) to work on /home/leoja/airflow/airflow_venv/lib/python3.12/site-packages/airflow/example_dags/example_python_operator.py
[2025-07-08T16:05:54.065+0200] {processor.py:830} INFO - Processing file /home/leoja/airflow/airflow_venv/lib/python3.12/site-packages/airflow/example_dags/example_python_operator.py for tasks to queue
[2025-07-08T16:05:54.065+0200] {logging_mixin.py:188} INFO - [2025-07-08T16:05:54.065+0200] {dagbag.py:540} INFO - Filling up the DagBag from /home/leoja/airflow/airflow_venv/lib/python3.12/site-packages/airflow/example_dags/example_python_operator.py
[2025-07-08T16:05:54.094+0200] {logging_mixin.py:188} INFO - [2025-07-08T16:05:54.093+0200] {example_python_operator.py:93} WARNING - The virtalenv_python example task requires virtualenv, please install it.
[2025-07-08T16:05:54.094+0200] {processor.py:840} INFO - DAG(s) 'example_python_operator' retrieved from /home/leoja/airflow/airflow_venv/lib/python3.12/site-packages/airflow/example_dags/example_python_operator.py
[2025-07-08T16:05:54.108+0200] {logging_mixin.py:188} INFO - [2025-07-08T16:05:54.108+0200] {dag.py:3096} INFO - Sync 1 DAGs
[2025-07-08T16:05:54.118+0200] {logging_mixin.py:188} INFO - [2025-07-08T16:05:54.118+0200] {dag.py:3954} INFO - Setting next_dagrun for example_python_operator to None, run_after=None
[2025-07-08T16:05:54.140+0200] {processor.py:183} INFO - Processing /home/leoja/airflow/airflow_venv/lib/python3.12/site-packages/airflow/example_dags/example_python_operator.py took 0.084 seconds
