[2025-07-08T14:29:26.316+0200] {processor.py:161} INFO - Started process (PID=35608) to work on /home/leoja/airflow/airflow_venv/lib/python3.12/site-packages/airflow/example_dags/example_latest_only_with_trigger.py
[2025-07-08T14:29:26.318+0200] {processor.py:830} INFO - Processing file /home/leoja/airflow/airflow_venv/lib/python3.12/site-packages/airflow/example_dags/example_latest_only_with_trigger.py for tasks to queue
[2025-07-08T14:29:26.319+0200] {logging_mixin.py:188} INFO - [2025-07-08T14:29:26.318+0200] {dagbag.py:540} INFO - Filling up the DagBag from /home/leoja/airflow/airflow_venv/lib/python3.12/site-packages/airflow/example_dags/example_latest_only_with_trigger.py
[2025-07-08T14:29:26.326+0200] {processor.py:840} INFO - DAG(s) 'latest_only_with_trigger' retrieved from /home/leoja/airflow/airflow_venv/lib/python3.12/site-packages/airflow/example_dags/example_latest_only_with_trigger.py
[2025-07-08T14:29:26.344+0200] {logging_mixin.py:188} INFO - [2025-07-08T14:29:26.344+0200] {dag.py:3096} INFO - Sync 1 DAGs
[2025-07-08T14:29:26.375+0200] {logging_mixin.py:188} INFO - [2025-07-08T14:29:26.375+0200] {dag.py:3954} INFO - Setting next_dagrun for latest_only_with_trigger to 2025-07-08 08:00:00+00:00, run_after=2025-07-08 12:00:00+00:00
[2025-07-08T14:29:26.412+0200] {processor.py:183} INFO - Processing /home/leoja/airflow/airflow_venv/lib/python3.12/site-packages/airflow/example_dags/example_latest_only_with_trigger.py took 0.103 seconds
[2025-07-08T14:30:19.039+0200] {processor.py:161} INFO - Started process (PID=35977) to work on /home/leoja/airflow/airflow_venv/lib/python3.12/site-packages/airflow/example_dags/example_latest_only_with_trigger.py
[2025-07-08T14:30:19.045+0200] {processor.py:830} INFO - Processing file /home/leoja/airflow/airflow_venv/lib/python3.12/site-packages/airflow/example_dags/example_latest_only_with_trigger.py for tasks to queue
[2025-07-08T14:30:19.046+0200] {logging_mixin.py:188} INFO - [2025-07-08T14:30:19.045+0200] {dagbag.py:540} INFO - Filling up the DagBag from /home/leoja/airflow/airflow_venv/lib/python3.12/site-packages/airflow/example_dags/example_latest_only_with_trigger.py
[2025-07-08T14:30:19.054+0200] {processor.py:840} INFO - DAG(s) 'latest_only_with_trigger' retrieved from /home/leoja/airflow/airflow_venv/lib/python3.12/site-packages/airflow/example_dags/example_latest_only_with_trigger.py
[2025-07-08T14:30:19.099+0200] {logging_mixin.py:188} INFO - [2025-07-08T14:30:19.098+0200] {dag.py:3096} INFO - Sync 1 DAGs
[2025-07-08T14:30:19.126+0200] {logging_mixin.py:188} INFO - [2025-07-08T14:30:19.126+0200] {dag.py:3954} INFO - Setting next_dagrun for latest_only_with_trigger to 2025-07-08 08:00:00+00:00, run_after=2025-07-08 12:00:00+00:00
[2025-07-08T14:30:19.159+0200] {processor.py:183} INFO - Processing /home/leoja/airflow/airflow_venv/lib/python3.12/site-packages/airflow/example_dags/example_latest_only_with_trigger.py took 0.129 seconds
[2025-07-08T14:31:09.568+0200] {processor.py:161} INFO - Started process (PID=36254) to work on /home/leoja/airflow/airflow_venv/lib/python3.12/site-packages/airflow/example_dags/example_latest_only_with_trigger.py
[2025-07-08T14:31:09.570+0200] {processor.py:830} INFO - Processing file /home/leoja/airflow/airflow_venv/lib/python3.12/site-packages/airflow/example_dags/example_latest_only_with_trigger.py for tasks to queue
[2025-07-08T14:31:09.571+0200] {logging_mixin.py:188} INFO - [2025-07-08T14:31:09.570+0200] {dagbag.py:540} INFO - Filling up the DagBag from /home/leoja/airflow/airflow_venv/lib/python3.12/site-packages/airflow/example_dags/example_latest_only_with_trigger.py
[2025-07-08T14:31:09.576+0200] {processor.py:840} INFO - DAG(s) 'latest_only_with_trigger' retrieved from /home/leoja/airflow/airflow_venv/lib/python3.12/site-packages/airflow/example_dags/example_latest_only_with_trigger.py
[2025-07-08T14:31:09.594+0200] {logging_mixin.py:188} INFO - [2025-07-08T14:31:09.593+0200] {dag.py:3096} INFO - Sync 1 DAGs
[2025-07-08T14:31:09.611+0200] {logging_mixin.py:188} INFO - [2025-07-08T14:31:09.611+0200] {dag.py:3954} INFO - Setting next_dagrun for latest_only_with_trigger to 2025-07-08 08:00:00+00:00, run_after=2025-07-08 12:00:00+00:00
[2025-07-08T14:31:09.634+0200] {processor.py:183} INFO - Processing /home/leoja/airflow/airflow_venv/lib/python3.12/site-packages/airflow/example_dags/example_latest_only_with_trigger.py took 0.074 seconds
[2025-07-08T14:32:08.906+0200] {processor.py:161} INFO - Started process (PID=36566) to work on /home/leoja/airflow/airflow_venv/lib/python3.12/site-packages/airflow/example_dags/example_latest_only_with_trigger.py
[2025-07-08T14:32:08.909+0200] {processor.py:830} INFO - Processing file /home/leoja/airflow/airflow_venv/lib/python3.12/site-packages/airflow/example_dags/example_latest_only_with_trigger.py for tasks to queue
[2025-07-08T14:32:08.910+0200] {logging_mixin.py:188} INFO - [2025-07-08T14:32:08.910+0200] {dagbag.py:540} INFO - Filling up the DagBag from /home/leoja/airflow/airflow_venv/lib/python3.12/site-packages/airflow/example_dags/example_latest_only_with_trigger.py
[2025-07-08T14:32:08.919+0200] {processor.py:840} INFO - DAG(s) 'latest_only_with_trigger' retrieved from /home/leoja/airflow/airflow_venv/lib/python3.12/site-packages/airflow/example_dags/example_latest_only_with_trigger.py
[2025-07-08T14:32:08.953+0200] {logging_mixin.py:188} INFO - [2025-07-08T14:32:08.953+0200] {dag.py:3096} INFO - Sync 1 DAGs
[2025-07-08T14:32:08.989+0200] {logging_mixin.py:188} INFO - [2025-07-08T14:32:08.989+0200] {dag.py:3954} INFO - Setting next_dagrun for latest_only_with_trigger to 2025-07-08 08:00:00+00:00, run_after=2025-07-08 12:00:00+00:00
[2025-07-08T14:32:09.022+0200] {processor.py:183} INFO - Processing /home/leoja/airflow/airflow_venv/lib/python3.12/site-packages/airflow/example_dags/example_latest_only_with_trigger.py took 0.125 seconds
[2025-07-08T14:33:08.983+0200] {processor.py:161} INFO - Started process (PID=36936) to work on /home/leoja/airflow/airflow_venv/lib/python3.12/site-packages/airflow/example_dags/example_latest_only_with_trigger.py
[2025-07-08T14:33:08.984+0200] {processor.py:830} INFO - Processing file /home/leoja/airflow/airflow_venv/lib/python3.12/site-packages/airflow/example_dags/example_latest_only_with_trigger.py for tasks to queue
[2025-07-08T14:33:08.985+0200] {logging_mixin.py:188} INFO - [2025-07-08T14:33:08.985+0200] {dagbag.py:540} INFO - Filling up the DagBag from /home/leoja/airflow/airflow_venv/lib/python3.12/site-packages/airflow/example_dags/example_latest_only_with_trigger.py
[2025-07-08T14:33:08.991+0200] {processor.py:840} INFO - DAG(s) 'latest_only_with_trigger' retrieved from /home/leoja/airflow/airflow_venv/lib/python3.12/site-packages/airflow/example_dags/example_latest_only_with_trigger.py
[2025-07-08T14:33:09.007+0200] {logging_mixin.py:188} INFO - [2025-07-08T14:33:09.007+0200] {dag.py:3096} INFO - Sync 1 DAGs
[2025-07-08T14:33:09.029+0200] {logging_mixin.py:188} INFO - [2025-07-08T14:33:09.029+0200] {dag.py:3954} INFO - Setting next_dagrun for latest_only_with_trigger to 2025-07-08 08:00:00+00:00, run_after=2025-07-08 12:00:00+00:00
[2025-07-08T14:33:09.053+0200] {processor.py:183} INFO - Processing /home/leoja/airflow/airflow_venv/lib/python3.12/site-packages/airflow/example_dags/example_latest_only_with_trigger.py took 0.078 seconds
[2025-07-08T14:34:07.568+0200] {processor.py:161} INFO - Started process (PID=37244) to work on /home/leoja/airflow/airflow_venv/lib/python3.12/site-packages/airflow/example_dags/example_latest_only_with_trigger.py
[2025-07-08T14:34:07.569+0200] {processor.py:830} INFO - Processing file /home/leoja/airflow/airflow_venv/lib/python3.12/site-packages/airflow/example_dags/example_latest_only_with_trigger.py for tasks to queue
[2025-07-08T14:34:07.570+0200] {logging_mixin.py:188} INFO - [2025-07-08T14:34:07.570+0200] {dagbag.py:540} INFO - Filling up the DagBag from /home/leoja/airflow/airflow_venv/lib/python3.12/site-packages/airflow/example_dags/example_latest_only_with_trigger.py
[2025-07-08T14:34:07.577+0200] {processor.py:840} INFO - DAG(s) 'latest_only_with_trigger' retrieved from /home/leoja/airflow/airflow_venv/lib/python3.12/site-packages/airflow/example_dags/example_latest_only_with_trigger.py
[2025-07-08T14:34:07.601+0200] {logging_mixin.py:188} INFO - [2025-07-08T14:34:07.600+0200] {dag.py:3096} INFO - Sync 1 DAGs
[2025-07-08T14:34:07.634+0200] {logging_mixin.py:188} INFO - [2025-07-08T14:34:07.634+0200] {dag.py:3954} INFO - Setting next_dagrun for latest_only_with_trigger to 2025-07-08 08:00:00+00:00, run_after=2025-07-08 12:00:00+00:00
[2025-07-08T14:34:07.677+0200] {processor.py:183} INFO - Processing /home/leoja/airflow/airflow_venv/lib/python3.12/site-packages/airflow/example_dags/example_latest_only_with_trigger.py took 0.114 seconds
[2025-07-08T14:35:05.241+0200] {processor.py:161} INFO - Started process (PID=37553) to work on /home/leoja/airflow/airflow_venv/lib/python3.12/site-packages/airflow/example_dags/example_latest_only_with_trigger.py
[2025-07-08T14:35:05.244+0200] {processor.py:830} INFO - Processing file /home/leoja/airflow/airflow_venv/lib/python3.12/site-packages/airflow/example_dags/example_latest_only_with_trigger.py for tasks to queue
[2025-07-08T14:35:05.246+0200] {logging_mixin.py:188} INFO - [2025-07-08T14:35:05.245+0200] {dagbag.py:540} INFO - Filling up the DagBag from /home/leoja/airflow/airflow_venv/lib/python3.12/site-packages/airflow/example_dags/example_latest_only_with_trigger.py
[2025-07-08T14:35:05.258+0200] {processor.py:840} INFO - DAG(s) 'latest_only_with_trigger' retrieved from /home/leoja/airflow/airflow_venv/lib/python3.12/site-packages/airflow/example_dags/example_latest_only_with_trigger.py
[2025-07-08T14:35:05.287+0200] {logging_mixin.py:188} INFO - [2025-07-08T14:35:05.287+0200] {dag.py:3096} INFO - Sync 1 DAGs
[2025-07-08T14:35:05.318+0200] {logging_mixin.py:188} INFO - [2025-07-08T14:35:05.317+0200] {dag.py:3954} INFO - Setting next_dagrun for latest_only_with_trigger to 2025-07-08 08:00:00+00:00, run_after=2025-07-08 12:00:00+00:00
[2025-07-08T14:35:05.352+0200] {processor.py:183} INFO - Processing /home/leoja/airflow/airflow_venv/lib/python3.12/site-packages/airflow/example_dags/example_latest_only_with_trigger.py took 0.123 seconds
[2025-07-08T14:36:04.304+0200] {processor.py:161} INFO - Started process (PID=37882) to work on /home/leoja/airflow/airflow_venv/lib/python3.12/site-packages/airflow/example_dags/example_latest_only_with_trigger.py
[2025-07-08T14:36:04.306+0200] {processor.py:830} INFO - Processing file /home/leoja/airflow/airflow_venv/lib/python3.12/site-packages/airflow/example_dags/example_latest_only_with_trigger.py for tasks to queue
[2025-07-08T14:36:04.307+0200] {logging_mixin.py:188} INFO - [2025-07-08T14:36:04.307+0200] {dagbag.py:540} INFO - Filling up the DagBag from /home/leoja/airflow/airflow_venv/lib/python3.12/site-packages/airflow/example_dags/example_latest_only_with_trigger.py
[2025-07-08T14:36:04.319+0200] {processor.py:840} INFO - DAG(s) 'latest_only_with_trigger' retrieved from /home/leoja/airflow/airflow_venv/lib/python3.12/site-packages/airflow/example_dags/example_latest_only_with_trigger.py
[2025-07-08T14:36:04.338+0200] {logging_mixin.py:188} INFO - [2025-07-08T14:36:04.338+0200] {dag.py:3096} INFO - Sync 1 DAGs
[2025-07-08T14:36:04.358+0200] {logging_mixin.py:188} INFO - [2025-07-08T14:36:04.358+0200] {dag.py:3954} INFO - Setting next_dagrun for latest_only_with_trigger to 2025-07-08 08:00:00+00:00, run_after=2025-07-08 12:00:00+00:00
[2025-07-08T14:36:04.386+0200] {processor.py:183} INFO - Processing /home/leoja/airflow/airflow_venv/lib/python3.12/site-packages/airflow/example_dags/example_latest_only_with_trigger.py took 0.098 seconds
[2025-07-08T14:36:59.458+0200] {processor.py:161} INFO - Started process (PID=38214) to work on /home/leoja/airflow/airflow_venv/lib/python3.12/site-packages/airflow/example_dags/example_latest_only_with_trigger.py
[2025-07-08T14:36:59.460+0200] {processor.py:830} INFO - Processing file /home/leoja/airflow/airflow_venv/lib/python3.12/site-packages/airflow/example_dags/example_latest_only_with_trigger.py for tasks to queue
[2025-07-08T14:36:59.461+0200] {logging_mixin.py:188} INFO - [2025-07-08T14:36:59.461+0200] {dagbag.py:540} INFO - Filling up the DagBag from /home/leoja/airflow/airflow_venv/lib/python3.12/site-packages/airflow/example_dags/example_latest_only_with_trigger.py
[2025-07-08T14:36:59.470+0200] {processor.py:840} INFO - DAG(s) 'latest_only_with_trigger' retrieved from /home/leoja/airflow/airflow_venv/lib/python3.12/site-packages/airflow/example_dags/example_latest_only_with_trigger.py
[2025-07-08T14:36:59.493+0200] {logging_mixin.py:188} INFO - [2025-07-08T14:36:59.493+0200] {dag.py:3096} INFO - Sync 1 DAGs
[2025-07-08T14:36:59.517+0200] {logging_mixin.py:188} INFO - [2025-07-08T14:36:59.516+0200] {dag.py:3954} INFO - Setting next_dagrun for latest_only_with_trigger to 2025-07-08 08:00:00+00:00, run_after=2025-07-08 12:00:00+00:00
[2025-07-08T14:36:59.552+0200] {processor.py:183} INFO - Processing /home/leoja/airflow/airflow_venv/lib/python3.12/site-packages/airflow/example_dags/example_latest_only_with_trigger.py took 0.106 seconds
[2025-07-08T14:38:23.102+0200] {processor.py:161} INFO - Started process (PID=39146) to work on /home/leoja/airflow/airflow_venv/lib/python3.12/site-packages/airflow/example_dags/example_latest_only_with_trigger.py
[2025-07-08T14:38:23.104+0200] {processor.py:830} INFO - Processing file /home/leoja/airflow/airflow_venv/lib/python3.12/site-packages/airflow/example_dags/example_latest_only_with_trigger.py for tasks to queue
[2025-07-08T14:38:23.107+0200] {logging_mixin.py:188} INFO - [2025-07-08T14:38:23.106+0200] {dagbag.py:540} INFO - Filling up the DagBag from /home/leoja/airflow/airflow_venv/lib/python3.12/site-packages/airflow/example_dags/example_latest_only_with_trigger.py
[2025-07-08T14:38:23.120+0200] {processor.py:840} INFO - DAG(s) 'latest_only_with_trigger' retrieved from /home/leoja/airflow/airflow_venv/lib/python3.12/site-packages/airflow/example_dags/example_latest_only_with_trigger.py
[2025-07-08T14:38:23.144+0200] {logging_mixin.py:188} INFO - [2025-07-08T14:38:23.144+0200] {dag.py:3096} INFO - Sync 1 DAGs
[2025-07-08T14:38:23.169+0200] {logging_mixin.py:188} INFO - [2025-07-08T14:38:23.169+0200] {dag.py:3954} INFO - Setting next_dagrun for latest_only_with_trigger to 2025-07-08 08:00:00+00:00, run_after=2025-07-08 12:00:00+00:00
[2025-07-08T14:38:23.198+0200] {processor.py:183} INFO - Processing /home/leoja/airflow/airflow_venv/lib/python3.12/site-packages/airflow/example_dags/example_latest_only_with_trigger.py took 0.110 seconds
[2025-07-08T14:39:14.507+0200] {processor.py:161} INFO - Started process (PID=39462) to work on /home/leoja/airflow/airflow_venv/lib/python3.12/site-packages/airflow/example_dags/example_latest_only_with_trigger.py
[2025-07-08T14:39:14.509+0200] {processor.py:830} INFO - Processing file /home/leoja/airflow/airflow_venv/lib/python3.12/site-packages/airflow/example_dags/example_latest_only_with_trigger.py for tasks to queue
[2025-07-08T14:39:14.510+0200] {logging_mixin.py:188} INFO - [2025-07-08T14:39:14.509+0200] {dagbag.py:540} INFO - Filling up the DagBag from /home/leoja/airflow/airflow_venv/lib/python3.12/site-packages/airflow/example_dags/example_latest_only_with_trigger.py
[2025-07-08T14:39:14.515+0200] {processor.py:840} INFO - DAG(s) 'latest_only_with_trigger' retrieved from /home/leoja/airflow/airflow_venv/lib/python3.12/site-packages/airflow/example_dags/example_latest_only_with_trigger.py
[2025-07-08T14:39:14.537+0200] {logging_mixin.py:188} INFO - [2025-07-08T14:39:14.537+0200] {dag.py:3096} INFO - Sync 1 DAGs
[2025-07-08T14:39:14.559+0200] {logging_mixin.py:188} INFO - [2025-07-08T14:39:14.559+0200] {dag.py:3954} INFO - Setting next_dagrun for latest_only_with_trigger to 2025-07-08 08:00:00+00:00, run_after=2025-07-08 12:00:00+00:00
[2025-07-08T14:39:14.587+0200] {processor.py:183} INFO - Processing /home/leoja/airflow/airflow_venv/lib/python3.12/site-packages/airflow/example_dags/example_latest_only_with_trigger.py took 0.087 seconds
[2025-07-08T14:40:12.576+0200] {processor.py:161} INFO - Started process (PID=39791) to work on /home/leoja/airflow/airflow_venv/lib/python3.12/site-packages/airflow/example_dags/example_latest_only_with_trigger.py
[2025-07-08T14:40:12.578+0200] {processor.py:830} INFO - Processing file /home/leoja/airflow/airflow_venv/lib/python3.12/site-packages/airflow/example_dags/example_latest_only_with_trigger.py for tasks to queue
[2025-07-08T14:40:12.580+0200] {logging_mixin.py:188} INFO - [2025-07-08T14:40:12.579+0200] {dagbag.py:540} INFO - Filling up the DagBag from /home/leoja/airflow/airflow_venv/lib/python3.12/site-packages/airflow/example_dags/example_latest_only_with_trigger.py
[2025-07-08T14:40:12.587+0200] {processor.py:840} INFO - DAG(s) 'latest_only_with_trigger' retrieved from /home/leoja/airflow/airflow_venv/lib/python3.12/site-packages/airflow/example_dags/example_latest_only_with_trigger.py
[2025-07-08T14:40:12.606+0200] {logging_mixin.py:188} INFO - [2025-07-08T14:40:12.605+0200] {dag.py:3096} INFO - Sync 1 DAGs
[2025-07-08T14:40:12.626+0200] {logging_mixin.py:188} INFO - [2025-07-08T14:40:12.626+0200] {dag.py:3954} INFO - Setting next_dagrun for latest_only_with_trigger to 2025-07-08 08:00:00+00:00, run_after=2025-07-08 12:00:00+00:00
[2025-07-08T14:40:12.650+0200] {processor.py:183} INFO - Processing /home/leoja/airflow/airflow_venv/lib/python3.12/site-packages/airflow/example_dags/example_latest_only_with_trigger.py took 0.081 seconds
[2025-07-08T14:41:18.142+0200] {processor.py:161} INFO - Started process (PID=40143) to work on /home/leoja/airflow/airflow_venv/lib/python3.12/site-packages/airflow/example_dags/example_latest_only_with_trigger.py
[2025-07-08T14:41:18.143+0200] {processor.py:830} INFO - Processing file /home/leoja/airflow/airflow_venv/lib/python3.12/site-packages/airflow/example_dags/example_latest_only_with_trigger.py for tasks to queue
[2025-07-08T14:41:18.144+0200] {logging_mixin.py:188} INFO - [2025-07-08T14:41:18.144+0200] {dagbag.py:540} INFO - Filling up the DagBag from /home/leoja/airflow/airflow_venv/lib/python3.12/site-packages/airflow/example_dags/example_latest_only_with_trigger.py
[2025-07-08T14:41:18.152+0200] {processor.py:840} INFO - DAG(s) 'latest_only_with_trigger' retrieved from /home/leoja/airflow/airflow_venv/lib/python3.12/site-packages/airflow/example_dags/example_latest_only_with_trigger.py
[2025-07-08T14:41:18.172+0200] {logging_mixin.py:188} INFO - [2025-07-08T14:41:18.172+0200] {dag.py:3096} INFO - Sync 1 DAGs
[2025-07-08T14:41:18.191+0200] {logging_mixin.py:188} INFO - [2025-07-08T14:41:18.190+0200] {dag.py:3954} INFO - Setting next_dagrun for latest_only_with_trigger to 2025-07-08 08:00:00+00:00, run_after=2025-07-08 12:00:00+00:00
[2025-07-08T14:41:18.217+0200] {processor.py:183} INFO - Processing /home/leoja/airflow/airflow_venv/lib/python3.12/site-packages/airflow/example_dags/example_latest_only_with_trigger.py took 0.086 seconds
[2025-07-08T14:42:18.926+0200] {processor.py:161} INFO - Started process (PID=40476) to work on /home/leoja/airflow/airflow_venv/lib/python3.12/site-packages/airflow/example_dags/example_latest_only_with_trigger.py
[2025-07-08T14:42:18.927+0200] {processor.py:830} INFO - Processing file /home/leoja/airflow/airflow_venv/lib/python3.12/site-packages/airflow/example_dags/example_latest_only_with_trigger.py for tasks to queue
[2025-07-08T14:42:18.929+0200] {logging_mixin.py:188} INFO - [2025-07-08T14:42:18.928+0200] {dagbag.py:540} INFO - Filling up the DagBag from /home/leoja/airflow/airflow_venv/lib/python3.12/site-packages/airflow/example_dags/example_latest_only_with_trigger.py
[2025-07-08T14:42:18.937+0200] {processor.py:840} INFO - DAG(s) 'latest_only_with_trigger' retrieved from /home/leoja/airflow/airflow_venv/lib/python3.12/site-packages/airflow/example_dags/example_latest_only_with_trigger.py
[2025-07-08T14:42:18.963+0200] {logging_mixin.py:188} INFO - [2025-07-08T14:42:18.963+0200] {dag.py:3096} INFO - Sync 1 DAGs
[2025-07-08T14:42:18.988+0200] {logging_mixin.py:188} INFO - [2025-07-08T14:42:18.988+0200] {dag.py:3954} INFO - Setting next_dagrun for latest_only_with_trigger to 2025-07-08 08:00:00+00:00, run_after=2025-07-08 12:00:00+00:00
[2025-07-08T14:42:19.031+0200] {processor.py:183} INFO - Processing /home/leoja/airflow/airflow_venv/lib/python3.12/site-packages/airflow/example_dags/example_latest_only_with_trigger.py took 0.114 seconds
[2025-07-08T14:43:23.767+0200] {processor.py:161} INFO - Started process (PID=40823) to work on /home/leoja/airflow/airflow_venv/lib/python3.12/site-packages/airflow/example_dags/example_latest_only_with_trigger.py
[2025-07-08T14:43:23.769+0200] {processor.py:830} INFO - Processing file /home/leoja/airflow/airflow_venv/lib/python3.12/site-packages/airflow/example_dags/example_latest_only_with_trigger.py for tasks to queue
[2025-07-08T14:43:23.769+0200] {logging_mixin.py:188} INFO - [2025-07-08T14:43:23.769+0200] {dagbag.py:540} INFO - Filling up the DagBag from /home/leoja/airflow/airflow_venv/lib/python3.12/site-packages/airflow/example_dags/example_latest_only_with_trigger.py
[2025-07-08T14:43:23.775+0200] {processor.py:840} INFO - DAG(s) 'latest_only_with_trigger' retrieved from /home/leoja/airflow/airflow_venv/lib/python3.12/site-packages/airflow/example_dags/example_latest_only_with_trigger.py
[2025-07-08T14:43:23.794+0200] {logging_mixin.py:188} INFO - [2025-07-08T14:43:23.793+0200] {dag.py:3096} INFO - Sync 1 DAGs
[2025-07-08T14:43:23.811+0200] {logging_mixin.py:188} INFO - [2025-07-08T14:43:23.810+0200] {dag.py:3954} INFO - Setting next_dagrun for latest_only_with_trigger to 2025-07-08 08:00:00+00:00, run_after=2025-07-08 12:00:00+00:00
[2025-07-08T14:43:23.834+0200] {processor.py:183} INFO - Processing /home/leoja/airflow/airflow_venv/lib/python3.12/site-packages/airflow/example_dags/example_latest_only_with_trigger.py took 0.074 seconds
[2025-07-08T14:44:25.129+0200] {processor.py:161} INFO - Started process (PID=41195) to work on /home/leoja/airflow/airflow_venv/lib/python3.12/site-packages/airflow/example_dags/example_latest_only_with_trigger.py
[2025-07-08T14:44:25.134+0200] {processor.py:830} INFO - Processing file /home/leoja/airflow/airflow_venv/lib/python3.12/site-packages/airflow/example_dags/example_latest_only_with_trigger.py for tasks to queue
[2025-07-08T14:44:25.136+0200] {logging_mixin.py:188} INFO - [2025-07-08T14:44:25.135+0200] {dagbag.py:540} INFO - Filling up the DagBag from /home/leoja/airflow/airflow_venv/lib/python3.12/site-packages/airflow/example_dags/example_latest_only_with_trigger.py
[2025-07-08T14:44:25.148+0200] {processor.py:840} INFO - DAG(s) 'latest_only_with_trigger' retrieved from /home/leoja/airflow/airflow_venv/lib/python3.12/site-packages/airflow/example_dags/example_latest_only_with_trigger.py
[2025-07-08T14:44:25.167+0200] {logging_mixin.py:188} INFO - [2025-07-08T14:44:25.166+0200] {dag.py:3096} INFO - Sync 1 DAGs
[2025-07-08T14:44:25.189+0200] {logging_mixin.py:188} INFO - [2025-07-08T14:44:25.189+0200] {dag.py:3954} INFO - Setting next_dagrun for latest_only_with_trigger to 2025-07-08 08:00:00+00:00, run_after=2025-07-08 12:00:00+00:00
[2025-07-08T14:44:25.221+0200] {processor.py:183} INFO - Processing /home/leoja/airflow/airflow_venv/lib/python3.12/site-packages/airflow/example_dags/example_latest_only_with_trigger.py took 0.104 seconds
[2025-07-08T14:45:29.943+0200] {processor.py:161} INFO - Started process (PID=41515) to work on /home/leoja/airflow/airflow_venv/lib/python3.12/site-packages/airflow/example_dags/example_latest_only_with_trigger.py
[2025-07-08T14:45:29.944+0200] {processor.py:830} INFO - Processing file /home/leoja/airflow/airflow_venv/lib/python3.12/site-packages/airflow/example_dags/example_latest_only_with_trigger.py for tasks to queue
[2025-07-08T14:45:29.945+0200] {logging_mixin.py:188} INFO - [2025-07-08T14:45:29.945+0200] {dagbag.py:540} INFO - Filling up the DagBag from /home/leoja/airflow/airflow_venv/lib/python3.12/site-packages/airflow/example_dags/example_latest_only_with_trigger.py
[2025-07-08T14:45:29.952+0200] {processor.py:840} INFO - DAG(s) 'latest_only_with_trigger' retrieved from /home/leoja/airflow/airflow_venv/lib/python3.12/site-packages/airflow/example_dags/example_latest_only_with_trigger.py
[2025-07-08T14:45:29.973+0200] {logging_mixin.py:188} INFO - [2025-07-08T14:45:29.973+0200] {dag.py:3096} INFO - Sync 1 DAGs
[2025-07-08T14:45:29.993+0200] {logging_mixin.py:188} INFO - [2025-07-08T14:45:29.993+0200] {dag.py:3954} INFO - Setting next_dagrun for latest_only_with_trigger to 2025-07-08 08:00:00+00:00, run_after=2025-07-08 12:00:00+00:00
[2025-07-08T14:45:30.018+0200] {processor.py:183} INFO - Processing /home/leoja/airflow/airflow_venv/lib/python3.12/site-packages/airflow/example_dags/example_latest_only_with_trigger.py took 0.085 seconds
[2025-07-08T14:46:29.571+0200] {processor.py:161} INFO - Started process (PID=41850) to work on /home/leoja/airflow/airflow_venv/lib/python3.12/site-packages/airflow/example_dags/example_latest_only_with_trigger.py
[2025-07-08T14:46:29.574+0200] {processor.py:830} INFO - Processing file /home/leoja/airflow/airflow_venv/lib/python3.12/site-packages/airflow/example_dags/example_latest_only_with_trigger.py for tasks to queue
[2025-07-08T14:46:29.575+0200] {logging_mixin.py:188} INFO - [2025-07-08T14:46:29.574+0200] {dagbag.py:540} INFO - Filling up the DagBag from /home/leoja/airflow/airflow_venv/lib/python3.12/site-packages/airflow/example_dags/example_latest_only_with_trigger.py
[2025-07-08T14:46:29.582+0200] {processor.py:840} INFO - DAG(s) 'latest_only_with_trigger' retrieved from /home/leoja/airflow/airflow_venv/lib/python3.12/site-packages/airflow/example_dags/example_latest_only_with_trigger.py
[2025-07-08T14:46:29.602+0200] {logging_mixin.py:188} INFO - [2025-07-08T14:46:29.601+0200] {dag.py:3096} INFO - Sync 1 DAGs
[2025-07-08T14:46:29.622+0200] {logging_mixin.py:188} INFO - [2025-07-08T14:46:29.622+0200] {dag.py:3954} INFO - Setting next_dagrun for latest_only_with_trigger to 2025-07-08 08:00:00+00:00, run_after=2025-07-08 12:00:00+00:00
[2025-07-08T14:46:29.648+0200] {processor.py:183} INFO - Processing /home/leoja/airflow/airflow_venv/lib/python3.12/site-packages/airflow/example_dags/example_latest_only_with_trigger.py took 0.090 seconds
[2025-07-08T14:47:29.711+0200] {processor.py:161} INFO - Started process (PID=42158) to work on /home/leoja/airflow/airflow_venv/lib/python3.12/site-packages/airflow/example_dags/example_latest_only_with_trigger.py
[2025-07-08T14:47:29.712+0200] {processor.py:830} INFO - Processing file /home/leoja/airflow/airflow_venv/lib/python3.12/site-packages/airflow/example_dags/example_latest_only_with_trigger.py for tasks to queue
[2025-07-08T14:47:29.714+0200] {logging_mixin.py:188} INFO - [2025-07-08T14:47:29.713+0200] {dagbag.py:540} INFO - Filling up the DagBag from /home/leoja/airflow/airflow_venv/lib/python3.12/site-packages/airflow/example_dags/example_latest_only_with_trigger.py
[2025-07-08T14:47:29.721+0200] {processor.py:840} INFO - DAG(s) 'latest_only_with_trigger' retrieved from /home/leoja/airflow/airflow_venv/lib/python3.12/site-packages/airflow/example_dags/example_latest_only_with_trigger.py
[2025-07-08T14:47:29.738+0200] {logging_mixin.py:188} INFO - [2025-07-08T14:47:29.738+0200] {dag.py:3096} INFO - Sync 1 DAGs
[2025-07-08T14:47:29.755+0200] {logging_mixin.py:188} INFO - [2025-07-08T14:47:29.754+0200] {dag.py:3954} INFO - Setting next_dagrun for latest_only_with_trigger to 2025-07-08 08:00:00+00:00, run_after=2025-07-08 12:00:00+00:00
[2025-07-08T14:47:29.778+0200] {processor.py:183} INFO - Processing /home/leoja/airflow/airflow_venv/lib/python3.12/site-packages/airflow/example_dags/example_latest_only_with_trigger.py took 0.080 seconds
[2025-07-08T14:48:30.172+0200] {processor.py:161} INFO - Started process (PID=42501) to work on /home/leoja/airflow/airflow_venv/lib/python3.12/site-packages/airflow/example_dags/example_latest_only_with_trigger.py
[2025-07-08T14:48:30.175+0200] {processor.py:830} INFO - Processing file /home/leoja/airflow/airflow_venv/lib/python3.12/site-packages/airflow/example_dags/example_latest_only_with_trigger.py for tasks to queue
[2025-07-08T14:48:30.176+0200] {logging_mixin.py:188} INFO - [2025-07-08T14:48:30.175+0200] {dagbag.py:540} INFO - Filling up the DagBag from /home/leoja/airflow/airflow_venv/lib/python3.12/site-packages/airflow/example_dags/example_latest_only_with_trigger.py
[2025-07-08T14:48:30.186+0200] {processor.py:840} INFO - DAG(s) 'latest_only_with_trigger' retrieved from /home/leoja/airflow/airflow_venv/lib/python3.12/site-packages/airflow/example_dags/example_latest_only_with_trigger.py
[2025-07-08T14:48:30.210+0200] {logging_mixin.py:188} INFO - [2025-07-08T14:48:30.209+0200] {dag.py:3096} INFO - Sync 1 DAGs
[2025-07-08T14:48:30.233+0200] {logging_mixin.py:188} INFO - [2025-07-08T14:48:30.232+0200] {dag.py:3954} INFO - Setting next_dagrun for latest_only_with_trigger to 2025-07-08 08:00:00+00:00, run_after=2025-07-08 12:00:00+00:00
[2025-07-08T14:48:30.266+0200] {processor.py:183} INFO - Processing /home/leoja/airflow/airflow_venv/lib/python3.12/site-packages/airflow/example_dags/example_latest_only_with_trigger.py took 0.100 seconds
[2025-07-08T14:49:37.575+0200] {processor.py:161} INFO - Started process (PID=42844) to work on /home/leoja/airflow/airflow_venv/lib/python3.12/site-packages/airflow/example_dags/example_latest_only_with_trigger.py
[2025-07-08T14:49:37.577+0200] {processor.py:830} INFO - Processing file /home/leoja/airflow/airflow_venv/lib/python3.12/site-packages/airflow/example_dags/example_latest_only_with_trigger.py for tasks to queue
[2025-07-08T14:49:37.578+0200] {logging_mixin.py:188} INFO - [2025-07-08T14:49:37.577+0200] {dagbag.py:540} INFO - Filling up the DagBag from /home/leoja/airflow/airflow_venv/lib/python3.12/site-packages/airflow/example_dags/example_latest_only_with_trigger.py
[2025-07-08T14:49:37.584+0200] {processor.py:840} INFO - DAG(s) 'latest_only_with_trigger' retrieved from /home/leoja/airflow/airflow_venv/lib/python3.12/site-packages/airflow/example_dags/example_latest_only_with_trigger.py
[2025-07-08T14:49:37.600+0200] {logging_mixin.py:188} INFO - [2025-07-08T14:49:37.600+0200] {dag.py:3096} INFO - Sync 1 DAGs
[2025-07-08T14:49:37.622+0200] {logging_mixin.py:188} INFO - [2025-07-08T14:49:37.622+0200] {dag.py:3954} INFO - Setting next_dagrun for latest_only_with_trigger to 2025-07-08 08:00:00+00:00, run_after=2025-07-08 12:00:00+00:00
[2025-07-08T14:49:37.645+0200] {processor.py:183} INFO - Processing /home/leoja/airflow/airflow_venv/lib/python3.12/site-packages/airflow/example_dags/example_latest_only_with_trigger.py took 0.079 seconds
[2025-07-08T14:50:41.680+0200] {processor.py:161} INFO - Started process (PID=43187) to work on /home/leoja/airflow/airflow_venv/lib/python3.12/site-packages/airflow/example_dags/example_latest_only_with_trigger.py
[2025-07-08T14:50:41.683+0200] {processor.py:830} INFO - Processing file /home/leoja/airflow/airflow_venv/lib/python3.12/site-packages/airflow/example_dags/example_latest_only_with_trigger.py for tasks to queue
[2025-07-08T14:50:41.684+0200] {logging_mixin.py:188} INFO - [2025-07-08T14:50:41.684+0200] {dagbag.py:540} INFO - Filling up the DagBag from /home/leoja/airflow/airflow_venv/lib/python3.12/site-packages/airflow/example_dags/example_latest_only_with_trigger.py
[2025-07-08T14:50:41.694+0200] {processor.py:840} INFO - DAG(s) 'latest_only_with_trigger' retrieved from /home/leoja/airflow/airflow_venv/lib/python3.12/site-packages/airflow/example_dags/example_latest_only_with_trigger.py
[2025-07-08T14:50:41.718+0200] {logging_mixin.py:188} INFO - [2025-07-08T14:50:41.718+0200] {dag.py:3096} INFO - Sync 1 DAGs
[2025-07-08T14:50:41.740+0200] {logging_mixin.py:188} INFO - [2025-07-08T14:50:41.739+0200] {dag.py:3954} INFO - Setting next_dagrun for latest_only_with_trigger to 2025-07-08 08:00:00+00:00, run_after=2025-07-08 12:00:00+00:00
[2025-07-08T14:50:41.775+0200] {processor.py:183} INFO - Processing /home/leoja/airflow/airflow_venv/lib/python3.12/site-packages/airflow/example_dags/example_latest_only_with_trigger.py took 0.105 seconds
[2025-07-08T14:51:38.751+0200] {processor.py:161} INFO - Started process (PID=43496) to work on /home/leoja/airflow/airflow_venv/lib/python3.12/site-packages/airflow/example_dags/example_latest_only_with_trigger.py
[2025-07-08T14:51:38.753+0200] {processor.py:830} INFO - Processing file /home/leoja/airflow/airflow_venv/lib/python3.12/site-packages/airflow/example_dags/example_latest_only_with_trigger.py for tasks to queue
[2025-07-08T14:51:38.755+0200] {logging_mixin.py:188} INFO - [2025-07-08T14:51:38.754+0200] {dagbag.py:540} INFO - Filling up the DagBag from /home/leoja/airflow/airflow_venv/lib/python3.12/site-packages/airflow/example_dags/example_latest_only_with_trigger.py
[2025-07-08T14:51:38.764+0200] {processor.py:840} INFO - DAG(s) 'latest_only_with_trigger' retrieved from /home/leoja/airflow/airflow_venv/lib/python3.12/site-packages/airflow/example_dags/example_latest_only_with_trigger.py
[2025-07-08T14:51:38.784+0200] {logging_mixin.py:188} INFO - [2025-07-08T14:51:38.784+0200] {dag.py:3096} INFO - Sync 1 DAGs
[2025-07-08T14:51:38.800+0200] {logging_mixin.py:188} INFO - [2025-07-08T14:51:38.800+0200] {dag.py:3954} INFO - Setting next_dagrun for latest_only_with_trigger to 2025-07-08 08:00:00+00:00, run_after=2025-07-08 12:00:00+00:00
[2025-07-08T14:51:38.824+0200] {processor.py:183} INFO - Processing /home/leoja/airflow/airflow_venv/lib/python3.12/site-packages/airflow/example_dags/example_latest_only_with_trigger.py took 0.087 seconds
[2025-07-08T14:52:29.524+0200] {processor.py:161} INFO - Started process (PID=43804) to work on /home/leoja/airflow/airflow_venv/lib/python3.12/site-packages/airflow/example_dags/example_latest_only_with_trigger.py
[2025-07-08T14:52:29.526+0200] {processor.py:830} INFO - Processing file /home/leoja/airflow/airflow_venv/lib/python3.12/site-packages/airflow/example_dags/example_latest_only_with_trigger.py for tasks to queue
[2025-07-08T14:52:29.526+0200] {logging_mixin.py:188} INFO - [2025-07-08T14:52:29.526+0200] {dagbag.py:540} INFO - Filling up the DagBag from /home/leoja/airflow/airflow_venv/lib/python3.12/site-packages/airflow/example_dags/example_latest_only_with_trigger.py
[2025-07-08T14:52:29.530+0200] {processor.py:840} INFO - DAG(s) 'latest_only_with_trigger' retrieved from /home/leoja/airflow/airflow_venv/lib/python3.12/site-packages/airflow/example_dags/example_latest_only_with_trigger.py
[2025-07-08T14:52:29.542+0200] {logging_mixin.py:188} INFO - [2025-07-08T14:52:29.542+0200] {dag.py:3096} INFO - Sync 1 DAGs
[2025-07-08T14:52:29.554+0200] {logging_mixin.py:188} INFO - [2025-07-08T14:52:29.554+0200] {dag.py:3954} INFO - Setting next_dagrun for latest_only_with_trigger to 2025-07-08 08:00:00+00:00, run_after=2025-07-08 12:00:00+00:00
[2025-07-08T14:52:29.573+0200] {processor.py:183} INFO - Processing /home/leoja/airflow/airflow_venv/lib/python3.12/site-packages/airflow/example_dags/example_latest_only_with_trigger.py took 0.054 seconds
[2025-07-08T16:00:14.493+0200] {processor.py:161} INFO - Started process (PID=44055) to work on /home/leoja/airflow/airflow_venv/lib/python3.12/site-packages/airflow/example_dags/example_latest_only_with_trigger.py
[2025-07-08T16:00:14.495+0200] {processor.py:830} INFO - Processing file /home/leoja/airflow/airflow_venv/lib/python3.12/site-packages/airflow/example_dags/example_latest_only_with_trigger.py for tasks to queue
[2025-07-08T16:00:14.500+0200] {logging_mixin.py:188} INFO - [2025-07-08T16:00:14.497+0200] {dagbag.py:540} INFO - Filling up the DagBag from /home/leoja/airflow/airflow_venv/lib/python3.12/site-packages/airflow/example_dags/example_latest_only_with_trigger.py
[2025-07-08T16:00:14.519+0200] {processor.py:840} INFO - DAG(s) 'latest_only_with_trigger' retrieved from /home/leoja/airflow/airflow_venv/lib/python3.12/site-packages/airflow/example_dags/example_latest_only_with_trigger.py
[2025-07-08T16:00:14.572+0200] {logging_mixin.py:188} INFO - [2025-07-08T16:00:14.571+0200] {dag.py:3096} INFO - Sync 1 DAGs
[2025-07-08T16:00:14.646+0200] {logging_mixin.py:188} INFO - [2025-07-08T16:00:14.645+0200] {dag.py:3954} INFO - Setting next_dagrun for latest_only_with_trigger to 2025-07-08 08:00:00+00:00, run_after=2025-07-08 12:00:00+00:00
[2025-07-08T16:00:14.728+0200] {processor.py:183} INFO - Processing /home/leoja/airflow/airflow_venv/lib/python3.12/site-packages/airflow/example_dags/example_latest_only_with_trigger.py took 0.258 seconds
[2025-07-08T16:01:11.436+0200] {processor.py:161} INFO - Started process (PID=44388) to work on /home/leoja/airflow/airflow_venv/lib/python3.12/site-packages/airflow/example_dags/example_latest_only_with_trigger.py
[2025-07-08T16:01:11.437+0200] {processor.py:830} INFO - Processing file /home/leoja/airflow/airflow_venv/lib/python3.12/site-packages/airflow/example_dags/example_latest_only_with_trigger.py for tasks to queue
[2025-07-08T16:01:11.438+0200] {logging_mixin.py:188} INFO - [2025-07-08T16:01:11.437+0200] {dagbag.py:540} INFO - Filling up the DagBag from /home/leoja/airflow/airflow_venv/lib/python3.12/site-packages/airflow/example_dags/example_latest_only_with_trigger.py
[2025-07-08T16:01:11.443+0200] {processor.py:840} INFO - DAG(s) 'latest_only_with_trigger' retrieved from /home/leoja/airflow/airflow_venv/lib/python3.12/site-packages/airflow/example_dags/example_latest_only_with_trigger.py
[2025-07-08T16:01:11.462+0200] {logging_mixin.py:188} INFO - [2025-07-08T16:01:11.462+0200] {dag.py:3096} INFO - Sync 1 DAGs
[2025-07-08T16:01:11.478+0200] {logging_mixin.py:188} INFO - [2025-07-08T16:01:11.478+0200] {dag.py:3954} INFO - Setting next_dagrun for latest_only_with_trigger to 2025-07-08 08:00:00+00:00, run_after=2025-07-08 12:00:00+00:00
[2025-07-08T16:01:11.535+0200] {processor.py:183} INFO - Processing /home/leoja/airflow/airflow_venv/lib/python3.12/site-packages/airflow/example_dags/example_latest_only_with_trigger.py took 0.104 seconds
[2025-07-08T16:02:09.174+0200] {processor.py:161} INFO - Started process (PID=44699) to work on /home/leoja/airflow/airflow_venv/lib/python3.12/site-packages/airflow/example_dags/example_latest_only_with_trigger.py
[2025-07-08T16:02:09.176+0200] {processor.py:830} INFO - Processing file /home/leoja/airflow/airflow_venv/lib/python3.12/site-packages/airflow/example_dags/example_latest_only_with_trigger.py for tasks to queue
[2025-07-08T16:02:09.177+0200] {logging_mixin.py:188} INFO - [2025-07-08T16:02:09.176+0200] {dagbag.py:540} INFO - Filling up the DagBag from /home/leoja/airflow/airflow_venv/lib/python3.12/site-packages/airflow/example_dags/example_latest_only_with_trigger.py
[2025-07-08T16:02:09.182+0200] {processor.py:840} INFO - DAG(s) 'latest_only_with_trigger' retrieved from /home/leoja/airflow/airflow_venv/lib/python3.12/site-packages/airflow/example_dags/example_latest_only_with_trigger.py
[2025-07-08T16:02:09.198+0200] {logging_mixin.py:188} INFO - [2025-07-08T16:02:09.198+0200] {dag.py:3096} INFO - Sync 1 DAGs
[2025-07-08T16:02:09.219+0200] {logging_mixin.py:188} INFO - [2025-07-08T16:02:09.218+0200] {dag.py:3954} INFO - Setting next_dagrun for latest_only_with_trigger to 2025-07-08 08:00:00+00:00, run_after=2025-07-08 12:00:00+00:00
[2025-07-08T16:02:09.244+0200] {processor.py:183} INFO - Processing /home/leoja/airflow/airflow_venv/lib/python3.12/site-packages/airflow/example_dags/example_latest_only_with_trigger.py took 0.076 seconds
[2025-07-08T16:03:04.365+0200] {processor.py:161} INFO - Started process (PID=45003) to work on /home/leoja/airflow/airflow_venv/lib/python3.12/site-packages/airflow/example_dags/example_latest_only_with_trigger.py
[2025-07-08T16:03:04.367+0200] {processor.py:830} INFO - Processing file /home/leoja/airflow/airflow_venv/lib/python3.12/site-packages/airflow/example_dags/example_latest_only_with_trigger.py for tasks to queue
[2025-07-08T16:03:04.368+0200] {logging_mixin.py:188} INFO - [2025-07-08T16:03:04.367+0200] {dagbag.py:540} INFO - Filling up the DagBag from /home/leoja/airflow/airflow_venv/lib/python3.12/site-packages/airflow/example_dags/example_latest_only_with_trigger.py
[2025-07-08T16:03:04.373+0200] {processor.py:840} INFO - DAG(s) 'latest_only_with_trigger' retrieved from /home/leoja/airflow/airflow_venv/lib/python3.12/site-packages/airflow/example_dags/example_latest_only_with_trigger.py
[2025-07-08T16:03:04.394+0200] {logging_mixin.py:188} INFO - [2025-07-08T16:03:04.394+0200] {dag.py:3096} INFO - Sync 1 DAGs
[2025-07-08T16:03:04.414+0200] {logging_mixin.py:188} INFO - [2025-07-08T16:03:04.414+0200] {dag.py:3954} INFO - Setting next_dagrun for latest_only_with_trigger to 2025-07-08 08:00:00+00:00, run_after=2025-07-08 12:00:00+00:00
[2025-07-08T16:03:04.455+0200] {processor.py:183} INFO - Processing /home/leoja/airflow/airflow_venv/lib/python3.12/site-packages/airflow/example_dags/example_latest_only_with_trigger.py took 0.099 seconds
[2025-07-08T16:04:00.324+0200] {processor.py:161} INFO - Started process (PID=45280) to work on /home/leoja/airflow/airflow_venv/lib/python3.12/site-packages/airflow/example_dags/example_latest_only_with_trigger.py
[2025-07-08T16:04:00.327+0200] {processor.py:830} INFO - Processing file /home/leoja/airflow/airflow_venv/lib/python3.12/site-packages/airflow/example_dags/example_latest_only_with_trigger.py for tasks to queue
[2025-07-08T16:04:00.328+0200] {logging_mixin.py:188} INFO - [2025-07-08T16:04:00.328+0200] {dagbag.py:540} INFO - Filling up the DagBag from /home/leoja/airflow/airflow_venv/lib/python3.12/site-packages/airflow/example_dags/example_latest_only_with_trigger.py
[2025-07-08T16:04:00.334+0200] {processor.py:840} INFO - DAG(s) 'latest_only_with_trigger' retrieved from /home/leoja/airflow/airflow_venv/lib/python3.12/site-packages/airflow/example_dags/example_latest_only_with_trigger.py
[2025-07-08T16:04:00.346+0200] {logging_mixin.py:188} INFO - [2025-07-08T16:04:00.346+0200] {dag.py:3096} INFO - Sync 1 DAGs
[2025-07-08T16:04:00.361+0200] {logging_mixin.py:188} INFO - [2025-07-08T16:04:00.361+0200] {dag.py:3954} INFO - Setting next_dagrun for latest_only_with_trigger to 2025-07-08 08:00:00+00:00, run_after=2025-07-08 12:00:00+00:00
[2025-07-08T16:04:00.382+0200] {processor.py:183} INFO - Processing /home/leoja/airflow/airflow_venv/lib/python3.12/site-packages/airflow/example_dags/example_latest_only_with_trigger.py took 0.063 seconds
[2025-07-08T16:04:50.296+0200] {processor.py:161} INFO - Started process (PID=45583) to work on /home/leoja/airflow/airflow_venv/lib/python3.12/site-packages/airflow/example_dags/example_latest_only_with_trigger.py
[2025-07-08T16:04:50.298+0200] {processor.py:830} INFO - Processing file /home/leoja/airflow/airflow_venv/lib/python3.12/site-packages/airflow/example_dags/example_latest_only_with_trigger.py for tasks to queue
[2025-07-08T16:04:50.299+0200] {logging_mixin.py:188} INFO - [2025-07-08T16:04:50.299+0200] {dagbag.py:540} INFO - Filling up the DagBag from /home/leoja/airflow/airflow_venv/lib/python3.12/site-packages/airflow/example_dags/example_latest_only_with_trigger.py
[2025-07-08T16:04:50.303+0200] {processor.py:840} INFO - DAG(s) 'latest_only_with_trigger' retrieved from /home/leoja/airflow/airflow_venv/lib/python3.12/site-packages/airflow/example_dags/example_latest_only_with_trigger.py
[2025-07-08T16:04:50.316+0200] {logging_mixin.py:188} INFO - [2025-07-08T16:04:50.316+0200] {dag.py:3096} INFO - Sync 1 DAGs
[2025-07-08T16:04:50.330+0200] {logging_mixin.py:188} INFO - [2025-07-08T16:04:50.329+0200] {dag.py:3954} INFO - Setting next_dagrun for latest_only_with_trigger to 2025-07-08 08:00:00+00:00, run_after=2025-07-08 12:00:00+00:00
[2025-07-08T16:04:50.348+0200] {processor.py:183} INFO - Processing /home/leoja/airflow/airflow_venv/lib/python3.12/site-packages/airflow/example_dags/example_latest_only_with_trigger.py took 0.057 seconds
[2025-07-08T16:05:48.797+0200] {processor.py:161} INFO - Started process (PID=45861) to work on /home/leoja/airflow/airflow_venv/lib/python3.12/site-packages/airflow/example_dags/example_latest_only_with_trigger.py
[2025-07-08T16:05:48.799+0200] {processor.py:830} INFO - Processing file /home/leoja/airflow/airflow_venv/lib/python3.12/site-packages/airflow/example_dags/example_latest_only_with_trigger.py for tasks to queue
[2025-07-08T16:05:48.800+0200] {logging_mixin.py:188} INFO - [2025-07-08T16:05:48.799+0200] {dagbag.py:540} INFO - Filling up the DagBag from /home/leoja/airflow/airflow_venv/lib/python3.12/site-packages/airflow/example_dags/example_latest_only_with_trigger.py
[2025-07-08T16:05:48.805+0200] {processor.py:840} INFO - DAG(s) 'latest_only_with_trigger' retrieved from /home/leoja/airflow/airflow_venv/lib/python3.12/site-packages/airflow/example_dags/example_latest_only_with_trigger.py
[2025-07-08T16:05:48.819+0200] {logging_mixin.py:188} INFO - [2025-07-08T16:05:48.818+0200] {dag.py:3096} INFO - Sync 1 DAGs
[2025-07-08T16:05:48.833+0200] {logging_mixin.py:188} INFO - [2025-07-08T16:05:48.833+0200] {dag.py:3954} INFO - Setting next_dagrun for latest_only_with_trigger to 2025-07-08 08:00:00+00:00, run_after=2025-07-08 12:00:00+00:00
[2025-07-08T16:05:48.857+0200] {processor.py:183} INFO - Processing /home/leoja/airflow/airflow_venv/lib/python3.12/site-packages/airflow/example_dags/example_latest_only_with_trigger.py took 0.067 seconds
