[2025-07-08T14:29:01.308+0200] {processor.py:161} INFO - Started process (PID=35347) to work on /home/leoja/airflow/airflow_venv/lib/python3.12/site-packages/airflow/example_dags/example_branch_operator.py
[2025-07-08T14:29:01.310+0200] {processor.py:830} INFO - Processing file /home/leoja/airflow/airflow_venv/lib/python3.12/site-packages/airflow/example_dags/example_branch_operator.py for tasks to queue
[2025-07-08T14:29:01.311+0200] {logging_mixin.py:188} INFO - [2025-07-08T14:29:01.310+0200] {dagbag.py:540} INFO - Filling up the DagBag from /home/leoja/airflow/airflow_venv/lib/python3.12/site-packages/airflow/example_dags/example_branch_operator.py
[2025-07-08T14:29:01.397+0200] {processor.py:842} WARNING - No viable dags retrieved from /home/leoja/airflow/airflow_venv/lib/python3.12/site-packages/airflow/example_dags/example_branch_operator.py
[2025-07-08T14:29:01.416+0200] {processor.py:183} INFO - Processing /home/leoja/airflow/airflow_venv/lib/python3.12/site-packages/airflow/example_dags/example_branch_operator.py took 0.116 seconds
[2025-07-08T14:30:24.234+0200] {processor.py:161} INFO - Started process (PID=36004) to work on /home/leoja/airflow/airflow_venv/lib/python3.12/site-packages/airflow/example_dags/example_branch_operator.py
[2025-07-08T14:30:24.235+0200] {processor.py:830} INFO - Processing file /home/leoja/airflow/airflow_venv/lib/python3.12/site-packages/airflow/example_dags/example_branch_operator.py for tasks to queue
[2025-07-08T14:30:24.236+0200] {logging_mixin.py:188} INFO - [2025-07-08T14:30:24.236+0200] {dagbag.py:540} INFO - Filling up the DagBag from /home/leoja/airflow/airflow_venv/lib/python3.12/site-packages/airflow/example_dags/example_branch_operator.py
[2025-07-08T14:30:24.291+0200] {processor.py:842} WARNING - No viable dags retrieved from /home/leoja/airflow/airflow_venv/lib/python3.12/site-packages/airflow/example_dags/example_branch_operator.py
[2025-07-08T14:30:24.308+0200] {processor.py:183} INFO - Processing /home/leoja/airflow/airflow_venv/lib/python3.12/site-packages/airflow/example_dags/example_branch_operator.py took 0.084 seconds
[2025-07-08T14:31:17.616+0200] {processor.py:161} INFO - Started process (PID=36312) to work on /home/leoja/airflow/airflow_venv/lib/python3.12/site-packages/airflow/example_dags/example_branch_operator.py
[2025-07-08T14:31:17.617+0200] {processor.py:830} INFO - Processing file /home/leoja/airflow/airflow_venv/lib/python3.12/site-packages/airflow/example_dags/example_branch_operator.py for tasks to queue
[2025-07-08T14:31:17.618+0200] {logging_mixin.py:188} INFO - [2025-07-08T14:31:17.618+0200] {dagbag.py:540} INFO - Filling up the DagBag from /home/leoja/airflow/airflow_venv/lib/python3.12/site-packages/airflow/example_dags/example_branch_operator.py
[2025-07-08T14:31:17.662+0200] {processor.py:842} WARNING - No viable dags retrieved from /home/leoja/airflow/airflow_venv/lib/python3.12/site-packages/airflow/example_dags/example_branch_operator.py
[2025-07-08T14:31:17.672+0200] {processor.py:183} INFO - Processing /home/leoja/airflow/airflow_venv/lib/python3.12/site-packages/airflow/example_dags/example_branch_operator.py took 0.064 seconds
[2025-07-08T14:32:15.591+0200] {processor.py:161} INFO - Started process (PID=36665) to work on /home/leoja/airflow/airflow_venv/lib/python3.12/site-packages/airflow/example_dags/example_branch_operator.py
[2025-07-08T14:32:15.594+0200] {processor.py:830} INFO - Processing file /home/leoja/airflow/airflow_venv/lib/python3.12/site-packages/airflow/example_dags/example_branch_operator.py for tasks to queue
[2025-07-08T14:32:15.595+0200] {logging_mixin.py:188} INFO - [2025-07-08T14:32:15.594+0200] {dagbag.py:540} INFO - Filling up the DagBag from /home/leoja/airflow/airflow_venv/lib/python3.12/site-packages/airflow/example_dags/example_branch_operator.py
[2025-07-08T14:32:15.636+0200] {processor.py:842} WARNING - No viable dags retrieved from /home/leoja/airflow/airflow_venv/lib/python3.12/site-packages/airflow/example_dags/example_branch_operator.py
[2025-07-08T14:32:15.650+0200] {processor.py:183} INFO - Processing /home/leoja/airflow/airflow_venv/lib/python3.12/site-packages/airflow/example_dags/example_branch_operator.py took 0.068 seconds
[2025-07-08T14:33:14.348+0200] {processor.py:161} INFO - Started process (PID=36942) to work on /home/leoja/airflow/airflow_venv/lib/python3.12/site-packages/airflow/example_dags/example_branch_operator.py
[2025-07-08T14:33:14.350+0200] {processor.py:830} INFO - Processing file /home/leoja/airflow/airflow_venv/lib/python3.12/site-packages/airflow/example_dags/example_branch_operator.py for tasks to queue
[2025-07-08T14:33:14.351+0200] {logging_mixin.py:188} INFO - [2025-07-08T14:33:14.350+0200] {dagbag.py:540} INFO - Filling up the DagBag from /home/leoja/airflow/airflow_venv/lib/python3.12/site-packages/airflow/example_dags/example_branch_operator.py
[2025-07-08T14:33:14.402+0200] {processor.py:842} WARNING - No viable dags retrieved from /home/leoja/airflow/airflow_venv/lib/python3.12/site-packages/airflow/example_dags/example_branch_operator.py
[2025-07-08T14:33:14.417+0200] {processor.py:183} INFO - Processing /home/leoja/airflow/airflow_venv/lib/python3.12/site-packages/airflow/example_dags/example_branch_operator.py took 0.080 seconds
[2025-07-08T14:34:16.767+0200] {processor.py:161} INFO - Started process (PID=37273) to work on /home/leoja/airflow/airflow_venv/lib/python3.12/site-packages/airflow/example_dags/example_branch_operator.py
[2025-07-08T14:34:16.770+0200] {processor.py:830} INFO - Processing file /home/leoja/airflow/airflow_venv/lib/python3.12/site-packages/airflow/example_dags/example_branch_operator.py for tasks to queue
[2025-07-08T14:34:16.771+0200] {logging_mixin.py:188} INFO - [2025-07-08T14:34:16.771+0200] {dagbag.py:540} INFO - Filling up the DagBag from /home/leoja/airflow/airflow_venv/lib/python3.12/site-packages/airflow/example_dags/example_branch_operator.py
[2025-07-08T14:34:16.843+0200] {processor.py:842} WARNING - No viable dags retrieved from /home/leoja/airflow/airflow_venv/lib/python3.12/site-packages/airflow/example_dags/example_branch_operator.py
[2025-07-08T14:34:16.853+0200] {processor.py:183} INFO - Processing /home/leoja/airflow/airflow_venv/lib/python3.12/site-packages/airflow/example_dags/example_branch_operator.py took 0.094 seconds
[2025-07-08T14:35:11.760+0200] {processor.py:161} INFO - Started process (PID=37581) to work on /home/leoja/airflow/airflow_venv/lib/python3.12/site-packages/airflow/example_dags/example_branch_operator.py
[2025-07-08T14:35:11.761+0200] {processor.py:830} INFO - Processing file /home/leoja/airflow/airflow_venv/lib/python3.12/site-packages/airflow/example_dags/example_branch_operator.py for tasks to queue
[2025-07-08T14:35:11.763+0200] {logging_mixin.py:188} INFO - [2025-07-08T14:35:11.762+0200] {dagbag.py:540} INFO - Filling up the DagBag from /home/leoja/airflow/airflow_venv/lib/python3.12/site-packages/airflow/example_dags/example_branch_operator.py
[2025-07-08T14:35:11.862+0200] {processor.py:842} WARNING - No viable dags retrieved from /home/leoja/airflow/airflow_venv/lib/python3.12/site-packages/airflow/example_dags/example_branch_operator.py
[2025-07-08T14:35:11.872+0200] {processor.py:183} INFO - Processing /home/leoja/airflow/airflow_venv/lib/python3.12/site-packages/airflow/example_dags/example_branch_operator.py took 0.120 seconds
[2025-07-08T14:36:10.756+0200] {processor.py:161} INFO - Started process (PID=37888) to work on /home/leoja/airflow/airflow_venv/lib/python3.12/site-packages/airflow/example_dags/example_branch_operator.py
[2025-07-08T14:36:10.758+0200] {processor.py:830} INFO - Processing file /home/leoja/airflow/airflow_venv/lib/python3.12/site-packages/airflow/example_dags/example_branch_operator.py for tasks to queue
[2025-07-08T14:36:10.759+0200] {logging_mixin.py:188} INFO - [2025-07-08T14:36:10.758+0200] {dagbag.py:540} INFO - Filling up the DagBag from /home/leoja/airflow/airflow_venv/lib/python3.12/site-packages/airflow/example_dags/example_branch_operator.py
[2025-07-08T14:36:10.802+0200] {processor.py:842} WARNING - No viable dags retrieved from /home/leoja/airflow/airflow_venv/lib/python3.12/site-packages/airflow/example_dags/example_branch_operator.py
[2025-07-08T14:36:10.813+0200] {processor.py:183} INFO - Processing /home/leoja/airflow/airflow_venv/lib/python3.12/site-packages/airflow/example_dags/example_branch_operator.py took 0.063 seconds
[2025-07-08T14:37:29.611+0200] {processor.py:161} INFO - Started process (PID=38455) to work on /home/leoja/airflow/airflow_venv/lib/python3.12/site-packages/airflow/example_dags/example_branch_operator.py
[2025-07-08T14:37:29.614+0200] {processor.py:830} INFO - Processing file /home/leoja/airflow/airflow_venv/lib/python3.12/site-packages/airflow/example_dags/example_branch_operator.py for tasks to queue
[2025-07-08T14:37:29.615+0200] {logging_mixin.py:188} INFO - [2025-07-08T14:37:29.615+0200] {dagbag.py:540} INFO - Filling up the DagBag from /home/leoja/airflow/airflow_venv/lib/python3.12/site-packages/airflow/example_dags/example_branch_operator.py
[2025-07-08T14:37:29.659+0200] {processor.py:842} WARNING - No viable dags retrieved from /home/leoja/airflow/airflow_venv/lib/python3.12/site-packages/airflow/example_dags/example_branch_operator.py
[2025-07-08T14:37:29.668+0200] {processor.py:183} INFO - Processing /home/leoja/airflow/airflow_venv/lib/python3.12/site-packages/airflow/example_dags/example_branch_operator.py took 0.063 seconds
[2025-07-08T14:38:57.493+0200] {processor.py:161} INFO - Started process (PID=39359) to work on /home/leoja/airflow/airflow_venv/lib/python3.12/site-packages/airflow/example_dags/example_branch_operator.py
[2025-07-08T14:38:57.495+0200] {processor.py:830} INFO - Processing file /home/leoja/airflow/airflow_venv/lib/python3.12/site-packages/airflow/example_dags/example_branch_operator.py for tasks to queue
[2025-07-08T14:38:57.496+0200] {logging_mixin.py:188} INFO - [2025-07-08T14:38:57.495+0200] {dagbag.py:540} INFO - Filling up the DagBag from /home/leoja/airflow/airflow_venv/lib/python3.12/site-packages/airflow/example_dags/example_branch_operator.py
[2025-07-08T14:38:57.534+0200] {processor.py:842} WARNING - No viable dags retrieved from /home/leoja/airflow/airflow_venv/lib/python3.12/site-packages/airflow/example_dags/example_branch_operator.py
[2025-07-08T14:38:57.546+0200] {processor.py:183} INFO - Processing /home/leoja/airflow/airflow_venv/lib/python3.12/site-packages/airflow/example_dags/example_branch_operator.py took 0.061 seconds
[2025-07-08T14:39:57.990+0200] {processor.py:161} INFO - Started process (PID=39702) to work on /home/leoja/airflow/airflow_venv/lib/python3.12/site-packages/airflow/example_dags/example_branch_operator.py
[2025-07-08T14:39:57.992+0200] {processor.py:830} INFO - Processing file /home/leoja/airflow/airflow_venv/lib/python3.12/site-packages/airflow/example_dags/example_branch_operator.py for tasks to queue
[2025-07-08T14:39:57.993+0200] {logging_mixin.py:188} INFO - [2025-07-08T14:39:57.992+0200] {dagbag.py:540} INFO - Filling up the DagBag from /home/leoja/airflow/airflow_venv/lib/python3.12/site-packages/airflow/example_dags/example_branch_operator.py
[2025-07-08T14:39:58.081+0200] {processor.py:842} WARNING - No viable dags retrieved from /home/leoja/airflow/airflow_venv/lib/python3.12/site-packages/airflow/example_dags/example_branch_operator.py
[2025-07-08T14:39:58.093+0200] {processor.py:183} INFO - Processing /home/leoja/airflow/airflow_venv/lib/python3.12/site-packages/airflow/example_dags/example_branch_operator.py took 0.113 seconds
[2025-07-08T14:41:01.716+0200] {processor.py:161} INFO - Started process (PID=40033) to work on /home/leoja/airflow/airflow_venv/lib/python3.12/site-packages/airflow/example_dags/example_branch_operator.py
[2025-07-08T14:41:01.718+0200] {processor.py:830} INFO - Processing file /home/leoja/airflow/airflow_venv/lib/python3.12/site-packages/airflow/example_dags/example_branch_operator.py for tasks to queue
[2025-07-08T14:41:01.719+0200] {logging_mixin.py:188} INFO - [2025-07-08T14:41:01.719+0200] {dagbag.py:540} INFO - Filling up the DagBag from /home/leoja/airflow/airflow_venv/lib/python3.12/site-packages/airflow/example_dags/example_branch_operator.py
[2025-07-08T14:41:01.779+0200] {processor.py:842} WARNING - No viable dags retrieved from /home/leoja/airflow/airflow_venv/lib/python3.12/site-packages/airflow/example_dags/example_branch_operator.py
[2025-07-08T14:41:01.804+0200] {processor.py:183} INFO - Processing /home/leoja/airflow/airflow_venv/lib/python3.12/site-packages/airflow/example_dags/example_branch_operator.py took 0.102 seconds
[2025-07-08T14:41:57.586+0200] {processor.py:161} INFO - Started process (PID=40342) to work on /home/leoja/airflow/airflow_venv/lib/python3.12/site-packages/airflow/example_dags/example_branch_operator.py
[2025-07-08T14:41:57.588+0200] {processor.py:830} INFO - Processing file /home/leoja/airflow/airflow_venv/lib/python3.12/site-packages/airflow/example_dags/example_branch_operator.py for tasks to queue
[2025-07-08T14:41:57.589+0200] {logging_mixin.py:188} INFO - [2025-07-08T14:41:57.588+0200] {dagbag.py:540} INFO - Filling up the DagBag from /home/leoja/airflow/airflow_venv/lib/python3.12/site-packages/airflow/example_dags/example_branch_operator.py
[2025-07-08T14:41:57.657+0200] {processor.py:842} WARNING - No viable dags retrieved from /home/leoja/airflow/airflow_venv/lib/python3.12/site-packages/airflow/example_dags/example_branch_operator.py
[2025-07-08T14:41:57.675+0200] {processor.py:183} INFO - Processing /home/leoja/airflow/airflow_venv/lib/python3.12/site-packages/airflow/example_dags/example_branch_operator.py took 0.105 seconds
[2025-07-08T14:42:59.496+0200] {processor.py:161} INFO - Started process (PID=40715) to work on /home/leoja/airflow/airflow_venv/lib/python3.12/site-packages/airflow/example_dags/example_branch_operator.py
[2025-07-08T14:42:59.498+0200] {processor.py:830} INFO - Processing file /home/leoja/airflow/airflow_venv/lib/python3.12/site-packages/airflow/example_dags/example_branch_operator.py for tasks to queue
[2025-07-08T14:42:59.500+0200] {logging_mixin.py:188} INFO - [2025-07-08T14:42:59.500+0200] {dagbag.py:540} INFO - Filling up the DagBag from /home/leoja/airflow/airflow_venv/lib/python3.12/site-packages/airflow/example_dags/example_branch_operator.py
[2025-07-08T14:42:59.557+0200] {processor.py:842} WARNING - No viable dags retrieved from /home/leoja/airflow/airflow_venv/lib/python3.12/site-packages/airflow/example_dags/example_branch_operator.py
[2025-07-08T14:42:59.569+0200] {processor.py:183} INFO - Processing /home/leoja/airflow/airflow_venv/lib/python3.12/site-packages/airflow/example_dags/example_branch_operator.py took 0.088 seconds
[2025-07-08T14:44:06.631+0200] {processor.py:161} INFO - Started process (PID=41060) to work on /home/leoja/airflow/airflow_venv/lib/python3.12/site-packages/airflow/example_dags/example_branch_operator.py
[2025-07-08T14:44:06.632+0200] {processor.py:830} INFO - Processing file /home/leoja/airflow/airflow_venv/lib/python3.12/site-packages/airflow/example_dags/example_branch_operator.py for tasks to queue
[2025-07-08T14:44:06.634+0200] {logging_mixin.py:188} INFO - [2025-07-08T14:44:06.633+0200] {dagbag.py:540} INFO - Filling up the DagBag from /home/leoja/airflow/airflow_venv/lib/python3.12/site-packages/airflow/example_dags/example_branch_operator.py
[2025-07-08T14:44:06.732+0200] {processor.py:842} WARNING - No viable dags retrieved from /home/leoja/airflow/airflow_venv/lib/python3.12/site-packages/airflow/example_dags/example_branch_operator.py
[2025-07-08T14:44:06.745+0200] {processor.py:183} INFO - Processing /home/leoja/airflow/airflow_venv/lib/python3.12/site-packages/airflow/example_dags/example_branch_operator.py took 0.128 seconds
[2025-07-08T14:45:11.449+0200] {processor.py:161} INFO - Started process (PID=41436) to work on /home/leoja/airflow/airflow_venv/lib/python3.12/site-packages/airflow/example_dags/example_branch_operator.py
[2025-07-08T14:45:11.451+0200] {processor.py:830} INFO - Processing file /home/leoja/airflow/airflow_venv/lib/python3.12/site-packages/airflow/example_dags/example_branch_operator.py for tasks to queue
[2025-07-08T14:45:11.453+0200] {logging_mixin.py:188} INFO - [2025-07-08T14:45:11.452+0200] {dagbag.py:540} INFO - Filling up the DagBag from /home/leoja/airflow/airflow_venv/lib/python3.12/site-packages/airflow/example_dags/example_branch_operator.py
[2025-07-08T14:45:11.501+0200] {processor.py:842} WARNING - No viable dags retrieved from /home/leoja/airflow/airflow_venv/lib/python3.12/site-packages/airflow/example_dags/example_branch_operator.py
[2025-07-08T14:45:11.512+0200] {processor.py:183} INFO - Processing /home/leoja/airflow/airflow_venv/lib/python3.12/site-packages/airflow/example_dags/example_branch_operator.py took 0.072 seconds
[2025-07-08T14:46:10.487+0200] {processor.py:161} INFO - Started process (PID=41755) to work on /home/leoja/airflow/airflow_venv/lib/python3.12/site-packages/airflow/example_dags/example_branch_operator.py
[2025-07-08T14:46:10.489+0200] {processor.py:830} INFO - Processing file /home/leoja/airflow/airflow_venv/lib/python3.12/site-packages/airflow/example_dags/example_branch_operator.py for tasks to queue
[2025-07-08T14:46:10.490+0200] {logging_mixin.py:188} INFO - [2025-07-08T14:46:10.490+0200] {dagbag.py:540} INFO - Filling up the DagBag from /home/leoja/airflow/airflow_venv/lib/python3.12/site-packages/airflow/example_dags/example_branch_operator.py
[2025-07-08T14:46:10.569+0200] {processor.py:842} WARNING - No viable dags retrieved from /home/leoja/airflow/airflow_venv/lib/python3.12/site-packages/airflow/example_dags/example_branch_operator.py
[2025-07-08T14:46:10.580+0200] {processor.py:183} INFO - Processing /home/leoja/airflow/airflow_venv/lib/python3.12/site-packages/airflow/example_dags/example_branch_operator.py took 0.101 seconds
[2025-07-08T14:47:11.132+0200] {processor.py:161} INFO - Started process (PID=42087) to work on /home/leoja/airflow/airflow_venv/lib/python3.12/site-packages/airflow/example_dags/example_branch_operator.py
[2025-07-08T14:47:11.134+0200] {processor.py:830} INFO - Processing file /home/leoja/airflow/airflow_venv/lib/python3.12/site-packages/airflow/example_dags/example_branch_operator.py for tasks to queue
[2025-07-08T14:47:11.136+0200] {logging_mixin.py:188} INFO - [2025-07-08T14:47:11.135+0200] {dagbag.py:540} INFO - Filling up the DagBag from /home/leoja/airflow/airflow_venv/lib/python3.12/site-packages/airflow/example_dags/example_branch_operator.py
[2025-07-08T14:47:11.188+0200] {processor.py:842} WARNING - No viable dags retrieved from /home/leoja/airflow/airflow_venv/lib/python3.12/site-packages/airflow/example_dags/example_branch_operator.py
[2025-07-08T14:47:11.201+0200] {processor.py:183} INFO - Processing /home/leoja/airflow/airflow_venv/lib/python3.12/site-packages/airflow/example_dags/example_branch_operator.py took 0.081 seconds
[2025-07-08T14:48:14.132+0200] {processor.py:161} INFO - Started process (PID=42398) to work on /home/leoja/airflow/airflow_venv/lib/python3.12/site-packages/airflow/example_dags/example_branch_operator.py
[2025-07-08T14:48:14.133+0200] {processor.py:830} INFO - Processing file /home/leoja/airflow/airflow_venv/lib/python3.12/site-packages/airflow/example_dags/example_branch_operator.py for tasks to queue
[2025-07-08T14:48:14.134+0200] {logging_mixin.py:188} INFO - [2025-07-08T14:48:14.134+0200] {dagbag.py:540} INFO - Filling up the DagBag from /home/leoja/airflow/airflow_venv/lib/python3.12/site-packages/airflow/example_dags/example_branch_operator.py
[2025-07-08T14:48:14.215+0200] {processor.py:842} WARNING - No viable dags retrieved from /home/leoja/airflow/airflow_venv/lib/python3.12/site-packages/airflow/example_dags/example_branch_operator.py
[2025-07-08T14:48:14.232+0200] {processor.py:183} INFO - Processing /home/leoja/airflow/airflow_venv/lib/python3.12/site-packages/airflow/example_dags/example_branch_operator.py took 0.108 seconds
[2025-07-08T14:49:18.336+0200] {processor.py:161} INFO - Started process (PID=42742) to work on /home/leoja/airflow/airflow_venv/lib/python3.12/site-packages/airflow/example_dags/example_branch_operator.py
[2025-07-08T14:49:18.339+0200] {processor.py:830} INFO - Processing file /home/leoja/airflow/airflow_venv/lib/python3.12/site-packages/airflow/example_dags/example_branch_operator.py for tasks to queue
[2025-07-08T14:49:18.341+0200] {logging_mixin.py:188} INFO - [2025-07-08T14:49:18.340+0200] {dagbag.py:540} INFO - Filling up the DagBag from /home/leoja/airflow/airflow_venv/lib/python3.12/site-packages/airflow/example_dags/example_branch_operator.py
[2025-07-08T14:49:18.455+0200] {processor.py:842} WARNING - No viable dags retrieved from /home/leoja/airflow/airflow_venv/lib/python3.12/site-packages/airflow/example_dags/example_branch_operator.py
[2025-07-08T14:49:18.473+0200] {processor.py:183} INFO - Processing /home/leoja/airflow/airflow_venv/lib/python3.12/site-packages/airflow/example_dags/example_branch_operator.py took 0.150 seconds
[2025-07-08T14:50:25.885+0200] {processor.py:161} INFO - Started process (PID=43089) to work on /home/leoja/airflow/airflow_venv/lib/python3.12/site-packages/airflow/example_dags/example_branch_operator.py
[2025-07-08T14:50:25.888+0200] {processor.py:830} INFO - Processing file /home/leoja/airflow/airflow_venv/lib/python3.12/site-packages/airflow/example_dags/example_branch_operator.py for tasks to queue
[2025-07-08T14:50:25.890+0200] {logging_mixin.py:188} INFO - [2025-07-08T14:50:25.889+0200] {dagbag.py:540} INFO - Filling up the DagBag from /home/leoja/airflow/airflow_venv/lib/python3.12/site-packages/airflow/example_dags/example_branch_operator.py
[2025-07-08T14:50:26.006+0200] {processor.py:842} WARNING - No viable dags retrieved from /home/leoja/airflow/airflow_venv/lib/python3.12/site-packages/airflow/example_dags/example_branch_operator.py
[2025-07-08T14:50:26.018+0200] {processor.py:183} INFO - Processing /home/leoja/airflow/airflow_venv/lib/python3.12/site-packages/airflow/example_dags/example_branch_operator.py took 0.146 seconds
[2025-07-08T14:51:21.758+0200] {processor.py:161} INFO - Started process (PID=43396) to work on /home/leoja/airflow/airflow_venv/lib/python3.12/site-packages/airflow/example_dags/example_branch_operator.py
[2025-07-08T14:51:21.761+0200] {processor.py:830} INFO - Processing file /home/leoja/airflow/airflow_venv/lib/python3.12/site-packages/airflow/example_dags/example_branch_operator.py for tasks to queue
[2025-07-08T14:51:21.762+0200] {logging_mixin.py:188} INFO - [2025-07-08T14:51:21.761+0200] {dagbag.py:540} INFO - Filling up the DagBag from /home/leoja/airflow/airflow_venv/lib/python3.12/site-packages/airflow/example_dags/example_branch_operator.py
[2025-07-08T14:51:21.837+0200] {processor.py:842} WARNING - No viable dags retrieved from /home/leoja/airflow/airflow_venv/lib/python3.12/site-packages/airflow/example_dags/example_branch_operator.py
[2025-07-08T14:51:21.848+0200] {processor.py:183} INFO - Processing /home/leoja/airflow/airflow_venv/lib/python3.12/site-packages/airflow/example_dags/example_branch_operator.py took 0.102 seconds
[2025-07-08T14:52:16.473+0200] {processor.py:161} INFO - Started process (PID=43704) to work on /home/leoja/airflow/airflow_venv/lib/python3.12/site-packages/airflow/example_dags/example_branch_operator.py
[2025-07-08T14:52:16.474+0200] {processor.py:830} INFO - Processing file /home/leoja/airflow/airflow_venv/lib/python3.12/site-packages/airflow/example_dags/example_branch_operator.py for tasks to queue
[2025-07-08T14:52:16.475+0200] {logging_mixin.py:188} INFO - [2025-07-08T14:52:16.474+0200] {dagbag.py:540} INFO - Filling up the DagBag from /home/leoja/airflow/airflow_venv/lib/python3.12/site-packages/airflow/example_dags/example_branch_operator.py
[2025-07-08T14:52:16.528+0200] {processor.py:842} WARNING - No viable dags retrieved from /home/leoja/airflow/airflow_venv/lib/python3.12/site-packages/airflow/example_dags/example_branch_operator.py
[2025-07-08T14:52:16.539+0200] {processor.py:183} INFO - Processing /home/leoja/airflow/airflow_venv/lib/python3.12/site-packages/airflow/example_dags/example_branch_operator.py took 0.072 seconds
[2025-07-08T16:00:35.952+0200] {processor.py:161} INFO - Started process (PID=44190) to work on /home/leoja/airflow/airflow_venv/lib/python3.12/site-packages/airflow/example_dags/example_branch_operator.py
[2025-07-08T16:00:35.953+0200] {processor.py:830} INFO - Processing file /home/leoja/airflow/airflow_venv/lib/python3.12/site-packages/airflow/example_dags/example_branch_operator.py for tasks to queue
[2025-07-08T16:00:35.955+0200] {logging_mixin.py:188} INFO - [2025-07-08T16:00:35.954+0200] {dagbag.py:540} INFO - Filling up the DagBag from /home/leoja/airflow/airflow_venv/lib/python3.12/site-packages/airflow/example_dags/example_branch_operator.py
[2025-07-08T16:00:35.985+0200] {processor.py:842} WARNING - No viable dags retrieved from /home/leoja/airflow/airflow_venv/lib/python3.12/site-packages/airflow/example_dags/example_branch_operator.py
[2025-07-08T16:00:35.997+0200] {processor.py:183} INFO - Processing /home/leoja/airflow/airflow_venv/lib/python3.12/site-packages/airflow/example_dags/example_branch_operator.py took 0.051 seconds
[2025-07-08T16:01:35.114+0200] {processor.py:161} INFO - Started process (PID=44524) to work on /home/leoja/airflow/airflow_venv/lib/python3.12/site-packages/airflow/example_dags/example_branch_operator.py
[2025-07-08T16:01:35.134+0200] {processor.py:830} INFO - Processing file /home/leoja/airflow/airflow_venv/lib/python3.12/site-packages/airflow/example_dags/example_branch_operator.py for tasks to queue
[2025-07-08T16:01:35.134+0200] {logging_mixin.py:188} INFO - [2025-07-08T16:01:35.134+0200] {dagbag.py:540} INFO - Filling up the DagBag from /home/leoja/airflow/airflow_venv/lib/python3.12/site-packages/airflow/example_dags/example_branch_operator.py
[2025-07-08T16:01:35.187+0200] {processor.py:842} WARNING - No viable dags retrieved from /home/leoja/airflow/airflow_venv/lib/python3.12/site-packages/airflow/example_dags/example_branch_operator.py
[2025-07-08T16:01:35.196+0200] {processor.py:183} INFO - Processing /home/leoja/airflow/airflow_venv/lib/python3.12/site-packages/airflow/example_dags/example_branch_operator.py took 0.086 seconds
[2025-07-08T16:02:30.374+0200] {processor.py:161} INFO - Started process (PID=44801) to work on /home/leoja/airflow/airflow_venv/lib/python3.12/site-packages/airflow/example_dags/example_branch_operator.py
[2025-07-08T16:02:30.447+0200] {processor.py:830} INFO - Processing file /home/leoja/airflow/airflow_venv/lib/python3.12/site-packages/airflow/example_dags/example_branch_operator.py for tasks to queue
[2025-07-08T16:02:30.447+0200] {logging_mixin.py:188} INFO - [2025-07-08T16:02:30.447+0200] {dagbag.py:540} INFO - Filling up the DagBag from /home/leoja/airflow/airflow_venv/lib/python3.12/site-packages/airflow/example_dags/example_branch_operator.py
[2025-07-08T16:02:30.486+0200] {processor.py:842} WARNING - No viable dags retrieved from /home/leoja/airflow/airflow_venv/lib/python3.12/site-packages/airflow/example_dags/example_branch_operator.py
[2025-07-08T16:02:30.497+0200] {processor.py:183} INFO - Processing /home/leoja/airflow/airflow_venv/lib/python3.12/site-packages/airflow/example_dags/example_branch_operator.py took 0.130 seconds
[2025-07-08T16:03:49.408+0200] {processor.py:161} INFO - Started process (PID=45249) to work on /home/leoja/airflow/airflow_venv/lib/python3.12/site-packages/airflow/example_dags/example_branch_operator.py
[2025-07-08T16:03:49.409+0200] {processor.py:830} INFO - Processing file /home/leoja/airflow/airflow_venv/lib/python3.12/site-packages/airflow/example_dags/example_branch_operator.py for tasks to queue
[2025-07-08T16:03:49.410+0200] {logging_mixin.py:188} INFO - [2025-07-08T16:03:49.410+0200] {dagbag.py:540} INFO - Filling up the DagBag from /home/leoja/airflow/airflow_venv/lib/python3.12/site-packages/airflow/example_dags/example_branch_operator.py
[2025-07-08T16:03:49.438+0200] {processor.py:842} WARNING - No viable dags retrieved from /home/leoja/airflow/airflow_venv/lib/python3.12/site-packages/airflow/example_dags/example_branch_operator.py
[2025-07-08T16:03:49.447+0200] {processor.py:183} INFO - Processing /home/leoja/airflow/airflow_venv/lib/python3.12/site-packages/airflow/example_dags/example_branch_operator.py took 0.044 seconds
[2025-07-08T16:05:07.880+0200] {processor.py:161} INFO - Started process (PID=45662) to work on /home/leoja/airflow/airflow_venv/lib/python3.12/site-packages/airflow/example_dags/example_branch_operator.py
[2025-07-08T16:05:07.882+0200] {processor.py:830} INFO - Processing file /home/leoja/airflow/airflow_venv/lib/python3.12/site-packages/airflow/example_dags/example_branch_operator.py for tasks to queue
[2025-07-08T16:05:07.883+0200] {logging_mixin.py:188} INFO - [2025-07-08T16:05:07.883+0200] {dagbag.py:540} INFO - Filling up the DagBag from /home/leoja/airflow/airflow_venv/lib/python3.12/site-packages/airflow/example_dags/example_branch_operator.py
[2025-07-08T16:05:07.908+0200] {processor.py:842} WARNING - No viable dags retrieved from /home/leoja/airflow/airflow_venv/lib/python3.12/site-packages/airflow/example_dags/example_branch_operator.py
[2025-07-08T16:05:07.918+0200] {processor.py:183} INFO - Processing /home/leoja/airflow/airflow_venv/lib/python3.12/site-packages/airflow/example_dags/example_branch_operator.py took 0.043 seconds
[2025-07-08T16:06:05.243+0200] {processor.py:161} INFO - Started process (PID=45993) to work on /home/leoja/airflow/airflow_venv/lib/python3.12/site-packages/airflow/example_dags/example_branch_operator.py
[2025-07-08T16:06:05.244+0200] {processor.py:830} INFO - Processing file /home/leoja/airflow/airflow_venv/lib/python3.12/site-packages/airflow/example_dags/example_branch_operator.py for tasks to queue
[2025-07-08T16:06:05.245+0200] {logging_mixin.py:188} INFO - [2025-07-08T16:06:05.245+0200] {dagbag.py:540} INFO - Filling up the DagBag from /home/leoja/airflow/airflow_venv/lib/python3.12/site-packages/airflow/example_dags/example_branch_operator.py
[2025-07-08T16:06:05.271+0200] {processor.py:842} WARNING - No viable dags retrieved from /home/leoja/airflow/airflow_venv/lib/python3.12/site-packages/airflow/example_dags/example_branch_operator.py
[2025-07-08T16:06:05.280+0200] {processor.py:183} INFO - Processing /home/leoja/airflow/airflow_venv/lib/python3.12/site-packages/airflow/example_dags/example_branch_operator.py took 0.042 seconds
