[2025-07-08T14:29:53.328+0200] {processor.py:161} INFO - Started process (PID=35784) to work on /home/leoja/airflow/airflow_venv/lib/python3.12/site-packages/airflow/example_dags/example_trigger_controller_dag.py
[2025-07-08T14:29:53.329+0200] {processor.py:830} INFO - Processing file /home/leoja/airflow/airflow_venv/lib/python3.12/site-packages/airflow/example_dags/example_trigger_controller_dag.py for tasks to queue
[2025-07-08T14:29:53.330+0200] {logging_mixin.py:188} INFO - [2025-07-08T14:29:53.330+0200] {dagbag.py:540} INFO - Filling up the DagBag from /home/leoja/airflow/airflow_venv/lib/python3.12/site-packages/airflow/example_dags/example_trigger_controller_dag.py
[2025-07-08T14:29:53.338+0200] {processor.py:840} INFO - DAG(s) 'example_trigger_controller_dag' retrieved from /home/leoja/airflow/airflow_venv/lib/python3.12/site-packages/airflow/example_dags/example_trigger_controller_dag.py
[2025-07-08T14:29:53.362+0200] {logging_mixin.py:188} INFO - [2025-07-08T14:29:53.361+0200] {dag.py:3096} INFO - Sync 1 DAGs
[2025-07-08T14:29:53.382+0200] {logging_mixin.py:188} INFO - [2025-07-08T14:29:53.382+0200] {dag.py:3954} INFO - Setting next_dagrun for example_trigger_controller_dag to 2021-01-01 00:00:00+00:00, run_after=2021-01-01 00:00:00+00:00
[2025-07-08T14:29:53.412+0200] {processor.py:183} INFO - Processing /home/leoja/airflow/airflow_venv/lib/python3.12/site-packages/airflow/example_dags/example_trigger_controller_dag.py took 0.091 seconds
[2025-07-08T14:30:53.033+0200] {processor.py:161} INFO - Started process (PID=36144) to work on /home/leoja/airflow/airflow_venv/lib/python3.12/site-packages/airflow/example_dags/example_trigger_controller_dag.py
[2025-07-08T14:30:53.035+0200] {processor.py:830} INFO - Processing file /home/leoja/airflow/airflow_venv/lib/python3.12/site-packages/airflow/example_dags/example_trigger_controller_dag.py for tasks to queue
[2025-07-08T14:30:53.036+0200] {logging_mixin.py:188} INFO - [2025-07-08T14:30:53.035+0200] {dagbag.py:540} INFO - Filling up the DagBag from /home/leoja/airflow/airflow_venv/lib/python3.12/site-packages/airflow/example_dags/example_trigger_controller_dag.py
[2025-07-08T14:30:53.042+0200] {processor.py:840} INFO - DAG(s) 'example_trigger_controller_dag' retrieved from /home/leoja/airflow/airflow_venv/lib/python3.12/site-packages/airflow/example_dags/example_trigger_controller_dag.py
[2025-07-08T14:30:53.059+0200] {logging_mixin.py:188} INFO - [2025-07-08T14:30:53.059+0200] {dag.py:3096} INFO - Sync 1 DAGs
[2025-07-08T14:30:53.077+0200] {logging_mixin.py:188} INFO - [2025-07-08T14:30:53.077+0200] {dag.py:3954} INFO - Setting next_dagrun for example_trigger_controller_dag to 2021-01-01 00:00:00+00:00, run_after=2021-01-01 00:00:00+00:00
[2025-07-08T14:30:53.116+0200] {processor.py:183} INFO - Processing /home/leoja/airflow/airflow_venv/lib/python3.12/site-packages/airflow/example_dags/example_trigger_controller_dag.py took 0.088 seconds
[2025-07-08T14:31:45.604+0200] {processor.py:161} INFO - Started process (PID=36451) to work on /home/leoja/airflow/airflow_venv/lib/python3.12/site-packages/airflow/example_dags/example_trigger_controller_dag.py
[2025-07-08T14:31:45.606+0200] {processor.py:830} INFO - Processing file /home/leoja/airflow/airflow_venv/lib/python3.12/site-packages/airflow/example_dags/example_trigger_controller_dag.py for tasks to queue
[2025-07-08T14:31:45.607+0200] {logging_mixin.py:188} INFO - [2025-07-08T14:31:45.606+0200] {dagbag.py:540} INFO - Filling up the DagBag from /home/leoja/airflow/airflow_venv/lib/python3.12/site-packages/airflow/example_dags/example_trigger_controller_dag.py
[2025-07-08T14:31:45.613+0200] {processor.py:840} INFO - DAG(s) 'example_trigger_controller_dag' retrieved from /home/leoja/airflow/airflow_venv/lib/python3.12/site-packages/airflow/example_dags/example_trigger_controller_dag.py
[2025-07-08T14:31:45.631+0200] {logging_mixin.py:188} INFO - [2025-07-08T14:31:45.630+0200] {dag.py:3096} INFO - Sync 1 DAGs
[2025-07-08T14:31:45.652+0200] {logging_mixin.py:188} INFO - [2025-07-08T14:31:45.652+0200] {dag.py:3954} INFO - Setting next_dagrun for example_trigger_controller_dag to 2021-01-01 00:00:00+00:00, run_after=2021-01-01 00:00:00+00:00
[2025-07-08T14:31:45.677+0200] {processor.py:183} INFO - Processing /home/leoja/airflow/airflow_venv/lib/python3.12/site-packages/airflow/example_dags/example_trigger_controller_dag.py took 0.081 seconds
[2025-07-08T14:32:47.216+0200] {processor.py:161} INFO - Started process (PID=36826) to work on /home/leoja/airflow/airflow_venv/lib/python3.12/site-packages/airflow/example_dags/example_trigger_controller_dag.py
[2025-07-08T14:32:47.219+0200] {processor.py:830} INFO - Processing file /home/leoja/airflow/airflow_venv/lib/python3.12/site-packages/airflow/example_dags/example_trigger_controller_dag.py for tasks to queue
[2025-07-08T14:32:47.221+0200] {logging_mixin.py:188} INFO - [2025-07-08T14:32:47.220+0200] {dagbag.py:540} INFO - Filling up the DagBag from /home/leoja/airflow/airflow_venv/lib/python3.12/site-packages/airflow/example_dags/example_trigger_controller_dag.py
[2025-07-08T14:32:47.231+0200] {processor.py:840} INFO - DAG(s) 'example_trigger_controller_dag' retrieved from /home/leoja/airflow/airflow_venv/lib/python3.12/site-packages/airflow/example_dags/example_trigger_controller_dag.py
[2025-07-08T14:32:47.263+0200] {logging_mixin.py:188} INFO - [2025-07-08T14:32:47.263+0200] {dag.py:3096} INFO - Sync 1 DAGs
[2025-07-08T14:32:47.284+0200] {logging_mixin.py:188} INFO - [2025-07-08T14:32:47.284+0200] {dag.py:3954} INFO - Setting next_dagrun for example_trigger_controller_dag to 2021-01-01 00:00:00+00:00, run_after=2021-01-01 00:00:00+00:00
[2025-07-08T14:32:47.314+0200] {processor.py:183} INFO - Processing /home/leoja/airflow/airflow_venv/lib/python3.12/site-packages/airflow/example_dags/example_trigger_controller_dag.py took 0.112 seconds
[2025-07-08T14:33:47.506+0200] {processor.py:161} INFO - Started process (PID=37135) to work on /home/leoja/airflow/airflow_venv/lib/python3.12/site-packages/airflow/example_dags/example_trigger_controller_dag.py
[2025-07-08T14:33:47.509+0200] {processor.py:830} INFO - Processing file /home/leoja/airflow/airflow_venv/lib/python3.12/site-packages/airflow/example_dags/example_trigger_controller_dag.py for tasks to queue
[2025-07-08T14:33:47.511+0200] {logging_mixin.py:188} INFO - [2025-07-08T14:33:47.510+0200] {dagbag.py:540} INFO - Filling up the DagBag from /home/leoja/airflow/airflow_venv/lib/python3.12/site-packages/airflow/example_dags/example_trigger_controller_dag.py
[2025-07-08T14:33:47.522+0200] {processor.py:840} INFO - DAG(s) 'example_trigger_controller_dag' retrieved from /home/leoja/airflow/airflow_venv/lib/python3.12/site-packages/airflow/example_dags/example_trigger_controller_dag.py
[2025-07-08T14:33:47.548+0200] {logging_mixin.py:188} INFO - [2025-07-08T14:33:47.547+0200] {dag.py:3096} INFO - Sync 1 DAGs
[2025-07-08T14:33:47.566+0200] {logging_mixin.py:188} INFO - [2025-07-08T14:33:47.565+0200] {dag.py:3954} INFO - Setting next_dagrun for example_trigger_controller_dag to 2021-01-01 00:00:00+00:00, run_after=2021-01-01 00:00:00+00:00
[2025-07-08T14:33:47.601+0200] {processor.py:183} INFO - Processing /home/leoja/airflow/airflow_venv/lib/python3.12/site-packages/airflow/example_dags/example_trigger_controller_dag.py took 0.107 seconds
[2025-07-08T14:34:49.957+0200] {processor.py:161} INFO - Started process (PID=37474) to work on /home/leoja/airflow/airflow_venv/lib/python3.12/site-packages/airflow/example_dags/example_trigger_controller_dag.py
[2025-07-08T14:34:49.959+0200] {processor.py:830} INFO - Processing file /home/leoja/airflow/airflow_venv/lib/python3.12/site-packages/airflow/example_dags/example_trigger_controller_dag.py for tasks to queue
[2025-07-08T14:34:49.960+0200] {logging_mixin.py:188} INFO - [2025-07-08T14:34:49.959+0200] {dagbag.py:540} INFO - Filling up the DagBag from /home/leoja/airflow/airflow_venv/lib/python3.12/site-packages/airflow/example_dags/example_trigger_controller_dag.py
[2025-07-08T14:34:49.965+0200] {processor.py:840} INFO - DAG(s) 'example_trigger_controller_dag' retrieved from /home/leoja/airflow/airflow_venv/lib/python3.12/site-packages/airflow/example_dags/example_trigger_controller_dag.py
[2025-07-08T14:34:49.981+0200] {logging_mixin.py:188} INFO - [2025-07-08T14:34:49.981+0200] {dag.py:3096} INFO - Sync 1 DAGs
[2025-07-08T14:34:50.003+0200] {logging_mixin.py:188} INFO - [2025-07-08T14:34:50.003+0200] {dag.py:3954} INFO - Setting next_dagrun for example_trigger_controller_dag to 2021-01-01 00:00:00+00:00, run_after=2021-01-01 00:00:00+00:00
[2025-07-08T14:34:50.029+0200] {processor.py:183} INFO - Processing /home/leoja/airflow/airflow_venv/lib/python3.12/site-packages/airflow/example_dags/example_trigger_controller_dag.py took 0.079 seconds
[2025-07-08T14:35:45.799+0200] {processor.py:161} INFO - Started process (PID=37751) to work on /home/leoja/airflow/airflow_venv/lib/python3.12/site-packages/airflow/example_dags/example_trigger_controller_dag.py
[2025-07-08T14:35:45.800+0200] {processor.py:830} INFO - Processing file /home/leoja/airflow/airflow_venv/lib/python3.12/site-packages/airflow/example_dags/example_trigger_controller_dag.py for tasks to queue
[2025-07-08T14:35:45.801+0200] {logging_mixin.py:188} INFO - [2025-07-08T14:35:45.801+0200] {dagbag.py:540} INFO - Filling up the DagBag from /home/leoja/airflow/airflow_venv/lib/python3.12/site-packages/airflow/example_dags/example_trigger_controller_dag.py
[2025-07-08T14:35:45.807+0200] {processor.py:840} INFO - DAG(s) 'example_trigger_controller_dag' retrieved from /home/leoja/airflow/airflow_venv/lib/python3.12/site-packages/airflow/example_dags/example_trigger_controller_dag.py
[2025-07-08T14:35:45.823+0200] {logging_mixin.py:188} INFO - [2025-07-08T14:35:45.823+0200] {dag.py:3096} INFO - Sync 1 DAGs
[2025-07-08T14:35:45.844+0200] {logging_mixin.py:188} INFO - [2025-07-08T14:35:45.843+0200] {dag.py:3954} INFO - Setting next_dagrun for example_trigger_controller_dag to 2021-01-01 00:00:00+00:00, run_after=2021-01-01 00:00:00+00:00
[2025-07-08T14:35:45.868+0200] {processor.py:183} INFO - Processing /home/leoja/airflow/airflow_venv/lib/python3.12/site-packages/airflow/example_dags/example_trigger_controller_dag.py took 0.076 seconds
[2025-07-08T14:36:44.192+0200] {processor.py:161} INFO - Started process (PID=38142) to work on /home/leoja/airflow/airflow_venv/lib/python3.12/site-packages/airflow/example_dags/example_trigger_controller_dag.py
[2025-07-08T14:36:44.194+0200] {processor.py:830} INFO - Processing file /home/leoja/airflow/airflow_venv/lib/python3.12/site-packages/airflow/example_dags/example_trigger_controller_dag.py for tasks to queue
[2025-07-08T14:36:44.196+0200] {logging_mixin.py:188} INFO - [2025-07-08T14:36:44.195+0200] {dagbag.py:540} INFO - Filling up the DagBag from /home/leoja/airflow/airflow_venv/lib/python3.12/site-packages/airflow/example_dags/example_trigger_controller_dag.py
[2025-07-08T14:36:44.202+0200] {processor.py:840} INFO - DAG(s) 'example_trigger_controller_dag' retrieved from /home/leoja/airflow/airflow_venv/lib/python3.12/site-packages/airflow/example_dags/example_trigger_controller_dag.py
[2025-07-08T14:36:44.221+0200] {logging_mixin.py:188} INFO - [2025-07-08T14:36:44.220+0200] {dag.py:3096} INFO - Sync 1 DAGs
[2025-07-08T14:36:44.239+0200] {logging_mixin.py:188} INFO - [2025-07-08T14:36:44.239+0200] {dag.py:3954} INFO - Setting next_dagrun for example_trigger_controller_dag to 2021-01-01 00:00:00+00:00, run_after=2021-01-01 00:00:00+00:00
[2025-07-08T14:36:44.261+0200] {processor.py:183} INFO - Processing /home/leoja/airflow/airflow_venv/lib/python3.12/site-packages/airflow/example_dags/example_trigger_controller_dag.py took 0.077 seconds
[2025-07-08T14:38:47.899+0200] {processor.py:161} INFO - Started process (PID=39345) to work on /home/leoja/airflow/airflow_venv/lib/python3.12/site-packages/airflow/example_dags/example_trigger_controller_dag.py
[2025-07-08T14:38:47.901+0200] {processor.py:830} INFO - Processing file /home/leoja/airflow/airflow_venv/lib/python3.12/site-packages/airflow/example_dags/example_trigger_controller_dag.py for tasks to queue
[2025-07-08T14:38:47.902+0200] {logging_mixin.py:188} INFO - [2025-07-08T14:38:47.901+0200] {dagbag.py:540} INFO - Filling up the DagBag from /home/leoja/airflow/airflow_venv/lib/python3.12/site-packages/airflow/example_dags/example_trigger_controller_dag.py
[2025-07-08T14:38:47.908+0200] {processor.py:840} INFO - DAG(s) 'example_trigger_controller_dag' retrieved from /home/leoja/airflow/airflow_venv/lib/python3.12/site-packages/airflow/example_dags/example_trigger_controller_dag.py
[2025-07-08T14:38:47.926+0200] {logging_mixin.py:188} INFO - [2025-07-08T14:38:47.926+0200] {dag.py:3096} INFO - Sync 1 DAGs
[2025-07-08T14:38:47.947+0200] {logging_mixin.py:188} INFO - [2025-07-08T14:38:47.947+0200] {dag.py:3954} INFO - Setting next_dagrun for example_trigger_controller_dag to 2021-01-01 00:00:00+00:00, run_after=2021-01-01 00:00:00+00:00
[2025-07-08T14:38:47.972+0200] {processor.py:183} INFO - Processing /home/leoja/airflow/airflow_venv/lib/python3.12/site-packages/airflow/example_dags/example_trigger_controller_dag.py took 0.085 seconds
[2025-07-08T14:39:51.044+0200] {processor.py:161} INFO - Started process (PID=39687) to work on /home/leoja/airflow/airflow_venv/lib/python3.12/site-packages/airflow/example_dags/example_trigger_controller_dag.py
[2025-07-08T14:39:51.046+0200] {processor.py:830} INFO - Processing file /home/leoja/airflow/airflow_venv/lib/python3.12/site-packages/airflow/example_dags/example_trigger_controller_dag.py for tasks to queue
[2025-07-08T14:39:51.047+0200] {logging_mixin.py:188} INFO - [2025-07-08T14:39:51.047+0200] {dagbag.py:540} INFO - Filling up the DagBag from /home/leoja/airflow/airflow_venv/lib/python3.12/site-packages/airflow/example_dags/example_trigger_controller_dag.py
[2025-07-08T14:39:51.056+0200] {processor.py:840} INFO - DAG(s) 'example_trigger_controller_dag' retrieved from /home/leoja/airflow/airflow_venv/lib/python3.12/site-packages/airflow/example_dags/example_trigger_controller_dag.py
[2025-07-08T14:39:51.079+0200] {logging_mixin.py:188} INFO - [2025-07-08T14:39:51.079+0200] {dag.py:3096} INFO - Sync 1 DAGs
[2025-07-08T14:39:51.106+0200] {logging_mixin.py:188} INFO - [2025-07-08T14:39:51.106+0200] {dag.py:3954} INFO - Setting next_dagrun for example_trigger_controller_dag to 2021-01-01 00:00:00+00:00, run_after=2021-01-01 00:00:00+00:00
[2025-07-08T14:39:51.129+0200] {processor.py:183} INFO - Processing /home/leoja/airflow/airflow_venv/lib/python3.12/site-packages/airflow/example_dags/example_trigger_controller_dag.py took 0.095 seconds
[2025-07-08T14:40:52.158+0200] {processor.py:161} INFO - Started process (PID=39996) to work on /home/leoja/airflow/airflow_venv/lib/python3.12/site-packages/airflow/example_dags/example_trigger_controller_dag.py
[2025-07-08T14:40:52.161+0200] {processor.py:830} INFO - Processing file /home/leoja/airflow/airflow_venv/lib/python3.12/site-packages/airflow/example_dags/example_trigger_controller_dag.py for tasks to queue
[2025-07-08T14:40:52.163+0200] {logging_mixin.py:188} INFO - [2025-07-08T14:40:52.162+0200] {dagbag.py:540} INFO - Filling up the DagBag from /home/leoja/airflow/airflow_venv/lib/python3.12/site-packages/airflow/example_dags/example_trigger_controller_dag.py
[2025-07-08T14:40:52.172+0200] {processor.py:840} INFO - DAG(s) 'example_trigger_controller_dag' retrieved from /home/leoja/airflow/airflow_venv/lib/python3.12/site-packages/airflow/example_dags/example_trigger_controller_dag.py
[2025-07-08T14:40:52.191+0200] {logging_mixin.py:188} INFO - [2025-07-08T14:40:52.190+0200] {dag.py:3096} INFO - Sync 1 DAGs
[2025-07-08T14:40:52.212+0200] {logging_mixin.py:188} INFO - [2025-07-08T14:40:52.212+0200] {dag.py:3954} INFO - Setting next_dagrun for example_trigger_controller_dag to 2021-01-01 00:00:00+00:00, run_after=2021-01-01 00:00:00+00:00
[2025-07-08T14:40:52.240+0200] {processor.py:183} INFO - Processing /home/leoja/airflow/airflow_venv/lib/python3.12/site-packages/airflow/example_dags/example_trigger_controller_dag.py took 0.092 seconds
[2025-07-08T14:41:50.968+0200] {processor.py:161} INFO - Started process (PID=40305) to work on /home/leoja/airflow/airflow_venv/lib/python3.12/site-packages/airflow/example_dags/example_trigger_controller_dag.py
[2025-07-08T14:41:50.970+0200] {processor.py:830} INFO - Processing file /home/leoja/airflow/airflow_venv/lib/python3.12/site-packages/airflow/example_dags/example_trigger_controller_dag.py for tasks to queue
[2025-07-08T14:41:50.971+0200] {logging_mixin.py:188} INFO - [2025-07-08T14:41:50.970+0200] {dagbag.py:540} INFO - Filling up the DagBag from /home/leoja/airflow/airflow_venv/lib/python3.12/site-packages/airflow/example_dags/example_trigger_controller_dag.py
[2025-07-08T14:41:50.977+0200] {processor.py:840} INFO - DAG(s) 'example_trigger_controller_dag' retrieved from /home/leoja/airflow/airflow_venv/lib/python3.12/site-packages/airflow/example_dags/example_trigger_controller_dag.py
[2025-07-08T14:41:50.999+0200] {logging_mixin.py:188} INFO - [2025-07-08T14:41:50.998+0200] {dag.py:3096} INFO - Sync 1 DAGs
[2025-07-08T14:41:51.024+0200] {logging_mixin.py:188} INFO - [2025-07-08T14:41:51.023+0200] {dag.py:3954} INFO - Setting next_dagrun for example_trigger_controller_dag to 2021-01-01 00:00:00+00:00, run_after=2021-01-01 00:00:00+00:00
[2025-07-08T14:41:51.056+0200] {processor.py:183} INFO - Processing /home/leoja/airflow/airflow_venv/lib/python3.12/site-packages/airflow/example_dags/example_trigger_controller_dag.py took 0.097 seconds
[2025-07-08T14:42:52.049+0200] {processor.py:161} INFO - Started process (PID=40646) to work on /home/leoja/airflow/airflow_venv/lib/python3.12/site-packages/airflow/example_dags/example_trigger_controller_dag.py
[2025-07-08T14:42:52.050+0200] {processor.py:830} INFO - Processing file /home/leoja/airflow/airflow_venv/lib/python3.12/site-packages/airflow/example_dags/example_trigger_controller_dag.py for tasks to queue
[2025-07-08T14:42:52.053+0200] {logging_mixin.py:188} INFO - [2025-07-08T14:42:52.052+0200] {dagbag.py:540} INFO - Filling up the DagBag from /home/leoja/airflow/airflow_venv/lib/python3.12/site-packages/airflow/example_dags/example_trigger_controller_dag.py
[2025-07-08T14:42:52.060+0200] {processor.py:840} INFO - DAG(s) 'example_trigger_controller_dag' retrieved from /home/leoja/airflow/airflow_venv/lib/python3.12/site-packages/airflow/example_dags/example_trigger_controller_dag.py
[2025-07-08T14:42:52.077+0200] {logging_mixin.py:188} INFO - [2025-07-08T14:42:52.077+0200] {dag.py:3096} INFO - Sync 1 DAGs
[2025-07-08T14:42:52.097+0200] {logging_mixin.py:188} INFO - [2025-07-08T14:42:52.096+0200] {dag.py:3954} INFO - Setting next_dagrun for example_trigger_controller_dag to 2021-01-01 00:00:00+00:00, run_after=2021-01-01 00:00:00+00:00
[2025-07-08T14:42:52.122+0200] {processor.py:183} INFO - Processing /home/leoja/airflow/airflow_venv/lib/python3.12/site-packages/airflow/example_dags/example_trigger_controller_dag.py took 0.081 seconds
[2025-07-08T14:43:59.163+0200] {processor.py:161} INFO - Started process (PID=41023) to work on /home/leoja/airflow/airflow_venv/lib/python3.12/site-packages/airflow/example_dags/example_trigger_controller_dag.py
[2025-07-08T14:43:59.164+0200] {processor.py:830} INFO - Processing file /home/leoja/airflow/airflow_venv/lib/python3.12/site-packages/airflow/example_dags/example_trigger_controller_dag.py for tasks to queue
[2025-07-08T14:43:59.166+0200] {logging_mixin.py:188} INFO - [2025-07-08T14:43:59.165+0200] {dagbag.py:540} INFO - Filling up the DagBag from /home/leoja/airflow/airflow_venv/lib/python3.12/site-packages/airflow/example_dags/example_trigger_controller_dag.py
[2025-07-08T14:43:59.171+0200] {processor.py:840} INFO - DAG(s) 'example_trigger_controller_dag' retrieved from /home/leoja/airflow/airflow_venv/lib/python3.12/site-packages/airflow/example_dags/example_trigger_controller_dag.py
[2025-07-08T14:43:59.187+0200] {logging_mixin.py:188} INFO - [2025-07-08T14:43:59.187+0200] {dag.py:3096} INFO - Sync 1 DAGs
[2025-07-08T14:43:59.205+0200] {logging_mixin.py:188} INFO - [2025-07-08T14:43:59.204+0200] {dag.py:3954} INFO - Setting next_dagrun for example_trigger_controller_dag to 2021-01-01 00:00:00+00:00, run_after=2021-01-01 00:00:00+00:00
[2025-07-08T14:43:59.231+0200] {processor.py:183} INFO - Processing /home/leoja/airflow/airflow_venv/lib/python3.12/site-packages/airflow/example_dags/example_trigger_controller_dag.py took 0.074 seconds
[2025-07-08T14:45:01.063+0200] {processor.py:161} INFO - Started process (PID=41367) to work on /home/leoja/airflow/airflow_venv/lib/python3.12/site-packages/airflow/example_dags/example_trigger_controller_dag.py
[2025-07-08T14:45:01.066+0200] {processor.py:830} INFO - Processing file /home/leoja/airflow/airflow_venv/lib/python3.12/site-packages/airflow/example_dags/example_trigger_controller_dag.py for tasks to queue
[2025-07-08T14:45:01.067+0200] {logging_mixin.py:188} INFO - [2025-07-08T14:45:01.067+0200] {dagbag.py:540} INFO - Filling up the DagBag from /home/leoja/airflow/airflow_venv/lib/python3.12/site-packages/airflow/example_dags/example_trigger_controller_dag.py
[2025-07-08T14:45:01.076+0200] {processor.py:840} INFO - DAG(s) 'example_trigger_controller_dag' retrieved from /home/leoja/airflow/airflow_venv/lib/python3.12/site-packages/airflow/example_dags/example_trigger_controller_dag.py
[2025-07-08T14:45:01.101+0200] {logging_mixin.py:188} INFO - [2025-07-08T14:45:01.101+0200] {dag.py:3096} INFO - Sync 1 DAGs
[2025-07-08T14:45:01.123+0200] {logging_mixin.py:188} INFO - [2025-07-08T14:45:01.123+0200] {dag.py:3954} INFO - Setting next_dagrun for example_trigger_controller_dag to 2021-01-01 00:00:00+00:00, run_after=2021-01-01 00:00:00+00:00
[2025-07-08T14:45:01.147+0200] {processor.py:183} INFO - Processing /home/leoja/airflow/airflow_venv/lib/python3.12/site-packages/airflow/example_dags/example_trigger_controller_dag.py took 0.095 seconds
[2025-07-08T14:46:04.185+0200] {processor.py:161} INFO - Started process (PID=41710) to work on /home/leoja/airflow/airflow_venv/lib/python3.12/site-packages/airflow/example_dags/example_trigger_controller_dag.py
[2025-07-08T14:46:04.188+0200] {processor.py:830} INFO - Processing file /home/leoja/airflow/airflow_venv/lib/python3.12/site-packages/airflow/example_dags/example_trigger_controller_dag.py for tasks to queue
[2025-07-08T14:46:04.190+0200] {logging_mixin.py:188} INFO - [2025-07-08T14:46:04.189+0200] {dagbag.py:540} INFO - Filling up the DagBag from /home/leoja/airflow/airflow_venv/lib/python3.12/site-packages/airflow/example_dags/example_trigger_controller_dag.py
[2025-07-08T14:46:04.200+0200] {processor.py:840} INFO - DAG(s) 'example_trigger_controller_dag' retrieved from /home/leoja/airflow/airflow_venv/lib/python3.12/site-packages/airflow/example_dags/example_trigger_controller_dag.py
[2025-07-08T14:46:04.217+0200] {logging_mixin.py:188} INFO - [2025-07-08T14:46:04.217+0200] {dag.py:3096} INFO - Sync 1 DAGs
[2025-07-08T14:46:04.244+0200] {logging_mixin.py:188} INFO - [2025-07-08T14:46:04.243+0200] {dag.py:3954} INFO - Setting next_dagrun for example_trigger_controller_dag to 2021-01-01 00:00:00+00:00, run_after=2021-01-01 00:00:00+00:00
[2025-07-08T14:46:04.278+0200] {processor.py:183} INFO - Processing /home/leoja/airflow/airflow_venv/lib/python3.12/site-packages/airflow/example_dags/example_trigger_controller_dag.py took 0.106 seconds
[2025-07-08T14:47:03.755+0200] {processor.py:161} INFO - Started process (PID=42020) to work on /home/leoja/airflow/airflow_venv/lib/python3.12/site-packages/airflow/example_dags/example_trigger_controller_dag.py
[2025-07-08T14:47:03.758+0200] {processor.py:830} INFO - Processing file /home/leoja/airflow/airflow_venv/lib/python3.12/site-packages/airflow/example_dags/example_trigger_controller_dag.py for tasks to queue
[2025-07-08T14:47:03.760+0200] {logging_mixin.py:188} INFO - [2025-07-08T14:47:03.759+0200] {dagbag.py:540} INFO - Filling up the DagBag from /home/leoja/airflow/airflow_venv/lib/python3.12/site-packages/airflow/example_dags/example_trigger_controller_dag.py
[2025-07-08T14:47:03.770+0200] {processor.py:840} INFO - DAG(s) 'example_trigger_controller_dag' retrieved from /home/leoja/airflow/airflow_venv/lib/python3.12/site-packages/airflow/example_dags/example_trigger_controller_dag.py
[2025-07-08T14:47:03.796+0200] {logging_mixin.py:188} INFO - [2025-07-08T14:47:03.796+0200] {dag.py:3096} INFO - Sync 1 DAGs
[2025-07-08T14:47:03.815+0200] {logging_mixin.py:188} INFO - [2025-07-08T14:47:03.814+0200] {dag.py:3954} INFO - Setting next_dagrun for example_trigger_controller_dag to 2021-01-01 00:00:00+00:00, run_after=2021-01-01 00:00:00+00:00
[2025-07-08T14:47:03.842+0200] {processor.py:183} INFO - Processing /home/leoja/airflow/airflow_venv/lib/python3.12/site-packages/airflow/example_dags/example_trigger_controller_dag.py took 0.102 seconds
[2025-07-08T14:48:06.755+0200] {processor.py:161} INFO - Started process (PID=42352) to work on /home/leoja/airflow/airflow_venv/lib/python3.12/site-packages/airflow/example_dags/example_trigger_controller_dag.py
[2025-07-08T14:48:06.758+0200] {processor.py:830} INFO - Processing file /home/leoja/airflow/airflow_venv/lib/python3.12/site-packages/airflow/example_dags/example_trigger_controller_dag.py for tasks to queue
[2025-07-08T14:48:06.759+0200] {logging_mixin.py:188} INFO - [2025-07-08T14:48:06.758+0200] {dagbag.py:540} INFO - Filling up the DagBag from /home/leoja/airflow/airflow_venv/lib/python3.12/site-packages/airflow/example_dags/example_trigger_controller_dag.py
[2025-07-08T14:48:06.764+0200] {processor.py:840} INFO - DAG(s) 'example_trigger_controller_dag' retrieved from /home/leoja/airflow/airflow_venv/lib/python3.12/site-packages/airflow/example_dags/example_trigger_controller_dag.py
[2025-07-08T14:48:06.781+0200] {logging_mixin.py:188} INFO - [2025-07-08T14:48:06.781+0200] {dag.py:3096} INFO - Sync 1 DAGs
[2025-07-08T14:48:06.799+0200] {logging_mixin.py:188} INFO - [2025-07-08T14:48:06.799+0200] {dag.py:3954} INFO - Setting next_dagrun for example_trigger_controller_dag to 2021-01-01 00:00:00+00:00, run_after=2021-01-01 00:00:00+00:00
[2025-07-08T14:48:06.827+0200] {processor.py:183} INFO - Processing /home/leoja/airflow/airflow_venv/lib/python3.12/site-packages/airflow/example_dags/example_trigger_controller_dag.py took 0.078 seconds
[2025-07-08T14:49:11.454+0200] {processor.py:161} INFO - Started process (PID=42674) to work on /home/leoja/airflow/airflow_venv/lib/python3.12/site-packages/airflow/example_dags/example_trigger_controller_dag.py
[2025-07-08T14:49:11.456+0200] {processor.py:830} INFO - Processing file /home/leoja/airflow/airflow_venv/lib/python3.12/site-packages/airflow/example_dags/example_trigger_controller_dag.py for tasks to queue
[2025-07-08T14:49:11.457+0200] {logging_mixin.py:188} INFO - [2025-07-08T14:49:11.456+0200] {dagbag.py:540} INFO - Filling up the DagBag from /home/leoja/airflow/airflow_venv/lib/python3.12/site-packages/airflow/example_dags/example_trigger_controller_dag.py
[2025-07-08T14:49:11.463+0200] {processor.py:840} INFO - DAG(s) 'example_trigger_controller_dag' retrieved from /home/leoja/airflow/airflow_venv/lib/python3.12/site-packages/airflow/example_dags/example_trigger_controller_dag.py
[2025-07-08T14:49:11.487+0200] {logging_mixin.py:188} INFO - [2025-07-08T14:49:11.486+0200] {dag.py:3096} INFO - Sync 1 DAGs
[2025-07-08T14:49:11.509+0200] {logging_mixin.py:188} INFO - [2025-07-08T14:49:11.509+0200] {dag.py:3954} INFO - Setting next_dagrun for example_trigger_controller_dag to 2021-01-01 00:00:00+00:00, run_after=2021-01-01 00:00:00+00:00
[2025-07-08T14:49:11.535+0200] {processor.py:183} INFO - Processing /home/leoja/airflow/airflow_venv/lib/python3.12/site-packages/airflow/example_dags/example_trigger_controller_dag.py took 0.094 seconds
[2025-07-08T14:50:15.572+0200] {processor.py:161} INFO - Started process (PID=43053) to work on /home/leoja/airflow/airflow_venv/lib/python3.12/site-packages/airflow/example_dags/example_trigger_controller_dag.py
[2025-07-08T14:50:15.575+0200] {processor.py:830} INFO - Processing file /home/leoja/airflow/airflow_venv/lib/python3.12/site-packages/airflow/example_dags/example_trigger_controller_dag.py for tasks to queue
[2025-07-08T14:50:15.577+0200] {logging_mixin.py:188} INFO - [2025-07-08T14:50:15.576+0200] {dagbag.py:540} INFO - Filling up the DagBag from /home/leoja/airflow/airflow_venv/lib/python3.12/site-packages/airflow/example_dags/example_trigger_controller_dag.py
[2025-07-08T14:50:15.586+0200] {processor.py:840} INFO - DAG(s) 'example_trigger_controller_dag' retrieved from /home/leoja/airflow/airflow_venv/lib/python3.12/site-packages/airflow/example_dags/example_trigger_controller_dag.py
[2025-07-08T14:50:15.601+0200] {logging_mixin.py:188} INFO - [2025-07-08T14:50:15.601+0200] {dag.py:3096} INFO - Sync 1 DAGs
[2025-07-08T14:50:15.620+0200] {logging_mixin.py:188} INFO - [2025-07-08T14:50:15.619+0200] {dag.py:3954} INFO - Setting next_dagrun for example_trigger_controller_dag to 2021-01-01 00:00:00+00:00, run_after=2021-01-01 00:00:00+00:00
[2025-07-08T14:50:15.646+0200] {processor.py:183} INFO - Processing /home/leoja/airflow/airflow_venv/lib/python3.12/site-packages/airflow/example_dags/example_trigger_controller_dag.py took 0.087 seconds
[2025-07-08T14:51:15.831+0200] {processor.py:161} INFO - Started process (PID=43382) to work on /home/leoja/airflow/airflow_venv/lib/python3.12/site-packages/airflow/example_dags/example_trigger_controller_dag.py
[2025-07-08T14:51:15.835+0200] {processor.py:830} INFO - Processing file /home/leoja/airflow/airflow_venv/lib/python3.12/site-packages/airflow/example_dags/example_trigger_controller_dag.py for tasks to queue
[2025-07-08T14:51:15.836+0200] {logging_mixin.py:188} INFO - [2025-07-08T14:51:15.835+0200] {dagbag.py:540} INFO - Filling up the DagBag from /home/leoja/airflow/airflow_venv/lib/python3.12/site-packages/airflow/example_dags/example_trigger_controller_dag.py
[2025-07-08T14:51:15.843+0200] {processor.py:840} INFO - DAG(s) 'example_trigger_controller_dag' retrieved from /home/leoja/airflow/airflow_venv/lib/python3.12/site-packages/airflow/example_dags/example_trigger_controller_dag.py
[2025-07-08T14:51:15.864+0200] {logging_mixin.py:188} INFO - [2025-07-08T14:51:15.864+0200] {dag.py:3096} INFO - Sync 1 DAGs
[2025-07-08T14:51:15.884+0200] {logging_mixin.py:188} INFO - [2025-07-08T14:51:15.884+0200] {dag.py:3954} INFO - Setting next_dagrun for example_trigger_controller_dag to 2021-01-01 00:00:00+00:00, run_after=2021-01-01 00:00:00+00:00
[2025-07-08T14:51:15.912+0200] {processor.py:183} INFO - Processing /home/leoja/airflow/airflow_venv/lib/python3.12/site-packages/airflow/example_dags/example_trigger_controller_dag.py took 0.097 seconds
[2025-07-08T14:52:10.209+0200] {processor.py:161} INFO - Started process (PID=43657) to work on /home/leoja/airflow/airflow_venv/lib/python3.12/site-packages/airflow/example_dags/example_trigger_controller_dag.py
[2025-07-08T14:52:10.212+0200] {processor.py:830} INFO - Processing file /home/leoja/airflow/airflow_venv/lib/python3.12/site-packages/airflow/example_dags/example_trigger_controller_dag.py for tasks to queue
[2025-07-08T14:52:10.213+0200] {logging_mixin.py:188} INFO - [2025-07-08T14:52:10.212+0200] {dagbag.py:540} INFO - Filling up the DagBag from /home/leoja/airflow/airflow_venv/lib/python3.12/site-packages/airflow/example_dags/example_trigger_controller_dag.py
[2025-07-08T14:52:10.219+0200] {processor.py:840} INFO - DAG(s) 'example_trigger_controller_dag' retrieved from /home/leoja/airflow/airflow_venv/lib/python3.12/site-packages/airflow/example_dags/example_trigger_controller_dag.py
[2025-07-08T14:52:10.233+0200] {logging_mixin.py:188} INFO - [2025-07-08T14:52:10.233+0200] {dag.py:3096} INFO - Sync 1 DAGs
[2025-07-08T14:52:10.248+0200] {logging_mixin.py:188} INFO - [2025-07-08T14:52:10.248+0200] {dag.py:3954} INFO - Setting next_dagrun for example_trigger_controller_dag to 2021-01-01 00:00:00+00:00, run_after=2021-01-01 00:00:00+00:00
[2025-07-08T14:52:10.271+0200] {processor.py:183} INFO - Processing /home/leoja/airflow/airflow_venv/lib/python3.12/site-packages/airflow/example_dags/example_trigger_controller_dag.py took 0.073 seconds
[2025-07-08T16:00:27.388+0200] {processor.py:161} INFO - Started process (PID=44122) to work on /home/leoja/airflow/airflow_venv/lib/python3.12/site-packages/airflow/example_dags/example_trigger_controller_dag.py
[2025-07-08T16:00:27.389+0200] {processor.py:830} INFO - Processing file /home/leoja/airflow/airflow_venv/lib/python3.12/site-packages/airflow/example_dags/example_trigger_controller_dag.py for tasks to queue
[2025-07-08T16:00:27.391+0200] {logging_mixin.py:188} INFO - [2025-07-08T16:00:27.390+0200] {dagbag.py:540} INFO - Filling up the DagBag from /home/leoja/airflow/airflow_venv/lib/python3.12/site-packages/airflow/example_dags/example_trigger_controller_dag.py
[2025-07-08T16:00:27.396+0200] {processor.py:840} INFO - DAG(s) 'example_trigger_controller_dag' retrieved from /home/leoja/airflow/airflow_venv/lib/python3.12/site-packages/airflow/example_dags/example_trigger_controller_dag.py
[2025-07-08T16:00:27.420+0200] {logging_mixin.py:188} INFO - [2025-07-08T16:00:27.418+0200] {dag.py:3096} INFO - Sync 1 DAGs
[2025-07-08T16:00:27.447+0200] {logging_mixin.py:188} INFO - [2025-07-08T16:00:27.446+0200] {dag.py:3954} INFO - Setting next_dagrun for example_trigger_controller_dag to 2021-01-01 00:00:00+00:00, run_after=2021-01-01 00:00:00+00:00
[2025-07-08T16:00:27.490+0200] {processor.py:183} INFO - Processing /home/leoja/airflow/airflow_venv/lib/python3.12/site-packages/airflow/example_dags/example_trigger_controller_dag.py took 0.111 seconds
[2025-07-08T16:01:27.151+0200] {processor.py:161} INFO - Started process (PID=44455) to work on /home/leoja/airflow/airflow_venv/lib/python3.12/site-packages/airflow/example_dags/example_trigger_controller_dag.py
[2025-07-08T16:01:27.152+0200] {processor.py:830} INFO - Processing file /home/leoja/airflow/airflow_venv/lib/python3.12/site-packages/airflow/example_dags/example_trigger_controller_dag.py for tasks to queue
[2025-07-08T16:01:27.153+0200] {logging_mixin.py:188} INFO - [2025-07-08T16:01:27.153+0200] {dagbag.py:540} INFO - Filling up the DagBag from /home/leoja/airflow/airflow_venv/lib/python3.12/site-packages/airflow/example_dags/example_trigger_controller_dag.py
[2025-07-08T16:01:27.158+0200] {processor.py:840} INFO - DAG(s) 'example_trigger_controller_dag' retrieved from /home/leoja/airflow/airflow_venv/lib/python3.12/site-packages/airflow/example_dags/example_trigger_controller_dag.py
[2025-07-08T16:01:27.174+0200] {logging_mixin.py:188} INFO - [2025-07-08T16:01:27.174+0200] {dag.py:3096} INFO - Sync 1 DAGs
[2025-07-08T16:01:27.188+0200] {logging_mixin.py:188} INFO - [2025-07-08T16:01:27.188+0200] {dag.py:3954} INFO - Setting next_dagrun for example_trigger_controller_dag to 2021-01-01 00:00:00+00:00, run_after=2021-01-01 00:00:00+00:00
[2025-07-08T16:01:27.220+0200] {processor.py:183} INFO - Processing /home/leoja/airflow/airflow_venv/lib/python3.12/site-packages/airflow/example_dags/example_trigger_controller_dag.py took 0.076 seconds
[2025-07-08T16:02:23.655+0200] {processor.py:161} INFO - Started process (PID=44765) to work on /home/leoja/airflow/airflow_venv/lib/python3.12/site-packages/airflow/example_dags/example_trigger_controller_dag.py
[2025-07-08T16:02:23.657+0200] {processor.py:830} INFO - Processing file /home/leoja/airflow/airflow_venv/lib/python3.12/site-packages/airflow/example_dags/example_trigger_controller_dag.py for tasks to queue
[2025-07-08T16:02:23.659+0200] {logging_mixin.py:188} INFO - [2025-07-08T16:02:23.658+0200] {dagbag.py:540} INFO - Filling up the DagBag from /home/leoja/airflow/airflow_venv/lib/python3.12/site-packages/airflow/example_dags/example_trigger_controller_dag.py
[2025-07-08T16:02:23.664+0200] {processor.py:840} INFO - DAG(s) 'example_trigger_controller_dag' retrieved from /home/leoja/airflow/airflow_venv/lib/python3.12/site-packages/airflow/example_dags/example_trigger_controller_dag.py
[2025-07-08T16:02:23.678+0200] {logging_mixin.py:188} INFO - [2025-07-08T16:02:23.677+0200] {dag.py:3096} INFO - Sync 1 DAGs
[2025-07-08T16:02:23.694+0200] {logging_mixin.py:188} INFO - [2025-07-08T16:02:23.694+0200] {dag.py:3954} INFO - Setting next_dagrun for example_trigger_controller_dag to 2021-01-01 00:00:00+00:00, run_after=2021-01-01 00:00:00+00:00
[2025-07-08T16:02:23.725+0200] {processor.py:183} INFO - Processing /home/leoja/airflow/airflow_venv/lib/python3.12/site-packages/airflow/example_dags/example_trigger_controller_dag.py took 0.075 seconds
[2025-07-08T16:03:16.897+0200] {processor.py:161} INFO - Started process (PID=45041) to work on /home/leoja/airflow/airflow_venv/lib/python3.12/site-packages/airflow/example_dags/example_trigger_controller_dag.py
[2025-07-08T16:03:16.900+0200] {processor.py:830} INFO - Processing file /home/leoja/airflow/airflow_venv/lib/python3.12/site-packages/airflow/example_dags/example_trigger_controller_dag.py for tasks to queue
[2025-07-08T16:03:16.901+0200] {logging_mixin.py:188} INFO - [2025-07-08T16:03:16.900+0200] {dagbag.py:540} INFO - Filling up the DagBag from /home/leoja/airflow/airflow_venv/lib/python3.12/site-packages/airflow/example_dags/example_trigger_controller_dag.py
[2025-07-08T16:03:16.905+0200] {processor.py:840} INFO - DAG(s) 'example_trigger_controller_dag' retrieved from /home/leoja/airflow/airflow_venv/lib/python3.12/site-packages/airflow/example_dags/example_trigger_controller_dag.py
[2025-07-08T16:03:16.919+0200] {logging_mixin.py:188} INFO - [2025-07-08T16:03:16.919+0200] {dag.py:3096} INFO - Sync 1 DAGs
[2025-07-08T16:03:16.935+0200] {logging_mixin.py:188} INFO - [2025-07-08T16:03:16.935+0200] {dag.py:3954} INFO - Setting next_dagrun for example_trigger_controller_dag to 2021-01-01 00:00:00+00:00, run_after=2021-01-01 00:00:00+00:00
[2025-07-08T16:03:16.956+0200] {processor.py:183} INFO - Processing /home/leoja/airflow/airflow_venv/lib/python3.12/site-packages/airflow/example_dags/example_trigger_controller_dag.py took 0.064 seconds
[2025-07-08T16:04:11.739+0200] {processor.py:161} INFO - Started process (PID=45346) to work on /home/leoja/airflow/airflow_venv/lib/python3.12/site-packages/airflow/example_dags/example_trigger_controller_dag.py
[2025-07-08T16:04:11.741+0200] {processor.py:830} INFO - Processing file /home/leoja/airflow/airflow_venv/lib/python3.12/site-packages/airflow/example_dags/example_trigger_controller_dag.py for tasks to queue
[2025-07-08T16:04:11.742+0200] {logging_mixin.py:188} INFO - [2025-07-08T16:04:11.741+0200] {dagbag.py:540} INFO - Filling up the DagBag from /home/leoja/airflow/airflow_venv/lib/python3.12/site-packages/airflow/example_dags/example_trigger_controller_dag.py
[2025-07-08T16:04:11.749+0200] {processor.py:840} INFO - DAG(s) 'example_trigger_controller_dag' retrieved from /home/leoja/airflow/airflow_venv/lib/python3.12/site-packages/airflow/example_dags/example_trigger_controller_dag.py
[2025-07-08T16:04:11.765+0200] {logging_mixin.py:188} INFO - [2025-07-08T16:04:11.765+0200] {dag.py:3096} INFO - Sync 1 DAGs
[2025-07-08T16:04:11.782+0200] {logging_mixin.py:188} INFO - [2025-07-08T16:04:11.781+0200] {dag.py:3954} INFO - Setting next_dagrun for example_trigger_controller_dag to 2021-01-01 00:00:00+00:00, run_after=2021-01-01 00:00:00+00:00
[2025-07-08T16:04:11.802+0200] {processor.py:183} INFO - Processing /home/leoja/airflow/airflow_venv/lib/python3.12/site-packages/airflow/example_dags/example_trigger_controller_dag.py took 0.067 seconds
[2025-07-08T16:05:02.290+0200] {processor.py:161} INFO - Started process (PID=45618) to work on /home/leoja/airflow/airflow_venv/lib/python3.12/site-packages/airflow/example_dags/example_trigger_controller_dag.py
[2025-07-08T16:05:02.291+0200] {processor.py:830} INFO - Processing file /home/leoja/airflow/airflow_venv/lib/python3.12/site-packages/airflow/example_dags/example_trigger_controller_dag.py for tasks to queue
[2025-07-08T16:05:02.292+0200] {logging_mixin.py:188} INFO - [2025-07-08T16:05:02.292+0200] {dagbag.py:540} INFO - Filling up the DagBag from /home/leoja/airflow/airflow_venv/lib/python3.12/site-packages/airflow/example_dags/example_trigger_controller_dag.py
[2025-07-08T16:05:02.297+0200] {processor.py:840} INFO - DAG(s) 'example_trigger_controller_dag' retrieved from /home/leoja/airflow/airflow_venv/lib/python3.12/site-packages/airflow/example_dags/example_trigger_controller_dag.py
[2025-07-08T16:05:02.311+0200] {logging_mixin.py:188} INFO - [2025-07-08T16:05:02.311+0200] {dag.py:3096} INFO - Sync 1 DAGs
[2025-07-08T16:05:02.326+0200] {logging_mixin.py:188} INFO - [2025-07-08T16:05:02.326+0200] {dag.py:3954} INFO - Setting next_dagrun for example_trigger_controller_dag to 2021-01-01 00:00:00+00:00, run_after=2021-01-01 00:00:00+00:00
[2025-07-08T16:05:02.345+0200] {processor.py:183} INFO - Processing /home/leoja/airflow/airflow_venv/lib/python3.12/site-packages/airflow/example_dags/example_trigger_controller_dag.py took 0.061 seconds
[2025-07-08T16:05:59.070+0200] {processor.py:161} INFO - Started process (PID=45926) to work on /home/leoja/airflow/airflow_venv/lib/python3.12/site-packages/airflow/example_dags/example_trigger_controller_dag.py
[2025-07-08T16:05:59.072+0200] {processor.py:830} INFO - Processing file /home/leoja/airflow/airflow_venv/lib/python3.12/site-packages/airflow/example_dags/example_trigger_controller_dag.py for tasks to queue
[2025-07-08T16:05:59.074+0200] {logging_mixin.py:188} INFO - [2025-07-08T16:05:59.073+0200] {dagbag.py:540} INFO - Filling up the DagBag from /home/leoja/airflow/airflow_venv/lib/python3.12/site-packages/airflow/example_dags/example_trigger_controller_dag.py
[2025-07-08T16:05:59.080+0200] {processor.py:840} INFO - DAG(s) 'example_trigger_controller_dag' retrieved from /home/leoja/airflow/airflow_venv/lib/python3.12/site-packages/airflow/example_dags/example_trigger_controller_dag.py
[2025-07-08T16:05:59.096+0200] {logging_mixin.py:188} INFO - [2025-07-08T16:05:59.096+0200] {dag.py:3096} INFO - Sync 1 DAGs
[2025-07-08T16:05:59.114+0200] {logging_mixin.py:188} INFO - [2025-07-08T16:05:59.114+0200] {dag.py:3954} INFO - Setting next_dagrun for example_trigger_controller_dag to 2021-01-01 00:00:00+00:00, run_after=2021-01-01 00:00:00+00:00
[2025-07-08T16:05:59.137+0200] {processor.py:183} INFO - Processing /home/leoja/airflow/airflow_venv/lib/python3.12/site-packages/airflow/example_dags/example_trigger_controller_dag.py took 0.073 seconds
