[2025-07-08T14:29:32.871+0200] {processor.py:161} INFO - Started process (PID=35663) to work on /home/leoja/airflow/airflow_venv/lib/python3.12/site-packages/airflow/example_dags/example_setup_teardown_taskflow.py
[2025-07-08T14:29:32.872+0200] {processor.py:830} INFO - Processing file /home/leoja/airflow/airflow_venv/lib/python3.12/site-packages/airflow/example_dags/example_setup_teardown_taskflow.py for tasks to queue
[2025-07-08T14:29:32.873+0200] {logging_mixin.py:188} INFO - [2025-07-08T14:29:32.872+0200] {dagbag.py:540} INFO - Filling up the DagBag from /home/leoja/airflow/airflow_venv/lib/python3.12/site-packages/airflow/example_dags/example_setup_teardown_taskflow.py
[2025-07-08T14:29:32.880+0200] {processor.py:840} INFO - DAG(s) 'example_setup_teardown_taskflow' retrieved from /home/leoja/airflow/airflow_venv/lib/python3.12/site-packages/airflow/example_dags/example_setup_teardown_taskflow.py
[2025-07-08T14:29:32.892+0200] {logging_mixin.py:188} INFO - [2025-07-08T14:29:32.892+0200] {dag.py:3096} INFO - Sync 1 DAGs
[2025-07-08T14:29:32.910+0200] {logging_mixin.py:188} INFO - [2025-07-08T14:29:32.910+0200] {dag.py:3954} INFO - Setting next_dagrun for example_setup_teardown_taskflow to 2025-07-07 00:00:00+00:00, run_after=2025-07-08 00:00:00+00:00
[2025-07-08T14:29:32.935+0200] {processor.py:183} INFO - Processing /home/leoja/airflow/airflow_venv/lib/python3.12/site-packages/airflow/example_dags/example_setup_teardown_taskflow.py took 0.071 seconds
[2025-07-08T14:30:22.149+0200] {processor.py:161} INFO - Started process (PID=36002) to work on /home/leoja/airflow/airflow_venv/lib/python3.12/site-packages/airflow/example_dags/example_setup_teardown_taskflow.py
[2025-07-08T14:30:22.152+0200] {processor.py:830} INFO - Processing file /home/leoja/airflow/airflow_venv/lib/python3.12/site-packages/airflow/example_dags/example_setup_teardown_taskflow.py for tasks to queue
[2025-07-08T14:30:22.154+0200] {logging_mixin.py:188} INFO - [2025-07-08T14:30:22.153+0200] {dagbag.py:540} INFO - Filling up the DagBag from /home/leoja/airflow/airflow_venv/lib/python3.12/site-packages/airflow/example_dags/example_setup_teardown_taskflow.py
[2025-07-08T14:30:22.167+0200] {processor.py:840} INFO - DAG(s) 'example_setup_teardown_taskflow' retrieved from /home/leoja/airflow/airflow_venv/lib/python3.12/site-packages/airflow/example_dags/example_setup_teardown_taskflow.py
[2025-07-08T14:30:22.194+0200] {logging_mixin.py:188} INFO - [2025-07-08T14:30:22.194+0200] {dag.py:3096} INFO - Sync 1 DAGs
[2025-07-08T14:30:22.216+0200] {logging_mixin.py:188} INFO - [2025-07-08T14:30:22.216+0200] {dag.py:3954} INFO - Setting next_dagrun for example_setup_teardown_taskflow to 2025-07-07 00:00:00+00:00, run_after=2025-07-08 00:00:00+00:00
[2025-07-08T14:30:22.296+0200] {processor.py:183} INFO - Processing /home/leoja/airflow/airflow_venv/lib/python3.12/site-packages/airflow/example_dags/example_setup_teardown_taskflow.py took 0.155 seconds
[2025-07-08T14:31:12.407+0200] {processor.py:161} INFO - Started process (PID=36258) to work on /home/leoja/airflow/airflow_venv/lib/python3.12/site-packages/airflow/example_dags/example_setup_teardown_taskflow.py
[2025-07-08T14:31:12.408+0200] {processor.py:830} INFO - Processing file /home/leoja/airflow/airflow_venv/lib/python3.12/site-packages/airflow/example_dags/example_setup_teardown_taskflow.py for tasks to queue
[2025-07-08T14:31:12.410+0200] {logging_mixin.py:188} INFO - [2025-07-08T14:31:12.410+0200] {dagbag.py:540} INFO - Filling up the DagBag from /home/leoja/airflow/airflow_venv/lib/python3.12/site-packages/airflow/example_dags/example_setup_teardown_taskflow.py
[2025-07-08T14:31:12.435+0200] {processor.py:840} INFO - DAG(s) 'example_setup_teardown_taskflow' retrieved from /home/leoja/airflow/airflow_venv/lib/python3.12/site-packages/airflow/example_dags/example_setup_teardown_taskflow.py
[2025-07-08T14:31:12.455+0200] {logging_mixin.py:188} INFO - [2025-07-08T14:31:12.455+0200] {dag.py:3096} INFO - Sync 1 DAGs
[2025-07-08T14:31:12.477+0200] {logging_mixin.py:188} INFO - [2025-07-08T14:31:12.477+0200] {dag.py:3954} INFO - Setting next_dagrun for example_setup_teardown_taskflow to 2025-07-07 00:00:00+00:00, run_after=2025-07-08 00:00:00+00:00
[2025-07-08T14:31:12.506+0200] {processor.py:183} INFO - Processing /home/leoja/airflow/airflow_venv/lib/python3.12/site-packages/airflow/example_dags/example_setup_teardown_taskflow.py took 0.104 seconds
[2025-07-08T14:32:12.648+0200] {processor.py:161} INFO - Started process (PID=36591) to work on /home/leoja/airflow/airflow_venv/lib/python3.12/site-packages/airflow/example_dags/example_setup_teardown_taskflow.py
[2025-07-08T14:32:12.649+0200] {processor.py:830} INFO - Processing file /home/leoja/airflow/airflow_venv/lib/python3.12/site-packages/airflow/example_dags/example_setup_teardown_taskflow.py for tasks to queue
[2025-07-08T14:32:12.650+0200] {logging_mixin.py:188} INFO - [2025-07-08T14:32:12.650+0200] {dagbag.py:540} INFO - Filling up the DagBag from /home/leoja/airflow/airflow_venv/lib/python3.12/site-packages/airflow/example_dags/example_setup_teardown_taskflow.py
[2025-07-08T14:32:12.661+0200] {processor.py:840} INFO - DAG(s) 'example_setup_teardown_taskflow' retrieved from /home/leoja/airflow/airflow_venv/lib/python3.12/site-packages/airflow/example_dags/example_setup_teardown_taskflow.py
[2025-07-08T14:32:12.680+0200] {logging_mixin.py:188} INFO - [2025-07-08T14:32:12.680+0200] {dag.py:3096} INFO - Sync 1 DAGs
[2025-07-08T14:32:12.700+0200] {logging_mixin.py:188} INFO - [2025-07-08T14:32:12.700+0200] {dag.py:3954} INFO - Setting next_dagrun for example_setup_teardown_taskflow to 2025-07-07 00:00:00+00:00, run_after=2025-07-08 00:00:00+00:00
[2025-07-08T14:32:12.725+0200] {processor.py:183} INFO - Processing /home/leoja/airflow/airflow_venv/lib/python3.12/site-packages/airflow/example_dags/example_setup_teardown_taskflow.py took 0.089 seconds
[2025-07-08T14:33:11.692+0200] {processor.py:161} INFO - Started process (PID=36939) to work on /home/leoja/airflow/airflow_venv/lib/python3.12/site-packages/airflow/example_dags/example_setup_teardown_taskflow.py
[2025-07-08T14:33:11.694+0200] {processor.py:830} INFO - Processing file /home/leoja/airflow/airflow_venv/lib/python3.12/site-packages/airflow/example_dags/example_setup_teardown_taskflow.py for tasks to queue
[2025-07-08T14:33:11.694+0200] {logging_mixin.py:188} INFO - [2025-07-08T14:33:11.694+0200] {dagbag.py:540} INFO - Filling up the DagBag from /home/leoja/airflow/airflow_venv/lib/python3.12/site-packages/airflow/example_dags/example_setup_teardown_taskflow.py
[2025-07-08T14:33:11.706+0200] {processor.py:840} INFO - DAG(s) 'example_setup_teardown_taskflow' retrieved from /home/leoja/airflow/airflow_venv/lib/python3.12/site-packages/airflow/example_dags/example_setup_teardown_taskflow.py
[2025-07-08T14:33:11.721+0200] {logging_mixin.py:188} INFO - [2025-07-08T14:33:11.721+0200] {dag.py:3096} INFO - Sync 1 DAGs
[2025-07-08T14:33:11.736+0200] {logging_mixin.py:188} INFO - [2025-07-08T14:33:11.736+0200] {dag.py:3954} INFO - Setting next_dagrun for example_setup_teardown_taskflow to 2025-07-07 00:00:00+00:00, run_after=2025-07-08 00:00:00+00:00
[2025-07-08T14:33:11.762+0200] {processor.py:183} INFO - Processing /home/leoja/airflow/airflow_venv/lib/python3.12/site-packages/airflow/example_dags/example_setup_teardown_taskflow.py took 0.076 seconds
[2025-07-08T14:34:13.326+0200] {processor.py:161} INFO - Started process (PID=37269) to work on /home/leoja/airflow/airflow_venv/lib/python3.12/site-packages/airflow/example_dags/example_setup_teardown_taskflow.py
[2025-07-08T14:34:13.327+0200] {processor.py:830} INFO - Processing file /home/leoja/airflow/airflow_venv/lib/python3.12/site-packages/airflow/example_dags/example_setup_teardown_taskflow.py for tasks to queue
[2025-07-08T14:34:13.328+0200] {logging_mixin.py:188} INFO - [2025-07-08T14:34:13.328+0200] {dagbag.py:540} INFO - Filling up the DagBag from /home/leoja/airflow/airflow_venv/lib/python3.12/site-packages/airflow/example_dags/example_setup_teardown_taskflow.py
[2025-07-08T14:34:13.340+0200] {processor.py:840} INFO - DAG(s) 'example_setup_teardown_taskflow' retrieved from /home/leoja/airflow/airflow_venv/lib/python3.12/site-packages/airflow/example_dags/example_setup_teardown_taskflow.py
[2025-07-08T14:34:13.362+0200] {logging_mixin.py:188} INFO - [2025-07-08T14:34:13.362+0200] {dag.py:3096} INFO - Sync 1 DAGs
[2025-07-08T14:34:13.391+0200] {logging_mixin.py:188} INFO - [2025-07-08T14:34:13.391+0200] {dag.py:3954} INFO - Setting next_dagrun for example_setup_teardown_taskflow to 2025-07-07 00:00:00+00:00, run_after=2025-07-08 00:00:00+00:00
[2025-07-08T14:34:13.430+0200] {processor.py:183} INFO - Processing /home/leoja/airflow/airflow_venv/lib/python3.12/site-packages/airflow/example_dags/example_setup_teardown_taskflow.py took 0.111 seconds
[2025-07-08T14:35:09.014+0200] {processor.py:161} INFO - Started process (PID=37578) to work on /home/leoja/airflow/airflow_venv/lib/python3.12/site-packages/airflow/example_dags/example_setup_teardown_taskflow.py
[2025-07-08T14:35:09.017+0200] {processor.py:830} INFO - Processing file /home/leoja/airflow/airflow_venv/lib/python3.12/site-packages/airflow/example_dags/example_setup_teardown_taskflow.py for tasks to queue
[2025-07-08T14:35:09.018+0200] {logging_mixin.py:188} INFO - [2025-07-08T14:35:09.018+0200] {dagbag.py:540} INFO - Filling up the DagBag from /home/leoja/airflow/airflow_venv/lib/python3.12/site-packages/airflow/example_dags/example_setup_teardown_taskflow.py
[2025-07-08T14:35:09.036+0200] {processor.py:840} INFO - DAG(s) 'example_setup_teardown_taskflow' retrieved from /home/leoja/airflow/airflow_venv/lib/python3.12/site-packages/airflow/example_dags/example_setup_teardown_taskflow.py
[2025-07-08T14:35:09.058+0200] {logging_mixin.py:188} INFO - [2025-07-08T14:35:09.058+0200] {dag.py:3096} INFO - Sync 1 DAGs
[2025-07-08T14:35:09.079+0200] {logging_mixin.py:188} INFO - [2025-07-08T14:35:09.078+0200] {dag.py:3954} INFO - Setting next_dagrun for example_setup_teardown_taskflow to 2025-07-07 00:00:00+00:00, run_after=2025-07-08 00:00:00+00:00
[2025-07-08T14:35:09.103+0200] {processor.py:183} INFO - Processing /home/leoja/airflow/airflow_venv/lib/python3.12/site-packages/airflow/example_dags/example_setup_teardown_taskflow.py took 0.103 seconds
[2025-07-08T14:36:08.088+0200] {processor.py:161} INFO - Started process (PID=37885) to work on /home/leoja/airflow/airflow_venv/lib/python3.12/site-packages/airflow/example_dags/example_setup_teardown_taskflow.py
[2025-07-08T14:36:08.090+0200] {processor.py:830} INFO - Processing file /home/leoja/airflow/airflow_venv/lib/python3.12/site-packages/airflow/example_dags/example_setup_teardown_taskflow.py for tasks to queue
[2025-07-08T14:36:08.090+0200] {logging_mixin.py:188} INFO - [2025-07-08T14:36:08.090+0200] {dagbag.py:540} INFO - Filling up the DagBag from /home/leoja/airflow/airflow_venv/lib/python3.12/site-packages/airflow/example_dags/example_setup_teardown_taskflow.py
[2025-07-08T14:36:08.101+0200] {processor.py:840} INFO - DAG(s) 'example_setup_teardown_taskflow' retrieved from /home/leoja/airflow/airflow_venv/lib/python3.12/site-packages/airflow/example_dags/example_setup_teardown_taskflow.py
[2025-07-08T14:36:08.126+0200] {logging_mixin.py:188} INFO - [2025-07-08T14:36:08.126+0200] {dag.py:3096} INFO - Sync 1 DAGs
[2025-07-08T14:36:08.149+0200] {logging_mixin.py:188} INFO - [2025-07-08T14:36:08.149+0200] {dag.py:3954} INFO - Setting next_dagrun for example_setup_teardown_taskflow to 2025-07-07 00:00:00+00:00, run_after=2025-07-08 00:00:00+00:00
[2025-07-08T14:36:08.177+0200] {processor.py:183} INFO - Processing /home/leoja/airflow/airflow_venv/lib/python3.12/site-packages/airflow/example_dags/example_setup_teardown_taskflow.py took 0.099 seconds
[2025-07-08T14:37:02.557+0200] {processor.py:161} INFO - Started process (PID=38252) to work on /home/leoja/airflow/airflow_venv/lib/python3.12/site-packages/airflow/example_dags/example_setup_teardown_taskflow.py
[2025-07-08T14:37:02.558+0200] {processor.py:830} INFO - Processing file /home/leoja/airflow/airflow_venv/lib/python3.12/site-packages/airflow/example_dags/example_setup_teardown_taskflow.py for tasks to queue
[2025-07-08T14:37:02.560+0200] {logging_mixin.py:188} INFO - [2025-07-08T14:37:02.559+0200] {dagbag.py:540} INFO - Filling up the DagBag from /home/leoja/airflow/airflow_venv/lib/python3.12/site-packages/airflow/example_dags/example_setup_teardown_taskflow.py
[2025-07-08T14:37:02.572+0200] {processor.py:840} INFO - DAG(s) 'example_setup_teardown_taskflow' retrieved from /home/leoja/airflow/airflow_venv/lib/python3.12/site-packages/airflow/example_dags/example_setup_teardown_taskflow.py
[2025-07-08T14:37:02.594+0200] {logging_mixin.py:188} INFO - [2025-07-08T14:37:02.594+0200] {dag.py:3096} INFO - Sync 1 DAGs
[2025-07-08T14:37:02.619+0200] {logging_mixin.py:188} INFO - [2025-07-08T14:37:02.618+0200] {dag.py:3954} INFO - Setting next_dagrun for example_setup_teardown_taskflow to 2025-07-07 00:00:00+00:00, run_after=2025-07-08 00:00:00+00:00
[2025-07-08T14:37:02.644+0200] {processor.py:183} INFO - Processing /home/leoja/airflow/airflow_venv/lib/python3.12/site-packages/airflow/example_dags/example_setup_teardown_taskflow.py took 0.095 seconds
[2025-07-08T14:38:25.820+0200] {processor.py:161} INFO - Started process (PID=39171) to work on /home/leoja/airflow/airflow_venv/lib/python3.12/site-packages/airflow/example_dags/example_setup_teardown_taskflow.py
[2025-07-08T14:38:25.821+0200] {processor.py:830} INFO - Processing file /home/leoja/airflow/airflow_venv/lib/python3.12/site-packages/airflow/example_dags/example_setup_teardown_taskflow.py for tasks to queue
[2025-07-08T14:38:25.822+0200] {logging_mixin.py:188} INFO - [2025-07-08T14:38:25.822+0200] {dagbag.py:540} INFO - Filling up the DagBag from /home/leoja/airflow/airflow_venv/lib/python3.12/site-packages/airflow/example_dags/example_setup_teardown_taskflow.py
[2025-07-08T14:38:25.832+0200] {processor.py:840} INFO - DAG(s) 'example_setup_teardown_taskflow' retrieved from /home/leoja/airflow/airflow_venv/lib/python3.12/site-packages/airflow/example_dags/example_setup_teardown_taskflow.py
[2025-07-08T14:38:25.849+0200] {logging_mixin.py:188} INFO - [2025-07-08T14:38:25.849+0200] {dag.py:3096} INFO - Sync 1 DAGs
[2025-07-08T14:38:25.865+0200] {logging_mixin.py:188} INFO - [2025-07-08T14:38:25.865+0200] {dag.py:3954} INFO - Setting next_dagrun for example_setup_teardown_taskflow to 2025-07-07 00:00:00+00:00, run_after=2025-07-08 00:00:00+00:00
[2025-07-08T14:38:25.892+0200] {processor.py:183} INFO - Processing /home/leoja/airflow/airflow_venv/lib/python3.12/site-packages/airflow/example_dags/example_setup_teardown_taskflow.py took 0.078 seconds
[2025-07-08T14:39:17.896+0200] {processor.py:161} INFO - Started process (PID=39503) to work on /home/leoja/airflow/airflow_venv/lib/python3.12/site-packages/airflow/example_dags/example_setup_teardown_taskflow.py
[2025-07-08T14:39:17.898+0200] {processor.py:830} INFO - Processing file /home/leoja/airflow/airflow_venv/lib/python3.12/site-packages/airflow/example_dags/example_setup_teardown_taskflow.py for tasks to queue
[2025-07-08T14:39:17.900+0200] {logging_mixin.py:188} INFO - [2025-07-08T14:39:17.899+0200] {dagbag.py:540} INFO - Filling up the DagBag from /home/leoja/airflow/airflow_venv/lib/python3.12/site-packages/airflow/example_dags/example_setup_teardown_taskflow.py
[2025-07-08T14:39:17.912+0200] {processor.py:840} INFO - DAG(s) 'example_setup_teardown_taskflow' retrieved from /home/leoja/airflow/airflow_venv/lib/python3.12/site-packages/airflow/example_dags/example_setup_teardown_taskflow.py
[2025-07-08T14:39:17.929+0200] {logging_mixin.py:188} INFO - [2025-07-08T14:39:17.929+0200] {dag.py:3096} INFO - Sync 1 DAGs
[2025-07-08T14:39:17.947+0200] {logging_mixin.py:188} INFO - [2025-07-08T14:39:17.946+0200] {dag.py:3954} INFO - Setting next_dagrun for example_setup_teardown_taskflow to 2025-07-07 00:00:00+00:00, run_after=2025-07-08 00:00:00+00:00
[2025-07-08T14:39:17.970+0200] {processor.py:183} INFO - Processing /home/leoja/airflow/airflow_venv/lib/python3.12/site-packages/airflow/example_dags/example_setup_teardown_taskflow.py took 0.082 seconds
[2025-07-08T14:40:16.248+0200] {processor.py:161} INFO - Started process (PID=39826) to work on /home/leoja/airflow/airflow_venv/lib/python3.12/site-packages/airflow/example_dags/example_setup_teardown_taskflow.py
[2025-07-08T14:40:16.250+0200] {processor.py:830} INFO - Processing file /home/leoja/airflow/airflow_venv/lib/python3.12/site-packages/airflow/example_dags/example_setup_teardown_taskflow.py for tasks to queue
[2025-07-08T14:40:16.252+0200] {logging_mixin.py:188} INFO - [2025-07-08T14:40:16.251+0200] {dagbag.py:540} INFO - Filling up the DagBag from /home/leoja/airflow/airflow_venv/lib/python3.12/site-packages/airflow/example_dags/example_setup_teardown_taskflow.py
[2025-07-08T14:40:16.265+0200] {processor.py:840} INFO - DAG(s) 'example_setup_teardown_taskflow' retrieved from /home/leoja/airflow/airflow_venv/lib/python3.12/site-packages/airflow/example_dags/example_setup_teardown_taskflow.py
[2025-07-08T14:40:16.285+0200] {logging_mixin.py:188} INFO - [2025-07-08T14:40:16.285+0200] {dag.py:3096} INFO - Sync 1 DAGs
[2025-07-08T14:40:16.311+0200] {logging_mixin.py:188} INFO - [2025-07-08T14:40:16.311+0200] {dag.py:3954} INFO - Setting next_dagrun for example_setup_teardown_taskflow to 2025-07-07 00:00:00+00:00, run_after=2025-07-08 00:00:00+00:00
[2025-07-08T14:40:16.337+0200] {processor.py:183} INFO - Processing /home/leoja/airflow/airflow_venv/lib/python3.12/site-packages/airflow/example_dags/example_setup_teardown_taskflow.py took 0.099 seconds
[2025-07-08T14:41:20.969+0200] {processor.py:161} INFO - Started process (PID=40168) to work on /home/leoja/airflow/airflow_venv/lib/python3.12/site-packages/airflow/example_dags/example_setup_teardown_taskflow.py
[2025-07-08T14:41:20.971+0200] {processor.py:830} INFO - Processing file /home/leoja/airflow/airflow_venv/lib/python3.12/site-packages/airflow/example_dags/example_setup_teardown_taskflow.py for tasks to queue
[2025-07-08T14:41:20.972+0200] {logging_mixin.py:188} INFO - [2025-07-08T14:41:20.972+0200] {dagbag.py:540} INFO - Filling up the DagBag from /home/leoja/airflow/airflow_venv/lib/python3.12/site-packages/airflow/example_dags/example_setup_teardown_taskflow.py
[2025-07-08T14:41:20.988+0200] {processor.py:840} INFO - DAG(s) 'example_setup_teardown_taskflow' retrieved from /home/leoja/airflow/airflow_venv/lib/python3.12/site-packages/airflow/example_dags/example_setup_teardown_taskflow.py
[2025-07-08T14:41:21.007+0200] {logging_mixin.py:188} INFO - [2025-07-08T14:41:21.007+0200] {dag.py:3096} INFO - Sync 1 DAGs
[2025-07-08T14:41:21.030+0200] {logging_mixin.py:188} INFO - [2025-07-08T14:41:21.029+0200] {dag.py:3954} INFO - Setting next_dagrun for example_setup_teardown_taskflow to 2025-07-07 00:00:00+00:00, run_after=2025-07-08 00:00:00+00:00
[2025-07-08T14:41:21.055+0200] {processor.py:183} INFO - Processing /home/leoja/airflow/airflow_venv/lib/python3.12/site-packages/airflow/example_dags/example_setup_teardown_taskflow.py took 0.095 seconds
[2025-07-08T14:42:22.678+0200] {processor.py:161} INFO - Started process (PID=40479) to work on /home/leoja/airflow/airflow_venv/lib/python3.12/site-packages/airflow/example_dags/example_setup_teardown_taskflow.py
[2025-07-08T14:42:22.679+0200] {processor.py:830} INFO - Processing file /home/leoja/airflow/airflow_venv/lib/python3.12/site-packages/airflow/example_dags/example_setup_teardown_taskflow.py for tasks to queue
[2025-07-08T14:42:22.680+0200] {logging_mixin.py:188} INFO - [2025-07-08T14:42:22.680+0200] {dagbag.py:540} INFO - Filling up the DagBag from /home/leoja/airflow/airflow_venv/lib/python3.12/site-packages/airflow/example_dags/example_setup_teardown_taskflow.py
[2025-07-08T14:42:22.693+0200] {processor.py:840} INFO - DAG(s) 'example_setup_teardown_taskflow' retrieved from /home/leoja/airflow/airflow_venv/lib/python3.12/site-packages/airflow/example_dags/example_setup_teardown_taskflow.py
[2025-07-08T14:42:22.722+0200] {logging_mixin.py:188} INFO - [2025-07-08T14:42:22.722+0200] {dag.py:3096} INFO - Sync 1 DAGs
[2025-07-08T14:42:22.753+0200] {logging_mixin.py:188} INFO - [2025-07-08T14:42:22.753+0200] {dag.py:3954} INFO - Setting next_dagrun for example_setup_teardown_taskflow to 2025-07-07 00:00:00+00:00, run_after=2025-07-08 00:00:00+00:00
[2025-07-08T14:42:22.793+0200] {processor.py:183} INFO - Processing /home/leoja/airflow/airflow_venv/lib/python3.12/site-packages/airflow/example_dags/example_setup_teardown_taskflow.py took 0.121 seconds
[2025-07-08T14:43:27.382+0200] {processor.py:161} INFO - Started process (PID=40858) to work on /home/leoja/airflow/airflow_venv/lib/python3.12/site-packages/airflow/example_dags/example_setup_teardown_taskflow.py
[2025-07-08T14:43:27.384+0200] {processor.py:830} INFO - Processing file /home/leoja/airflow/airflow_venv/lib/python3.12/site-packages/airflow/example_dags/example_setup_teardown_taskflow.py for tasks to queue
[2025-07-08T14:43:27.385+0200] {logging_mixin.py:188} INFO - [2025-07-08T14:43:27.385+0200] {dagbag.py:540} INFO - Filling up the DagBag from /home/leoja/airflow/airflow_venv/lib/python3.12/site-packages/airflow/example_dags/example_setup_teardown_taskflow.py
[2025-07-08T14:43:27.408+0200] {processor.py:840} INFO - DAG(s) 'example_setup_teardown_taskflow' retrieved from /home/leoja/airflow/airflow_venv/lib/python3.12/site-packages/airflow/example_dags/example_setup_teardown_taskflow.py
[2025-07-08T14:43:27.441+0200] {logging_mixin.py:188} INFO - [2025-07-08T14:43:27.440+0200] {dag.py:3096} INFO - Sync 1 DAGs
[2025-07-08T14:43:27.473+0200] {logging_mixin.py:188} INFO - [2025-07-08T14:43:27.472+0200] {dag.py:3954} INFO - Setting next_dagrun for example_setup_teardown_taskflow to 2025-07-07 00:00:00+00:00, run_after=2025-07-08 00:00:00+00:00
[2025-07-08T14:43:27.502+0200] {processor.py:183} INFO - Processing /home/leoja/airflow/airflow_venv/lib/python3.12/site-packages/airflow/example_dags/example_setup_teardown_taskflow.py took 0.131 seconds
[2025-07-08T14:44:30.644+0200] {processor.py:161} INFO - Started process (PID=41201) to work on /home/leoja/airflow/airflow_venv/lib/python3.12/site-packages/airflow/example_dags/example_setup_teardown_taskflow.py
[2025-07-08T14:44:30.646+0200] {processor.py:830} INFO - Processing file /home/leoja/airflow/airflow_venv/lib/python3.12/site-packages/airflow/example_dags/example_setup_teardown_taskflow.py for tasks to queue
[2025-07-08T14:44:30.647+0200] {logging_mixin.py:188} INFO - [2025-07-08T14:44:30.647+0200] {dagbag.py:540} INFO - Filling up the DagBag from /home/leoja/airflow/airflow_venv/lib/python3.12/site-packages/airflow/example_dags/example_setup_teardown_taskflow.py
[2025-07-08T14:44:30.657+0200] {processor.py:840} INFO - DAG(s) 'example_setup_teardown_taskflow' retrieved from /home/leoja/airflow/airflow_venv/lib/python3.12/site-packages/airflow/example_dags/example_setup_teardown_taskflow.py
[2025-07-08T14:44:30.682+0200] {logging_mixin.py:188} INFO - [2025-07-08T14:44:30.681+0200] {dag.py:3096} INFO - Sync 1 DAGs
[2025-07-08T14:44:30.703+0200] {logging_mixin.py:188} INFO - [2025-07-08T14:44:30.703+0200] {dag.py:3954} INFO - Setting next_dagrun for example_setup_teardown_taskflow to 2025-07-07 00:00:00+00:00, run_after=2025-07-08 00:00:00+00:00
[2025-07-08T14:44:30.735+0200] {processor.py:183} INFO - Processing /home/leoja/airflow/airflow_venv/lib/python3.12/site-packages/airflow/example_dags/example_setup_teardown_taskflow.py took 0.100 seconds
[2025-07-08T14:45:32.954+0200] {processor.py:161} INFO - Started process (PID=41542) to work on /home/leoja/airflow/airflow_venv/lib/python3.12/site-packages/airflow/example_dags/example_setup_teardown_taskflow.py
[2025-07-08T14:45:32.957+0200] {processor.py:830} INFO - Processing file /home/leoja/airflow/airflow_venv/lib/python3.12/site-packages/airflow/example_dags/example_setup_teardown_taskflow.py for tasks to queue
[2025-07-08T14:45:32.958+0200] {logging_mixin.py:188} INFO - [2025-07-08T14:45:32.958+0200] {dagbag.py:540} INFO - Filling up the DagBag from /home/leoja/airflow/airflow_venv/lib/python3.12/site-packages/airflow/example_dags/example_setup_teardown_taskflow.py
[2025-07-08T14:45:32.979+0200] {processor.py:840} INFO - DAG(s) 'example_setup_teardown_taskflow' retrieved from /home/leoja/airflow/airflow_venv/lib/python3.12/site-packages/airflow/example_dags/example_setup_teardown_taskflow.py
[2025-07-08T14:45:33.004+0200] {logging_mixin.py:188} INFO - [2025-07-08T14:45:33.004+0200] {dag.py:3096} INFO - Sync 1 DAGs
[2025-07-08T14:45:33.022+0200] {logging_mixin.py:188} INFO - [2025-07-08T14:45:33.022+0200] {dag.py:3954} INFO - Setting next_dagrun for example_setup_teardown_taskflow to 2025-07-07 00:00:00+00:00, run_after=2025-07-08 00:00:00+00:00
[2025-07-08T14:45:33.049+0200] {processor.py:183} INFO - Processing /home/leoja/airflow/airflow_venv/lib/python3.12/site-packages/airflow/example_dags/example_setup_teardown_taskflow.py took 0.110 seconds
[2025-07-08T14:46:32.093+0200] {processor.py:161} INFO - Started process (PID=41853) to work on /home/leoja/airflow/airflow_venv/lib/python3.12/site-packages/airflow/example_dags/example_setup_teardown_taskflow.py
[2025-07-08T14:46:32.095+0200] {processor.py:830} INFO - Processing file /home/leoja/airflow/airflow_venv/lib/python3.12/site-packages/airflow/example_dags/example_setup_teardown_taskflow.py for tasks to queue
[2025-07-08T14:46:32.096+0200] {logging_mixin.py:188} INFO - [2025-07-08T14:46:32.095+0200] {dagbag.py:540} INFO - Filling up the DagBag from /home/leoja/airflow/airflow_venv/lib/python3.12/site-packages/airflow/example_dags/example_setup_teardown_taskflow.py
[2025-07-08T14:46:32.109+0200] {processor.py:840} INFO - DAG(s) 'example_setup_teardown_taskflow' retrieved from /home/leoja/airflow/airflow_venv/lib/python3.12/site-packages/airflow/example_dags/example_setup_teardown_taskflow.py
[2025-07-08T14:46:32.139+0200] {logging_mixin.py:188} INFO - [2025-07-08T14:46:32.138+0200] {dag.py:3096} INFO - Sync 1 DAGs
[2025-07-08T14:46:32.163+0200] {logging_mixin.py:188} INFO - [2025-07-08T14:46:32.163+0200] {dag.py:3954} INFO - Setting next_dagrun for example_setup_teardown_taskflow to 2025-07-07 00:00:00+00:00, run_after=2025-07-08 00:00:00+00:00
[2025-07-08T14:46:32.189+0200] {processor.py:183} INFO - Processing /home/leoja/airflow/airflow_venv/lib/python3.12/site-packages/airflow/example_dags/example_setup_teardown_taskflow.py took 0.107 seconds
[2025-07-08T14:47:31.702+0200] {processor.py:161} INFO - Started process (PID=42161) to work on /home/leoja/airflow/airflow_venv/lib/python3.12/site-packages/airflow/example_dags/example_setup_teardown_taskflow.py
[2025-07-08T14:47:31.704+0200] {processor.py:830} INFO - Processing file /home/leoja/airflow/airflow_venv/lib/python3.12/site-packages/airflow/example_dags/example_setup_teardown_taskflow.py for tasks to queue
[2025-07-08T14:47:31.705+0200] {logging_mixin.py:188} INFO - [2025-07-08T14:47:31.705+0200] {dagbag.py:540} INFO - Filling up the DagBag from /home/leoja/airflow/airflow_venv/lib/python3.12/site-packages/airflow/example_dags/example_setup_teardown_taskflow.py
[2025-07-08T14:47:31.715+0200] {processor.py:840} INFO - DAG(s) 'example_setup_teardown_taskflow' retrieved from /home/leoja/airflow/airflow_venv/lib/python3.12/site-packages/airflow/example_dags/example_setup_teardown_taskflow.py
[2025-07-08T14:47:31.733+0200] {logging_mixin.py:188} INFO - [2025-07-08T14:47:31.733+0200] {dag.py:3096} INFO - Sync 1 DAGs
[2025-07-08T14:47:31.755+0200] {logging_mixin.py:188} INFO - [2025-07-08T14:47:31.755+0200] {dag.py:3954} INFO - Setting next_dagrun for example_setup_teardown_taskflow to 2025-07-07 00:00:00+00:00, run_after=2025-07-08 00:00:00+00:00
[2025-07-08T14:47:31.779+0200] {processor.py:183} INFO - Processing /home/leoja/airflow/airflow_venv/lib/python3.12/site-packages/airflow/example_dags/example_setup_teardown_taskflow.py took 0.085 seconds
[2025-07-08T14:48:36.150+0200] {processor.py:161} INFO - Started process (PID=42504) to work on /home/leoja/airflow/airflow_venv/lib/python3.12/site-packages/airflow/example_dags/example_setup_teardown_taskflow.py
[2025-07-08T14:48:36.152+0200] {processor.py:830} INFO - Processing file /home/leoja/airflow/airflow_venv/lib/python3.12/site-packages/airflow/example_dags/example_setup_teardown_taskflow.py for tasks to queue
[2025-07-08T14:48:36.154+0200] {logging_mixin.py:188} INFO - [2025-07-08T14:48:36.153+0200] {dagbag.py:540} INFO - Filling up the DagBag from /home/leoja/airflow/airflow_venv/lib/python3.12/site-packages/airflow/example_dags/example_setup_teardown_taskflow.py
[2025-07-08T14:48:36.166+0200] {processor.py:840} INFO - DAG(s) 'example_setup_teardown_taskflow' retrieved from /home/leoja/airflow/airflow_venv/lib/python3.12/site-packages/airflow/example_dags/example_setup_teardown_taskflow.py
[2025-07-08T14:48:36.182+0200] {logging_mixin.py:188} INFO - [2025-07-08T14:48:36.181+0200] {dag.py:3096} INFO - Sync 1 DAGs
[2025-07-08T14:48:36.198+0200] {logging_mixin.py:188} INFO - [2025-07-08T14:48:36.198+0200] {dag.py:3954} INFO - Setting next_dagrun for example_setup_teardown_taskflow to 2025-07-07 00:00:00+00:00, run_after=2025-07-08 00:00:00+00:00
[2025-07-08T14:48:36.226+0200] {processor.py:183} INFO - Processing /home/leoja/airflow/airflow_venv/lib/python3.12/site-packages/airflow/example_dags/example_setup_teardown_taskflow.py took 0.091 seconds
[2025-07-08T14:49:40.137+0200] {processor.py:161} INFO - Started process (PID=42847) to work on /home/leoja/airflow/airflow_venv/lib/python3.12/site-packages/airflow/example_dags/example_setup_teardown_taskflow.py
[2025-07-08T14:49:40.139+0200] {processor.py:830} INFO - Processing file /home/leoja/airflow/airflow_venv/lib/python3.12/site-packages/airflow/example_dags/example_setup_teardown_taskflow.py for tasks to queue
[2025-07-08T14:49:40.140+0200] {logging_mixin.py:188} INFO - [2025-07-08T14:49:40.139+0200] {dagbag.py:540} INFO - Filling up the DagBag from /home/leoja/airflow/airflow_venv/lib/python3.12/site-packages/airflow/example_dags/example_setup_teardown_taskflow.py
[2025-07-08T14:49:40.151+0200] {processor.py:840} INFO - DAG(s) 'example_setup_teardown_taskflow' retrieved from /home/leoja/airflow/airflow_venv/lib/python3.12/site-packages/airflow/example_dags/example_setup_teardown_taskflow.py
[2025-07-08T14:49:40.173+0200] {logging_mixin.py:188} INFO - [2025-07-08T14:49:40.172+0200] {dag.py:3096} INFO - Sync 1 DAGs
[2025-07-08T14:49:40.189+0200] {logging_mixin.py:188} INFO - [2025-07-08T14:49:40.188+0200] {dag.py:3954} INFO - Setting next_dagrun for example_setup_teardown_taskflow to 2025-07-07 00:00:00+00:00, run_after=2025-07-08 00:00:00+00:00
[2025-07-08T14:49:40.217+0200] {processor.py:183} INFO - Processing /home/leoja/airflow/airflow_venv/lib/python3.12/site-packages/airflow/example_dags/example_setup_teardown_taskflow.py took 0.088 seconds
[2025-07-08T14:50:44.643+0200] {processor.py:161} INFO - Started process (PID=43221) to work on /home/leoja/airflow/airflow_venv/lib/python3.12/site-packages/airflow/example_dags/example_setup_teardown_taskflow.py
[2025-07-08T14:50:44.646+0200] {processor.py:830} INFO - Processing file /home/leoja/airflow/airflow_venv/lib/python3.12/site-packages/airflow/example_dags/example_setup_teardown_taskflow.py for tasks to queue
[2025-07-08T14:50:44.647+0200] {logging_mixin.py:188} INFO - [2025-07-08T14:50:44.646+0200] {dagbag.py:540} INFO - Filling up the DagBag from /home/leoja/airflow/airflow_venv/lib/python3.12/site-packages/airflow/example_dags/example_setup_teardown_taskflow.py
[2025-07-08T14:50:44.665+0200] {processor.py:840} INFO - DAG(s) 'example_setup_teardown_taskflow' retrieved from /home/leoja/airflow/airflow_venv/lib/python3.12/site-packages/airflow/example_dags/example_setup_teardown_taskflow.py
[2025-07-08T14:50:44.684+0200] {logging_mixin.py:188} INFO - [2025-07-08T14:50:44.683+0200] {dag.py:3096} INFO - Sync 1 DAGs
[2025-07-08T14:50:44.699+0200] {logging_mixin.py:188} INFO - [2025-07-08T14:50:44.699+0200] {dag.py:3954} INFO - Setting next_dagrun for example_setup_teardown_taskflow to 2025-07-07 00:00:00+00:00, run_after=2025-07-08 00:00:00+00:00
[2025-07-08T14:50:44.725+0200] {processor.py:183} INFO - Processing /home/leoja/airflow/airflow_venv/lib/python3.12/site-packages/airflow/example_dags/example_setup_teardown_taskflow.py took 0.094 seconds
[2025-07-08T14:51:41.479+0200] {processor.py:161} INFO - Started process (PID=43500) to work on /home/leoja/airflow/airflow_venv/lib/python3.12/site-packages/airflow/example_dags/example_setup_teardown_taskflow.py
[2025-07-08T14:51:41.481+0200] {processor.py:830} INFO - Processing file /home/leoja/airflow/airflow_venv/lib/python3.12/site-packages/airflow/example_dags/example_setup_teardown_taskflow.py for tasks to queue
[2025-07-08T14:51:41.482+0200] {logging_mixin.py:188} INFO - [2025-07-08T14:51:41.482+0200] {dagbag.py:540} INFO - Filling up the DagBag from /home/leoja/airflow/airflow_venv/lib/python3.12/site-packages/airflow/example_dags/example_setup_teardown_taskflow.py
[2025-07-08T14:51:41.492+0200] {processor.py:840} INFO - DAG(s) 'example_setup_teardown_taskflow' retrieved from /home/leoja/airflow/airflow_venv/lib/python3.12/site-packages/airflow/example_dags/example_setup_teardown_taskflow.py
[2025-07-08T14:51:41.508+0200] {logging_mixin.py:188} INFO - [2025-07-08T14:51:41.508+0200] {dag.py:3096} INFO - Sync 1 DAGs
[2025-07-08T14:51:41.524+0200] {logging_mixin.py:188} INFO - [2025-07-08T14:51:41.524+0200] {dag.py:3954} INFO - Setting next_dagrun for example_setup_teardown_taskflow to 2025-07-07 00:00:00+00:00, run_after=2025-07-08 00:00:00+00:00
[2025-07-08T14:51:41.546+0200] {processor.py:183} INFO - Processing /home/leoja/airflow/airflow_venv/lib/python3.12/site-packages/airflow/example_dags/example_setup_teardown_taskflow.py took 0.072 seconds
[2025-07-08T15:59:34.808+0200] {processor.py:161} INFO - Started process (PID=43866) to work on /home/leoja/airflow/airflow_venv/lib/python3.12/site-packages/airflow/example_dags/example_setup_teardown_taskflow.py
[2025-07-08T15:59:34.810+0200] {processor.py:830} INFO - Processing file /home/leoja/airflow/airflow_venv/lib/python3.12/site-packages/airflow/example_dags/example_setup_teardown_taskflow.py for tasks to queue
[2025-07-08T15:59:34.811+0200] {logging_mixin.py:188} INFO - [2025-07-08T15:59:34.811+0200] {dagbag.py:540} INFO - Filling up the DagBag from /home/leoja/airflow/airflow_venv/lib/python3.12/site-packages/airflow/example_dags/example_setup_teardown_taskflow.py
[2025-07-08T15:59:34.834+0200] {processor.py:840} INFO - DAG(s) 'example_setup_teardown_taskflow' retrieved from /home/leoja/airflow/airflow_venv/lib/python3.12/site-packages/airflow/example_dags/example_setup_teardown_taskflow.py
[2025-07-08T15:59:34.895+0200] {logging_mixin.py:188} INFO - [2025-07-08T15:59:34.895+0200] {dag.py:3096} INFO - Sync 1 DAGs
[2025-07-08T15:59:34.951+0200] {logging_mixin.py:188} INFO - [2025-07-08T15:59:34.950+0200] {dag.py:3954} INFO - Setting next_dagrun for example_setup_teardown_taskflow to 2025-07-07 00:00:00+00:00, run_after=2025-07-08 00:00:00+00:00
[2025-07-08T15:59:35.009+0200] {processor.py:183} INFO - Processing /home/leoja/airflow/airflow_venv/lib/python3.12/site-packages/airflow/example_dags/example_setup_teardown_taskflow.py took 0.217 seconds
[2025-07-08T16:00:50.487+0200] {processor.py:161} INFO - Started process (PID=44290) to work on /home/leoja/airflow/airflow_venv/lib/python3.12/site-packages/airflow/example_dags/example_setup_teardown_taskflow.py
[2025-07-08T16:00:50.488+0200] {processor.py:830} INFO - Processing file /home/leoja/airflow/airflow_venv/lib/python3.12/site-packages/airflow/example_dags/example_setup_teardown_taskflow.py for tasks to queue
[2025-07-08T16:00:50.489+0200] {logging_mixin.py:188} INFO - [2025-07-08T16:00:50.489+0200] {dagbag.py:540} INFO - Filling up the DagBag from /home/leoja/airflow/airflow_venv/lib/python3.12/site-packages/airflow/example_dags/example_setup_teardown_taskflow.py
[2025-07-08T16:00:50.497+0200] {processor.py:840} INFO - DAG(s) 'example_setup_teardown_taskflow' retrieved from /home/leoja/airflow/airflow_venv/lib/python3.12/site-packages/airflow/example_dags/example_setup_teardown_taskflow.py
[2025-07-08T16:00:50.511+0200] {logging_mixin.py:188} INFO - [2025-07-08T16:00:50.510+0200] {dag.py:3096} INFO - Sync 1 DAGs
[2025-07-08T16:00:50.526+0200] {logging_mixin.py:188} INFO - [2025-07-08T16:00:50.526+0200] {dag.py:3954} INFO - Setting next_dagrun for example_setup_teardown_taskflow to 2025-07-07 00:00:00+00:00, run_after=2025-07-08 00:00:00+00:00
[2025-07-08T16:00:50.583+0200] {processor.py:183} INFO - Processing /home/leoja/airflow/airflow_venv/lib/python3.12/site-packages/airflow/example_dags/example_setup_teardown_taskflow.py took 0.103 seconds
[2025-07-08T16:01:46.420+0200] {processor.py:161} INFO - Started process (PID=44566) to work on /home/leoja/airflow/airflow_venv/lib/python3.12/site-packages/airflow/example_dags/example_setup_teardown_taskflow.py
[2025-07-08T16:01:46.422+0200] {processor.py:830} INFO - Processing file /home/leoja/airflow/airflow_venv/lib/python3.12/site-packages/airflow/example_dags/example_setup_teardown_taskflow.py for tasks to queue
[2025-07-08T16:01:46.425+0200] {logging_mixin.py:188} INFO - [2025-07-08T16:01:46.424+0200] {dagbag.py:540} INFO - Filling up the DagBag from /home/leoja/airflow/airflow_venv/lib/python3.12/site-packages/airflow/example_dags/example_setup_teardown_taskflow.py
[2025-07-08T16:01:46.456+0200] {processor.py:840} INFO - DAG(s) 'example_setup_teardown_taskflow' retrieved from /home/leoja/airflow/airflow_venv/lib/python3.12/site-packages/airflow/example_dags/example_setup_teardown_taskflow.py
[2025-07-08T16:01:46.500+0200] {logging_mixin.py:188} INFO - [2025-07-08T16:01:46.499+0200] {dag.py:3096} INFO - Sync 1 DAGs
[2025-07-08T16:01:46.529+0200] {logging_mixin.py:188} INFO - [2025-07-08T16:01:46.529+0200] {dag.py:3954} INFO - Setting next_dagrun for example_setup_teardown_taskflow to 2025-07-07 00:00:00+00:00, run_after=2025-07-08 00:00:00+00:00
[2025-07-08T16:01:46.560+0200] {processor.py:183} INFO - Processing /home/leoja/airflow/airflow_venv/lib/python3.12/site-packages/airflow/example_dags/example_setup_teardown_taskflow.py took 0.152 seconds
[2025-07-08T16:02:40.737+0200] {processor.py:161} INFO - Started process (PID=44875) to work on /home/leoja/airflow/airflow_venv/lib/python3.12/site-packages/airflow/example_dags/example_setup_teardown_taskflow.py
[2025-07-08T16:02:40.739+0200] {processor.py:830} INFO - Processing file /home/leoja/airflow/airflow_venv/lib/python3.12/site-packages/airflow/example_dags/example_setup_teardown_taskflow.py for tasks to queue
[2025-07-08T16:02:40.739+0200] {logging_mixin.py:188} INFO - [2025-07-08T16:02:40.739+0200] {dagbag.py:540} INFO - Filling up the DagBag from /home/leoja/airflow/airflow_venv/lib/python3.12/site-packages/airflow/example_dags/example_setup_teardown_taskflow.py
[2025-07-08T16:02:40.751+0200] {processor.py:840} INFO - DAG(s) 'example_setup_teardown_taskflow' retrieved from /home/leoja/airflow/airflow_venv/lib/python3.12/site-packages/airflow/example_dags/example_setup_teardown_taskflow.py
[2025-07-08T16:02:40.765+0200] {logging_mixin.py:188} INFO - [2025-07-08T16:02:40.765+0200] {dag.py:3096} INFO - Sync 1 DAGs
[2025-07-08T16:02:40.792+0200] {logging_mixin.py:188} INFO - [2025-07-08T16:02:40.792+0200] {dag.py:3954} INFO - Setting next_dagrun for example_setup_teardown_taskflow to 2025-07-07 00:00:00+00:00, run_after=2025-07-08 00:00:00+00:00
[2025-07-08T16:02:40.814+0200] {processor.py:183} INFO - Processing /home/leoja/airflow/airflow_venv/lib/python3.12/site-packages/airflow/example_dags/example_setup_teardown_taskflow.py took 0.081 seconds
[2025-07-08T16:03:38.102+0200] {processor.py:161} INFO - Started process (PID=45182) to work on /home/leoja/airflow/airflow_venv/lib/python3.12/site-packages/airflow/example_dags/example_setup_teardown_taskflow.py
[2025-07-08T16:03:38.103+0200] {processor.py:830} INFO - Processing file /home/leoja/airflow/airflow_venv/lib/python3.12/site-packages/airflow/example_dags/example_setup_teardown_taskflow.py for tasks to queue
[2025-07-08T16:03:38.104+0200] {logging_mixin.py:188} INFO - [2025-07-08T16:03:38.104+0200] {dagbag.py:540} INFO - Filling up the DagBag from /home/leoja/airflow/airflow_venv/lib/python3.12/site-packages/airflow/example_dags/example_setup_teardown_taskflow.py
[2025-07-08T16:03:38.113+0200] {processor.py:840} INFO - DAG(s) 'example_setup_teardown_taskflow' retrieved from /home/leoja/airflow/airflow_venv/lib/python3.12/site-packages/airflow/example_dags/example_setup_teardown_taskflow.py
[2025-07-08T16:03:38.126+0200] {logging_mixin.py:188} INFO - [2025-07-08T16:03:38.126+0200] {dag.py:3096} INFO - Sync 1 DAGs
[2025-07-08T16:03:38.142+0200] {logging_mixin.py:188} INFO - [2025-07-08T16:03:38.142+0200] {dag.py:3954} INFO - Setting next_dagrun for example_setup_teardown_taskflow to 2025-07-07 00:00:00+00:00, run_after=2025-07-08 00:00:00+00:00
[2025-07-08T16:03:38.162+0200] {processor.py:183} INFO - Processing /home/leoja/airflow/airflow_venv/lib/python3.12/site-packages/airflow/example_dags/example_setup_teardown_taskflow.py took 0.065 seconds
[2025-07-08T16:04:28.366+0200] {processor.py:161} INFO - Started process (PID=45455) to work on /home/leoja/airflow/airflow_venv/lib/python3.12/site-packages/airflow/example_dags/example_setup_teardown_taskflow.py
[2025-07-08T16:04:28.373+0200] {processor.py:830} INFO - Processing file /home/leoja/airflow/airflow_venv/lib/python3.12/site-packages/airflow/example_dags/example_setup_teardown_taskflow.py for tasks to queue
[2025-07-08T16:04:28.373+0200] {logging_mixin.py:188} INFO - [2025-07-08T16:04:28.373+0200] {dagbag.py:540} INFO - Filling up the DagBag from /home/leoja/airflow/airflow_venv/lib/python3.12/site-packages/airflow/example_dags/example_setup_teardown_taskflow.py
[2025-07-08T16:04:28.382+0200] {processor.py:840} INFO - DAG(s) 'example_setup_teardown_taskflow' retrieved from /home/leoja/airflow/airflow_venv/lib/python3.12/site-packages/airflow/example_dags/example_setup_teardown_taskflow.py
[2025-07-08T16:04:28.396+0200] {logging_mixin.py:188} INFO - [2025-07-08T16:04:28.396+0200] {dag.py:3096} INFO - Sync 1 DAGs
[2025-07-08T16:04:28.410+0200] {logging_mixin.py:188} INFO - [2025-07-08T16:04:28.410+0200] {dag.py:3954} INFO - Setting next_dagrun for example_setup_teardown_taskflow to 2025-07-07 00:00:00+00:00, run_after=2025-07-08 00:00:00+00:00
[2025-07-08T16:04:28.433+0200] {processor.py:183} INFO - Processing /home/leoja/airflow/airflow_venv/lib/python3.12/site-packages/airflow/example_dags/example_setup_teardown_taskflow.py took 0.071 seconds
[2025-07-08T16:05:25.397+0200] {processor.py:161} INFO - Started process (PID=45761) to work on /home/leoja/airflow/airflow_venv/lib/python3.12/site-packages/airflow/example_dags/example_setup_teardown_taskflow.py
[2025-07-08T16:05:25.398+0200] {processor.py:830} INFO - Processing file /home/leoja/airflow/airflow_venv/lib/python3.12/site-packages/airflow/example_dags/example_setup_teardown_taskflow.py for tasks to queue
[2025-07-08T16:05:25.399+0200] {logging_mixin.py:188} INFO - [2025-07-08T16:05:25.398+0200] {dagbag.py:540} INFO - Filling up the DagBag from /home/leoja/airflow/airflow_venv/lib/python3.12/site-packages/airflow/example_dags/example_setup_teardown_taskflow.py
[2025-07-08T16:05:25.407+0200] {processor.py:840} INFO - DAG(s) 'example_setup_teardown_taskflow' retrieved from /home/leoja/airflow/airflow_venv/lib/python3.12/site-packages/airflow/example_dags/example_setup_teardown_taskflow.py
[2025-07-08T16:05:25.421+0200] {logging_mixin.py:188} INFO - [2025-07-08T16:05:25.421+0200] {dag.py:3096} INFO - Sync 1 DAGs
[2025-07-08T16:05:25.437+0200] {logging_mixin.py:188} INFO - [2025-07-08T16:05:25.437+0200] {dag.py:3954} INFO - Setting next_dagrun for example_setup_teardown_taskflow to 2025-07-07 00:00:00+00:00, run_after=2025-07-08 00:00:00+00:00
[2025-07-08T16:05:25.457+0200] {processor.py:183} INFO - Processing /home/leoja/airflow/airflow_venv/lib/python3.12/site-packages/airflow/example_dags/example_setup_teardown_taskflow.py took 0.065 seconds
[2025-07-08T19:07:44.215+0200] {processor.py:161} INFO - Started process (PID=46070) to work on /home/leoja/airflow/airflow_venv/lib/python3.12/site-packages/airflow/example_dags/example_setup_teardown_taskflow.py
[2025-07-08T19:07:44.225+0200] {processor.py:830} INFO - Processing file /home/leoja/airflow/airflow_venv/lib/python3.12/site-packages/airflow/example_dags/example_setup_teardown_taskflow.py for tasks to queue
[2025-07-08T19:07:44.227+0200] {logging_mixin.py:188} INFO - [2025-07-08T19:07:44.226+0200] {dagbag.py:540} INFO - Filling up the DagBag from /home/leoja/airflow/airflow_venv/lib/python3.12/site-packages/airflow/example_dags/example_setup_teardown_taskflow.py
[2025-07-08T19:07:44.249+0200] {processor.py:840} INFO - DAG(s) 'example_setup_teardown_taskflow' retrieved from /home/leoja/airflow/airflow_venv/lib/python3.12/site-packages/airflow/example_dags/example_setup_teardown_taskflow.py
[2025-07-08T19:07:44.272+0200] {logging_mixin.py:188} INFO - [2025-07-08T19:07:44.272+0200] {dag.py:3096} INFO - Sync 1 DAGs
[2025-07-08T19:07:44.302+0200] {logging_mixin.py:188} INFO - [2025-07-08T19:07:44.302+0200] {dag.py:3954} INFO - Setting next_dagrun for example_setup_teardown_taskflow to 2025-07-07 00:00:00+00:00, run_after=2025-07-08 00:00:00+00:00
[2025-07-08T19:07:44.359+0200] {processor.py:183} INFO - Processing /home/leoja/airflow/airflow_venv/lib/python3.12/site-packages/airflow/example_dags/example_setup_teardown_taskflow.py took 0.154 seconds
