[2025-07-08T14:29:16.008+0200] {processor.py:161} INFO - Started process (PID=35570) to work on /home/leoja/airflow/airflow_venv/lib/python3.12/site-packages/airflow/example_dags/example_skip_dag.py
[2025-07-08T14:29:16.009+0200] {processor.py:830} INFO - Processing file /home/leoja/airflow/airflow_venv/lib/python3.12/site-packages/airflow/example_dags/example_skip_dag.py for tasks to queue
[2025-07-08T14:29:16.009+0200] {logging_mixin.py:188} INFO - [2025-07-08T14:29:16.009+0200] {dagbag.py:540} INFO - Filling up the DagBag from /home/leoja/airflow/airflow_venv/lib/python3.12/site-packages/airflow/example_dags/example_skip_dag.py
[2025-07-08T14:29:16.016+0200] {processor.py:840} INFO - DAG(s) 'example_skip_dag' retrieved from /home/leoja/airflow/airflow_venv/lib/python3.12/site-packages/airflow/example_dags/example_skip_dag.py
[2025-07-08T14:29:16.032+0200] {logging_mixin.py:188} INFO - [2025-07-08T14:29:16.032+0200] {dag.py:3096} INFO - Sync 1 DAGs
[2025-07-08T14:29:16.047+0200] {logging_mixin.py:188} INFO - [2025-07-08T14:29:16.046+0200] {dag.py:3954} INFO - Setting next_dagrun for example_skip_dag to 2025-07-07 00:00:00+00:00, run_after=2025-07-08 00:00:00+00:00
[2025-07-08T14:29:16.075+0200] {processor.py:183} INFO - Processing /home/leoja/airflow/airflow_venv/lib/python3.12/site-packages/airflow/example_dags/example_skip_dag.py took 0.073 seconds
[2025-07-08T14:30:07.338+0200] {processor.py:161} INFO - Started process (PID=35888) to work on /home/leoja/airflow/airflow_venv/lib/python3.12/site-packages/airflow/example_dags/example_skip_dag.py
[2025-07-08T14:30:07.340+0200] {processor.py:830} INFO - Processing file /home/leoja/airflow/airflow_venv/lib/python3.12/site-packages/airflow/example_dags/example_skip_dag.py for tasks to queue
[2025-07-08T14:30:07.341+0200] {logging_mixin.py:188} INFO - [2025-07-08T14:30:07.340+0200] {dagbag.py:540} INFO - Filling up the DagBag from /home/leoja/airflow/airflow_venv/lib/python3.12/site-packages/airflow/example_dags/example_skip_dag.py
[2025-07-08T14:30:07.350+0200] {processor.py:840} INFO - DAG(s) 'example_skip_dag' retrieved from /home/leoja/airflow/airflow_venv/lib/python3.12/site-packages/airflow/example_dags/example_skip_dag.py
[2025-07-08T14:30:07.369+0200] {logging_mixin.py:188} INFO - [2025-07-08T14:30:07.368+0200] {dag.py:3096} INFO - Sync 1 DAGs
[2025-07-08T14:30:07.387+0200] {logging_mixin.py:188} INFO - [2025-07-08T14:30:07.386+0200] {dag.py:3954} INFO - Setting next_dagrun for example_skip_dag to 2025-07-07 00:00:00+00:00, run_after=2025-07-08 00:00:00+00:00
[2025-07-08T14:30:07.409+0200] {processor.py:183} INFO - Processing /home/leoja/airflow/airflow_venv/lib/python3.12/site-packages/airflow/example_dags/example_skip_dag.py took 0.076 seconds
[2025-07-08T14:30:59.187+0200] {processor.py:161} INFO - Started process (PID=36220) to work on /home/leoja/airflow/airflow_venv/lib/python3.12/site-packages/airflow/example_dags/example_skip_dag.py
[2025-07-08T14:30:59.192+0200] {processor.py:830} INFO - Processing file /home/leoja/airflow/airflow_venv/lib/python3.12/site-packages/airflow/example_dags/example_skip_dag.py for tasks to queue
[2025-07-08T14:30:59.193+0200] {logging_mixin.py:188} INFO - [2025-07-08T14:30:59.193+0200] {dagbag.py:540} INFO - Filling up the DagBag from /home/leoja/airflow/airflow_venv/lib/python3.12/site-packages/airflow/example_dags/example_skip_dag.py
[2025-07-08T14:30:59.201+0200] {processor.py:840} INFO - DAG(s) 'example_skip_dag' retrieved from /home/leoja/airflow/airflow_venv/lib/python3.12/site-packages/airflow/example_dags/example_skip_dag.py
[2025-07-08T14:30:59.223+0200] {logging_mixin.py:188} INFO - [2025-07-08T14:30:59.222+0200] {dag.py:3096} INFO - Sync 1 DAGs
[2025-07-08T14:30:59.244+0200] {logging_mixin.py:188} INFO - [2025-07-08T14:30:59.244+0200] {dag.py:3954} INFO - Setting next_dagrun for example_skip_dag to 2025-07-07 00:00:00+00:00, run_after=2025-07-08 00:00:00+00:00
[2025-07-08T14:30:59.274+0200] {processor.py:183} INFO - Processing /home/leoja/airflow/airflow_venv/lib/python3.12/site-packages/airflow/example_dags/example_skip_dag.py took 0.096 seconds
[2025-07-08T14:31:57.348+0200] {processor.py:161} INFO - Started process (PID=36497) to work on /home/leoja/airflow/airflow_venv/lib/python3.12/site-packages/airflow/example_dags/example_skip_dag.py
[2025-07-08T14:31:57.350+0200] {processor.py:830} INFO - Processing file /home/leoja/airflow/airflow_venv/lib/python3.12/site-packages/airflow/example_dags/example_skip_dag.py for tasks to queue
[2025-07-08T14:31:57.351+0200] {logging_mixin.py:188} INFO - [2025-07-08T14:31:57.350+0200] {dagbag.py:540} INFO - Filling up the DagBag from /home/leoja/airflow/airflow_venv/lib/python3.12/site-packages/airflow/example_dags/example_skip_dag.py
[2025-07-08T14:31:57.357+0200] {processor.py:840} INFO - DAG(s) 'example_skip_dag' retrieved from /home/leoja/airflow/airflow_venv/lib/python3.12/site-packages/airflow/example_dags/example_skip_dag.py
[2025-07-08T14:31:57.378+0200] {logging_mixin.py:188} INFO - [2025-07-08T14:31:57.377+0200] {dag.py:3096} INFO - Sync 1 DAGs
[2025-07-08T14:31:57.420+0200] {logging_mixin.py:188} INFO - [2025-07-08T14:31:57.420+0200] {dag.py:3954} INFO - Setting next_dagrun for example_skip_dag to 2025-07-07 00:00:00+00:00, run_after=2025-07-08 00:00:00+00:00
[2025-07-08T14:31:57.456+0200] {processor.py:183} INFO - Processing /home/leoja/airflow/airflow_venv/lib/python3.12/site-packages/airflow/example_dags/example_skip_dag.py took 0.121 seconds
[2025-07-08T14:32:55.192+0200] {processor.py:161} INFO - Started process (PID=36870) to work on /home/leoja/airflow/airflow_venv/lib/python3.12/site-packages/airflow/example_dags/example_skip_dag.py
[2025-07-08T14:32:55.195+0200] {processor.py:830} INFO - Processing file /home/leoja/airflow/airflow_venv/lib/python3.12/site-packages/airflow/example_dags/example_skip_dag.py for tasks to queue
[2025-07-08T14:32:55.197+0200] {logging_mixin.py:188} INFO - [2025-07-08T14:32:55.196+0200] {dagbag.py:540} INFO - Filling up the DagBag from /home/leoja/airflow/airflow_venv/lib/python3.12/site-packages/airflow/example_dags/example_skip_dag.py
[2025-07-08T14:32:55.208+0200] {processor.py:840} INFO - DAG(s) 'example_skip_dag' retrieved from /home/leoja/airflow/airflow_venv/lib/python3.12/site-packages/airflow/example_dags/example_skip_dag.py
[2025-07-08T14:32:55.224+0200] {logging_mixin.py:188} INFO - [2025-07-08T14:32:55.224+0200] {dag.py:3096} INFO - Sync 1 DAGs
[2025-07-08T14:32:55.256+0200] {logging_mixin.py:188} INFO - [2025-07-08T14:32:55.256+0200] {dag.py:3954} INFO - Setting next_dagrun for example_skip_dag to 2025-07-07 00:00:00+00:00, run_after=2025-07-08 00:00:00+00:00
[2025-07-08T14:32:55.284+0200] {processor.py:183} INFO - Processing /home/leoja/airflow/airflow_venv/lib/python3.12/site-packages/airflow/example_dags/example_skip_dag.py took 0.106 seconds
[2025-07-08T14:33:54.930+0200] {processor.py:161} INFO - Started process (PID=37179) to work on /home/leoja/airflow/airflow_venv/lib/python3.12/site-packages/airflow/example_dags/example_skip_dag.py
[2025-07-08T14:33:54.934+0200] {processor.py:830} INFO - Processing file /home/leoja/airflow/airflow_venv/lib/python3.12/site-packages/airflow/example_dags/example_skip_dag.py for tasks to queue
[2025-07-08T14:33:54.936+0200] {logging_mixin.py:188} INFO - [2025-07-08T14:33:54.935+0200] {dagbag.py:540} INFO - Filling up the DagBag from /home/leoja/airflow/airflow_venv/lib/python3.12/site-packages/airflow/example_dags/example_skip_dag.py
[2025-07-08T14:33:54.950+0200] {processor.py:840} INFO - DAG(s) 'example_skip_dag' retrieved from /home/leoja/airflow/airflow_venv/lib/python3.12/site-packages/airflow/example_dags/example_skip_dag.py
[2025-07-08T14:33:54.972+0200] {logging_mixin.py:188} INFO - [2025-07-08T14:33:54.972+0200] {dag.py:3096} INFO - Sync 1 DAGs
[2025-07-08T14:33:55.005+0200] {logging_mixin.py:188} INFO - [2025-07-08T14:33:55.005+0200] {dag.py:3954} INFO - Setting next_dagrun for example_skip_dag to 2025-07-07 00:00:00+00:00, run_after=2025-07-08 00:00:00+00:00
[2025-07-08T14:33:55.028+0200] {processor.py:183} INFO - Processing /home/leoja/airflow/airflow_venv/lib/python3.12/site-packages/airflow/example_dags/example_skip_dag.py took 0.111 seconds
[2025-07-08T14:34:55.746+0200] {processor.py:161} INFO - Started process (PID=37488) to work on /home/leoja/airflow/airflow_venv/lib/python3.12/site-packages/airflow/example_dags/example_skip_dag.py
[2025-07-08T14:34:55.747+0200] {processor.py:830} INFO - Processing file /home/leoja/airflow/airflow_venv/lib/python3.12/site-packages/airflow/example_dags/example_skip_dag.py for tasks to queue
[2025-07-08T14:34:55.748+0200] {logging_mixin.py:188} INFO - [2025-07-08T14:34:55.748+0200] {dagbag.py:540} INFO - Filling up the DagBag from /home/leoja/airflow/airflow_venv/lib/python3.12/site-packages/airflow/example_dags/example_skip_dag.py
[2025-07-08T14:34:55.755+0200] {processor.py:840} INFO - DAG(s) 'example_skip_dag' retrieved from /home/leoja/airflow/airflow_venv/lib/python3.12/site-packages/airflow/example_dags/example_skip_dag.py
[2025-07-08T14:34:55.782+0200] {logging_mixin.py:188} INFO - [2025-07-08T14:34:55.782+0200] {dag.py:3096} INFO - Sync 1 DAGs
[2025-07-08T14:34:55.801+0200] {logging_mixin.py:188} INFO - [2025-07-08T14:34:55.801+0200] {dag.py:3954} INFO - Setting next_dagrun for example_skip_dag to 2025-07-07 00:00:00+00:00, run_after=2025-07-08 00:00:00+00:00
[2025-07-08T14:34:55.826+0200] {processor.py:183} INFO - Processing /home/leoja/airflow/airflow_venv/lib/python3.12/site-packages/airflow/example_dags/example_skip_dag.py took 0.088 seconds
[2025-07-08T14:35:50.958+0200] {processor.py:161} INFO - Started process (PID=37817) to work on /home/leoja/airflow/airflow_venv/lib/python3.12/site-packages/airflow/example_dags/example_skip_dag.py
[2025-07-08T14:35:50.960+0200] {processor.py:830} INFO - Processing file /home/leoja/airflow/airflow_venv/lib/python3.12/site-packages/airflow/example_dags/example_skip_dag.py for tasks to queue
[2025-07-08T14:35:50.961+0200] {logging_mixin.py:188} INFO - [2025-07-08T14:35:50.961+0200] {dagbag.py:540} INFO - Filling up the DagBag from /home/leoja/airflow/airflow_venv/lib/python3.12/site-packages/airflow/example_dags/example_skip_dag.py
[2025-07-08T14:35:50.970+0200] {processor.py:840} INFO - DAG(s) 'example_skip_dag' retrieved from /home/leoja/airflow/airflow_venv/lib/python3.12/site-packages/airflow/example_dags/example_skip_dag.py
[2025-07-08T14:35:50.990+0200] {logging_mixin.py:188} INFO - [2025-07-08T14:35:50.990+0200] {dag.py:3096} INFO - Sync 1 DAGs
[2025-07-08T14:35:51.007+0200] {logging_mixin.py:188} INFO - [2025-07-08T14:35:51.007+0200] {dag.py:3954} INFO - Setting next_dagrun for example_skip_dag to 2025-07-07 00:00:00+00:00, run_after=2025-07-08 00:00:00+00:00
[2025-07-08T14:35:51.031+0200] {processor.py:183} INFO - Processing /home/leoja/airflow/airflow_venv/lib/python3.12/site-packages/airflow/example_dags/example_skip_dag.py took 0.086 seconds
[2025-07-08T14:36:48.476+0200] {processor.py:161} INFO - Started process (PID=38177) to work on /home/leoja/airflow/airflow_venv/lib/python3.12/site-packages/airflow/example_dags/example_skip_dag.py
[2025-07-08T14:36:48.479+0200] {processor.py:830} INFO - Processing file /home/leoja/airflow/airflow_venv/lib/python3.12/site-packages/airflow/example_dags/example_skip_dag.py for tasks to queue
[2025-07-08T14:36:48.481+0200] {logging_mixin.py:188} INFO - [2025-07-08T14:36:48.480+0200] {dagbag.py:540} INFO - Filling up the DagBag from /home/leoja/airflow/airflow_venv/lib/python3.12/site-packages/airflow/example_dags/example_skip_dag.py
[2025-07-08T14:36:48.492+0200] {processor.py:840} INFO - DAG(s) 'example_skip_dag' retrieved from /home/leoja/airflow/airflow_venv/lib/python3.12/site-packages/airflow/example_dags/example_skip_dag.py
[2025-07-08T14:36:48.513+0200] {logging_mixin.py:188} INFO - [2025-07-08T14:36:48.513+0200] {dag.py:3096} INFO - Sync 1 DAGs
[2025-07-08T14:36:48.532+0200] {logging_mixin.py:188} INFO - [2025-07-08T14:36:48.531+0200] {dag.py:3954} INFO - Setting next_dagrun for example_skip_dag to 2025-07-07 00:00:00+00:00, run_after=2025-07-08 00:00:00+00:00
[2025-07-08T14:36:48.563+0200] {processor.py:183} INFO - Processing /home/leoja/airflow/airflow_venv/lib/python3.12/site-packages/airflow/example_dags/example_skip_dag.py took 0.100 seconds
[2025-07-08T14:38:10.174+0200] {processor.py:161} INFO - Started process (PID=39082) to work on /home/leoja/airflow/airflow_venv/lib/python3.12/site-packages/airflow/example_dags/example_skip_dag.py
[2025-07-08T14:38:10.176+0200] {processor.py:830} INFO - Processing file /home/leoja/airflow/airflow_venv/lib/python3.12/site-packages/airflow/example_dags/example_skip_dag.py for tasks to queue
[2025-07-08T14:38:10.178+0200] {logging_mixin.py:188} INFO - [2025-07-08T14:38:10.177+0200] {dagbag.py:540} INFO - Filling up the DagBag from /home/leoja/airflow/airflow_venv/lib/python3.12/site-packages/airflow/example_dags/example_skip_dag.py
[2025-07-08T14:38:10.188+0200] {processor.py:840} INFO - DAG(s) 'example_skip_dag' retrieved from /home/leoja/airflow/airflow_venv/lib/python3.12/site-packages/airflow/example_dags/example_skip_dag.py
[2025-07-08T14:38:10.208+0200] {logging_mixin.py:188} INFO - [2025-07-08T14:38:10.208+0200] {dag.py:3096} INFO - Sync 1 DAGs
[2025-07-08T14:38:10.224+0200] {logging_mixin.py:188} INFO - [2025-07-08T14:38:10.224+0200] {dag.py:3954} INFO - Setting next_dagrun for example_skip_dag to 2025-07-07 00:00:00+00:00, run_after=2025-07-08 00:00:00+00:00
[2025-07-08T14:38:10.248+0200] {processor.py:183} INFO - Processing /home/leoja/airflow/airflow_venv/lib/python3.12/site-packages/airflow/example_dags/example_skip_dag.py took 0.087 seconds
[2025-07-08T14:39:02.958+0200] {processor.py:161} INFO - Started process (PID=39426) to work on /home/leoja/airflow/airflow_venv/lib/python3.12/site-packages/airflow/example_dags/example_skip_dag.py
[2025-07-08T14:39:02.960+0200] {processor.py:830} INFO - Processing file /home/leoja/airflow/airflow_venv/lib/python3.12/site-packages/airflow/example_dags/example_skip_dag.py for tasks to queue
[2025-07-08T14:39:02.961+0200] {logging_mixin.py:188} INFO - [2025-07-08T14:39:02.961+0200] {dagbag.py:540} INFO - Filling up the DagBag from /home/leoja/airflow/airflow_venv/lib/python3.12/site-packages/airflow/example_dags/example_skip_dag.py
[2025-07-08T14:39:02.971+0200] {processor.py:840} INFO - DAG(s) 'example_skip_dag' retrieved from /home/leoja/airflow/airflow_venv/lib/python3.12/site-packages/airflow/example_dags/example_skip_dag.py
[2025-07-08T14:39:02.991+0200] {logging_mixin.py:188} INFO - [2025-07-08T14:39:02.991+0200] {dag.py:3096} INFO - Sync 1 DAGs
[2025-07-08T14:39:03.014+0200] {logging_mixin.py:188} INFO - [2025-07-08T14:39:03.014+0200] {dag.py:3954} INFO - Setting next_dagrun for example_skip_dag to 2025-07-07 00:00:00+00:00, run_after=2025-07-08 00:00:00+00:00
[2025-07-08T14:39:03.042+0200] {processor.py:183} INFO - Processing /home/leoja/airflow/airflow_venv/lib/python3.12/site-packages/airflow/example_dags/example_skip_dag.py took 0.092 seconds
[2025-07-08T14:39:35.228+0200] {processor.py:161} INFO - Started process (PID=39594) to work on /home/leoja/airflow/airflow_venv/lib/python3.12/site-packages/airflow/example_dags/example_skip_dag.py
[2025-07-08T14:39:35.230+0200] {processor.py:830} INFO - Processing file /home/leoja/airflow/airflow_venv/lib/python3.12/site-packages/airflow/example_dags/example_skip_dag.py for tasks to queue
[2025-07-08T14:39:35.230+0200] {logging_mixin.py:188} INFO - [2025-07-08T14:39:35.230+0200] {dagbag.py:540} INFO - Filling up the DagBag from /home/leoja/airflow/airflow_venv/lib/python3.12/site-packages/airflow/example_dags/example_skip_dag.py
[2025-07-08T14:39:35.237+0200] {processor.py:840} INFO - DAG(s) 'example_skip_dag' retrieved from /home/leoja/airflow/airflow_venv/lib/python3.12/site-packages/airflow/example_dags/example_skip_dag.py
[2025-07-08T14:39:35.253+0200] {logging_mixin.py:188} INFO - [2025-07-08T14:39:35.253+0200] {dag.py:3096} INFO - Sync 1 DAGs
[2025-07-08T14:39:35.270+0200] {logging_mixin.py:188} INFO - [2025-07-08T14:39:35.270+0200] {dag.py:3954} INFO - Setting next_dagrun for example_skip_dag to 2025-07-07 00:00:00+00:00, run_after=2025-07-08 00:00:00+00:00
[2025-07-08T14:39:35.296+0200] {processor.py:183} INFO - Processing /home/leoja/airflow/airflow_venv/lib/python3.12/site-packages/airflow/example_dags/example_skip_dag.py took 0.078 seconds
[2025-07-08T14:40:34.607+0200] {processor.py:161} INFO - Started process (PID=39903) to work on /home/leoja/airflow/airflow_venv/lib/python3.12/site-packages/airflow/example_dags/example_skip_dag.py
[2025-07-08T14:40:34.609+0200] {processor.py:830} INFO - Processing file /home/leoja/airflow/airflow_venv/lib/python3.12/site-packages/airflow/example_dags/example_skip_dag.py for tasks to queue
[2025-07-08T14:40:34.610+0200] {logging_mixin.py:188} INFO - [2025-07-08T14:40:34.610+0200] {dagbag.py:540} INFO - Filling up the DagBag from /home/leoja/airflow/airflow_venv/lib/python3.12/site-packages/airflow/example_dags/example_skip_dag.py
[2025-07-08T14:40:34.618+0200] {processor.py:840} INFO - DAG(s) 'example_skip_dag' retrieved from /home/leoja/airflow/airflow_venv/lib/python3.12/site-packages/airflow/example_dags/example_skip_dag.py
[2025-07-08T14:40:34.636+0200] {logging_mixin.py:188} INFO - [2025-07-08T14:40:34.636+0200] {dag.py:3096} INFO - Sync 1 DAGs
[2025-07-08T14:40:34.657+0200] {logging_mixin.py:188} INFO - [2025-07-08T14:40:34.657+0200] {dag.py:3954} INFO - Setting next_dagrun for example_skip_dag to 2025-07-07 00:00:00+00:00, run_after=2025-07-08 00:00:00+00:00
[2025-07-08T14:40:34.729+0200] {processor.py:183} INFO - Processing /home/leoja/airflow/airflow_venv/lib/python3.12/site-packages/airflow/example_dags/example_skip_dag.py took 0.130 seconds
[2025-07-08T14:41:08.021+0200] {processor.py:161} INFO - Started process (PID=40079) to work on /home/leoja/airflow/airflow_venv/lib/python3.12/site-packages/airflow/example_dags/example_skip_dag.py
[2025-07-08T14:41:08.022+0200] {processor.py:830} INFO - Processing file /home/leoja/airflow/airflow_venv/lib/python3.12/site-packages/airflow/example_dags/example_skip_dag.py for tasks to queue
[2025-07-08T14:41:08.023+0200] {logging_mixin.py:188} INFO - [2025-07-08T14:41:08.022+0200] {dagbag.py:540} INFO - Filling up the DagBag from /home/leoja/airflow/airflow_venv/lib/python3.12/site-packages/airflow/example_dags/example_skip_dag.py
[2025-07-08T14:41:08.031+0200] {processor.py:840} INFO - DAG(s) 'example_skip_dag' retrieved from /home/leoja/airflow/airflow_venv/lib/python3.12/site-packages/airflow/example_dags/example_skip_dag.py
[2025-07-08T14:41:08.050+0200] {logging_mixin.py:188} INFO - [2025-07-08T14:41:08.050+0200] {dag.py:3096} INFO - Sync 1 DAGs
[2025-07-08T14:41:08.071+0200] {logging_mixin.py:188} INFO - [2025-07-08T14:41:08.071+0200] {dag.py:3954} INFO - Setting next_dagrun for example_skip_dag to 2025-07-07 00:00:00+00:00, run_after=2025-07-08 00:00:00+00:00
[2025-07-08T14:41:08.096+0200] {processor.py:183} INFO - Processing /home/leoja/airflow/airflow_venv/lib/python3.12/site-packages/airflow/example_dags/example_skip_dag.py took 0.086 seconds
[2025-07-08T14:42:04.526+0200] {processor.py:161} INFO - Started process (PID=40410) to work on /home/leoja/airflow/airflow_venv/lib/python3.12/site-packages/airflow/example_dags/example_skip_dag.py
[2025-07-08T14:42:04.528+0200] {processor.py:830} INFO - Processing file /home/leoja/airflow/airflow_venv/lib/python3.12/site-packages/airflow/example_dags/example_skip_dag.py for tasks to queue
[2025-07-08T14:42:04.530+0200] {logging_mixin.py:188} INFO - [2025-07-08T14:42:04.528+0200] {dagbag.py:540} INFO - Filling up the DagBag from /home/leoja/airflow/airflow_venv/lib/python3.12/site-packages/airflow/example_dags/example_skip_dag.py
[2025-07-08T14:42:04.539+0200] {processor.py:840} INFO - DAG(s) 'example_skip_dag' retrieved from /home/leoja/airflow/airflow_venv/lib/python3.12/site-packages/airflow/example_dags/example_skip_dag.py
[2025-07-08T14:42:04.562+0200] {logging_mixin.py:188} INFO - [2025-07-08T14:42:04.561+0200] {dag.py:3096} INFO - Sync 1 DAGs
[2025-07-08T14:42:04.587+0200] {logging_mixin.py:188} INFO - [2025-07-08T14:42:04.587+0200] {dag.py:3954} INFO - Setting next_dagrun for example_skip_dag to 2025-07-07 00:00:00+00:00, run_after=2025-07-08 00:00:00+00:00
[2025-07-08T14:42:04.632+0200] {processor.py:183} INFO - Processing /home/leoja/airflow/airflow_venv/lib/python3.12/site-packages/airflow/example_dags/example_skip_dag.py took 0.115 seconds
[2025-07-08T14:43:09.798+0200] {processor.py:161} INFO - Started process (PID=40789) to work on /home/leoja/airflow/airflow_venv/lib/python3.12/site-packages/airflow/example_dags/example_skip_dag.py
[2025-07-08T14:43:09.801+0200] {processor.py:830} INFO - Processing file /home/leoja/airflow/airflow_venv/lib/python3.12/site-packages/airflow/example_dags/example_skip_dag.py for tasks to queue
[2025-07-08T14:43:09.802+0200] {logging_mixin.py:188} INFO - [2025-07-08T14:43:09.801+0200] {dagbag.py:540} INFO - Filling up the DagBag from /home/leoja/airflow/airflow_venv/lib/python3.12/site-packages/airflow/example_dags/example_skip_dag.py
[2025-07-08T14:43:09.810+0200] {processor.py:840} INFO - DAG(s) 'example_skip_dag' retrieved from /home/leoja/airflow/airflow_venv/lib/python3.12/site-packages/airflow/example_dags/example_skip_dag.py
[2025-07-08T14:43:09.829+0200] {logging_mixin.py:188} INFO - [2025-07-08T14:43:09.829+0200] {dag.py:3096} INFO - Sync 1 DAGs
[2025-07-08T14:43:09.850+0200] {logging_mixin.py:188} INFO - [2025-07-08T14:43:09.850+0200] {dag.py:3954} INFO - Setting next_dagrun for example_skip_dag to 2025-07-07 00:00:00+00:00, run_after=2025-07-08 00:00:00+00:00
[2025-07-08T14:43:09.879+0200] {processor.py:183} INFO - Processing /home/leoja/airflow/airflow_venv/lib/python3.12/site-packages/airflow/example_dags/example_skip_dag.py took 0.094 seconds
[2025-07-08T14:43:44.162+0200] {processor.py:161} INFO - Started process (PID=40958) to work on /home/leoja/airflow/airflow_venv/lib/python3.12/site-packages/airflow/example_dags/example_skip_dag.py
[2025-07-08T14:43:44.163+0200] {processor.py:830} INFO - Processing file /home/leoja/airflow/airflow_venv/lib/python3.12/site-packages/airflow/example_dags/example_skip_dag.py for tasks to queue
[2025-07-08T14:43:44.164+0200] {logging_mixin.py:188} INFO - [2025-07-08T14:43:44.164+0200] {dagbag.py:540} INFO - Filling up the DagBag from /home/leoja/airflow/airflow_venv/lib/python3.12/site-packages/airflow/example_dags/example_skip_dag.py
[2025-07-08T14:43:44.172+0200] {processor.py:840} INFO - DAG(s) 'example_skip_dag' retrieved from /home/leoja/airflow/airflow_venv/lib/python3.12/site-packages/airflow/example_dags/example_skip_dag.py
[2025-07-08T14:43:44.193+0200] {logging_mixin.py:188} INFO - [2025-07-08T14:43:44.192+0200] {dag.py:3096} INFO - Sync 1 DAGs
[2025-07-08T14:43:44.214+0200] {logging_mixin.py:188} INFO - [2025-07-08T14:43:44.214+0200] {dag.py:3954} INFO - Setting next_dagrun for example_skip_dag to 2025-07-07 00:00:00+00:00, run_after=2025-07-08 00:00:00+00:00
[2025-07-08T14:43:44.250+0200] {processor.py:183} INFO - Processing /home/leoja/airflow/airflow_venv/lib/python3.12/site-packages/airflow/example_dags/example_skip_dag.py took 0.095 seconds
[2025-07-08T14:44:16.699+0200] {processor.py:161} INFO - Started process (PID=41132) to work on /home/leoja/airflow/airflow_venv/lib/python3.12/site-packages/airflow/example_dags/example_skip_dag.py
[2025-07-08T14:44:16.701+0200] {processor.py:830} INFO - Processing file /home/leoja/airflow/airflow_venv/lib/python3.12/site-packages/airflow/example_dags/example_skip_dag.py for tasks to queue
[2025-07-08T14:44:16.703+0200] {logging_mixin.py:188} INFO - [2025-07-08T14:44:16.702+0200] {dagbag.py:540} INFO - Filling up the DagBag from /home/leoja/airflow/airflow_venv/lib/python3.12/site-packages/airflow/example_dags/example_skip_dag.py
[2025-07-08T14:44:16.715+0200] {processor.py:840} INFO - DAG(s) 'example_skip_dag' retrieved from /home/leoja/airflow/airflow_venv/lib/python3.12/site-packages/airflow/example_dags/example_skip_dag.py
[2025-07-08T14:44:16.741+0200] {logging_mixin.py:188} INFO - [2025-07-08T14:44:16.741+0200] {dag.py:3096} INFO - Sync 1 DAGs
[2025-07-08T14:44:16.773+0200] {logging_mixin.py:188} INFO - [2025-07-08T14:44:16.773+0200] {dag.py:3954} INFO - Setting next_dagrun for example_skip_dag to 2025-07-07 00:00:00+00:00, run_after=2025-07-08 00:00:00+00:00
[2025-07-08T14:44:16.806+0200] {processor.py:183} INFO - Processing /home/leoja/airflow/airflow_venv/lib/python3.12/site-packages/airflow/example_dags/example_skip_dag.py took 0.119 seconds
[2025-07-08T14:44:48.899+0200] {processor.py:161} INFO - Started process (PID=41302) to work on /home/leoja/airflow/airflow_venv/lib/python3.12/site-packages/airflow/example_dags/example_skip_dag.py
[2025-07-08T14:44:48.902+0200] {processor.py:830} INFO - Processing file /home/leoja/airflow/airflow_venv/lib/python3.12/site-packages/airflow/example_dags/example_skip_dag.py for tasks to queue
[2025-07-08T14:44:48.904+0200] {logging_mixin.py:188} INFO - [2025-07-08T14:44:48.903+0200] {dagbag.py:540} INFO - Filling up the DagBag from /home/leoja/airflow/airflow_venv/lib/python3.12/site-packages/airflow/example_dags/example_skip_dag.py
[2025-07-08T14:44:48.916+0200] {processor.py:840} INFO - DAG(s) 'example_skip_dag' retrieved from /home/leoja/airflow/airflow_venv/lib/python3.12/site-packages/airflow/example_dags/example_skip_dag.py
[2025-07-08T14:44:48.940+0200] {logging_mixin.py:188} INFO - [2025-07-08T14:44:48.940+0200] {dag.py:3096} INFO - Sync 1 DAGs
[2025-07-08T14:44:48.956+0200] {logging_mixin.py:188} INFO - [2025-07-08T14:44:48.955+0200] {dag.py:3954} INFO - Setting next_dagrun for example_skip_dag to 2025-07-07 00:00:00+00:00, run_after=2025-07-08 00:00:00+00:00
[2025-07-08T14:44:48.979+0200] {processor.py:183} INFO - Processing /home/leoja/airflow/airflow_venv/lib/python3.12/site-packages/airflow/example_dags/example_skip_dag.py took 0.093 seconds
[2025-07-08T14:45:21.827+0200] {processor.py:161} INFO - Started process (PID=41475) to work on /home/leoja/airflow/airflow_venv/lib/python3.12/site-packages/airflow/example_dags/example_skip_dag.py
[2025-07-08T14:45:21.829+0200] {processor.py:830} INFO - Processing file /home/leoja/airflow/airflow_venv/lib/python3.12/site-packages/airflow/example_dags/example_skip_dag.py for tasks to queue
[2025-07-08T14:45:21.831+0200] {logging_mixin.py:188} INFO - [2025-07-08T14:45:21.830+0200] {dagbag.py:540} INFO - Filling up the DagBag from /home/leoja/airflow/airflow_venv/lib/python3.12/site-packages/airflow/example_dags/example_skip_dag.py
[2025-07-08T14:45:21.843+0200] {processor.py:840} INFO - DAG(s) 'example_skip_dag' retrieved from /home/leoja/airflow/airflow_venv/lib/python3.12/site-packages/airflow/example_dags/example_skip_dag.py
[2025-07-08T14:45:21.860+0200] {logging_mixin.py:188} INFO - [2025-07-08T14:45:21.860+0200] {dag.py:3096} INFO - Sync 1 DAGs
[2025-07-08T14:45:21.883+0200] {logging_mixin.py:188} INFO - [2025-07-08T14:45:21.883+0200] {dag.py:3954} INFO - Setting next_dagrun for example_skip_dag to 2025-07-07 00:00:00+00:00, run_after=2025-07-08 00:00:00+00:00
[2025-07-08T14:45:21.918+0200] {processor.py:183} INFO - Processing /home/leoja/airflow/airflow_venv/lib/python3.12/site-packages/airflow/example_dags/example_skip_dag.py took 0.104 seconds
[2025-07-08T14:46:21.674+0200] {processor.py:161} INFO - Started process (PID=41786) to work on /home/leoja/airflow/airflow_venv/lib/python3.12/site-packages/airflow/example_dags/example_skip_dag.py
[2025-07-08T14:46:21.676+0200] {processor.py:830} INFO - Processing file /home/leoja/airflow/airflow_venv/lib/python3.12/site-packages/airflow/example_dags/example_skip_dag.py for tasks to queue
[2025-07-08T14:46:21.677+0200] {logging_mixin.py:188} INFO - [2025-07-08T14:46:21.677+0200] {dagbag.py:540} INFO - Filling up the DagBag from /home/leoja/airflow/airflow_venv/lib/python3.12/site-packages/airflow/example_dags/example_skip_dag.py
[2025-07-08T14:46:21.687+0200] {processor.py:840} INFO - DAG(s) 'example_skip_dag' retrieved from /home/leoja/airflow/airflow_venv/lib/python3.12/site-packages/airflow/example_dags/example_skip_dag.py
[2025-07-08T14:46:21.705+0200] {logging_mixin.py:188} INFO - [2025-07-08T14:46:21.705+0200] {dag.py:3096} INFO - Sync 1 DAGs
[2025-07-08T14:46:21.727+0200] {logging_mixin.py:188} INFO - [2025-07-08T14:46:21.726+0200] {dag.py:3954} INFO - Setting next_dagrun for example_skip_dag to 2025-07-07 00:00:00+00:00, run_after=2025-07-08 00:00:00+00:00
[2025-07-08T14:46:21.757+0200] {processor.py:183} INFO - Processing /home/leoja/airflow/airflow_venv/lib/python3.12/site-packages/airflow/example_dags/example_skip_dag.py took 0.095 seconds
[2025-07-08T14:47:18.088+0200] {processor.py:161} INFO - Started process (PID=42097) to work on /home/leoja/airflow/airflow_venv/lib/python3.12/site-packages/airflow/example_dags/example_skip_dag.py
[2025-07-08T14:47:18.096+0200] {processor.py:830} INFO - Processing file /home/leoja/airflow/airflow_venv/lib/python3.12/site-packages/airflow/example_dags/example_skip_dag.py for tasks to queue
[2025-07-08T14:47:18.098+0200] {logging_mixin.py:188} INFO - [2025-07-08T14:47:18.097+0200] {dagbag.py:540} INFO - Filling up the DagBag from /home/leoja/airflow/airflow_venv/lib/python3.12/site-packages/airflow/example_dags/example_skip_dag.py
[2025-07-08T14:47:18.110+0200] {processor.py:840} INFO - DAG(s) 'example_skip_dag' retrieved from /home/leoja/airflow/airflow_venv/lib/python3.12/site-packages/airflow/example_dags/example_skip_dag.py
[2025-07-08T14:47:18.127+0200] {logging_mixin.py:188} INFO - [2025-07-08T14:47:18.126+0200] {dag.py:3096} INFO - Sync 1 DAGs
[2025-07-08T14:47:18.142+0200] {logging_mixin.py:188} INFO - [2025-07-08T14:47:18.142+0200] {dag.py:3954} INFO - Setting next_dagrun for example_skip_dag to 2025-07-07 00:00:00+00:00, run_after=2025-07-08 00:00:00+00:00
[2025-07-08T14:47:18.175+0200] {processor.py:183} INFO - Processing /home/leoja/airflow/airflow_venv/lib/python3.12/site-packages/airflow/example_dags/example_skip_dag.py took 0.100 seconds
[2025-07-08T14:47:50.939+0200] {processor.py:161} INFO - Started process (PID=42264) to work on /home/leoja/airflow/airflow_venv/lib/python3.12/site-packages/airflow/example_dags/example_skip_dag.py
[2025-07-08T14:47:50.941+0200] {processor.py:830} INFO - Processing file /home/leoja/airflow/airflow_venv/lib/python3.12/site-packages/airflow/example_dags/example_skip_dag.py for tasks to queue
[2025-07-08T14:47:50.942+0200] {logging_mixin.py:188} INFO - [2025-07-08T14:47:50.941+0200] {dagbag.py:540} INFO - Filling up the DagBag from /home/leoja/airflow/airflow_venv/lib/python3.12/site-packages/airflow/example_dags/example_skip_dag.py
[2025-07-08T14:47:50.949+0200] {processor.py:840} INFO - DAG(s) 'example_skip_dag' retrieved from /home/leoja/airflow/airflow_venv/lib/python3.12/site-packages/airflow/example_dags/example_skip_dag.py
[2025-07-08T14:47:50.967+0200] {logging_mixin.py:188} INFO - [2025-07-08T14:47:50.967+0200] {dag.py:3096} INFO - Sync 1 DAGs
[2025-07-08T14:47:50.988+0200] {logging_mixin.py:188} INFO - [2025-07-08T14:47:50.988+0200] {dag.py:3954} INFO - Setting next_dagrun for example_skip_dag to 2025-07-07 00:00:00+00:00, run_after=2025-07-08 00:00:00+00:00
[2025-07-08T14:47:51.019+0200] {processor.py:183} INFO - Processing /home/leoja/airflow/airflow_venv/lib/python3.12/site-packages/airflow/example_dags/example_skip_dag.py took 0.088 seconds
[2025-07-08T14:48:55.430+0200] {processor.py:161} INFO - Started process (PID=42606) to work on /home/leoja/airflow/airflow_venv/lib/python3.12/site-packages/airflow/example_dags/example_skip_dag.py
[2025-07-08T14:48:55.432+0200] {processor.py:830} INFO - Processing file /home/leoja/airflow/airflow_venv/lib/python3.12/site-packages/airflow/example_dags/example_skip_dag.py for tasks to queue
[2025-07-08T14:48:55.433+0200] {logging_mixin.py:188} INFO - [2025-07-08T14:48:55.432+0200] {dagbag.py:540} INFO - Filling up the DagBag from /home/leoja/airflow/airflow_venv/lib/python3.12/site-packages/airflow/example_dags/example_skip_dag.py
[2025-07-08T14:48:55.442+0200] {processor.py:840} INFO - DAG(s) 'example_skip_dag' retrieved from /home/leoja/airflow/airflow_venv/lib/python3.12/site-packages/airflow/example_dags/example_skip_dag.py
[2025-07-08T14:48:55.461+0200] {logging_mixin.py:188} INFO - [2025-07-08T14:48:55.461+0200] {dag.py:3096} INFO - Sync 1 DAGs
[2025-07-08T14:48:55.484+0200] {logging_mixin.py:188} INFO - [2025-07-08T14:48:55.484+0200] {dag.py:3954} INFO - Setting next_dagrun for example_skip_dag to 2025-07-07 00:00:00+00:00, run_after=2025-07-08 00:00:00+00:00
[2025-07-08T14:48:55.511+0200] {processor.py:183} INFO - Processing /home/leoja/airflow/airflow_venv/lib/python3.12/site-packages/airflow/example_dags/example_skip_dag.py took 0.093 seconds
[2025-07-08T14:49:28.696+0200] {processor.py:161} INFO - Started process (PID=42814) to work on /home/leoja/airflow/airflow_venv/lib/python3.12/site-packages/airflow/example_dags/example_skip_dag.py
[2025-07-08T14:49:28.699+0200] {processor.py:830} INFO - Processing file /home/leoja/airflow/airflow_venv/lib/python3.12/site-packages/airflow/example_dags/example_skip_dag.py for tasks to queue
[2025-07-08T14:49:28.701+0200] {logging_mixin.py:188} INFO - [2025-07-08T14:49:28.700+0200] {dagbag.py:540} INFO - Filling up the DagBag from /home/leoja/airflow/airflow_venv/lib/python3.12/site-packages/airflow/example_dags/example_skip_dag.py
[2025-07-08T14:49:28.711+0200] {processor.py:840} INFO - DAG(s) 'example_skip_dag' retrieved from /home/leoja/airflow/airflow_venv/lib/python3.12/site-packages/airflow/example_dags/example_skip_dag.py
[2025-07-08T14:49:28.727+0200] {logging_mixin.py:188} INFO - [2025-07-08T14:49:28.727+0200] {dag.py:3096} INFO - Sync 1 DAGs
[2025-07-08T14:49:28.743+0200] {logging_mixin.py:188} INFO - [2025-07-08T14:49:28.743+0200] {dag.py:3954} INFO - Setting next_dagrun for example_skip_dag to 2025-07-07 00:00:00+00:00, run_after=2025-07-08 00:00:00+00:00
[2025-07-08T14:49:28.773+0200] {processor.py:183} INFO - Processing /home/leoja/airflow/airflow_venv/lib/python3.12/site-packages/airflow/example_dags/example_skip_dag.py took 0.089 seconds
[2025-07-08T14:50:02.386+0200] {processor.py:161} INFO - Started process (PID=42982) to work on /home/leoja/airflow/airflow_venv/lib/python3.12/site-packages/airflow/example_dags/example_skip_dag.py
[2025-07-08T14:50:02.389+0200] {processor.py:830} INFO - Processing file /home/leoja/airflow/airflow_venv/lib/python3.12/site-packages/airflow/example_dags/example_skip_dag.py for tasks to queue
[2025-07-08T14:50:02.391+0200] {logging_mixin.py:188} INFO - [2025-07-08T14:50:02.390+0200] {dagbag.py:540} INFO - Filling up the DagBag from /home/leoja/airflow/airflow_venv/lib/python3.12/site-packages/airflow/example_dags/example_skip_dag.py
[2025-07-08T14:50:02.405+0200] {processor.py:840} INFO - DAG(s) 'example_skip_dag' retrieved from /home/leoja/airflow/airflow_venv/lib/python3.12/site-packages/airflow/example_dags/example_skip_dag.py
[2025-07-08T14:50:02.438+0200] {logging_mixin.py:188} INFO - [2025-07-08T14:50:02.438+0200] {dag.py:3096} INFO - Sync 1 DAGs
[2025-07-08T14:50:02.469+0200] {logging_mixin.py:188} INFO - [2025-07-08T14:50:02.469+0200] {dag.py:3954} INFO - Setting next_dagrun for example_skip_dag to 2025-07-07 00:00:00+00:00, run_after=2025-07-08 00:00:00+00:00
[2025-07-08T14:50:02.497+0200] {processor.py:183} INFO - Processing /home/leoja/airflow/airflow_venv/lib/python3.12/site-packages/airflow/example_dags/example_skip_dag.py took 0.124 seconds
[2025-07-08T14:51:03.146+0200] {processor.py:161} INFO - Started process (PID=43314) to work on /home/leoja/airflow/airflow_venv/lib/python3.12/site-packages/airflow/example_dags/example_skip_dag.py
[2025-07-08T14:51:03.148+0200] {processor.py:830} INFO - Processing file /home/leoja/airflow/airflow_venv/lib/python3.12/site-packages/airflow/example_dags/example_skip_dag.py for tasks to queue
[2025-07-08T14:51:03.148+0200] {logging_mixin.py:188} INFO - [2025-07-08T14:51:03.148+0200] {dagbag.py:540} INFO - Filling up the DagBag from /home/leoja/airflow/airflow_venv/lib/python3.12/site-packages/airflow/example_dags/example_skip_dag.py
[2025-07-08T14:51:03.158+0200] {processor.py:840} INFO - DAG(s) 'example_skip_dag' retrieved from /home/leoja/airflow/airflow_venv/lib/python3.12/site-packages/airflow/example_dags/example_skip_dag.py
[2025-07-08T14:51:03.179+0200] {logging_mixin.py:188} INFO - [2025-07-08T14:51:03.178+0200] {dag.py:3096} INFO - Sync 1 DAGs
[2025-07-08T14:51:03.202+0200] {logging_mixin.py:188} INFO - [2025-07-08T14:51:03.202+0200] {dag.py:3954} INFO - Setting next_dagrun for example_skip_dag to 2025-07-07 00:00:00+00:00, run_after=2025-07-08 00:00:00+00:00
[2025-07-08T14:51:03.226+0200] {processor.py:183} INFO - Processing /home/leoja/airflow/airflow_venv/lib/python3.12/site-packages/airflow/example_dags/example_skip_dag.py took 0.089 seconds
[2025-07-08T14:51:52.900+0200] {processor.py:161} INFO - Started process (PID=43565) to work on /home/leoja/airflow/airflow_venv/lib/python3.12/site-packages/airflow/example_dags/example_skip_dag.py
[2025-07-08T14:51:52.902+0200] {processor.py:830} INFO - Processing file /home/leoja/airflow/airflow_venv/lib/python3.12/site-packages/airflow/example_dags/example_skip_dag.py for tasks to queue
[2025-07-08T14:51:52.903+0200] {logging_mixin.py:188} INFO - [2025-07-08T14:51:52.903+0200] {dagbag.py:540} INFO - Filling up the DagBag from /home/leoja/airflow/airflow_venv/lib/python3.12/site-packages/airflow/example_dags/example_skip_dag.py
[2025-07-08T14:51:52.911+0200] {processor.py:840} INFO - DAG(s) 'example_skip_dag' retrieved from /home/leoja/airflow/airflow_venv/lib/python3.12/site-packages/airflow/example_dags/example_skip_dag.py
[2025-07-08T14:51:52.936+0200] {logging_mixin.py:188} INFO - [2025-07-08T14:51:52.936+0200] {dag.py:3096} INFO - Sync 1 DAGs
[2025-07-08T14:51:52.958+0200] {logging_mixin.py:188} INFO - [2025-07-08T14:51:52.958+0200] {dag.py:3954} INFO - Setting next_dagrun for example_skip_dag to 2025-07-07 00:00:00+00:00, run_after=2025-07-08 00:00:00+00:00
[2025-07-08T14:51:52.980+0200] {processor.py:183} INFO - Processing /home/leoja/airflow/airflow_venv/lib/python3.12/site-packages/airflow/example_dags/example_skip_dag.py took 0.086 seconds
[2025-07-08T16:00:04.327+0200] {processor.py:161} INFO - Started process (PID=44022) to work on /home/leoja/airflow/airflow_venv/lib/python3.12/site-packages/airflow/example_dags/example_skip_dag.py
[2025-07-08T16:00:04.329+0200] {processor.py:830} INFO - Processing file /home/leoja/airflow/airflow_venv/lib/python3.12/site-packages/airflow/example_dags/example_skip_dag.py for tasks to queue
[2025-07-08T16:00:04.331+0200] {logging_mixin.py:188} INFO - [2025-07-08T16:00:04.330+0200] {dagbag.py:540} INFO - Filling up the DagBag from /home/leoja/airflow/airflow_venv/lib/python3.12/site-packages/airflow/example_dags/example_skip_dag.py
[2025-07-08T16:00:04.342+0200] {processor.py:840} INFO - DAG(s) 'example_skip_dag' retrieved from /home/leoja/airflow/airflow_venv/lib/python3.12/site-packages/airflow/example_dags/example_skip_dag.py
[2025-07-08T16:00:04.378+0200] {logging_mixin.py:188} INFO - [2025-07-08T16:00:04.378+0200] {dag.py:3096} INFO - Sync 1 DAGs
[2025-07-08T16:00:04.421+0200] {logging_mixin.py:188} INFO - [2025-07-08T16:00:04.420+0200] {dag.py:3954} INFO - Setting next_dagrun for example_skip_dag to 2025-07-07 00:00:00+00:00, run_after=2025-07-08 00:00:00+00:00
[2025-07-08T16:00:04.495+0200] {processor.py:183} INFO - Processing /home/leoja/airflow/airflow_venv/lib/python3.12/site-packages/airflow/example_dags/example_skip_dag.py took 0.184 seconds
[2025-07-08T16:00:42.351+0200] {processor.py:161} INFO - Started process (PID=44226) to work on /home/leoja/airflow/airflow_venv/lib/python3.12/site-packages/airflow/example_dags/example_skip_dag.py
[2025-07-08T16:00:42.353+0200] {processor.py:830} INFO - Processing file /home/leoja/airflow/airflow_venv/lib/python3.12/site-packages/airflow/example_dags/example_skip_dag.py for tasks to queue
[2025-07-08T16:00:42.353+0200] {logging_mixin.py:188} INFO - [2025-07-08T16:00:42.353+0200] {dagbag.py:540} INFO - Filling up the DagBag from /home/leoja/airflow/airflow_venv/lib/python3.12/site-packages/airflow/example_dags/example_skip_dag.py
[2025-07-08T16:00:42.359+0200] {processor.py:840} INFO - DAG(s) 'example_skip_dag' retrieved from /home/leoja/airflow/airflow_venv/lib/python3.12/site-packages/airflow/example_dags/example_skip_dag.py
[2025-07-08T16:00:42.376+0200] {logging_mixin.py:188} INFO - [2025-07-08T16:00:42.375+0200] {dag.py:3096} INFO - Sync 1 DAGs
[2025-07-08T16:00:42.393+0200] {logging_mixin.py:188} INFO - [2025-07-08T16:00:42.393+0200] {dag.py:3954} INFO - Setting next_dagrun for example_skip_dag to 2025-07-07 00:00:00+00:00, run_after=2025-07-08 00:00:00+00:00
[2025-07-08T16:00:42.436+0200] {processor.py:183} INFO - Processing /home/leoja/airflow/airflow_venv/lib/python3.12/site-packages/airflow/example_dags/example_skip_dag.py took 0.090 seconds
[2025-07-08T16:01:39.553+0200] {processor.py:161} INFO - Started process (PID=44536) to work on /home/leoja/airflow/airflow_venv/lib/python3.12/site-packages/airflow/example_dags/example_skip_dag.py
[2025-07-08T16:01:39.554+0200] {processor.py:830} INFO - Processing file /home/leoja/airflow/airflow_venv/lib/python3.12/site-packages/airflow/example_dags/example_skip_dag.py for tasks to queue
[2025-07-08T16:01:39.555+0200] {logging_mixin.py:188} INFO - [2025-07-08T16:01:39.555+0200] {dagbag.py:540} INFO - Filling up the DagBag from /home/leoja/airflow/airflow_venv/lib/python3.12/site-packages/airflow/example_dags/example_skip_dag.py
[2025-07-08T16:01:39.562+0200] {processor.py:840} INFO - DAG(s) 'example_skip_dag' retrieved from /home/leoja/airflow/airflow_venv/lib/python3.12/site-packages/airflow/example_dags/example_skip_dag.py
[2025-07-08T16:01:39.584+0200] {logging_mixin.py:188} INFO - [2025-07-08T16:01:39.583+0200] {dag.py:3096} INFO - Sync 1 DAGs
[2025-07-08T16:01:39.603+0200] {logging_mixin.py:188} INFO - [2025-07-08T16:01:39.603+0200] {dag.py:3954} INFO - Setting next_dagrun for example_skip_dag to 2025-07-07 00:00:00+00:00, run_after=2025-07-08 00:00:00+00:00
[2025-07-08T16:01:39.640+0200] {processor.py:183} INFO - Processing /home/leoja/airflow/airflow_venv/lib/python3.12/site-packages/airflow/example_dags/example_skip_dag.py took 0.093 seconds
[2025-07-08T16:02:33.458+0200] {processor.py:161} INFO - Started process (PID=44811) to work on /home/leoja/airflow/airflow_venv/lib/python3.12/site-packages/airflow/example_dags/example_skip_dag.py
[2025-07-08T16:02:33.460+0200] {processor.py:830} INFO - Processing file /home/leoja/airflow/airflow_venv/lib/python3.12/site-packages/airflow/example_dags/example_skip_dag.py for tasks to queue
[2025-07-08T16:02:33.461+0200] {logging_mixin.py:188} INFO - [2025-07-08T16:02:33.460+0200] {dagbag.py:540} INFO - Filling up the DagBag from /home/leoja/airflow/airflow_venv/lib/python3.12/site-packages/airflow/example_dags/example_skip_dag.py
[2025-07-08T16:02:33.468+0200] {processor.py:840} INFO - DAG(s) 'example_skip_dag' retrieved from /home/leoja/airflow/airflow_venv/lib/python3.12/site-packages/airflow/example_dags/example_skip_dag.py
[2025-07-08T16:02:33.485+0200] {logging_mixin.py:188} INFO - [2025-07-08T16:02:33.485+0200] {dag.py:3096} INFO - Sync 1 DAGs
[2025-07-08T16:02:33.508+0200] {logging_mixin.py:188} INFO - [2025-07-08T16:02:33.508+0200] {dag.py:3954} INFO - Setting next_dagrun for example_skip_dag to 2025-07-07 00:00:00+00:00, run_after=2025-07-08 00:00:00+00:00
[2025-07-08T16:02:33.545+0200] {processor.py:183} INFO - Processing /home/leoja/airflow/airflow_venv/lib/python3.12/site-packages/airflow/example_dags/example_skip_dag.py took 0.093 seconds
[2025-07-08T16:03:29.774+0200] {processor.py:161} INFO - Started process (PID=45119) to work on /home/leoja/airflow/airflow_venv/lib/python3.12/site-packages/airflow/example_dags/example_skip_dag.py
[2025-07-08T16:03:29.775+0200] {processor.py:830} INFO - Processing file /home/leoja/airflow/airflow_venv/lib/python3.12/site-packages/airflow/example_dags/example_skip_dag.py for tasks to queue
[2025-07-08T16:03:29.776+0200] {logging_mixin.py:188} INFO - [2025-07-08T16:03:29.776+0200] {dagbag.py:540} INFO - Filling up the DagBag from /home/leoja/airflow/airflow_venv/lib/python3.12/site-packages/airflow/example_dags/example_skip_dag.py
[2025-07-08T16:03:29.783+0200] {processor.py:840} INFO - DAG(s) 'example_skip_dag' retrieved from /home/leoja/airflow/airflow_venv/lib/python3.12/site-packages/airflow/example_dags/example_skip_dag.py
[2025-07-08T16:03:29.799+0200] {logging_mixin.py:188} INFO - [2025-07-08T16:03:29.799+0200] {dag.py:3096} INFO - Sync 1 DAGs
[2025-07-08T16:03:29.816+0200] {logging_mixin.py:188} INFO - [2025-07-08T16:03:29.815+0200] {dag.py:3954} INFO - Setting next_dagrun for example_skip_dag to 2025-07-07 00:00:00+00:00, run_after=2025-07-08 00:00:00+00:00
[2025-07-08T16:03:29.836+0200] {processor.py:183} INFO - Processing /home/leoja/airflow/airflow_venv/lib/python3.12/site-packages/airflow/example_dags/example_skip_dag.py took 0.066 seconds
[2025-07-08T16:04:20.940+0200] {processor.py:161} INFO - Started process (PID=45425) to work on /home/leoja/airflow/airflow_venv/lib/python3.12/site-packages/airflow/example_dags/example_skip_dag.py
[2025-07-08T16:04:20.948+0200] {processor.py:830} INFO - Processing file /home/leoja/airflow/airflow_venv/lib/python3.12/site-packages/airflow/example_dags/example_skip_dag.py for tasks to queue
[2025-07-08T16:04:20.949+0200] {logging_mixin.py:188} INFO - [2025-07-08T16:04:20.949+0200] {dagbag.py:540} INFO - Filling up the DagBag from /home/leoja/airflow/airflow_venv/lib/python3.12/site-packages/airflow/example_dags/example_skip_dag.py
[2025-07-08T16:04:20.956+0200] {processor.py:840} INFO - DAG(s) 'example_skip_dag' retrieved from /home/leoja/airflow/airflow_venv/lib/python3.12/site-packages/airflow/example_dags/example_skip_dag.py
[2025-07-08T16:04:20.976+0200] {logging_mixin.py:188} INFO - [2025-07-08T16:04:20.975+0200] {dag.py:3096} INFO - Sync 1 DAGs
[2025-07-08T16:04:20.994+0200] {logging_mixin.py:188} INFO - [2025-07-08T16:04:20.994+0200] {dag.py:3954} INFO - Setting next_dagrun for example_skip_dag to 2025-07-07 00:00:00+00:00, run_after=2025-07-08 00:00:00+00:00
[2025-07-08T16:04:21.021+0200] {processor.py:183} INFO - Processing /home/leoja/airflow/airflow_venv/lib/python3.12/site-packages/airflow/example_dags/example_skip_dag.py took 0.087 seconds
[2025-07-08T16:05:16.929+0200] {processor.py:161} INFO - Started process (PID=45698) to work on /home/leoja/airflow/airflow_venv/lib/python3.12/site-packages/airflow/example_dags/example_skip_dag.py
[2025-07-08T16:05:16.930+0200] {processor.py:830} INFO - Processing file /home/leoja/airflow/airflow_venv/lib/python3.12/site-packages/airflow/example_dags/example_skip_dag.py for tasks to queue
[2025-07-08T16:05:16.931+0200] {logging_mixin.py:188} INFO - [2025-07-08T16:05:16.931+0200] {dagbag.py:540} INFO - Filling up the DagBag from /home/leoja/airflow/airflow_venv/lib/python3.12/site-packages/airflow/example_dags/example_skip_dag.py
[2025-07-08T16:05:16.939+0200] {processor.py:840} INFO - DAG(s) 'example_skip_dag' retrieved from /home/leoja/airflow/airflow_venv/lib/python3.12/site-packages/airflow/example_dags/example_skip_dag.py
[2025-07-08T16:05:16.956+0200] {logging_mixin.py:188} INFO - [2025-07-08T16:05:16.955+0200] {dag.py:3096} INFO - Sync 1 DAGs
[2025-07-08T16:05:16.972+0200] {logging_mixin.py:188} INFO - [2025-07-08T16:05:16.972+0200] {dag.py:3954} INFO - Setting next_dagrun for example_skip_dag to 2025-07-07 00:00:00+00:00, run_after=2025-07-08 00:00:00+00:00
[2025-07-08T16:05:16.993+0200] {processor.py:183} INFO - Processing /home/leoja/airflow/airflow_venv/lib/python3.12/site-packages/airflow/example_dags/example_skip_dag.py took 0.070 seconds
[2025-07-08T16:06:08.060+0200] {processor.py:161} INFO - Started process (PID=46004) to work on /home/leoja/airflow/airflow_venv/lib/python3.12/site-packages/airflow/example_dags/example_skip_dag.py
[2025-07-08T16:06:08.061+0200] {processor.py:830} INFO - Processing file /home/leoja/airflow/airflow_venv/lib/python3.12/site-packages/airflow/example_dags/example_skip_dag.py for tasks to queue
[2025-07-08T16:06:08.062+0200] {logging_mixin.py:188} INFO - [2025-07-08T16:06:08.062+0200] {dagbag.py:540} INFO - Filling up the DagBag from /home/leoja/airflow/airflow_venv/lib/python3.12/site-packages/airflow/example_dags/example_skip_dag.py
[2025-07-08T16:06:08.067+0200] {processor.py:840} INFO - DAG(s) 'example_skip_dag' retrieved from /home/leoja/airflow/airflow_venv/lib/python3.12/site-packages/airflow/example_dags/example_skip_dag.py
[2025-07-08T16:06:08.079+0200] {logging_mixin.py:188} INFO - [2025-07-08T16:06:08.079+0200] {dag.py:3096} INFO - Sync 1 DAGs
[2025-07-08T16:06:08.095+0200] {logging_mixin.py:188} INFO - [2025-07-08T16:06:08.095+0200] {dag.py:3954} INFO - Setting next_dagrun for example_skip_dag to 2025-07-07 00:00:00+00:00, run_after=2025-07-08 00:00:00+00:00
[2025-07-08T16:06:08.116+0200] {processor.py:183} INFO - Processing /home/leoja/airflow/airflow_venv/lib/python3.12/site-packages/airflow/example_dags/example_skip_dag.py took 0.061 seconds
