[2025-06-13T17:07:57.757+0200] {local_task_job_runner.py:120} INFO - ::group::Pre task execution logs
[2025-06-13T17:07:57.769+0200] {taskinstance.py:2073} INFO - Dependencies all met for dep_context=non-requeueable deps ti=<TaskInstance: macro_trading_dag.compute_assets_performance manual__2025-06-13T15:07:11.398972+00:00 [queued]>
[2025-06-13T17:07:57.773+0200] {taskinstance.py:2073} INFO - Dependencies all met for dep_context=requeueable deps ti=<TaskInstance: macro_trading_dag.compute_assets_performance manual__2025-06-13T15:07:11.398972+00:00 [queued]>
[2025-06-13T17:07:57.773+0200] {taskinstance.py:2303} INFO - Starting attempt 1 of 3
[2025-06-13T17:07:57.785+0200] {taskinstance.py:2327} INFO - Executing <Task(SparkSubmitOperator): compute_assets_performance> on 2025-06-13 15:07:11.398972+00:00
[2025-06-13T17:07:57.794+0200] {standard_task_runner.py:90} INFO - Running: ['airflow', 'tasks', 'run', 'macro_trading_dag', 'compute_assets_performance', 'manual__2025-06-13T15:07:11.398972+00:00', '--job-id', '526', '--raw', '--subdir', 'DAGS_FOLDER/macro_trading_dag.py', '--cfg-path', '/tmp/tmp4q7jjyau']
[2025-06-13T17:07:57.795+0200] {standard_task_runner.py:91} INFO - Job 526: Subtask compute_assets_performance
[2025-06-13T17:07:57.803+0200] {logging_mixin.py:188} WARNING - /home/leoja/airflow/airflow_venv/lib/python3.12/site-packages/airflow/task/task_runner/standard_task_runner.py:61 DeprecationWarning: This process (pid=475828) is multi-threaded, use of fork() may lead to deadlocks in the child.
[2025-06-13T17:07:57.803+0200] {standard_task_runner.py:63} INFO - Started process 475840 to run task
[2025-06-13T17:07:57.839+0200] {task_command.py:426} INFO - Running <TaskInstance: macro_trading_dag.compute_assets_performance manual__2025-06-13T15:07:11.398972+00:00 [running]> on host N15I711-16GR512.localdomain
[2025-06-13T17:07:57.896+0200] {taskinstance.py:2644} INFO - Exporting env vars: AIRFLOW_CTX_DAG_OWNER='airflow' AIRFLOW_CTX_DAG_ID='macro_trading_dag' AIRFLOW_CTX_TASK_ID='compute_assets_performance' AIRFLOW_CTX_EXECUTION_DATE='2025-06-13T15:07:11.398972+00:00' AIRFLOW_CTX_TRY_NUMBER='1' AIRFLOW_CTX_DAG_RUN_ID='manual__2025-06-13T15:07:11.398972+00:00'
[2025-06-13T17:07:57.897+0200] {taskinstance.py:430} INFO - ::endgroup::
[2025-06-13T17:07:57.901+0200] {base.py:84} INFO - Using connection ID 'spark_local' for task execution.
[2025-06-13T17:07:57.901+0200] {spark_submit.py:351} INFO - Spark-Submit cmd: spark-submit --master local[*] --conf spark.pyspark.python=/home/leoja/airflow_venv/bin/python --conf spark.pyspark.driver.python=/home/leoja/airflow_venv/bin/python --name compute_assets_performance /home/leoja/airflow/spark_jobs/compute_assets_performance.py /home/leoja/airflow/data/quadrants.parquet /home/leoja/airflow/data/Assets_daily.parquet /home/leoja/airflow/data/assets_performance_by_quadrant.parquet
[2025-06-13T17:07:59.112+0200] {spark_submit.py:521} INFO - 25/06/13 17:07:59 WARN Utils: Your hostname, N15I711-16GR512 resolves to a loopback address: 127.0.1.1; using 10.255.255.254 instead (on interface lo)
[2025-06-13T17:07:59.114+0200] {spark_submit.py:521} INFO - 25/06/13 17:07:59 WARN Utils: Set SPARK_LOCAL_IP if you need to bind to another address
[2025-06-13T17:08:00.892+0200] {spark_submit.py:521} INFO - [compute_assets_performance] Parquet écrit → /home/leoja/airflow/data/assets_performance_by_quadrant.parquet
[2025-06-13T17:08:00.897+0200] {spark_submit.py:521} INFO - [compute_assets_performance] CSV écrit     → /home/leoja/airflow/data/assets_performance_by_quadrant.csv
[2025-06-13T17:08:00.988+0200] {spark_submit.py:521} INFO - 25/06/13 17:08:00 INFO ShutdownHookManager: Shutdown hook called
[2025-06-13T17:08:00.988+0200] {spark_submit.py:521} INFO - 25/06/13 17:08:00 INFO ShutdownHookManager: Deleting directory /tmp/spark-1fed2620-3469-4a6e-9f42-3276305d7642
[2025-06-13T17:08:01.020+0200] {taskinstance.py:441} INFO - ::group::Post task execution logs
[2025-06-13T17:08:01.026+0200] {taskinstance.py:1205} INFO - Marking task as SUCCESS. dag_id=macro_trading_dag, task_id=compute_assets_performance, execution_date=20250613T150711, start_date=20250613T150757, end_date=20250613T150801
[2025-06-13T17:08:01.076+0200] {local_task_job_runner.py:240} INFO - Task exited with return code 0
[2025-06-13T17:08:01.091+0200] {taskinstance.py:3482} INFO - 1 downstream tasks scheduled from follow-on schedule check
[2025-06-13T17:08:01.098+0200] {local_task_job_runner.py:222} INFO - ::endgroup::
